2014-11-30 18:55:07.273362 	|	 VM_Task_12 	|	 0	|	138	|	13380	|	34.18

2014-11-30 18:55:13.714005 	|	 VM_Task_12 	|	 0	|	139	|	13380	|	0.00

2014-11-30 18:55:19.980165 	|	 VM_Task_12 	|	 0	|	151	|	13380	|	0.00

2014-11-30 18:55:26.320312 	|	 VM_Task_12 	|	 0	|	138	|	13380	|	0.00

2014-11-30 18:55:33.133428 	|	 VM_Task_12 	|	 0	|	151	|	13380	|	86.12

2014-11-30 18:55:39.500189 	|	 VM_Task_12 	|	 0	|	151	|	13380	|	0.00

2014-11-30 18:55:45.777157 	|	 VM_Task_12 	|	 0	|	138	|	13380	|	0.00

2014-11-30 18:55:52.425545 	|	 VM_Task_12 	|	 0	|	151	|	13380	|	1.41

2014-11-30 18:55:59.274830 	|	 VM_Task_12 	|	 0	|	147	|	13380	|	77.17

2014-11-30 18:56:05.966055 	|	 VM_Task_12 	|	 0	|	138	|	13380	|	0.00

2014-11-30 18:56:18.909117 	|	 VM_Task_12 	|	 0	|	153	|	13380	|	100.00

2014-11-30 18:56:25.380640 	|	 VM_Task_12 	|	 0	|	151	|	13380	|	0.00

2014-11-30 18:56:32.881359 	|	 VM_Task_12 	|	 0	|	139	|	13380	|	0.00

2014-11-30 18:56:47.419387 	|	 VM_Task_12 	|	 0	|	152	|	13380	|	102.14

2014-11-30 18:56:53.635737 	|	 VM_Task_12 	|	 0	|	153	|	13380	|	102.04

2014-11-30 18:56:59.852510 	|	 VM_Task_12 	|	 0	|	152	|	13380	|	101.01

2014-11-30 18:57:06.194980 	|	 VM_Task_12 	|	 0	|	138	|	13380	|	0.00

2014-11-30 18:57:25.230917 	|	 VM_Task_12 	|	 0	|	153	|	13380	|	101.01

2014-11-30 18:57:31.491319 	|	 VM_Task_12 	|	 0	|	138	|	13380	|	0.00

2014-11-30 18:57:40.680077 	|	 VM_Task_12 	|	 0	|	152	|	13380	|	75.05

2014-11-30 18:57:46.959881 	|	 VM_Task_12 	|	 0	|	138	|	13380	|	0.00

2014-11-30 18:57:54.130786 	|	 VM_Task_12 	|	 0	|	152	|	13380	|	84.80

2014-11-30 18:58:00.491236 	|	 VM_Task_12 	|	 0	|	148	|	13380	|	103.09

2014-11-30 18:58:07.815503 	|	 VM_Task_12 	|	 0	|	151	|	13380	|	0.00

2014-11-30 18:58:16.556928 	|	 VM_Task_12 	|	 0	|	138	|	13380	|	107.44

2014-11-30 18:58:24.707358 	|	 VM_Task_12 	|	 0	|	152	|	13380	|	39.19

2014-11-30 18:58:31.219114 	|	 VM_Task_12 	|	 0	|	138	|	13380	|	0.00

2014-11-30 18:58:52.442315 	|	 VM_Task_12 	|	 0	|	152	|	13380	|	102.04

2014-11-30 18:58:59.736829 	|	 VM_Task_12 	|	 0	|	138	|	13380	|	0.00

2014-11-30 18:59:21.332202 	|	 VM_Task_12 	|	 0	|	152	|	13380	|	101.01

2014-11-30 18:59:27.564398 	|	 VM_Task_12 	|	 0	|	153	|	13380	|	99.01

2014-11-30 18:59:33.778297 	|	 VM_Task_12 	|	 0	|	152	|	13380	|	101.01

2014-11-30 18:59:40.206109 	|	 VM_Task_12 	|	 0	|	151	|	13380	|	74.61

2014-11-30 18:59:46.580830 	|	 VM_Task_12 	|	 0	|	150	|	13380	|	105.26

2014-11-30 18:59:52.814865 	|	 VM_Task_12 	|	 0	|	153	|	13380	|	102.04

2014-11-30 18:59:59.036655 	|	 VM_Task_12 	|	 0	|	152	|	13380	|	101.01

2014-11-30 19:00:05.273840 	|	 VM_Task_12 	|	 0	|	152	|	13380	|	101.01

2014-11-30 19:00:11.514157 	|	 VM_Task_12 	|	 0	|	152	|	13380	|	90.81

2014-11-30 19:00:17.843694 	|	 VM_Task_12 	|	 0	|	138	|	13380	|	0.00

2014-11-30 19:00:24.343895 	|	 VM_Task_12 	|	 0	|	151	|	13380	|	104.17

2014-11-30 19:00:36.927059 	|	 VM_Task_12 	|	 0	|	152	|	13380	|	100.00

2014-11-30 19:00:43.186430 	|	 VM_Task_12 	|	 0	|	152	|	13380	|	102.04

2014-11-30 19:00:49.581932 	|	 VM_Task_12 	|	 0	|	138	|	13380	|	0.00

2014-11-30 19:01:11.674633 	|	 VM_Task_12 	|	 0	|	152	|	13380	|	99.60

2014-11-30 19:01:19.829609 	|	 VM_Task_12 	|	 0	|	139	|	13380	|	104.84

2014-11-30 19:01:27.340332 	|	 VM_Task_12 	|	 0	|	139	|	13380	|	7.68

2014-11-30 19:01:39.363070 	|	 VM_Task_12 	|	 0	|	153	|	13380	|	101.01

2014-11-30 19:01:45.582116 	|	 VM_Task_12 	|	 0	|	152	|	13380	|	0.00

2014-11-30 19:01:55.189705 	|	 VM_Task_12 	|	 0	|	139	|	13380	|	103.12

2014-11-30 19:02:02.709195 	|	 VM_Task_12 	|	 0	|	139	|	13380	|	18.30

2014-11-30 19:02:20.465723 	|	 VM_Task_12 	|	 0	|	153	|	13380	|	101.01

2014-11-30 19:02:26.696811 	|	 VM_Task_12 	|	 0	|	153	|	13380	|	100.00

2014-11-30 19:02:32.939420 	|	 VM_Task_12 	|	 0	|	153	|	13380	|	101.01

2014-11-30 19:02:39.185928 	|	 VM_Task_12 	|	 0	|	139	|	13380	|	0.00

2014-11-30 19:02:45.544391 	|	 VM_Task_12 	|	 0	|	150	|	13380	|	106.38

2014-11-30 19:02:51.817558 	|	 VM_Task_12 	|	 0	|	153	|	13380	|	102.04

2014-11-30 19:02:58.050941 	|	 VM_Task_12 	|	 0	|	153	|	13380	|	101.01

2014-11-30 19:03:04.693368 	|	 VM_Task_12 	|	 0	|	139	|	13380	|	0.00

2014-11-30 19:03:14.778646 	|	 VM_Task_12 	|	 0	|	150	|	13380	|	103.09

2014-11-30 19:03:25.704266 	|	 VM_Task_12 	|	 0	|	153	|	13380	|	100.10

2014-11-30 19:03:33.484828 	|	 VM_Task_12 	|	 0	|	139	|	13380	|	0.00

2014-11-30 19:03:51.675806 	|	 VM_Task_12 	|	 0	|	139	|	13380	|	0.00

2014-11-30 19:03:58.662050 	|	 VM_Task_12 	|	 0	|	152	|	13380	|	51.16

2014-11-30 19:04:08.790683 	|	 VM_Task_12 	|	 0	|	150	|	13380	|	103.09

2014-11-30 19:04:17.054220 	|	 VM_Task_12 	|	 0	|	152	|	13380	|	101.01

2014-11-30 19:04:25.682975 	|	 VM_Task_12 	|	 0	|	139	|	13380	|	101.44

2014-11-30 19:04:33.551448 	|	 VM_Task_12 	|	 0	|	151	|	13380	|	102.04

2014-11-30 19:04:40.179828 	|	 VM_Task_12 	|	 0	|	153	|	13380	|	101.11

2014-11-30 19:04:53.938442 	|	 VM_Task_12 	|	 0	|	153	|	13380	|	100.00

2014-11-30 19:05:00.168154 	|	 VM_Task_12 	|	 0	|	152	|	13380	|	100.00

2014-11-30 19:05:06.459373 	|	 VM_Task_12 	|	 0	|	139	|	13380	|	0.00

2014-11-30 19:05:35.524037 	|	 VM_Task_12 	|	 0	|	151	|	13380	|	102.14

2014-11-30 19:05:41.773972 	|	 VM_Task_12 	|	 0	|	139	|	13380	|	0.00

2014-11-30 19:05:48.158540 	|	 VM_Task_12 	|	 0	|	151	|	13380	|	103.09

2014-11-30 19:05:54.948594 	|	 VM_Task_12 	|	 0	|	153	|	13380	|	100.00

2014-11-30 19:06:01.679063 	|	 VM_Task_12 	|	 0	|	153	|	13380	|	101.01

2014-11-30 19:06:08.019642 	|	 VM_Task_12 	|	 0	|	153	|	13380	|	101.01

2014-11-30 19:06:14.451057 	|	 VM_Task_12 	|	 0	|	152	|	13380	|	82.66

2014-11-30 19:06:23.634167 	|	 VM_Task_12 	|	 0	|	149	|	13380	|	102.04

2014-11-30 19:06:30.047246 	|	 VM_Task_12 	|	 0	|	152	|	13380	|	101.01

2014-11-30 19:06:36.277389 	|	 VM_Task_12 	|	 0	|	153	|	13380	|	101.01

2014-11-30 19:06:42.503692 	|	 VM_Task_12 	|	 0	|	153	|	13380	|	100.00

2014-11-30 19:06:48.773520 	|	 VM_Task_12 	|	 0	|	153	|	13380	|	100.00

2014-11-30 19:06:55.028265 	|	 VM_Task_12 	|	 0	|	153	|	13380	|	101.01

2014-11-30 19:07:01.243492 	|	 VM_Task_12 	|	 0	|	153	|	13380	|	100.00

2014-11-30 19:07:10.050027 	|	 VM_Task_12 	|	 0	|	139	|	13380	|	99.30

2014-11-30 19:07:16.730620 	|	 VM_Task_12 	|	 0	|	139	|	13380	|	100.82

2014-11-30 19:07:25.348523 	|	 VM_Task_12 	|	 0	|	150	|	13380	|	102.04

2014-11-30 19:07:31.694005 	|	 VM_Task_12 	|	 0	|	153	|	13380	|	100.00

2014-11-30 19:07:37.906091 	|	 VM_Task_12 	|	 0	|	153	|	13380	|	100.00

2014-11-30 19:07:44.148151 	|	 VM_Task_12 	|	 0	|	153	|	13380	|	101.01

2014-11-30 19:07:50.373012 	|	 VM_Task_12 	|	 0	|	153	|	13380	|	101.01

2014-11-30 19:07:56.609924 	|	 VM_Task_12 	|	 0	|	152	|	13380	|	0.00

2014-11-30 19:08:02.857844 	|	 VM_Task_12 	|	 0	|	139	|	13380	|	0.00

2014-11-30 19:08:09.905062 	|	 VM_Task_12 	|	 0	|	150	|	13380	|	101.01

2014-11-30 19:08:21.281275 	|	 VM_Task_12 	|	 0	|	153	|	13380	|	101.11

2014-11-30 19:08:27.495189 	|	 VM_Task_12 	|	 0	|	153	|	13380	|	99.01

2014-11-30 19:08:33.709838 	|	 VM_Task_12 	|	 0	|	153	|	13380	|	101.01

2014-11-30 19:08:40.189105 	|	 VM_Task_12 	|	 0	|	152	|	13380	|	62.06

2014-11-30 19:08:46.632614 	|	 VM_Task_12 	|	 0	|	149	|	13380	|	104.17

2014-11-30 19:08:52.879875 	|	 VM_Task_12 	|	 0	|	153	|	13380	|	101.01

2014-11-30 19:08:59.112372 	|	 VM_Task_12 	|	 0	|	153	|	13380	|	101.01

2014-11-30 19:09:09.395706 	|	 VM_Task_12 	|	 0	|	152	|	13380	|	94.64

2014-11-30 19:09:16.779504 	|	 VM_Task_12 	|	 0	|	139	|	13380	|	11.33

2014-11-30 19:09:24.530332 	|	 VM_Task_12 	|	 0	|	150	|	13380	|	103.09

2014-11-30 19:09:30.984266 	|	 VM_Task_12 	|	 0	|	154	|	13380	|	101.01

2014-11-30 19:09:37.229141 	|	 VM_Task_12 	|	 0	|	154	|	13380	|	101.11

2014-11-30 19:09:43.450104 	|	 VM_Task_12 	|	 0	|	153	|	13380	|	101.01

2014-11-30 19:09:49.678553 	|	 VM_Task_12 	|	 0	|	153	|	13380	|	101.01

2014-11-30 19:09:56.552467 	|	 VM_Task_12 	|	 0	|	153	|	13380	|	101.01

2014-11-30 19:10:19.969071 	|	 VM_Task_12 	|	 0	|	139	|	13380	|	101.01

2014-11-30 19:10:26.818277 	|	 VM_Task_12 	|	 0	|	148	|	13380	|	101.01

2014-11-30 19:10:33.075999 	|	 VM_Task_12 	|	 0	|	152	|	13380	|	102.04

2014-11-30 19:10:40.032789 	|	 VM_Task_12 	|	 0	|	154	|	13380	|	101.01

2014-11-30 19:10:46.349858 	|	 VM_Task_12 	|	 0	|	153	|	13380	|	99.01

2014-11-30 19:10:52.566839 	|	 VM_Task_12 	|	 0	|	153	|	13380	|	101.01

2014-11-30 19:10:58.782762 	|	 VM_Task_12 	|	 0	|	152	|	13380	|	0.00

2014-11-30 19:11:05.043209 	|	 VM_Task_12 	|	 0	|	139	|	13380	|	0.00

2014-11-30 19:11:11.766322 	|	 VM_Task_12 	|	 0	|	152	|	13380	|	102.04

2014-11-30 19:11:17.987573 	|	 VM_Task_12 	|	 0	|	153	|	13380	|	101.01

2014-11-30 19:11:26.071336 	|	 VM_Task_12 	|	 0	|	153	|	13380	|	101.01

2014-11-30 19:11:32.289660 	|	 VM_Task_12 	|	 0	|	153	|	13380	|	100.00

2014-11-30 19:11:38.544433 	|	 VM_Task_12 	|	 0	|	139	|	13380	|	0.00

2014-11-30 19:11:45.501023 	|	 VM_Task_12 	|	 0	|	150	|	13380	|	102.04

2014-11-30 19:11:52.281578 	|	 VM_Task_12 	|	 0	|	154	|	13380	|	100.00

2014-11-30 19:11:59.007518 	|	 VM_Task_12 	|	 0	|	153	|	13380	|	100.00

2014-11-30 19:12:05.235907 	|	 VM_Task_12 	|	 0	|	153	|	13380	|	101.01

2014-11-30 19:12:20.015933 	|	 VM_Task_12 	|	 0	|	139	|	13380	|	101.12

2014-11-30 19:12:26.630847 	|	 VM_Task_12 	|	 0	|	139	|	13380	|	28.16

2014-11-30 19:12:35.539469 	|	 VM_Task_12 	|	 0	|	150	|	13380	|	101.11

2014-11-30 19:12:42.163910 	|	 VM_Task_12 	|	 0	|	152	|	13380	|	102.04

2014-11-30 19:12:48.378504 	|	 VM_Task_12 	|	 0	|	154	|	13380	|	100.00

2014-11-30 19:12:54.606966 	|	 VM_Task_12 	|	 0	|	153	|	13380	|	101.01

2014-11-30 19:13:06.156393 	|	 VM_Task_12 	|	 0	|	153	|	13380	|	100.00

2014-11-30 19:13:12.383987 	|	 VM_Task_12 	|	 0	|	153	|	13380	|	101.01

2014-11-30 19:13:18.605575 	|	 VM_Task_12 	|	 0	|	153	|	13380	|	100.00

2014-11-30 19:13:24.846584 	|	 VM_Task_12 	|	 0	|	139	|	13380	|	0.00

2014-11-30 19:13:31.304648 	|	 VM_Task_12 	|	 0	|	151	|	13380	|	103.09

2014-11-30 19:13:37.585161 	|	 VM_Task_12 	|	 0	|	153	|	13380	|	102.04

2014-11-30 19:13:44.372330 	|	 VM_Task_12 	|	 0	|	153	|	13380	|	100.00

2014-11-30 19:13:50.596870 	|	 VM_Task_12 	|	 0	|	153	|	13380	|	101.01

2014-11-30 19:13:56.978263 	|	 VM_Task_12 	|	 0	|	152	|	13380	|	80.00

2014-11-30 19:14:03.932082 	|	 VM_Task_12 	|	 0	|	149	|	13380	|	103.09

2014-11-30 19:14:11.672571 	|	 VM_Task_12 	|	 0	|	154	|	13380	|	100.00

2014-11-30 19:14:17.905048 	|	 VM_Task_12 	|	 0	|	153	|	13380	|	101.11

2014-11-30 19:14:24.323808 	|	 VM_Task_12 	|	 0	|	153	|	13380	|	102.04

2014-11-30 19:14:32.427553 	|	 VM_Task_12 	|	 0	|	139	|	13380	|	100.30

2014-11-30 19:14:38.989021 	|	 VM_Task_12 	|	 0	|	149	|	13380	|	103.09

2014-11-30 19:14:45.266514 	|	 VM_Task_12 	|	 0	|	154	|	13380	|	101.11

2014-11-30 19:14:51.504573 	|	 VM_Task_12 	|	 0	|	152	|	13380	|	100.00

2014-11-30 19:14:57.732237 	|	 VM_Task_12 	|	 0	|	153	|	13380	|	100.00

2014-11-30 19:15:03.948096 	|	 VM_Task_12 	|	 0	|	153	|	13380	|	100.00

2014-11-30 19:15:11.324375 	|	 VM_Task_12 	|	 0	|	152	|	13380	|	0.00

2014-11-30 19:15:25.328658 	|	 VM_Task_12 	|	 0	|	139	|	13380	|	101.01

2014-11-30 19:15:31.553501 	|	 VM_Task_12 	|	 0	|	139	|	13380	|	101.01

2014-11-30 19:15:37.773728 	|	 VM_Task_12 	|	 0	|	139	|	13380	|	100.40

2014-11-30 19:15:45.261982 	|	 VM_Task_12 	|	 0	|	139	|	13380	|	101.01

2014-11-30 19:15:51.989548 	|	 VM_Task_12 	|	 0	|	139	|	13380	|	100.40

2014-11-30 19:15:58.381362 	|	 VM_Task_12 	|	 0	|	151	|	13380	|	104.17

2014-11-30 19:16:17.039567 	|	 VM_Task_12 	|	 0	|	153	|	13380	|	100.10

2014-11-30 19:16:23.253694 	|	 VM_Task_12 	|	 0	|	153	|	13380	|	101.01

2014-11-30 19:16:29.616243 	|	 VM_Task_12 	|	 0	|	152	|	13380	|	92.95

2014-11-30 19:16:36.046388 	|	 VM_Task_12 	|	 0	|	149	|	13380	|	102.04

2014-11-30 19:16:42.250499 	|	 VM_Task_12 	|	 0	|	153	|	13380	|	101.01

2014-11-30 19:16:48.473753 	|	 VM_Task_12 	|	 0	|	153	|	13380	|	100.00

2014-11-30 19:16:55.634005 	|	 VM_Task_12 	|	 0	|	153	|	13380	|	101.01

2014-11-30 19:17:01.858142 	|	 VM_Task_12 	|	 0	|	152	|	13380	|	17.35

2014-11-30 19:17:08.124465 	|	 VM_Task_12 	|	 0	|	139	|	13380	|	0.00

2014-11-30 19:17:14.566084 	|	 VM_Task_12 	|	 0	|	151	|	13380	|	103.09

2014-11-30 19:17:20.852236 	|	 VM_Task_12 	|	 0	|	154	|	13380	|	100.00

2014-11-30 19:17:27.086957 	|	 VM_Task_12 	|	 0	|	154	|	13380	|	100.00

2014-11-30 19:17:33.458798 	|	 VM_Task_12 	|	 0	|	154	|	13380	|	100.00

2014-11-30 19:17:39.677717 	|	 VM_Task_12 	|	 0	|	154	|	13380	|	101.01

2014-11-30 19:17:45.909364 	|	 VM_Task_12 	|	 0	|	154	|	13380	|	101.01

2014-11-30 19:17:53.880330 	|	 VM_Task_12 	|	 0	|	140	|	13380	|	102.14

2014-11-30 19:18:00.416022 	|	 VM_Task_12 	|	 0	|	141	|	13380	|	101.63

2014-11-30 19:18:13.189321 	|	 VM_Task_12 	|	 0	|	152	|	13380	|	102.04

2014-11-30 19:18:20.182017 	|	 VM_Task_12 	|	 0	|	155	|	13380	|	101.01

2014-11-30 19:18:26.407635 	|	 VM_Task_12 	|	 0	|	156	|	13380	|	101.01

2014-11-30 19:18:32.622478 	|	 VM_Task_12 	|	 0	|	156	|	13380	|	101.01

2014-11-30 19:18:38.847519 	|	 VM_Task_12 	|	 0	|	156	|	13380	|	101.01

2014-11-30 19:18:46.031311 	|	 VM_Task_12 	|	 0	|	156	|	13380	|	101.01

2014-11-30 19:18:53.490754 	|	 VM_Task_12 	|	 0	|	156	|	13380	|	101.01

2014-11-30 19:19:01.396123 	|	 VM_Task_12 	|	 0	|	155	|	13380	|	100.82

2014-11-30 19:19:19.775062 	|	 VM_Task_12 	|	 0	|	150	|	13380	|	101.01

2014-11-30 19:19:26.090952 	|	 VM_Task_12 	|	 0	|	154	|	13380	|	100.00

2014-11-30 19:19:32.295338 	|	 VM_Task_12 	|	 0	|	154	|	13380	|	102.04

2014-11-30 19:19:38.541915 	|	 VM_Task_12 	|	 0	|	153	|	13380	|	100.00

2014-11-30 19:19:44.844049 	|	 VM_Task_12 	|	 0	|	152	|	13380	|	0.00

2014-11-30 19:19:51.508868 	|	 VM_Task_12 	|	 0	|	147	|	13380	|	101.01

2014-11-30 19:19:57.757692 	|	 VM_Task_12 	|	 0	|	151	|	13380	|	102.14

2014-11-30 19:20:04.030459 	|	 VM_Task_12 	|	 0	|	153	|	13380	|	101.01

2014-11-30 19:20:10.268616 	|	 VM_Task_12 	|	 0	|	153	|	13380	|	101.01

2014-11-30 19:20:24.717088 	|	 VM_Task_12 	|	 0	|	153	|	13380	|	100.00

2014-11-30 19:20:31.123247 	|	 VM_Task_12 	|	 0	|	153	|	13380	|	100.00

2014-11-30 19:20:38.082733 	|	 VM_Task_12 	|	 0	|	152	|	13380	|	99.00

2014-11-30 19:20:50.822085 	|	 VM_Task_12 	|	 0	|	139	|	13380	|	101.24

2014-11-30 19:21:00.772562 	|	 VM_Task_12 	|	 0	|	148	|	13380	|	101.01

2014-11-30 19:21:07.145632 	|	 VM_Task_12 	|	 0	|	152	|	13380	|	101.01

2014-11-30 19:21:13.359596 	|	 VM_Task_12 	|	 0	|	153	|	13380	|	101.01

2014-11-30 19:21:19.607871 	|	 VM_Task_12 	|	 0	|	153	|	13380	|	101.01

2014-11-30 19:21:40.945692 	|	 VM_Task_12 	|	 0	|	153	|	13380	|	101.01

2014-11-30 19:21:48.908638 	|	 VM_Task_12 	|	 0	|	153	|	13380	|	100.00

2014-11-30 19:21:56.218609 	|	 VM_Task_12 	|	 0	|	139	|	13380	|	0.00

2014-11-30 19:22:03.490104 	|	 VM_Task_12 	|	 0	|	151	|	13380	|	102.04

2014-11-30 19:22:09.709977 	|	 VM_Task_12 	|	 0	|	153	|	13380	|	101.01

2014-11-30 19:22:16.040489 	|	 VM_Task_12 	|	 0	|	153	|	13380	|	101.01

2014-11-30 19:22:22.274194 	|	 VM_Task_12 	|	 0	|	152	|	13380	|	102.04

2014-11-30 19:22:28.488696 	|	 VM_Task_12 	|	 0	|	153	|	13380	|	102.04

2014-11-30 19:22:34.739352 	|	 VM_Task_12 	|	 0	|	139	|	13380	|	0.00

2014-11-30 19:22:41.695253 	|	 VM_Task_12 	|	 0	|	150	|	13380	|	102.14

2014-11-30 19:22:48.421350 	|	 VM_Task_12 	|	 0	|	153	|	13380	|	102.04

2014-11-30 19:22:54.663279 	|	 VM_Task_12 	|	 0	|	139	|	13380	|	0.00

2014-11-30 19:23:04.219601 	|	 VM_Task_12 	|	 0	|	153	|	13380	|	100.00

2014-11-30 19:23:19.488350 	|	 VM_Task_12 	|	 0	|	139	|	13380	|	100.10

2014-11-30 19:23:26.296804 	|	 VM_Task_12 	|	 0	|	153	|	13380	|	102.04

2014-11-30 19:23:34.335588 	|	 VM_Task_12 	|	 0	|	139	|	13380	|	115.75

2014-11-30 19:23:42.538530 	|	 VM_Task_12 	|	 0	|	149	|	13380	|	103.09

2014-11-30 19:23:49.515059 	|	 VM_Task_12 	|	 0	|	154	|	13380	|	101.01

2014-11-30 19:23:57.625978 	|	 VM_Task_12 	|	 0	|	153	|	13380	|	101.11

2014-11-30 19:24:13.009767 	|	 VM_Task_12 	|	 0	|	139	|	13380	|	104.00

2014-11-30 19:24:20.012438 	|	 VM_Task_12 	|	 0	|	139	|	13380	|	101.63

2014-11-30 19:24:26.232190 	|	 VM_Task_12 	|	 0	|	139	|	13380	|	103.20

2014-11-30 19:24:33.074434 	|	 VM_Task_12 	|	 0	|	139	|	13380	|	0.00

2014-11-30 19:24:43.741296 	|	 VM_Task_12 	|	 0	|	151	|	13380	|	103.09

2014-11-30 19:24:49.960154 	|	 VM_Task_12 	|	 0	|	153	|	13380	|	100.00

2014-11-30 19:24:56.187267 	|	 VM_Task_12 	|	 0	|	153	|	13380	|	101.01

2014-11-30 19:25:02.407237 	|	 VM_Task_12 	|	 0	|	153	|	13380	|	101.01

2014-11-30 19:25:08.632605 	|	 VM_Task_12 	|	 0	|	153	|	13380	|	101.01

2014-11-30 19:25:15.115543 	|	 VM_Task_12 	|	 0	|	139	|	13380	|	0.00

2014-11-30 19:25:21.683203 	|	 VM_Task_12 	|	 0	|	150	|	13380	|	101.01

2014-11-30 19:25:37.257237 	|	 VM_Task_12 	|	 0	|	152	|	13380	|	100.00

2014-11-30 19:25:43.485658 	|	 VM_Task_12 	|	 0	|	153	|	13380	|	100.00

2014-11-30 19:25:49.717899 	|	 VM_Task_12 	|	 0	|	153	|	13380	|	101.01

2014-11-30 19:25:55.938330 	|	 VM_Task_12 	|	 0	|	152	|	13380	|	0.10

2014-11-30 19:26:02.274022 	|	 VM_Task_12 	|	 0	|	139	|	13380	|	0.00

2014-11-30 19:26:09.138604 	|	 VM_Task_12 	|	 0	|	150	|	13380	|	102.04

2014-11-30 19:26:15.387826 	|	 VM_Task_12 	|	 0	|	154	|	13380	|	100.10

2014-11-30 19:26:21.610635 	|	 VM_Task_12 	|	 0	|	153	|	13380	|	100.00

2014-11-30 19:26:29.505122 	|	 VM_Task_12 	|	 0	|	153	|	13380	|	100.00

2014-11-30 19:26:35.739121 	|	 VM_Task_12 	|	 0	|	153	|	13380	|	101.01

2014-11-30 19:26:46.415896 	|	 VM_Task_12 	|	 0	|	139	|	13380	|	100.81

2014-11-30 19:26:53.018192 	|	 VM_Task_12 	|	 0	|	139	|	13380	|	61.73

2014-11-30 19:27:16.715168 	|	 VM_Task_12 	|	 0	|	151	|	13380	|	101.01

2014-11-30 19:27:22.927932 	|	 VM_Task_12 	|	 0	|	154	|	13380	|	100.00

2014-11-30 19:27:29.135514 	|	 VM_Task_12 	|	 0	|	154	|	13380	|	100.00

2014-11-30 19:27:35.367923 	|	 VM_Task_12 	|	 0	|	153	|	13380	|	101.01

2014-11-30 19:27:41.595783 	|	 VM_Task_12 	|	 0	|	153	|	13380	|	100.10

2014-11-30 19:27:48.822233 	|	 VM_Task_12 	|	 0	|	152	|	13380	|	72.93

2014-11-30 19:27:55.419247 	|	 VM_Task_12 	|	 0	|	149	|	13380	|	103.09

2014-11-30 19:28:01.696105 	|	 VM_Task_12 	|	 0	|	152	|	13380	|	101.01

2014-11-30 19:28:21.778198 	|	 VM_Task_12 	|	 0	|	153	|	13380	|	101.01

2014-11-30 19:28:28.003603 	|	 VM_Task_12 	|	 0	|	153	|	13380	|	99.01

2014-11-30 19:28:34.633386 	|	 VM_Task_12 	|	 0	|	139	|	13380	|	0.00

2014-11-30 19:28:41.200246 	|	 VM_Task_12 	|	 0	|	149	|	13380	|	100.00

2014-11-30 19:28:47.458661 	|	 VM_Task_12 	|	 0	|	152	|	13380	|	102.14

2014-11-30 19:28:54.933787 	|	 VM_Task_12 	|	 0	|	153	|	13380	|	100.00

2014-11-30 19:29:01.156083 	|	 VM_Task_12 	|	 0	|	153	|	13380	|	100.00

2014-11-30 19:29:07.372666 	|	 VM_Task_12 	|	 0	|	153	|	13380	|	100.10

2014-11-30 19:29:13.731908 	|	 VM_Task_12 	|	 0	|	152	|	13380	|	4.65

2014-11-30 19:29:19.995257 	|	 VM_Task_12 	|	 0	|	139	|	13380	|	0.00

2014-11-30 19:29:28.065665 	|	 VM_Task_12 	|	 0	|	149	|	13380	|	103.09

2014-11-30 19:29:34.365548 	|	 VM_Task_12 	|	 0	|	153	|	13380	|	101.01

2014-11-30 19:29:40.588786 	|	 VM_Task_12 	|	 0	|	153	|	13380	|	99.01

2014-11-30 19:29:48.000528 	|	 VM_Task_12 	|	 0	|	153	|	13380	|	100.00

2014-11-30 19:29:54.218384 	|	 VM_Task_12 	|	 0	|	153	|	13380	|	99.01

2014-11-30 19:30:01.174418 	|	 VM_Task_12 	|	 0	|	153	|	13380	|	101.01

2014-11-30 19:30:07.434123 	|	 VM_Task_12 	|	 0	|	153	|	13380	|	100.10

2014-11-30 19:30:16.534375 	|	 VM_Task_12 	|	 0	|	153	|	13380	|	99.01

2014-11-30 19:30:27.100943 	|	 VM_Task_12 	|	 0	|	139	|	13380	|	101.63

2014-11-30 19:30:33.591527 	|	 VM_Task_12 	|	 0	|	139	|	13380	|	100.10

2014-11-30 19:30:40.400534 	|	 VM_Task_12 	|	 0	|	148	|	13380	|	102.04

2014-11-30 19:30:49.118585 	|	 VM_Task_12 	|	 0	|	151	|	13380	|	102.04

2014-11-30 19:30:55.346306 	|	 VM_Task_12 	|	 0	|	153	|	13380	|	100.00

2014-11-30 19:31:01.582756 	|	 VM_Task_12 	|	 0	|	153	|	13380	|	100.00

2014-11-30 19:31:08.035285 	|	 VM_Task_12 	|	 0	|	153	|	13380	|	101.01

2014-11-30 19:31:14.261211 	|	 VM_Task_12 	|	 0	|	152	|	13380	|	58.38

2014-11-30 19:31:21.902364 	|	 VM_Task_12 	|	 0	|	139	|	13380	|	99.90

2014-11-30 19:31:30.000716 	|	 VM_Task_12 	|	 0	|	139	|	13380	|	59.19

2014-11-30 19:31:37.775548 	|	 VM_Task_12 	|	 0	|	151	|	13380	|	102.04

2014-11-30 19:31:54.506124 	|	 VM_Task_12 	|	 0	|	153	|	13380	|	100.00

2014-11-30 19:32:01.021456 	|	 VM_Task_12 	|	 0	|	153	|	13380	|	102.04

2014-11-30 19:32:07.262505 	|	 VM_Task_12 	|	 0	|	153	|	13380	|	102.04

2014-11-30 19:32:13.823627 	|	 VM_Task_12 	|	 0	|	152	|	13380	|	73.30

2014-11-30 19:32:20.307777 	|	 VM_Task_12 	|	 0	|	149	|	13380	|	103.09

2014-11-30 19:32:26.615937 	|	 VM_Task_12 	|	 0	|	151	|	13380	|	102.04

2014-11-30 19:32:34.113146 	|	 VM_Task_12 	|	 0	|	154	|	13380	|	100.00

2014-11-30 19:32:44.489487 	|	 VM_Task_12 	|	 0	|	153	|	13380	|	101.01

2014-11-30 19:32:57.106443 	|	 VM_Task_12 	|	 0	|	150	|	13380	|	101.01

2014-11-30 19:33:03.552143 	|	 VM_Task_12 	|	 0	|	153	|	13380	|	100.10

2014-11-30 19:33:09.773647 	|	 VM_Task_12 	|	 0	|	154	|	13380	|	101.01

2014-11-30 19:33:15.986986 	|	 VM_Task_12 	|	 0	|	154	|	13380	|	99.01

2014-11-30 19:33:22.216384 	|	 VM_Task_12 	|	 0	|	153	|	13380	|	101.01

2014-11-30 19:33:40.661204 	|	 VM_Task_12 	|	 0	|	153	|	13380	|	100.00

2014-11-30 19:33:46.903442 	|	 VM_Task_12 	|	 0	|	153	|	13380	|	101.01

2014-11-30 19:33:53.722467 	|	 VM_Task_12 	|	 0	|	152	|	13380	|	18.99

2014-11-30 19:34:00.506349 	|	 VM_Task_12 	|	 0	|	149	|	13380	|	102.04

2014-11-30 19:34:07.317977 	|	 VM_Task_12 	|	 0	|	152	|	13380	|	103.09

2014-11-30 19:34:15.228801 	|	 VM_Task_12 	|	 0	|	154	|	13380	|	100.00

2014-11-30 19:34:21.458856 	|	 VM_Task_12 	|	 0	|	153	|	13380	|	101.01

2014-11-30 19:34:27.725571 	|	 VM_Task_12 	|	 0	|	153	|	13380	|	101.01

2014-11-30 19:34:33.962982 	|	 VM_Task_12 	|	 0	|	153	|	13380	|	100.00

2014-11-30 19:34:40.186589 	|	 VM_Task_12 	|	 0	|	152	|	13380	|	0.00

2014-11-30 19:34:46.437282 	|	 VM_Task_12 	|	 0	|	139	|	13380	|	0.00

2014-11-30 19:34:53.007588 	|	 VM_Task_12 	|	 0	|	150	|	13380	|	103.09

2014-11-30 19:35:08.761505 	|	 VM_Task_12 	|	 0	|	152	|	13380	|	101.01

2014-11-30 19:35:14.984264 	|	 VM_Task_12 	|	 0	|	154	|	13380	|	100.00

2014-11-30 19:35:21.210812 	|	 VM_Task_12 	|	 0	|	153	|	13380	|	100.00

2014-11-30 19:35:27.483592 	|	 VM_Task_12 	|	 0	|	153	|	13380	|	101.01

2014-11-30 19:35:34.344638 	|	 VM_Task_12 	|	 0	|	152	|	13380	|	58.12

2014-11-30 19:35:40.867710 	|	 VM_Task_12 	|	 0	|	149	|	13380	|	103.09

2014-11-30 19:35:47.338490 	|	 VM_Task_12 	|	 0	|	152	|	13380	|	102.04

2014-11-30 19:35:53.563874 	|	 VM_Task_12 	|	 0	|	154	|	13380	|	101.11

2014-11-30 19:36:00.474175 	|	 VM_Task_12 	|	 0	|	153	|	13380	|	99.01

2014-11-30 19:36:09.405530 	|	 VM_Task_12 	|	 0	|	153	|	13380	|	101.01

2014-11-30 19:36:15.773277 	|	 VM_Task_12 	|	 0	|	153	|	13380	|	101.01

2014-11-30 19:36:22.111586 	|	 VM_Task_12 	|	 0	|	153	|	13380	|	101.01

2014-11-30 19:36:29.043554 	|	 VM_Task_12 	|	 0	|	152	|	13380	|	13.43

2014-11-30 19:36:36.082684 	|	 VM_Task_12 	|	 0	|	149	|	13380	|	102.04

2014-11-30 19:36:42.813072 	|	 VM_Task_12 	|	 0	|	151	|	13380	|	102.04

2014-11-30 19:36:49.732057 	|	 VM_Task_12 	|	 0	|	154	|	13380	|	99.01

2014-11-30 19:36:55.961695 	|	 VM_Task_12 	|	 0	|	153	|	13380	|	101.01

2014-11-30 19:37:02.199251 	|	 VM_Task_12 	|	 0	|	153	|	13380	|	102.04

2014-11-30 19:37:09.321170 	|	 VM_Task_12 	|	 0	|	152	|	13380	|	87.50

2014-11-30 19:37:17.589180 	|	 VM_Task_12 	|	 0	|	149	|	13380	|	100.00

2014-11-30 19:37:23.948255 	|	 VM_Task_12 	|	 0	|	151	|	13380	|	101.11

2014-11-30 19:37:31.109248 	|	 VM_Task_12 	|	 0	|	152	|	13380	|	102.04

2014-11-30 19:37:49.473915 	|	 VM_Task_12 	|	 0	|	153	|	13380	|	100.00

2014-11-30 19:37:55.706699 	|	 VM_Task_12 	|	 0	|	152	|	13380	|	102.04

2014-11-30 19:38:02.536461 	|	 VM_Task_12 	|	 0	|	152	|	13380	|	56.20

2014-11-30 19:38:09.370597 	|	 VM_Task_12 	|	 0	|	139	|	13380	|	31.62

2014-11-30 19:38:18.592686 	|	 VM_Task_12 	|	 0	|	150	|	13380	|	101.01

2014-11-30 19:38:25.034425 	|	 VM_Task_12 	|	 0	|	151	|	13380	|	103.09

2014-11-30 19:38:32.004074 	|	 VM_Task_12 	|	 0	|	152	|	13380	|	100.00

2014-11-30 19:38:44.830497 	|	 VM_Task_12 	|	 0	|	153	|	13380	|	101.01

2014-11-30 19:38:51.094781 	|	 VM_Task_12 	|	 0	|	153	|	13380	|	99.11

2014-11-30 19:38:57.854311 	|	 VM_Task_12 	|	 0	|	152	|	13380	|	28.00

2014-11-30 19:39:04.921185 	|	 VM_Task_12 	|	 0	|	139	|	13380	|	51.50

2014-11-30 19:39:12.922825 	|	 VM_Task_12 	|	 0	|	150	|	13380	|	101.01

2014-11-30 19:39:20.767439 	|	 VM_Task_12 	|	 0	|	153	|	13380	|	101.01

2014-11-30 19:39:34.540769 	|	 VM_Task_12 	|	 0	|	153	|	13380	|	100.00

2014-11-30 19:39:40.858147 	|	 VM_Task_12 	|	 0	|	153	|	13380	|	100.00

2014-11-30 19:39:48.425559 	|	 VM_Task_12 	|	 0	|	139	|	13380	|	19.39

2014-11-30 19:39:54.915328 	|	 VM_Task_12 	|	 0	|	150	|	13380	|	103.09

2014-11-30 19:40:01.399214 	|	 VM_Task_12 	|	 0	|	153	|	13380	|	101.01

2014-11-30 19:40:07.672686 	|	 VM_Task_12 	|	 0	|	153	|	13380	|	99.01

2014-11-30 19:40:15.742053 	|	 VM_Task_12 	|	 0	|	153	|	13380	|	99.01

2014-11-30 19:40:22.072449 	|	 VM_Task_12 	|	 0	|	153	|	13380	|	101.01

2014-11-30 19:40:28.297266 	|	 VM_Task_12 	|	 0	|	153	|	13380	|	101.01

2014-11-30 19:40:43.581664 	|	 VM_Task_12 	|	 0	|	153	|	13380	|	100.00

2014-11-30 19:40:49.795069 	|	 VM_Task_12 	|	 0	|	153	|	13380	|	100.00

2014-11-30 19:40:56.026429 	|	 VM_Task_12 	|	 0	|	153	|	13380	|	100.00

2014-11-30 19:41:02.311639 	|	 VM_Task_12 	|	 0	|	139	|	13380	|	0.00

2014-11-30 19:41:08.853259 	|	 VM_Task_12 	|	 0	|	150	|	13380	|	102.04

2014-11-30 19:41:16.395954 	|	 VM_Task_12 	|	 0	|	153	|	13380	|	100.00

2014-11-30 19:41:22.626146 	|	 VM_Task_12 	|	 0	|	153	|	13380	|	101.01

2014-11-30 19:41:29.412854 	|	 VM_Task_12 	|	 0	|	153	|	13380	|	101.01

2014-11-30 19:41:35.624940 	|	 VM_Task_12 	|	 0	|	153	|	13380	|	99.01

2014-11-30 19:41:41.841646 	|	 VM_Task_12 	|	 0	|	152	|	13380	|	101.01

2014-11-30 19:41:48.104734 	|	 VM_Task_12 	|	 0	|	138	|	13380	|	0.00

2014-11-30 19:41:54.653887 	|	 VM_Task_12 	|	 0	|	150	|	13380	|	105.37

2014-11-30 19:42:06.060938 	|	 VM_Task_12 	|	 0	|	153	|	13380	|	101.01

2014-11-30 19:42:12.742990 	|	 VM_Task_12 	|	 0	|	153	|	13380	|	101.01

2014-11-30 19:42:18.980058 	|	 VM_Task_12 	|	 0	|	153	|	13380	|	100.00

2014-11-30 19:42:25.450144 	|	 VM_Task_12 	|	 0	|	153	|	13380	|	100.00

2014-11-30 19:42:31.669081 	|	 VM_Task_12 	|	 0	|	153	|	13380	|	100.00

2014-11-30 19:42:37.890109 	|	 VM_Task_12 	|	 0	|	153	|	13380	|	100.00

2014-11-30 19:42:45.203819 	|	 VM_Task_12 	|	 0	|	152	|	13380	|	0.00

2014-11-30 19:42:52.348042 	|	 VM_Task_12 	|	 0	|	139	|	13380	|	0.00

2014-11-30 19:43:00.426091 	|	 VM_Task_12 	|	 0	|	149	|	13380	|	108.70

2014-11-30 19:43:23.882740 	|	 VM_Task_12 	|	 0	|	153	|	13380	|	99.11

2014-11-30 19:43:30.717715 	|	 VM_Task_12 	|	 0	|	152	|	13380	|	34.90

2014-11-30 19:43:37.434848 	|	 VM_Task_12 	|	 0	|	148	|	13380	|	103.09

2014-11-30 19:43:45.795879 	|	 VM_Task_12 	|	 0	|	152	|	13380	|	102.04

2014-11-30 19:43:52.014865 	|	 VM_Task_12 	|	 0	|	153	|	13380	|	100.00

2014-11-30 19:43:58.251456 	|	 VM_Task_12 	|	 0	|	153	|	13380	|	100.00

2014-11-30 19:44:04.505821 	|	 VM_Task_12 	|	 0	|	153	|	13380	|	102.04

2014-11-30 19:44:10.738251 	|	 VM_Task_12 	|	 0	|	153	|	13380	|	100.00

2014-11-30 19:44:16.949168 	|	 VM_Task_12 	|	 0	|	153	|	13380	|	101.01

2014-11-30 19:44:23.177857 	|	 VM_Task_12 	|	 0	|	152	|	13380	|	0.00

2014-11-30 19:44:32.279524 	|	 VM_Task_12 	|	 0	|	139	|	13380	|	101.94

2014-11-30 19:44:59.627193 	|	 VM_Task_12 	|	 0	|	150	|	13380	|	102.04

2014-11-30 19:45:13.723586 	|	 VM_Task_12 	|	 0	|	153	|	13380	|	100.00

2014-11-30 19:45:20.044717 	|	 VM_Task_12 	|	 0	|	152	|	13380	|	0.00

2014-11-30 19:45:26.625830 	|	 VM_Task_12 	|	 0	|	139	|	13380	|	90.41

2014-11-30 19:45:33.313039 	|	 VM_Task_12 	|	 0	|	152	|	13380	|	102.04

2014-11-30 19:45:39.549865 	|	 VM_Task_12 	|	 0	|	153	|	13380	|	99.01

2014-11-30 19:45:52.987356 	|	 VM_Task_12 	|	 0	|	153	|	13380	|	100.00

2014-11-30 19:45:59.679836 	|	 VM_Task_12 	|	 0	|	153	|	13380	|	102.14

2014-11-30 19:46:06.706229 	|	 VM_Task_12 	|	 0	|	152	|	13380	|	47.10

2014-11-30 19:46:18.250725 	|	 VM_Task_12 	|	 0	|	149	|	13380	|	103.09

2014-11-30 19:46:24.524437 	|	 VM_Task_12 	|	 0	|	153	|	13380	|	99.01

2014-11-30 19:46:30.754006 	|	 VM_Task_12 	|	 0	|	153	|	13380	|	100.00

2014-11-30 19:46:36.981339 	|	 VM_Task_12 	|	 0	|	153	|	13380	|	100.10

2014-11-30 19:46:43.187682 	|	 VM_Task_12 	|	 0	|	153	|	13380	|	101.01

2014-11-30 19:46:50.031049 	|	 VM_Task_12 	|	 0	|	152	|	13380	|	101.01

2014-11-30 19:46:56.351703 	|	 VM_Task_12 	|	 0	|	139	|	13380	|	68.87

2014-11-30 19:47:03.139336 	|	 VM_Task_12 	|	 0	|	151	|	13380	|	101.01

2014-11-30 19:47:09.359454 	|	 VM_Task_12 	|	 0	|	153	|	13380	|	99.01

2014-11-30 19:47:17.430113 	|	 VM_Task_12 	|	 0	|	153	|	13380	|	100.00

2014-11-30 19:47:28.227625 	|	 VM_Task_12 	|	 0	|	153	|	13380	|	101.01

2014-11-30 19:47:34.456926 	|	 VM_Task_12 	|	 0	|	152	|	13380	|	99.01

2014-11-30 19:47:42.044077 	|	 VM_Task_12 	|	 0	|	151	|	13380	|	8.70

2014-11-30 19:47:48.510247 	|	 VM_Task_12 	|	 0	|	149	|	13380	|	101.11

2014-11-30 19:47:55.197968 	|	 VM_Task_12 	|	 0	|	153	|	13380	|	100.00

2014-11-30 19:48:02.479501 	|	 VM_Task_12 	|	 0	|	153	|	13380	|	99.01

2014-11-30 19:48:08.719067 	|	 VM_Task_12 	|	 0	|	153	|	13380	|	100.00

2014-11-30 19:48:16.770464 	|	 VM_Task_12 	|	 0	|	152	|	13380	|	102.04

2014-11-30 19:48:23.028337 	|	 VM_Task_12 	|	 0	|	138	|	13380	|	0.00

2014-11-30 19:48:29.499503 	|	 VM_Task_12 	|	 0	|	149	|	13380	|	102.04

2014-11-30 19:48:35.768471 	|	 VM_Task_12 	|	 0	|	152	|	13380	|	102.04

2014-11-30 19:48:41.998795 	|	 VM_Task_12 	|	 0	|	153	|	13380	|	101.01

2014-11-30 19:48:49.778861 	|	 VM_Task_12 	|	 0	|	153	|	13380	|	102.04

2014-11-30 19:48:57.038999 	|	 VM_Task_12 	|	 0	|	153	|	13380	|	100.00

2014-11-30 19:49:14.797272 	|	 VM_Task_12 	|	 0	|	139	|	13380	|	100.91

2014-11-30 19:49:23.471987 	|	 VM_Task_12 	|	 0	|	139	|	13380	|	81.81

2014-11-30 19:49:30.082445 	|	 VM_Task_12 	|	 0	|	149	|	13380	|	102.04

2014-11-30 19:49:36.351854 	|	 VM_Task_12 	|	 0	|	152	|	13380	|	102.04

2014-11-30 19:49:43.112927 	|	 VM_Task_12 	|	 0	|	153	|	13380	|	100.00

2014-11-30 19:49:50.350420 	|	 VM_Task_12 	|	 0	|	153	|	13380	|	100.00

2014-11-30 19:49:56.583255 	|	 VM_Task_12 	|	 0	|	153	|	13380	|	100.10

2014-11-30 19:50:03.575693 	|	 VM_Task_12 	|	 0	|	152	|	13380	|	1.70

2014-11-30 19:50:09.859380 	|	 VM_Task_12 	|	 0	|	139	|	13380	|	0.00

2014-11-30 19:50:16.474339 	|	 VM_Task_12 	|	 0	|	150	|	13380	|	101.11

2014-11-30 19:50:23.667413 	|	 VM_Task_12 	|	 0	|	152	|	13380	|	101.01

2014-11-30 19:50:32.560001 	|	 VM_Task_12 	|	 0	|	152	|	13380	|	101.11

2014-11-30 19:50:38.794495 	|	 VM_Task_12 	|	 0	|	153	|	13380	|	101.01

2014-11-30 19:50:45.032640 	|	 VM_Task_12 	|	 0	|	153	|	13380	|	101.01

2014-11-30 19:50:51.806903 	|	 VM_Task_12 	|	 0	|	152	|	13380	|	19.58

2014-11-30 19:50:59.427511 	|	 VM_Task_12 	|	 0	|	148	|	13380	|	103.20

2014-11-30 19:51:08.264196 	|	 VM_Task_12 	|	 0	|	152	|	13380	|	101.11

2014-11-30 19:51:19.344044 	|	 VM_Task_12 	|	 0	|	153	|	13380	|	101.01

2014-11-30 19:51:25.928613 	|	 VM_Task_12 	|	 0	|	153	|	13380	|	100.00

2014-11-30 19:51:33.199747 	|	 VM_Task_12 	|	 0	|	152	|	13380	|	101.01

2014-11-30 19:51:43.314225 	|	 VM_Task_12 	|	 0	|	152	|	13380	|	25.20

2014-11-30 19:51:51.841771 	|	 VM_Task_12 	|	 0	|	149	|	13380	|	102.04

2014-11-30 19:52:04.471121 	|	 VM_Task_12 	|	 0	|	153	|	13380	|	100.00

2014-11-30 19:52:13.870002 	|	 VM_Task_12 	|	 0	|	153	|	13380	|	101.01

2014-11-30 19:52:22.561273 	|	 VM_Task_12 	|	 0	|	153	|	13380	|	101.01

2014-11-30 19:52:30.171332 	|	 VM_Task_12 	|	 0	|	138	|	13380	|	0.00

2014-11-30 19:52:36.695131 	|	 VM_Task_12 	|	 0	|	151	|	13380	|	102.04

2014-11-30 19:52:42.979147 	|	 VM_Task_12 	|	 0	|	153	|	13380	|	100.00

2014-11-30 19:52:49.194514 	|	 VM_Task_12 	|	 0	|	153	|	13380	|	100.00

2014-11-30 19:52:57.753379 	|	 VM_Task_12 	|	 0	|	153	|	13380	|	102.04

2014-11-30 19:53:04.495330 	|	 VM_Task_12 	|	 0	|	152	|	13380	|	100.00

2014-11-30 19:53:18.310003 	|	 VM_Task_12 	|	 0	|	139	|	13380	|	99.90

2014-11-30 19:53:27.062380 	|	 VM_Task_12 	|	 0	|	149	|	13380	|	102.04

2014-11-30 19:53:39.427461 	|	 VM_Task_12 	|	 0	|	153	|	13380	|	102.04

2014-11-30 19:53:45.681352 	|	 VM_Task_12 	|	 0	|	153	|	13380	|	101.01

2014-11-30 19:53:52.903235 	|	 VM_Task_12 	|	 0	|	152	|	13380	|	2.10

2014-11-30 19:54:01.783702 	|	 VM_Task_12 	|	 0	|	148	|	13380	|	102.14

2014-11-30 19:54:08.372839 	|	 VM_Task_12 	|	 0	|	152	|	13380	|	101.01

2014-11-30 19:54:18.178743 	|	 VM_Task_12 	|	 0	|	153	|	13380	|	99.11

2014-11-30 19:54:24.410672 	|	 VM_Task_12 	|	 0	|	153	|	13380	|	101.01

2014-11-30 19:54:36.500891 	|	 VM_Task_12 	|	 0	|	153	|	13380	|	101.01

2014-11-30 19:54:42.768805 	|	 VM_Task_12 	|	 0	|	153	|	13380	|	102.04

2014-11-30 19:54:49.144388 	|	 VM_Task_12 	|	 0	|	139	|	13380	|	0.00

2014-11-30 19:54:55.739786 	|	 VM_Task_12 	|	 0	|	149	|	13380	|	103.09

2014-11-30 19:55:07.622636 	|	 VM_Task_12 	|	 0	|	151	|	13380	|	102.04

2014-11-30 19:55:14.642342 	|	 VM_Task_12 	|	 0	|	153	|	13380	|	101.01

2014-11-30 19:55:21.294404 	|	 VM_Task_12 	|	 0	|	153	|	13380	|	100.00

2014-11-30 19:55:28.080388 	|	 VM_Task_12 	|	 0	|	152	|	13380	|	46.04

2014-11-30 19:55:34.721608 	|	 VM_Task_12 	|	 0	|	148	|	13380	|	102.04

2014-11-30 19:55:42.641776 	|	 VM_Task_12 	|	 0	|	151	|	13380	|	102.04

2014-11-30 19:55:53.981771 	|	 VM_Task_12 	|	 0	|	153	|	13380	|	100.00

2014-11-30 19:56:01.764023 	|	 VM_Task_12 	|	 0	|	152	|	13380	|	63.00

2014-11-30 19:56:14.391347 	|	 VM_Task_12 	|	 0	|	139	|	13380	|	101.01

2014-11-30 19:56:26.376860 	|	 VM_Task_12 	|	 0	|	149	|	13380	|	100.00

2014-11-30 19:56:39.466130 	|	 VM_Task_12 	|	 0	|	153	|	13380	|	100.00

2014-11-30 19:56:53.944867 	|	 VM_Task_12 	|	 0	|	153	|	13380	|	100.00

2014-11-30 19:57:03.478014 	|	 VM_Task_12 	|	 0	|	139	|	13380	|	8.89

2014-11-30 19:57:10.186745 	|	 VM_Task_12 	|	 0	|	151	|	13380	|	104.27

2014-11-30 19:57:18.331436 	|	 VM_Task_12 	|	 0	|	153	|	13380	|	101.01

2014-11-30 19:57:26.490259 	|	 VM_Task_12 	|	 0	|	153	|	13380	|	101.01

2014-11-30 19:57:32.721232 	|	 VM_Task_12 	|	 0	|	153	|	13380	|	100.00

2014-11-30 19:57:40.961120 	|	 VM_Task_12 	|	 0	|	139	|	13380	|	38.06

2014-11-30 19:57:47.727346 	|	 VM_Task_12 	|	 0	|	150	|	13380	|	102.14

2014-11-30 19:57:55.950712 	|	 VM_Task_12 	|	 0	|	152	|	13380	|	101.01

2014-11-30 19:58:02.199360 	|	 VM_Task_12 	|	 0	|	153	|	13380	|	100.10

2014-11-30 19:58:09.356124 	|	 VM_Task_12 	|	 0	|	152	|	13380	|	100.00

2014-11-30 19:58:19.894479 	|	 VM_Task_12 	|	 0	|	152	|	13380	|	101.01

2014-11-30 19:58:27.356940 	|	 VM_Task_12 	|	 0	|	139	|	13380	|	0.00

2014-11-30 19:58:34.579649 	|	 VM_Task_12 	|	 0	|	150	|	13380	|	102.14

2014-11-30 19:58:47.835716 	|	 VM_Task_12 	|	 0	|	153	|	13380	|	101.01

2014-11-30 19:58:54.105616 	|	 VM_Task_12 	|	 0	|	153	|	13380	|	100.10

2014-11-30 19:59:02.972287 	|	 VM_Task_12 	|	 0	|	153	|	13380	|	100.00

2014-11-30 19:59:11.245896 	|	 VM_Task_12 	|	 0	|	139	|	13380	|	101.35

2014-11-30 19:59:21.161945 	|	 VM_Task_12 	|	 0	|	139	|	13380	|	99.20

2014-11-30 19:59:27.553620 	|	 VM_Task_12 	|	 0	|	149	|	13380	|	104.17

2014-11-30 19:59:33.824236 	|	 VM_Task_12 	|	 0	|	153	|	13380	|	101.01

2014-11-30 19:59:45.551696 	|	 VM_Task_12 	|	 0	|	153	|	13380	|	100.00

2014-11-30 19:59:51.776013 	|	 VM_Task_12 	|	 0	|	153	|	13380	|	101.01

2014-11-30 19:59:58.008078 	|	 VM_Task_12 	|	 0	|	152	|	13380	|	0.00

2014-11-30 20:00:05.288021 	|	 VM_Task_12 	|	 0	|	139	|	13380	|	48.60

2014-11-30 20:00:22.514314 	|	 VM_Task_12 	|	 0	|	151	|	13380	|	101.01

2014-11-30 20:00:28.733525 	|	 VM_Task_12 	|	 0	|	153	|	13380	|	102.04

2014-11-30 20:00:34.957779 	|	 VM_Task_12 	|	 0	|	153	|	13380	|	101.01

2014-11-30 20:00:41.189520 	|	 VM_Task_12 	|	 0	|	153	|	13380	|	100.10

2014-11-30 20:00:49.231207 	|	 VM_Task_12 	|	 0	|	153	|	13380	|	100.10

2014-11-30 20:00:55.869178 	|	 VM_Task_12 	|	 0	|	139	|	13380	|	0.00

2014-11-30 20:01:03.807844 	|	 VM_Task_12 	|	 0	|	149	|	13380	|	102.04

2014-11-30 20:01:15.502267 	|	 VM_Task_12 	|	 0	|	151	|	13380	|	100.00

