2014-11-30 15:59:32.849460 	|	 VM_Task_11 	|	 0	|	129	|	0.0	|	10.71

2014-11-30 15:59:39.179829 	|	 VM_Task_11 	|	 0	|	141	|	8260	|	13.60

2014-11-30 15:59:45.396215 	|	 VM_Task_11 	|	 0	|	180	|	48196	|	0.10

2014-11-30 15:59:51.640821 	|	 VM_Task_11 	|	 0	|	141	|	8260	|	0.00

2014-11-30 15:59:57.847070 	|	 VM_Task_11 	|	 0	|	141	|	8260	|	0.00

2014-11-30 16:00:04.129270 	|	 VM_Task_11 	|	 0	|	141	|	8260	|	0.00

2014-11-30 16:00:10.328520 	|	 VM_Task_11 	|	 0	|	141	|	8260	|	0.10

2014-11-30 16:00:16.531431 	|	 VM_Task_11 	|	 0	|	151	|	18500	|	0.00

2014-11-30 16:00:22.755162 	|	 VM_Task_11 	|	 0	|	161	|	28740	|	0.00

2014-11-30 16:00:29.082762 	|	 VM_Task_11 	|	 0	|	161	|	28740	|	0.00

2014-11-30 16:00:35.285185 	|	 VM_Task_11 	|	 0	|	152	|	4292	|	0.00

2014-11-30 16:00:41.763396 	|	 VM_Task_11 	|	 0	|	152	|	23620	|	0.00

2014-11-30 16:00:48.513834 	|	 VM_Task_11 	|	 0	|	164	|	23620	|	30.40

2014-11-30 16:00:54.780574 	|	 VM_Task_11 	|	 0	|	174	|	33860	|	0.00

2014-11-30 16:01:01.206720 	|	 VM_Task_11 	|	 0	|	161	|	33860	|	0.00

2014-11-30 16:01:07.486033 	|	 VM_Task_11 	|	 0	|	150	|	8260	|	0.00

2014-11-30 16:01:23.989280 	|	 VM_Task_11 	|	 0	|	154	|	13380	|	100.00

2014-11-30 16:01:31.848484 	|	 VM_Task_11 	|	 0	|	134	|	0.0	|	15.10

2014-11-30 16:01:38.090202 	|	 VM_Task_11 	|	 0	|	175	|	33860	|	0.00

2014-11-30 16:01:44.396049 	|	 VM_Task_11 	|	 0	|	186	|	58436	|	8.91

2014-11-30 16:01:51.068723 	|	 VM_Task_11 	|	 0	|	187	|	58436	|	12.67

2014-11-30 16:01:57.333402 	|	 VM_Task_11 	|	 0	|	160	|	18500	|	0.00

2014-11-30 16:02:03.588183 	|	 VM_Task_11 	|	 0	|	147	|	18500	|	0.00

2014-11-30 16:02:09.790542 	|	 VM_Task_11 	|	 0	|	147	|	18500	|	0.00

2014-11-30 16:02:16.096746 	|	 VM_Task_11 	|	 0	|	133	|	4292	|	4.20

2014-11-30 16:02:22.298348 	|	 VM_Task_11 	|	 0	|	133	|	4292	|	0.00

2014-11-30 16:02:28.525414 	|	 VM_Task_11 	|	 0	|	146	|	4292	|	0.00

2014-11-30 16:02:34.822565 	|	 VM_Task_11 	|	 0	|	142	|	13380	|	12.18

2014-11-30 16:02:41.775514 	|	 VM_Task_11 	|	 0	|	160	|	38980	|	20.71

2014-11-30 16:02:48.078672 	|	 VM_Task_11 	|	 0	|	180	|	38980	|	0.00

2014-11-30 16:03:11.610604 	|	 VM_Task_11 	|	 0	|	157	|	28740	|	0.00

2014-11-30 16:03:18.643249 	|	 VM_Task_11 	|	 0	|	209	|	68676	|	0.00

2014-11-30 16:03:25.011515 	|	 VM_Task_11 	|	 0	|	160	|	18500	|	0.00

2014-11-30 16:03:31.224032 	|	 VM_Task_11 	|	 0	|	160	|	18500	|	0.00

2014-11-30 16:03:37.462329 	|	 VM_Task_11 	|	 0	|	142	|	13380	|	0.00

2014-11-30 16:03:44.348558 	|	 VM_Task_11 	|	 0	|	155	|	13380	|	37.25

2014-11-30 16:03:50.639501 	|	 VM_Task_11 	|	 0	|	175	|	33860	|	0.00

2014-11-30 16:03:56.857329 	|	 VM_Task_11 	|	 0	|	137	|	8260	|	0.00

2014-11-30 16:04:03.145694 	|	 VM_Task_11 	|	 0	|	150	|	8260	|	0.00

2014-11-30 16:04:09.543298 	|	 VM_Task_11 	|	 0	|	142	|	13380	|	70.84

2014-11-30 16:04:15.889266 	|	 VM_Task_11 	|	 0	|	142	|	13380	|	10.20

2014-11-30 16:04:22.119461 	|	 VM_Task_11 	|	 0	|	155	|	13380	|	0.00

2014-11-30 16:04:28.386460 	|	 VM_Task_11 	|	 0	|	142	|	13380	|	0.00

2014-11-30 16:04:34.709295 	|	 VM_Task_11 	|	 0	|	142	|	13380	|	60.11

2014-11-30 16:04:41.357952 	|	 VM_Task_11 	|	 0	|	142	|	13380	|	2.10

2014-11-30 16:04:54.082984 	|	 VM_Task_11 	|	 0	|	148	|	13380	|	103.09

2014-11-30 16:05:03.400467 	|	 VM_Task_11 	|	 0	|	152	|	13380	|	0.00

2014-11-30 16:05:09.637266 	|	 VM_Task_11 	|	 0	|	152	|	13380	|	0.00

2014-11-30 16:05:16.378492 	|	 VM_Task_11 	|	 0	|	138	|	13380	|	3.54

2014-11-30 16:05:22.849497 	|	 VM_Task_11 	|	 0	|	151	|	13380	|	0.00

2014-11-30 16:05:29.136322 	|	 VM_Task_11 	|	 0	|	138	|	13380	|	0.00

2014-11-30 16:05:36.243134 	|	 VM_Task_11 	|	 0	|	138	|	13380	|	43.65

2014-11-30 16:05:42.479899 	|	 VM_Task_11 	|	 0	|	151	|	13380	|	0.00

2014-11-30 16:05:48.721215 	|	 VM_Task_11 	|	 0	|	138	|	13380	|	0.00

2014-11-30 16:05:55.491015 	|	 VM_Task_11 	|	 0	|	151	|	13380	|	37.33

2014-11-30 16:06:01.914135 	|	 VM_Task_11 	|	 0	|	151	|	13380	|	0.00

2014-11-30 16:06:08.152136 	|	 VM_Task_11 	|	 0	|	138	|	13380	|	0.00

2014-11-30 16:06:14.404752 	|	 VM_Task_11 	|	 0	|	151	|	13380	|	0.00

2014-11-30 16:06:20.695912 	|	 VM_Task_11 	|	 0	|	138	|	13380	|	64.73

2014-11-30 16:06:27.600180 	|	 VM_Task_11 	|	 0	|	139	|	13380	|	0.00

2014-11-30 16:06:33.838780 	|	 VM_Task_11 	|	 0	|	151	|	13380	|	0.00

2014-11-30 16:06:40.205269 	|	 VM_Task_11 	|	 0	|	138	|	13380	|	0.00

2014-11-30 16:06:47.264264 	|	 VM_Task_11 	|	 0	|	138	|	13380	|	46.67

2014-11-30 16:06:53.503536 	|	 VM_Task_11 	|	 0	|	151	|	13380	|	0.00

2014-11-30 16:06:59.822535 	|	 VM_Task_11 	|	 0	|	138	|	13380	|	0.00

2014-11-30 16:07:06.245813 	|	 VM_Task_11 	|	 0	|	151	|	13380	|	73.53

2014-11-30 16:07:12.585524 	|	 VM_Task_11 	|	 0	|	151	|	13380	|	0.00

2014-11-30 16:07:18.830132 	|	 VM_Task_11 	|	 0	|	138	|	13380	|	0.00

2014-11-30 16:07:25.107686 	|	 VM_Task_11 	|	 0	|	151	|	13380	|	0.00

2014-11-30 16:07:31.397498 	|	 VM_Task_11 	|	 0	|	138	|	13380	|	55.33

2014-11-30 16:07:38.204303 	|	 VM_Task_11 	|	 0	|	139	|	13380	|	0.00

2014-11-30 16:07:44.444564 	|	 VM_Task_11 	|	 0	|	151	|	13380	|	0.00

2014-11-30 16:07:50.737401 	|	 VM_Task_11 	|	 0	|	138	|	13380	|	0.00

2014-11-30 16:07:57.862918 	|	 VM_Task_11 	|	 0	|	138	|	13380	|	43.30

2014-11-30 16:08:04.100284 	|	 VM_Task_11 	|	 0	|	152	|	13380	|	0.00

2014-11-30 16:08:10.537153 	|	 VM_Task_11 	|	 0	|	139	|	13380	|	0.00

2014-11-30 16:08:17.524896 	|	 VM_Task_11 	|	 0	|	151	|	13380	|	58.95

2014-11-30 16:08:46.621022 	|	 VM_Task_11 	|	 0	|	151	|	13380	|	101.01

2014-11-30 16:08:53.977440 	|	 VM_Task_11 	|	 0	|	139	|	13380	|	0.00

2014-11-30 16:09:00.571553 	|	 VM_Task_11 	|	 0	|	152	|	13380	|	20.90

2014-11-30 16:09:07.157008 	|	 VM_Task_11 	|	 0	|	149	|	13380	|	68.39

2014-11-30 16:09:13.619670 	|	 VM_Task_11 	|	 0	|	139	|	13380	|	0.00

2014-11-30 16:09:19.882936 	|	 VM_Task_11 	|	 0	|	151	|	13380	|	0.00

2014-11-30 16:09:26.272298 	|	 VM_Task_11 	|	 0	|	138	|	13380	|	8.12

2014-11-30 16:09:32.856332 	|	 VM_Task_11 	|	 0	|	138	|	13380	|	60.34

2014-11-30 16:09:39.092679 	|	 VM_Task_11 	|	 0	|	151	|	13380	|	0.00

2014-11-30 16:09:45.336185 	|	 VM_Task_11 	|	 0	|	138	|	13380	|	0.00

2014-11-30 16:09:52.389657 	|	 VM_Task_11 	|	 0	|	151	|	13380	|	38.35

2014-11-30 16:09:58.701491 	|	 VM_Task_11 	|	 0	|	152	|	13380	|	0.00

2014-11-30 16:10:04.962370 	|	 VM_Task_11 	|	 0	|	139	|	13380	|	0.00

2014-11-30 16:10:11.213929 	|	 VM_Task_11 	|	 0	|	152	|	13380	|	0.00

2014-11-30 16:10:17.533637 	|	 VM_Task_11 	|	 0	|	139	|	13380	|	59.68

2014-11-30 16:10:24.386969 	|	 VM_Task_11 	|	 0	|	139	|	13380	|	0.00

2014-11-30 16:10:31.149745 	|	 VM_Task_11 	|	 0	|	152	|	13380	|	0.00

2014-11-30 16:10:37.483713 	|	 VM_Task_11 	|	 0	|	139	|	13380	|	23.88

2014-11-30 16:10:44.612207 	|	 VM_Task_11 	|	 0	|	139	|	13380	|	8.00

2014-11-30 16:10:50.855261 	|	 VM_Task_11 	|	 0	|	151	|	13380	|	0.00

2014-11-30 16:10:57.152337 	|	 VM_Task_11 	|	 0	|	138	|	13380	|	0.00

2014-11-30 16:11:04.089111 	|	 VM_Task_11 	|	 0	|	138	|	13380	|	98.21

2014-11-30 16:11:10.962458 	|	 VM_Task_11 	|	 0	|	152	|	13380	|	0.00

2014-11-30 16:11:17.257954 	|	 VM_Task_11 	|	 0	|	139	|	13380	|	0.00

2014-11-30 16:11:23.765428 	|	 VM_Task_11 	|	 0	|	152	|	13380	|	101.70

2014-11-30 16:11:30.015287 	|	 VM_Task_11 	|	 0	|	151	|	13380	|	0.00

2014-11-30 16:11:36.247538 	|	 VM_Task_11 	|	 0	|	138	|	13380	|	0.00

2014-11-30 16:11:42.559974 	|	 VM_Task_11 	|	 0	|	152	|	13380	|	0.00

2014-11-30 16:11:48.981018 	|	 VM_Task_11 	|	 0	|	139	|	13380	|	57.53

2014-11-30 16:11:55.237869 	|	 VM_Task_11 	|	 0	|	138	|	13380	|	0.00

2014-11-30 16:12:01.490352 	|	 VM_Task_11 	|	 0	|	152	|	13380	|	0.00

2014-11-30 16:12:07.746207 	|	 VM_Task_11 	|	 0	|	138	|	13380	|	0.00

2014-11-30 16:12:17.473181 	|	 VM_Task_11 	|	 0	|	138	|	13380	|	77.33

2014-11-30 16:12:23.751874 	|	 VM_Task_11 	|	 0	|	152	|	13380	|	0.00

2014-11-30 16:12:30.014773 	|	 VM_Task_11 	|	 0	|	138	|	13380	|	0.00

2014-11-30 16:12:36.983491 	|	 VM_Task_11 	|	 0	|	152	|	13380	|	19.69

2014-11-30 16:12:43.353958 	|	 VM_Task_11 	|	 0	|	152	|	13380	|	0.00

2014-11-30 16:12:49.615918 	|	 VM_Task_11 	|	 0	|	138	|	13380	|	0.00

2014-11-30 16:12:55.873564 	|	 VM_Task_11 	|	 0	|	152	|	13380	|	0.00

2014-11-30 16:13:02.163097 	|	 VM_Task_11 	|	 0	|	138	|	13380	|	81.11

2014-11-30 16:13:08.683301 	|	 VM_Task_11 	|	 0	|	138	|	13380	|	0.00

2014-11-30 16:13:15.261113 	|	 VM_Task_11 	|	 0	|	153	|	13380	|	101.11

2014-11-30 16:13:22.096314 	|	 VM_Task_11 	|	 0	|	138	|	13380	|	1.82

2014-11-30 16:13:31.023197 	|	 VM_Task_11 	|	 0	|	151	|	13380	|	0.00

2014-11-30 16:13:37.312405 	|	 VM_Task_11 	|	 0	|	138	|	13380	|	66.77

2014-11-30 16:13:45.024025 	|	 VM_Task_11 	|	 0	|	153	|	13380	|	102.04

2014-11-30 16:13:51.692900 	|	 VM_Task_11 	|	 0	|	151	|	13380	|	0.00

2014-11-30 16:14:00.502808 	|	 VM_Task_11 	|	 0	|	152	|	13380	|	17.70

2014-11-30 16:14:06.848580 	|	 VM_Task_11 	|	 0	|	138	|	13380	|	0.91

2014-11-30 16:14:13.918494 	|	 VM_Task_11 	|	 0	|	138	|	13380	|	5.00

2014-11-30 16:14:20.164716 	|	 VM_Task_11 	|	 0	|	151	|	13380	|	0.00

2014-11-30 16:14:26.399897 	|	 VM_Task_11 	|	 0	|	138	|	13380	|	0.00

2014-11-30 16:14:32.807443 	|	 VM_Task_11 	|	 0	|	151	|	13380	|	67.87

2014-11-30 16:14:39.076885 	|	 VM_Task_11 	|	 0	|	151	|	13380	|	0.00

2014-11-30 16:14:45.328561 	|	 VM_Task_11 	|	 0	|	138	|	13380	|	0.00

2014-11-30 16:14:51.582089 	|	 VM_Task_11 	|	 0	|	151	|	13380	|	0.00

2014-11-30 16:14:57.876836 	|	 VM_Task_11 	|	 0	|	138	|	13380	|	58.09

2014-11-30 16:15:04.995427 	|	 VM_Task_11 	|	 0	|	138	|	13380	|	0.00

2014-11-30 16:15:11.351689 	|	 VM_Task_11 	|	 0	|	151	|	13380	|	0.00

2014-11-30 16:15:17.698797 	|	 VM_Task_11 	|	 0	|	138	|	13380	|	10.30

2014-11-30 16:15:24.731581 	|	 VM_Task_11 	|	 0	|	138	|	13380	|	8.48

2014-11-30 16:15:31.082776 	|	 VM_Task_11 	|	 0	|	151	|	13380	|	0.00

2014-11-30 16:15:37.366772 	|	 VM_Task_11 	|	 0	|	138	|	13380	|	0.00

2014-11-30 16:15:45.217122 	|	 VM_Task_11 	|	 0	|	138	|	13380	|	108.05

2014-11-30 16:15:51.834600 	|	 VM_Task_11 	|	 0	|	151	|	13380	|	0.00

2014-11-30 16:15:58.584097 	|	 VM_Task_11 	|	 0	|	138	|	13380	|	8.70

2014-11-30 16:16:05.466681 	|	 VM_Task_11 	|	 0	|	139	|	13380	|	0.00

2014-11-30 16:16:15.364274 	|	 VM_Task_11 	|	 0	|	152	|	13380	|	101.01

2014-11-30 16:16:23.242781 	|	 VM_Task_11 	|	 0	|	138	|	13380	|	103.12

2014-11-30 16:16:29.828949 	|	 VM_Task_11 	|	 0	|	138	|	13380	|	70.61

2014-11-30 16:16:39.992567 	|	 VM_Task_11 	|	 0	|	153	|	13380	|	101.11

2014-11-30 16:16:46.246991 	|	 VM_Task_11 	|	 0	|	138	|	13380	|	0.00

2014-11-30 16:16:53.690275 	|	 VM_Task_11 	|	 0	|	152	|	13380	|	101.01

2014-11-30 16:17:00.863539 	|	 VM_Task_11 	|	 0	|	148	|	13380	|	101.16

2014-11-30 16:17:07.105132 	|	 VM_Task_11 	|	 0	|	138	|	13380	|	0.00

2014-11-30 16:17:13.363414 	|	 VM_Task_11 	|	 0	|	151	|	13380	|	0.00

2014-11-30 16:17:19.633822 	|	 VM_Task_11 	|	 0	|	138	|	13380	|	47.14

2014-11-30 16:17:26.406031 	|	 VM_Task_11 	|	 0	|	139	|	13380	|	0.00

2014-11-30 16:17:32.676931 	|	 VM_Task_11 	|	 0	|	151	|	13380	|	0.00

2014-11-30 16:17:38.970181 	|	 VM_Task_11 	|	 0	|	138	|	13380	|	0.00

2014-11-30 16:17:45.361204 	|	 VM_Task_11 	|	 0	|	151	|	13380	|	93.23

2014-11-30 16:17:51.663913 	|	 VM_Task_11 	|	 0	|	151	|	13380	|	0.00

2014-11-30 16:17:57.922546 	|	 VM_Task_11 	|	 0	|	138	|	13380	|	0.00

2014-11-30 16:18:04.282317 	|	 VM_Task_11 	|	 0	|	151	|	13380	|	0.00

2014-11-30 16:18:10.787305 	|	 VM_Task_11 	|	 0	|	145	|	13380	|	60.44

2014-11-30 16:18:17.112795 	|	 VM_Task_11 	|	 0	|	138	|	13380	|	0.00

2014-11-30 16:18:23.561273 	|	 VM_Task_11 	|	 0	|	151	|	13380	|	0.00

2014-11-30 16:18:29.949393 	|	 VM_Task_11 	|	 0	|	138	|	13380	|	1.88

2014-11-30 16:18:38.338567 	|	 VM_Task_11 	|	 0	|	138	|	13380	|	47.98

2014-11-30 16:18:45.323339 	|	 VM_Task_11 	|	 0	|	151	|	13380	|	0.00

2014-11-30 16:18:57.689997 	|	 VM_Task_11 	|	 0	|	152	|	13380	|	100.00

2014-11-30 16:19:04.024126 	|	 VM_Task_11 	|	 0	|	151	|	13380	|	0.00

2014-11-30 16:19:11.988125 	|	 VM_Task_11 	|	 0	|	138	|	13380	|	13.16

2014-11-30 16:19:26.731988 	|	 VM_Task_11 	|	 0	|	152	|	13380	|	101.01

2014-11-30 16:19:33.088809 	|	 VM_Task_11 	|	 0	|	138	|	13380	|	0.00

2014-11-30 16:19:39.733921 	|	 VM_Task_11 	|	 0	|	152	|	13380	|	26.40

2014-11-30 16:19:46.323555 	|	 VM_Task_11 	|	 0	|	138	|	13380	|	7.90

2014-11-30 16:19:53.171349 	|	 VM_Task_11 	|	 0	|	139	|	13380	|	0.00

2014-11-30 16:19:59.445750 	|	 VM_Task_11 	|	 0	|	151	|	13380	|	0.00

2014-11-30 16:20:05.748887 	|	 VM_Task_11 	|	 0	|	138	|	13380	|	0.00

