2014-11-30 16:02:54.294449 	|	 VM_Task_13 	|	 0	|	130	|	0.0	|	11.02

2014-11-30 16:03:01.352416 	|	 VM_Task_13 	|	 0	|	143	|	8260	|	0.00

2014-11-30 16:03:09.547277 	|	 VM_Task_13 	|	 0	|	142	|	8260	|	101.01

2014-11-30 16:03:15.768116 	|	 VM_Task_13 	|	 0	|	143	|	8260	|	0.00

2014-11-30 16:03:21.999333 	|	 VM_Task_13 	|	 0	|	142	|	8260	|	0.00

2014-11-30 16:03:28.216089 	|	 VM_Task_13 	|	 0	|	143	|	8260	|	0.00

2014-11-30 16:03:34.421526 	|	 VM_Task_13 	|	 0	|	142	|	8260	|	0.00

2014-11-30 16:03:40.625050 	|	 VM_Task_13 	|	 0	|	143	|	8260	|	0.00

2014-11-30 16:03:46.827873 	|	 VM_Task_13 	|	 0	|	143	|	8260	|	0.00

2014-11-30 16:03:53.081094 	|	 VM_Task_13 	|	 0	|	143	|	8260	|	0.00

2014-11-30 16:04:00.798273 	|	 VM_Task_13 	|	 0	|	157	|	8260	|	83.79

2014-11-30 16:04:07.061254 	|	 VM_Task_13 	|	 0	|	151	|	8260	|	0.00

2014-11-30 16:04:13.309453 	|	 VM_Task_13 	|	 0	|	138	|	8260	|	0.00

2014-11-30 16:04:19.885841 	|	 VM_Task_13 	|	 0	|	151	|	8260	|	39.90

2014-11-30 16:04:26.156892 	|	 VM_Task_13 	|	 0	|	151	|	8260	|	0.00

2014-11-30 16:04:32.377835 	|	 VM_Task_13 	|	 0	|	138	|	8260	|	0.00

2014-11-30 16:04:38.640380 	|	 VM_Task_13 	|	 0	|	151	|	8260	|	0.00

2014-11-30 16:04:58.428015 	|	 VM_Task_13 	|	 0	|	138	|	8260	|	69.40

2014-11-30 16:05:06.350094 	|	 VM_Task_13 	|	 0	|	151	|	8260	|	0.00

2014-11-30 16:05:12.560481 	|	 VM_Task_13 	|	 0	|	152	|	8260	|	0.00

2014-11-30 16:05:18.780308 	|	 VM_Task_13 	|	 0	|	152	|	8260	|	0.00

2014-11-30 16:05:25.017015 	|	 VM_Task_13 	|	 0	|	152	|	8260	|	0.00

2014-11-30 16:05:31.229489 	|	 VM_Task_13 	|	 0	|	152	|	8260	|	0.00

2014-11-30 16:05:37.886919 	|	 VM_Task_13 	|	 0	|	138	|	8260	|	0.00

2014-11-30 16:05:45.201240 	|	 VM_Task_13 	|	 0	|	151	|	8260	|	2.93

2014-11-30 16:05:51.507238 	|	 VM_Task_13 	|	 0	|	151	|	8260	|	0.00

2014-11-30 16:05:57.727045 	|	 VM_Task_13 	|	 0	|	139	|	8260	|	0.00

2014-11-30 16:06:03.963441 	|	 VM_Task_13 	|	 0	|	152	|	8260	|	0.00

2014-11-30 16:06:10.272437 	|	 VM_Task_13 	|	 0	|	138	|	8260	|	58.80

2014-11-30 16:06:16.752286 	|	 VM_Task_13 	|	 0	|	138	|	8260	|	0.00

2014-11-30 16:06:22.977291 	|	 VM_Task_13 	|	 0	|	152	|	8260	|	0.00

2014-11-30 16:06:29.217441 	|	 VM_Task_13 	|	 0	|	138	|	8260	|	0.00

2014-11-30 16:06:36.009592 	|	 VM_Task_13 	|	 0	|	151	|	8260	|	94.32

2014-11-30 16:06:42.251692 	|	 VM_Task_13 	|	 0	|	152	|	8260	|	0.00

2014-11-30 16:06:48.481163 	|	 VM_Task_13 	|	 0	|	139	|	8260	|	0.00

2014-11-30 16:06:55.361334 	|	 VM_Task_13 	|	 0	|	151	|	8260	|	5.76

2014-11-30 16:07:01.707394 	|	 VM_Task_13 	|	 0	|	152	|	8260	|	0.00

2014-11-30 16:07:07.935396 	|	 VM_Task_13 	|	 0	|	139	|	8260	|	0.00

2014-11-30 16:07:14.162504 	|	 VM_Task_13 	|	 0	|	152	|	8260	|	0.00

2014-11-30 16:07:20.545241 	|	 VM_Task_13 	|	 0	|	138	|	8260	|	47.53

2014-11-30 16:07:27.338595 	|	 VM_Task_13 	|	 0	|	139	|	8260	|	33.48

2014-11-30 16:07:33.576271 	|	 VM_Task_13 	|	 0	|	152	|	8260	|	0.00

2014-11-30 16:07:40.194496 	|	 VM_Task_13 	|	 0	|	139	|	8260	|	0.00

2014-11-30 16:07:46.751900 	|	 VM_Task_13 	|	 0	|	153	|	8260	|	4.24

2014-11-30 16:07:52.990459 	|	 VM_Task_13 	|	 0	|	138	|	8260	|	0.00

2014-11-30 16:07:59.226381 	|	 VM_Task_13 	|	 0	|	152	|	8260	|	0.00

2014-11-30 16:08:05.751607 	|	 VM_Task_13 	|	 0	|	152	|	8260	|	31.11

2014-11-30 16:08:12.124304 	|	 VM_Task_13 	|	 0	|	152	|	8260	|	0.00

2014-11-30 16:08:18.378272 	|	 VM_Task_13 	|	 0	|	139	|	8260	|	0.00

2014-11-30 16:08:46.619743 	|	 VM_Task_13 	|	 0	|	152	|	8260	|	103.09

2014-11-30 16:08:53.987556 	|	 VM_Task_13 	|	 0	|	139	|	8260	|	0.00

2014-11-30 16:09:00.692312 	|	 VM_Task_13 	|	 0	|	153	|	8260	|	36.50

2014-11-30 16:09:07.097720 	|	 VM_Task_13 	|	 0	|	139	|	8260	|	98.19

2014-11-30 16:09:13.815804 	|	 VM_Task_13 	|	 0	|	139	|	8260	|	0.00

2014-11-30 16:09:20.088083 	|	 VM_Task_13 	|	 0	|	152	|	8260	|	0.00

2014-11-30 16:09:26.492484 	|	 VM_Task_13 	|	 0	|	139	|	8260	|	1.90

2014-11-30 16:09:33.057336 	|	 VM_Task_13 	|	 0	|	138	|	8260	|	66.74

2014-11-30 16:09:39.293115 	|	 VM_Task_13 	|	 0	|	152	|	8260	|	0.00

2014-11-30 16:09:45.567813 	|	 VM_Task_13 	|	 0	|	139	|	8260	|	0.00

2014-11-30 16:09:52.578536 	|	 VM_Task_13 	|	 0	|	152	|	8260	|	28.25

2014-11-30 16:09:58.849249 	|	 VM_Task_13 	|	 0	|	152	|	8260	|	0.00

2014-11-30 16:10:05.116636 	|	 VM_Task_13 	|	 0	|	139	|	8260	|	24.18

2014-11-30 16:10:11.431812 	|	 VM_Task_13 	|	 0	|	152	|	8260	|	0.00

2014-11-30 16:10:17.755358 	|	 VM_Task_13 	|	 0	|	138	|	8260	|	67.67

2014-11-30 16:10:24.386284 	|	 VM_Task_13 	|	 0	|	138	|	8260	|	0.00

2014-11-30 16:10:30.645654 	|	 VM_Task_13 	|	 0	|	151	|	8260	|	0.00

2014-11-30 16:10:36.949126 	|	 VM_Task_13 	|	 0	|	139	|	8260	|	0.00

2014-11-30 16:10:44.668563 	|	 VM_Task_13 	|	 0	|	139	|	8260	|	0.00

2014-11-30 16:10:50.913765 	|	 VM_Task_13 	|	 0	|	152	|	8260	|	0.00

2014-11-30 16:10:57.224100 	|	 VM_Task_13 	|	 0	|	138	|	8260	|	0.00

2014-11-30 16:11:04.091015 	|	 VM_Task_13 	|	 0	|	138	|	8260	|	102.44

2014-11-30 16:11:10.964057 	|	 VM_Task_13 	|	 0	|	152	|	8260	|	0.00

2014-11-30 16:11:17.772610 	|	 VM_Task_13 	|	 0	|	139	|	8260	|	0.00

2014-11-30 16:11:24.813319 	|	 VM_Task_13 	|	 0	|	178	|	48196	|	46.84

2014-11-30 16:11:31.054108 	|	 VM_Task_13 	|	 0	|	191	|	48196	|	0.00

2014-11-30 16:11:37.337405 	|	 VM_Task_13 	|	 0	|	139	|	8260	|	0.00

2014-11-30 16:11:43.977337 	|	 VM_Task_13 	|	 0	|	152	|	8260	|	60.11

2014-11-30 16:11:50.340992 	|	 VM_Task_13 	|	 0	|	152	|	8260	|	0.00

2014-11-30 16:11:56.585262 	|	 VM_Task_13 	|	 0	|	149	|	18500	|	0.00

2014-11-30 16:12:03.065713 	|	 VM_Task_13 	|	 0	|	171	|	28740	|	0.00

2014-11-30 16:12:12.099847 	|	 VM_Task_13 	|	 0	|	159	|	28740	|	115.24

2014-11-30 16:12:18.502647 	|	 VM_Task_13 	|	 0	|	135	|	4292	|	0.00

2014-11-30 16:12:24.791421 	|	 VM_Task_13 	|	 0	|	167	|	23620	|	0.00

2014-11-30 16:12:31.816629 	|	 VM_Task_13 	|	 0	|	154	|	23620	|	15.76

2014-11-30 16:12:38.709685 	|	 VM_Task_13 	|	 0	|	164	|	33860	|	31.73

2014-11-30 16:12:45.086416 	|	 VM_Task_13 	|	 0	|	152	|	8260	|	0.00

2014-11-30 16:12:51.425597 	|	 VM_Task_13 	|	 0	|	139	|	8260	|	0.00

2014-11-30 16:12:57.972655 	|	 VM_Task_13 	|	 0	|	157	|	13380	|	76.45

2014-11-30 16:13:04.324119 	|	 VM_Task_13 	|	 0	|	148	|	4292	|	0.00

2014-11-30 16:13:10.615801 	|	 VM_Task_13 	|	 0	|	135	|	4292	|	0.00

2014-11-30 16:13:17.591684 	|	 VM_Task_13 	|	 0	|	178	|	33860	|	101.63

2014-11-30 16:13:25.063843 	|	 VM_Task_13 	|	 0	|	188	|	58436	|	77.94

2014-11-30 16:13:31.708756 	|	 VM_Task_13 	|	 0	|	200	|	58436	|	101.11

2014-11-30 16:13:39.389390 	|	 VM_Task_13 	|	 0	|	163	|	18500	|	101.01

2014-11-30 16:13:45.641016 	|	 VM_Task_13 	|	 0	|	149	|	18500	|	0.00

2014-11-30 16:13:54.059755 	|	 VM_Task_13 	|	 0	|	149	|	4292	|	103.09

2014-11-30 16:14:00.315512 	|	 VM_Task_13 	|	 0	|	135	|	4292	|	0.00

2014-11-30 16:14:07.237257 	|	 VM_Task_13 	|	 0	|	149	|	4292	|	81.22

2014-11-30 16:14:13.918494 	|	 VM_Task_13 	|	 0	|	144	|	13380	|	72.16

2014-11-30 16:14:20.668896 	|	 VM_Task_13 	|	 0	|	144	|	13380	|	0.00

2014-11-30 16:14:27.208487 	|	 VM_Task_13 	|	 0	|	182	|	38980	|	0.00

2014-11-30 16:14:33.453549 	|	 VM_Task_13 	|	 0	|	159	|	28740	|	51.06

2014-11-30 16:14:40.086374 	|	 VM_Task_13 	|	 0	|	159	|	28740	|	0.00

2014-11-30 16:14:46.322599 	|	 VM_Task_13 	|	 0	|	182	|	38980	|	0.00

2014-11-30 16:14:52.590624 	|	 VM_Task_13 	|	 0	|	169	|	38980	|	0.20

2014-11-30 16:14:59.604130 	|	 VM_Task_13 	|	 0	|	211	|	68676	|	44.65

2014-11-30 16:15:06.237723 	|	 VM_Task_13 	|	 0	|	162	|	18500	|	0.00

2014-11-30 16:15:12.536922 	|	 VM_Task_13 	|	 0	|	149	|	18500	|	0.10

2014-11-30 16:15:19.744940 	|	 VM_Task_13 	|	 0	|	157	|	13380	|	31.82

2014-11-30 16:15:26.463942 	|	 VM_Task_13 	|	 0	|	177	|	33860	|	0.00

2014-11-30 16:15:32.851450 	|	 VM_Task_13 	|	 0	|	164	|	0.0	|	0.10

2014-11-30 16:15:40.124487 	|	 VM_Task_13 	|	 0	|	151	|	8260	|	49.37

2014-11-30 16:15:46.829896 	|	 VM_Task_13 	|	 0	|	157	|	13380	|	0.00

2014-11-30 16:15:53.134748 	|	 VM_Task_13 	|	 0	|	144	|	13380	|	0.00

2014-11-30 16:15:59.967437 	|	 VM_Task_13 	|	 0	|	157	|	13380	|	17.58

2014-11-30 16:16:06.964471 	|	 VM_Task_13 	|	 0	|	157	|	13380	|	0.00

2014-11-30 16:16:13.219119 	|	 VM_Task_13 	|	 0	|	144	|	13380	|	0.00

2014-11-30 16:16:35.653687 	|	 VM_Task_13 	|	 0	|	154	|	13380	|	100.71

2014-11-30 16:16:41.920886 	|	 VM_Task_13 	|	 0	|	140	|	13380	|	0.00

2014-11-30 16:16:49.044845 	|	 VM_Task_13 	|	 0	|	154	|	13380	|	102.04

2014-11-30 16:16:55.736171 	|	 VM_Task_13 	|	 0	|	153	|	13380	|	59.38

2014-11-30 16:17:02.597366 	|	 VM_Task_13 	|	 0	|	153	|	13380	|	0.00

2014-11-30 16:17:08.860590 	|	 VM_Task_13 	|	 0	|	140	|	13380	|	0.00

2014-11-30 16:17:15.920399 	|	 VM_Task_13 	|	 0	|	153	|	13380	|	22.68

2014-11-30 16:17:22.165059 	|	 VM_Task_13 	|	 0	|	153	|	13380	|	0.00

2014-11-30 16:17:28.446273 	|	 VM_Task_13 	|	 0	|	140	|	13380	|	0.00

2014-11-30 16:17:34.719823 	|	 VM_Task_13 	|	 0	|	153	|	13380	|	0.00

2014-11-30 16:17:41.678697 	|	 VM_Task_13 	|	 0	|	140	|	13380	|	66.34

2014-11-30 16:17:50.210960 	|	 VM_Task_13 	|	 0	|	140	|	13380	|	0.00

2014-11-30 16:17:57.499878 	|	 VM_Task_13 	|	 0	|	140	|	13380	|	0.00

2014-11-30 16:18:04.280694 	|	 VM_Task_13 	|	 0	|	153	|	13380	|	0.00

2014-11-30 16:18:10.599054 	|	 VM_Task_13 	|	 0	|	140	|	13380	|	7.52

2014-11-30 16:18:17.498241 	|	 VM_Task_13 	|	 0	|	140	|	13380	|	14.64

2014-11-30 16:18:23.740988 	|	 VM_Task_13 	|	 0	|	153	|	13380	|	0.00

2014-11-30 16:18:31.054373 	|	 VM_Task_13 	|	 0	|	140	|	13380	|	0.00

2014-11-30 16:18:39.577523 	|	 VM_Task_13 	|	 0	|	140	|	13380	|	9.09

2014-11-30 16:18:47.080123 	|	 VM_Task_13 	|	 0	|	153	|	13380	|	5.39

2014-11-30 16:18:53.522211 	|	 VM_Task_13 	|	 0	|	151	|	13380	|	102.04

2014-11-30 16:19:00.096661 	|	 VM_Task_13 	|	 0	|	154	|	13380	|	102.04

2014-11-30 16:19:07.306794 	|	 VM_Task_13 	|	 0	|	153	|	13380	|	16.70

2014-11-30 16:19:24.311200 	|	 VM_Task_13 	|	 0	|	153	|	13380	|	76.63

2014-11-30 16:19:30.565509 	|	 VM_Task_13 	|	 0	|	140	|	13380	|	0.00

2014-11-30 16:19:37.533261 	|	 VM_Task_13 	|	 0	|	153	|	13380	|	46.08

2014-11-30 16:19:43.842301 	|	 VM_Task_13 	|	 0	|	154	|	13380	|	55.30

2014-11-30 16:19:50.100785 	|	 VM_Task_13 	|	 0	|	140	|	13380	|	0.00

2014-11-30 16:19:56.485716 	|	 VM_Task_13 	|	 0	|	153	|	13380	|	0.00

2014-11-30 16:20:03.178823 	|	 VM_Task_13 	|	 0	|	151	|	13380	|	47.75

2014-11-30 16:20:09.467644 	|	 VM_Task_13 	|	 0	|	140	|	13380	|	0.00

