2014-11-30 18:55:07.387866 	|	 VM_Task_100 	|	 0	|	142	|	13380	|	80.61

2014-11-30 18:55:14.495784 	|	 VM_Task_100 	|	 0	|	142	|	13380	|	0.00

2014-11-30 18:55:21.623344 	|	 VM_Task_100 	|	 0	|	142	|	13380	|	25.76

2014-11-30 18:55:27.918848 	|	 VM_Task_100 	|	 0	|	155	|	13380	|	0.00

2014-11-30 18:55:34.236658 	|	 VM_Task_100 	|	 0	|	142	|	13380	|	0.00

2014-11-30 18:55:40.696105 	|	 VM_Task_100 	|	 0	|	155	|	13380	|	67.63

2014-11-30 18:55:47.095363 	|	 VM_Task_100 	|	 0	|	155	|	13380	|	0.00

2014-11-30 18:55:53.395451 	|	 VM_Task_100 	|	 0	|	142	|	13380	|	0.00

2014-11-30 18:55:59.654185 	|	 VM_Task_100 	|	 0	|	155	|	13380	|	0.00

2014-11-30 18:56:06.989976 	|	 VM_Task_100 	|	 0	|	142	|	13380	|	101.68

2014-11-30 18:56:19.248874 	|	 VM_Task_100 	|	 0	|	142	|	13380	|	102.04

2014-11-30 18:56:25.813014 	|	 VM_Task_100 	|	 0	|	143	|	13380	|	100.72

2014-11-30 18:56:32.632325 	|	 VM_Task_100 	|	 0	|	152	|	13380	|	104.17

2014-11-30 18:56:38.923357 	|	 VM_Task_100 	|	 0	|	157	|	13380	|	101.01

2014-11-30 18:56:45.124668 	|	 VM_Task_100 	|	 0	|	156	|	13380	|	101.01

2014-11-30 18:56:51.844042 	|	 VM_Task_100 	|	 0	|	156	|	13380	|	101.01

2014-11-30 18:56:58.064374 	|	 VM_Task_100 	|	 0	|	156	|	13380	|	100.00

2014-11-30 18:57:04.323781 	|	 VM_Task_100 	|	 0	|	142	|	13380	|	0.00

2014-11-30 18:57:17.499497 	|	 VM_Task_100 	|	 0	|	157	|	13380	|	76.90

2014-11-30 18:57:23.737862 	|	 VM_Task_100 	|	 0	|	142	|	13380	|	0.00

2014-11-30 18:57:31.554405 	|	 VM_Task_100 	|	 0	|	156	|	13380	|	99.01

2014-11-30 18:57:38.227711 	|	 VM_Task_100 	|	 0	|	142	|	13380	|	0.00

2014-11-30 18:57:50.633427 	|	 VM_Task_100 	|	 0	|	156	|	13380	|	102.04

2014-11-30 18:57:57.602459 	|	 VM_Task_100 	|	 0	|	142	|	13380	|	29.48

2014-11-30 18:58:05.804906 	|	 VM_Task_100 	|	 0	|	156	|	13380	|	101.01

2014-11-30 18:58:14.628183 	|	 VM_Task_100 	|	 0	|	142	|	13380	|	104.00

2014-11-30 18:58:20.891440 	|	 VM_Task_100 	|	 0	|	142	|	13380	|	15.66

2014-11-30 18:58:47.651111 	|	 VM_Task_100 	|	 0	|	156	|	13380	|	101.11

2014-11-30 18:58:55.878764 	|	 VM_Task_100 	|	 0	|	142	|	13380	|	113.81

2014-11-30 18:59:28.888088 	|	 VM_Task_100 	|	 0	|	157	|	13380	|	101.01

2014-11-30 18:59:35.649335 	|	 VM_Task_100 	|	 0	|	155	|	13380	|	0.00

2014-11-30 18:59:41.923137 	|	 VM_Task_100 	|	 0	|	142	|	13380	|	34.23

2014-11-30 19:00:01.323155 	|	 VM_Task_100 	|	 0	|	156	|	13380	|	102.14

2014-11-30 19:00:08.918870 	|	 VM_Task_100 	|	 0	|	142	|	13380	|	24.95

2014-11-30 19:00:15.471344 	|	 VM_Task_100 	|	 0	|	155	|	13380	|	103.09

2014-11-30 19:00:22.163035 	|	 VM_Task_100 	|	 0	|	157	|	13380	|	102.04

2014-11-30 19:00:28.374818 	|	 VM_Task_100 	|	 0	|	156	|	13380	|	102.04

2014-11-30 19:00:34.603602 	|	 VM_Task_100 	|	 0	|	156	|	13380	|	101.01

2014-11-30 19:00:40.846183 	|	 VM_Task_100 	|	 0	|	155	|	13380	|	0.00

2014-11-30 19:00:47.388651 	|	 VM_Task_100 	|	 0	|	142	|	13380	|	36.87

2014-11-30 19:01:04.536307 	|	 VM_Task_100 	|	 0	|	156	|	13380	|	98.80

2014-11-30 19:01:12.534761 	|	 VM_Task_100 	|	 0	|	143	|	13380	|	102.99

2014-11-30 19:01:19.479075 	|	 VM_Task_100 	|	 0	|	152	|	13380	|	106.38

2014-11-30 19:01:25.720799 	|	 VM_Task_100 	|	 0	|	157	|	13380	|	101.01

2014-11-30 19:01:32.295623 	|	 VM_Task_100 	|	 0	|	156	|	13380	|	100.00

2014-11-30 19:01:40.772520 	|	 VM_Task_100 	|	 0	|	142	|	13380	|	100.82

2014-11-30 19:01:47.187612 	|	 VM_Task_100 	|	 0	|	143	|	13380	|	99.59

2014-11-30 19:01:54.721739 	|	 VM_Task_100 	|	 0	|	152	|	13380	|	103.09

2014-11-30 19:02:13.043749 	|	 VM_Task_100 	|	 0	|	156	|	13380	|	101.01

2014-11-30 19:02:19.259831 	|	 VM_Task_100 	|	 0	|	157	|	13380	|	101.01

2014-11-30 19:02:25.486977 	|	 VM_Task_100 	|	 0	|	157	|	13380	|	101.01

2014-11-30 19:02:31.715268 	|	 VM_Task_100 	|	 0	|	156	|	13380	|	38.89

2014-11-30 19:02:38.354321 	|	 VM_Task_100 	|	 0	|	143	|	13380	|	29.09

2014-11-30 19:02:54.152323 	|	 VM_Task_100 	|	 0	|	157	|	13380	|	102.04

2014-11-30 19:03:00.392782 	|	 VM_Task_100 	|	 0	|	143	|	13380	|	0.00

2014-11-30 19:03:06.937491 	|	 VM_Task_100 	|	 0	|	154	|	13380	|	103.20

2014-11-30 19:03:13.214417 	|	 VM_Task_100 	|	 0	|	157	|	13380	|	102.04

2014-11-30 19:03:19.467165 	|	 VM_Task_100 	|	 0	|	157	|	13380	|	100.00

2014-11-30 19:03:26.198335 	|	 VM_Task_100 	|	 0	|	157	|	13380	|	100.00

2014-11-30 19:03:33.466439 	|	 VM_Task_100 	|	 0	|	156	|	13380	|	13.03

2014-11-30 19:03:40.441489 	|	 VM_Task_100 	|	 0	|	143	|	13380	|	26.94

2014-11-30 19:03:46.921886 	|	 VM_Task_100 	|	 0	|	154	|	13380	|	103.09

2014-11-30 19:03:53.726586 	|	 VM_Task_100 	|	 0	|	157	|	13380	|	102.04

2014-11-30 19:04:00.201212 	|	 VM_Task_100 	|	 0	|	143	|	13380	|	0.00

2014-11-30 19:04:16.415149 	|	 VM_Task_100 	|	 0	|	157	|	13380	|	101.01

2014-11-30 19:04:24.861438 	|	 VM_Task_100 	|	 0	|	143	|	13380	|	102.37

2014-11-30 19:04:32.861168 	|	 VM_Task_100 	|	 0	|	153	|	13380	|	102.04

2014-11-30 19:04:39.922463 	|	 VM_Task_100 	|	 0	|	157	|	13380	|	100.10

2014-11-30 19:04:46.134173 	|	 VM_Task_100 	|	 0	|	157	|	13380	|	100.00

2014-11-30 19:04:52.354512 	|	 VM_Task_100 	|	 0	|	157	|	13380	|	101.01

2014-11-30 19:04:58.702829 	|	 VM_Task_100 	|	 0	|	157	|	13380	|	101.01

2014-11-30 19:05:04.934627 	|	 VM_Task_100 	|	 0	|	156	|	13380	|	87.17

2014-11-30 19:05:12.057215 	|	 VM_Task_100 	|	 0	|	143	|	13380	|	0.00

2014-11-30 19:05:18.530715 	|	 VM_Task_100 	|	 0	|	155	|	13380	|	101.01

2014-11-30 19:05:24.786449 	|	 VM_Task_100 	|	 0	|	157	|	13380	|	102.04

2014-11-30 19:05:31.017501 	|	 VM_Task_100 	|	 0	|	157	|	13380	|	102.04

2014-11-30 19:05:37.229862 	|	 VM_Task_100 	|	 0	|	156	|	13380	|	0.00

2014-11-30 19:05:43.689476 	|	 VM_Task_100 	|	 0	|	143	|	13380	|	1.70

2014-11-30 19:05:50.109425 	|	 VM_Task_100 	|	 0	|	156	|	13380	|	102.04

2014-11-30 19:05:56.317194 	|	 VM_Task_100 	|	 0	|	157	|	13380	|	102.04

2014-11-30 19:06:02.542375 	|	 VM_Task_100 	|	 0	|	157	|	13380	|	101.01

2014-11-30 19:06:08.788015 	|	 VM_Task_100 	|	 0	|	157	|	13380	|	100.00

2014-11-30 19:06:15.032078 	|	 VM_Task_100 	|	 0	|	157	|	13380	|	97.60

2014-11-30 19:06:28.655142 	|	 VM_Task_100 	|	 0	|	145	|	13380	|	102.04

2014-11-30 19:06:39.669454 	|	 VM_Task_100 	|	 0	|	157	|	13380	|	104.17

2014-11-30 19:06:45.953746 	|	 VM_Task_100 	|	 0	|	160	|	13380	|	100.00

2014-11-30 19:06:52.167137 	|	 VM_Task_100 	|	 0	|	160	|	13380	|	99.01

2014-11-30 19:06:58.886317 	|	 VM_Task_100 	|	 0	|	160	|	13380	|	100.00

2014-11-30 19:07:05.115315 	|	 VM_Task_100 	|	 0	|	160	|	13380	|	100.00

2014-11-30 19:07:11.387590 	|	 VM_Task_100 	|	 0	|	160	|	13380	|	101.01

2014-11-30 19:07:20.893570 	|	 VM_Task_100 	|	 0	|	145	|	13380	|	102.04

2014-11-30 19:07:27.785727 	|	 VM_Task_100 	|	 0	|	145	|	13380	|	100.00

2014-11-30 19:07:34.014949 	|	 VM_Task_100 	|	 0	|	146	|	13380	|	102.04

2014-11-30 19:07:40.828434 	|	 VM_Task_100 	|	 0	|	156	|	13380	|	103.09

2014-11-30 19:07:47.104446 	|	 VM_Task_100 	|	 0	|	160	|	13380	|	101.01

2014-11-30 19:07:53.332069 	|	 VM_Task_100 	|	 0	|	159	|	13380	|	102.14

2014-11-30 19:07:59.569204 	|	 VM_Task_100 	|	 0	|	159	|	13380	|	100.00

2014-11-30 19:08:05.793598 	|	 VM_Task_100 	|	 0	|	156	|	13380	|	0.00

2014-11-30 19:08:12.040966 	|	 VM_Task_100 	|	 0	|	142	|	13380	|	0.00

2014-11-30 19:08:18.497933 	|	 VM_Task_100 	|	 0	|	154	|	13380	|	102.04

2014-11-30 19:08:24.761846 	|	 VM_Task_100 	|	 0	|	157	|	13380	|	99.11

2014-11-30 19:08:31.077557 	|	 VM_Task_100 	|	 0	|	157	|	13380	|	100.00

2014-11-30 19:08:37.313348 	|	 VM_Task_100 	|	 0	|	156	|	13380	|	100.10

2014-11-30 19:08:43.541865 	|	 VM_Task_100 	|	 0	|	156	|	13380	|	0.00

2014-11-30 19:08:49.920526 	|	 VM_Task_100 	|	 0	|	143	|	13380	|	19.60

2014-11-30 19:09:16.235169 	|	 VM_Task_100 	|	 0	|	157	|	13380	|	101.01

2014-11-30 19:09:22.952852 	|	 VM_Task_100 	|	 0	|	156	|	13380	|	81.72

2014-11-30 19:09:32.790601 	|	 VM_Task_100 	|	 0	|	142	|	13380	|	103.33

2014-11-30 19:09:39.514497 	|	 VM_Task_100 	|	 0	|	143	|	13380	|	83.09

2014-11-30 19:09:46.338234 	|	 VM_Task_100 	|	 0	|	155	|	13380	|	102.04

2014-11-30 19:09:52.589811 	|	 VM_Task_100 	|	 0	|	157	|	13380	|	100.00

2014-11-30 19:09:59.293441 	|	 VM_Task_100 	|	 0	|	157	|	13380	|	101.01

2014-11-30 19:10:05.508653 	|	 VM_Task_100 	|	 0	|	157	|	13380	|	102.04

2014-11-30 19:10:11.718102 	|	 VM_Task_100 	|	 0	|	157	|	13380	|	100.10

2014-11-30 19:10:17.928375 	|	 VM_Task_100 	|	 0	|	157	|	13380	|	99.01

2014-11-30 19:10:24.400615 	|	 VM_Task_100 	|	 0	|	157	|	13380	|	100.00

2014-11-30 19:10:31.120442 	|	 VM_Task_100 	|	 0	|	157	|	13380	|	100.00

2014-11-30 19:10:37.539337 	|	 VM_Task_100 	|	 0	|	143	|	13380	|	0.00

2014-11-30 19:10:44.498498 	|	 VM_Task_100 	|	 0	|	153	|	13380	|	102.04

2014-11-30 19:10:51.562372 	|	 VM_Task_100 	|	 0	|	157	|	13380	|	102.04

2014-11-30 19:10:57.777534 	|	 VM_Task_100 	|	 0	|	157	|	13380	|	102.04

2014-11-30 19:11:03.999684 	|	 VM_Task_100 	|	 0	|	156	|	13380	|	86.67

2014-11-30 19:11:10.597274 	|	 VM_Task_100 	|	 0	|	143	|	13380	|	0.00

2014-11-30 19:11:36.637366 	|	 VM_Task_100 	|	 0	|	155	|	13380	|	102.04

2014-11-30 19:11:44.410236 	|	 VM_Task_100 	|	 0	|	143	|	13380	|	102.92

2014-11-30 19:11:50.808130 	|	 VM_Task_100 	|	 0	|	142	|	13380	|	26.97

2014-11-30 19:11:57.477973 	|	 VM_Task_100 	|	 0	|	156	|	13380	|	102.04

2014-11-30 19:12:03.719311 	|	 VM_Task_100 	|	 0	|	157	|	13380	|	99.01

2014-11-30 19:12:10.741055 	|	 VM_Task_100 	|	 0	|	157	|	13380	|	99.01

2014-11-30 19:12:16.987942 	|	 VM_Task_100 	|	 0	|	157	|	13380	|	101.01

2014-11-30 19:12:23.233898 	|	 VM_Task_100 	|	 0	|	156	|	13380	|	102.14

2014-11-30 19:12:30.909044 	|	 VM_Task_100 	|	 0	|	143	|	13380	|	101.65

2014-11-30 19:12:37.330859 	|	 VM_Task_100 	|	 0	|	143	|	13380	|	98.91

2014-11-30 19:12:43.566689 	|	 VM_Task_100 	|	 0	|	143	|	13380	|	100.82

2014-11-30 19:13:23.793642 	|	 VM_Task_100 	|	 0	|	153	|	13380	|	102.04

2014-11-30 19:13:30.469866 	|	 VM_Task_100 	|	 0	|	156	|	13380	|	0.00

2014-11-30 19:13:37.273236 	|	 VM_Task_100 	|	 0	|	151	|	13380	|	103.09

2014-11-30 19:13:43.879411 	|	 VM_Task_100 	|	 0	|	156	|	13380	|	101.01

2014-11-30 19:13:50.081353 	|	 VM_Task_100 	|	 0	|	157	|	13380	|	100.00

2014-11-30 19:13:59.372465 	|	 VM_Task_100 	|	 0	|	157	|	13380	|	102.04

2014-11-30 19:14:05.699209 	|	 VM_Task_100 	|	 0	|	156	|	13380	|	0.00

2014-11-30 19:14:12.259863 	|	 VM_Task_100 	|	 0	|	151	|	13380	|	102.14

2014-11-30 19:14:18.502535 	|	 VM_Task_100 	|	 0	|	155	|	13380	|	102.04

2014-11-30 19:14:24.732143 	|	 VM_Task_100 	|	 0	|	157	|	13380	|	101.01

2014-11-30 19:14:33.503343 	|	 VM_Task_100 	|	 0	|	157	|	13380	|	101.01

2014-11-30 19:14:40.819488 	|	 VM_Task_100 	|	 0	|	156	|	13380	|	99.01

2014-11-30 19:14:47.942839 	|	 VM_Task_100 	|	 0	|	142	|	13380	|	15.76

2014-11-30 19:14:56.365355 	|	 VM_Task_100 	|	 0	|	153	|	13380	|	100.00

2014-11-30 19:15:11.324335 	|	 VM_Task_100 	|	 0	|	155	|	13380	|	101.01

2014-11-30 19:15:17.538384 	|	 VM_Task_100 	|	 0	|	157	|	13380	|	100.00

2014-11-30 19:15:23.750098 	|	 VM_Task_100 	|	 0	|	157	|	13380	|	100.00

2014-11-30 19:15:29.963827 	|	 VM_Task_100 	|	 0	|	157	|	13380	|	100.00

2014-11-30 19:15:36.165151 	|	 VM_Task_100 	|	 0	|	157	|	13380	|	100.00

2014-11-30 19:15:42.392336 	|	 VM_Task_100 	|	 0	|	157	|	13380	|	100.00

2014-11-30 19:15:48.613671 	|	 VM_Task_100 	|	 0	|	157	|	13380	|	100.00

2014-11-30 19:15:55.119203 	|	 VM_Task_100 	|	 0	|	156	|	13380	|	102.04

2014-11-30 19:16:01.488474 	|	 VM_Task_100 	|	 0	|	142	|	13380	|	22.42

2014-11-30 19:16:08.723246 	|	 VM_Task_100 	|	 0	|	154	|	13380	|	100.00

2014-11-30 19:16:14.935178 	|	 VM_Task_100 	|	 0	|	157	|	13380	|	101.01

2014-11-30 19:16:21.637434 	|	 VM_Task_100 	|	 0	|	157	|	13380	|	101.01

2014-11-30 19:16:28.252801 	|	 VM_Task_100 	|	 0	|	157	|	13380	|	101.01

2014-11-30 19:16:35.460842 	|	 VM_Task_100 	|	 0	|	157	|	13380	|	102.04

2014-11-30 19:16:42.751591 	|	 VM_Task_100 	|	 0	|	156	|	13380	|	52.66

2014-11-30 19:16:49.550231 	|	 VM_Task_100 	|	 0	|	152	|	13380	|	102.04

2014-11-30 19:16:55.827486 	|	 VM_Task_100 	|	 0	|	156	|	13380	|	102.04

2014-11-30 19:17:02.054641 	|	 VM_Task_100 	|	 0	|	157	|	13380	|	99.01

2014-11-30 19:17:10.216506 	|	 VM_Task_100 	|	 0	|	157	|	13380	|	102.04

2014-11-30 19:17:18.002692 	|	 VM_Task_100 	|	 0	|	156	|	13380	|	21.41

2014-11-30 19:17:25.726760 	|	 VM_Task_100 	|	 0	|	143	|	13380	|	101.96

2014-11-30 19:17:32.435598 	|	 VM_Task_100 	|	 0	|	154	|	13380	|	101.01

2014-11-30 19:17:43.546926 	|	 VM_Task_100 	|	 0	|	157	|	13380	|	101.01

2014-11-30 19:17:49.770850 	|	 VM_Task_100 	|	 0	|	157	|	13380	|	100.00

2014-11-30 19:17:55.991949 	|	 VM_Task_100 	|	 0	|	157	|	13380	|	100.00

2014-11-30 19:18:02.630362 	|	 VM_Task_100 	|	 0	|	157	|	13380	|	101.01

2014-11-30 19:18:13.189294 	|	 VM_Task_100 	|	 0	|	156	|	13380	|	0.00

2014-11-30 19:18:24.139092 	|	 VM_Task_100 	|	 0	|	143	|	13380	|	99.90

2014-11-30 19:18:30.354836 	|	 VM_Task_100 	|	 0	|	143	|	13380	|	87.20

2014-11-30 19:18:51.205692 	|	 VM_Task_100 	|	 0	|	153	|	13380	|	101.01

2014-11-30 19:19:06.829406 	|	 VM_Task_100 	|	 0	|	157	|	13380	|	101.01

2014-11-30 19:19:13.046094 	|	 VM_Task_100 	|	 0	|	157	|	13380	|	100.00

2014-11-30 19:19:19.773909 	|	 VM_Task_100 	|	 0	|	157	|	13380	|	100.00

2014-11-30 19:19:26.506799 	|	 VM_Task_100 	|	 0	|	156	|	13380	|	100.00

2014-11-30 19:19:32.742136 	|	 VM_Task_100 	|	 0	|	143	|	13380	|	0.00

2014-11-30 19:19:42.406735 	|	 VM_Task_100 	|	 0	|	154	|	13380	|	103.09

2014-11-30 19:19:48.643631 	|	 VM_Task_100 	|	 0	|	157	|	13380	|	100.00

2014-11-30 19:19:54.871291 	|	 VM_Task_100 	|	 0	|	157	|	13380	|	101.01

2014-11-30 19:20:01.097699 	|	 VM_Task_100 	|	 0	|	157	|	13380	|	102.04

2014-11-30 19:20:08.394839 	|	 VM_Task_100 	|	 0	|	143	|	13380	|	10.10

2014-11-30 19:20:18.622867 	|	 VM_Task_100 	|	 0	|	154	|	13380	|	101.01

2014-11-30 19:20:24.940564 	|	 VM_Task_100 	|	 0	|	156	|	13380	|	101.11

2014-11-30 19:20:31.204205 	|	 VM_Task_100 	|	 0	|	157	|	13380	|	100.00

2014-11-30 19:20:38.164568 	|	 VM_Task_100 	|	 0	|	157	|	13380	|	100.00

2014-11-30 19:20:44.633863 	|	 VM_Task_100 	|	 0	|	157	|	13380	|	101.01

2014-11-30 19:20:50.941823 	|	 VM_Task_100 	|	 0	|	157	|	13380	|	102.04

2014-11-30 19:20:57.158187 	|	 VM_Task_100 	|	 0	|	157	|	13380	|	101.01

2014-11-30 19:21:03.384186 	|	 VM_Task_100 	|	 0	|	156	|	13380	|	0.00

2014-11-30 19:21:25.421381 	|	 VM_Task_100 	|	 0	|	143	|	13380	|	102.04

2014-11-30 19:21:40.946103 	|	 VM_Task_100 	|	 0	|	155	|	13380	|	101.01

2014-11-30 19:21:49.407763 	|	 VM_Task_100 	|	 0	|	156	|	13380	|	102.04

2014-11-30 19:21:55.628706 	|	 VM_Task_100 	|	 0	|	157	|	13380	|	101.01

2014-11-30 19:22:01.849180 	|	 VM_Task_100 	|	 0	|	157	|	13380	|	100.00

2014-11-30 19:22:08.074131 	|	 VM_Task_100 	|	 0	|	157	|	13380	|	99.01

2014-11-30 19:22:14.313310 	|	 VM_Task_100 	|	 0	|	143	|	13380	|	0.00

2014-11-30 19:22:26.144773 	|	 VM_Task_100 	|	 0	|	157	|	13380	|	101.01

2014-11-30 19:22:32.775924 	|	 VM_Task_100 	|	 0	|	156	|	13380	|	101.01

2014-11-30 19:22:39.095568 	|	 VM_Task_100 	|	 0	|	143	|	13380	|	0.00

2014-11-30 19:22:45.494967 	|	 VM_Task_100 	|	 0	|	154	|	13380	|	102.04

2014-11-30 19:22:51.803187 	|	 VM_Task_100 	|	 0	|	157	|	13380	|	101.01

2014-11-30 19:22:59.219343 	|	 VM_Task_100 	|	 0	|	157	|	13380	|	101.01

2014-11-30 19:23:05.961405 	|	 VM_Task_100 	|	 0	|	157	|	13380	|	100.00

2014-11-30 19:23:17.648734 	|	 VM_Task_100 	|	 0	|	143	|	13380	|	100.81

2014-11-30 19:23:24.953501 	|	 VM_Task_100 	|	 0	|	154	|	13380	|	103.09

2014-11-30 19:23:31.267273 	|	 VM_Task_100 	|	 0	|	156	|	13380	|	0.00

2014-11-30 19:23:38.906951 	|	 VM_Task_100 	|	 0	|	143	|	13380	|	29.50

2014-11-30 19:23:49.527533 	|	 VM_Task_100 	|	 0	|	156	|	13380	|	101.01

2014-11-30 19:23:58.138145 	|	 VM_Task_100 	|	 0	|	143	|	13380	|	101.58

2014-11-30 19:24:05.987772 	|	 VM_Task_100 	|	 0	|	152	|	13380	|	102.04

2014-11-30 19:24:14.607595 	|	 VM_Task_100 	|	 0	|	157	|	13380	|	100.00

2014-11-30 19:24:20.821547 	|	 VM_Task_100 	|	 0	|	157	|	13380	|	101.01

2014-11-30 19:24:27.443429 	|	 VM_Task_100 	|	 0	|	157	|	13380	|	101.01

2014-11-30 19:24:34.160366 	|	 VM_Task_100 	|	 0	|	157	|	13380	|	101.01

2014-11-30 19:24:43.239455 	|	 VM_Task_100 	|	 0	|	143	|	13380	|	110.72

2014-11-30 19:24:49.741092 	|	 VM_Task_100 	|	 0	|	156	|	13380	|	103.20

2014-11-30 19:24:55.957609 	|	 VM_Task_100 	|	 0	|	157	|	13380	|	101.01

2014-11-30 19:25:02.188013 	|	 VM_Task_100 	|	 0	|	157	|	13380	|	100.00

2014-11-30 19:25:08.402314 	|	 VM_Task_100 	|	 0	|	157	|	13380	|	100.00

2014-11-30 19:25:14.633745 	|	 VM_Task_100 	|	 0	|	157	|	13380	|	100.00

2014-11-30 19:25:20.851909 	|	 VM_Task_100 	|	 0	|	157	|	13380	|	100.00

2014-11-30 19:25:27.061226 	|	 VM_Task_100 	|	 0	|	157	|	13380	|	101.01

2014-11-30 19:25:33.355609 	|	 VM_Task_100 	|	 0	|	156	|	13380	|	76.67

2014-11-30 19:25:40.314445 	|	 VM_Task_100 	|	 0	|	152	|	13380	|	105.26

2014-11-30 19:25:46.600448 	|	 VM_Task_100 	|	 0	|	158	|	13380	|	100.00

2014-11-30 19:25:52.838328 	|	 VM_Task_100 	|	 0	|	157	|	13380	|	100.00

2014-11-30 19:26:00.083516 	|	 VM_Task_100 	|	 0	|	157	|	13380	|	100.00

2014-11-30 19:26:06.884227 	|	 VM_Task_100 	|	 0	|	157	|	13380	|	101.11

2014-11-30 19:26:13.209845 	|	 VM_Task_100 	|	 0	|	157	|	13380	|	101.01

2014-11-30 19:26:19.551148 	|	 VM_Task_100 	|	 0	|	156	|	13380	|	99.01

2014-11-30 19:26:27.275945 	|	 VM_Task_100 	|	 0	|	142	|	13380	|	100.95

2014-11-30 19:26:34.123552 	|	 VM_Task_100 	|	 0	|	142	|	13380	|	6.33

2014-11-30 19:27:24.918670 	|	 VM_Task_100 	|	 0.0	|	157	|	13380	|	100.00

2014-11-30 19:27:31.126478 	|	 VM_Task_100 	|	 0	|	156	|	13380	|	101.01

2014-11-30 19:27:37.344582 	|	 VM_Task_100 	|	 0	|	155	|	13380	|	0.00

2014-11-30 19:27:43.612924 	|	 VM_Task_100 	|	 0	|	142	|	13380	|	0.00

2014-11-30 19:27:50.189014 	|	 VM_Task_100 	|	 0	|	155	|	13380	|	101.11

2014-11-30 19:27:56.449274 	|	 VM_Task_100 	|	 0	|	157	|	13380	|	101.01

2014-11-30 19:28:02.711111 	|	 VM_Task_100 	|	 0	|	157	|	13380	|	101.01

2014-11-30 19:28:15.249064 	|	 VM_Task_100 	|	 0	|	157	|	13380	|	100.00

2014-11-30 19:28:21.774985 	|	 VM_Task_100 	|	 0	|	156	|	13380	|	100.00

2014-11-30 19:28:28.506918 	|	 VM_Task_100 	|	 0	|	156	|	13380	|	33.13

2014-11-30 19:28:35.115883 	|	 VM_Task_100 	|	 0	|	142	|	13380	|	60.41

2014-11-30 19:28:41.612354 	|	 VM_Task_100 	|	 0	|	156	|	13380	|	103.09

2014-11-30 19:28:48.552312 	|	 VM_Task_100 	|	 0	|	157	|	13380	|	101.01

2014-11-30 19:28:55.372474 	|	 VM_Task_100 	|	 0	|	156	|	13380	|	99.01

2014-11-30 19:29:02.598333 	|	 VM_Task_100 	|	 0	|	157	|	13380	|	99.01

2014-11-30 19:29:09.198628 	|	 VM_Task_100 	|	 0	|	155	|	13380	|	0.00

2014-11-30 19:29:16.334407 	|	 VM_Task_100 	|	 0	|	152	|	13380	|	103.09

2014-11-30 19:29:22.626857 	|	 VM_Task_100 	|	 0	|	157	|	13380	|	102.14

2014-11-30 19:29:28.857166 	|	 VM_Task_100 	|	 0	|	157	|	13380	|	100.00

2014-11-30 19:29:35.076547 	|	 VM_Task_100 	|	 0	|	156	|	13380	|	101.01

2014-11-30 19:29:41.290312 	|	 VM_Task_100 	|	 0	|	156	|	13380	|	100.00

2014-11-30 19:29:47.524845 	|	 VM_Task_100 	|	 0	|	156	|	13380	|	101.01

2014-11-30 19:29:57.610150 	|	 VM_Task_100 	|	 0	|	143	|	13380	|	99.90

2014-11-30 19:30:04.285435 	|	 VM_Task_100 	|	 0	|	143	|	13380	|	102.04

2014-11-30 19:30:12.187788 	|	 VM_Task_100 	|	 0	|	152	|	13380	|	103.09

2014-11-30 19:30:18.406391 	|	 VM_Task_100 	|	 0	|	154	|	13380	|	100.10

2014-11-30 19:30:24.616737 	|	 VM_Task_100 	|	 0	|	155	|	13380	|	102.04

2014-11-30 19:30:30.822318 	|	 VM_Task_100 	|	 0	|	156	|	13380	|	102.14

2014-11-30 19:30:37.048377 	|	 VM_Task_100 	|	 0	|	157	|	13380	|	101.01

2014-11-30 19:30:49.298456 	|	 VM_Task_100 	|	 0	|	156	|	13380	|	100.00

2014-11-30 19:30:55.531470 	|	 VM_Task_100 	|	 0	|	156	|	13380	|	100.10

2014-11-30 19:31:01.781575 	|	 VM_Task_100 	|	 0	|	156	|	13380	|	101.01

2014-11-30 19:31:10.486426 	|	 VM_Task_100 	|	 0	|	142	|	13380	|	101.25

2014-11-30 19:31:17.438603 	|	 VM_Task_100 	|	 0	|	152	|	13380	|	103.09

2014-11-30 19:31:23.755724 	|	 VM_Task_100 	|	 0	|	156	|	13380	|	102.04

2014-11-30 19:31:29.996552 	|	 VM_Task_100 	|	 0	|	157	|	13380	|	101.01

2014-11-30 19:31:37.275953 	|	 VM_Task_100 	|	 0	|	157	|	13380	|	100.00

2014-11-30 19:31:44.105802 	|	 VM_Task_100 	|	 0	|	156	|	13380	|	100.10

2014-11-30 19:31:50.383665 	|	 VM_Task_100 	|	 0	|	156	|	13380	|	100.10

2014-11-30 19:31:58.262623 	|	 VM_Task_100 	|	 0	|	156	|	13380	|	4.10

2014-11-30 19:32:04.595550 	|	 VM_Task_100 	|	 0	|	142	|	13380	|	0.00

2014-11-30 19:32:12.191943 	|	 VM_Task_100 	|	 0	|	154	|	13380	|	102.04

2014-11-30 19:32:24.516624 	|	 VM_Task_100 	|	 0	|	156	|	13380	|	101.01

2014-11-30 19:32:31.016835 	|	 VM_Task_100 	|	 0	|	157	|	13380	|	101.01

2014-11-30 19:32:44.402674 	|	 VM_Task_100 	|	 0	|	157	|	13380	|	101.01

2014-11-30 19:32:51.086600 	|	 VM_Task_100 	|	 0	|	142	|	13380	|	88.66

2014-11-30 19:32:58.030648 	|	 VM_Task_100 	|	 0	|	156	|	13380	|	103.20

2014-11-30 19:33:04.305066 	|	 VM_Task_100 	|	 0	|	157	|	13380	|	100.00

2014-11-30 19:33:12.361934 	|	 VM_Task_100 	|	 0	|	157	|	13380	|	101.01

2014-11-30 19:33:18.573625 	|	 VM_Task_100 	|	 0	|	157	|	13380	|	100.00

2014-11-30 19:33:24.798694 	|	 VM_Task_100 	|	 0	|	157	|	13380	|	100.00

2014-11-30 19:33:34.481816 	|	 VM_Task_100 	|	 0	|	156	|	13380	|	100.10

2014-11-30 19:33:40.731193 	|	 VM_Task_100 	|	 0	|	156	|	13380	|	101.01

2014-11-30 19:33:47.510638 	|	 VM_Task_100 	|	 0	|	142	|	13380	|	0.00

2014-11-30 19:33:54.078068 	|	 VM_Task_100 	|	 0	|	153	|	13380	|	103.09

2014-11-30 19:34:01.732878 	|	 VM_Task_100 	|	 0	|	156	|	13380	|	101.01

2014-11-30 19:34:09.500281 	|	 VM_Task_100 	|	 0	|	157	|	13380	|	101.01

2014-11-30 19:34:15.778312 	|	 VM_Task_100 	|	 0	|	157	|	13380	|	100.00

2014-11-30 19:34:22.029234 	|	 VM_Task_100 	|	 0	|	156	|	13380	|	101.01

2014-11-30 19:34:28.262333 	|	 VM_Task_100 	|	 0	|	156	|	13380	|	21.00

2014-11-30 19:34:37.434975 	|	 VM_Task_100 	|	 0	|	143	|	13380	|	102.74

2014-11-30 19:34:43.965024 	|	 VM_Task_100 	|	 0	|	153	|	13380	|	103.09

2014-11-30 19:34:50.833998 	|	 VM_Task_100 	|	 0	|	156	|	13380	|	102.14

2014-11-30 19:34:57.057713 	|	 VM_Task_100 	|	 0	|	157	|	13380	|	101.01

2014-11-30 19:35:12.486389 	|	 VM_Task_100 	|	 0	|	157	|	13380	|	101.01

2014-11-30 19:35:18.713641 	|	 VM_Task_100 	|	 0	|	157	|	13380	|	101.01

2014-11-30 19:35:24.944606 	|	 VM_Task_100 	|	 0	|	156	|	13380	|	100.00

2014-11-30 19:35:31.721696 	|	 VM_Task_100 	|	 0	|	142	|	13380	|	47.73

2014-11-30 19:35:38.164791 	|	 VM_Task_100 	|	 0	|	156	|	13380	|	102.04

2014-11-30 19:35:44.398441 	|	 VM_Task_100 	|	 0	|	157	|	13380	|	100.00

2014-11-30 19:35:50.624287 	|	 VM_Task_100 	|	 0	|	157	|	13380	|	101.01

2014-11-30 19:35:56.847785 	|	 VM_Task_100 	|	 0	|	157	|	13380	|	100.00

2014-11-30 19:36:03.569852 	|	 VM_Task_100 	|	 0	|	156	|	13380	|	101.01

2014-11-30 19:36:09.796212 	|	 VM_Task_100 	|	 0	|	156	|	13380	|	80.10

2014-11-30 19:36:16.265098 	|	 VM_Task_100 	|	 0	|	142	|	13380	|	2.89

2014-11-30 19:36:22.966159 	|	 VM_Task_100 	|	 0	|	154	|	13380	|	103.09

2014-11-30 19:36:29.196459 	|	 VM_Task_100 	|	 0	|	155	|	13380	|	101.01

2014-11-30 19:36:44.805831 	|	 VM_Task_100 	|	 0	|	156	|	13380	|	100.00

2014-11-30 19:36:51.037510 	|	 VM_Task_100 	|	 0	|	157	|	13380	|	100.00

2014-11-30 19:36:57.274844 	|	 VM_Task_100 	|	 0	|	157	|	13380	|	100.00

2014-11-30 19:37:04.024063 	|	 VM_Task_100 	|	 0	|	157	|	13380	|	100.00

2014-11-30 19:37:10.276631 	|	 VM_Task_100 	|	 0	|	142	|	13380	|	0.00

2014-11-30 19:37:17.540244 	|	 VM_Task_100 	|	 0	|	154	|	13380	|	101.01

2014-11-30 19:37:24.072397 	|	 VM_Task_100 	|	 0	|	156	|	13380	|	102.04

2014-11-30 19:37:31.157589 	|	 VM_Task_100 	|	 0	|	157	|	13380	|	102.14

2014-11-30 19:37:42.240394 	|	 VM_Task_100 	|	 0	|	156	|	13380	|	99.01

2014-11-30 19:37:48.453025 	|	 VM_Task_100 	|	 0	|	157	|	13380	|	102.14

2014-11-30 19:37:55.160194 	|	 VM_Task_100 	|	 0	|	157	|	13380	|	102.04

2014-11-30 19:38:03.018518 	|	 VM_Task_100 	|	 0	|	155	|	13380	|	31.29

2014-11-30 19:38:09.592584 	|	 VM_Task_100 	|	 0	|	153	|	13380	|	103.09

2014-11-30 19:38:15.971995 	|	 VM_Task_100 	|	 0	|	155	|	13380	|	101.01

2014-11-30 19:38:22.521386 	|	 VM_Task_100 	|	 0	|	156	|	13380	|	100.00

2014-11-30 19:38:29.480732 	|	 VM_Task_100 	|	 0	|	157	|	13380	|	101.01

2014-11-30 19:38:35.709615 	|	 VM_Task_100 	|	 0	|	157	|	13380	|	100.10

2014-11-30 19:38:42.607439 	|	 VM_Task_100 	|	 0	|	156	|	13380	|	101.01

2014-11-30 19:38:49.080022 	|	 VM_Task_100 	|	 0	|	157	|	13380	|	101.01

2014-11-30 19:38:56.221844 	|	 VM_Task_100 	|	 0	|	156	|	13380	|	101.01

2014-11-30 19:39:02.881070 	|	 VM_Task_100 	|	 0	|	152	|	13380	|	102.04

2014-11-30 19:39:15.108654 	|	 VM_Task_100 	|	 0	|	156	|	13380	|	102.04

2014-11-30 19:39:22.130807 	|	 VM_Task_100 	|	 0	|	157	|	13380	|	100.00

2014-11-30 19:39:34.668994 	|	 VM_Task_100 	|	 0	|	157	|	13380	|	101.01

2014-11-30 19:39:43.354296 	|	 VM_Task_100 	|	 0	|	143	|	13380	|	99.69

2014-11-30 19:39:51.348284 	|	 VM_Task_100 	|	 0	|	153	|	13380	|	102.14

2014-11-30 19:39:58.131278 	|	 VM_Task_100 	|	 0	|	156	|	13380	|	103.20

2014-11-30 19:40:04.351959 	|	 VM_Task_100 	|	 0	|	157	|	13380	|	102.04

2014-11-30 19:40:10.573893 	|	 VM_Task_100 	|	 0	|	157	|	13380	|	100.10

2014-11-30 19:40:16.791483 	|	 VM_Task_100 	|	 0	|	157	|	13380	|	101.01

2014-11-30 19:40:23.013726 	|	 VM_Task_100 	|	 0	|	157	|	13380	|	101.01

2014-11-30 19:40:33.163657 	|	 VM_Task_100 	|	 0	|	157	|	13380	|	100.00

2014-11-30 19:40:39.386989 	|	 VM_Task_100 	|	 0	|	157	|	13380	|	100.00

2014-11-30 19:40:45.605709 	|	 VM_Task_100 	|	 0	|	157	|	13380	|	101.01

2014-11-30 19:40:51.830941 	|	 VM_Task_100 	|	 0	|	157	|	13380	|	100.10

2014-11-30 19:40:58.639286 	|	 VM_Task_100 	|	 0	|	142	|	13380	|	0.00

2014-11-30 19:41:05.099638 	|	 VM_Task_100 	|	 0	|	154	|	13380	|	102.04

2014-11-30 19:41:11.705230 	|	 VM_Task_100 	|	 0	|	157	|	13380	|	99.01

2014-11-30 19:41:17.944662 	|	 VM_Task_100 	|	 0	|	157	|	13380	|	101.01

2014-11-30 19:41:24.174169 	|	 VM_Task_100 	|	 0	|	157	|	13380	|	100.00

2014-11-30 19:41:34.328018 	|	 VM_Task_100 	|	 0	|	157	|	13380	|	101.01

2014-11-30 19:41:40.564700 	|	 VM_Task_100 	|	 0	|	143	|	13380	|	0.00

2014-11-30 19:41:47.106189 	|	 VM_Task_100 	|	 0	|	154	|	13380	|	102.04

2014-11-30 19:41:53.445875 	|	 VM_Task_100 	|	 0	|	157	|	13380	|	102.04

2014-11-30 19:42:11.142556 	|	 VM_Task_100 	|	 0	|	157	|	13380	|	101.01

2014-11-30 19:42:17.839601 	|	 VM_Task_100 	|	 0	|	157	|	13380	|	100.00

2014-11-30 19:42:24.571709 	|	 VM_Task_100 	|	 0	|	157	|	13380	|	100.00

2014-11-30 19:42:31.840518 	|	 VM_Task_100 	|	 0	|	157	|	13380	|	100.00

2014-11-30 19:42:38.079100 	|	 VM_Task_100 	|	 0	|	156	|	13380	|	95.76

2014-11-30 19:42:45.936898 	|	 VM_Task_100 	|	 0	|	143	|	13380	|	100.52

2014-11-30 19:42:52.526623 	|	 VM_Task_100 	|	 0	|	154	|	13380	|	102.04

2014-11-30 19:43:00.424998 	|	 VM_Task_100 	|	 0	|	157	|	13380	|	104.27

2014-11-30 19:43:06.658171 	|	 VM_Task_100 	|	 0	|	156	|	13380	|	101.11

2014-11-30 19:43:13.385241 	|	 VM_Task_100 	|	 0	|	157	|	13380	|	99.01

2014-11-30 19:43:19.609189 	|	 VM_Task_100 	|	 0	|	155	|	13380	|	0.00

2014-11-30 19:43:25.869713 	|	 VM_Task_100 	|	 0	|	142	|	13380	|	0.00

2014-11-30 19:43:33.713880 	|	 VM_Task_100 	|	 0	|	154	|	13380	|	102.04

2014-11-30 19:43:46.814420 	|	 VM_Task_100 	|	 0	|	157	|	13380	|	100.00

2014-11-30 19:43:53.412815 	|	 VM_Task_100 	|	 0	|	157	|	13380	|	101.01

2014-11-30 19:44:00.530227 	|	 VM_Task_100 	|	 0	|	157	|	13380	|	99.01

2014-11-30 19:44:06.755702 	|	 VM_Task_100 	|	 0	|	156	|	13380	|	101.01

2014-11-30 19:44:20.435336 	|	 VM_Task_100 	|	 0	|	156	|	13380	|	72.10

2014-11-30 19:44:28.045409 	|	 VM_Task_100 	|	 0	|	153	|	13380	|	104.17

2014-11-30 19:44:34.534643 	|	 VM_Task_100 	|	 0	|	157	|	13380	|	101.01

2014-11-30 19:44:48.410312 	|	 VM_Task_100 	|	 0	|	156	|	13380	|	100.00

2014-11-30 19:44:54.634546 	|	 VM_Task_100 	|	 0	|	156	|	13380	|	101.01

2014-11-30 19:45:00.855473 	|	 VM_Task_100 	|	 0	|	156	|	13380	|	100.00

2014-11-30 19:45:07.095032 	|	 VM_Task_100 	|	 0	|	142	|	13380	|	0.00

2014-11-30 19:45:13.774363 	|	 VM_Task_100 	|	 0	|	154	|	13380	|	102.14

2014-11-30 19:45:20.045318 	|	 VM_Task_100 	|	 0	|	156	|	13380	|	102.04

2014-11-30 19:45:26.276907 	|	 VM_Task_100 	|	 0	|	157	|	13380	|	100.00

2014-11-30 19:45:32.527363 	|	 VM_Task_100 	|	 0	|	156	|	13380	|	101.01

2014-11-30 19:45:39.347814 	|	 VM_Task_100 	|	 0	|	157	|	13380	|	100.00

2014-11-30 19:45:45.862975 	|	 VM_Task_100 	|	 0	|	156	|	13380	|	101.01

2014-11-30 19:45:52.588321 	|	 VM_Task_100 	|	 0	|	142	|	13380	|	0.00

2014-11-30 19:45:59.167913 	|	 VM_Task_100 	|	 0	|	154	|	13380	|	102.04

2014-11-30 19:46:05.418944 	|	 VM_Task_100 	|	 0	|	157	|	13380	|	101.01

2014-11-30 19:46:18.483745 	|	 VM_Task_100 	|	 0	|	157	|	13380	|	101.01

2014-11-30 19:46:24.713922 	|	 VM_Task_100 	|	 0	|	157	|	13380	|	101.01

2014-11-30 19:46:31.121112 	|	 VM_Task_100 	|	 0	|	156	|	13380	|	101.01

2014-11-30 19:46:37.853387 	|	 VM_Task_100 	|	 0	|	142	|	13380	|	0.00

2014-11-30 19:46:46.506430 	|	 VM_Task_100 	|	 0	|	154	|	13380	|	102.04

2014-11-30 19:46:52.737506 	|	 VM_Task_100 	|	 0	|	157	|	13380	|	100.00

2014-11-30 19:46:58.972505 	|	 VM_Task_100 	|	 0	|	157	|	13380	|	102.14

2014-11-30 19:47:05.204298 	|	 VM_Task_100 	|	 0	|	157	|	13380	|	101.01

2014-11-30 19:47:11.426269 	|	 VM_Task_100 	|	 0	|	157	|	13380	|	101.01

2014-11-30 19:47:17.684155 	|	 VM_Task_100 	|	 0	|	156	|	13380	|	101.01

2014-11-30 19:47:26.101077 	|	 VM_Task_100 	|	 0	|	155	|	13380	|	90.22

2014-11-30 19:47:32.675478 	|	 VM_Task_100 	|	 0	|	143	|	13380	|	0.00

2014-11-30 19:47:39.183366 	|	 VM_Task_100 	|	 0	|	154	|	13380	|	102.04

2014-11-30 19:47:53.663139 	|	 VM_Task_100 	|	 0	|	157	|	13380	|	101.11

2014-11-30 19:48:00.112252 	|	 VM_Task_100 	|	 0	|	157	|	13380	|	99.01

2014-11-30 19:48:06.829004 	|	 VM_Task_100 	|	 0	|	157	|	13380	|	102.14

2014-11-30 19:48:13.085582 	|	 VM_Task_100 	|	 0	|	156	|	13380	|	0.00

2014-11-30 19:48:20.914110 	|	 VM_Task_100 	|	 0	|	151	|	13380	|	100.00

2014-11-30 19:48:27.254838 	|	 VM_Task_100 	|	 0	|	155	|	13380	|	100.00

2014-11-30 19:48:33.483176 	|	 VM_Task_100 	|	 0	|	157	|	13380	|	100.00

2014-11-30 19:48:39.714963 	|	 VM_Task_100 	|	 0	|	157	|	13380	|	100.00

2014-11-30 19:48:46.516125 	|	 VM_Task_100 	|	 0	|	156	|	13380	|	100.00

2014-11-30 19:48:53.737017 	|	 VM_Task_100 	|	 0	|	157	|	13380	|	99.01

2014-11-30 19:49:00.873758 	|	 VM_Task_100 	|	 0	|	142	|	13380	|	105.22

2014-11-30 19:49:14.562543 	|	 VM_Task_100 	|	 0	|	153	|	13380	|	102.04

2014-11-30 19:49:28.324747 	|	 VM_Task_100 	|	 0	|	154	|	13380	|	100.00

2014-11-30 19:49:34.544915 	|	 VM_Task_100 	|	 0	|	157	|	13380	|	100.10

2014-11-30 19:49:40.773896 	|	 VM_Task_100 	|	 0	|	157	|	13380	|	101.01

2014-11-30 19:49:47.001237 	|	 VM_Task_100 	|	 0	|	157	|	13380	|	100.00

2014-11-30 19:49:53.451274 	|	 VM_Task_100 	|	 0	|	157	|	13380	|	99.01

2014-11-30 19:50:00.052063 	|	 VM_Task_100 	|	 0	|	143	|	13380	|	79.03

2014-11-30 19:50:06.627386 	|	 VM_Task_100 	|	 0	|	152	|	13380	|	102.04

2014-11-30 19:50:12.949364 	|	 VM_Task_100 	|	 0	|	155	|	13380	|	102.04

2014-11-30 19:50:19.733837 	|	 VM_Task_100 	|	 0	|	157	|	13380	|	102.04

2014-11-30 19:50:34.787564 	|	 VM_Task_100 	|	 0	|	157	|	13380	|	100.10

2014-11-30 19:50:41.051505 	|	 VM_Task_100 	|	 0	|	156	|	13380	|	98.14

2014-11-30 19:50:47.316655 	|	 VM_Task_100 	|	 0	|	155	|	13380	|	0.00

2014-11-30 19:50:53.574423 	|	 VM_Task_100 	|	 0	|	142	|	13380	|	0.00

2014-11-30 19:51:00.075141 	|	 VM_Task_100 	|	 0	|	154	|	13380	|	102.04

2014-11-30 19:51:09.173868 	|	 VM_Task_100 	|	 0	|	157	|	13380	|	100.00

2014-11-30 19:51:21.505256 	|	 VM_Task_100 	|	 0	|	157	|	13380	|	102.04

2014-11-30 19:51:28.728950 	|	 VM_Task_100 	|	 0	|	157	|	13380	|	100.00

2014-11-30 19:51:34.950893 	|	 VM_Task_100 	|	 0	|	156	|	13380	|	101.11

2014-11-30 19:51:48.121100 	|	 VM_Task_100 	|	 0	|	153	|	13380	|	104.17

2014-11-30 19:51:54.417841 	|	 VM_Task_100 	|	 0	|	157	|	13380	|	100.00

2014-11-30 19:52:04.973329 	|	 VM_Task_100 	|	 0	|	157	|	13380	|	101.01

2014-11-30 19:52:13.869711 	|	 VM_Task_100 	|	 0	|	156	|	13380	|	101.01

2014-11-30 19:52:22.608277 	|	 VM_Task_100 	|	 0	|	143	|	13380	|	19.29

2014-11-30 19:52:30.130768 	|	 VM_Task_100 	|	 0	|	154	|	13380	|	102.04

2014-11-30 19:52:36.470073 	|	 VM_Task_100 	|	 0	|	156	|	13380	|	100.00

2014-11-30 19:52:42.954013 	|	 VM_Task_100 	|	 0	|	156	|	13380	|	99.01

2014-11-30 19:52:49.183784 	|	 VM_Task_100 	|	 0	|	157	|	13380	|	101.01

2014-11-30 19:52:57.768009 	|	 VM_Task_100 	|	 0	|	156	|	13380	|	32.12

2014-11-30 19:53:08.810769 	|	 VM_Task_100 	|	 0	|	142	|	13380	|	0.00

2014-11-30 19:53:16.210618 	|	 VM_Task_100 	|	 0	|	155	|	13380	|	100.00

2014-11-30 19:53:27.054497 	|	 VM_Task_100 	|	 0	|	156	|	13380	|	101.01

2014-11-30 19:53:38.479630 	|	 VM_Task_100 	|	 0	|	157	|	13380	|	100.00

2014-11-30 19:53:45.559439 	|	 VM_Task_100 	|	 0	|	155	|	13380	|	27.73

2014-11-30 19:53:52.076897 	|	 VM_Task_100 	|	 0	|	152	|	13380	|	102.04

2014-11-30 19:53:58.858092 	|	 VM_Task_100 	|	 0	|	155	|	13380	|	102.04

2014-11-30 19:54:05.088863 	|	 VM_Task_100 	|	 0	|	157	|	13380	|	101.01

2014-11-30 19:54:29.910677 	|	 VM_Task_100 	|	 0	|	157	|	13380	|	100.00

2014-11-30 19:54:39.211621 	|	 VM_Task_100 	|	 0	|	142	|	13380	|	101.25

2014-11-30 19:54:47.075766 	|	 VM_Task_100 	|	 0	|	152	|	13380	|	103.09

2014-11-30 19:54:53.411263 	|	 VM_Task_100 	|	 0	|	155	|	13380	|	101.01

2014-11-30 19:55:06.342847 	|	 VM_Task_100 	|	 0	|	157	|	13380	|	101.01

2014-11-30 19:55:12.576425 	|	 VM_Task_100 	|	 0	|	157	|	13380	|	100.00

2014-11-30 19:55:18.804099 	|	 VM_Task_100 	|	 0	|	156	|	13380	|	69.60

2014-11-30 19:55:25.073888 	|	 VM_Task_100 	|	 0	|	142	|	13380	|	22.32

2014-11-30 19:55:31.463716 	|	 VM_Task_100 	|	 0	|	154	|	13380	|	102.04

2014-11-30 19:55:37.679868 	|	 VM_Task_100 	|	 0	|	157	|	13380	|	101.11

2014-11-30 19:55:43.901772 	|	 VM_Task_100 	|	 0	|	157	|	13380	|	100.00

2014-11-30 19:55:57.873433 	|	 VM_Task_100 	|	 0	|	156	|	13380	|	101.01

2014-11-30 19:56:09.194582 	|	 VM_Task_100 	|	 0	|	142	|	13380	|	0.00

2014-11-30 19:56:29.289347 	|	 VM_Task_100 	|	 0	|	156	|	13380	|	102.04

2014-11-30 19:56:36.943855 	|	 VM_Task_100 	|	 0	|	157	|	13380	|	101.01

2014-11-30 19:56:47.160907 	|	 VM_Task_100 	|	 0	|	156	|	13380	|	101.01

2014-11-30 19:56:54.102375 	|	 VM_Task_100 	|	 0	|	142	|	13380	|	0.00

2014-11-30 19:57:18.897958 	|	 VM_Task_100 	|	 0	|	154	|	13380	|	104.02

2014-11-30 19:57:27.513452 	|	 VM_Task_100 	|	 0	|	155	|	13380	|	0.00

2014-11-30 19:57:34.637656 	|	 VM_Task_100 	|	 0	|	142	|	13380	|	0.00

2014-11-30 19:57:41.364192 	|	 VM_Task_100 	|	 0	|	154	|	13380	|	102.04

2014-11-30 19:57:47.782788 	|	 VM_Task_100 	|	 0	|	157	|	13380	|	101.01

2014-11-30 19:58:03.332345 	|	 VM_Task_100 	|	 0	|	157	|	13380	|	100.00

2014-11-30 19:58:09.586190 	|	 VM_Task_100 	|	 0	|	156	|	13380	|	101.01

2014-11-30 19:58:19.483106 	|	 VM_Task_100 	|	 0	|	155	|	13380	|	68.00

2014-11-30 19:58:26.118015 	|	 VM_Task_100 	|	 0	|	142	|	13380	|	21.60

2014-11-30 19:58:35.579978 	|	 VM_Task_100 	|	 0	|	155	|	13380	|	101.01

2014-11-30 19:58:47.836232 	|	 VM_Task_100 	|	 0	|	157	|	13380	|	103.09

2014-11-30 19:58:54.111758 	|	 VM_Task_100 	|	 0	|	157	|	13380	|	100.10

2014-11-30 19:59:05.077094 	|	 VM_Task_100 	|	 0	|	156	|	13380	|	100.00

2014-11-30 19:59:20.697174 	|	 VM_Task_100 	|	 0	|	142	|	13380	|	100.31

2014-11-30 19:59:47.462205 	|	 VM_Task_100 	|	 0	|	156	|	13380	|	101.01

2014-11-30 19:59:55.014610 	|	 VM_Task_100 	|	 0	|	142	|	13380	|	0.00

2014-11-30 20:00:01.840917 	|	 VM_Task_100 	|	 0	|	154	|	13380	|	103.09

2014-11-30 20:00:08.674421 	|	 VM_Task_100 	|	 0	|	157	|	13380	|	99.90

2014-11-30 20:00:14.905111 	|	 VM_Task_100 	|	 0	|	157	|	13380	|	99.01

2014-11-30 20:00:21.133411 	|	 VM_Task_100 	|	 0	|	157	|	13380	|	101.01

2014-11-30 20:00:39.040335 	|	 VM_Task_100 	|	 0	|	157	|	13380	|	100.00

2014-11-30 20:00:45.265787 	|	 VM_Task_100 	|	 0	|	157	|	13380	|	101.01

2014-11-30 20:00:53.107087 	|	 VM_Task_100 	|	 0	|	156	|	13380	|	4.90

2014-11-30 20:00:59.825142 	|	 VM_Task_100 	|	 0	|	154	|	13380	|	102.04

2014-11-30 20:01:06.592000 	|	 VM_Task_100 	|	 0	|	156	|	13380	|	101.01

