Copy Image ::node2: :: Dany1 :: Successfully copied the image
Create VM ::node2: :: Dany1 :: Successfully created the VM
Copy Image :: :: Dany1 :: Successfully copied the image
Create VM :: :: Dany1 :: Successfully created the VM
Copy Image ::node2: :: Dany1 :: Successfully copied the image
Copy Image :: :: Dinesh_Test :: Successfully copied the image
Create VM :: :: Dinesh_Test :: Successfully created the VM
Copy Image ::node2: :: DineshTest1 :: Successfully copied the image
Create VM ::node2: :: DineshTest1 :: Successfully created the VM
Copy Image :: :: Dinesh_Test :: Successfully copied the image
Create VM :: :: Dinesh_Test :: Successfully created the VM
Copy Image ::node2: :: Dinesh_Test :: Successfully copied the image
Create VM ::node2: :: Dinesh_Test :: Successfully created the VM
Copy Image :: :: VM_Task_1 :: Successfully copied the image
Create VM :: :: VM_Task_1 :: Successfully created the VM
Copy Image :: :: VM_Task_10 :: Successfully copied the image
Create VM :: :: VM_Task_10 :: Successfully created the VM
Copy Image :: :: VM_Task_100 :: Successfully copied the image
Create VM :: :: VM_Task_100 :: Successfully created the VM
Copy Image :: :: VM_Task_11 :: Successfully copied the image
Create VM :: :: VM_Task_11 :: Successfully created the VM
Copy Image :: :: VM_Task_12 :: Successfully copied the image
Create VM :: :: VM_Task_12 :: Successfully created the VM
Copy Image :: :: VM_Task_1 :: Successfully copied the image
Create VM :: :: VM_Task_1 :: Successfully created the VM
Copy Image :: :: VM_Task_10 :: Successfully copied the image
Create VM :: :: VM_Task_10 :: Successfully created the VM
Copy Image :: :: VM_Task_100 :: Successfully copied the image
Create VM :: :: VM_Task_100 :: Successfully created the VM
Copy Image :: :: VM_Task_11 :: Successfully copied the image
Create VM :: :: VM_Task_11 :: Successfully created the VM
Copy Image :: :: VM_Task_12 :: Successfully copied the image
Create VM :: :: VM_Task_12 :: Successfully created the VM
Copy Image :: :: VM_Task_13 :: Successfully copied the image
Create VM :: :: VM_Task_13 :: Successfully created the VM
Copy Image :: :: VM_Task_1 :: Successfully copied the image
Create VM :: :: VM_Task_1 :: Successfully created the VM
Copy Image :: :: VM_Task_10 :: Successfully copied the image
Create VM :: :: VM_Task_10 :: Successfully created the VM
Copy Image :: :: VM_Task_1 :: Successfully copied the image
Copy Image :: :: VM_Task_10 :: Successfully copied the image
Copy Image :: :: VM_Task_100 :: Successfully copied the image
Create VM :: :: VM_Task_100 :: Successfully created the VM
Copy Image :: :: VM_Task_11 :: Successfully copied the image
Create VM :: :: VM_Task_11 :: Successfully created the VM
Copy Image :: :: VM_Task_12 :: Successfully copied the image
Create VM :: :: VM_Task_12 :: Successfully created the VM
Copy Image :: :: VM_Task_13 :: Successfully copied the image
Create VM :: :: VM_Task_13 :: Successfully created the VM
Copy Image :: :: VM_Task_14 :: Successfully copied the image
Create VM :: :: VM_Task_14 :: Successfully created the VM
Copy Image :: :: VM_Task_15 :: Successfully copied the image
Create VM :: :: VM_Task_15 :: Successfully created the VM
Copy Image :: :: VM_Task_16 :: Successfully copied the image
Create VM :: :: VM_Task_16 :: Successfully created the VM
Copy Image :: :: VM_Task_1 :: Successfully copied the image
Create VM :: :: VM_Task_1 :: Successfully created the VM
Copy Image :: :: VM_Task_10 :: Successfully copied the image
Create VM :: :: VM_Task_10 :: Successfully created the VM
Copy Image :: :: VM_Task_100 :: Successfully copied the image
Create VM :: :: VM_Task_100 :: Successfully created the VM
Copy Image :: :: VM_Task_11 :: Successfully copied the image
Create VM :: :: VM_Task_11 :: Successfully created the VM
Copy Image :: :: VM_Task_1 :: Successfully copied the image
Create VM :: :: VM_Task_1 :: Successfully created the VM
Copy Image :: :: VM_Task_10 :: Successfully copied the image
Create VM :: :: VM_Task_10 :: Successfully created the VM
Copy Image :: :: VM_Task_100 :: Successfully copied the image
Create VM :: :: VM_Task_100 :: Successfully created the VM
Copy Image :: :: VM_Task_11 :: Successfully copied the image
Create VM :: :: VM_Task_11 :: Successfully created the VM
