Copy Image ::node1 :: VM_Task_1 :: Successfully copied the image
Create VM ::node1 :: VM_Task_1 :: Successfully created the VM
Update IP::node1 :: VM_Task_1 :: Successfully updated the IP
Run Job::node1 :: VM_Task_1 :: Successfully ran the job
Copy Image ::node1 :: VM_Task_10 :: Successfully copied the image
Create VM ::node1 :: VM_Task_10 :: Successfully created the VM
Update IP::node1 :: VM_Task_10 :: Successfully updated the IP
Run Job::node1 :: VM_Task_10 :: Successfully ran the job
Copy Image ::node1 :: VM_Task_100 :: Successfully copied the image
Create VM ::node1 :: VM_Task_100 :: Successfully created the VM
Update IP::node1 :: VM_Task_100 :: Successfully updated the IP
Run Job::node1 :: VM_Task_100 :: Successfully ran the job
Copy Image ::node1 :: VM_Task_11 :: Successfully copied the image
Create VM ::node1 :: VM_Task_11 :: Successfully created the VM
Update IP::node1 :: VM_Task_11 :: Successfully updated the IP
Run Job::node1 :: VM_Task_11 :: Successfully ran the job
Copy Image ::node1 :: VM_Task_12 :: Successfully copied the image
Create VM ::node1 :: VM_Task_12 :: Successfully created the VM
Update IP::node1 :: VM_Task_12 :: Successfully updated the IP
Run Job::node1 :: VM_Task_12 :: Successfully ran the job
Copy Image ::node1 :: VM_Task_13 :: Successfully copied the image
Create VM ::node1 :: VM_Task_13 :: Successfully created the VM
Update IP::node1 :: VM_Task_13 :: Successfully updated the IP
Run Job::node1 :: VM_Task_13 :: Successfully ran the job
Copy Image ::node1 :: VM_Task_14 :: Successfully copied the image
Create VM ::node1 :: VM_Task_14 :: Successfully created the VM
Update IP::node1 :: VM_Task_14 :: Successfully updated the IP
Run Job::node1 :: VM_Task_14 :: Successfully ran the job
Copy Image ::node3 :: VM_Task_15 :: Successfully copied the image
Create VM ::node3 :: VM_Task_15 :: Successfully created the VM
Update IP::node3 :: VM_Task_15 :: Successfully updated the IP
Run Job::node3 :: VM_Task_15 :: Successfully ran the job
Copy Image ::node3 :: VM_Task_16 :: Successfully copied the image
Create VM ::node3 :: VM_Task_16 :: Successfully created the VM
Update IP::node3 :: VM_Task_16 :: Successfully updated the IP
Run Job::node3 :: VM_Task_16 :: Successfully ran the job
Copy Image ::node3 :: VM_Task_17 :: Successfully copied the image
Create VM ::node3 :: VM_Task_17 :: Successfully created the VM
Update IP::node3 :: VM_Task_17 :: Successfully updated the IP
Run Job::node3 :: VM_Task_17 :: Successfully ran the job
Copy Image ::node3 :: VM_Task_18 :: Successfully copied the image
Create VM ::node3 :: VM_Task_18 :: Successfully created the VM
Update IP::node3 :: VM_Task_18 :: Successfully updated the IP
Run Job::node3 :: VM_Task_18 :: Successfully ran the job
Copy Image ::node3 :: VM_Task_19 :: Successfully copied the image
Create VM ::node3 :: VM_Task_19 :: Successfully created the VM
Update IP::node3 :: VM_Task_19 :: Successfully updated the IP
Run Job::node3 :: VM_Task_19 :: Successfully ran the job
Copy Image ::node3 :: VM_Task_2 :: Successfully copied the image
Create VM ::node3 :: VM_Task_2 :: Successfully created the VM
Update IP::node3 :: VM_Task_2 :: Successfully updated the IP
Run Job::node3 :: VM_Task_2 :: Successfully ran the job
Copy Image ::node3 :: VM_Task_20 :: Successfully copied the image
Create VM ::node3 :: VM_Task_20 :: Successfully created the VM
Update IP::node3 :: VM_Task_20 :: Successfully updated the IP
Run Job::node3 :: VM_Task_20 :: Successfully ran the job
Copy Image ::node2 :: VM_Task_21 :: Successfully copied the image
Create VM ::node2 :: VM_Task_21 :: Successfully created the VM
Update IP::node2 :: VM_Task_21 :: Successfully updated the IP
Run Job::node2 :: VM_Task_21 :: Successfully ran the job
Copy Image ::node2 :: VM_Task_22 :: Successfully copied the image
Create VM ::node2 :: VM_Task_22 :: Successfully created the VM
Update IP::node2 :: VM_Task_22 :: Successfully updated the IP
Run Job::node2 :: VM_Task_22 :: Successfully ran the job
Copy Image ::node2 :: VM_Task_23 :: Successfully copied the image
Create VM ::node2 :: VM_Task_23 :: Successfully created the VM
UpdCopy Image ::node1 :: VM_Task_1 :: Successfully copied the image
Create VM ::node1 :: VM_Task_1 :: Successfully created the VM
Update IP::node1 :: VM_Task_1 :: Successfully updated the IP
Run Job::node1 :: VM_Task_1 :: Successfully ran the job
Copy Image ::node1 :: VM_Task_10 :: Successfully copied the image
Create VM ::node1 :: VM_Task_10 :: Successfully created the VM
Update IP::node1 :: VM_Task_10 :: Successfully updated the IP
Run Job::node1 :: VM_Task_10 :: Successfully ran the job
Copy Image ::node1 :: VM_Task_100 :: Successfully copied the image
Create VM ::node1 :: VM_Task_100 :: Successfully created the VM
Update IP::node1 :: VM_Task_100 :: Successfully updated the IP
Run Job::node1 :: VM_Task_100 :: Successfully ran the job
Copy Image ::node1 :: VM_Task_11 :: Successfully copied the image
Create VM ::node1 :: VM_Task_11 :: Successfully created the VM
Update IP::node1 :: VM_Task_11 :: Successfully updated the IP
Run Job::node1 :: VM_Task_11 :: Successfully ran the job
Copy Image ::node1 :: VM_Task_12 :: Successfully copied the image
Create VM ::node1 :: VM_Task_12 :: Successfully created the VM
Update IP::node1 :: VM_Task_12 :: Successfully updated the IP
Run Job::node1 :: VM_Task_12 :: Successfully ran the job
Copy Image ::node1 :: VM_Task_13 :: Successfully copied the image
Create VM ::node1 :: VM_Task_13 :: Successfully created the VM
Update IP::node1 :: VM_Task_13 :: Successfully updated the IP
Run Job::node1 :: VM_Task_13 :: Successfully ran the job
Copy Image ::node1 :: VM_Task_14 :: Successfully copied the image
Create VM ::node1 :: VM_Task_14 :: Successfully created the VM
Update IP::node1 :: VM_Task_14 :: Successfully updated the IP
Run Job::node1 :: VM_Task_14 :: Successfully ran the job
Copy Image ::node3 :: VM_Task_15 :: Successfully copied the image
Create VM ::node3 :: VM_Task_15 :: Successfully created the VM
Update IP::node3 :: VM_Task_15 :: Successfully updated the IP
Run Job::node3 :: VM_Task_15 :: Successfully ran the job
Copy Image ::node3 :: VM_Task_16 :: Successfully copied the image
Create VM ::node3 :: VM_Task_16 :: Successfully created the VM
Update IP::node3 :: VM_Task_16 :: Successfully updated the IP
Run Job::node3 :: VM_Task_16 :: Successfully ran the job
Copy Image ::node3 :: VM_Task_17 :: Successfully copied the image
Create VM ::node3 :: VM_Task_17 :: Successfully created the VM
Update IP::node3 :: VM_Task_17 :: Successfully updated the IP
Run Job::node3 :: VM_Task_17 :: Successfully ran the job
Copy Image ::node3 :: VM_Task_18 :: Successfully copied the image
Create VM ::node3 :: VM_Task_18 :: Successfully created the VM
Update IP::node3 :: VM_Task_18 :: Successfully updated the IP
Run Job::node3 :: VM_Task_18 :: Successfully ran the job
Copy Image ::node3 :: VM_Task_19 :: Successfully copied the image
Create VM ::node3 :: VM_Task_19 :: Successfully created the VM
Update IP::node3 :: VM_Task_19 :: Successfully updated the IP
Run Job::node3 :: VM_Task_19 :: Successfully ran the job
Copy Image ::node3 :: VM_Task_2 :: Successfully copied the image
Create VM ::node3 :: VM_Task_2 :: Successfully created the VM
Update IP::node3 :: VM_Task_2 :: Successfully updated the IP
Run Job::node3 :: VM_Task_2 :: Successfully ran the job
Copy Image ::node3 :: VM_Task_20 :: Successfully copied the image
Create VM ::node3 :: VM_Task_20 :: Successfully created the VM
Update IP::node3 :: VM_Task_20 :: Successfully updated the IP
Run Job::node3 :: VM_Task_20 :: Successfully ran the job
Copy Image ::node2 :: VM_Task_21 :: Successfully copied the image
Create VM ::node2 :: VM_Task_21 :: Successfully created the VM
Update IP::node2 :: VM_Task_21 :: Successfully updated the IP
Run Job::node2 :: VM_Task_21 :: Successfully ran the job
Copy Image ::node2 :: VM_Task_22 :: Successfully copied the image
Create VM ::node2 :: VM_Task_22 :: Successfully created the VM
Update IP::node2 :: VM_Task_22 :: Successfully updated the IP
Run Job::node2 :: VM_Task_22 :: Successfully ran the job
Copy Image ::node2 :: VM_Task_23 :: Successfully copied the image
Create VM ::node2 :: VM_Task_23 :: Successfully created the VM
Update IP::node2 :: VM_Task_23 :: Successfully updated the IP
Run Job::node2 :: VM_Task_23 :: Successfully ran the job
Copy Image ::node2 :: VM_Task_24 :: Successfully copied the image
Create VM ::node2 :: VM_Task_24 :: Successfully created the VM
Update IP::node2 :: VM_Task_24 :: Successfully updated the IP
Run Job::node2 :: VM_Task_24 :: Successfully ran the job
Copy Image ::node2 :: VM_Task_25 :: Successfully copied the image
Create VM ::node2 :: VM_Task_25 :: Successfully created the VM
Update IP::node2 :: VM_Task_25 :: Successfully updated the IP
Run Job::node2 :: VM_Task_25 :: Successfully ran the job
Copy Image ::node2 :: VM_Task_26 :: Successfully copied the image
Create VM ::node2 :: VM_Task_26 :: Successfully created the VM
Update IP::node2 :: VM_Task_26 :: Successfully updated the IP
Run Job::node2 :: VM_Task_26 :: Successfully ran the job
Copy Image ::node2 :: VM_Task_27 :: Successfully copied the image
Create VM ::node2 :: VM_Task_27 :: Successfully created the VM
Update IP::node2 :: VM_Task_27 :: Successfully updated the IP
Run Job::node2 :: VM_Task_27 :: Successfully ran the job
Copy Image ::node4 :: VM_Task_28 :: Successfully copied the image
Copy Image ::node1 :: VM_Task_1 :: Successfully copied the image
Create VM ::node1 :: VM_Task_1 :: Successfully created the VM
Update IP::node1 :: VM_Task_1 :: Successfully updated the IP
Copy Image ::node1 :: VM_Task_1 :: Successfully copied the image
Create VM ::node1 :: VM_Task_1 :: Successfully created the VM
Update IP::node1 :: VM_Task_1 :: Successfully updated the IP
Run Job::node1 :: VM_Task_1 :: Successfully ran the job
Copy Image ::node1 :: VM_Task_10 :: Successfully copied the image
Create VM ::node1 :: VM_Task_10 :: Successfully created the VM
Update IP::node1 :: VM_Task_10 :: Successfully updated the IP
Copy Image ::node1 :: VM_Task_1 :: Successfully copied the image
Create VM ::node1 :: VM_Task_1 :: Successfully created the VM
Copy Image ::node1 :: VM_Task_1 :: Successfully copied the image
Create VM ::node1 :: VM_Task_1 :: Successfully created the VM
Copy Image ::node1 :: VM_Task_1 :: Successfully copied the image
Create VM ::node1 :: VM_Task_1 :: Successfully created the VM
Update IP::node1 :: VM_Task_1 :: Successfully updated the IP
Run Job::node1 :: VM_Task_1 :: Successfully ran the job
Copy Image ::node1 :: VM_Task_10 :: Successfully copied the image
Create VM ::node1 :: VM_Task_10 :: Successfully created the VM
Update IP::node1 :: VM_Task_10 :: Successfully updated the IP
Run Job::node1 :: VM_Task_10 :: Successfully ran the job
Copy Image ::node1 :: VM_Task_100 :: Successfully copied the image
Create VM ::node1 :: VM_Task_100 :: Successfully created the VM
Update IP::node1 :: VM_Task_100 :: Successfully updated the IP
Run Job::node1 :: VM_Task_100 :: Successfully ran the job
Copy Image ::node1 :: VM_Task_11 :: Successfully copied the image
Create VM ::node1 :: VM_Task_11 :: Successfully created the VM
Update IP::node1 :: VM_Task_11 :: Successfully updated the IP
Run Job::node1 :: VM_Task_11 :: Successfully ran the job
Copy Image ::node1 :: VM_Task_12 :: Successfully copied the image
Create VM ::node1 :: VM_Task_12 :: Successfully created the VM
Update IP::node1 :: VM_Task_12 :: Successfully updated the IP
Run Job::node1 :: VM_Task_12 :: Successfully ran the job
Copy Image ::node1 :: VM_Task_13 :: Successfully copied the image
Create VM ::node1 :: VM_Task_13 :: Successfully created the VM
Update IP::node1 :: VM_Task_13 :: Successfully updated the IP
Run Job::node1 :: VM_Task_13 :: Successfully ran the job
Copy Image ::node3 :: VM_Task_14 :: Successfully copied the image
Create VM ::node3 :: VM_Task_14 :: Successfully created the VM
Update IP::node3 :: VM_Task_14 :: Successfully updated the IP
Run Job::node3 :: VM_Task_14 :: Successfully ran the job
Copy Image ::node3 :: VM_Task_15 :: Successfully copied the image
Create VM ::node3 :: VM_Task_15 :: Successfully created the VM
Update IP::node3 :: VM_Task_15 :: Successfully updated the IP
Run Job::node3 :: VM_Task_15 :: Successfully ran the job
Copy Image ::node3 :: VM_Task_16 :: Successfully copied the image
Create VM ::node3 :: VM_Task_16 :: Successfully created the VM
Update IP::node3 :: VM_Task_16 :: Successfully updated the IP
Run Job::node3 :: VM_Task_16 :: Successfully ran the job
Copy Image ::node3 :: VM_Task_17 :: Successfully copied the image
Create VM ::node3 :: VM_Task_17 :: Successfully created the VM
Update IP::node3 :: VM_Task_17 :: Successfully updated the IP
Run Job::node3 :: VM_Task_17 :: Successfully ran the job
Copy Image ::node3 :: VM_Task_18 :: Successfully copied the image
Create VM ::node3 :: VM_Task_18 :: Successfully created the VM
Update IP::node3 :: VM_Task_18 :: Successfully updated the IP
Run Job::node3 :: VM_Task_18 :: Successfully ran the job
Copy Image ::node3 :: VM_Task_19 :: Successfully copied the image
Create VM ::node3 :: VM_Task_19 :: Successfully created the VM
Update IP::node3 :: VM_Task_19 :: Successfully updated the IP
Run Job::node3 :: VM_Task_19 :: Successfully ran the job
Copy Image ::node3 :: VM_Task_2 :: Successfully copied the image
Create VM ::node3 :: VM_Task_2 :: Successfully created the VM
Update IP::node3 :: VM_Task_2 :: Successfully updated the IP
Run Job::node3 :: VM_Task_2 :: Successfully ran the job
Copy Image ::node2 :: VM_Task_20 :: Successfully copied the image
Create VM ::node2 :: VM_Task_20 :: Successfully created the VM
Update IP::node2 :: VM_Task_20 :: Successfully updated the IP
Run Job::node2 :: VM_Task_20 :: Successfully ran the job
Copy Image ::node2 :: VM_Task_21 :: Successfully copied the image
Create VM ::node2 :: VM_Task_21 :: Successfully created the VM
Update IP::node2 :: VM_Task_21 :: Successfully updated the IP
Run Job::node2 :: VM_Task_21 :: Successfully ran the job
Copy Image ::node2 :: VM_Task_22 :: Successfully copied the image
Create VM ::node2 :: VM_Task_22 :: Successfully created the VM
Update IP::node2 :: VM_Task_22 :: Successfully updated the IP
Run Job::node2 :: VM_Task_22 :: Successfully ran the job
Copy Image ::node2 :: VM_Task_23 :: Successfully copied the image
Create VM ::node2 :: VM_Task_23 :: Successfully created the VM
UpdCopy Image ::node1 :: VM_Task_1 :: Successfully copied the image
Create VM ::node1 :: VM_Task_1 :: Successfully created the VM
Copy Image ::node1 :: VM_Task_1 :: Successfully copied the image
Create VM ::node1 :: VM_Task_1 :: Successfully created the VM
Copy Image ::node1 :: VM_Task_1 :: Successfully copied the image
Copy Image ::node1 :: VM_Task_1 :: Successfully copied the image
Create VM ::node1 :: VM_Task_1 :: Successfully created the VM
Copy Image ::node1 :: VM_Task_1 :: Successfully copied the image
Create VM ::node1 :: VM_Task_1 :: Successfully created the VM
Copy Image ::node1 :: VM_Task_1 :: Successfully copied the image
Create VM ::node1 :: VM_Task_1 :: Successfully created the VM
Copy Image ::node1 :: VM_Task_1 :: Successfully copied the image
Create VM ::node1 :: VM_Task_1 :: Successfully created the VM
Copy Image ::node1 :: VM_Task_1 :: Successfully copied the image
Copy Image ::node1 :: VM_Task_1 :: Successfully copied the image
Create VM ::node1 :: VM_Task_1 :: Successfully created the VM
Copy Image ::node1 :: VM_Task_1 :: Successfully copied the image
Create VM ::node1 :: VM_Task_1 :: Successfully created the VM
Update IP::node1 :: VM_Task_1 :: Successfully updated the IP
