2014-12-16 22:00:52.512553 	|	 VM_Task_16 	|	 0.1	|	146432.0	|	4292	|	0.00
2014-12-16 22:01:01.916567 	|	 VM_Task_16 	|	 0.105	|	190464.0	|	48196	|	0.00
2014-12-16 22:01:11.644317 	|	 VM_Task_16 	|	 0.113	|	190464.0	|	48196	|	0.00
2014-12-16 22:01:18.040368 	|	 VM_Task_16 	|	 0.142	|	150528.0	|	8260	|	0.00
2014-12-16 22:01:18.503006 	|	 VM_Task_16 	|	 0.14	|	150528.0	|	8260	|	0.00
2014-12-16 22:01:24.536532 	|	 VM_Task_16 	|	 0.14	|	150528.0	|	8260	|	0.00
2014-12-16 22:01:30.560797 	|	 VM_Task_16 	|	 0.195	|	160768.0	|	18500	|	0.00
2014-12-16 22:01:40.997581 	|	 VM_Task_16 	|	 0.192	|	160768.0	|	18500	|	0.00
2014-12-16 22:01:50.791399 	|	 VM_Task_16 	|	 0.332	|	171008.0	|	28740	|	0.50
2014-12-16 22:02:22.457629 	|	 VM_Task_16 	|	 0.324	|	171008.0	|	28740	|	0.00
2014-12-16 22:02:26.865883 	|	 VM_Task_16 	|	 0.128	|	161792.0	|	4292	|	0.00
2014-12-16 22:02:37.329917 	|	 VM_Task_16 	|	 0.765	|	161792.0	|	23620	|	22.73
2014-12-16 22:03:01.161728 	|	 VM_Task_16 	|	 0.79	|	162816.0	|	23620	|	11.40
2014-12-16 22:03:10.853582 	|	 VM_Task_16 	|	 0.646	|	173056.0	|	33860	|	0.00
2014-12-16 22:03:15.986095 	|	 VM_Task_16 	|	 0.0	|	161792.0	|	0.0	|	100.10
2014-12-16 22:03:20.521603 	|	 VM_Task_16 	|	 0.207	|	160768.0	|	8260	|	0.00
2014-12-16 22:03:20.527382 	|	 VM_Task_16 	|	 0.14	|	143360.0	|	4292	|	0.00
2014-12-16 22:03:27.457600 	|	 VM_Task_16 	|	 0.0	|	186368.0	|	33860	|	62.68
2014-12-16 22:03:29.979363 	|	 VM_Task_16 	|	 0.172	|	186368.0	|	33860	|	0.00
2014-12-16 22:03:35.854199 	|	 VM_Task_16 	|	 0.276	|	197632.0	|	58436	|	0.00
2014-12-16 22:03:40.796149 	|	 VM_Task_16 	|	 0.27	|	171008.0	|	18500	|	0.00
2014-12-16 22:03:45.427241 	|	 VM_Task_16 	|	 0.278	|	157696.0	|	18500	|	80.61
2014-12-16 22:03:57.158285 	|	 VM_Task_16 	|	 0.3	|	157696.0	|	18500	|	39.19
2014-12-16 22:04:03.782876 	|	 VM_Task_16 	|	 0.307	|	157696.0	|	18500	|	28.37
2014-12-16 22:04:09.816085 	|	 VM_Task_16 	|	 0.106	|	143360.0	|	4292	|	0.00
2014-12-16 22:04:15.853680 	|	 VM_Task_16 	|	 0.125	|	143360.0	|	4292	|	0.00
2014-12-16 22:04:21.895582 	|	 VM_Task_16 	|	 0.126	|	143360.0	|	4292	|	1.98
2014-12-16 22:04:28.465703 	|	 VM_Task_16 	|	 0.17	|	151552.0	|	13380	|	48.59
2014-12-16 23:11:27.131794 	|	 VM_Task_16 	|	 0.0	|	135168.0	|	0.0	|	71.01
2014-12-16 23:11:33.172193 	|	 VM_Task_16 	|	 0.13	|	144384.0	|	8260	|	17.17
2014-12-16 23:11:39.196510 	|	 VM_Task_16 	|	 0.1	|	184320.0	|	48196	|	0.00
2014-12-16 23:11:48.141490 	|	 VM_Task_16 	|	 0.103	|	184320.0	|	48196	|	1.70
2014-12-16 23:11:51.244003 	|	 VM_Task_16 	|	 0.126	|	144384.0	|	8260	|	0.00
2014-12-16 23:11:57.273152 	|	 VM_Task_16 	|	 0.125	|	144384.0	|	8260	|	0.00
2014-12-16 23:12:18.861221 	|	 VM_Task_16 	|	 0.118	|	144384.0	|	8260	|	9.30
2014-12-16 23:12:18.865449 	|	 VM_Task_16 	|	 0.177	|	154624.0	|	18500	|	0.00
2014-12-16 23:12:18.870782 	|	 VM_Task_16 	|	 0.18	|	154624.0	|	18500	|	0.61
2014-12-16 23:12:21.365757 	|	 VM_Task_16 	|	 0.296	|	164864.0	|	28740	|	0.00
2014-12-16 23:12:27.393647 	|	 VM_Task_16 	|	 0.12	|	140288.0	|	4292	|	99.15
2014-12-16 23:12:33.423652 	|	 VM_Task_16 	|	 0.125	|	156672.0	|	4292	|	101.01
2014-12-16 23:12:52.855163 	|	 VM_Task_16 	|	 0.667	|	175104.0	|	23620	|	0.00
2014-12-16 23:12:52.859609 	|	 VM_Task_16 	|	 0.726	|	175104.0	|	23620	|	12.93
2014-12-16 23:12:52.864292 	|	 VM_Task_16 	|	 0.671	|	185344.0	|	33860	|	0.00
2014-12-16 23:12:57.732498 	|	 VM_Task_16 	|	 0.21	|	159744.0	|	8260	|	0.00
2014-12-16 23:13:03.757499 	|	 VM_Task_16 	|	 0.216	|	159744.0	|	8260	|	0.00
2014-12-16 23:13:10.215979 	|	 VM_Task_16 	|	 0.132	|	146432.0	|	13380	|	96.41
2014-12-16 23:13:16.270487 	|	 VM_Task_16 	|	 0.0	|	137216.0	|	4292	|	72.06
2014-12-16 23:13:23.642369 	|	 VM_Task_16 	|	 0.135	|	151552.0	|	4292	|	74.59
2014-12-16 23:13:30.007276 	|	 VM_Task_16 	|	 0.16	|	165888.0	|	33860	|	90.54
2014-12-16 23:13:36.271999 	|	 VM_Task_16 	|	 0.176	|	150528.0	|	58436	|	24.50
2014-12-16 23:13:42.349561 	|	 VM_Task_16 	|	 0.285	|	191488.0	|	58436	|	0.00
2014-12-16 23:13:48.658284 	|	 VM_Task_16 	|	 0.25	|	161792.0	|	18500	|	105.37
2014-12-16 23:13:55.410701 	|	 VM_Task_16 	|	 0.255	|	164864.0	|	18500	|	100.10
2014-12-16 23:14:01.496522 	|	 VM_Task_16 	|	 0.34	|	150528.0	|	18500	|	80.11
2014-12-16 23:14:07.518692 	|	 VM_Task_16 	|	 0.19	|	137216.0	|	4292	|	0.00
2014-12-16 23:14:13.543766 	|	 VM_Task_16 	|	 0.115	|	137216.0	|	4292	|	0.00
2014-12-16 23:14:19.567280 	|	 VM_Task_16 	|	 0.115	|	137216.0	|	4292	|	0.00
2014-12-16 23:14:25.589096 	|	 VM_Task_16 	|	 0.117	|	136192.0	|	4292	|	0.10
2014-12-16 23:14:34.512527 	|	 VM_Task_16 	|	 0.18	|	159744.0	|	13380	|	1.21
2014-12-16 23:14:40.667050 	|	 VM_Task_16 	|	 0.462	|	171008.0	|	38980	|	64.11
2014-12-16 23:14:46.690806 	|	 VM_Task_16 	|	 0.0	|	161792.0	|	28740	|	98.39
2014-12-16 23:14:57.346934 	|	 VM_Task_16 	|	 0.118	|	160768.0	|	28740	|	32.93
2014-12-16 23:15:06.792229 	|	 VM_Task_16 	|	 0.556	|	171008.0	|	38980	|	52.53
2014-12-16 23:15:12.816388 	|	 VM_Task_16 	|	 0.552	|	171008.0	|	38980	|	59.39
2014-12-16 23:15:18.841696 	|	 VM_Task_16 	|	 0.147	|	200704.0	|	68676	|	61.03
2014-12-16 23:15:24.864858 	|	 VM_Task_16 	|	 0.35	|	150528.0	|	18500	|	0.00
2014-12-16 23:15:33.221653 	|	 VM_Task_16 	|	 0.342	|	164864.0	|	18500	|	69.59
2014-12-16 23:15:39.242197 	|	 VM_Task_16 	|	 0.136	|	158720.0	|	13380	|	0.00
2014-12-16 23:15:45.488362 	|	 VM_Task_16 	|	 0.455	|	179200.0	|	33860	|	0.00
2014-12-16 23:15:51.740818 	|	 VM_Task_16 	|	 0.577	|	165888.0	|	33860	|	53.13
2014-12-16 23:15:57.763291 	|	 VM_Task_16 	|	 0.143	|	140288.0	|	8260	|	95.47
2014-12-16 23:16:07.953983 	|	 VM_Task_16 	|	 0.34	|	159744.0	|	13380	|	38.40
2014-12-16 23:16:14.391932 	|	 VM_Task_16 	|	 0.214	|	145408.0	|	13380	|	90.40
2014-12-16 23:16:20.416442 	|	 VM_Task_16 	|	 0.126	|	145408.0	|	13380	|	91.62
2014-12-16 23:16:26.443956 	|	 VM_Task_16 	|	 0.166	|	145408.0	|	13380	|	91.96
2014-12-16 23:16:32.470606 	|	 VM_Task_16 	|	 0.153	|	145408.0	|	13380	|	89.06
2014-12-16 23:16:38.496098 	|	 VM_Task_16 	|	 0.156	|	145408.0	|	13380	|	0.60
2014-12-16 23:16:44.523014 	|	 VM_Task_16 	|	 0.0	|	141312.0	|	13380	|	0.00
2014-12-16 23:16:52.427397 	|	 VM_Task_16 	|	 0.0	|	154624.0	|	13380	|	101.01
2014-12-16 23:16:58.455885 	|	 VM_Task_16 	|	 0.0	|	155648.0	|	13380	|	101.01
2014-12-16 23:17:04.478189 	|	 VM_Task_16 	|	 0.0	|	154624.0	|	13380	|	0.00
2014-12-16 23:17:10.914502 	|	 VM_Task_16 	|	 0.0	|	141312.0	|	13380	|	104.17
2014-12-16 23:17:16.943005 	|	 VM_Task_16 	|	 0.0	|	141312.0	|	13380	|	104.17
2014-12-16 23:17:22.967688 	|	 VM_Task_16 	|	 0.0	|	141312.0	|	13380	|	0.00
2014-12-16 23:17:28.994382 	|	 VM_Task_16 	|	 0.0	|	141312.0	|	13380	|	0.00
2014-12-16 23:17:35.020031 	|	 VM_Task_16 	|	 0.0	|	141312.0	|	13380	|	0.00
2014-12-16 23:17:42.840711 	|	 VM_Task_16 	|	 0.0	|	151552.0	|	13380	|	103.09
2014-12-16 23:17:48.865163 	|	 VM_Task_16 	|	 0.0	|	155648.0	|	13380	|	101.11
2014-12-16 23:17:55.426325 	|	 VM_Task_16 	|	 0.0	|	141312.0	|	13380	|	106.38
2014-12-16 23:18:01.452454 	|	 VM_Task_16 	|	 0.0	|	141312.0	|	13380	|	104.17
2014-12-16 23:18:13.087214 	|	 VM_Task_16 	|	 0.0	|	155648.0	|	13380	|	72.32
2014-12-16 23:18:19.598156 	|	 VM_Task_16 	|	 0.0	|	141312.0	|	13380	|	105.26
2014-12-16 23:18:25.760880 	|	 VM_Task_16 	|	 0.0	|	153600.0	|	13380	|	104.17
2014-12-16 23:18:31.787466 	|	 VM_Task_16 	|	 0.0	|	155648.0	|	13380	|	101.01
2014-12-16 23:18:38.293523 	|	 VM_Task_16 	|	 0.0	|	141312.0	|	13380	|	106.38
2014-12-16 23:18:44.319622 	|	 VM_Task_16 	|	 0.0	|	141312.0	|	13380	|	43.65
2014-12-16 23:18:52.635642 	|	 VM_Task_16 	|	 0.0	|	155648.0	|	13380	|	102.04
2014-12-16 23:18:59.236582 	|	 VM_Task_16 	|	 0.0	|	141312.0	|	13380	|	105.16
2014-12-16 23:19:05.426370 	|	 VM_Task_16 	|	 0.0	|	151552.0	|	13380	|	106.38
2014-12-16 23:19:11.705045 	|	 VM_Task_16 	|	 0.0	|	155648.0	|	13380	|	102.04
2014-12-16 23:19:18.203968 	|	 VM_Task_16 	|	 0.0	|	141312.0	|	13380	|	105.26
2014-12-16 23:19:24.252660 	|	 VM_Task_16 	|	 0.0	|	141312.0	|	13380	|	15.31
2014-12-16 23:19:33.084497 	|	 VM_Task_16 	|	 0.0	|	155648.0	|	13380	|	87.27
2014-12-16 23:19:39.589444 	|	 VM_Task_16 	|	 0.0	|	141312.0	|	13380	|	105.26
2014-12-16 23:19:45.689432 	|	 VM_Task_16 	|	 0.0	|	151552.0	|	13380	|	106.49
2014-12-16 23:19:51.716678 	|	 VM_Task_16 	|	 0.0	|	155648.0	|	13380	|	101.01
2014-12-16 23:19:58.309495 	|	 VM_Task_16 	|	 0.0	|	141312.0	|	13380	|	102.99
2014-12-16 23:20:04.335453 	|	 VM_Task_16 	|	 0.0	|	141312.0	|	13380	|	103.09
2014-12-16 23:20:10.363825 	|	 VM_Task_16 	|	 0.0	|	142336.0	|	13380	|	56.70
2014-12-16 23:20:16.536595 	|	 VM_Task_16 	|	 0.0	|	153600.0	|	13380	|	104.17
2014-12-16 23:20:22.562271 	|	 VM_Task_16 	|	 0.0	|	155648.0	|	13380	|	101.01
2014-12-16 23:20:29.153689 	|	 VM_Task_16 	|	 0.0	|	141312.0	|	13380	|	102.99
2014-12-16 23:20:35.181628 	|	 VM_Task_16 	|	 0.0	|	141312.0	|	13380	|	101.01
2014-12-16 23:20:41.201322 	|	 VM_Task_16 	|	 0.0	|	141312.0	|	13380	|	102.04
2014-12-16 23:20:47.229449 	|	 VM_Task_16 	|	 0.0	|	141312.0	|	13380	|	103.09
2014-12-16 23:20:53.254204 	|	 VM_Task_16 	|	 0.0	|	141312.0	|	13380	|	0.00
2014-12-16 23:21:03.864649 	|	 VM_Task_16 	|	 0.0	|	155648.0	|	13380	|	80.20
2014-12-16 23:21:10.440787 	|	 VM_Task_16 	|	 0.0	|	141312.0	|	13380	|	105.26
2014-12-16 23:21:16.468277 	|	 VM_Task_16 	|	 0.0	|	141312.0	|	13380	|	100.00
2014-12-16 23:21:22.493375 	|	 VM_Task_16 	|	 0.0	|	141312.0	|	13380	|	100.00
2014-12-16 23:21:28.516431 	|	 VM_Task_16 	|	 0.0	|	141312.0	|	13380	|	103.09
2014-12-16 23:21:34.547382 	|	 VM_Task_16 	|	 0.0	|	141312.0	|	13380	|	0.40
2014-12-16 23:21:43.997322 	|	 VM_Task_16 	|	 0.0	|	155648.0	|	13380	|	86.60
2014-12-16 23:21:54.825646 	|	 VM_Task_16 	|	 0.0	|	141312.0	|	13380	|	101.01
2014-12-16 23:22:00.851108 	|	 VM_Task_16 	|	 0.0	|	141312.0	|	13380	|	102.04
2014-12-16 23:22:06.875369 	|	 VM_Task_16 	|	 0.0	|	142336.0	|	13380	|	19.60
2014-12-16 23:22:13.059850 	|	 VM_Task_16 	|	 0.0	|	155648.0	|	13380	|	102.04
2014-12-16 23:22:19.083643 	|	 VM_Task_16 	|	 0.0	|	155648.0	|	13380	|	68.88
2014-12-16 23:22:25.639772 	|	 VM_Task_16 	|	 0.0	|	141312.0	|	13380	|	107.53
2014-12-16 23:22:31.854994 	|	 VM_Task_16 	|	 0.0	|	152576.0	|	13380	|	107.53
2014-12-16 23:22:37.876355 	|	 VM_Task_16 	|	 0.0	|	154624.0	|	13380	|	0.00
2014-12-16 23:22:44.373594 	|	 VM_Task_16 	|	 0.0	|	141312.0	|	13380	|	107.53
2014-12-16 23:22:50.429101 	|	 VM_Task_16 	|	 0.0	|	141312.0	|	13380	|	18.32
2014-12-16 23:22:57.177709 	|	 VM_Task_16 	|	 0.0	|	155648.0	|	13380	|	80.82
2014-12-16 23:23:03.809367 	|	 VM_Task_16 	|	 0.0	|	141312.0	|	13380	|	103.09
2014-12-16 23:23:09.837919 	|	 VM_Task_16 	|	 0.0	|	141312.0	|	13380	|	108.70
2014-12-16 23:23:15.863199 	|	 VM_Task_16 	|	 0.0	|	141312.0	|	13380	|	57.63
2014-12-16 23:23:22.470156 	|	 VM_Task_16 	|	 0.0	|	155648.0	|	13380	|	64.00
2014-12-16 23:23:29.021667 	|	 VM_Task_16 	|	 0.0	|	141312.0	|	13380	|	109.89
2014-12-16 23:23:35.046740 	|	 VM_Task_16 	|	 0.0	|	142336.0	|	13380	|	15.20
2014-12-16 23:23:42.660808 	|	 VM_Task_16 	|	 0.0	|	155648.0	|	13380	|	36.02
2014-12-16 23:23:49.284828 	|	 VM_Task_16 	|	 0.0	|	141312.0	|	13380	|	104.17
2014-12-16 23:23:55.311592 	|	 VM_Task_16 	|	 0.0	|	141312.0	|	13380	|	101.01
2014-12-16 23:24:01.336124 	|	 VM_Task_16 	|	 0.0	|	141312.0	|	13380	|	104.17
2014-12-16 23:24:07.478281 	|	 VM_Task_16 	|	 0.0	|	152576.0	|	13380	|	106.38
2014-12-16 23:24:13.505486 	|	 VM_Task_16 	|	 0.0	|	155648.0	|	13380	|	101.01
2014-12-16 23:24:23.400541 	|	 VM_Task_16 	|	 0.0	|	141312.0	|	13380	|	100.00
2014-12-16 23:24:29.422349 	|	 VM_Task_16 	|	 0.0	|	141312.0	|	13380	|	100.00
2014-12-16 23:24:35.449817 	|	 VM_Task_16 	|	 0.0	|	141312.0	|	13380	|	103.09
2014-12-16 23:24:41.475188 	|	 VM_Task_16 	|	 0.0	|	142336.0	|	13380	|	87.32
2014-12-16 23:24:47.615227 	|	 VM_Task_16 	|	 0.0	|	152576.0	|	13380	|	106.38
2014-12-16 23:24:53.644755 	|	 VM_Task_16 	|	 0.0	|	155648.0	|	13380	|	101.01
2014-12-16 23:24:59.669547 	|	 VM_Task_16 	|	 0.0	|	155648.0	|	13380	|	100.00
2014-12-16 23:25:08.121494 	|	 VM_Task_16 	|	 0.0	|	154624.0	|	13380	|	4.06
2014-12-16 23:25:17.249715 	|	 VM_Task_16 	|	 0.0	|	141312.0	|	13380	|	104.17
2014-12-16 23:25:23.269559 	|	 VM_Task_16 	|	 0.0	|	141312.0	|	13380	|	105.26
2014-12-16 23:25:29.294636 	|	 VM_Task_16 	|	 0.0	|	141312.0	|	13380	|	56.15
2014-12-16 23:25:40.765956 	|	 VM_Task_16 	|	 0.0	|	156672.0	|	13380	|	102.04
2014-12-16 23:25:47.357898 	|	 VM_Task_16 	|	 0.0	|	144384.0	|	13380	|	107.53
2014-12-16 23:25:53.381075 	|	 VM_Task_16 	|	 0.0	|	142336.0	|	13380	|	0.00
2014-12-16 23:25:59.548854 	|	 VM_Task_16 	|	 0.0	|	154624.0	|	13380	|	102.04
2014-12-16 23:26:05.567936 	|	 VM_Task_16 	|	 0.0	|	155648.0	|	13380	|	0.00
2014-12-16 23:26:12.359058 	|	 VM_Task_16 	|	 0.0	|	142336.0	|	13380	|	102.04
2014-12-16 23:26:18.384156 	|	 VM_Task_16 	|	 0.0	|	142336.0	|	13380	|	104.17
2014-12-16 23:26:24.411902 	|	 VM_Task_16 	|	 0.0	|	142336.0	|	13380	|	53.37
2014-12-16 23:26:31.649276 	|	 VM_Task_16 	|	 0.0	|	156672.0	|	13380	|	55.76
2014-12-16 23:26:38.167216 	|	 VM_Task_16 	|	 0.0	|	141312.0	|	13380	|	105.26
2014-12-16 23:26:44.195417 	|	 VM_Task_16 	|	 0.0	|	142336.0	|	13380	|	105.16
2014-12-16 23:26:50.298607 	|	 VM_Task_16 	|	 0.0	|	151552.0	|	13380	|	107.53
2014-12-16 23:26:56.321323 	|	 VM_Task_16 	|	 0.0	|	155648.0	|	13380	|	25.90
2014-12-16 23:27:02.872178 	|	 VM_Task_16 	|	 0.0	|	142336.0	|	13380	|	108.70
2014-12-16 23:27:08.898225 	|	 VM_Task_16 	|	 0.0	|	142336.0	|	13380	|	16.67
2014-12-16 23:27:16.085499 	|	 VM_Task_16 	|	 0.0	|	155648.0	|	13380	|	54.95
2014-12-16 23:27:22.618468 	|	 VM_Task_16 	|	 0.0	|	141312.0	|	13380	|	106.38
2014-12-16 23:27:28.644439 	|	 VM_Task_16 	|	 0.0	|	141312.0	|	13380	|	104.17
2014-12-16 23:27:34.668060 	|	 VM_Task_16 	|	 0.0	|	141312.0	|	13380	|	45.25
2014-12-16 23:27:45.452271 	|	 VM_Task_16 	|	 0.0	|	155648.0	|	13380	|	101.11
2014-12-16 23:27:52.072467 	|	 VM_Task_16 	|	 0.0	|	141312.0	|	13380	|	103.09
2014-12-16 23:27:58.098595 	|	 VM_Task_16 	|	 0.0	|	141312.0	|	13380	|	103.09
2014-12-16 23:28:04.121164 	|	 VM_Task_16 	|	 0.0	|	141312.0	|	13380	|	105.26
2014-12-16 23:28:10.182036 	|	 VM_Task_16 	|	 0.0	|	141312.0	|	13380	|	81.67
2014-12-16 23:28:22.279275 	|	 VM_Task_16 	|	 0.0	|	155648.0	|	13380	|	100.82
2014-12-16 23:28:29.577592 	|	 VM_Task_16 	|	 0.0	|	141312.0	|	13380	|	102.04
2014-12-16 23:28:35.603774 	|	 VM_Task_16 	|	 0.0	|	141312.0	|	13380	|	103.09
2014-12-16 23:28:41.626641 	|	 VM_Task_16 	|	 0.0	|	141312.0	|	13380	|	102.04
2014-12-16 23:28:47.774665 	|	 VM_Task_16 	|	 0.0	|	154624.0	|	13380	|	104.17
2014-12-16 23:28:53.799974 	|	 VM_Task_16 	|	 0.0	|	155648.0	|	13380	|	103.09
2014-12-16 23:28:59.824060 	|	 VM_Task_16 	|	 0.0	|	154624.0	|	13380	|	0.00
2014-12-16 23:29:06.514670 	|	 VM_Task_16 	|	 0.0	|	141312.0	|	13380	|	101.01
2014-12-16 23:29:12.539036 	|	 VM_Task_16 	|	 0.0	|	141312.0	|	13380	|	105.26
2014-12-16 23:29:22.646352 	|	 VM_Task_16 	|	 0.0	|	155648.0	|	13380	|	17.88
2014-12-16 23:29:29.185010 	|	 VM_Task_16 	|	 0.0	|	141312.0	|	13380	|	106.38
2014-12-16 23:29:35.276398 	|	 VM_Task_16 	|	 0.0	|	141312.0	|	13380	|	5.15
2014-12-16 23:29:42.231617 	|	 VM_Task_16 	|	 0.0	|	155648.0	|	13380	|	49.90
2014-12-16 23:29:48.767323 	|	 VM_Task_16 	|	 0.0	|	141312.0	|	13380	|	105.16
2014-12-16 23:29:54.793179 	|	 VM_Task_16 	|	 0.0	|	141312.0	|	13380	|	104.17
2014-12-16 23:30:00.818384 	|	 VM_Task_16 	|	 0.0	|	141312.0	|	13380	|	54.21
2014-12-16 23:30:07.280257 	|	 VM_Task_16 	|	 0.0	|	155648.0	|	13380	|	66.94
2014-12-16 23:30:13.581116 	|	 VM_Task_16 	|	 0.0	|	141312.0	|	13380	|	106.38
2014-12-16 23:30:19.607428 	|	 VM_Task_16 	|	 0.0	|	141312.0	|	13380	|	104.17
2014-12-16 23:30:25.652521 	|	 VM_Task_16 	|	 0.0	|	141312.0	|	13380	|	4.00
2014-12-16 23:30:32.749463 	|	 VM_Task_16 	|	 0.0	|	155648.0	|	13380	|	48.70
2014-12-16 23:30:39.381292 	|	 VM_Task_16 	|	 0.0	|	141312.0	|	13380	|	107.53
2014-12-16 23:30:45.408404 	|	 VM_Task_16 	|	 0.0	|	142336.0	|	13380	|	75.10
2014-12-16 23:30:52.489344 	|	 VM_Task_16 	|	 0.0	|	155648.0	|	13380	|	86.22
2014-12-16 23:30:59.074014 	|	 VM_Task_16 	|	 0.0	|	141312.0	|	13380	|	104.17
2014-12-16 23:31:05.099246 	|	 VM_Task_16 	|	 0.0	|	141312.0	|	13380	|	103.09
2014-12-16 23:31:11.121817 	|	 VM_Task_16 	|	 0.0	|	141312.0	|	13380	|	0.00
2014-12-16 23:31:18.441427 	|	 VM_Task_16 	|	 0.0	|	155648.0	|	13380	|	46.63
2014-12-16 23:31:24.981319 	|	 VM_Task_16 	|	 0.0	|	141312.0	|	13380	|	107.53
2014-12-16 23:31:31.007727 	|	 VM_Task_16 	|	 0.0	|	142336.0	|	13380	|	62.86
2014-12-16 23:31:37.855434 	|	 VM_Task_16 	|	 0.0	|	155648.0	|	13380	|	71.73
2014-12-16 23:31:44.359083 	|	 VM_Task_16 	|	 0.0	|	141312.0	|	13380	|	105.26
2014-12-16 23:31:50.383398 	|	 VM_Task_16 	|	 0.0	|	141312.0	|	13380	|	103.20
2014-12-16 23:31:56.413991 	|	 VM_Task_16 	|	 0.0	|	141312.0	|	13380	|	0.00
2014-12-16 23:32:03.631603 	|	 VM_Task_16 	|	 0.0	|	155648.0	|	13380	|	47.60
2014-12-16 23:32:10.111659 	|	 VM_Task_16 	|	 0.0	|	141312.0	|	13380	|	105.37
2014-12-16 23:32:16.138360 	|	 VM_Task_16 	|	 0.0	|	142336.0	|	13380	|	71.82
2014-12-16 23:32:23.139954 	|	 VM_Task_16 	|	 0.0	|	155648.0	|	13380	|	67.86
2014-12-16 23:32:30.130618 	|	 VM_Task_16 	|	 0.0	|	141312.0	|	13380	|	101.94
2014-12-16 23:32:36.156151 	|	 VM_Task_16 	|	 0.0	|	141312.0	|	13380	|	105.26
2014-12-16 23:32:42.183844 	|	 VM_Task_16 	|	 0.0	|	142336.0	|	13380	|	87.50
2014-12-16 23:32:50.563811 	|	 VM_Task_16 	|	 0.0	|	155648.0	|	13380	|	69.29
2014-12-16 23:32:57.140045 	|	 VM_Task_16 	|	 0.0	|	141312.0	|	13380	|	104.06
2014-12-16 23:33:03.166394 	|	 VM_Task_16 	|	 0.0	|	141312.0	|	13380	|	102.04
2014-12-16 23:33:09.196112 	|	 VM_Task_16 	|	 0.0	|	142336.0	|	13380	|	33.13
2014-12-16 23:33:15.334678 	|	 VM_Task_16 	|	 0.0	|	155648.0	|	13380	|	102.04
2014-12-16 23:33:21.572791 	|	 VM_Task_16 	|	 0.0	|	155648.0	|	13380	|	101.01
2014-12-16 23:33:27.961979 	|	 VM_Task_16 	|	 0.0	|	153600.0	|	13380	|	68.02
2014-12-16 23:33:34.548463 	|	 VM_Task_16 	|	 0.0	|	141312.0	|	13380	|	103.20
2014-12-16 23:33:40.575200 	|	 VM_Task_16 	|	 0.0	|	142336.0	|	13380	|	4.04
2014-12-16 23:33:51.098269 	|	 VM_Task_16 	|	 0.0	|	155648.0	|	13380	|	40.30
2014-12-16 23:33:57.656167 	|	 VM_Task_16 	|	 0.0	|	141312.0	|	13380	|	102.04
2014-12-16 23:34:03.685750 	|	 VM_Task_16 	|	 0.0	|	141312.0	|	13380	|	94.43
2014-12-16 23:34:09.846269 	|	 VM_Task_16 	|	 0.0	|	154624.0	|	13380	|	103.09
2014-12-16 23:34:15.867371 	|	 VM_Task_16 	|	 0.0	|	155648.0	|	13380	|	21.41
2014-12-16 23:34:22.447225 	|	 VM_Task_16 	|	 0.0	|	141312.0	|	13380	|	105.26
2014-12-16 23:34:28.469091 	|	 VM_Task_16 	|	 0.0	|	141312.0	|	13380	|	89.90
2014-12-16 23:34:34.565340 	|	 VM_Task_16 	|	 0.0	|	153600.0	|	13380	|	103.09
2014-12-16 23:34:40.587533 	|	 VM_Task_16 	|	 0.0	|	154624.0	|	13380	|	0.00
2014-12-16 23:34:47.102984 	|	 VM_Task_16 	|	 0.0	|	141312.0	|	13380	|	104.17
2014-12-16 23:34:53.196752 	|	 VM_Task_16 	|	 0.0	|	142336.0	|	13380	|	92.37
2014-12-17 00:22:01.150827 	|	 VM_Task_16 	|	 0.0	|	142336.0	|	0.0	|	38.06
2014-12-17 00:22:07.173960 	|	 VM_Task_16 	|	 0.0	|	149504.0	|	8260	|	3.47
2014-12-17 00:22:13.194738 	|	 VM_Task_16 	|	 0.126	|	189440.0	|	48196	|	0.00
2014-12-17 00:22:19.218330 	|	 VM_Task_16 	|	 0.108	|	189440.0	|	48196	|	0.20
2014-12-17 00:22:25.237188 	|	 VM_Task_16 	|	 0.125	|	149504.0	|	8260	|	0.20
2014-12-17 00:22:31.258046 	|	 VM_Task_16 	|	 0.115	|	149504.0	|	8260	|	0.00
2014-12-17 00:22:37.278902 	|	 VM_Task_16 	|	 0.115	|	149504.0	|	8260	|	0.00
2014-12-17 00:22:43.298970 	|	 VM_Task_16 	|	 0.185	|	159744.0	|	18500	|	0.00
2014-12-17 00:22:49.323665 	|	 VM_Task_16 	|	 0.184	|	159744.0	|	18500	|	0.50
2014-12-17 00:22:55.343588 	|	 VM_Task_16 	|	 0.328	|	169984.0	|	28740	|	0.00
2014-12-17 00:23:01.364873 	|	 VM_Task_16 	|	 0.115	|	156672.0	|	4292	|	105.37
2014-12-17 00:23:07.388242 	|	 VM_Task_16 	|	 0.162	|	160768.0	|	4292	|	0.00
2014-12-17 00:23:13.801851 	|	 VM_Task_16 	|	 0.745	|	161792.0	|	23620	|	43.80
2014-12-17 00:23:19.969413 	|	 VM_Task_16 	|	 0.22	|	172032.0	|	33860	|	43.23
2014-12-17 00:23:26.109044 	|	 VM_Task_16 	|	 0.618	|	172032.0	|	33860	|	42.40
2014-12-17 00:23:32.133314 	|	 VM_Task_16 	|	 0.22	|	146432.0	|	8260	|	0.00
2014-12-17 00:23:38.155663 	|	 VM_Task_16 	|	 0.217	|	146432.0	|	8260	|	0.00
2014-12-17 00:23:48.869453 	|	 VM_Task_16 	|	 0.148	|	164864.0	|	13380	|	71.22
2014-12-17 00:23:55.462200 	|	 VM_Task_16 	|	 0.115	|	141312.0	|	4292	|	101.01
2014-12-17 00:24:01.485619 	|	 VM_Task_16 	|	 0.33	|	171008.0	|	33860	|	89.39
2014-12-17 00:24:07.511084 	|	 VM_Task_16 	|	 0.194	|	172032.0	|	33860	|	91.13
2014-12-17 00:24:13.535406 	|	 VM_Task_16 	|	 0.275	|	196608.0	|	58436	|	0.00
2014-12-17 00:24:19.576519 	|	 VM_Task_16 	|	 0.26	|	196608.0	|	58436	|	9.80
2014-12-17 00:24:25.778622 	|	 VM_Task_16 	|	 0.215	|	167936.0	|	18500	|	103.20
2014-12-17 00:24:31.801760 	|	 VM_Task_16 	|	 0.305	|	169984.0	|	18500	|	102.04
2014-12-17 00:24:38.448919 	|	 VM_Task_16 	|	 0.305	|	155648.0	|	18500	|	82.76
2014-12-17 00:24:44.475360 	|	 VM_Task_16 	|	 0.135	|	141312.0	|	4292	|	92.73
2014-12-17 00:24:50.500743 	|	 VM_Task_16 	|	 0.12	|	142336.0	|	4292	|	56.26
2014-12-17 00:25:14.941102 	|	 VM_Task_16 	|	 0.117	|	142336.0	|	4292	|	0.00
2014-12-17 00:25:22.348727 	|	 VM_Task_16 	|	 0.153	|	150528.0	|	13380	|	40.10
2014-12-17 00:25:22.354539 	|	 VM_Task_16 	|	 0.0	|	190464.0	|	38980	|	101.11
2014-12-17 00:25:22.361971 	|	 VM_Task_16 	|	 0.605	|	181248.0	|	28740	|	99.11
2014-12-17 00:25:27.689318 	|	 VM_Task_16 	|	 0.104	|	165888.0	|	28740	|	96.95
2014-12-17 00:25:33.716659 	|	 VM_Task_16 	|	 0.61	|	176128.0	|	38980	|	51.84
2014-12-17 00:25:39.979695 	|	 VM_Task_16 	|	 0.571	|	177152.0	|	68676	|	85.98
2014-12-17 00:25:46.002900 	|	 VM_Task_16 	|	 0.143	|	206848.0	|	68676	|	0.00
2014-12-17 00:25:52.200823 	|	 VM_Task_16 	|	 0.373	|	167936.0	|	18500	|	101.01
2014-12-17 00:25:58.267020 	|	 VM_Task_16 	|	 0.366	|	169984.0	|	18500	|	100.10
2014-12-17 00:26:04.287543 	|	 VM_Task_16 	|	 0.148	|	164864.0	|	13380	|	0.00
2014-12-17 00:26:10.982030 	|	 VM_Task_16 	|	 0.73	|	171008.0	|	33860	|	47.73
2014-12-17 00:26:17.012639 	|	 VM_Task_16 	|	 0.61	|	171008.0	|	33860	|	54.65
2014-12-17 00:26:23.049138 	|	 VM_Task_16 	|	 0.153	|	145408.0	|	8260	|	96.38
2014-12-17 00:26:29.075238 	|	 VM_Task_16 	|	 0.123	|	145408.0	|	8260	|	0.50
2014-12-17 00:26:38.521720 	|	 VM_Task_16 	|	 0.272	|	164864.0	|	13380	|	28.79
2014-12-17 00:26:44.938361 	|	 VM_Task_16 	|	 0.138	|	150528.0	|	13380	|	98.04
2014-12-17 00:26:50.965976 	|	 VM_Task_16 	|	 0.3	|	151552.0	|	13380	|	90.82
2014-12-17 00:26:56.994518 	|	 VM_Task_16 	|	 0.171	|	151552.0	|	13380	|	84.40
2014-12-17 00:27:08.386050 	|	 VM_Task_16 	|	 0.137	|	151552.0	|	13380	|	0.00
2014-12-17 00:27:09.052667 	|	 VM_Task_16 	|	 0.137	|	151552.0	|	13380	|	17.96
2014-12-17 00:27:15.567437 	|	 VM_Task_16 	|	 0.0	|	158720.0	|	13380	|	102.04
2014-12-17 00:27:21.592090 	|	 VM_Task_16 	|	 0.0	|	161792.0	|	13380	|	102.04
2014-12-17 00:27:27.620517 	|	 VM_Task_16 	|	 0.0	|	160768.0	|	13380	|	0.00
2014-12-17 00:27:34.459658 	|	 VM_Task_16 	|	 0.0	|	147456.0	|	13380	|	104.17
2014-12-17 00:27:40.485923 	|	 VM_Task_16 	|	 0.0	|	147456.0	|	13380	|	101.01
2014-12-17 00:27:46.513407 	|	 VM_Task_16 	|	 0.0	|	147456.0	|	13380	|	100.00
2014-12-17 00:27:52.545029 	|	 VM_Task_16 	|	 0.0	|	147456.0	|	13380	|	101.01
2014-12-17 00:27:58.570347 	|	 VM_Task_16 	|	 0.0	|	147456.0	|	13380	|	101.01
2014-12-17 00:28:04.597027 	|	 VM_Task_16 	|	 0.0	|	147456.0	|	13380	|	102.14
2014-12-17 00:28:10.622378 	|	 VM_Task_16 	|	 0.0	|	147456.0	|	13380	|	0.00
2014-12-17 00:28:16.646020 	|	 VM_Task_16 	|	 0.0	|	147456.0	|	13380	|	0.00
2014-12-17 00:28:22.671993 	|	 VM_Task_16 	|	 0.0	|	147456.0	|	13380	|	0.00
2014-12-17 00:28:28.695071 	|	 VM_Task_16 	|	 0.0	|	147456.0	|	13380	|	0.00
2014-12-17 00:28:34.728082 	|	 VM_Task_16 	|	 0.0	|	147456.0	|	13380	|	0.00
2014-12-17 00:28:40.754698 	|	 VM_Task_16 	|	 0.0	|	147456.0	|	13380	|	0.00
2014-12-17 00:28:46.784078 	|	 VM_Task_16 	|	 0.0	|	147456.0	|	13380	|	0.00
2014-12-17 00:28:52.808706 	|	 VM_Task_16 	|	 0.0	|	147456.0	|	13380	|	0.00
2014-12-17 00:28:58.833673 	|	 VM_Task_16 	|	 0.0	|	147456.0	|	13380	|	0.00
2014-12-17 00:29:04.856741 	|	 VM_Task_16 	|	 0.0	|	147456.0	|	13380	|	0.00
2014-12-17 00:29:10.885909 	|	 VM_Task_16 	|	 0.0	|	147456.0	|	13380	|	0.00
2014-12-17 00:29:16.915391 	|	 VM_Task_16 	|	 0.0	|	147456.0	|	13380	|	0.00
2014-12-17 00:29:22.939729 	|	 VM_Task_16 	|	 0.0	|	147456.0	|	13380	|	0.00
2014-12-17 00:29:28.963168 	|	 VM_Task_16 	|	 0.0	|	147456.0	|	13380	|	0.00
2014-12-17 00:29:34.987761 	|	 VM_Task_16 	|	 0.0	|	147456.0	|	13380	|	0.00
2014-12-17 00:29:41.018440 	|	 VM_Task_16 	|	 0.0	|	147456.0	|	13380	|	0.00
2014-12-17 00:29:47.038200 	|	 VM_Task_16 	|	 0.0	|	147456.0	|	13380	|	0.00
2014-12-17 00:29:53.063413 	|	 VM_Task_16 	|	 0.0	|	147456.0	|	13380	|	0.00
2014-12-17 00:29:59.087090 	|	 VM_Task_16 	|	 0.0	|	147456.0	|	13380	|	0.00
2014-12-17 00:30:05.114106 	|	 VM_Task_16 	|	 0.0	|	147456.0	|	13380	|	0.00
2014-12-17 00:30:11.142220 	|	 VM_Task_16 	|	 0.0	|	147456.0	|	13380	|	0.00
2014-12-17 00:30:17.165274 	|	 VM_Task_16 	|	 0.0	|	147456.0	|	13380	|	0.00
2014-12-17 00:30:23.191126 	|	 VM_Task_16 	|	 0.0	|	147456.0	|	13380	|	0.00
2014-12-17 00:30:29.216937 	|	 VM_Task_16 	|	 0.0	|	147456.0	|	13380	|	0.00
2014-12-17 00:30:35.244625 	|	 VM_Task_16 	|	 0.0	|	147456.0	|	13380	|	0.00
2014-12-17 00:30:41.269172 	|	 VM_Task_16 	|	 0.0	|	147456.0	|	13380	|	0.00
2014-12-17 00:30:47.294085 	|	 VM_Task_16 	|	 0.0	|	147456.0	|	13380	|	0.00
2014-12-17 00:30:53.323406 	|	 VM_Task_16 	|	 0.0	|	147456.0	|	13380	|	0.00
2014-12-17 00:30:59.349748 	|	 VM_Task_16 	|	 0.0	|	147456.0	|	13380	|	0.00
2014-12-17 00:31:05.377008 	|	 VM_Task_16 	|	 0.0	|	147456.0	|	13380	|	0.00
2014-12-17 00:31:11.400985 	|	 VM_Task_16 	|	 0.0	|	147456.0	|	13380	|	0.00
2014-12-17 00:31:17.434753 	|	 VM_Task_16 	|	 0.0	|	147456.0	|	13380	|	0.00
2014-12-17 00:31:23.457271 	|	 VM_Task_16 	|	 0.0	|	147456.0	|	13380	|	0.00
2014-12-17 00:31:29.482976 	|	 VM_Task_16 	|	 0.0	|	147456.0	|	13380	|	0.00
2014-12-17 00:31:35.512123 	|	 VM_Task_16 	|	 0.0	|	147456.0	|	13380	|	0.00
2014-12-17 00:31:41.537620 	|	 VM_Task_16 	|	 0.0	|	147456.0	|	13380	|	0.00
2014-12-17 00:31:47.559463 	|	 VM_Task_16 	|	 0.0	|	147456.0	|	13380	|	0.00
2014-12-17 00:31:53.588992 	|	 VM_Task_16 	|	 0.0	|	147456.0	|	13380	|	0.00
2014-12-17 00:31:59.614365 	|	 VM_Task_16 	|	 0.0	|	147456.0	|	13380	|	0.00
2014-12-17 00:32:05.641485 	|	 VM_Task_16 	|	 0.0	|	147456.0	|	13380	|	0.00
2014-12-17 00:32:11.664484 	|	 VM_Task_16 	|	 0.0	|	147456.0	|	13380	|	0.00
2014-12-17 00:32:17.689943 	|	 VM_Task_16 	|	 0.0	|	147456.0	|	13380	|	0.00
2014-12-17 00:32:23.717750 	|	 VM_Task_16 	|	 0.0	|	147456.0	|	13380	|	0.00
2014-12-17 00:32:29.741826 	|	 VM_Task_16 	|	 0.0	|	148480.0	|	13380	|	0.00
2014-12-17 00:32:35.769358 	|	 VM_Task_16 	|	 0.0	|	147456.0	|	13380	|	0.00
2014-12-17 00:32:41.793234 	|	 VM_Task_16 	|	 0.0	|	147456.0	|	13380	|	0.00
2014-12-17 00:32:47.821421 	|	 VM_Task_16 	|	 0.0	|	147456.0	|	13380	|	0.00
2014-12-17 00:32:53.844222 	|	 VM_Task_16 	|	 0.0	|	147456.0	|	13380	|	0.00
2014-12-17 00:32:59.870648 	|	 VM_Task_16 	|	 0.0	|	147456.0	|	13380	|	0.00
2014-12-17 00:33:05.896958 	|	 VM_Task_16 	|	 0.0	|	147456.0	|	13380	|	0.00
2014-12-17 00:33:11.929682 	|	 VM_Task_16 	|	 0.0	|	147456.0	|	13380	|	0.00
2014-12-17 00:33:17.945929 	|	 VM_Task_16 	|	 0.0	|	147456.0	|	13380	|	0.00
2014-12-17 00:33:23.970581 	|	 VM_Task_16 	|	 0.0	|	147456.0	|	13380	|	0.00
2014-12-17 00:33:30.000123 	|	 VM_Task_16 	|	 0.0	|	147456.0	|	13380	|	0.00
2014-12-17 00:33:36.025652 	|	 VM_Task_16 	|	 0.0	|	147456.0	|	13380	|	0.00
2014-12-17 00:33:42.058121 	|	 VM_Task_16 	|	 0.0	|	147456.0	|	13380	|	0.00
2014-12-17 00:33:48.075834 	|	 VM_Task_16 	|	 0.0	|	147456.0	|	13380	|	0.00
2014-12-17 00:33:54.100662 	|	 VM_Task_16 	|	 0.0	|	147456.0	|	13380	|	0.00
2014-12-17 00:34:00.125185 	|	 VM_Task_16 	|	 0.0	|	147456.0	|	13380	|	0.00
2014-12-17 00:34:06.157794 	|	 VM_Task_16 	|	 0.0	|	147456.0	|	13380	|	0.00
2014-12-17 00:34:12.186887 	|	 VM_Task_16 	|	 0.0	|	147456.0	|	13380	|	0.00
2014-12-17 00:34:18.207533 	|	 VM_Task_16 	|	 0.0	|	147456.0	|	13380	|	0.00
2014-12-17 00:34:24.235629 	|	 VM_Task_16 	|	 0.0	|	147456.0	|	13380	|	0.00
2014-12-17 00:34:30.260036 	|	 VM_Task_16 	|	 0.0	|	147456.0	|	13380	|	0.00
2014-12-17 00:34:36.292978 	|	 VM_Task_16 	|	 0.0	|	147456.0	|	13380	|	0.00
2014-12-17 00:34:42.321048 	|	 VM_Task_16 	|	 0.0	|	147456.0	|	13380	|	0.00
2014-12-17 00:34:48.337221 	|	 VM_Task_16 	|	 0.0	|	147456.0	|	13380	|	0.00
2014-12-17 00:34:54.361762 	|	 VM_Task_16 	|	 0.0	|	147456.0	|	13380	|	0.00
2014-12-17 00:35:00.387419 	|	 VM_Task_16 	|	 0.0	|	147456.0	|	13380	|	0.00
2014-12-17 00:35:06.415171 	|	 VM_Task_16 	|	 0.0	|	147456.0	|	13380	|	0.00
2014-12-17 00:35:12.442503 	|	 VM_Task_16 	|	 0.0	|	147456.0	|	13380	|	0.00
2014-12-17 00:35:18.460227 	|	 VM_Task_16 	|	 0.0	|	147456.0	|	13380	|	0.00
2014-12-17 00:35:24.482384 	|	 VM_Task_16 	|	 0.0	|	147456.0	|	13380	|	0.00
2014-12-17 00:35:30.504591 	|	 VM_Task_16 	|	 0.0	|	147456.0	|	13380	|	0.00
2014-12-17 00:35:36.526995 	|	 VM_Task_16 	|	 0.0	|	147456.0	|	13380	|	0.00
2014-12-17 00:35:42.551336 	|	 VM_Task_16 	|	 0.0	|	147456.0	|	13380	|	0.00
2014-12-17 00:35:48.573451 	|	 VM_Task_16 	|	 0.0	|	147456.0	|	13380	|	0.00
2014-12-17 00:35:54.598553 	|	 VM_Task_16 	|	 0.0	|	147456.0	|	13380	|	0.00
2014-12-17 00:36:00.622810 	|	 VM_Task_16 	|	 0.0	|	147456.0	|	13380	|	0.00
2014-12-17 00:36:06.648867 	|	 VM_Task_16 	|	 0.0	|	147456.0	|	13380	|	0.00
2014-12-17 00:36:12.670995 	|	 VM_Task_16 	|	 0.0	|	147456.0	|	13380	|	7.50
2014-12-17 00:36:18.699844 	|	 VM_Task_16 	|	 0.0	|	148480.0	|	13380	|	0.00
2014-12-17 00:36:24.719416 	|	 VM_Task_16 	|	 0.0	|	148480.0	|	13380	|	0.00
2014-12-17 00:36:30.742469 	|	 VM_Task_16 	|	 0.0	|	148480.0	|	13380	|	0.00
2014-12-17 00:36:36.771085 	|	 VM_Task_16 	|	 0.0	|	148480.0	|	13380	|	0.00
2014-12-17 00:36:42.798463 	|	 VM_Task_16 	|	 0.0	|	148480.0	|	13380	|	0.70
2014-12-17 00:36:48.819808 	|	 VM_Task_16 	|	 0.0	|	148480.0	|	13380	|	0.00
2014-12-17 00:36:54.844783 	|	 VM_Task_16 	|	 0.0	|	148480.0	|	13380	|	0.00
2014-12-17 00:37:00.871889 	|	 VM_Task_16 	|	 0.0	|	148480.0	|	13380	|	0.00
2014-12-17 00:37:06.898771 	|	 VM_Task_16 	|	 0.0	|	148480.0	|	13380	|	0.00
2014-12-17 00:37:12.920530 	|	 VM_Task_16 	|	 0.0	|	148480.0	|	13380	|	0.00
2014-12-17 00:37:18.944768 	|	 VM_Task_16 	|	 0.0	|	148480.0	|	13380	|	0.00
2014-12-17 00:37:24.971455 	|	 VM_Task_16 	|	 0.0	|	148480.0	|	13380	|	0.00
2014-12-17 00:37:31.000823 	|	 VM_Task_16 	|	 0.0	|	148480.0	|	13380	|	0.00
2014-12-17 00:37:37.022429 	|	 VM_Task_16 	|	 0.0	|	148480.0	|	13380	|	0.00
2014-12-17 00:37:43.045672 	|	 VM_Task_16 	|	 0.0	|	148480.0	|	13380	|	0.00
2014-12-17 00:37:49.072581 	|	 VM_Task_16 	|	 0.0	|	148480.0	|	13380	|	0.00
2014-12-17 00:37:55.102923 	|	 VM_Task_16 	|	 0.0	|	148480.0	|	13380	|	0.00
2014-12-17 00:38:01.123979 	|	 VM_Task_16 	|	 0.0	|	148480.0	|	13380	|	0.00
2014-12-17 00:38:07.149630 	|	 VM_Task_16 	|	 0.0	|	148480.0	|	13380	|	0.00
2014-12-17 00:38:13.172109 	|	 VM_Task_16 	|	 0.0	|	148480.0	|	13380	|	0.00
2014-12-17 00:38:19.201834 	|	 VM_Task_16 	|	 0.0	|	148480.0	|	13380	|	0.00
2014-12-17 00:38:25.221527 	|	 VM_Task_16 	|	 0.0	|	148480.0	|	13380	|	0.00
2014-12-17 00:38:31.246987 	|	 VM_Task_16 	|	 0.0	|	148480.0	|	13380	|	0.00
2014-12-17 00:38:37.272795 	|	 VM_Task_16 	|	 0.0	|	148480.0	|	13380	|	0.00
2014-12-17 00:38:43.300770 	|	 VM_Task_16 	|	 0.0	|	148480.0	|	13380	|	0.00
2014-12-17 00:38:49.325428 	|	 VM_Task_16 	|	 0.0	|	148480.0	|	13380	|	0.00
2014-12-17 00:38:55.349633 	|	 VM_Task_16 	|	 0.0	|	148480.0	|	13380	|	0.00
2014-12-17 00:39:01.371849 	|	 VM_Task_16 	|	 0.0	|	148480.0	|	13380	|	0.00
2014-12-17 00:39:07.393894 	|	 VM_Task_16 	|	 0.0	|	148480.0	|	13380	|	0.00
2014-12-17 00:39:13.415685 	|	 VM_Task_16 	|	 0.0	|	148480.0	|	13380	|	0.00
2014-12-17 00:39:19.436901 	|	 VM_Task_16 	|	 0.0	|	148480.0	|	13380	|	0.00
2014-12-17 00:39:25.459004 	|	 VM_Task_16 	|	 0.0	|	148480.0	|	13380	|	0.00
2014-12-17 00:39:31.482699 	|	 VM_Task_16 	|	 0.0	|	148480.0	|	13380	|	0.00
2014-12-17 00:39:37.509965 	|	 VM_Task_16 	|	 0.0	|	148480.0	|	13380	|	0.00
2014-12-17 00:39:43.538243 	|	 VM_Task_16 	|	 0.0	|	148480.0	|	13380	|	0.00
2014-12-17 00:39:49.559256 	|	 VM_Task_16 	|	 0.0	|	148480.0	|	13380	|	0.00
2014-12-17 00:39:55.584186 	|	 VM_Task_16 	|	 0.0	|	148480.0	|	13380	|	0.00
2014-12-17 00:40:01.606324 	|	 VM_Task_16 	|	 0.0	|	148480.0	|	13380	|	0.00
2014-12-17 00:40:07.638384 	|	 VM_Task_16 	|	 0.0	|	147456.0	|	13380	|	0.00
2014-12-17 00:40:13.659488 	|	 VM_Task_16 	|	 0.0	|	148480.0	|	13380	|	0.00
2014-12-17 00:40:19.682033 	|	 VM_Task_16 	|	 0.0	|	147456.0	|	13380	|	0.00
2014-12-17 00:40:25.710332 	|	 VM_Task_16 	|	 0.0	|	148480.0	|	13380	|	0.00
2014-12-17 00:40:31.738019 	|	 VM_Task_16 	|	 0.0	|	148480.0	|	13380	|	0.00
2014-12-17 00:40:37.769899 	|	 VM_Task_16 	|	 0.0	|	148480.0	|	13380	|	0.00
2014-12-17 00:40:43.786864 	|	 VM_Task_16 	|	 0.0	|	148480.0	|	13380	|	0.00
2014-12-17 00:40:49.810312 	|	 VM_Task_16 	|	 0.0	|	148480.0	|	13380	|	0.00
2014-12-17 00:40:55.833076 	|	 VM_Task_16 	|	 0.0	|	148480.0	|	13380	|	0.00
2014-12-17 00:41:01.855848 	|	 VM_Task_16 	|	 0.0	|	148480.0	|	13380	|	0.00
2014-12-17 00:41:07.878375 	|	 VM_Task_16 	|	 0.0	|	148480.0	|	13380	|	0.00
2014-12-17 00:41:13.903010 	|	 VM_Task_16 	|	 0.0	|	148480.0	|	13380	|	0.00
2014-12-17 00:41:19.934490 	|	 VM_Task_16 	|	 0.0	|	148480.0	|	13380	|	0.00
2014-12-17 00:41:25.964699 	|	 VM_Task_16 	|	 0.0	|	148480.0	|	13380	|	0.00
2014-12-17 00:41:31.981598 	|	 VM_Task_16 	|	 0.0	|	148480.0	|	13380	|	0.00
2014-12-17 00:41:38.006549 	|	 VM_Task_16 	|	 0.0	|	147456.0	|	13380	|	0.00
2014-12-17 00:41:44.031333 	|	 VM_Task_16 	|	 0.0	|	148480.0	|	13380	|	0.00
2014-12-17 00:41:50.062895 	|	 VM_Task_16 	|	 0.0	|	148480.0	|	13380	|	0.00
2014-12-17 00:41:56.090114 	|	 VM_Task_16 	|	 0.0	|	148480.0	|	13380	|	0.00
2014-12-17 00:42:02.108719 	|	 VM_Task_16 	|	 0.0	|	148480.0	|	13380	|	0.00
2014-12-17 00:42:08.133013 	|	 VM_Task_16 	|	 0.0	|	148480.0	|	13380	|	0.00
2014-12-17 00:42:14.157265 	|	 VM_Task_16 	|	 0.0	|	148480.0	|	13380	|	0.00
2014-12-17 00:42:20.188490 	|	 VM_Task_16 	|	 0.0	|	148480.0	|	13380	|	0.00
2014-12-17 00:42:26.212791 	|	 VM_Task_16 	|	 0.0	|	148480.0	|	13380	|	0.00
2014-12-17 00:42:32.231439 	|	 VM_Task_16 	|	 0.0	|	148480.0	|	13380	|	0.00
2014-12-17 00:42:38.255025 	|	 VM_Task_16 	|	 0.0	|	148480.0	|	13380	|	0.00
2014-12-17 00:42:44.280246 	|	 VM_Task_16 	|	 0.0	|	148480.0	|	13380	|	0.00
2014-12-17 00:42:50.310767 	|	 VM_Task_16 	|	 0.0	|	148480.0	|	13380	|	0.00
2014-12-17 00:42:56.337915 	|	 VM_Task_16 	|	 0.0	|	148480.0	|	13380	|	0.00
2014-12-17 00:43:02.354323 	|	 VM_Task_16 	|	 0.0	|	148480.0	|	13380	|	0.00
2014-12-17 00:43:08.381996 	|	 VM_Task_16 	|	 0.0	|	148480.0	|	13380	|	0.00
2014-12-17 00:43:14.407679 	|	 VM_Task_16 	|	 0.0	|	148480.0	|	13380	|	0.00
2014-12-17 00:43:20.435907 	|	 VM_Task_16 	|	 0.0	|	148480.0	|	13380	|	0.00
2014-12-17 00:43:26.466014 	|	 VM_Task_16 	|	 0.0	|	148480.0	|	13380	|	0.00
2014-12-17 00:43:32.497483 	|	 VM_Task_16 	|	 0.0	|	148480.0	|	13380	|	0.00
2014-12-17 00:43:38.516415 	|	 VM_Task_16 	|	 0.0	|	148480.0	|	13380	|	0.00
2014-12-17 00:43:44.540805 	|	 VM_Task_16 	|	 0.0	|	148480.0	|	13380	|	0.00
2014-12-17 00:43:50.570162 	|	 VM_Task_16 	|	 0.0	|	148480.0	|	13380	|	0.00
2014-12-17 00:43:56.601191 	|	 VM_Task_16 	|	 0.0	|	148480.0	|	13380	|	0.00
2014-12-17 00:44:02.616555 	|	 VM_Task_16 	|	 0.0	|	148480.0	|	13380	|	0.00
2014-12-17 00:44:08.640449 	|	 VM_Task_16 	|	 0.0	|	148480.0	|	13380	|	0.00
2014-12-17 00:44:14.665960 	|	 VM_Task_16 	|	 0.0	|	148480.0	|	13380	|	0.00
2014-12-17 00:44:20.693800 	|	 VM_Task_16 	|	 0.0	|	148480.0	|	13380	|	0.00
2014-12-17 00:44:26.721495 	|	 VM_Task_16 	|	 0.0	|	148480.0	|	13380	|	0.00
2014-12-17 00:44:32.741286 	|	 VM_Task_16 	|	 0.0	|	148480.0	|	13380	|	0.00
2014-12-17 00:44:38.763760 	|	 VM_Task_16 	|	 0.0	|	148480.0	|	13380	|	0.00
2014-12-17 00:44:44.784816 	|	 VM_Task_16 	|	 0.0	|	148480.0	|	13380	|	0.00
2014-12-17 00:44:50.809027 	|	 VM_Task_16 	|	 0.0	|	148480.0	|	13380	|	0.00
2014-12-17 00:44:56.835130 	|	 VM_Task_16 	|	 0.0	|	148480.0	|	13380	|	0.00
2014-12-17 00:45:02.859041 	|	 VM_Task_16 	|	 0.0	|	148480.0	|	13380	|	0.00
2014-12-17 00:45:08.882243 	|	 VM_Task_16 	|	 0.0	|	148480.0	|	13380	|	0.00
2014-12-17 00:45:14.913787 	|	 VM_Task_16 	|	 0.0	|	148480.0	|	13380	|	0.00
2014-12-17 00:45:20.932887 	|	 VM_Task_16 	|	 0.0	|	148480.0	|	13380	|	0.00
2014-12-17 00:45:26.960399 	|	 VM_Task_16 	|	 0.0	|	148480.0	|	13380	|	0.00
2014-12-17 00:45:32.983130 	|	 VM_Task_16 	|	 0.0	|	148480.0	|	13380	|	0.00
2014-12-17 00:45:39.011847 	|	 VM_Task_16 	|	 0.0	|	147456.0	|	13380	|	0.00
2014-12-17 00:45:45.042143 	|	 VM_Task_16 	|	 0.0	|	147456.0	|	13380	|	0.00
2014-12-17 00:45:51.060223 	|	 VM_Task_16 	|	 0.0	|	148480.0	|	13380	|	0.00
2014-12-17 00:45:57.084517 	|	 VM_Task_16 	|	 0.0	|	147456.0	|	13380	|	0.00
2014-12-17 00:46:03.107909 	|	 VM_Task_16 	|	 0.0	|	148480.0	|	13380	|	0.00
2014-12-17 00:46:09.135257 	|	 VM_Task_16 	|	 0.0	|	148480.0	|	13380	|	0.00
2014-12-17 00:46:15.165404 	|	 VM_Task_16 	|	 0.0	|	148480.0	|	13380	|	0.00
2014-12-17 00:46:21.183042 	|	 VM_Task_16 	|	 0.0	|	148480.0	|	13380	|	0.00
2014-12-17 00:46:27.207465 	|	 VM_Task_16 	|	 0.0	|	148480.0	|	13380	|	0.00
2014-12-17 00:46:33.230712 	|	 VM_Task_16 	|	 0.0	|	148480.0	|	13380	|	0.00
2014-12-17 00:46:39.258530 	|	 VM_Task_16 	|	 0.0	|	148480.0	|	13380	|	0.00
2014-12-17 00:46:45.287910 	|	 VM_Task_16 	|	 0.0	|	148480.0	|	13380	|	0.00
2014-12-17 00:46:51.307296 	|	 VM_Task_16 	|	 0.0	|	148480.0	|	13380	|	0.00
2014-12-17 00:46:57.330819 	|	 VM_Task_16 	|	 0.0	|	148480.0	|	13380	|	0.00
2014-12-17 00:47:03.354316 	|	 VM_Task_16 	|	 0.0	|	148480.0	|	13380	|	0.00
2014-12-17 00:47:09.382405 	|	 VM_Task_16 	|	 0.0	|	148480.0	|	13380	|	0.00
2014-12-17 00:47:15.402160 	|	 VM_Task_16 	|	 0.0	|	148480.0	|	13380	|	0.00
2014-12-17 00:47:21.430720 	|	 VM_Task_16 	|	 0.0	|	148480.0	|	13380	|	0.00
2014-12-17 00:47:27.454243 	|	 VM_Task_16 	|	 0.0	|	148480.0	|	13380	|	0.00
2014-12-17 00:47:33.476749 	|	 VM_Task_16 	|	 0.0	|	148480.0	|	13380	|	0.00
2014-12-17 00:47:39.504276 	|	 VM_Task_16 	|	 0.0	|	148480.0	|	13380	|	0.00
2014-12-17 00:47:45.532657 	|	 VM_Task_16 	|	 0.0	|	148480.0	|	13380	|	0.00
2014-12-17 00:47:51.551559 	|	 VM_Task_16 	|	 0.0	|	148480.0	|	13380	|	0.00
2014-12-17 00:47:57.575355 	|	 VM_Task_16 	|	 0.0	|	147456.0	|	13380	|	0.00
2014-12-17 00:48:03.598276 	|	 VM_Task_16 	|	 0.0	|	148480.0	|	13380	|	0.00
2014-12-17 00:48:09.627586 	|	 VM_Task_16 	|	 0.0	|	148480.0	|	13380	|	0.00
2014-12-17 00:48:15.648255 	|	 VM_Task_16 	|	 0.0	|	148480.0	|	13380	|	0.00
2014-12-17 00:48:21.669839 	|	 VM_Task_16 	|	 0.0	|	148480.0	|	13380	|	0.00
2014-12-17 00:48:27.698057 	|	 VM_Task_16 	|	 0.0	|	148480.0	|	13380	|	0.00
2014-12-17 00:48:33.719507 	|	 VM_Task_16 	|	 0.0	|	148480.0	|	13380	|	0.00
2014-12-17 00:48:39.743966 	|	 VM_Task_16 	|	 0.0	|	148480.0	|	13380	|	0.00
2014-12-17 00:48:45.770164 	|	 VM_Task_16 	|	 0.0	|	148480.0	|	13380	|	0.00
2014-12-17 00:48:51.798077 	|	 VM_Task_16 	|	 0.0	|	148480.0	|	13380	|	0.00
2014-12-17 00:48:57.823655 	|	 VM_Task_16 	|	 0.0	|	148480.0	|	13380	|	0.00
2014-12-17 00:49:03.853872 	|	 VM_Task_16 	|	 0.0	|	148480.0	|	13380	|	0.00
2014-12-17 00:49:09.878641 	|	 VM_Task_16 	|	 0.0	|	148480.0	|	13380	|	0.00
2014-12-17 00:49:15.901771 	|	 VM_Task_16 	|	 0.0	|	148480.0	|	13380	|	0.00
2014-12-17 00:49:21.925772 	|	 VM_Task_16 	|	 0.0	|	148480.0	|	13380	|	0.00
2014-12-17 00:49:27.953211 	|	 VM_Task_16 	|	 0.0	|	148480.0	|	13380	|	0.00
2014-12-17 00:49:33.981149 	|	 VM_Task_16 	|	 0.0	|	148480.0	|	13380	|	0.00
2014-12-17 00:49:39.999767 	|	 VM_Task_16 	|	 0.0	|	148480.0	|	13380	|	0.00
2014-12-17 00:49:46.024716 	|	 VM_Task_16 	|	 0.0	|	148480.0	|	13380	|	0.00
2014-12-17 00:49:52.049276 	|	 VM_Task_16 	|	 0.0	|	148480.0	|	13380	|	0.00
2014-12-17 00:49:58.073430 	|	 VM_Task_16 	|	 0.0	|	148480.0	|	13380	|	0.00
2014-12-17 00:50:04.104475 	|	 VM_Task_16 	|	 0.0	|	148480.0	|	13380	|	0.00
2014-12-17 00:50:10.133720 	|	 VM_Task_16 	|	 0.0	|	148480.0	|	13380	|	0.00
2014-12-17 00:50:16.157540 	|	 VM_Task_16 	|	 0.0	|	148480.0	|	13380	|	0.00
2014-12-17 00:50:22.181186 	|	 VM_Task_16 	|	 0.0	|	148480.0	|	13380	|	0.00
2014-12-17 00:50:28.206214 	|	 VM_Task_16 	|	 0.0	|	148480.0	|	13380	|	0.00
2014-12-17 00:50:34.232096 	|	 VM_Task_16 	|	 0.0	|	148480.0	|	13380	|	0.00
2014-12-17 00:50:40.255036 	|	 VM_Task_16 	|	 0.0	|	148480.0	|	13380	|	0.00
2014-12-17 00:50:46.282999 	|	 VM_Task_16 	|	 0.0	|	148480.0	|	13380	|	0.00
2014-12-17 00:50:52.308064 	|	 VM_Task_16 	|	 0.0	|	148480.0	|	13380	|	0.00
2014-12-17 00:50:58.333529 	|	 VM_Task_16 	|	 0.0	|	148480.0	|	13380	|	0.00
2014-12-17 00:51:04.352987 	|	 VM_Task_16 	|	 0.0	|	148480.0	|	13380	|	0.00
2014-12-17 00:51:10.376310 	|	 VM_Task_16 	|	 0.0	|	148480.0	|	13380	|	0.00
2014-12-17 00:51:16.399710 	|	 VM_Task_16 	|	 0.0	|	148480.0	|	13380	|	0.00
2014-12-17 00:51:22.424469 	|	 VM_Task_16 	|	 0.0	|	148480.0	|	13380	|	0.00
2014-12-17 00:51:28.448571 	|	 VM_Task_16 	|	 0.0	|	148480.0	|	13380	|	0.00
2014-12-17 00:51:34.480293 	|	 VM_Task_16 	|	 0.0	|	148480.0	|	13380	|	0.00
2014-12-17 00:51:40.504600 	|	 VM_Task_16 	|	 0.0	|	148480.0	|	13380	|	0.00
2014-12-17 00:51:46.525288 	|	 VM_Task_16 	|	 0.0	|	148480.0	|	13380	|	0.00
2014-12-17 00:51:52.549631 	|	 VM_Task_16 	|	 0.0	|	148480.0	|	13380	|	0.00
2014-12-17 00:51:58.577912 	|	 VM_Task_16 	|	 0.0	|	148480.0	|	13380	|	0.00
2014-12-17 00:52:04.608298 	|	 VM_Task_16 	|	 0.0	|	148480.0	|	13380	|	0.00
2014-12-17 00:52:10.644374 	|	 VM_Task_16 	|	 0.0	|	148480.0	|	13380	|	0.00
2014-12-17 00:52:16.665207 	|	 VM_Task_16 	|	 0.0	|	148480.0	|	13380	|	0.00
