2014-12-16 21:54:46.568178 	|	 VM_Task_12 	|	 0.0	|	136192.0	|	0.0	|	57.39
2014-12-16 21:54:52.608887 	|	 VM_Task_12 	|	 0.0	|	148480.0	|	8260	|	19.90
2014-12-16 21:54:58.637912 	|	 VM_Task_12 	|	 0.14	|	189440.0	|	48196	|	0.00
2014-12-16 21:55:04.661757 	|	 VM_Task_12 	|	 0.12	|	189440.0	|	48196	|	0.10
2014-12-16 21:55:10.686740 	|	 VM_Task_12 	|	 0.168	|	149504.0	|	8260	|	0.00
2014-12-16 21:55:16.708034 	|	 VM_Task_12 	|	 0.23	|	148480.0	|	8260	|	0.00
2014-12-16 21:55:22.735235 	|	 VM_Task_12 	|	 0.147	|	148480.0	|	8260	|	0.00
2014-12-16 21:55:28.757570 	|	 VM_Task_12 	|	 0.243	|	158720.0	|	18500	|	0.00
2014-12-16 21:55:34.779303 	|	 VM_Task_12 	|	 0.203	|	158720.0	|	18500	|	0.10
2014-12-16 21:55:40.801388 	|	 VM_Task_12 	|	 0.352	|	168960.0	|	28740	|	0.00
2014-12-16 21:55:46.831313 	|	 VM_Task_12 	|	 0.23	|	148480.0	|	4292	|	120.00
2014-12-16 21:55:52.855193 	|	 VM_Task_12 	|	 0.138	|	159744.0	|	4292	|	0.00
2014-12-16 21:55:59.217366 	|	 VM_Task_12 	|	 0.93	|	160768.0	|	23620	|	23.37
2014-12-16 21:56:05.283794 	|	 VM_Task_12 	|	 0.729	|	177152.0	|	23620	|	0.90
2014-12-16 21:56:11.534320 	|	 VM_Task_12 	|	 0.68	|	173056.0	|	33860	|	1.29
2014-12-16 21:56:31.751940 	|	 VM_Task_12 	|	 0.0	|	160768.0	|	0.0	|	100.00
2014-12-16 21:56:39.167872 	|	 VM_Task_12 	|	 0.144	|	152576.0	|	13380	|	31.00
2014-12-16 21:56:45.196396 	|	 VM_Task_12 	|	 0.163	|	156672.0	|	4292	|	0.00
2014-12-16 21:56:51.223510 	|	 VM_Task_12 	|	 0.147	|	142336.0	|	4292	|	0.00
2014-12-16 21:56:57.391028 	|	 VM_Task_12 	|	 0.16	|	186368.0	|	33860	|	37.80
2014-12-16 21:57:03.430864 	|	 VM_Task_12 	|	 0.25	|	197632.0	|	58436	|	0.00
2014-12-16 21:57:09.458874 	|	 VM_Task_12 	|	 0.27	|	210944.0	|	58436	|	0.00
2014-12-16 21:57:15.486239 	|	 VM_Task_12 	|	 0.28	|	157696.0	|	18500	|	0.00
2014-12-16 21:57:21.512584 	|	 VM_Task_12 	|	 0.28	|	169984.0	|	18500	|	0.00
2014-12-16 21:57:27.600833 	|	 VM_Task_12 	|	 0.35	|	156672.0	|	18500	|	36.80
2014-12-16 21:57:34.391931 	|	 VM_Task_12 	|	 0.25	|	142336.0	|	4292	|	1.50
2014-12-16 21:57:40.427045 	|	 VM_Task_12 	|	 0.111	|	155648.0	|	4292	|	0.00
2014-12-16 21:57:46.467801 	|	 VM_Task_12 	|	 0.12	|	142336.0	|	4292	|	10.20
2014-12-16 21:57:53.962216 	|	 VM_Task_12 	|	 0.128	|	162816.0	|	13380	|	100.00
2014-12-16 21:58:00.618536 	|	 VM_Task_12 	|	 0.242	|	152576.0	|	13380	|	22.10
2014-12-16 21:58:13.000273 	|	 VM_Task_12 	|	 0.53	|	191488.0	|	38980	|	0.00
2014-12-16 21:58:13.004748 	|	 VM_Task_12 	|	 0.53	|	178176.0	|	38980	|	0.20
2014-12-16 21:58:18.789305 	|	 VM_Task_12 	|	 0.136	|	181248.0	|	28740	|	0.00
2014-12-16 21:58:24.816928 	|	 VM_Task_12 	|	 0.57	|	178176.0	|	38980	|	48.20
2014-12-16 21:58:31.018962 	|	 VM_Task_12 	|	 0.581	|	179200.0	|	38980	|	0.00
2014-12-16 21:58:45.929550 	|	 VM_Task_12 	|	 0.16	|	221184.0	|	68676	|	0.00
2014-12-16 21:58:50.384055 	|	 VM_Task_12 	|	 0.0	|	157696.0	|	18500	|	0.00
2014-12-16 21:59:00.064923 	|	 VM_Task_12 	|	 0.39	|	171008.0	|	18500	|	0.00
2014-12-16 21:59:04.623221 	|	 VM_Task_12 	|	 0.21	|	152576.0	|	13380	|	55.60
2014-12-16 21:59:04.627983 	|	 VM_Task_12 	|	 0.161	|	152576.0	|	13380	|	0.00
2014-12-16 21:59:10.356681 	|	 VM_Task_12 	|	 0.606	|	186368.0	|	33860	|	100.00
2014-12-16 21:59:21.010092 	|	 VM_Task_12 	|	 0.0	|	161792.0	|	8260	|	100.00
2014-12-16 21:59:33.423694 	|	 VM_Task_12 	|	 0.0	|	160768.0	|	8260	|	100.00
2014-12-16 21:59:33.923225 	|	 VM_Task_12 	|	 0.384	|	165888.0	|	13380	|	0.00
2014-12-16 21:59:44.915744 	|	 VM_Task_12 	|	 0.245	|	165888.0	|	13380	|	0.20
2014-12-16 21:59:45.981692 	|	 VM_Task_12 	|	 0.126	|	152576.0	|	13380	|	0.00
2014-12-16 21:59:56.616983 	|	 VM_Task_12 	|	 0.135	|	165888.0	|	13380	|	1.00
2014-12-16 22:00:02.202128 	|	 VM_Task_12 	|	 0.143	|	153600.0	|	13380	|	51.60
2014-12-16 22:00:12.331982 	|	 VM_Task_12 	|	 0.172	|	151552.0	|	13380	|	0.00
2014-12-16 22:00:28.148507 	|	 VM_Task_12 	|	 0.0	|	161792.0	|	13380	|	96.20
2014-12-16 22:00:28.153189 	|	 VM_Task_12 	|	 0.0	|	148480.0	|	13380	|	0.00
2014-12-16 22:00:28.157478 	|	 VM_Task_12 	|	 0.0	|	161792.0	|	13380	|	0.00
2014-12-16 22:00:31.244860 	|	 VM_Task_12 	|	 0.0	|	148480.0	|	13380	|	0.00
2014-12-16 22:00:43.322485 	|	 VM_Task_12 	|	 0.0	|	161792.0	|	13380	|	0.00
2014-12-16 22:00:43.327077 	|	 VM_Task_12 	|	 0.0	|	148480.0	|	13380	|	59.40
2014-12-16 22:00:52.514353 	|	 VM_Task_12 	|	 0.0	|	161792.0	|	13380	|	0.00
2014-12-16 22:01:07.558116 	|	 VM_Task_12 	|	 0.0	|	147456.0	|	13380	|	0.00
2014-12-16 22:01:18.031193 	|	 VM_Task_12 	|	 0.0	|	161792.0	|	13380	|	0.00
2014-12-16 22:01:18.038838 	|	 VM_Task_12 	|	 0.0	|	148480.0	|	13380	|	0.00
2014-12-16 22:01:18.048682 	|	 VM_Task_12 	|	 0.0	|	161792.0	|	13380	|	33.27
2014-12-16 22:01:19.514082 	|	 VM_Task_12 	|	 0.0	|	160768.0	|	13380	|	33.20
2014-12-16 22:01:25.548875 	|	 VM_Task_12 	|	 0.0	|	148480.0	|	13380	|	0.00
2014-12-16 22:01:31.586564 	|	 VM_Task_12 	|	 0.0	|	161792.0	|	13380	|	0.00
2014-12-16 22:01:50.785217 	|	 VM_Task_12 	|	 0.0	|	148480.0	|	13380	|	0.00
2014-12-16 22:01:50.788991 	|	 VM_Task_12 	|	 0.0	|	161792.0	|	13380	|	20.40
2014-12-16 22:02:10.826036 	|	 VM_Task_12 	|	 0.0	|	158720.0	|	13380	|	40.60
2014-12-16 22:02:15.739792 	|	 VM_Task_12 	|	 0.0	|	148480.0	|	13380	|	0.00
2014-12-16 22:02:26.861588 	|	 VM_Task_12 	|	 0.0	|	161792.0	|	13380	|	0.00
2014-12-16 22:02:26.869542 	|	 VM_Task_12 	|	 0.0	|	148480.0	|	13380	|	0.00
2014-12-16 22:02:37.328956 	|	 VM_Task_12 	|	 0.0	|	161792.0	|	13380	|	8.00
2014-12-16 22:03:05.562730 	|	 VM_Task_12 	|	 0.0	|	154624.0	|	13380	|	56.90
2014-12-16 22:03:15.979177 	|	 VM_Task_12 	|	 0.0	|	148480.0	|	13380	|	0.00
2014-12-16 22:03:15.985194 	|	 VM_Task_12 	|	 0.0	|	161792.0	|	13380	|	0.00
2014-12-16 22:03:15.988879 	|	 VM_Task_12 	|	 0.0	|	161792.0	|	13380	|	0.00
2014-12-16 22:03:20.523086 	|	 VM_Task_12 	|	 0.0	|	161792.0	|	13380	|	0.00
2014-12-16 22:03:20.524469 	|	 VM_Task_12 	|	 0.0	|	148480.0	|	13380	|	0.00
2014-12-16 22:03:27.456719 	|	 VM_Task_12 	|	 0.0	|	148480.0	|	13380	|	0.70
2014-12-16 22:03:29.971367 	|	 VM_Task_12 	|	 0.0	|	148480.0	|	13380	|	47.70
2014-12-16 22:03:29.978372 	|	 VM_Task_12 	|	 0.0	|	161792.0	|	13380	|	0.10
2014-12-16 22:03:35.852851 	|	 VM_Task_12 	|	 0.0	|	148480.0	|	13380	|	0.00
2014-12-16 22:03:40.795244 	|	 VM_Task_12 	|	 0.0	|	161792.0	|	13380	|	2.70
2014-12-16 22:03:45.423105 	|	 VM_Task_12 	|	 0.0	|	150528.0	|	13380	|	50.60
2014-12-16 22:03:53.833975 	|	 VM_Task_12 	|	 0.0	|	148480.0	|	13380	|	0.00
2014-12-16 22:03:53.839418 	|	 VM_Task_12 	|	 0.0	|	161792.0	|	13380	|	0.10
2014-12-16 22:03:59.104802 	|	 VM_Task_12 	|	 0.0	|	148480.0	|	13380	|	0.00
2014-12-16 22:04:05.149569 	|	 VM_Task_12 	|	 0.0	|	161792.0	|	13380	|	6.10
2014-12-16 22:04:11.222102 	|	 VM_Task_12 	|	 0.0	|	150528.0	|	13380	|	55.20
2014-12-16 22:04:21.792149 	|	 VM_Task_12 	|	 0.0	|	148480.0	|	13380	|	0.00
2014-12-16 22:04:23.300872 	|	 VM_Task_12 	|	 0.0	|	161792.0	|	13380	|	0.10
2014-12-16 22:04:29.335963 	|	 VM_Task_12 	|	 0.0	|	148480.0	|	13380	|	0.00
2014-12-16 23:01:15.807851 	|	 VM_Task_12 	|	 0.0	|	135168.0	|	0.0	|	9.50
2014-12-16 23:01:21.843938 	|	 VM_Task_12 	|	 0.14	|	147456.0	|	8260	|	28.18
2014-12-16 23:01:27.873261 	|	 VM_Task_12 	|	 0.105	|	187392.0	|	48196	|	1.43
2014-12-16 23:01:33.895865 	|	 VM_Task_12 	|	 0.104	|	187392.0	|	48196	|	0.10
2014-12-16 23:01:39.921362 	|	 VM_Task_12 	|	 0.135	|	147456.0	|	8260	|	0.00
2014-12-16 23:01:45.949456 	|	 VM_Task_12 	|	 0.115	|	147456.0	|	8260	|	0.00
2014-12-16 23:01:51.971509 	|	 VM_Task_12 	|	 0.123	|	147456.0	|	8260	|	0.00
2014-12-16 23:01:57.993522 	|	 VM_Task_12 	|	 0.182	|	157696.0	|	18500	|	0.10
2014-12-16 23:02:04.017240 	|	 VM_Task_12 	|	 0.184	|	157696.0	|	18500	|	0.00
2014-12-16 23:02:10.039037 	|	 VM_Task_12 	|	 0.301	|	167936.0	|	28740	|	0.00
2014-12-16 23:02:16.215647 	|	 VM_Task_12 	|	 0.125	|	145408.0	|	4292	|	89.28
2014-12-16 23:02:22.415479 	|	 VM_Task_12 	|	 0.13	|	140288.0	|	4292	|	0.00
2014-12-16 23:02:28.649947 	|	 VM_Task_12 	|	 0.672	|	172032.0	|	23620	|	0.00
2014-12-16 23:02:34.936827 	|	 VM_Task_12 	|	 0.49	|	168960.0	|	33860	|	29.10
2014-12-16 23:02:41.183896 	|	 VM_Task_12 	|	 0.671	|	182272.0	|	33860	|	25.31
2014-12-16 23:02:47.269684 	|	 VM_Task_12 	|	 0.21	|	156672.0	|	8260	|	0.10
2014-12-16 23:02:53.299175 	|	 VM_Task_12 	|	 0.211	|	143360.0	|	8260	|	0.30
2014-12-16 23:03:03.474022 	|	 VM_Task_12 	|	 0.15	|	158720.0	|	13380	|	103.09
2014-12-16 23:03:09.521774 	|	 VM_Task_12 	|	 0.14	|	152576.0	|	4292	|	43.06
2014-12-16 23:03:15.779864 	|	 VM_Task_12 	|	 0.289	|	183296.0	|	33860	|	34.90
2014-12-16 23:03:21.836418 	|	 VM_Task_12 	|	 0.168	|	168960.0	|	33860	|	0.00
2014-12-16 23:03:27.866591 	|	 VM_Task_12 	|	 0.272	|	206848.0	|	58436	|	0.10
2014-12-16 23:03:33.896566 	|	 VM_Task_12 	|	 0.268	|	193536.0	|	58436	|	0.00
2014-12-16 23:03:40.265667 	|	 VM_Task_12 	|	 0.281	|	167936.0	|	18500	|	34.85
2014-12-16 23:03:46.465870 	|	 VM_Task_12 	|	 0.29	|	166912.0	|	18500	|	0.10
2014-12-16 23:03:52.573455 	|	 VM_Task_12 	|	 0.297	|	166912.0	|	18500	|	0.00
2014-12-16 23:03:58.606134 	|	 VM_Task_12 	|	 0.114	|	139264.0	|	4292	|	0.10
2014-12-16 23:04:04.634544 	|	 VM_Task_12 	|	 0.12	|	152576.0	|	4292	|	0.00
2014-12-16 23:04:10.663349 	|	 VM_Task_12 	|	 0.134	|	139264.0	|	4292	|	53.02
2014-12-16 23:04:21.613762 	|	 VM_Task_12 	|	 0.166	|	148480.0	|	13380	|	1.20
2014-12-16 23:04:23.339774 	|	 VM_Task_12 	|	 0.153	|	148480.0	|	13380	|	0.00
2014-12-16 23:04:29.610773 	|	 VM_Task_12 	|	 0.453	|	187392.0	|	38980	|	0.00
2014-12-16 23:04:35.639181 	|	 VM_Task_12 	|	 0.095	|	163840.0	|	28740	|	55.47
2014-12-16 23:04:42.170289 	|	 VM_Task_12 	|	 0.105	|	163840.0	|	28740	|	0.00
2014-12-16 23:04:48.432931 	|	 VM_Task_12 	|	 0.464	|	187392.0	|	38980	|	0.00
2014-12-16 23:04:54.461303 	|	 VM_Task_12 	|	 0.11	|	203776.0	|	68676	|	0.00
2014-12-16 23:05:00.900710 	|	 VM_Task_12 	|	 0.115	|	217088.0	|	68676	|	21.75
2014-12-16 23:05:07.031680 	|	 VM_Task_12 	|	 0.333	|	167936.0	|	18500	|	6.87
2014-12-16 23:05:13.074943 	|	 VM_Task_12 	|	 0.345	|	153600.0	|	18500	|	0.00
2014-12-16 23:05:19.103906 	|	 VM_Task_12 	|	 0.142	|	161792.0	|	13380	|	0.00
2014-12-16 23:05:25.369792 	|	 VM_Task_12 	|	 0.385	|	168960.0	|	33860	|	0.00
2014-12-16 23:05:31.647792 	|	 VM_Task_12 	|	 0.587	|	182272.0	|	33860	|	48.50
2014-12-16 23:05:37.685048 	|	 VM_Task_12 	|	 0.115	|	156672.0	|	8260	|	0.00
2014-12-16 23:05:47.005610 	|	 VM_Task_12 	|	 0.113	|	143360.0	|	8260	|	0.00
2014-12-16 23:05:49.753626 	|	 VM_Task_12 	|	 0.231	|	161792.0	|	13380	|	0.00
2014-12-16 23:05:57.616520 	|	 VM_Task_12 	|	 0.115	|	148480.0	|	13380	|	0.00
2014-12-16 23:06:01.816469 	|	 VM_Task_12 	|	 0.113	|	161792.0	|	13380	|	67.68
2014-12-16 23:06:07.863797 	|	 VM_Task_12 	|	 0.137	|	162816.0	|	13380	|	0.00
2014-12-16 23:06:13.910574 	|	 VM_Task_12 	|	 0.142	|	148480.0	|	13380	|	0.20
2014-12-16 23:06:19.938806 	|	 VM_Task_12 	|	 0.15	|	161792.0	|	13380	|	0.00
2014-12-16 23:06:26.011321 	|	 VM_Task_12 	|	 0.0	|	144384.0	|	13380	|	0.00
2014-12-16 23:06:45.376097 	|	 VM_Task_12 	|	 0.0	|	144384.0	|	13380	|	101.01
2014-12-16 23:06:49.934227 	|	 VM_Task_12 	|	 0.0	|	144384.0	|	13380	|	0.00
2014-12-16 23:06:57.025816 	|	 VM_Task_12 	|	 0.0	|	158720.0	|	13380	|	0.00
2014-12-16 23:06:59.436836 	|	 VM_Task_12 	|	 0.0	|	145408.0	|	13380	|	1.01
2014-12-16 23:07:06.326348 	|	 VM_Task_12 	|	 0.0	|	145408.0	|	13380	|	23.84
2014-12-16 23:07:12.352474 	|	 VM_Task_12 	|	 0.0	|	145408.0	|	13380	|	0.00
2014-12-16 23:07:18.380053 	|	 VM_Task_12 	|	 0.0	|	157696.0	|	13380	|	0.00
2014-12-16 23:07:24.408549 	|	 VM_Task_12 	|	 0.0	|	144384.0	|	13380	|	0.00
2014-12-16 23:07:30.695896 	|	 VM_Task_12 	|	 0.0	|	157696.0	|	13380	|	78.90
2014-12-16 23:07:36.734655 	|	 VM_Task_12 	|	 0.0	|	157696.0	|	13380	|	0.00
2014-12-16 23:07:42.771960 	|	 VM_Task_12 	|	 0.0	|	144384.0	|	13380	|	0.00
2014-12-16 23:07:48.810786 	|	 VM_Task_12 	|	 0.0	|	158720.0	|	13380	|	0.00
2014-12-16 23:07:54.847995 	|	 VM_Task_12 	|	 0.0	|	144384.0	|	13380	|	0.00
2014-12-16 23:08:00.892484 	|	 VM_Task_12 	|	 0.0	|	158720.0	|	13380	|	91.88
2014-12-16 23:08:08.894160 	|	 VM_Task_12 	|	 0.0	|	158720.0	|	13380	|	0.00
2014-12-16 23:08:12.977996 	|	 VM_Task_12 	|	 0.0	|	145408.0	|	13380	|	0.00
2014-12-16 23:08:19.016194 	|	 VM_Task_12 	|	 0.0	|	158720.0	|	13380	|	0.00
2014-12-16 23:08:26.256247 	|	 VM_Task_12 	|	 0.0	|	145408.0	|	13380	|	0.00
2014-12-16 23:08:35.312154 	|	 VM_Task_12 	|	 0.0	|	158720.0	|	13380	|	104.62
2014-12-16 23:08:40.007013 	|	 VM_Task_12 	|	 0.0	|	158720.0	|	13380	|	0.00
2014-12-16 23:08:43.219520 	|	 VM_Task_12 	|	 0.0	|	145408.0	|	13380	|	0.00
2014-12-16 23:09:04.976633 	|	 VM_Task_12 	|	 0.0	|	157696.0	|	13380	|	0.00
2014-12-16 23:09:04.979092 	|	 VM_Task_12 	|	 0.0	|	144384.0	|	13380	|	0.00
2014-12-16 23:09:04.981508 	|	 VM_Task_12 	|	 0.0	|	158720.0	|	13380	|	82.37
2014-12-16 23:09:10.036386 	|	 VM_Task_12 	|	 0.0	|	159744.0	|	13380	|	3.98
2014-12-16 23:09:18.994292 	|	 VM_Task_12 	|	 0.0	|	144384.0	|	13380	|	0.00
2014-12-16 23:09:19.494276 	|	 VM_Task_12 	|	 0.0	|	157696.0	|	13380	|	0.00
2014-12-16 23:09:25.533405 	|	 VM_Task_12 	|	 0.0	|	145408.0	|	13380	|	0.00
2014-12-16 23:09:36.177183 	|	 VM_Task_12 	|	 0.0	|	157696.0	|	13380	|	60.76
2014-12-16 23:09:37.939299 	|	 VM_Task_12 	|	 0.0	|	158720.0	|	13380	|	0.00
2014-12-16 23:09:58.577947 	|	 VM_Task_12 	|	 0.0	|	145408.0	|	13380	|	0.00
2014-12-16 23:10:01.906655 	|	 VM_Task_12 	|	 0.0	|	158720.0	|	13380	|	0.00
2014-12-16 23:10:01.912344 	|	 VM_Task_12 	|	 0.0	|	145408.0	|	13380	|	0.00
2014-12-16 23:10:02.097460 	|	 VM_Task_12 	|	 0.0	|	158720.0	|	13380	|	90.78
2014-12-16 23:10:08.139291 	|	 VM_Task_12 	|	 0.0	|	157696.0	|	13380	|	0.00
2014-12-16 23:10:14.177539 	|	 VM_Task_12 	|	 0.0	|	144384.0	|	13380	|	0.00
2014-12-16 23:10:20.215576 	|	 VM_Task_12 	|	 0.0	|	157696.0	|	13380	|	0.00
2014-12-16 23:10:26.252796 	|	 VM_Task_12 	|	 0.0	|	144384.0	|	13380	|	0.00
2014-12-16 23:10:33.114754 	|	 VM_Task_12 	|	 0.0	|	157696.0	|	13380	|	70.56
2014-12-16 23:10:40.856115 	|	 VM_Task_12 	|	 0.0	|	157696.0	|	13380	|	0.00
2014-12-16 23:10:44.623913 	|	 VM_Task_12 	|	 0.0	|	144384.0	|	13380	|	0.00
2014-12-16 23:10:50.660693 	|	 VM_Task_12 	|	 0.0	|	157696.0	|	13380	|	0.00
2014-12-16 23:10:56.697234 	|	 VM_Task_12 	|	 0.0	|	144384.0	|	13380	|	0.00
2014-12-16 23:11:02.737686 	|	 VM_Task_12 	|	 0.0	|	157696.0	|	13380	|	95.68
2014-12-16 23:11:08.788601 	|	 VM_Task_12 	|	 0.0	|	157696.0	|	13380	|	0.00
2014-12-16 23:11:14.827446 	|	 VM_Task_12 	|	 0.0	|	144384.0	|	13380	|	0.00
2014-12-16 23:11:20.865809 	|	 VM_Task_12 	|	 0.0	|	157696.0	|	13380	|	0.00
2014-12-16 23:11:26.906926 	|	 VM_Task_12 	|	 0.0	|	144384.0	|	13380	|	0.00
2014-12-16 23:11:33.162251 	|	 VM_Task_12 	|	 0.0	|	157696.0	|	13380	|	78.68
2014-12-16 23:11:39.211645 	|	 VM_Task_12 	|	 0.0	|	157696.0	|	13380	|	0.00
2014-12-16 23:11:48.143156 	|	 VM_Task_12 	|	 0.0	|	144384.0	|	13380	|	0.00
2014-12-16 23:11:51.290496 	|	 VM_Task_12 	|	 0.0	|	158720.0	|	13380	|	0.00
2014-12-16 23:11:57.336795 	|	 VM_Task_12 	|	 0.0	|	144384.0	|	13380	|	0.00
2014-12-16 23:12:18.862148 	|	 VM_Task_12 	|	 0.0	|	144384.0	|	13380	|	31.13
2014-12-16 23:12:18.867139 	|	 VM_Task_12 	|	 0.0	|	158720.0	|	13380	|	0.00
2014-12-16 23:12:18.873579 	|	 VM_Task_12 	|	 0.0	|	144384.0	|	13380	|	0.00
2014-12-16 23:12:22.552626 	|	 VM_Task_12 	|	 0.0	|	158720.0	|	13380	|	0.00
2014-12-16 23:12:28.596534 	|	 VM_Task_12 	|	 0.0	|	144384.0	|	13380	|	59.36
2014-12-16 23:12:52.852621 	|	 VM_Task_12 	|	 0.0	|	145408.0	|	13380	|	0.00
2014-12-16 23:12:52.856327 	|	 VM_Task_12 	|	 0.0	|	157696.0	|	13380	|	0.00
2014-12-16 23:12:52.860703 	|	 VM_Task_12 	|	 0.0	|	144384.0	|	13380	|	0.00
2014-12-16 23:12:53.388969 	|	 VM_Task_12 	|	 0.0	|	157696.0	|	13380	|	33.92
2014-12-16 23:12:59.529083 	|	 VM_Task_12 	|	 0.0	|	158720.0	|	13380	|	4.65
2014-12-16 23:13:05.570862 	|	 VM_Task_12 	|	 0.0	|	144384.0	|	13380	|	0.00
2014-12-16 23:13:11.611524 	|	 VM_Task_12 	|	 0.0	|	157696.0	|	13380	|	0.00
2014-12-16 23:13:17.653531 	|	 VM_Task_12 	|	 0.0	|	144384.0	|	13380	|	0.00
2014-12-16 23:13:24.008263 	|	 VM_Task_12 	|	 0.0	|	157696.0	|	13380	|	53.64
2014-12-16 23:13:30.052613 	|	 VM_Task_12 	|	 0.0	|	157696.0	|	13380	|	0.10
2014-12-16 23:13:36.094086 	|	 VM_Task_12 	|	 0.0	|	145408.0	|	13380	|	0.00
2014-12-16 23:13:42.132050 	|	 VM_Task_12 	|	 0.0	|	157696.0	|	13380	|	0.00
2014-12-16 23:13:48.172539 	|	 VM_Task_12 	|	 0.0	|	144384.0	|	13380	|	0.00
2014-12-16 23:13:54.382334 	|	 VM_Task_12 	|	 0.0	|	157696.0	|	13380	|	80.82
2014-12-16 23:14:00.428313 	|	 VM_Task_12 	|	 0.0	|	157696.0	|	13380	|	0.00
2014-12-16 23:14:06.468461 	|	 VM_Task_12 	|	 0.0	|	144384.0	|	13380	|	0.00
2014-12-16 23:14:12.508013 	|	 VM_Task_12 	|	 0.0	|	157696.0	|	13380	|	0.00
2014-12-16 23:14:18.575725 	|	 VM_Task_12 	|	 0.0	|	144384.0	|	13380	|	0.10
2014-12-16 23:14:25.606146 	|	 VM_Task_12 	|	 0.0	|	145408.0	|	13380	|	8.57
2014-12-16 23:14:31.654502 	|	 VM_Task_12 	|	 0.0	|	157696.0	|	13380	|	0.00
2014-12-16 23:14:37.694932 	|	 VM_Task_12 	|	 0.0	|	144384.0	|	13380	|	0.00
2014-12-16 23:14:43.738272 	|	 VM_Task_12 	|	 0.0	|	158720.0	|	13380	|	0.00
2014-12-16 23:14:53.551687 	|	 VM_Task_12 	|	 0.0	|	145408.0	|	13380	|	56.28
2014-12-16 23:14:56.055413 	|	 VM_Task_12 	|	 0.0	|	145408.0	|	13380	|	0.00
2014-12-16 23:15:02.691156 	|	 VM_Task_12 	|	 0.0	|	158720.0	|	13380	|	0.00
2014-12-16 23:15:08.131671 	|	 VM_Task_12 	|	 0.0	|	145408.0	|	13380	|	0.00
2014-12-16 23:15:14.378576 	|	 VM_Task_12 	|	 0.0	|	158720.0	|	13380	|	10.40
2014-12-16 23:15:20.664872 	|	 VM_Task_12 	|	 0.0	|	159744.0	|	13380	|	5.45
2014-12-16 23:15:26.706429 	|	 VM_Task_12 	|	 0.0	|	145408.0	|	13380	|	0.00
2014-12-16 23:15:32.745353 	|	 VM_Task_12 	|	 0.0	|	158720.0	|	13380	|	0.00
2014-12-16 23:15:38.785906 	|	 VM_Task_12 	|	 0.0	|	145408.0	|	13380	|	0.00
2014-12-16 23:15:44.826373 	|	 VM_Task_12 	|	 0.0	|	158720.0	|	13380	|	53.23
2014-12-16 23:15:50.948059 	|	 VM_Task_12 	|	 0.0	|	159744.0	|	13380	|	3.13
2014-12-16 23:15:56.994663 	|	 VM_Task_12 	|	 0.0	|	145408.0	|	13380	|	0.00
2014-12-16 23:16:03.036598 	|	 VM_Task_12 	|	 0.0	|	158720.0	|	13380	|	0.00
2014-12-16 23:16:09.073864 	|	 VM_Task_12 	|	 0.0	|	145408.0	|	13380	|	0.00
2014-12-16 23:16:15.169027 	|	 VM_Task_12 	|	 0.0	|	158720.0	|	13380	|	53.74
2014-12-16 23:16:21.257096 	|	 VM_Task_12 	|	 0.0	|	158720.0	|	13380	|	0.00
2014-12-16 23:16:27.304156 	|	 VM_Task_12 	|	 0.0	|	145408.0	|	13380	|	0.00
2014-12-16 23:16:33.343537 	|	 VM_Task_12 	|	 0.0	|	157696.0	|	13380	|	0.00
2014-12-16 23:16:39.381054 	|	 VM_Task_12 	|	 0.0	|	144384.0	|	13380	|	0.00
2014-12-16 23:16:45.633965 	|	 VM_Task_12 	|	 0.0	|	158720.0	|	13380	|	55.71
2014-12-16 23:16:51.680054 	|	 VM_Task_12 	|	 0.0	|	158720.0	|	13380	|	0.00
2014-12-16 23:16:57.724286 	|	 VM_Task_12 	|	 0.0	|	144384.0	|	13380	|	0.00
2014-12-16 23:17:03.762492 	|	 VM_Task_12 	|	 0.0	|	158720.0	|	13380	|	0.00
2014-12-16 23:17:09.801366 	|	 VM_Task_12 	|	 0.0	|	145408.0	|	13380	|	0.00
2014-12-16 23:17:16.091027 	|	 VM_Task_12 	|	 0.0	|	158720.0	|	13380	|	70.31
2014-12-16 23:17:22.132729 	|	 VM_Task_12 	|	 0.0	|	158720.0	|	13380	|	0.00
2014-12-16 23:17:28.173039 	|	 VM_Task_12 	|	 0.0	|	144384.0	|	13380	|	0.00
2014-12-16 23:17:34.209461 	|	 VM_Task_12 	|	 0.0	|	158720.0	|	13380	|	0.00
2014-12-16 23:17:40.253449 	|	 VM_Task_12 	|	 0.0	|	144384.0	|	13380	|	0.00
2014-12-16 23:17:46.884722 	|	 VM_Task_12 	|	 0.0	|	144384.0	|	13380	|	38.79
2014-12-16 23:17:54.614721 	|	 VM_Task_12 	|	 0.0	|	157696.0	|	13380	|	0.00
2014-12-16 23:18:00.660212 	|	 VM_Task_12 	|	 0.0	|	144384.0	|	13380	|	14.55
2014-12-16 23:18:07.408630 	|	 VM_Task_12 	|	 0.0	|	144384.0	|	13380	|	14.95
2014-12-16 23:18:13.449230 	|	 VM_Task_12 	|	 0.0	|	157696.0	|	13380	|	0.00
2014-12-16 23:18:19.486807 	|	 VM_Task_12 	|	 0.0	|	144384.0	|	13380	|	0.00
2014-12-16 23:18:25.531896 	|	 VM_Task_12 	|	 0.0	|	157696.0	|	13380	|	0.00
2014-12-16 23:18:31.572513 	|	 VM_Task_12 	|	 0.0	|	144384.0	|	13380	|	53.58
2014-12-16 23:18:37.938092 	|	 VM_Task_12 	|	 0.0	|	144384.0	|	13380	|	0.00
2014-12-16 23:18:43.977511 	|	 VM_Task_12 	|	 0.0	|	157696.0	|	13380	|	0.00
2014-12-16 23:18:50.016350 	|	 VM_Task_12 	|	 0.0	|	144384.0	|	13380	|	0.00
2014-12-16 23:18:56.409677 	|	 VM_Task_12 	|	 0.0	|	157696.0	|	13380	|	14.55
2014-12-16 23:19:02.534760 	|	 VM_Task_12 	|	 0.0	|	158720.0	|	13380	|	7.88
2014-12-16 23:19:08.575997 	|	 VM_Task_12 	|	 0.0	|	144384.0	|	13380	|	0.00
2014-12-16 23:19:14.616532 	|	 VM_Task_12 	|	 0.0	|	157696.0	|	13380	|	0.00
2014-12-16 23:19:20.657455 	|	 VM_Task_12 	|	 0.0	|	144384.0	|	13380	|	0.00
2014-12-16 23:19:26.960991 	|	 VM_Task_12 	|	 0.0	|	157696.0	|	13380	|	49.59
2014-12-16 23:19:33.046868 	|	 VM_Task_12 	|	 0.0	|	157696.0	|	13380	|	0.00
2014-12-16 23:19:39.094261 	|	 VM_Task_12 	|	 0.0	|	144384.0	|	13380	|	0.00
2014-12-16 23:19:45.134372 	|	 VM_Task_12 	|	 0.0	|	157696.0	|	13380	|	0.00
2014-12-16 23:19:51.175177 	|	 VM_Task_12 	|	 0.0	|	144384.0	|	13380	|	0.00
2014-12-16 23:19:57.339050 	|	 VM_Task_12 	|	 0.0	|	157696.0	|	13380	|	74.90
2014-12-16 23:20:03.375090 	|	 VM_Task_12 	|	 0.0	|	158720.0	|	13380	|	0.00
2014-12-16 23:20:09.425064 	|	 VM_Task_12 	|	 0.0	|	144384.0	|	13380	|	0.00
2014-12-16 23:20:15.465354 	|	 VM_Task_12 	|	 0.0	|	157696.0	|	13380	|	0.00
2014-12-16 23:20:21.507261 	|	 VM_Task_12 	|	 0.0	|	144384.0	|	13380	|	0.00
2014-12-16 23:20:27.707272 	|	 VM_Task_12 	|	 0.0	|	158720.0	|	13380	|	76.57
2014-12-16 23:20:33.746180 	|	 VM_Task_12 	|	 0.0	|	157696.0	|	13380	|	0.00
2014-12-16 23:20:39.786893 	|	 VM_Task_12 	|	 0.0	|	144384.0	|	13380	|	0.00
2014-12-16 23:20:45.829772 	|	 VM_Task_12 	|	 0.0	|	158720.0	|	13380	|	0.00
2014-12-16 23:20:51.891986 	|	 VM_Task_12 	|	 0.0	|	145408.0	|	13380	|	0.00
2014-12-16 23:20:58.472082 	|	 VM_Task_12 	|	 0.0	|	144384.0	|	13380	|	47.07
2014-12-16 23:21:04.510360 	|	 VM_Task_12 	|	 0.0	|	158720.0	|	13380	|	0.00
2014-12-16 23:21:10.556287 	|	 VM_Task_12 	|	 0.0	|	144384.0	|	13380	|	0.00
2014-12-16 23:21:16.596217 	|	 VM_Task_12 	|	 0.0	|	158720.0	|	13380	|	0.00
2014-12-16 23:21:22.681466 	|	 VM_Task_12 	|	 0.0	|	144384.0	|	13380	|	43.37
2014-12-16 23:21:29.260464 	|	 VM_Task_12 	|	 0.0	|	145408.0	|	13380	|	2.10
2014-12-16 23:21:35.307062 	|	 VM_Task_12 	|	 0.0	|	158720.0	|	13380	|	0.00
2014-12-16 23:21:41.351208 	|	 VM_Task_12 	|	 0.0	|	144384.0	|	13380	|	0.00
2014-12-16 23:21:47.782665 	|	 VM_Task_12 	|	 0.0	|	157696.0	|	13380	|	3.70
2014-12-16 23:21:54.007837 	|	 VM_Task_12 	|	 0.0	|	158720.0	|	13380	|	4.44
2014-12-16 23:22:00.047407 	|	 VM_Task_12 	|	 0.0	|	144384.0	|	13380	|	0.00
2014-12-16 23:22:06.088401 	|	 VM_Task_12 	|	 0.0	|	157696.0	|	13380	|	0.00
2014-12-16 23:22:12.127730 	|	 VM_Task_12 	|	 0.0	|	144384.0	|	13380	|	0.00
2014-12-16 23:22:18.510626 	|	 VM_Task_12 	|	 0.0	|	157696.0	|	13380	|	52.42
2014-12-16 23:22:24.582750 	|	 VM_Task_12 	|	 0.0	|	158720.0	|	13380	|	0.10
2014-12-16 23:22:30.622033 	|	 VM_Task_12 	|	 0.0	|	144384.0	|	13380	|	0.10
2014-12-16 23:22:36.664023 	|	 VM_Task_12 	|	 0.0	|	158720.0	|	13380	|	0.00
2014-12-16 23:22:42.703157 	|	 VM_Task_12 	|	 0.0	|	144384.0	|	13380	|	0.00
2014-12-16 23:22:48.740678 	|	 VM_Task_12 	|	 0.0	|	157696.0	|	13380	|	80.00
2014-12-16 23:22:54.778982 	|	 VM_Task_12 	|	 0.0	|	158720.0	|	13380	|	0.00
2014-12-16 23:23:00.817733 	|	 VM_Task_12 	|	 0.0	|	144384.0	|	13380	|	0.00
2014-12-16 23:23:06.855071 	|	 VM_Task_12 	|	 0.0	|	158720.0	|	13380	|	0.00
2014-12-16 23:23:12.893293 	|	 VM_Task_12 	|	 0.0	|	144384.0	|	13380	|	0.00
2014-12-16 23:23:19.152265 	|	 VM_Task_12 	|	 0.0	|	157696.0	|	13380	|	75.10
2014-12-16 23:23:25.190196 	|	 VM_Task_12 	|	 0.0	|	157696.0	|	13380	|	0.00
2014-12-16 23:23:31.230241 	|	 VM_Task_12 	|	 0.0	|	144384.0	|	13380	|	0.10
2014-12-16 23:23:37.277373 	|	 VM_Task_12 	|	 0.0	|	157696.0	|	13380	|	0.00
2014-12-16 23:23:43.318843 	|	 VM_Task_12 	|	 0.0	|	144384.0	|	13380	|	0.00
2014-12-16 23:23:49.358354 	|	 VM_Task_12 	|	 0.0	|	157696.0	|	13380	|	95.57
2014-12-16 23:23:55.395677 	|	 VM_Task_12 	|	 0.0	|	158720.0	|	13380	|	0.00
2014-12-16 23:24:01.434800 	|	 VM_Task_12 	|	 0.0	|	144384.0	|	13380	|	0.10
2014-12-16 23:24:07.479467 	|	 VM_Task_12 	|	 0.0	|	158720.0	|	13380	|	0.00
2014-12-16 23:24:13.519891 	|	 VM_Task_12 	|	 0.0	|	145408.0	|	13380	|	0.00
2014-12-16 23:24:19.559613 	|	 VM_Task_12 	|	 0.0	|	157696.0	|	13380	|	86.26
2014-12-16 23:24:25.636124 	|	 VM_Task_12 	|	 0.0	|	158720.0	|	13380	|	0.00
2014-12-16 23:24:31.677491 	|	 VM_Task_12 	|	 0.0	|	145408.0	|	13380	|	0.00
2014-12-16 23:24:37.723504 	|	 VM_Task_12 	|	 0.0	|	157696.0	|	13380	|	0.00
2014-12-16 23:24:43.766471 	|	 VM_Task_12 	|	 0.0	|	144384.0	|	13380	|	0.00
2014-12-16 23:24:49.867984 	|	 VM_Task_12 	|	 0.0	|	158720.0	|	13380	|	83.44
2014-12-16 23:24:55.907499 	|	 VM_Task_12 	|	 0.0	|	158720.0	|	13380	|	0.00
2014-12-16 23:25:01.946288 	|	 VM_Task_12 	|	 0.0	|	144384.0	|	13380	|	0.10
2014-12-16 23:25:07.988277 	|	 VM_Task_12 	|	 0.0	|	157696.0	|	13380	|	0.00
2014-12-16 23:25:14.028058 	|	 VM_Task_12 	|	 0.0	|	144384.0	|	13380	|	0.00
2014-12-16 23:25:20.184423 	|	 VM_Task_12 	|	 0.0	|	158720.0	|	13380	|	81.24
2014-12-16 23:25:26.231280 	|	 VM_Task_12 	|	 0.0	|	157696.0	|	13380	|	0.00
2014-12-16 23:25:32.268931 	|	 VM_Task_12 	|	 0.0	|	144384.0	|	13380	|	0.00
2014-12-16 23:25:38.307455 	|	 VM_Task_12 	|	 0.0	|	157696.0	|	13380	|	0.00
2014-12-16 23:25:44.347428 	|	 VM_Task_12 	|	 0.0	|	144384.0	|	13380	|	0.00
2014-12-16 23:25:50.708305 	|	 VM_Task_12 	|	 0.0	|	157696.0	|	13380	|	55.41
2014-12-16 23:25:56.746248 	|	 VM_Task_12 	|	 0.0	|	157696.0	|	13380	|	0.00
2014-12-16 23:26:02.784462 	|	 VM_Task_12 	|	 0.0	|	144384.0	|	13380	|	0.00
2014-12-16 23:26:10.575589 	|	 VM_Task_12 	|	 0.0	|	159744.0	|	13380	|	26.87
2014-12-16 23:26:16.652983 	|	 VM_Task_12 	|	 0.0	|	158720.0	|	13380	|	0.00
2014-12-16 23:26:22.692841 	|	 VM_Task_12 	|	 0.0	|	145408.0	|	13380	|	0.00
2014-12-16 23:26:28.733064 	|	 VM_Task_12 	|	 0.0	|	158720.0	|	13380	|	0.00
2014-12-16 23:26:34.773241 	|	 VM_Task_12 	|	 0.0	|	144384.0	|	13380	|	0.00
2014-12-16 23:26:41.028932 	|	 VM_Task_12 	|	 0.0	|	158720.0	|	13380	|	57.76
2014-12-16 23:26:47.074923 	|	 VM_Task_12 	|	 0.0	|	158720.0	|	13380	|	0.00
2014-12-16 23:26:53.114598 	|	 VM_Task_12 	|	 0.0	|	144384.0	|	13380	|	0.00
2014-12-16 23:26:59.153080 	|	 VM_Task_12 	|	 0.0	|	158720.0	|	13380	|	0.00
2014-12-16 23:27:05.193013 	|	 VM_Task_12 	|	 0.0	|	144384.0	|	13380	|	0.00
2014-12-16 23:27:11.481861 	|	 VM_Task_12 	|	 0.0	|	158720.0	|	13380	|	68.70
2014-12-16 23:27:17.522628 	|	 VM_Task_12 	|	 0.0	|	158720.0	|	13380	|	0.00
2014-12-16 23:27:23.565158 	|	 VM_Task_12 	|	 0.0	|	144384.0	|	13380	|	0.00
2014-12-16 23:27:29.609427 	|	 VM_Task_12 	|	 0.0	|	157696.0	|	13380	|	0.00
2014-12-16 23:27:35.668516 	|	 VM_Task_12 	|	 0.0	|	144384.0	|	13380	|	0.00
2014-12-16 23:27:41.960213 	|	 VM_Task_12 	|	 0.0	|	157696.0	|	13380	|	83.30
2014-12-16 23:27:48.002394 	|	 VM_Task_12 	|	 0.0	|	157696.0	|	13380	|	0.00
2014-12-16 23:27:54.046178 	|	 VM_Task_12 	|	 0.0	|	144384.0	|	13380	|	0.00
2014-12-16 23:28:00.088468 	|	 VM_Task_12 	|	 0.0	|	158720.0	|	13380	|	0.00
2014-12-16 23:28:06.138518 	|	 VM_Task_12 	|	 0.0	|	145408.0	|	13380	|	9.10
2014-12-16 23:28:12.937707 	|	 VM_Task_12 	|	 0.0	|	144384.0	|	13380	|	20.00
2014-12-16 23:28:18.987768 	|	 VM_Task_12 	|	 0.0	|	158720.0	|	13380	|	0.00
2014-12-16 23:28:25.026744 	|	 VM_Task_12 	|	 0.0	|	145408.0	|	13380	|	0.00
2014-12-16 23:28:31.064555 	|	 VM_Task_12 	|	 0.0	|	158720.0	|	13380	|	0.00
2014-12-16 23:28:37.103086 	|	 VM_Task_12 	|	 0.0	|	145408.0	|	13380	|	60.00
2014-12-16 23:28:43.412938 	|	 VM_Task_12 	|	 0.0	|	144384.0	|	13380	|	0.00
2014-12-16 23:28:49.459024 	|	 VM_Task_12 	|	 0.0	|	157696.0	|	13380	|	0.00
2014-12-16 23:28:55.497788 	|	 VM_Task_12 	|	 0.0	|	144384.0	|	13380	|	0.00
2014-12-16 23:29:01.802686 	|	 VM_Task_12 	|	 0.0	|	157696.0	|	13380	|	11.00
2014-12-16 23:29:08.896971 	|	 VM_Task_12 	|	 0.0	|	158720.0	|	13380	|	2.12
2014-12-16 23:29:14.934715 	|	 VM_Task_12 	|	 0.0	|	144384.0	|	13380	|	0.00
2014-12-16 23:29:20.975987 	|	 VM_Task_12 	|	 0.0	|	158720.0	|	13380	|	0.00
2014-12-16 23:29:27.014855 	|	 VM_Task_12 	|	 0.0	|	144384.0	|	13380	|	24.95
2014-12-16 23:29:33.897018 	|	 VM_Task_12 	|	 0.0	|	145408.0	|	13380	|	5.10
2014-12-16 23:29:39.938926 	|	 VM_Task_12 	|	 0.0	|	158720.0	|	13380	|	0.00
2014-12-16 23:29:45.980674 	|	 VM_Task_12 	|	 0.0	|	145408.0	|	13380	|	0.00
2014-12-16 23:29:52.246143 	|	 VM_Task_12 	|	 0.0	|	157696.0	|	13380	|	10.31
2014-12-16 23:29:58.440422 	|	 VM_Task_12 	|	 0.0	|	158720.0	|	13380	|	16.91
2014-12-16 23:30:04.483370 	|	 VM_Task_12 	|	 0.0	|	144384.0	|	13380	|	0.00
2014-12-16 23:30:10.527673 	|	 VM_Task_12 	|	 0.0	|	157696.0	|	13380	|	0.00
2014-12-16 23:30:16.568079 	|	 VM_Task_12 	|	 0.0	|	144384.0	|	13380	|	0.00
2014-12-16 23:30:22.787058 	|	 VM_Task_12 	|	 0.0	|	157696.0	|	13380	|	44.23
2014-12-16 23:30:28.872242 	|	 VM_Task_12 	|	 0.0	|	158720.0	|	13380	|	0.00
2014-12-16 23:30:34.911656 	|	 VM_Task_12 	|	 0.0	|	145408.0	|	13380	|	0.00
2014-12-16 23:30:40.951617 	|	 VM_Task_12 	|	 0.0	|	158720.0	|	13380	|	0.00
2014-12-16 23:30:46.989890 	|	 VM_Task_12 	|	 0.0	|	144384.0	|	13380	|	0.00
2014-12-16 23:30:53.321349 	|	 VM_Task_12 	|	 0.0	|	158720.0	|	13380	|	53.20
2014-12-16 23:30:59.365121 	|	 VM_Task_12 	|	 0.0	|	157696.0	|	13380	|	0.00
2014-12-16 23:31:05.402856 	|	 VM_Task_12 	|	 0.0	|	144384.0	|	13380	|	0.00
2014-12-16 23:31:11.440460 	|	 VM_Task_12 	|	 0.0	|	158720.0	|	13380	|	0.00
2014-12-16 23:31:17.476786 	|	 VM_Task_12 	|	 0.0	|	145408.0	|	13380	|	0.00
2014-12-16 23:31:23.517112 	|	 VM_Task_12 	|	 0.0	|	158720.0	|	13380	|	84.43
2014-12-16 23:31:29.563149 	|	 VM_Task_12 	|	 0.0	|	158720.0	|	13380	|	0.00
2014-12-16 23:31:35.601240 	|	 VM_Task_12 	|	 0.0	|	145408.0	|	13380	|	0.00
2014-12-16 23:31:41.642375 	|	 VM_Task_12 	|	 0.0	|	158720.0	|	13380	|	0.00
2014-12-16 23:31:47.680230 	|	 VM_Task_12 	|	 0.0	|	145408.0	|	13380	|	0.00
2014-12-16 23:31:53.828962 	|	 VM_Task_12 	|	 0.0	|	157696.0	|	13380	|	75.71
2014-12-16 23:31:59.876424 	|	 VM_Task_12 	|	 0.0	|	157696.0	|	13380	|	0.00
2014-12-16 23:32:05.914854 	|	 VM_Task_12 	|	 0.0	|	144384.0	|	13380	|	0.00
2014-12-16 23:32:11.957243 	|	 VM_Task_12 	|	 0.0	|	157696.0	|	13380	|	0.00
2014-12-16 23:32:17.993627 	|	 VM_Task_12 	|	 0.0	|	144384.0	|	13380	|	0.00
2014-12-16 23:32:24.034766 	|	 VM_Task_12 	|	 0.0	|	157696.0	|	13380	|	86.60
2014-12-16 23:32:30.076579 	|	 VM_Task_12 	|	 0.0	|	158720.0	|	13380	|	0.00
2014-12-16 23:32:36.122152 	|	 VM_Task_12 	|	 0.0	|	145408.0	|	13380	|	0.00
2014-12-16 23:32:42.167691 	|	 VM_Task_12 	|	 0.0	|	158720.0	|	13380	|	0.00
2014-12-16 23:32:48.209246 	|	 VM_Task_12 	|	 0.0	|	145408.0	|	13380	|	0.00
2014-12-16 23:32:54.349214 	|	 VM_Task_12 	|	 0.0	|	158720.0	|	13380	|	75.71
2014-12-16 23:33:00.390104 	|	 VM_Task_12 	|	 0.0	|	158720.0	|	13380	|	0.00
2014-12-16 23:33:06.431271 	|	 VM_Task_12 	|	 0.0	|	144384.0	|	13380	|	0.00
2014-12-16 23:33:12.471764 	|	 VM_Task_12 	|	 0.0	|	158720.0	|	13380	|	0.00
2014-12-16 23:33:18.509969 	|	 VM_Task_12 	|	 0.0	|	144384.0	|	13380	|	0.00
2014-12-16 23:33:24.783694 	|	 VM_Task_12 	|	 0.0	|	157696.0	|	13380	|	73.30
2014-12-16 23:33:30.825198 	|	 VM_Task_12 	|	 0.0	|	158720.0	|	13380	|	0.00
2014-12-16 23:33:36.866416 	|	 VM_Task_12 	|	 0.0	|	144384.0	|	13380	|	0.00
2014-12-16 23:33:42.912719 	|	 VM_Task_12 	|	 0.0	|	158720.0	|	13380	|	0.00
2014-12-16 23:33:48.951209 	|	 VM_Task_12 	|	 0.0	|	145408.0	|	13380	|	3.10
2014-12-16 23:33:55.672687 	|	 VM_Task_12 	|	 0.0	|	145408.0	|	13380	|	33.94
2014-12-16 23:34:01.711924 	|	 VM_Task_12 	|	 0.0	|	158720.0	|	13380	|	0.00
2014-12-16 23:34:07.778352 	|	 VM_Task_12 	|	 0.0	|	144384.0	|	13380	|	0.00
2014-12-16 23:34:13.820014 	|	 VM_Task_12 	|	 0.0	|	157696.0	|	13380	|	0.00
2014-12-16 23:34:19.858507 	|	 VM_Task_12 	|	 0.0	|	144384.0	|	13380	|	64.32
2014-12-16 23:34:26.329858 	|	 VM_Task_12 	|	 0.0	|	145408.0	|	13380	|	0.00
2014-12-16 23:34:32.371034 	|	 VM_Task_12 	|	 0.0	|	157696.0	|	13380	|	0.00
2014-12-16 23:34:38.419530 	|	 VM_Task_12 	|	 0.0	|	144384.0	|	13380	|	0.00
2014-12-16 23:34:44.461909 	|	 VM_Task_12 	|	 0.0	|	157696.0	|	13380	|	4.60
2014-12-16 23:34:50.565273 	|	 VM_Task_12 	|	 0.0	|	147456.0	|	13380	|	60.31
2014-12-16 23:34:56.634309 	|	 VM_Task_12 	|	 0.0	|	145408.0	|	13380	|	0.00
2014-12-17 00:12:41.139242 	|	 VM_Task_12 	|	 0.0	|	136192.0	|	0.0	|	10.52
2014-12-17 00:12:47.172190 	|	 VM_Task_12 	|	 0.13	|	149504.0	|	8260	|	25.74
2014-12-17 00:12:53.196691 	|	 VM_Task_12 	|	 0.097	|	189440.0	|	48196	|	39.90
2014-12-17 00:12:59.227898 	|	 VM_Task_12 	|	 0.1	|	189440.0	|	48196	|	0.00
2014-12-17 00:13:05.254493 	|	 VM_Task_12 	|	 0.133	|	149504.0	|	8260	|	0.00
2014-12-17 00:13:11.279441 	|	 VM_Task_12 	|	 0.115	|	149504.0	|	8260	|	0.00
2014-12-17 00:13:17.302457 	|	 VM_Task_12 	|	 0.117	|	149504.0	|	8260	|	0.00
2014-12-17 00:13:23.325930 	|	 VM_Task_12 	|	 0.205	|	158720.0	|	18500	|	0.00
2014-12-17 00:13:29.353626 	|	 VM_Task_12 	|	 0.211	|	158720.0	|	18500	|	0.10
2014-12-17 00:13:35.376615 	|	 VM_Task_12 	|	 0.296	|	168960.0	|	28740	|	0.00
2014-12-17 00:13:41.403208 	|	 VM_Task_12 	|	 0.12	|	147456.0	|	4292	|	50.10
2014-12-17 00:13:47.687007 	|	 VM_Task_12 	|	 0.117	|	142336.0	|	4292	|	0.00
2014-12-17 00:13:53.958111 	|	 VM_Task_12 	|	 0.837	|	174080.0	|	23620	|	0.00
2014-12-17 00:14:00.265051 	|	 VM_Task_12 	|	 0.52	|	171008.0	|	33860	|	19.80
2014-12-17 00:14:06.570382 	|	 VM_Task_12 	|	 0.665	|	184320.0	|	33860	|	2.02
2014-12-17 00:14:12.659187 	|	 VM_Task_12 	|	 0.213	|	158720.0	|	8260	|	2.28
2014-12-17 00:14:18.690325 	|	 VM_Task_12 	|	 0.215	|	145408.0	|	8260	|	0.20
2014-12-17 00:14:24.730636 	|	 VM_Task_12 	|	 0.164	|	163840.0	|	13380	|	0.00
2014-12-17 00:14:30.760669 	|	 VM_Task_12 	|	 0.22	|	141312.0	|	4292	|	0.00
2014-12-17 00:14:36.791179 	|	 VM_Task_12 	|	 0.13	|	154624.0	|	4292	|	44.85
2014-12-17 00:14:42.996267 	|	 VM_Task_12 	|	 0.216	|	185344.0	|	33860	|	4.29
2014-12-17 00:14:49.026866 	|	 VM_Task_12 	|	 0.18	|	171008.0	|	33860	|	0.10
2014-12-17 00:14:55.066599 	|	 VM_Task_12 	|	 0.312	|	208896.0	|	58436	|	0.00
2014-12-17 00:15:01.096683 	|	 VM_Task_12 	|	 0.261	|	195584.0	|	58436	|	0.00
2014-12-17 00:15:07.386882 	|	 VM_Task_12 	|	 0.259	|	208896.0	|	58436	|	32.32
2014-12-17 00:15:13.525082 	|	 VM_Task_12 	|	 0.25	|	168960.0	|	18500	|	2.50
2014-12-17 00:15:19.749419 	|	 VM_Task_12 	|	 0.0	|	155648.0	|	18500	|	0.00
2014-12-17 00:15:25.806430 	|	 VM_Task_12 	|	 0.341	|	168960.0	|	18500	|	0.00
2014-12-17 00:15:31.837542 	|	 VM_Task_12 	|	 0.145	|	141312.0	|	4292	|	0.00
2014-12-17 00:15:38.076147 	|	 VM_Task_12 	|	 0.113	|	154624.0	|	4292	|	67.78
2014-12-17 00:15:44.113023 	|	 VM_Task_12 	|	 0.124	|	154624.0	|	4292	|	0.00
2014-12-17 00:15:50.137403 	|	 VM_Task_12 	|	 0.15	|	163840.0	|	13380	|	0.00
2014-12-17 00:15:56.169162 	|	 VM_Task_12 	|	 0.168	|	150528.0	|	13380	|	0.00
2014-12-17 00:16:02.223013 	|	 VM_Task_12 	|	 0.476	|	189440.0	|	38980	|	0.00
2014-12-17 00:16:08.366810 	|	 VM_Task_12 	|	 0.481	|	178176.0	|	38980	|	45.10
2014-12-17 00:16:24.455069 	|	 VM_Task_12 	|	 0.0	|	176128.0	|	38980	|	99.01
2014-12-17 00:16:30.480066 	|	 VM_Task_12 	|	 0.693	|	205824.0	|	68676	|	0.00
2014-12-17 00:16:36.771727 	|	 VM_Task_12 	|	 0.137	|	219136.0	|	68676	|	0.00
2014-12-17 00:16:42.802809 	|	 VM_Task_12 	|	 0.376	|	155648.0	|	18500	|	0.00
2014-12-17 00:16:48.826111 	|	 VM_Task_12 	|	 0.353	|	155648.0	|	18500	|	0.00
2014-12-17 00:16:54.867382 	|	 VM_Task_12 	|	 0.168	|	163840.0	|	13380	|	0.00
2014-12-17 00:17:00.898213 	|	 VM_Task_12 	|	 0.62	|	171008.0	|	33860	|	0.00
2014-12-17 00:17:06.929653 	|	 VM_Task_12 	|	 0.637	|	184320.0	|	33860	|	0.00
2014-12-17 00:17:12.961589 	|	 VM_Task_12 	|	 0.153	|	145408.0	|	8260	|	0.00
2014-12-17 00:17:18.992869 	|	 VM_Task_12 	|	 0.13	|	158720.0	|	8260	|	68.57
2014-12-17 00:17:25.051720 	|	 VM_Task_12 	|	 0.284	|	163840.0	|	13380	|	0.00
2014-12-17 00:17:31.082639 	|	 VM_Task_12 	|	 0.11	|	150528.0	|	13380	|	0.00
2014-12-17 00:17:37.118038 	|	 VM_Task_12 	|	 0.107	|	163840.0	|	13380	|	0.00
2014-12-17 00:17:43.385102 	|	 VM_Task_12 	|	 0.85	|	150528.0	|	13380	|	0.30
2014-12-17 00:17:49.553080 	|	 VM_Task_12 	|	 0.943	|	150528.0	|	13380	|	0.40
2014-12-17 00:17:55.817199 	|	 VM_Task_12 	|	 0.958	|	174080.0	|	13380	|	0.00
2014-12-17 00:18:05.992848 	|	 VM_Task_12 	|	 0.935	|	159744.0	|	13380	|	61.80
2014-12-17 00:18:12.114622 	|	 VM_Task_12 	|	 0.921	|	152576.0	|	13380	|	0.00
2014-12-17 00:18:18.175058 	|	 VM_Task_12 	|	 0.931	|	165888.0	|	13380	|	0.00
2014-12-17 00:18:24.240914 	|	 VM_Task_12 	|	 0.942	|	151552.0	|	13380	|	1.98
2014-12-17 00:18:30.971038 	|	 VM_Task_12 	|	 0.954	|	152576.0	|	13380	|	35.10
2014-12-17 00:18:37.012911 	|	 VM_Task_12 	|	 0.967	|	165888.0	|	13380	|	0.00
2014-12-17 00:18:43.047025 	|	 VM_Task_12 	|	 0.971	|	151552.0	|	13380	|	0.00
2014-12-17 00:18:49.080623 	|	 VM_Task_12 	|	 0.96	|	165888.0	|	13380	|	0.00
2014-12-17 00:18:55.104584 	|	 VM_Task_12 	|	 0.963	|	165888.0	|	13380	|	0.00
2014-12-17 00:19:01.128493 	|	 VM_Task_12 	|	 0.966	|	165888.0	|	13380	|	0.00
2014-12-17 00:19:07.162302 	|	 VM_Task_12 	|	 0.969	|	165888.0	|	13380	|	0.00
2014-12-17 00:19:13.197518 	|	 VM_Task_12 	|	 0.971	|	152576.0	|	13380	|	0.00
2014-12-17 00:19:19.244020 	|	 VM_Task_12 	|	 0.973	|	165888.0	|	13380	|	0.00
2014-12-17 00:19:25.280467 	|	 VM_Task_12 	|	 0.974	|	152576.0	|	13380	|	57.30
2014-12-17 00:19:31.318406 	|	 VM_Task_12 	|	 0.976	|	165888.0	|	13380	|	0.00
2014-12-17 00:19:37.348198 	|	 VM_Task_12 	|	 0.977	|	165888.0	|	13380	|	0.00
2014-12-17 00:19:43.376241 	|	 VM_Task_12 	|	 1.143	|	165888.0	|	13380	|	0.00
2014-12-17 00:19:49.408344 	|	 VM_Task_12 	|	 0.165	|	165888.0	|	13380	|	16.10
2014-12-17 00:19:55.442225 	|	 VM_Task_12 	|	 0.0	|	148480.0	|	13380	|	54.20
2014-12-17 00:20:02.057461 	|	 VM_Task_12 	|	 0.0	|	148480.0	|	13380	|	0.00
2014-12-17 00:20:08.092730 	|	 VM_Task_12 	|	 0.0	|	161792.0	|	13380	|	0.00
2014-12-17 00:20:14.114921 	|	 VM_Task_12 	|	 0.0	|	161792.0	|	13380	|	0.00
2014-12-17 00:20:20.146591 	|	 VM_Task_12 	|	 0.0	|	162816.0	|	13380	|	0.00
2014-12-17 00:20:26.169415 	|	 VM_Task_12 	|	 0.0	|	162816.0	|	13380	|	0.00
2014-12-17 00:20:32.193276 	|	 VM_Task_12 	|	 0.0	|	161792.0	|	13380	|	0.00
2014-12-17 00:20:38.220521 	|	 VM_Task_12 	|	 0.0	|	148480.0	|	13380	|	0.00
2014-12-17 00:20:44.251864 	|	 VM_Task_12 	|	 0.0	|	161792.0	|	13380	|	0.00
2014-12-17 00:20:50.294638 	|	 VM_Task_12 	|	 0.0	|	148480.0	|	13380	|	5.90
2014-12-17 00:20:57.243509 	|	 VM_Task_12 	|	 0.0	|	148480.0	|	13380	|	21.80
2014-12-17 00:21:03.049693 	|	 VM_Task_12 	|	 0.0	|	161792.0	|	13380	|	0.00
2014-12-17 00:21:09.087198 	|	 VM_Task_12 	|	 0.0	|	148480.0	|	13380	|	0.00
2014-12-17 00:21:15.140978 	|	 VM_Task_12 	|	 0.0	|	162816.0	|	13380	|	0.00
2014-12-17 00:21:21.177230 	|	 VM_Task_12 	|	 0.0	|	149504.0	|	13380	|	52.00
2014-12-17 00:21:27.673439 	|	 VM_Task_12 	|	 0.0	|	148480.0	|	13380	|	0.00
2014-12-17 00:21:33.710874 	|	 VM_Task_12 	|	 0.0	|	161792.0	|	13380	|	0.00
2014-12-17 00:21:39.749697 	|	 VM_Task_12 	|	 0.0	|	148480.0	|	13380	|	0.00
2014-12-17 00:21:45.789020 	|	 VM_Task_12 	|	 0.0	|	161792.0	|	13380	|	0.00
2014-12-17 00:21:51.829977 	|	 VM_Task_12 	|	 0.0	|	148480.0	|	13380	|	52.40
2014-12-17 00:21:58.066305 	|	 VM_Task_12 	|	 0.0	|	148480.0	|	13380	|	0.00
2014-12-17 00:22:12.658783 	|	 VM_Task_12 	|	 0.0	|	161792.0	|	13380	|	100.00
2014-12-17 00:22:18.691758 	|	 VM_Task_12 	|	 0.0	|	161792.0	|	13380	|	44.70
2014-12-17 00:22:24.987524 	|	 VM_Task_12 	|	 0.0	|	162816.0	|	13380	|	4.60
2014-12-17 00:22:31.032524 	|	 VM_Task_12 	|	 0.0	|	148480.0	|	13380	|	0.00
2014-12-17 00:22:37.069263 	|	 VM_Task_12 	|	 0.0	|	161792.0	|	13380	|	0.00
2014-12-17 00:22:43.107269 	|	 VM_Task_12 	|	 0.0	|	148480.0	|	13380	|	0.00
2014-12-17 00:22:49.385555 	|	 VM_Task_12 	|	 0.0	|	161792.0	|	13380	|	53.17
2014-12-17 00:22:55.443817 	|	 VM_Task_12 	|	 0.0	|	161792.0	|	13380	|	1.90
2014-12-17 00:23:01.484288 	|	 VM_Task_12 	|	 0.0	|	148480.0	|	13380	|	0.00
2014-12-17 00:23:07.520363 	|	 VM_Task_12 	|	 0.0	|	161792.0	|	13380	|	0.00
2014-12-17 00:23:13.559653 	|	 VM_Task_12 	|	 0.0	|	148480.0	|	13380	|	0.00
2014-12-17 00:23:19.943173 	|	 VM_Task_12 	|	 0.0	|	161792.0	|	13380	|	57.60
2014-12-17 00:23:25.979886 	|	 VM_Task_12 	|	 0.0	|	161792.0	|	13380	|	0.00
2014-12-17 00:23:32.015666 	|	 VM_Task_12 	|	 0.0	|	149504.0	|	13380	|	0.00
2014-12-17 00:23:38.052189 	|	 VM_Task_12 	|	 0.0	|	161792.0	|	13380	|	0.00
2014-12-17 00:23:44.088727 	|	 VM_Task_12 	|	 0.0	|	148480.0	|	13380	|	0.00
2014-12-17 00:23:50.276100 	|	 VM_Task_12 	|	 0.0	|	161792.0	|	13380	|	77.60
2014-12-17 00:23:56.335176 	|	 VM_Task_12 	|	 0.0	|	161792.0	|	13380	|	0.00
2014-12-17 00:24:02.373952 	|	 VM_Task_12 	|	 0.0	|	148480.0	|	13380	|	0.00
2014-12-17 00:24:08.411676 	|	 VM_Task_12 	|	 0.0	|	161792.0	|	13380	|	0.00
2014-12-17 00:24:14.447562 	|	 VM_Task_12 	|	 0.0	|	148480.0	|	13380	|	0.00
2014-12-17 00:24:20.620541 	|	 VM_Task_12 	|	 0.0	|	161792.0	|	13380	|	83.20
2014-12-17 00:24:26.692724 	|	 VM_Task_12 	|	 0.0	|	161792.0	|	13380	|	0.00
2014-12-17 00:24:32.728382 	|	 VM_Task_12 	|	 0.0	|	148480.0	|	13380	|	0.00
2014-12-17 00:24:38.765011 	|	 VM_Task_12 	|	 0.0	|	161792.0	|	13380	|	0.00
2014-12-17 00:24:44.804097 	|	 VM_Task_12 	|	 0.0	|	148480.0	|	13380	|	0.00
2014-12-17 00:24:50.842830 	|	 VM_Task_12 	|	 0.0	|	161792.0	|	13380	|	82.48
2014-12-17 00:25:14.945097 	|	 VM_Task_12 	|	 0.0	|	161792.0	|	13380	|	0.00
2014-12-17 00:25:14.949635 	|	 VM_Task_12 	|	 0.0	|	148480.0	|	13380	|	0.00
2014-12-17 00:25:22.349646 	|	 VM_Task_12 	|	 0.0	|	161792.0	|	13380	|	0.00
2014-12-17 00:25:22.355680 	|	 VM_Task_12 	|	 0.0	|	148480.0	|	13380	|	0.00
2014-12-17 00:25:22.361025 	|	 VM_Task_12 	|	 0.0	|	161792.0	|	13380	|	0.00
2014-12-17 00:25:27.095392 	|	 VM_Task_12 	|	 0.0	|	148480.0	|	13380	|	53.40
2014-12-17 00:25:33.692340 	|	 VM_Task_12 	|	 0.0	|	148480.0	|	13380	|	0.00
2014-12-17 00:25:39.734505 	|	 VM_Task_12 	|	 0.0	|	161792.0	|	13380	|	0.00
2014-12-17 00:25:45.768946 	|	 VM_Task_12 	|	 0.0	|	148480.0	|	13380	|	0.00
2014-12-17 00:25:51.849680 	|	 VM_Task_12 	|	 0.0	|	161792.0	|	13380	|	9.90
2014-12-17 00:25:57.959767 	|	 VM_Task_12 	|	 0.0	|	156672.0	|	13380	|	49.30
2014-12-17 00:26:04.355069 	|	 VM_Task_12 	|	 0.0	|	148480.0	|	13380	|	0.00
2014-12-17 00:26:10.403638 	|	 VM_Task_12 	|	 0.0	|	161792.0	|	13380	|	0.00
2014-12-17 00:26:16.440658 	|	 VM_Task_12 	|	 0.0	|	148480.0	|	13380	|	0.00
2014-12-17 00:26:22.482393 	|	 VM_Task_12 	|	 0.0	|	162816.0	|	13380	|	38.30
2014-12-17 00:26:28.580072 	|	 VM_Task_12 	|	 0.0	|	162816.0	|	13380	|	22.50
2014-12-17 00:26:34.628439 	|	 VM_Task_12 	|	 0.0	|	148480.0	|	13380	|	0.00
2014-12-17 00:26:40.669737 	|	 VM_Task_12 	|	 0.0	|	161792.0	|	13380	|	0.00
2014-12-17 00:26:46.705653 	|	 VM_Task_12 	|	 0.0	|	148480.0	|	13380	|	0.00
2014-12-17 00:26:52.744335 	|	 VM_Task_12 	|	 0.0	|	161792.0	|	13380	|	31.90
2014-12-17 00:27:08.380486 	|	 VM_Task_12 	|	 0.0	|	162816.0	|	13380	|	14.70
2014-12-17 00:27:08.390196 	|	 VM_Task_12 	|	 0.0	|	148480.0	|	13380	|	0.00
2014-12-17 00:27:11.215910 	|	 VM_Task_12 	|	 0.0	|	161792.0	|	13380	|	0.00
2014-12-17 00:27:17.253455 	|	 VM_Task_12 	|	 0.0	|	148480.0	|	13380	|	0.00
2014-12-17 00:27:23.502714 	|	 VM_Task_12 	|	 0.0	|	161792.0	|	13380	|	48.60
2014-12-17 00:27:29.565822 	|	 VM_Task_12 	|	 0.0	|	161792.0	|	13380	|	1.90
2014-12-17 00:27:35.607773 	|	 VM_Task_12 	|	 0.0	|	148480.0	|	13380	|	0.00
2014-12-17 00:27:41.651825 	|	 VM_Task_12 	|	 0.0	|	161792.0	|	13380	|	0.00
2014-12-17 00:27:47.687979 	|	 VM_Task_12 	|	 0.0	|	148480.0	|	13380	|	0.00
2014-12-17 00:27:54.135732 	|	 VM_Task_12 	|	 0.0	|	161792.0	|	13380	|	59.21
2014-12-17 00:28:00.191719 	|	 VM_Task_12 	|	 0.0	|	161792.0	|	13380	|	0.00
2014-12-17 00:28:06.232427 	|	 VM_Task_12 	|	 0.0	|	148480.0	|	13380	|	0.00
2014-12-17 00:28:12.269964 	|	 VM_Task_12 	|	 0.0	|	161792.0	|	13380	|	0.00
2014-12-17 00:28:18.308725 	|	 VM_Task_12 	|	 0.0	|	148480.0	|	13380	|	0.00
2014-12-17 00:28:24.343210 	|	 VM_Task_12 	|	 0.0	|	161792.0	|	13380	|	87.20
2014-12-17 00:28:30.433167 	|	 VM_Task_12 	|	 0.0	|	161792.0	|	13380	|	0.00
2014-12-17 00:28:36.473987 	|	 VM_Task_12 	|	 0.0	|	148480.0	|	13380	|	0.00
2014-12-17 00:28:42.510157 	|	 VM_Task_12 	|	 0.0	|	161792.0	|	13380	|	0.00
2014-12-17 00:28:48.546936 	|	 VM_Task_12 	|	 0.0	|	148480.0	|	13380	|	0.00
2014-12-17 00:28:54.584503 	|	 VM_Task_12 	|	 0.0	|	161792.0	|	13380	|	76.80
2014-12-17 00:29:00.632997 	|	 VM_Task_12 	|	 0.0	|	161792.0	|	13380	|	0.00
2014-12-17 00:29:06.674230 	|	 VM_Task_12 	|	 0.0	|	148480.0	|	13380	|	0.00
2014-12-17 00:29:12.713508 	|	 VM_Task_12 	|	 0.0	|	161792.0	|	13380	|	19.60
2014-12-17 00:29:18.753633 	|	 VM_Task_12 	|	 0.0	|	149504.0	|	13380	|	57.40
2014-12-17 00:29:24.800663 	|	 VM_Task_12 	|	 0.0	|	163840.0	|	13380	|	64.70
2014-12-17 00:29:30.836271 	|	 VM_Task_12 	|	 0.0	|	163840.0	|	13380	|	1.20
2014-12-17 00:29:36.874344 	|	 VM_Task_12 	|	 0.0	|	150528.0	|	13380	|	0.00
2014-12-17 00:29:42.904923 	|	 VM_Task_12 	|	 0.0	|	163840.0	|	13380	|	0.00
2014-12-17 00:29:48.932596 	|	 VM_Task_12 	|	 0.0	|	150528.0	|	13380	|	0.00
2014-12-17 00:29:55.239107 	|	 VM_Task_12 	|	 0.0	|	163840.0	|	13380	|	48.80
2014-12-17 00:30:01.269436 	|	 VM_Task_12 	|	 0.0	|	163840.0	|	13380	|	0.00
2014-12-17 00:30:07.337053 	|	 VM_Task_12 	|	 0.0	|	149504.0	|	13380	|	0.00
2014-12-17 00:30:13.365681 	|	 VM_Task_12 	|	 0.0	|	163840.0	|	13380	|	0.00
2014-12-17 00:30:19.399225 	|	 VM_Task_12 	|	 0.0	|	150528.0	|	13380	|	0.00
2014-12-17 00:30:25.720956 	|	 VM_Task_12 	|	 0.0	|	163840.0	|	13380	|	69.50
2014-12-17 00:30:31.788613 	|	 VM_Task_12 	|	 0.0	|	162816.0	|	13380	|	0.00
2014-12-17 00:30:37.826425 	|	 VM_Task_12 	|	 0.0	|	150528.0	|	13380	|	0.00
2014-12-17 00:30:43.854137 	|	 VM_Task_12 	|	 0.0	|	163840.0	|	13380	|	0.00
2014-12-17 00:30:49.882304 	|	 VM_Task_12 	|	 0.0	|	150528.0	|	13380	|	0.00
2014-12-17 00:30:55.910826 	|	 VM_Task_12 	|	 0.0	|	163840.0	|	13380	|	84.30
2014-12-17 00:31:01.940537 	|	 VM_Task_12 	|	 0.0	|	163840.0	|	13380	|	0.00
2014-12-17 00:31:07.975970 	|	 VM_Task_12 	|	 0.0	|	150528.0	|	13380	|	0.00
2014-12-17 00:31:14.003575 	|	 VM_Task_12 	|	 0.0	|	163840.0	|	13380	|	0.00
2014-12-17 00:31:20.032368 	|	 VM_Task_12 	|	 0.0	|	150528.0	|	13380	|	0.00
2014-12-17 00:31:26.061003 	|	 VM_Task_12 	|	 0.0	|	163840.0	|	13380	|	66.10
2014-12-17 00:31:32.090493 	|	 VM_Task_12 	|	 0.0	|	163840.0	|	13380	|	0.00
2014-12-17 00:31:38.128695 	|	 VM_Task_12 	|	 0.0	|	150528.0	|	13380	|	0.00
2014-12-17 00:31:44.156840 	|	 VM_Task_12 	|	 0.0	|	163840.0	|	13380	|	0.00
2014-12-17 00:31:50.187877 	|	 VM_Task_12 	|	 0.0	|	150528.0	|	13380	|	0.00
2014-12-17 00:31:56.362594 	|	 VM_Task_12 	|	 0.0	|	163840.0	|	13380	|	47.70
2014-12-17 00:32:02.390773 	|	 VM_Task_12 	|	 0.0	|	163840.0	|	13380	|	0.00
2014-12-17 00:32:08.440922 	|	 VM_Task_12 	|	 0.0	|	150528.0	|	13380	|	0.00
2014-12-17 00:32:14.468393 	|	 VM_Task_12 	|	 0.0	|	163840.0	|	13380	|	0.00
2014-12-17 00:32:20.494969 	|	 VM_Task_12 	|	 0.0	|	150528.0	|	13380	|	0.00
2014-12-17 00:32:26.524341 	|	 VM_Task_12 	|	 0.0	|	163840.0	|	13380	|	55.90
2014-12-17 00:32:32.655447 	|	 VM_Task_12 	|	 0.0	|	163840.0	|	13380	|	0.00
2014-12-17 00:32:38.698616 	|	 VM_Task_12 	|	 0.0	|	150528.0	|	13380	|	0.00
2014-12-17 00:32:44.727337 	|	 VM_Task_12 	|	 0.0	|	163840.0	|	13380	|	0.00
2014-12-17 00:32:51.831204 	|	 VM_Task_12 	|	 0.0	|	150528.0	|	13380	|	51.80
2014-12-17 00:33:02.145785 	|	 VM_Task_12 	|	 0.0	|	151552.0	|	13380	|	0.00
2014-12-17 00:33:16.721997 	|	 VM_Task_12 	|	 0.0	|	163840.0	|	13380	|	100.00
2014-12-17 00:33:22.977842 	|	 VM_Task_12 	|	 0.0	|	150528.0	|	13380	|	100.00
2014-12-17 00:33:29.001599 	|	 VM_Task_12 	|	 0.0	|	150528.0	|	13380	|	100.00
2014-12-17 00:33:35.027729 	|	 VM_Task_12 	|	 0.0	|	149504.0	|	13380	|	100.00
2014-12-17 00:33:41.047573 	|	 VM_Task_12 	|	 0.0	|	149504.0	|	13380	|	77.10
2014-12-17 00:33:50.475568 	|	 VM_Task_12 	|	 0.0	|	163840.0	|	13380	|	40.20
2014-12-17 00:33:56.780333 	|	 VM_Task_12 	|	 0.0	|	150528.0	|	13380	|	100.00
2014-12-17 00:34:02.801205 	|	 VM_Task_12 	|	 0.0	|	149504.0	|	13380	|	100.00
2014-12-17 00:34:16.450699 	|	 VM_Task_12 	|	 0.0	|	164864.0	|	13380	|	99.11
2014-12-17 00:34:22.710849 	|	 VM_Task_12 	|	 0.0	|	149504.0	|	13380	|	100.00
2014-12-17 00:34:28.733732 	|	 VM_Task_12 	|	 0.0	|	149504.0	|	13380	|	100.00
2014-12-17 00:34:34.757528 	|	 VM_Task_12 	|	 0.0	|	149504.0	|	13380	|	100.00
2014-12-17 00:34:40.834490 	|	 VM_Task_12 	|	 0.0	|	149504.0	|	13380	|	20.70
2014-12-17 00:34:50.272716 	|	 VM_Task_12 	|	 0.0	|	163840.0	|	13380	|	68.10
2014-12-17 00:34:56.562250 	|	 VM_Task_12 	|	 0.0	|	149504.0	|	13380	|	100.00
2014-12-17 00:35:02.586483 	|	 VM_Task_12 	|	 0.0	|	149504.0	|	13380	|	100.00
2014-12-17 00:35:08.609535 	|	 VM_Task_12 	|	 0.0	|	149504.0	|	13380	|	0.00
2014-12-17 00:35:40.428234 	|	 VM_Task_12 	|	 0.0	|	164864.0	|	13380	|	100.00
2014-12-17 00:35:46.447916 	|	 VM_Task_12 	|	 0.0	|	162816.0	|	13380	|	74.00
2014-12-17 00:35:52.911325 	|	 VM_Task_12 	|	 0.0	|	150528.0	|	13380	|	100.00
2014-12-17 00:36:04.160409 	|	 VM_Task_12 	|	 0.0	|	164864.0	|	13380	|	98.80
2014-12-17 00:36:10.440300 	|	 VM_Task_12 	|	 0.0	|	150528.0	|	13380	|	100.00
2014-12-17 00:36:16.462330 	|	 VM_Task_12 	|	 0.0	|	149504.0	|	13380	|	92.70
2014-12-17 00:36:22.696254 	|	 VM_Task_12 	|	 0.0	|	160768.0	|	13380	|	100.00
2014-12-17 00:36:28.718220 	|	 VM_Task_12 	|	 0.0	|	163840.0	|	13380	|	68.10
2014-12-17 00:36:34.968649 	|	 VM_Task_12 	|	 0.0	|	150528.0	|	13380	|	100.00
2014-12-17 00:36:40.989018 	|	 VM_Task_12 	|	 0.0	|	149504.0	|	13380	|	100.00
2014-12-17 00:36:47.012668 	|	 VM_Task_12 	|	 0.0	|	149504.0	|	13380	|	87.60
2014-12-17 00:36:54.189837 	|	 VM_Task_12 	|	 0.0	|	163840.0	|	13380	|	50.90
2014-12-17 00:37:00.438194 	|	 VM_Task_12 	|	 0.0	|	150528.0	|	13380	|	100.00
2014-12-17 00:37:06.459449 	|	 VM_Task_12 	|	 0.0	|	150528.0	|	13380	|	100.00
2014-12-17 00:37:12.670174 	|	 VM_Task_12 	|	 0.0	|	160768.0	|	13380	|	100.00
2014-12-17 00:37:18.690738 	|	 VM_Task_12 	|	 0.0	|	163840.0	|	13380	|	100.00
2014-12-17 00:37:25.015715 	|	 VM_Task_12 	|	 0.0	|	150528.0	|	13380	|	100.00
2014-12-17 00:37:31.038633 	|	 VM_Task_12 	|	 0.0	|	150528.0	|	13380	|	100.00
2014-12-17 00:37:37.061717 	|	 VM_Task_12 	|	 0.0	|	150528.0	|	13380	|	59.00
2014-12-17 00:37:44.366511 	|	 VM_Task_12 	|	 0.0	|	163840.0	|	13380	|	71.10
2014-12-17 00:37:50.693104 	|	 VM_Task_12 	|	 0.0	|	150528.0	|	13380	|	100.00
2014-12-17 00:37:56.712833 	|	 VM_Task_12 	|	 0.0	|	149504.0	|	13380	|	100.10
2014-12-17 00:38:02.936538 	|	 VM_Task_12 	|	 0.0	|	159744.0	|	13380	|	100.00
2014-12-17 00:38:08.960079 	|	 VM_Task_12 	|	 0.0	|	164864.0	|	13380	|	100.00
2014-12-17 00:38:15.232742 	|	 VM_Task_12 	|	 0.0	|	150528.0	|	13380	|	100.00
2014-12-17 00:38:21.256570 	|	 VM_Task_12 	|	 0.0	|	150528.0	|	13380	|	100.00
2014-12-17 00:38:27.338133 	|	 VM_Task_12 	|	 0.0	|	150528.0	|	13380	|	49.40
2014-12-17 00:38:35.874814 	|	 VM_Task_12 	|	 0.0	|	163840.0	|	13380	|	51.30
2014-12-17 00:38:42.205933 	|	 VM_Task_12 	|	 0.0	|	150528.0	|	13380	|	100.00
2014-12-17 00:38:48.228609 	|	 VM_Task_12 	|	 0.0	|	150528.0	|	13380	|	76.00
2014-12-17 00:38:54.361837 	|	 VM_Task_12 	|	 0.0	|	162816.0	|	13380	|	100.00
2014-12-17 00:39:00.380295 	|	 VM_Task_12 	|	 0.0	|	163840.0	|	13380	|	100.00
2014-12-17 00:39:06.400655 	|	 VM_Task_12 	|	 0.0	|	163840.0	|	13380	|	100.00
2014-12-17 00:39:19.847956 	|	 VM_Task_12 	|	 0.0	|	162816.0	|	13380	|	100.00
2014-12-17 00:39:31.278999 	|	 VM_Task_12 	|	 0.0	|	150528.0	|	13380	|	100.00
2014-12-17 00:39:37.301356 	|	 VM_Task_12 	|	 0.0	|	150528.0	|	13380	|	100.00
2014-12-17 00:39:43.321486 	|	 VM_Task_12 	|	 0.0	|	150528.0	|	13380	|	100.00
2014-12-17 00:39:49.596501 	|	 VM_Task_12 	|	 0.0	|	162816.0	|	13380	|	100.00
2014-12-17 00:39:55.622464 	|	 VM_Task_12 	|	 0.0	|	163840.0	|	13380	|	100.10
2014-12-17 00:40:01.848828 	|	 VM_Task_12 	|	 0.0	|	150528.0	|	13380	|	100.00
2014-12-17 00:40:07.869860 	|	 VM_Task_12 	|	 0.0	|	150528.0	|	13380	|	100.00
2014-12-17 00:40:13.894685 	|	 VM_Task_12 	|	 0.0	|	150528.0	|	13380	|	100.10
2014-12-17 00:40:20.020760 	|	 VM_Task_12 	|	 0.0	|	162816.0	|	13380	|	100.00
2014-12-17 00:40:26.045175 	|	 VM_Task_12 	|	 0.0	|	164864.0	|	13380	|	100.00
2014-12-17 00:40:32.321635 	|	 VM_Task_12 	|	 0.0	|	150528.0	|	13380	|	100.00
2014-12-17 00:40:38.344075 	|	 VM_Task_12 	|	 0.0	|	150528.0	|	13380	|	100.00
2014-12-17 00:40:44.364269 	|	 VM_Task_12 	|	 0.0	|	150528.0	|	13380	|	69.40
2014-12-17 00:40:54.343048 	|	 VM_Task_12 	|	 0.0	|	163840.0	|	13380	|	100.00
2014-12-17 00:41:00.363273 	|	 VM_Task_12 	|	 0.0	|	163840.0	|	13380	|	100.00
2014-12-17 00:41:06.383333 	|	 VM_Task_12 	|	 0.0	|	162816.0	|	13380	|	100.10
2014-12-17 00:41:12.405483 	|	 VM_Task_12 	|	 0.0	|	163840.0	|	13380	|	100.00
2014-12-17 00:41:18.429863 	|	 VM_Task_12 	|	 0.0	|	163840.0	|	13380	|	100.00
2014-12-17 00:41:24.759605 	|	 VM_Task_12 	|	 0.0	|	150528.0	|	13380	|	99.90
2014-12-17 00:41:30.782049 	|	 VM_Task_12 	|	 0.0	|	149504.0	|	13380	|	100.10
2014-12-17 00:41:36.805881 	|	 VM_Task_12 	|	 0.0	|	150528.0	|	13380	|	100.10
2014-12-17 00:41:42.828572 	|	 VM_Task_12 	|	 0.0	|	150528.0	|	13380	|	0.00
2014-12-17 00:41:48.917712 	|	 VM_Task_12 	|	 0.0	|	162816.0	|	13380	|	100.00
2014-12-17 00:41:54.947320 	|	 VM_Task_12 	|	 0.0	|	163840.0	|	13380	|	100.00
2014-12-17 00:42:01.372830 	|	 VM_Task_12 	|	 0.0	|	150528.0	|	13380	|	99.90
2014-12-17 00:42:07.397007 	|	 VM_Task_12 	|	 0.0	|	150528.0	|	13380	|	100.10
2014-12-17 00:42:13.421355 	|	 VM_Task_12 	|	 0.0	|	150528.0	|	13380	|	57.00
2014-12-17 00:42:23.202022 	|	 VM_Task_12 	|	 0.0	|	164864.0	|	13380	|	100.00
2014-12-17 00:42:29.652817 	|	 VM_Task_12 	|	 0.0	|	150528.0	|	13380	|	100.00
2014-12-17 00:42:35.674082 	|	 VM_Task_12 	|	 0.0	|	149504.0	|	13380	|	0.00
2014-12-17 00:42:41.798337 	|	 VM_Task_12 	|	 0.0	|	162816.0	|	13380	|	100.00
2014-12-17 00:42:47.820223 	|	 VM_Task_12 	|	 0.0	|	163840.0	|	13380	|	0.00
2014-12-17 00:42:54.247265 	|	 VM_Task_12 	|	 0.0	|	150528.0	|	13380	|	99.90
2014-12-17 00:43:00.271335 	|	 VM_Task_12 	|	 0.0	|	150528.0	|	13380	|	100.00
2014-12-17 00:43:06.370857 	|	 VM_Task_12 	|	 0.0	|	161792.0	|	13380	|	100.10
2014-12-17 00:43:12.634333 	|	 VM_Task_12 	|	 0.0	|	163840.0	|	13380	|	100.00
2014-12-17 00:43:18.861782 	|	 VM_Task_12 	|	 0.0	|	150528.0	|	13380	|	100.00
2014-12-17 00:43:24.890813 	|	 VM_Task_12 	|	 0.0	|	150528.0	|	13380	|	100.10
2014-12-17 00:43:31.264850 	|	 VM_Task_12 	|	 0.0	|	159744.0	|	13380	|	100.00
2014-12-17 00:43:37.286482 	|	 VM_Task_12 	|	 0.0	|	164864.0	|	13380	|	100.00
2014-12-17 00:43:43.309766 	|	 VM_Task_12 	|	 0.0	|	163840.0	|	13380	|	0.00
2014-12-17 00:43:49.501781 	|	 VM_Task_12 	|	 0.0	|	150528.0	|	13380	|	99.90
2014-12-17 00:43:55.525512 	|	 VM_Task_12 	|	 0.0	|	150528.0	|	13380	|	100.00
2014-12-17 00:44:01.552932 	|	 VM_Task_12 	|	 0.0	|	150528.0	|	13380	|	0.00
2014-12-17 00:44:07.677875 	|	 VM_Task_12 	|	 0.0	|	163840.0	|	13380	|	100.00
2014-12-17 00:44:13.698140 	|	 VM_Task_12 	|	 0.0	|	164864.0	|	13380	|	38.80
2014-12-17 00:44:19.929698 	|	 VM_Task_12 	|	 0.0	|	150528.0	|	13380	|	99.90
2014-12-17 00:44:25.954354 	|	 VM_Task_12 	|	 0.0	|	150528.0	|	13380	|	100.00
2014-12-17 00:44:31.972964 	|	 VM_Task_12 	|	 0.0	|	150528.0	|	13380	|	0.00
2014-12-17 00:44:48.361973 	|	 VM_Task_12 	|	 0.0	|	162816.0	|	13380	|	100.00
2014-12-17 00:44:54.385784 	|	 VM_Task_12 	|	 0.0	|	163840.0	|	13380	|	100.00
2014-12-17 00:45:00.911071 	|	 VM_Task_12 	|	 0.0	|	150528.0	|	13380	|	99.90
2014-12-17 00:45:06.933890 	|	 VM_Task_12 	|	 0.0	|	150528.0	|	13380	|	100.00
2014-12-17 00:45:13.274402 	|	 VM_Task_12 	|	 0.0	|	159744.0	|	13380	|	100.00
2014-12-17 00:45:19.297988 	|	 VM_Task_12 	|	 0.0	|	164864.0	|	13380	|	100.00
2014-12-17 00:45:25.315602 	|	 VM_Task_12 	|	 0.0	|	162816.0	|	13380	|	0.00
2014-12-17 00:45:31.536851 	|	 VM_Task_12 	|	 0.0	|	150528.0	|	13380	|	100.00
2014-12-17 00:45:37.560585 	|	 VM_Task_12 	|	 0.0	|	150528.0	|	13380	|	100.00
2014-12-17 00:45:43.999294 	|	 VM_Task_12 	|	 0.0	|	159744.0	|	13380	|	100.00
2014-12-17 00:45:50.023468 	|	 VM_Task_12 	|	 0.0	|	164864.0	|	13380	|	100.00
2014-12-17 00:45:56.041012 	|	 VM_Task_12 	|	 0.0	|	163840.0	|	13380	|	0.00
2014-12-17 00:46:02.290181 	|	 VM_Task_12 	|	 0.0	|	150528.0	|	13380	|	100.00
2014-12-17 00:46:08.314733 	|	 VM_Task_12 	|	 0.0	|	150528.0	|	13380	|	100.00
2014-12-17 00:46:14.586679 	|	 VM_Task_12 	|	 0.0	|	160768.0	|	13380	|	100.00
2014-12-17 00:46:20.611563 	|	 VM_Task_12 	|	 0.0	|	164864.0	|	13380	|	100.00
2014-12-17 00:46:26.628554 	|	 VM_Task_12 	|	 0.0	|	163840.0	|	13380	|	0.00
2014-12-17 00:46:32.825289 	|	 VM_Task_12 	|	 0.0	|	150528.0	|	13380	|	99.90
2014-12-17 00:46:38.849613 	|	 VM_Task_12 	|	 0.0	|	150528.0	|	13380	|	100.00
2014-12-17 00:46:45.092321 	|	 VM_Task_12 	|	 0.0	|	160768.0	|	13380	|	100.10
2014-12-17 00:46:51.117143 	|	 VM_Task_12 	|	 0.0	|	164864.0	|	13380	|	100.10
2014-12-17 00:46:57.134226 	|	 VM_Task_12 	|	 0.0	|	162816.0	|	13380	|	0.00
2014-12-17 00:47:03.362005 	|	 VM_Task_12 	|	 0.0	|	150528.0	|	13380	|	99.90
2014-12-17 00:47:09.384193 	|	 VM_Task_12 	|	 0.0	|	150528.0	|	13380	|	82.40
2014-12-17 00:47:15.782546 	|	 VM_Task_12 	|	 0.0	|	160768.0	|	13380	|	100.00
2014-12-17 00:47:21.805396 	|	 VM_Task_12 	|	 0.0	|	164864.0	|	13380	|	100.00
2014-12-17 00:47:27.825424 	|	 VM_Task_12 	|	 0.0	|	163840.0	|	13380	|	1.60
2014-12-17 00:47:34.038247 	|	 VM_Task_12 	|	 0.0	|	150528.0	|	13380	|	100.00
2014-12-17 00:47:40.060290 	|	 VM_Task_12 	|	 0.0	|	150528.0	|	13380	|	10.70
2014-12-17 00:47:46.315990 	|	 VM_Task_12 	|	 0.0	|	161792.0	|	13380	|	100.00
2014-12-17 00:47:52.338939 	|	 VM_Task_12 	|	 0.0	|	164864.0	|	13380	|	100.10
2014-12-17 00:47:58.535627 	|	 VM_Task_12 	|	 0.0	|	163840.0	|	13380	|	30.70
2014-12-17 00:48:04.742691 	|	 VM_Task_12 	|	 0.0	|	150528.0	|	13380	|	100.00
2014-12-17 00:48:10.764659 	|	 VM_Task_12 	|	 0.0	|	150528.0	|	13380	|	100.00
2014-12-17 00:48:16.785229 	|	 VM_Task_12 	|	 0.0	|	150528.0	|	13380	|	100.00
2014-12-17 00:48:22.806350 	|	 VM_Task_12 	|	 0.0	|	150528.0	|	13380	|	62.00
2014-12-17 00:48:29.601812 	|	 VM_Task_12 	|	 0.0	|	163840.0	|	13380	|	100.00
2014-12-17 00:48:35.627196 	|	 VM_Task_12 	|	 0.0	|	164864.0	|	13380	|	100.00
2014-12-17 00:48:41.645810 	|	 VM_Task_12 	|	 0.0	|	163840.0	|	13380	|	0.00
2014-12-17 00:48:47.900732 	|	 VM_Task_12 	|	 0.0	|	150528.0	|	13380	|	100.00
2014-12-17 00:48:53.924007 	|	 VM_Task_12 	|	 0.0	|	150528.0	|	13380	|	100.00
2014-12-17 00:49:00.100393 	|	 VM_Task_12 	|	 0.0	|	159744.0	|	13380	|	100.00
2014-12-17 00:49:06.124973 	|	 VM_Task_12 	|	 0.0	|	164864.0	|	13380	|	100.00
2014-12-17 00:49:12.140519 	|	 VM_Task_12 	|	 0.0	|	163840.0	|	13380	|	0.00
2014-12-17 00:49:18.353645 	|	 VM_Task_12 	|	 0.0	|	150528.0	|	13380	|	99.90
2014-12-17 00:49:24.376589 	|	 VM_Task_12 	|	 0.0	|	150528.0	|	13380	|	100.00
2014-12-17 00:49:30.572091 	|	 VM_Task_12 	|	 0.0	|	160768.0	|	13380	|	100.00
2014-12-17 00:49:36.595162 	|	 VM_Task_12 	|	 0.0	|	164864.0	|	13380	|	100.00
2014-12-17 00:49:42.612357 	|	 VM_Task_12 	|	 0.0	|	163840.0	|	13380	|	0.00
2014-12-17 00:49:49.087259 	|	 VM_Task_12 	|	 0.0	|	150528.0	|	13380	|	100.00
2014-12-17 00:49:55.111084 	|	 VM_Task_12 	|	 0.0	|	150528.0	|	13380	|	100.00
2014-12-17 00:50:01.267763 	|	 VM_Task_12 	|	 0.0	|	160768.0	|	13380	|	100.00
2014-12-17 00:50:07.298321 	|	 VM_Task_12 	|	 0.0	|	164864.0	|	13380	|	100.00
2014-12-17 00:50:13.322064 	|	 VM_Task_12 	|	 0.0	|	164864.0	|	13380	|	100.00
2014-12-17 00:50:19.665573 	|	 VM_Task_12 	|	 0.0	|	162816.0	|	13380	|	26.40
2014-12-17 00:50:26.128024 	|	 VM_Task_12 	|	 0.0	|	150528.0	|	13380	|	100.00
2014-12-17 00:50:32.153195 	|	 VM_Task_12 	|	 0.0	|	150528.0	|	13380	|	100.00
2014-12-17 00:50:38.174711 	|	 VM_Task_12 	|	 0.0	|	149504.0	|	13380	|	0.00
2014-12-17 00:50:48.221789 	|	 VM_Task_12 	|	 0.0	|	162816.0	|	13380	|	100.00
2014-12-17 00:50:54.251822 	|	 VM_Task_12 	|	 0.0	|	164864.0	|	13380	|	100.00
2014-12-17 00:51:00.275223 	|	 VM_Task_12 	|	 0.0	|	164864.0	|	13380	|	100.00
2014-12-17 00:51:06.292765 	|	 VM_Task_12 	|	 0.0	|	163840.0	|	13380	|	0.00
2014-12-17 00:51:12.673406 	|	 VM_Task_12 	|	 0.0	|	150528.0	|	13380	|	100.00
2014-12-17 00:51:18.697283 	|	 VM_Task_12 	|	 0.0	|	150528.0	|	13380	|	100.00
2014-12-17 00:51:24.721081 	|	 VM_Task_12 	|	 0.0	|	150528.0	|	13380	|	100.00
2014-12-17 00:51:30.744239 	|	 VM_Task_12 	|	 0.0	|	150528.0	|	13380	|	100.00
2014-12-17 00:51:37.086099 	|	 VM_Task_12 	|	 0.0	|	160768.0	|	13380	|	100.10
2014-12-17 00:51:43.108545 	|	 VM_Task_12 	|	 0.0	|	164864.0	|	13380	|	100.00
2014-12-17 00:51:49.134013 	|	 VM_Task_12 	|	 0.0	|	164864.0	|	13380	|	100.10
2014-12-17 00:51:55.199353 	|	 VM_Task_12 	|	 0.0	|	163840.0	|	13380	|	58.50
2014-12-17 00:52:01.417361 	|	 VM_Task_12 	|	 0.0	|	150528.0	|	13380	|	100.00
2014-12-17 00:52:07.443592 	|	 VM_Task_12 	|	 0.0	|	150528.0	|	13380	|	100.00
2014-12-17 00:52:13.463570 	|	 VM_Task_12 	|	 0.0	|	150528.0	|	13380	|	100.00
2014-12-17 00:52:19.481037 	|	 VM_Task_12 	|	 0.0	|	150528.0	|	13380	|	0.00
