2014-12-17 01:10:36.411750 	|	 VM_Task_30 	|	 0.0	|	134144.0	|	0.0	|	62.99
2014-12-17 01:10:42.448439 	|	 VM_Task_30 	|	 0.11	|	142336.0	|	4292	|	0.00
2014-12-17 01:10:48.482890 	|	 VM_Task_30 	|	 0.11	|	186368.0	|	48196	|	0.00
2014-12-17 01:10:54.513309 	|	 VM_Task_30 	|	 0.108	|	186368.0	|	48196	|	0.10
2014-12-17 01:11:00.613300 	|	 VM_Task_30 	|	 0.138	|	146432.0	|	8260	|	0.00
2014-12-17 01:11:06.649718 	|	 VM_Task_30 	|	 0.25	|	146432.0	|	8260	|	0.00
2014-12-17 01:11:12.742387 	|	 VM_Task_30 	|	 0.145	|	146432.0	|	8260	|	0.00
2014-12-17 01:11:18.817170 	|	 VM_Task_30 	|	 0.263	|	156672.0	|	18500	|	0.00
2014-12-17 01:11:24.928668 	|	 VM_Task_30 	|	 0.211	|	156672.0	|	18500	|	0.00
2014-12-17 01:11:31.036372 	|	 VM_Task_30 	|	 0.384	|	166912.0	|	28740	|	0.00
2014-12-17 01:11:37.063355 	|	 VM_Task_30 	|	 0.13	|	142336.0	|	4292	|	33.00
2014-12-17 01:11:43.866343 	|	 VM_Task_30 	|	 0.137	|	140288.0	|	4292	|	9.19
2014-12-17 01:11:50.120296 	|	 VM_Task_30 	|	 0.855	|	172032.0	|	23620	|	0.00
2014-12-17 01:11:56.583341 	|	 VM_Task_30 	|	 1.067	|	168960.0	|	33860	|	22.04
2014-12-17 01:12:06.572267 	|	 VM_Task_30 	|	 0.571	|	182272.0	|	33860	|	100.40
2014-12-17 01:12:22.663078 	|	 VM_Task_30 	|	 0.0	|	147456.0	|	13380	|	99.01
2014-12-17 01:12:29.252168 	|	 VM_Task_30 	|	 0.127	|	138240.0	|	4292	|	100.00
2014-12-17 01:12:35.276687 	|	 VM_Task_30 	|	 0.13	|	138240.0	|	4292	|	101.01
2014-12-17 01:12:41.299726 	|	 VM_Task_30 	|	 0.25	|	167936.0	|	33860	|	91.75
2014-12-17 01:12:47.328822 	|	 VM_Task_30 	|	 0.191	|	167936.0	|	33860	|	92.14
2014-12-17 01:12:53.371051 	|	 VM_Task_30 	|	 0.345	|	192512.0	|	58436	|	83.33
2014-12-17 01:12:59.397623 	|	 VM_Task_30 	|	 0.0	|	152576.0	|	18500	|	80.32
2014-12-17 01:13:05.430792 	|	 VM_Task_30 	|	 0.318	|	152576.0	|	18500	|	0.00
2014-12-17 01:13:11.459805 	|	 VM_Task_30 	|	 0.445	|	152576.0	|	18500	|	0.00
2014-12-17 01:13:17.873523 	|	 VM_Task_30 	|	 0.295	|	166912.0	|	18500	|	100.00
2014-12-17 01:13:23.897250 	|	 VM_Task_30 	|	 0.15	|	153600.0	|	4292	|	102.04
2014-12-17 01:13:29.920394 	|	 VM_Task_30 	|	 0.235	|	152576.0	|	4292	|	0.00
2014-12-17 01:13:35.963204 	|	 VM_Task_30 	|	 0.128	|	151552.0	|	4292	|	0.00
2014-12-17 01:13:42.010532 	|	 VM_Task_30 	|	 0.163	|	161792.0	|	13380	|	0.00
2014-12-17 01:13:48.166311 	|	 VM_Task_30 	|	 0.166	|	161792.0	|	13380	|	2.25
2014-12-17 01:13:54.308081 	|	 VM_Task_30 	|	 0.512	|	187392.0	|	38980	|	0.00
2014-12-17 01:14:00.863662 	|	 VM_Task_30 	|	 0.095	|	162816.0	|	28740	|	95.00
2014-12-17 01:14:06.892892 	|	 VM_Task_30 	|	 0.106	|	162816.0	|	28740	|	96.60
2014-12-17 01:14:12.924830 	|	 VM_Task_30 	|	 0.555	|	173056.0	|	38980	|	72.55
2014-12-17 01:14:18.954507 	|	 VM_Task_30 	|	 0.557	|	174080.0	|	38980	|	95.05
2014-12-17 01:14:24.989043 	|	 VM_Task_30 	|	 0.126	|	203776.0	|	68676	|	0.00
2014-12-17 01:14:31.132644 	|	 VM_Task_30 	|	 0.365	|	152576.0	|	18500	|	1.39
2014-12-17 01:14:37.158854 	|	 VM_Task_30 	|	 0.362	|	153600.0	|	18500	|	16.40
2014-12-17 01:14:43.188661 	|	 VM_Task_30 	|	 0.177	|	147456.0	|	13380	|	0.00
2014-12-17 01:14:53.487610 	|	 VM_Task_30 	|	 0.0	|	183296.0	|	33860	|	101.01
2014-12-17 01:15:00.348392 	|	 VM_Task_30 	|	 0.748	|	142336.0	|	8260	|	67.82
2014-12-17 01:15:06.611243 	|	 VM_Task_30 	|	 0.132	|	142336.0	|	8260	|	98.66
2014-12-17 01:15:12.641177 	|	 VM_Task_30 	|	 0.245	|	147456.0	|	13380	|	85.26
2014-12-17 01:15:18.685965 	|	 VM_Task_30 	|	 0.248	|	147456.0	|	13380	|	93.56
2014-12-17 01:15:24.714278 	|	 VM_Task_30 	|	 0.11	|	147456.0	|	13380	|	98.38
2014-12-17 01:15:30.745081 	|	 VM_Task_30 	|	 0.135	|	147456.0	|	13380	|	2.40
2014-12-17 01:15:36.758493 	|	 VM_Task_30 	|	 0.136	|	147456.0	|	13380	|	1.40
2014-12-17 01:16:16.426141 	|	 VM_Task_30 	|	 0.0	|	159744.0	|	13380	|	100.00
2014-12-17 01:16:22.451840 	|	 VM_Task_30 	|	 0.0	|	157696.0	|	13380	|	0.00
2014-12-17 01:16:28.482295 	|	 VM_Task_30 	|	 0.0	|	157696.0	|	13380	|	0.00
2014-12-17 01:16:34.515466 	|	 VM_Task_30 	|	 0.0	|	157696.0	|	13380	|	0.00
2014-12-17 01:16:41.008053 	|	 VM_Task_30 	|	 0.0	|	157696.0	|	13380	|	83.67
2014-12-17 01:16:47.471849 	|	 VM_Task_30 	|	 0.0	|	144384.0	|	13380	|	103.09
2014-12-17 01:16:53.499128 	|	 VM_Task_30 	|	 0.0	|	144384.0	|	13380	|	102.04
2014-12-17 01:16:59.522172 	|	 VM_Task_30 	|	 0.0	|	144384.0	|	13380	|	0.00
2014-12-17 01:17:14.523993 	|	 VM_Task_30 	|	 0.0	|	157696.0	|	13380	|	101.01
2014-12-17 01:17:20.807957 	|	 VM_Task_30 	|	 0.0	|	157696.0	|	13380	|	69.30
2014-12-17 01:17:27.401985 	|	 VM_Task_30 	|	 0.0	|	143360.0	|	13380	|	103.09
2014-12-17 01:17:33.429549 	|	 VM_Task_30 	|	 0.0	|	144384.0	|	13380	|	102.04
2014-12-17 01:17:39.454581 	|	 VM_Task_30 	|	 0.0	|	144384.0	|	13380	|	0.00
2014-12-17 01:17:56.614886 	|	 VM_Task_30 	|	 0.0	|	158720.0	|	13380	|	101.11
2014-12-17 01:18:03.771390 	|	 VM_Task_30 	|	 0.0	|	143360.0	|	13380	|	102.14
2014-12-17 01:18:09.793641 	|	 VM_Task_30 	|	 0.0	|	144384.0	|	13380	|	103.09
2014-12-17 01:18:15.821659 	|	 VM_Task_30 	|	 0.0	|	144384.0	|	13380	|	102.04
2014-12-17 01:18:21.848252 	|	 VM_Task_30 	|	 0.0	|	144384.0	|	13380	|	103.09
2014-12-17 01:18:28.186151 	|	 VM_Task_30 	|	 0.0	|	156672.0	|	13380	|	101.01
2014-12-17 01:18:34.210501 	|	 VM_Task_30 	|	 0.0	|	158720.0	|	13380	|	101.01
2014-12-17 01:18:40.242298 	|	 VM_Task_30 	|	 0.0	|	158720.0	|	13380	|	100.00
2014-12-17 01:18:46.267043 	|	 VM_Task_30 	|	 0.0	|	157696.0	|	13380	|	101.01
2014-12-17 01:18:53.983705 	|	 VM_Task_30 	|	 0.0	|	144384.0	|	13380	|	103.09
2014-12-17 01:19:00.007904 	|	 VM_Task_30 	|	 0.0	|	144384.0	|	13380	|	103.09
2014-12-17 01:19:06.039361 	|	 VM_Task_30 	|	 0.0	|	144384.0	|	13380	|	103.09
2014-12-17 01:19:12.071026 	|	 VM_Task_30 	|	 0.0	|	144384.0	|	13380	|	102.99
2014-12-17 01:19:18.098190 	|	 VM_Task_30 	|	 0.0	|	144384.0	|	13380	|	0.00
2014-12-17 01:19:24.265047 	|	 VM_Task_30 	|	 0.0	|	157696.0	|	13380	|	102.04
2014-12-17 01:19:30.298878 	|	 VM_Task_30 	|	 0.0	|	158720.0	|	13380	|	101.01
2014-12-17 01:19:36.327625 	|	 VM_Task_30 	|	 0.0	|	157696.0	|	13380	|	101.01
2014-12-17 01:19:42.352256 	|	 VM_Task_30 	|	 0.0	|	157696.0	|	13380	|	2.10
2014-12-17 01:19:48.940248 	|	 VM_Task_30 	|	 0.0	|	144384.0	|	13380	|	102.14
2014-12-17 01:19:54.966721 	|	 VM_Task_30 	|	 0.0	|	144384.0	|	13380	|	102.04
2014-12-17 01:20:00.992917 	|	 VM_Task_30 	|	 0.0	|	144384.0	|	13380	|	101.01
2014-12-17 01:20:07.031188 	|	 VM_Task_30 	|	 0.0	|	145408.0	|	13380	|	104.17
2014-12-17 01:20:16.378118 	|	 VM_Task_30 	|	 0.0	|	155648.0	|	13380	|	102.04
2014-12-17 01:20:22.410389 	|	 VM_Task_30 	|	 0.0	|	157696.0	|	13380	|	101.01
2014-12-17 01:20:28.442353 	|	 VM_Task_30 	|	 0.0	|	157696.0	|	13380	|	101.01
2014-12-17 01:20:35.093215 	|	 VM_Task_30 	|	 0.0	|	144384.0	|	13380	|	102.04
2014-12-17 01:20:41.120497 	|	 VM_Task_30 	|	 0.0	|	144384.0	|	13380	|	103.09
2014-12-17 01:20:47.150359 	|	 VM_Task_30 	|	 0.0	|	144384.0	|	13380	|	104.27
2014-12-17 01:20:53.252289 	|	 VM_Task_30 	|	 0.0	|	155648.0	|	13380	|	105.26
2014-12-17 01:20:59.284163 	|	 VM_Task_30 	|	 0.0	|	158720.0	|	13380	|	102.04
2014-12-17 01:21:05.310556 	|	 VM_Task_30 	|	 0.0	|	157696.0	|	13380	|	101.01
2014-12-17 01:21:11.704118 	|	 VM_Task_30 	|	 0.0	|	157696.0	|	13380	|	38.60
2014-12-17 01:21:18.291391 	|	 VM_Task_30 	|	 0.0	|	144384.0	|	13380	|	102.99
2014-12-17 01:21:24.322899 	|	 VM_Task_30 	|	 0.0	|	144384.0	|	13380	|	102.04
2014-12-17 01:21:30.347022 	|	 VM_Task_30 	|	 0.0	|	144384.0	|	13380	|	0.00
2014-12-17 01:21:47.102766 	|	 VM_Task_30 	|	 0.0	|	158720.0	|	13380	|	100.00
2014-12-17 01:21:54.395891 	|	 VM_Task_30 	|	 0.0	|	144384.0	|	13380	|	102.04
2014-12-17 01:22:00.418265 	|	 VM_Task_30 	|	 0.0	|	144384.0	|	13380	|	103.09
2014-12-17 01:22:06.452972 	|	 VM_Task_30 	|	 0.0	|	144384.0	|	13380	|	104.17
2014-12-17 01:22:12.482883 	|	 VM_Task_30 	|	 0.0	|	144384.0	|	13380	|	103.09
2014-12-17 01:22:18.763449 	|	 VM_Task_30 	|	 0.0	|	155648.0	|	13380	|	105.26
2014-12-17 01:22:24.791329 	|	 VM_Task_30 	|	 0.0	|	158720.0	|	13380	|	100.00
2014-12-17 01:22:31.971441 	|	 VM_Task_30 	|	 0.0	|	144384.0	|	13380	|	100.00
2014-12-17 01:22:38.002406 	|	 VM_Task_30 	|	 0.0	|	144384.0	|	13380	|	101.01
2014-12-17 01:22:44.028043 	|	 VM_Task_30 	|	 0.0	|	144384.0	|	13380	|	100.00
2014-12-17 01:22:50.053605 	|	 VM_Task_30 	|	 0.0	|	144384.0	|	13380	|	102.04
2014-12-17 01:22:56.083442 	|	 VM_Task_30 	|	 0.0	|	144384.0	|	13380	|	0.00
2014-12-17 01:23:07.310492 	|	 VM_Task_30 	|	 0.0	|	157696.0	|	13380	|	83.03
2014-12-17 01:23:13.895491 	|	 VM_Task_30 	|	 0.0	|	144384.0	|	13380	|	103.09
2014-12-17 01:23:19.926043 	|	 VM_Task_30 	|	 0.0	|	144384.0	|	13380	|	101.01
2014-12-17 01:23:25.947825 	|	 VM_Task_30 	|	 0.0	|	144384.0	|	13380	|	100.00
2014-12-17 01:23:31.982759 	|	 VM_Task_30 	|	 0.0	|	144384.0	|	13380	|	101.01
2014-12-17 01:23:38.141532 	|	 VM_Task_30 	|	 0.0	|	153600.0	|	13380	|	106.38
2014-12-17 01:23:44.172558 	|	 VM_Task_30 	|	 0.0	|	158720.0	|	13380	|	102.04
2014-12-17 01:23:50.884546 	|	 VM_Task_30 	|	 0.0	|	144384.0	|	13380	|	101.01
2014-12-17 01:23:56.912215 	|	 VM_Task_30 	|	 0.0	|	144384.0	|	13380	|	101.01
2014-12-17 01:24:02.938379 	|	 VM_Task_30 	|	 0.0	|	144384.0	|	13380	|	103.09
2014-12-17 01:24:08.970472 	|	 VM_Task_30 	|	 0.0	|	144384.0	|	13380	|	100.00
2014-12-17 01:24:14.997828 	|	 VM_Task_30 	|	 0.0	|	144384.0	|	13380	|	101.01
2014-12-17 01:24:21.447601 	|	 VM_Task_30 	|	 0.0	|	156672.0	|	13380	|	102.04
2014-12-17 01:24:27.469257 	|	 VM_Task_30 	|	 0.0	|	158720.0	|	13380	|	103.09
2014-12-17 01:24:34.266527 	|	 VM_Task_30 	|	 0.0	|	144384.0	|	13380	|	103.09
2014-12-17 01:24:40.297227 	|	 VM_Task_30 	|	 0.0	|	147456.0	|	13380	|	103.20
2014-12-17 01:24:46.322332 	|	 VM_Task_30 	|	 0.0	|	144384.0	|	13380	|	102.04
2014-12-17 01:24:52.355995 	|	 VM_Task_30 	|	 0.0	|	144384.0	|	13380	|	102.04
2014-12-17 01:24:59.215458 	|	 VM_Task_30 	|	 0.0	|	154624.0	|	13380	|	102.04
2014-12-17 01:25:05.240734 	|	 VM_Task_30 	|	 0.0	|	158720.0	|	13380	|	101.01
2014-12-17 01:25:11.264099 	|	 VM_Task_30 	|	 0.0	|	158720.0	|	13380	|	61.33
2014-12-17 01:25:17.863384 	|	 VM_Task_30 	|	 0.0	|	144384.0	|	13380	|	102.04
2014-12-17 01:25:23.892743 	|	 VM_Task_30 	|	 0.0	|	144384.0	|	13380	|	101.01
2014-12-17 01:25:29.917090 	|	 VM_Task_30 	|	 0.0	|	144384.0	|	13380	|	102.04
2014-12-17 01:25:35.940578 	|	 VM_Task_30 	|	 0.0	|	144384.0	|	13380	|	102.04
2014-12-17 01:25:42.432113 	|	 VM_Task_30 	|	 0.0	|	157696.0	|	13380	|	101.01
2014-12-17 01:25:56.196572 	|	 VM_Task_30 	|	 0.0	|	158720.0	|	13380	|	100.00
2014-12-17 01:26:02.224684 	|	 VM_Task_30 	|	 0.0	|	157696.0	|	13380	|	0.00
2014-12-17 01:26:08.880514 	|	 VM_Task_30 	|	 0.0	|	144384.0	|	13380	|	102.04
2014-12-17 01:26:14.912694 	|	 VM_Task_30 	|	 0.0	|	144384.0	|	13380	|	101.01
2014-12-17 01:26:20.940740 	|	 VM_Task_30 	|	 0.0	|	144384.0	|	13380	|	100.00
2014-12-17 01:26:26.970833 	|	 VM_Task_30 	|	 0.0	|	144384.0	|	13380	|	0.00
2014-12-17 01:26:33.669055 	|	 VM_Task_30 	|	 0.0	|	157696.0	|	13380	|	101.01
2014-12-17 01:26:39.698500 	|	 VM_Task_30 	|	 0.0	|	158720.0	|	13380	|	101.11
2014-12-17 01:26:45.725859 	|	 VM_Task_30 	|	 0.0	|	158720.0	|	13380	|	101.01
2014-12-17 01:26:51.747557 	|	 VM_Task_30 	|	 0.0	|	157696.0	|	13380	|	0.00
2014-12-17 01:26:58.382627 	|	 VM_Task_30 	|	 0.0	|	144384.0	|	13380	|	102.04
2014-12-17 01:27:04.411386 	|	 VM_Task_30 	|	 0.0	|	144384.0	|	13380	|	104.17
2014-12-17 01:27:10.437098 	|	 VM_Task_30 	|	 0.0	|	144384.0	|	13380	|	102.04
2014-12-17 01:27:16.471398 	|	 VM_Task_30 	|	 0.0	|	144384.0	|	13380	|	100.00
2014-12-17 01:27:22.498541 	|	 VM_Task_30 	|	 0.0	|	144384.0	|	13380	|	99.01
2014-12-17 01:27:28.521904 	|	 VM_Task_30 	|	 0.0	|	144384.0	|	13380	|	71.04
2014-12-17 01:27:39.209734 	|	 VM_Task_30 	|	 0.0	|	157696.0	|	13380	|	74.39
2014-12-17 01:27:45.857460 	|	 VM_Task_30 	|	 0.0	|	144384.0	|	13380	|	102.14
2014-12-17 01:27:51.882973 	|	 VM_Task_30 	|	 0.0	|	144384.0	|	13380	|	103.09
2014-12-17 01:27:57.908362 	|	 VM_Task_30 	|	 0.0	|	144384.0	|	13380	|	102.04
2014-12-17 01:28:03.946211 	|	 VM_Task_30 	|	 0.0	|	144384.0	|	13380	|	102.04
2014-12-17 01:28:09.970392 	|	 VM_Task_30 	|	 0.0	|	143360.0	|	13380	|	0.00
2014-12-17 01:28:16.138035 	|	 VM_Task_30 	|	 0.0	|	155648.0	|	13380	|	104.27
2014-12-17 01:28:23.376358 	|	 VM_Task_30 	|	 0.0	|	158720.0	|	13380	|	102.04
2014-12-17 01:28:30.454130 	|	 VM_Task_30 	|	 0.0	|	144384.0	|	13380	|	101.94
2014-12-17 01:28:36.483879 	|	 VM_Task_30 	|	 0.0	|	144384.0	|	13380	|	102.04
2014-12-17 01:28:42.514066 	|	 VM_Task_30 	|	 0.0	|	144384.0	|	13380	|	102.04
2014-12-17 01:28:48.543309 	|	 VM_Task_30 	|	 0.0	|	144384.0	|	13380	|	102.04
2014-12-17 01:28:54.569708 	|	 VM_Task_30 	|	 0.0	|	144384.0	|	13380	|	103.09
2014-12-17 01:29:00.716381 	|	 VM_Task_30 	|	 0.0	|	155648.0	|	13380	|	104.17
2014-12-17 01:29:06.743555 	|	 VM_Task_30 	|	 0.0	|	158720.0	|	13380	|	102.04
2014-12-17 01:29:12.767715 	|	 VM_Task_30 	|	 0.0	|	157696.0	|	13380	|	0.00
2014-12-17 01:29:19.390224 	|	 VM_Task_30 	|	 0.0	|	144384.0	|	13380	|	102.04
2014-12-17 01:29:25.420761 	|	 VM_Task_30 	|	 0.0	|	144384.0	|	13380	|	104.17
2014-12-17 01:29:31.442276 	|	 VM_Task_30 	|	 0.0	|	144384.0	|	13380	|	103.09
2014-12-17 01:29:37.469329 	|	 VM_Task_30 	|	 0.0	|	144384.0	|	13380	|	103.09
2014-12-17 01:29:49.194585 	|	 VM_Task_30 	|	 0.0	|	158720.0	|	13380	|	101.94
2014-12-17 01:29:56.111768 	|	 VM_Task_30 	|	 0.0	|	144384.0	|	13380	|	102.04
2014-12-17 01:30:02.141134 	|	 VM_Task_30 	|	 0.0	|	144384.0	|	13380	|	100.00
2014-12-17 01:30:08.175499 	|	 VM_Task_30 	|	 0.0	|	144384.0	|	13380	|	102.04
2014-12-17 01:30:14.205219 	|	 VM_Task_30 	|	 0.0	|	144384.0	|	13380	|	102.04
2014-12-17 01:30:20.226991 	|	 VM_Task_30 	|	 0.0	|	144384.0	|	13380	|	103.09
2014-12-17 01:30:26.392132 	|	 VM_Task_30 	|	 0.0	|	155648.0	|	13380	|	104.17
2014-12-17 01:30:32.417673 	|	 VM_Task_30 	|	 0.0	|	157696.0	|	13380	|	103.09
2014-12-17 01:30:39.057263 	|	 VM_Task_30 	|	 0.0	|	144384.0	|	13380	|	103.09
2014-12-17 01:30:45.082965 	|	 VM_Task_30 	|	 0.0	|	144384.0	|	13380	|	104.17
2014-12-17 01:30:51.116590 	|	 VM_Task_30 	|	 0.0	|	144384.0	|	13380	|	101.01
2014-12-17 01:30:57.143422 	|	 VM_Task_30 	|	 0.0	|	144384.0	|	13380	|	0.00
2014-12-17 01:31:03.371193 	|	 VM_Task_30 	|	 0.0	|	156672.0	|	13380	|	103.09
2014-12-17 01:31:09.391626 	|	 VM_Task_30 	|	 0.0	|	158720.0	|	13380	|	98.08
2014-12-17 01:31:16.101129 	|	 VM_Task_30 	|	 0.0	|	144384.0	|	13380	|	103.09
2014-12-17 01:31:22.126678 	|	 VM_Task_30 	|	 0.0	|	144384.0	|	13380	|	102.04
2014-12-17 01:31:28.163178 	|	 VM_Task_30 	|	 0.0	|	144384.0	|	13380	|	101.01
2014-12-17 01:31:34.191050 	|	 VM_Task_30 	|	 0.0	|	144384.0	|	13380	|	100.00
2014-12-17 01:31:40.557651 	|	 VM_Task_30 	|	 0.0	|	153600.0	|	13380	|	104.17
2014-12-17 01:31:46.589188 	|	 VM_Task_30 	|	 0.0	|	158720.0	|	13380	|	102.04
2014-12-17 01:31:52.613627 	|	 VM_Task_30 	|	 0.0	|	157696.0	|	13380	|	64.65
2014-12-17 01:31:59.309763 	|	 VM_Task_30 	|	 0.0	|	144384.0	|	13380	|	103.09
2014-12-17 01:32:05.336668 	|	 VM_Task_30 	|	 0.0	|	144384.0	|	13380	|	105.26
2014-12-17 01:32:11.367772 	|	 VM_Task_30 	|	 0.0	|	144384.0	|	13380	|	104.17
2014-12-17 01:32:17.829422 	|	 VM_Task_30 	|	 0.0	|	156672.0	|	13380	|	101.01
2014-12-17 01:32:25.359433 	|	 VM_Task_30 	|	 0.0	|	158720.0	|	13380	|	101.01
2014-12-17 01:32:31.375803 	|	 VM_Task_30 	|	 0.0	|	157696.0	|	13380	|	0.00
2014-12-17 01:32:38.050049 	|	 VM_Task_30 	|	 0.0	|	144384.0	|	13380	|	102.04
2014-12-17 01:32:44.083144 	|	 VM_Task_30 	|	 0.0	|	144384.0	|	13380	|	103.20
2014-12-17 01:32:50.109807 	|	 VM_Task_30 	|	 0.0	|	144384.0	|	13380	|	103.09
2014-12-17 01:32:56.351691 	|	 VM_Task_30 	|	 0.0	|	154624.0	|	13380	|	103.09
2014-12-17 01:33:02.379620 	|	 VM_Task_30 	|	 0.0	|	158720.0	|	13380	|	101.01
2014-12-17 01:33:08.412024 	|	 VM_Task_30 	|	 0.0	|	157696.0	|	13380	|	100.00
2014-12-17 01:33:14.871342 	|	 VM_Task_30 	|	 0.0	|	156672.0	|	13380	|	17.80
2014-12-17 01:33:21.731606 	|	 VM_Task_30 	|	 0.0	|	144384.0	|	13380	|	103.09
2014-12-17 01:33:27.759203 	|	 VM_Task_30 	|	 0.0	|	144384.0	|	13380	|	102.04
2014-12-17 01:33:33.787737 	|	 VM_Task_30 	|	 0.0	|	144384.0	|	13380	|	101.01
2014-12-17 01:33:39.885889 	|	 VM_Task_30 	|	 0.0	|	144384.0	|	13380	|	44.29
2014-12-17 01:33:55.199220 	|	 VM_Task_30 	|	 0.0	|	158720.0	|	13380	|	101.01
2014-12-17 01:34:02.265021 	|	 VM_Task_30 	|	 0.0	|	144384.0	|	13380	|	102.04
2014-12-17 01:34:08.289956 	|	 VM_Task_30 	|	 0.0	|	144384.0	|	13380	|	103.09
2014-12-17 01:34:14.318221 	|	 VM_Task_30 	|	 0.0	|	144384.0	|	13380	|	101.01
2014-12-17 01:34:20.344822 	|	 VM_Task_30 	|	 0.0	|	144384.0	|	13380	|	102.04
2014-12-17 01:34:26.578865 	|	 VM_Task_30 	|	 0.0	|	154624.0	|	13380	|	103.09
2014-12-17 01:34:32.606342 	|	 VM_Task_30 	|	 0.0	|	158720.0	|	13380	|	100.10
2014-12-17 01:34:38.637332 	|	 VM_Task_30 	|	 0.0	|	157696.0	|	13380	|	86.67
2014-12-17 01:34:45.682024 	|	 VM_Task_30 	|	 0.0	|	144384.0	|	13380	|	102.04
2014-12-17 01:34:51.706330 	|	 VM_Task_30 	|	 0.0	|	144384.0	|	13380	|	102.04
2014-12-17 01:34:57.729501 	|	 VM_Task_30 	|	 0.0	|	144384.0	|	13380	|	105.26
2014-12-17 01:35:03.758016 	|	 VM_Task_30 	|	 0.0	|	144384.0	|	13380	|	37.70
2014-12-17 01:35:15.757592 	|	 VM_Task_30 	|	 0.0	|	157696.0	|	13380	|	100.00
2014-12-17 01:35:22.810508 	|	 VM_Task_30 	|	 0.0	|	144384.0	|	13380	|	105.26
2014-12-17 01:35:28.837362 	|	 VM_Task_30 	|	 0.0	|	144384.0	|	13380	|	103.09
2014-12-17 01:35:34.861269 	|	 VM_Task_30 	|	 0.0	|	144384.0	|	13380	|	103.09
2014-12-17 01:35:40.883817 	|	 VM_Task_30 	|	 0.0	|	144384.0	|	13380	|	102.04
2014-12-17 01:35:47.082897 	|	 VM_Task_30 	|	 0.0	|	154624.0	|	13380	|	103.09
2014-12-17 01:35:53.111553 	|	 VM_Task_30 	|	 0.0	|	158720.0	|	13380	|	100.00
2014-12-17 01:35:59.134469 	|	 VM_Task_30 	|	 0.0	|	157696.0	|	13380	|	0.00
2014-12-17 01:36:06.142226 	|	 VM_Task_30 	|	 0.0	|	144384.0	|	13380	|	101.01
2014-12-17 01:36:12.173233 	|	 VM_Task_30 	|	 0.0	|	144384.0	|	13380	|	103.09
2014-12-17 01:36:18.195322 	|	 VM_Task_30 	|	 0.0	|	144384.0	|	13380	|	103.09
2014-12-17 01:36:24.218689 	|	 VM_Task_30 	|	 0.0	|	144384.0	|	13380	|	0.00
2014-12-17 01:36:36.228974 	|	 VM_Task_30 	|	 0.0	|	157696.0	|	13380	|	31.52
2014-12-17 01:36:43.145590 	|	 VM_Task_30 	|	 0.0	|	144384.0	|	13380	|	102.04
2014-12-17 01:36:49.173577 	|	 VM_Task_30 	|	 0.0	|	144384.0	|	13380	|	102.04
2014-12-17 01:36:55.192689 	|	 VM_Task_30 	|	 0.0	|	144384.0	|	13380	|	106.38
2014-12-17 01:37:01.218948 	|	 VM_Task_30 	|	 0.0	|	144384.0	|	13380	|	104.17
2014-12-17 01:37:07.407906 	|	 VM_Task_30 	|	 0.0	|	154624.0	|	13380	|	106.38
2014-12-17 01:37:13.437845 	|	 VM_Task_30 	|	 0.0	|	158720.0	|	13380	|	102.04
2014-12-17 01:37:20.162920 	|	 VM_Task_30 	|	 0.0	|	144384.0	|	13380	|	103.09
2014-12-17 01:37:26.192200 	|	 VM_Task_30 	|	 0.0	|	144384.0	|	13380	|	104.17
2014-12-17 01:37:32.211368 	|	 VM_Task_30 	|	 0.0	|	144384.0	|	13380	|	102.04
2014-12-17 01:37:38.242958 	|	 VM_Task_30 	|	 0.0	|	144384.0	|	13380	|	76.39
2014-12-17 01:37:44.428387 	|	 VM_Task_30 	|	 0.0	|	156672.0	|	13380	|	104.17
2014-12-17 01:37:50.454297 	|	 VM_Task_30 	|	 0.0	|	157696.0	|	13380	|	102.04
2014-12-17 01:37:56.480570 	|	 VM_Task_30 	|	 0.0	|	156672.0	|	13380	|	96.19
2014-12-17 01:38:03.315970 	|	 VM_Task_30 	|	 0.0	|	144384.0	|	13380	|	101.01
2014-12-17 01:38:09.335685 	|	 VM_Task_30 	|	 0.0	|	144384.0	|	13380	|	104.27
2014-12-17 01:38:15.360935 	|	 VM_Task_30 	|	 0.0	|	144384.0	|	13380	|	103.09
2014-12-17 01:38:21.385655 	|	 VM_Task_30 	|	 0.0	|	144384.0	|	13380	|	72.06
2014-12-17 01:38:30.689754 	|	 VM_Task_30 	|	 0.0	|	158720.0	|	13380	|	101.01
2014-12-17 01:38:37.793716 	|	 VM_Task_30 	|	 0.0	|	144384.0	|	13380	|	103.09
2014-12-17 01:38:43.825820 	|	 VM_Task_30 	|	 0.0	|	144384.0	|	13380	|	102.04
2014-12-17 01:38:49.851290 	|	 VM_Task_30 	|	 0.0	|	144384.0	|	13380	|	103.09
2014-12-17 01:38:55.878938 	|	 VM_Task_30 	|	 0.0	|	144384.0	|	13380	|	102.04
2014-12-17 01:39:02.431526 	|	 VM_Task_30 	|	 0.0	|	153600.0	|	13380	|	104.17
2014-12-17 01:39:08.456806 	|	 VM_Task_30 	|	 0.0	|	158720.0	|	13380	|	101.01
2014-12-17 01:39:14.483315 	|	 VM_Task_30 	|	 0.0	|	157696.0	|	13380	|	0.00
2014-12-17 01:39:21.530625 	|	 VM_Task_30 	|	 0.0	|	144384.0	|	13380	|	101.01
2014-12-17 01:39:27.557111 	|	 VM_Task_30 	|	 0.0	|	144384.0	|	13380	|	101.01
2014-12-17 01:39:33.574931 	|	 VM_Task_30 	|	 0.0	|	144384.0	|	13380	|	104.17
2014-12-17 01:39:39.602064 	|	 VM_Task_30 	|	 0.0	|	144384.0	|	13380	|	102.04
2014-12-17 01:39:45.629812 	|	 VM_Task_30 	|	 0.0	|	144384.0	|	13380	|	103.20
2014-12-17 01:39:57.212700 	|	 VM_Task_30 	|	 0.0	|	157696.0	|	13380	|	40.89
2014-12-17 01:40:04.594893 	|	 VM_Task_30 	|	 0.0	|	144384.0	|	13380	|	102.04
2014-12-17 01:40:10.622104 	|	 VM_Task_30 	|	 0.0	|	144384.0	|	13380	|	100.10
2014-12-17 01:40:16.642274 	|	 VM_Task_30 	|	 0.0	|	144384.0	|	13380	|	104.17
2014-12-17 01:40:22.667830 	|	 VM_Task_30 	|	 0.0	|	144384.0	|	13380	|	102.04
2014-12-17 01:40:28.695459 	|	 VM_Task_30 	|	 0.0	|	144384.0	|	13380	|	104.17
2014-12-17 01:40:34.723199 	|	 VM_Task_30 	|	 0.0	|	144384.0	|	13380	|	0.00
2014-12-17 01:40:40.915219 	|	 VM_Task_30 	|	 0.0	|	157696.0	|	13380	|	102.04
2014-12-17 01:40:46.947037 	|	 VM_Task_30 	|	 0.0	|	158720.0	|	13380	|	99.11
2014-12-17 01:40:52.979282 	|	 VM_Task_30 	|	 0.0	|	158720.0	|	13380	|	100.00
2014-12-17 01:40:59.868296 	|	 VM_Task_30 	|	 0.0	|	144384.0	|	13380	|	102.04
2014-12-17 01:41:05.893898 	|	 VM_Task_30 	|	 0.0	|	144384.0	|	13380	|	103.09
2014-12-17 01:41:11.921434 	|	 VM_Task_30 	|	 0.0	|	144384.0	|	13380	|	102.04
2014-12-17 01:41:17.949288 	|	 VM_Task_30 	|	 0.0	|	144384.0	|	13380	|	103.09
2014-12-17 01:41:24.153698 	|	 VM_Task_30 	|	 0.0	|	154624.0	|	13380	|	104.17
2014-12-17 01:41:30.185311 	|	 VM_Task_30 	|	 0.0	|	158720.0	|	13380	|	101.01
2014-12-17 01:41:37.015278 	|	 VM_Task_30 	|	 0.0	|	144384.0	|	13380	|	102.04
2014-12-17 01:41:43.037710 	|	 VM_Task_30 	|	 0.0	|	144384.0	|	13380	|	105.26
2014-12-17 01:41:49.065407 	|	 VM_Task_30 	|	 0.0	|	144384.0	|	13380	|	102.04
2014-12-17 01:41:55.090330 	|	 VM_Task_30 	|	 0.0	|	144384.0	|	13380	|	1.90
2014-12-17 01:42:01.287052 	|	 VM_Task_30 	|	 0.0	|	157696.0	|	13380	|	101.01
2014-12-17 01:42:07.807321 	|	 VM_Task_30 	|	 0.0	|	157696.0	|	13380	|	81.78
2014-12-17 01:42:14.623395 	|	 VM_Task_30 	|	 0.0	|	144384.0	|	13380	|	102.04
2014-12-17 01:42:20.649295 	|	 VM_Task_30 	|	 0.0	|	144384.0	|	13380	|	103.09
2014-12-17 01:42:26.673811 	|	 VM_Task_30 	|	 0.0	|	144384.0	|	13380	|	103.09
2014-12-17 01:42:32.699037 	|	 VM_Task_30 	|	 0.0	|	144384.0	|	13380	|	55.88
2014-12-17 01:42:42.329257 	|	 VM_Task_30 	|	 0.0	|	157696.0	|	13380	|	101.01
2014-12-17 01:42:49.735597 	|	 VM_Task_30 	|	 0.0	|	144384.0	|	13380	|	100.10
2014-12-17 01:42:55.763160 	|	 VM_Task_30 	|	 0.0	|	144384.0	|	13380	|	102.04
2014-12-17 01:43:01.793212 	|	 VM_Task_30 	|	 0.0	|	144384.0	|	13380	|	101.01
2014-12-17 01:43:07.814775 	|	 VM_Task_30 	|	 0.0	|	144384.0	|	13380	|	101.01
2014-12-17 01:43:13.841040 	|	 VM_Task_30 	|	 0.0	|	144384.0	|	13380	|	103.09
2014-12-17 01:43:20.118468 	|	 VM_Task_30 	|	 0.0	|	154624.0	|	13380	|	102.04
2014-12-17 01:43:26.148229 	|	 VM_Task_30 	|	 0.0	|	158720.0	|	13380	|	101.01
2014-12-17 01:43:32.178797 	|	 VM_Task_30 	|	 0.0	|	158720.0	|	13380	|	101.01
2014-12-17 01:43:38.319522 	|	 VM_Task_30 	|	 0.0	|	157696.0	|	13380	|	84.50
2014-12-17 01:43:45.520786 	|	 VM_Task_30 	|	 0.0	|	144384.0	|	13380	|	103.09
2014-12-17 01:43:51.543707 	|	 VM_Task_30 	|	 0.0	|	144384.0	|	13380	|	103.09
2014-12-17 01:43:57.570160 	|	 VM_Task_30 	|	 0.0	|	144384.0	|	13380	|	102.04
2014-12-17 01:44:03.595899 	|	 VM_Task_30 	|	 0.0	|	144384.0	|	13380	|	102.04
2014-12-17 01:44:09.749994 	|	 VM_Task_30 	|	 0.0	|	154624.0	|	13380	|	104.17
2014-12-17 01:44:15.775604 	|	 VM_Task_30 	|	 0.0	|	158720.0	|	13380	|	101.01
2014-12-17 01:44:21.797259 	|	 VM_Task_30 	|	 0.0	|	158720.0	|	13380	|	99.11
2014-12-17 01:44:28.288928 	|	 VM_Task_30 	|	 0.0	|	157696.0	|	13380	|	16.80
2014-12-17 01:44:35.071029 	|	 VM_Task_30 	|	 0.0	|	144384.0	|	13380	|	101.01
2014-12-17 01:44:41.099152 	|	 VM_Task_30 	|	 0.0	|	144384.0	|	13380	|	104.17
2014-12-17 01:44:47.127109 	|	 VM_Task_30 	|	 0.0	|	144384.0	|	13380	|	74.58
2014-12-17 01:44:59.451583 	|	 VM_Task_30 	|	 0.0	|	157696.0	|	13380	|	82.16
2014-12-17 01:45:05.897208 	|	 VM_Task_30 	|	 0.0	|	144384.0	|	13380	|	103.09
2014-12-17 01:45:11.930705 	|	 VM_Task_30 	|	 0.0	|	144384.0	|	13380	|	101.01
2014-12-17 01:45:17.964079 	|	 VM_Task_30 	|	 0.0	|	144384.0	|	13380	|	103.09
2014-12-17 01:45:24.337076 	|	 VM_Task_30 	|	 0.0	|	153600.0	|	13380	|	103.09
2014-12-17 01:45:30.363111 	|	 VM_Task_30 	|	 0.0	|	158720.0	|	13380	|	101.01
2014-12-17 01:45:36.395654 	|	 VM_Task_30 	|	 0.0	|	158720.0	|	13380	|	99.01
2014-12-17 01:45:43.056186 	|	 VM_Task_30 	|	 0.0	|	144384.0	|	13380	|	102.14
2014-12-17 01:45:49.085118 	|	 VM_Task_30 	|	 0.0	|	144384.0	|	13380	|	104.17
2014-12-17 01:45:55.112485 	|	 VM_Task_30 	|	 0.0	|	144384.0	|	13380	|	105.26
2014-12-17 01:46:01.255565 	|	 VM_Task_30 	|	 0.0	|	156672.0	|	13380	|	104.17
2014-12-17 01:46:07.286241 	|	 VM_Task_30 	|	 0.0	|	158720.0	|	13380	|	102.04
2014-12-17 01:46:13.796327 	|	 VM_Task_30 	|	 0.0	|	157696.0	|	13380	|	13.80
2014-12-17 01:46:20.541648 	|	 VM_Task_30 	|	 0.0	|	144384.0	|	13380	|	105.26
2014-12-17 01:46:26.569953 	|	 VM_Task_30 	|	 0.0	|	144384.0	|	13380	|	102.04
2014-12-17 01:46:32.597561 	|	 VM_Task_30 	|	 0.0	|	144384.0	|	13380	|	47.98
2014-12-17 01:46:42.475008 	|	 VM_Task_30 	|	 0.0	|	158720.0	|	13380	|	102.04
2014-12-17 01:46:49.083640 	|	 VM_Task_30 	|	 0.0	|	157696.0	|	13380	|	15.60
2014-12-17 01:46:55.913334 	|	 VM_Task_30 	|	 0.0	|	144384.0	|	13380	|	101.01
2014-12-17 01:47:01.931509 	|	 VM_Task_30 	|	 0.0	|	144384.0	|	13380	|	103.09
2014-12-17 01:47:07.957712 	|	 VM_Task_30 	|	 0.0	|	144384.0	|	13380	|	103.09
2014-12-17 01:47:13.985580 	|	 VM_Task_30 	|	 0.0	|	144384.0	|	13380	|	51.72
2014-12-17 01:47:24.047709 	|	 VM_Task_30 	|	 0.0	|	157696.0	|	13380	|	87.14
2014-12-17 01:47:31.086420 	|	 VM_Task_30 	|	 0.0	|	144384.0	|	13380	|	102.04
2014-12-17 01:47:37.114576 	|	 VM_Task_30 	|	 0.0	|	144384.0	|	13380	|	101.11
2014-12-17 01:47:43.144689 	|	 VM_Task_30 	|	 0.0	|	144384.0	|	13380	|	99.01
2014-12-17 01:47:49.167827 	|	 VM_Task_30 	|	 0.0	|	144384.0	|	13380	|	104.17
2014-12-17 01:47:55.194072 	|	 VM_Task_30 	|	 0.0	|	144384.0	|	13380	|	101.01
2014-12-17 01:48:01.382243 	|	 VM_Task_30 	|	 0.0	|	155648.0	|	13380	|	105.26
2014-12-17 01:48:07.410191 	|	 VM_Task_30 	|	 0.0	|	158720.0	|	13380	|	102.04
2014-12-17 01:48:13.440128 	|	 VM_Task_30 	|	 0.0	|	157696.0	|	13380	|	0.00
2014-12-17 01:48:20.579285 	|	 VM_Task_30 	|	 0.0	|	144384.0	|	13380	|	100.91
2014-12-17 01:48:26.600987 	|	 VM_Task_30 	|	 0.0	|	144384.0	|	13380	|	103.09
2014-12-17 01:48:32.625889 	|	 VM_Task_30 	|	 0.0	|	144384.0	|	13380	|	104.06
2014-12-17 01:48:38.652719 	|	 VM_Task_30 	|	 0.0	|	144384.0	|	13380	|	100.00
2014-12-17 01:48:44.678201 	|	 VM_Task_30 	|	 0.0	|	144384.0	|	13380	|	66.88
2014-12-17 01:48:54.739297 	|	 VM_Task_30 	|	 0.0	|	158720.0	|	13380	|	101.01
2014-12-17 01:49:02.174128 	|	 VM_Task_30 	|	 0.0	|	144384.0	|	13380	|	101.01
2014-12-17 01:49:08.201136 	|	 VM_Task_30 	|	 0.0	|	144384.0	|	13380	|	100.00
2014-12-17 01:49:14.231172 	|	 VM_Task_30 	|	 0.0	|	144384.0	|	13380	|	103.09
2014-12-17 01:49:20.258165 	|	 VM_Task_30 	|	 0.0	|	144384.0	|	13380	|	102.04
2014-12-17 01:49:26.408518 	|	 VM_Task_30 	|	 0.0	|	154624.0	|	13380	|	104.17
2014-12-17 01:49:32.437274 	|	 VM_Task_30 	|	 0.0	|	158720.0	|	13380	|	101.01
2014-12-17 01:49:38.466040 	|	 VM_Task_30 	|	 0.0	|	157696.0	|	13380	|	0.00
2014-12-17 01:49:45.340193 	|	 VM_Task_30 	|	 0.0	|	144384.0	|	13380	|	101.01
2014-12-17 01:49:51.363600 	|	 VM_Task_30 	|	 0.0	|	144384.0	|	13380	|	104.17
2014-12-17 01:49:57.391726 	|	 VM_Task_30 	|	 0.0	|	144384.0	|	13380	|	104.06
2014-12-17 01:50:03.419032 	|	 VM_Task_30 	|	 0.0	|	144384.0	|	13380	|	0.00
2014-12-17 01:50:09.527540 	|	 VM_Task_30 	|	 0.0	|	158720.0	|	13380	|	102.04
2014-12-17 01:50:15.554398 	|	 VM_Task_30 	|	 0.0	|	158720.0	|	13380	|	102.04
2014-12-17 01:50:22.950562 	|	 VM_Task_30 	|	 0.0	|	144384.0	|	13380	|	102.04
2014-12-17 01:50:28.972991 	|	 VM_Task_30 	|	 0.0	|	144384.0	|	13380	|	103.09
2014-12-17 01:50:35.005066 	|	 VM_Task_30 	|	 0.0	|	144384.0	|	13380	|	103.09
2014-12-17 01:50:41.336374 	|	 VM_Task_30 	|	 0.0	|	154624.0	|	13380	|	104.17
2014-12-17 01:50:47.365687 	|	 VM_Task_30 	|	 0.0	|	157696.0	|	13380	|	102.04
2014-12-17 01:50:54.358446 	|	 VM_Task_30 	|	 0.0	|	144384.0	|	13380	|	102.04
2014-12-17 01:51:00.386342 	|	 VM_Task_30 	|	 0.0	|	144384.0	|	13380	|	101.01
2014-12-17 01:51:06.421639 	|	 VM_Task_30 	|	 0.0	|	144384.0	|	13380	|	105.26
2014-12-17 01:51:12.446640 	|	 VM_Task_30 	|	 0.0	|	144384.0	|	13380	|	0.00
2014-12-17 01:51:18.614936 	|	 VM_Task_30 	|	 0.0	|	157696.0	|	13380	|	103.09
2014-12-17 01:51:24.644686 	|	 VM_Task_30 	|	 0.0	|	157696.0	|	13380	|	0.00
2014-12-17 01:51:31.803629 	|	 VM_Task_30 	|	 0.0	|	144384.0	|	13380	|	100.00
2014-12-17 01:51:37.832505 	|	 VM_Task_30 	|	 0.0	|	144384.0	|	13380	|	102.04
2014-12-17 01:51:43.851614 	|	 VM_Task_30 	|	 0.0	|	144384.0	|	13380	|	104.17
2014-12-17 01:51:49.876861 	|	 VM_Task_30 	|	 0.0	|	144384.0	|	13380	|	102.04
2014-12-17 01:51:56.365017 	|	 VM_Task_30 	|	 0.0	|	153600.0	|	13380	|	105.26
2014-12-17 01:52:02.392952 	|	 VM_Task_30 	|	 0.0	|	158720.0	|	13380	|	101.01
2014-12-17 01:52:08.413077 	|	 VM_Task_30 	|	 0.0	|	157696.0	|	13380	|	0.00
2014-12-17 01:52:15.301147 	|	 VM_Task_30 	|	 0.0	|	144384.0	|	13380	|	103.09
2014-12-17 01:52:21.327875 	|	 VM_Task_30 	|	 0.0	|	144384.0	|	13380	|	100.00
2014-12-17 01:52:27.349930 	|	 VM_Task_30 	|	 0.0	|	144384.0	|	13380	|	105.26
2014-12-17 01:52:33.378020 	|	 VM_Task_30 	|	 0.0	|	144384.0	|	13380	|	101.01
2014-12-17 01:52:39.402259 	|	 VM_Task_30 	|	 0.0	|	144384.0	|	13380	|	0.00
2014-12-17 01:52:45.598702 	|	 VM_Task_30 	|	 0.0	|	156672.0	|	13380	|	103.09
2014-12-17 01:52:51.624309 	|	 VM_Task_30 	|	 0.0	|	158720.0	|	13380	|	102.04
2014-12-17 01:52:58.147295 	|	 VM_Task_30 	|	 0.0	|	144384.0	|	13380	|	102.04
2014-12-17 01:53:04.176288 	|	 VM_Task_30 	|	 0.0	|	144384.0	|	13380	|	102.04
2014-12-17 01:53:10.207340 	|	 VM_Task_30 	|	 0.0	|	144384.0	|	13380	|	102.04
2014-12-17 01:53:16.226386 	|	 VM_Task_30 	|	 0.0	|	144384.0	|	13380	|	105.21
2014-12-17 01:53:22.432363 	|	 VM_Task_30 	|	 0.0	|	154624.0	|	13380	|	104.17
2014-12-17 01:53:28.457768 	|	 VM_Task_30 	|	 0.0	|	158720.0	|	13380	|	101.01
2014-12-17 01:53:34.484629 	|	 VM_Task_30 	|	 0.0	|	157696.0	|	13380	|	0.00
2014-12-17 01:53:41.332990 	|	 VM_Task_30 	|	 0.0	|	144384.0	|	13380	|	101.11
2014-12-17 01:53:47.358574 	|	 VM_Task_30 	|	 0.0	|	144384.0	|	13380	|	101.01
2014-12-17 01:53:53.390971 	|	 VM_Task_30 	|	 0.0	|	144384.0	|	13380	|	102.14
2014-12-17 01:53:59.416918 	|	 VM_Task_30 	|	 0.0	|	144384.0	|	13380	|	102.04
2014-12-17 01:54:05.448620 	|	 VM_Task_30 	|	 0.0	|	144384.0	|	13380	|	0.00
2014-12-17 01:54:16.115696 	|	 VM_Task_30 	|	 0.0	|	158720.0	|	13380	|	102.04
2014-12-17 01:54:23.403406 	|	 VM_Task_30 	|	 0.0	|	144384.0	|	13380	|	103.09
2014-12-17 01:54:29.431426 	|	 VM_Task_30 	|	 0.0	|	144384.0	|	13380	|	104.27
2014-12-17 01:54:35.466078 	|	 VM_Task_30 	|	 0.0	|	144384.0	|	13380	|	101.11
2014-12-17 01:54:41.488457 	|	 VM_Task_30 	|	 0.0	|	144384.0	|	13380	|	102.04
2014-12-17 01:54:47.593501 	|	 VM_Task_30 	|	 0.0	|	154624.0	|	13380	|	104.17
2014-12-17 01:54:53.620816 	|	 VM_Task_30 	|	 0.0	|	158720.0	|	13380	|	102.04
2014-12-17 01:54:59.648251 	|	 VM_Task_30 	|	 0.0	|	158720.0	|	13380	|	102.14
2014-12-17 01:55:06.268507 	|	 VM_Task_30 	|	 0.0	|	144384.0	|	13380	|	105.26
2014-12-17 01:55:12.291933 	|	 VM_Task_30 	|	 0.0	|	144384.0	|	13380	|	105.26
2014-12-17 01:55:18.323117 	|	 VM_Task_30 	|	 0.0	|	144384.0	|	13380	|	97.14
2014-12-17 01:55:24.586423 	|	 VM_Task_30 	|	 0.0	|	156672.0	|	13380	|	103.09
2014-12-17 01:55:30.874232 	|	 VM_Task_30 	|	 0.0	|	158720.0	|	13380	|	101.01
2014-12-17 01:55:37.544333 	|	 VM_Task_30 	|	 0.0	|	144384.0	|	13380	|	102.04
2014-12-17 01:55:43.708799 	|	 VM_Task_30 	|	 0.0	|	144384.0	|	13380	|	104.17
2014-12-17 01:55:49.737105 	|	 VM_Task_30 	|	 0.0	|	144384.0	|	13380	|	102.04
2014-12-17 01:55:55.762525 	|	 VM_Task_30 	|	 0.0	|	144384.0	|	13380	|	101.01
2014-12-17 01:56:01.798433 	|	 VM_Task_30 	|	 0.0	|	144384.0	|	13380	|	63.10
2014-12-17 01:56:07.927477 	|	 VM_Task_30 	|	 0.0	|	154624.0	|	13380	|	105.26
2014-12-17 01:56:13.951144 	|	 VM_Task_30 	|	 0.0	|	158720.0	|	13380	|	102.04
2014-12-17 01:56:20.614383 	|	 VM_Task_30 	|	 0.0	|	144384.0	|	13380	|	102.04
2014-12-17 01:56:26.639714 	|	 VM_Task_30 	|	 0.0	|	144384.0	|	13380	|	102.14
2014-12-17 01:56:32.670188 	|	 VM_Task_30 	|	 0.0	|	144384.0	|	13380	|	103.09
2014-12-17 01:56:38.698070 	|	 VM_Task_30 	|	 0.0	|	144384.0	|	13380	|	105.26
2014-12-17 01:56:45.094489 	|	 VM_Task_30 	|	 0.0	|	155648.0	|	13380	|	101.01
2014-12-17 01:56:51.116545 	|	 VM_Task_30 	|	 0.0	|	158720.0	|	13380	|	101.01
2014-12-17 01:56:57.521749 	|	 VM_Task_30 	|	 0.0	|	157696.0	|	13380	|	83.88
2014-12-17 01:57:04.270056 	|	 VM_Task_30 	|	 0.0	|	144384.0	|	13380	|	100.00
2014-12-17 01:57:10.302575 	|	 VM_Task_30 	|	 0.0	|	144384.0	|	13380	|	102.04
2014-12-17 01:57:16.329516 	|	 VM_Task_30 	|	 0.0	|	144384.0	|	13380	|	101.01
2014-12-17 01:57:22.356713 	|	 VM_Task_30 	|	 0.0	|	144384.0	|	13380	|	101.11
2014-12-17 01:57:28.676296 	|	 VM_Task_30 	|	 0.0	|	154624.0	|	13380	|	103.09
2014-12-17 01:57:34.702526 	|	 VM_Task_30 	|	 0.0	|	158720.0	|	13380	|	102.04
2014-12-17 01:57:40.726095 	|	 VM_Task_30 	|	 0.0	|	157696.0	|	13380	|	0.00
2014-12-17 01:57:47.369660 	|	 VM_Task_30 	|	 0.0	|	144384.0	|	13380	|	101.01
2014-12-17 01:57:53.396703 	|	 VM_Task_30 	|	 0.0	|	144384.0	|	13380	|	106.38
2014-12-17 01:57:59.428587 	|	 VM_Task_30 	|	 0.0	|	144384.0	|	13380	|	103.09
2014-12-17 01:58:05.870830 	|	 VM_Task_30 	|	 0.0	|	156672.0	|	13380	|	102.04
2014-12-17 01:58:11.898917 	|	 VM_Task_30 	|	 0.0	|	158720.0	|	13380	|	102.04
2014-12-17 01:58:18.854937 	|	 VM_Task_30 	|	 0.0	|	144384.0	|	13380	|	102.04
2014-12-17 01:58:24.887288 	|	 VM_Task_30 	|	 0.0	|	144384.0	|	13380	|	102.04
2014-12-17 01:58:30.916713 	|	 VM_Task_30 	|	 0.0	|	144384.0	|	13380	|	105.26
2014-12-17 01:58:37.199514 	|	 VM_Task_30 	|	 0.0	|	144384.0	|	13380	|	9.41
2014-12-17 01:58:55.922509 	|	 VM_Task_30 	|	 0.0	|	157696.0	|	13380	|	101.01
2014-12-17 01:59:02.476612 	|	 VM_Task_30 	|	 0.0	|	144384.0	|	13380	|	104.06
2014-12-17 01:59:08.501514 	|	 VM_Task_30 	|	 0.0	|	144384.0	|	13380	|	104.17
2014-12-17 01:59:14.526718 	|	 VM_Task_30 	|	 0.0	|	144384.0	|	13380	|	103.09
2014-12-17 01:59:20.769613 	|	 VM_Task_30 	|	 0.0	|	156672.0	|	13380	|	103.09
2014-12-17 01:59:26.799097 	|	 VM_Task_30 	|	 0.0	|	158720.0	|	13380	|	100.00
2014-12-17 01:59:32.831440 	|	 VM_Task_30 	|	 0.0	|	158720.0	|	13380	|	100.00
2014-12-17 01:59:38.850766 	|	 VM_Task_30 	|	 0.0	|	157696.0	|	13380	|	0.00
2014-12-17 01:59:45.478081 	|	 VM_Task_30 	|	 0.0	|	144384.0	|	13380	|	103.09
2014-12-17 01:59:51.505566 	|	 VM_Task_30 	|	 0.0	|	144384.0	|	13380	|	102.14
2014-12-17 01:59:57.534744 	|	 VM_Task_30 	|	 0.0	|	144384.0	|	13380	|	102.04
2014-12-17 02:00:03.566575 	|	 VM_Task_30 	|	 0.0	|	144384.0	|	13380	|	68.35
2014-12-17 02:00:09.663979 	|	 VM_Task_30 	|	 0.0	|	155648.0	|	13380	|	104.17
2014-12-17 02:00:15.688317 	|	 VM_Task_30 	|	 0.0	|	158720.0	|	13380	|	100.00
2014-12-17 02:00:21.714269 	|	 VM_Task_30 	|	 0.0	|	157696.0	|	13380	|	33.84
2014-12-17 02:00:28.370234 	|	 VM_Task_30 	|	 0.0	|	144384.0	|	13380	|	104.17
2014-12-17 02:00:34.401585 	|	 VM_Task_30 	|	 0.0	|	144384.0	|	13380	|	102.04
2014-12-17 02:00:40.426398 	|	 VM_Task_30 	|	 0.0	|	144384.0	|	13380	|	104.17
2014-12-17 02:00:46.629315 	|	 VM_Task_30 	|	 0.0	|	157696.0	|	13380	|	103.09
2014-12-17 02:00:52.652631 	|	 VM_Task_30 	|	 0.0	|	158720.0	|	13380	|	101.01
2014-12-17 02:00:59.421923 	|	 VM_Task_30 	|	 0.0	|	144384.0	|	13380	|	106.38
2014-12-17 02:01:05.455497 	|	 VM_Task_30 	|	 0.0	|	144384.0	|	13380	|	104.17
2014-12-17 02:01:11.485829 	|	 VM_Task_30 	|	 0.0	|	144384.0	|	13380	|	100.00
2014-12-17 02:01:17.514042 	|	 VM_Task_30 	|	 0.0	|	144384.0	|	13380	|	102.04
2014-12-17 02:01:23.971676 	|	 VM_Task_30 	|	 0.0	|	148480.0	|	13380	|	105.26
2014-12-17 02:01:29.998202 	|	 VM_Task_30 	|	 0.0	|	158720.0	|	13380	|	100.00
2014-12-17 02:01:36.023445 	|	 VM_Task_30 	|	 0.0	|	158720.0	|	13380	|	90.50
2014-12-17 02:01:42.693515 	|	 VM_Task_30 	|	 0.0	|	144384.0	|	13380	|	102.04
2014-12-17 02:01:48.721125 	|	 VM_Task_30 	|	 0.0	|	144384.0	|	13380	|	102.04
2014-12-17 02:01:54.743268 	|	 VM_Task_30 	|	 0.0	|	144384.0	|	13380	|	103.09
2014-12-17 02:02:00.955326 	|	 VM_Task_30 	|	 0.0	|	156672.0	|	13380	|	105.26
2014-12-17 02:02:06.979138 	|	 VM_Task_30 	|	 0.0	|	158720.0	|	13380	|	101.01
2014-12-17 02:02:13.445373 	|	 VM_Task_30 	|	 0.0	|	157696.0	|	13380	|	11.92
2014-12-17 02:02:20.313899 	|	 VM_Task_30 	|	 0.0	|	144384.0	|	13380	|	100.00
2014-12-17 02:02:26.340090 	|	 VM_Task_30 	|	 0.0	|	144384.0	|	13380	|	101.01
2014-12-17 02:02:32.367849 	|	 VM_Task_30 	|	 0.0	|	144384.0	|	13380	|	101.01
2014-12-17 02:02:38.390437 	|	 VM_Task_30 	|	 0.0	|	144384.0	|	13380	|	43.57
2014-12-17 02:02:49.181352 	|	 VM_Task_30 	|	 0.0	|	158720.0	|	13380	|	101.01
2014-12-17 02:02:55.711411 	|	 VM_Task_30 	|	 0.0	|	144384.0	|	13380	|	106.38
2014-12-17 02:03:01.740478 	|	 VM_Task_30 	|	 0.0	|	144384.0	|	13380	|	101.01
2014-12-17 02:03:07.768358 	|	 VM_Task_30 	|	 0.0	|	144384.0	|	13380	|	102.99
2014-12-17 02:03:13.865004 	|	 VM_Task_30 	|	 0.0	|	144384.0	|	13380	|	85.62
2014-12-17 02:03:25.904723 	|	 VM_Task_30 	|	 0.0	|	157696.0	|	13380	|	39.90
2014-12-17 02:03:32.579115 	|	 VM_Task_30 	|	 0.0	|	144384.0	|	13380	|	104.17
2014-12-17 02:03:38.610388 	|	 VM_Task_30 	|	 0.0	|	144384.0	|	13380	|	105.26
2014-12-17 02:03:44.643112 	|	 VM_Task_30 	|	 0.0	|	144384.0	|	13380	|	102.04
2014-12-17 02:03:50.658799 	|	 VM_Task_30 	|	 0.0	|	144384.0	|	13380	|	0.00
2014-12-17 02:03:56.844283 	|	 VM_Task_30 	|	 0.0	|	156672.0	|	13380	|	102.04
2014-12-17 02:04:02.860566 	|	 VM_Task_30 	|	 0.0	|	158720.0	|	13380	|	102.04
2014-12-17 02:04:09.126499 	|	 VM_Task_30 	|	 0.0	|	157696.0	|	13380	|	53.23
2014-12-17 02:04:15.849984 	|	 VM_Task_30 	|	 0.0	|	144384.0	|	13380	|	103.20
2014-12-17 02:04:21.877620 	|	 VM_Task_30 	|	 0.0	|	144384.0	|	13380	|	101.01
2014-12-17 02:04:27.907131 	|	 VM_Task_30 	|	 0.0	|	144384.0	|	13380	|	102.04
2014-12-17 02:04:33.933804 	|	 VM_Task_30 	|	 0.0	|	144384.0	|	13380	|	38.37
2014-12-17 02:04:47.156803 	|	 VM_Task_30 	|	 0.0	|	158720.0	|	13380	|	78.70
2014-12-17 02:04:53.847426 	|	 VM_Task_30 	|	 0.0	|	144384.0	|	13380	|	102.04
2014-12-17 02:04:59.878088 	|	 VM_Task_30 	|	 0.0	|	144384.0	|	13380	|	102.04
2014-12-17 02:05:05.906370 	|	 VM_Task_30 	|	 0.0	|	144384.0	|	13380	|	102.04
2014-12-17 02:05:11.931131 	|	 VM_Task_30 	|	 0.0	|	144384.0	|	13380	|	78.54
2014-12-17 02:05:18.106308 	|	 VM_Task_30 	|	 0.0	|	157696.0	|	13380	|	102.04
2014-12-17 02:05:24.132969 	|	 VM_Task_30 	|	 0.0	|	158720.0	|	13380	|	102.04
2014-12-17 02:05:31.103938 	|	 VM_Task_30 	|	 0.0	|	144384.0	|	13380	|	102.04
2014-12-17 02:05:37.129057 	|	 VM_Task_30 	|	 0.0	|	144384.0	|	13380	|	104.17
2014-12-17 02:05:43.158533 	|	 VM_Task_30 	|	 0.0	|	144384.0	|	13380	|	101.01
2014-12-17 02:05:49.190048 	|	 VM_Task_30 	|	 0.0	|	144384.0	|	13380	|	102.04
2014-12-17 02:05:55.582236 	|	 VM_Task_30 	|	 0.0	|	154624.0	|	13380	|	103.20
2014-12-17 02:06:01.610085 	|	 VM_Task_30 	|	 0.0	|	158720.0	|	13380	|	101.01
2014-12-17 02:06:07.634707 	|	 VM_Task_30 	|	 0.0	|	158720.0	|	13380	|	90.20
2014-12-17 02:06:14.392831 	|	 VM_Task_30 	|	 0.0	|	144384.0	|	13380	|	101.01
2014-12-17 02:06:20.418454 	|	 VM_Task_30 	|	 0.0	|	144384.0	|	13380	|	102.04
2014-12-17 02:06:26.452984 	|	 VM_Task_30 	|	 0.0	|	144384.0	|	13380	|	102.04
2014-12-17 02:06:32.487902 	|	 VM_Task_30 	|	 0.0	|	144384.0	|	13380	|	103.09
2014-12-17 02:06:38.517324 	|	 VM_Task_30 	|	 0.0	|	144384.0	|	13380	|	65.35
2014-12-17 02:06:44.677897 	|	 VM_Task_30 	|	 0.0	|	157696.0	|	13380	|	103.09
2014-12-17 02:06:50.703893 	|	 VM_Task_30 	|	 0.0	|	158720.0	|	13380	|	102.14
2014-12-17 02:06:57.423127 	|	 VM_Task_30 	|	 0.0	|	144384.0	|	13380	|	103.09
2014-12-17 02:07:03.451995 	|	 VM_Task_30 	|	 0.0	|	144384.0	|	13380	|	102.04
2014-12-17 02:07:09.477029 	|	 VM_Task_30 	|	 0.0	|	144384.0	|	13380	|	101.01
2014-12-17 02:07:15.510892 	|	 VM_Task_30 	|	 0.0	|	144384.0	|	13380	|	101.01
2014-12-17 02:07:21.535307 	|	 VM_Task_30 	|	 0.0	|	144384.0	|	13380	|	102.04
2014-12-17 02:07:28.364314 	|	 VM_Task_30 	|	 0.0	|	156672.0	|	13380	|	102.04
2014-12-17 02:07:34.393795 	|	 VM_Task_30 	|	 0.0	|	158720.0	|	13380	|	101.01
2014-12-17 02:07:40.635257 	|	 VM_Task_30 	|	 0.0	|	158720.0	|	13380	|	103.09
2014-12-17 02:07:47.630345 	|	 VM_Task_30 	|	 0.0	|	144384.0	|	13380	|	104.17
2014-12-17 02:07:53.657125 	|	 VM_Task_30 	|	 0.0	|	144384.0	|	13380	|	101.11
2014-12-17 02:07:59.683638 	|	 VM_Task_30 	|	 0.0	|	144384.0	|	13380	|	102.04
2014-12-17 02:08:05.722709 	|	 VM_Task_30 	|	 0.0	|	144384.0	|	13380	|	101.01
2014-12-17 02:08:11.751280 	|	 VM_Task_30 	|	 0.0	|	144384.0	|	13380	|	101.01
2014-12-17 02:08:18.466365 	|	 VM_Task_30 	|	 0.0	|	155648.0	|	13380	|	103.09
2014-12-17 02:08:24.492345 	|	 VM_Task_30 	|	 0.0	|	158720.0	|	13380	|	100.10
2014-12-17 02:08:30.513382 	|	 VM_Task_30 	|	 0.0	|	158720.0	|	13380	|	102.04
2014-12-17 02:08:37.298982 	|	 VM_Task_30 	|	 0.0	|	144384.0	|	13380	|	101.94
2014-12-17 02:08:43.325227 	|	 VM_Task_30 	|	 0.0	|	144384.0	|	13380	|	100.00
2014-12-17 02:08:49.352444 	|	 VM_Task_30 	|	 0.0	|	144384.0	|	13380	|	102.04
2014-12-17 02:08:55.382319 	|	 VM_Task_30 	|	 0.0	|	144384.0	|	13380	|	104.17
2014-12-17 02:09:01.406592 	|	 VM_Task_30 	|	 0.0	|	144384.0	|	13380	|	102.14
2014-12-17 02:09:13.711524 	|	 VM_Task_30 	|	 0.0	|	154624.0	|	13380	|	102.04
2014-12-17 02:09:19.734037 	|	 VM_Task_30 	|	 0.0	|	158720.0	|	13380	|	101.01
2014-12-17 02:09:26.227334 	|	 VM_Task_30 	|	 0.0	|	157696.0	|	13380	|	40.51
2014-12-17 02:09:32.875726 	|	 VM_Task_30 	|	 0.0	|	144384.0	|	13380	|	103.09
2014-12-17 02:09:38.902954 	|	 VM_Task_30 	|	 0.0	|	144384.0	|	13380	|	103.09
2014-12-17 02:09:44.932124 	|	 VM_Task_30 	|	 0.0	|	144384.0	|	13380	|	103.09
2014-12-17 02:09:50.963016 	|	 VM_Task_30 	|	 0.0	|	144384.0	|	13380	|	101.11
2014-12-17 02:09:58.337126 	|	 VM_Task_30 	|	 0.0	|	154624.0	|	13380	|	102.04
2014-12-17 02:10:04.366428 	|	 VM_Task_30 	|	 0.0	|	157696.0	|	13380	|	102.04
2014-12-17 02:10:12.168836 	|	 VM_Task_30 	|	 0.0	|	158720.0	|	13380	|	102.04
2014-12-17 02:10:18.851281 	|	 VM_Task_30 	|	 0.0	|	144384.0	|	13380	|	102.04
2014-12-17 02:10:24.879169 	|	 VM_Task_30 	|	 0.0	|	144384.0	|	13380	|	102.04
2014-12-17 02:10:30.909681 	|	 VM_Task_30 	|	 0.0	|	144384.0	|	13380	|	102.04
2014-12-17 02:10:36.943179 	|	 VM_Task_30 	|	 0.0	|	144384.0	|	13380	|	102.04
2014-12-17 02:10:42.972126 	|	 VM_Task_30 	|	 0.0	|	144384.0	|	13380	|	76.22
2014-12-17 02:10:49.763765 	|	 VM_Task_30 	|	 0.0	|	155648.0	|	13380	|	103.09
2014-12-17 02:10:55.794775 	|	 VM_Task_30 	|	 0.0	|	158720.0	|	13380	|	101.01
2014-12-17 02:11:01.815140 	|	 VM_Task_30 	|	 0.0	|	158720.0	|	13380	|	101.01
2014-12-17 02:11:08.917275 	|	 VM_Task_30 	|	 0.0	|	144384.0	|	13380	|	102.04
2014-12-17 02:11:14.944324 	|	 VM_Task_30 	|	 0.0	|	144384.0	|	13380	|	102.04
2014-12-17 02:11:20.971406 	|	 VM_Task_30 	|	 0.0	|	144384.0	|	13380	|	102.04
2014-12-17 02:11:27.005162 	|	 VM_Task_30 	|	 0.0	|	144384.0	|	13380	|	101.01
2014-12-17 02:11:33.036648 	|	 VM_Task_30 	|	 0.0	|	144384.0	|	13380	|	103.09
2014-12-17 02:11:44.296171 	|	 VM_Task_30 	|	 0.0	|	155648.0	|	13380	|	101.01
2014-12-17 02:11:50.318388 	|	 VM_Task_30 	|	 0.0	|	158720.0	|	13380	|	103.09
2014-12-17 02:11:56.679009 	|	 VM_Task_30 	|	 0.0	|	157696.0	|	13380	|	7.27
2014-12-17 02:12:03.416353 	|	 VM_Task_30 	|	 0.0	|	144384.0	|	13380	|	100.00
2014-12-17 02:12:09.445078 	|	 VM_Task_30 	|	 0.0	|	144384.0	|	13380	|	103.09
2014-12-17 02:12:15.475733 	|	 VM_Task_30 	|	 0.0	|	144384.0	|	13380	|	102.04
2014-12-17 02:12:21.507124 	|	 VM_Task_30 	|	 0.0	|	144384.0	|	13380	|	102.04
2014-12-17 02:12:29.108810 	|	 VM_Task_30 	|	 0.0	|	154624.0	|	13380	|	101.01
2014-12-17 02:12:35.137337 	|	 VM_Task_30 	|	 0.0	|	157696.0	|	13380	|	102.04
2014-12-17 02:12:41.347849 	|	 VM_Task_30 	|	 0.0	|	158720.0	|	13380	|	102.04
2014-12-17 02:12:47.899516 	|	 VM_Task_30 	|	 0.0	|	157696.0	|	13380	|	77.27
2014-12-17 02:12:54.642333 	|	 VM_Task_30 	|	 0.0	|	144384.0	|	13380	|	103.09
2014-12-17 02:13:00.667908 	|	 VM_Task_30 	|	 0.0	|	144384.0	|	13380	|	100.00
2014-12-17 02:13:06.703359 	|	 VM_Task_30 	|	 0.0	|	144384.0	|	13380	|	103.09
2014-12-17 02:13:12.732150 	|	 VM_Task_30 	|	 0.0	|	144384.0	|	13380	|	102.04
2014-12-17 02:13:19.872745 	|	 VM_Task_30 	|	 0.0	|	154624.0	|	13380	|	101.01
2014-12-17 02:13:25.899526 	|	 VM_Task_30 	|	 0.0	|	157696.0	|	13380	|	101.01
2014-12-17 02:13:31.919658 	|	 VM_Task_30 	|	 0.0	|	158720.0	|	13380	|	102.04
2014-12-17 02:13:38.649247 	|	 VM_Task_30 	|	 0.0	|	144384.0	|	13380	|	100.91
2014-12-17 02:13:44.678524 	|	 VM_Task_30 	|	 0.0	|	144384.0	|	13380	|	101.01
2014-12-17 02:13:50.706940 	|	 VM_Task_30 	|	 0.0	|	144384.0	|	13380	|	102.04
2014-12-17 02:13:56.738992 	|	 VM_Task_30 	|	 0.0	|	144384.0	|	13380	|	102.04
2014-12-17 02:14:02.767557 	|	 VM_Task_30 	|	 0.0	|	144384.0	|	13380	|	101.01
2014-12-17 02:14:10.071706 	|	 VM_Task_30 	|	 0.0	|	154624.0	|	13380	|	101.01
2014-12-17 02:14:16.102181 	|	 VM_Task_30 	|	 0.0	|	157696.0	|	13380	|	101.01
2014-12-17 02:14:22.121398 	|	 VM_Task_30 	|	 0.0	|	158720.0	|	13380	|	102.04
2014-12-17 02:14:28.149770 	|	 VM_Task_30 	|	 0.0	|	157696.0	|	13380	|	93.61
2014-12-17 02:14:34.849637 	|	 VM_Task_30 	|	 0.0	|	144384.0	|	13380	|	102.04
2014-12-17 02:14:40.878673 	|	 VM_Task_30 	|	 0.0	|	144384.0	|	13380	|	104.17
2014-12-17 02:14:46.909187 	|	 VM_Task_30 	|	 0.0	|	144384.0	|	13380	|	103.09
2014-12-17 02:14:52.936712 	|	 VM_Task_30 	|	 0.0	|	144384.0	|	13380	|	101.01
2014-12-17 02:15:00.201911 	|	 VM_Task_30 	|	 0.0	|	154624.0	|	13380	|	102.04
2014-12-17 02:15:06.233648 	|	 VM_Task_30 	|	 0.0	|	157696.0	|	13380	|	102.04
2014-12-17 02:15:12.250486 	|	 VM_Task_30 	|	 0.0	|	157696.0	|	13380	|	102.04
2014-12-17 02:15:18.726826 	|	 VM_Task_30 	|	 0.0	|	157696.0	|	13380	|	72.55
2014-12-17 02:15:25.403589 	|	 VM_Task_30 	|	 0.0	|	144384.0	|	13380	|	102.04
2014-12-17 02:15:31.431529 	|	 VM_Task_30 	|	 0.0	|	144384.0	|	13380	|	101.01
2014-12-17 02:15:37.464960 	|	 VM_Task_30 	|	 0.0	|	144384.0	|	13380	|	101.01
2014-12-17 02:15:43.493303 	|	 VM_Task_30 	|	 0.0	|	144384.0	|	13380	|	102.04
2014-12-17 02:15:50.642587 	|	 VM_Task_30 	|	 0.0	|	154624.0	|	13380	|	100.00
2014-12-17 02:15:56.668623 	|	 VM_Task_30 	|	 0.0	|	157696.0	|	13380	|	101.11
2014-12-17 02:16:02.692183 	|	 VM_Task_30 	|	 0.0	|	158720.0	|	13380	|	101.01
2014-12-17 02:16:08.717676 	|	 VM_Task_30 	|	 0.0	|	157696.0	|	13380	|	84.34
2014-12-17 02:16:15.414156 	|	 VM_Task_30 	|	 0.0	|	144384.0	|	13380	|	102.04
2014-12-17 02:16:21.441093 	|	 VM_Task_30 	|	 0.0	|	144384.0	|	13380	|	103.09
2014-12-17 02:16:27.475950 	|	 VM_Task_30 	|	 0.0	|	144384.0	|	13380	|	101.01
2014-12-17 02:16:33.504479 	|	 VM_Task_30 	|	 0.0	|	144384.0	|	13380	|	101.01
2014-12-17 02:16:40.553046 	|	 VM_Task_30 	|	 0.0	|	154624.0	|	13380	|	102.04
2014-12-17 02:16:46.580705 	|	 VM_Task_30 	|	 0.0	|	157696.0	|	13380	|	101.01
2014-12-17 02:16:52.601654 	|	 VM_Task_30 	|	 0.0	|	158720.0	|	13380	|	101.01
2014-12-17 02:16:58.626790 	|	 VM_Task_30 	|	 0.0	|	157696.0	|	13380	|	20.91
2014-12-17 02:17:05.320455 	|	 VM_Task_30 	|	 0.0	|	144384.0	|	13380	|	103.09
2014-12-17 02:17:11.347836 	|	 VM_Task_30 	|	 0.0	|	144384.0	|	13380	|	102.04
2014-12-17 02:17:17.383991 	|	 VM_Task_30 	|	 0.0	|	144384.0	|	13380	|	102.04
2014-12-17 02:17:23.407837 	|	 VM_Task_30 	|	 0.0	|	144384.0	|	13380	|	103.09
2014-12-17 02:17:29.436956 	|	 VM_Task_30 	|	 0.0	|	144384.0	|	13380	|	80.51
2014-12-17 02:17:36.205397 	|	 VM_Task_30 	|	 0.0	|	156672.0	|	13380	|	102.04
2014-12-17 02:17:42.626872 	|	 VM_Task_30 	|	 0.0	|	158720.0	|	13380	|	103.09
2014-12-17 02:17:48.655913 	|	 VM_Task_30 	|	 0.0	|	157696.0	|	13380	|	0.00
2014-12-17 02:17:55.413772 	|	 VM_Task_30 	|	 0.0	|	144384.0	|	13380	|	102.04
2014-12-17 02:18:01.439442 	|	 VM_Task_30 	|	 0.0	|	144384.0	|	13380	|	102.04
2014-12-17 02:18:07.471911 	|	 VM_Task_30 	|	 0.0	|	144384.0	|	13380	|	103.09
2014-12-17 02:18:13.498032 	|	 VM_Task_30 	|	 0.0	|	144384.0	|	13380	|	101.01
2014-12-17 02:18:19.952313 	|	 VM_Task_30 	|	 0.0	|	144384.0	|	13380	|	63.40
2014-12-17 02:18:26.690713 	|	 VM_Task_30 	|	 0.0	|	157696.0	|	13380	|	101.01
2014-12-17 02:18:32.711414 	|	 VM_Task_30 	|	 0.0	|	158720.0	|	13380	|	101.01
2014-12-17 02:18:38.737377 	|	 VM_Task_30 	|	 0.0	|	157696.0	|	13380	|	0.00
2014-12-17 02:18:45.446429 	|	 VM_Task_30 	|	 0.0	|	144384.0	|	13380	|	103.09
2014-12-17 02:18:51.472782 	|	 VM_Task_30 	|	 0.0	|	144384.0	|	13380	|	102.04
2014-12-17 02:18:57.506793 	|	 VM_Task_30 	|	 0.0	|	144384.0	|	13380	|	102.04
2014-12-17 02:19:03.536362 	|	 VM_Task_30 	|	 0.0	|	144384.0	|	13380	|	102.04
2014-12-17 02:19:09.808172 	|	 VM_Task_30 	|	 0.0	|	144384.0	|	13380	|	42.12
2014-12-17 02:19:17.242909 	|	 VM_Task_30 	|	 0.0	|	156672.0	|	13380	|	102.04
2014-12-17 02:19:23.264462 	|	 VM_Task_30 	|	 0.0	|	157696.0	|	13380	|	102.04
2014-12-17 02:19:29.293349 	|	 VM_Task_30 	|	 0.0	|	157696.0	|	13380	|	0.00
2014-12-17 02:19:35.983694 	|	 VM_Task_30 	|	 0.0	|	144384.0	|	13380	|	103.09
2014-12-17 02:19:42.011224 	|	 VM_Task_30 	|	 0.0	|	144384.0	|	13380	|	101.01
2014-12-17 02:19:48.044106 	|	 VM_Task_30 	|	 0.0	|	144384.0	|	13380	|	102.04
2014-12-17 02:19:54.072905 	|	 VM_Task_30 	|	 0.0	|	144384.0	|	13380	|	101.01
2014-12-17 02:20:00.528155 	|	 VM_Task_30 	|	 0.0	|	144384.0	|	13380	|	60.81
2014-12-17 02:20:07.680619 	|	 VM_Task_30 	|	 0.0	|	157696.0	|	13380	|	102.04
2014-12-17 02:20:14.064607 	|	 VM_Task_30 	|	 0.0	|	158720.0	|	13380	|	102.04
2014-12-17 02:20:20.587016 	|	 VM_Task_30 	|	 0.0	|	157696.0	|	13380	|	45.96
2014-12-17 02:20:27.275581 	|	 VM_Task_30 	|	 0.0	|	144384.0	|	13380	|	102.14
2014-12-17 02:20:33.302882 	|	 VM_Task_30 	|	 0.0	|	144384.0	|	13380	|	101.01
2014-12-17 02:20:39.335928 	|	 VM_Task_30 	|	 0.0	|	144384.0	|	13380	|	103.09
2014-12-17 02:20:45.363027 	|	 VM_Task_30 	|	 0.0	|	144384.0	|	13380	|	102.04
2014-12-17 02:20:52.487087 	|	 VM_Task_30 	|	 0.0	|	154624.0	|	13380	|	103.09
2014-12-17 02:20:58.515119 	|	 VM_Task_30 	|	 0.0	|	157696.0	|	13380	|	100.00
2014-12-17 02:21:04.534965 	|	 VM_Task_30 	|	 0.0	|	158720.0	|	13380	|	101.01
2014-12-17 02:21:10.985717 	|	 VM_Task_30 	|	 0.0	|	157696.0	|	13380	|	65.25
2014-12-17 02:21:17.814762 	|	 VM_Task_30 	|	 0.0	|	144384.0	|	13380	|	102.04
2014-12-17 02:21:23.842965 	|	 VM_Task_30 	|	 0.0	|	144384.0	|	13380	|	103.09
2014-12-17 02:21:29.877116 	|	 VM_Task_30 	|	 0.0	|	144384.0	|	13380	|	102.04
2014-12-17 02:21:35.906332 	|	 VM_Task_30 	|	 0.0	|	144384.0	|	13380	|	101.01
2014-12-17 02:21:41.935786 	|	 VM_Task_30 	|	 0.0	|	144384.0	|	13380	|	101.01
2014-12-17 02:21:48.391912 	|	 VM_Task_30 	|	 0.0	|	154624.0	|	13380	|	102.04
2014-12-17 02:21:54.412582 	|	 VM_Task_30 	|	 0.0	|	158720.0	|	13380	|	103.09
2014-12-17 02:22:00.994469 	|	 VM_Task_30 	|	 0.0	|	157696.0	|	13380	|	18.80
2014-12-17 02:22:07.660365 	|	 VM_Task_30 	|	 0.0	|	144384.0	|	13380	|	101.94
2014-12-17 02:22:13.685935 	|	 VM_Task_30 	|	 0.0	|	144384.0	|	13380	|	102.04
2014-12-17 02:22:19.720886 	|	 VM_Task_30 	|	 0.0	|	144384.0	|	13380	|	99.01
2014-12-17 02:22:25.751451 	|	 VM_Task_30 	|	 0.0	|	144384.0	|	13380	|	101.01
2014-12-17 02:22:31.777796 	|	 VM_Task_30 	|	 0.0	|	144384.0	|	13380	|	71.53
2014-12-17 02:22:38.294962 	|	 VM_Task_30 	|	 0.0	|	154624.0	|	13380	|	103.09
2014-12-17 02:22:45.864234 	|	 VM_Task_30 	|	 0.0	|	158720.0	|	13380	|	102.04
2014-12-17 02:22:52.796565 	|	 VM_Task_30 	|	 0.0	|	144384.0	|	13380	|	102.99
2014-12-17 02:22:58.823360 	|	 VM_Task_30 	|	 0.0	|	144384.0	|	13380	|	101.01
2014-12-17 02:23:04.849253 	|	 VM_Task_30 	|	 0.0	|	144384.0	|	13380	|	107.53
2014-12-17 02:23:10.881028 	|	 VM_Task_30 	|	 0.0	|	144384.0	|	13380	|	100.00
2014-12-17 02:23:17.686328 	|	 VM_Task_30 	|	 0.0	|	153600.0	|	13380	|	102.04
2014-12-17 02:23:23.713487 	|	 VM_Task_30 	|	 0.0	|	159744.0	|	13380	|	100.00
2014-12-17 02:23:29.735913 	|	 VM_Task_30 	|	 0.0	|	158720.0	|	13380	|	102.04
2014-12-17 02:23:36.315233 	|	 VM_Task_30 	|	 0.0	|	144384.0	|	13380	|	104.17
2014-12-17 02:23:42.348310 	|	 VM_Task_30 	|	 0.0	|	144384.0	|	13380	|	104.17
2014-12-17 02:23:48.376299 	|	 VM_Task_30 	|	 0.0	|	144384.0	|	13380	|	101.01
2014-12-17 02:23:54.726079 	|	 VM_Task_30 	|	 0.0	|	156672.0	|	13380	|	101.01
2014-12-17 02:24:00.756424 	|	 VM_Task_30 	|	 0.0	|	158720.0	|	13380	|	100.00
2014-12-17 02:24:06.787801 	|	 VM_Task_30 	|	 0.0	|	158720.0	|	13380	|	100.00
2014-12-17 02:24:12.813220 	|	 VM_Task_30 	|	 0.0	|	158720.0	|	13380	|	99.01
2014-12-17 02:24:19.442362 	|	 VM_Task_30 	|	 0.0	|	144384.0	|	13380	|	104.17
2014-12-17 02:24:25.469347 	|	 VM_Task_30 	|	 0.0	|	144384.0	|	13380	|	101.01
2014-12-17 02:24:31.495955 	|	 VM_Task_30 	|	 0.0	|	144384.0	|	13380	|	102.04
2014-12-17 02:24:37.523286 	|	 VM_Task_30 	|	 0.0	|	144384.0	|	13380	|	24.90
2014-12-17 02:24:43.811639 	|	 VM_Task_30 	|	 0.0	|	155648.0	|	13380	|	101.11
2014-12-17 02:24:49.838009 	|	 VM_Task_30 	|	 0.0	|	158720.0	|	13380	|	101.01
2014-12-17 02:24:55.865041 	|	 VM_Task_30 	|	 0.0	|	158720.0	|	13380	|	101.01
2014-12-17 02:25:01.892257 	|	 VM_Task_30 	|	 0.0	|	158720.0	|	13380	|	100.00
2014-12-17 02:25:07.912375 	|	 VM_Task_30 	|	 0.0	|	157696.0	|	13380	|	0.00
2014-12-17 02:25:14.535156 	|	 VM_Task_30 	|	 0.0	|	144384.0	|	13380	|	102.04
2014-12-17 02:25:20.561783 	|	 VM_Task_30 	|	 0.0	|	144384.0	|	13380	|	102.04
2014-12-17 02:25:26.589834 	|	 VM_Task_30 	|	 0.0	|	144384.0	|	13380	|	104.17
2014-12-17 02:25:32.613455 	|	 VM_Task_30 	|	 0.0	|	144384.0	|	13380	|	52.04
2014-12-17 02:25:38.816072 	|	 VM_Task_30 	|	 0.0	|	155648.0	|	13380	|	104.17
2014-12-17 02:25:44.848150 	|	 VM_Task_30 	|	 0.0	|	158720.0	|	13380	|	101.01
2014-12-17 02:25:53.471907 	|	 VM_Task_30 	|	 0.0	|	158720.0	|	13380	|	100.00
2014-12-17 02:25:59.500473 	|	 VM_Task_30 	|	 0.0	|	157696.0	|	13380	|	11.19
2014-12-17 02:26:06.135682 	|	 VM_Task_30 	|	 0.0	|	144384.0	|	13380	|	103.09
2014-12-17 02:26:12.170323 	|	 VM_Task_30 	|	 0.0	|	144384.0	|	13380	|	103.09
2014-12-17 02:26:18.197053 	|	 VM_Task_30 	|	 0.0	|	144384.0	|	13380	|	103.09
2014-12-17 02:26:24.219315 	|	 VM_Task_30 	|	 0.0	|	144384.0	|	13380	|	0.00
2014-12-17 02:26:30.663138 	|	 VM_Task_30 	|	 0.0	|	157696.0	|	13380	|	103.09
2014-12-17 02:26:36.691597 	|	 VM_Task_30 	|	 0.0	|	158720.0	|	13380	|	102.04
2014-12-17 02:26:42.720902 	|	 VM_Task_30 	|	 0.0	|	158720.0	|	13380	|	101.01
2014-12-17 02:26:48.749798 	|	 VM_Task_30 	|	 0.0	|	158720.0	|	13380	|	100.00
2014-12-17 02:26:54.767449 	|	 VM_Task_30 	|	 0.0	|	157696.0	|	13380	|	0.00
2014-12-17 02:27:01.455903 	|	 VM_Task_30 	|	 0.0	|	144384.0	|	13380	|	103.20
2014-12-17 02:27:07.483875 	|	 VM_Task_30 	|	 0.0	|	144384.0	|	13380	|	102.04
2014-12-17 02:27:13.518064 	|	 VM_Task_30 	|	 0.0	|	144384.0	|	13380	|	104.17
2014-12-17 02:27:19.540963 	|	 VM_Task_30 	|	 0.0	|	144384.0	|	13380	|	0.00
2014-12-17 02:27:25.901186 	|	 VM_Task_30 	|	 0.0	|	157696.0	|	13380	|	102.04
2014-12-17 02:27:31.928532 	|	 VM_Task_30 	|	 0.0	|	158720.0	|	13380	|	101.01
2014-12-17 02:27:37.957904 	|	 VM_Task_30 	|	 0.0	|	158720.0	|	13380	|	100.00
2014-12-17 02:27:43.986944 	|	 VM_Task_30 	|	 0.0	|	158720.0	|	13380	|	11.00
2014-12-17 02:27:50.317958 	|	 VM_Task_30 	|	 0.0	|	144384.0	|	13380	|	101.01
2014-12-17 02:27:56.345616 	|	 VM_Task_30 	|	 0.0	|	144384.0	|	13380	|	102.04
2014-12-17 02:28:02.374198 	|	 VM_Task_30 	|	 0.0	|	144384.0	|	13380	|	102.04
2014-12-17 02:28:08.400391 	|	 VM_Task_30 	|	 0.0	|	144384.0	|	13380	|	102.04
2014-12-17 02:28:14.560614 	|	 VM_Task_30 	|	 0.0	|	156672.0	|	13380	|	102.04
2014-12-17 02:28:28.756297 	|	 VM_Task_30 	|	 0.0	|	158720.0	|	13380	|	101.01
2014-12-17 02:28:34.790130 	|	 VM_Task_30 	|	 0.0	|	157696.0	|	13380	|	99.01
2014-12-17 02:28:40.812452 	|	 VM_Task_30 	|	 0.0	|	157696.0	|	13380	|	0.00
2014-12-17 02:28:47.481286 	|	 VM_Task_30 	|	 0.0	|	144384.0	|	13380	|	103.09
2014-12-17 02:28:53.508833 	|	 VM_Task_30 	|	 0.0	|	144384.0	|	13380	|	102.04
2014-12-17 02:28:59.536365 	|	 VM_Task_30 	|	 0.0	|	144384.0	|	13380	|	102.04
2014-12-17 02:29:05.561656 	|	 VM_Task_30 	|	 0.0	|	144384.0	|	13380	|	0.00
2014-12-17 02:29:11.824599 	|	 VM_Task_30 	|	 0.0	|	157696.0	|	13380	|	102.04
2014-12-17 02:29:17.852828 	|	 VM_Task_30 	|	 0.0	|	158720.0	|	13380	|	100.00
2014-12-17 02:29:25.539738 	|	 VM_Task_30 	|	 0.0	|	158720.0	|	13380	|	101.01
2014-12-17 02:29:31.562375 	|	 VM_Task_30 	|	 0.0	|	157696.0	|	13380	|	0.00
2014-12-17 02:29:38.197194 	|	 VM_Task_30 	|	 0.0	|	144384.0	|	13380	|	103.09
2014-12-17 02:29:44.228803 	|	 VM_Task_30 	|	 0.0	|	144384.0	|	13380	|	103.09
2014-12-17 02:29:50.255858 	|	 VM_Task_30 	|	 0.0	|	144384.0	|	13380	|	105.26
2014-12-17 02:29:56.658178 	|	 VM_Task_30 	|	 0.0	|	157696.0	|	13380	|	102.04
2014-12-17 02:30:02.682817 	|	 VM_Task_30 	|	 0.0	|	158720.0	|	13380	|	101.01
2014-12-17 02:30:08.712215 	|	 VM_Task_30 	|	 0.0	|	158720.0	|	13380	|	101.01
2014-12-17 02:30:15.314714 	|	 VM_Task_30 	|	 0.0	|	144384.0	|	13380	|	104.17
2014-12-17 02:30:21.349836 	|	 VM_Task_30 	|	 0.0	|	144384.0	|	13380	|	102.04
2014-12-17 02:30:27.378320 	|	 VM_Task_30 	|	 0.0	|	144384.0	|	13380	|	104.17
2014-12-17 02:30:33.660539 	|	 VM_Task_30 	|	 0.0	|	154624.0	|	13380	|	106.38
2014-12-17 02:30:39.686046 	|	 VM_Task_30 	|	 0.0	|	158720.0	|	13380	|	101.01
2014-12-17 02:30:45.714022 	|	 VM_Task_30 	|	 0.0	|	158720.0	|	13380	|	100.00
2014-12-17 02:30:51.743374 	|	 VM_Task_30 	|	 0.0	|	157696.0	|	13380	|	5.45
2014-12-17 02:30:58.372026 	|	 VM_Task_30 	|	 0.0	|	144384.0	|	13380	|	106.38
2014-12-17 02:31:04.405267 	|	 VM_Task_30 	|	 0.0	|	144384.0	|	13380	|	102.04
2014-12-17 02:31:10.430663 	|	 VM_Task_30 	|	 0.0	|	144384.0	|	13380	|	0.00
2014-12-17 02:31:16.782459 	|	 VM_Task_30 	|	 0.0	|	158720.0	|	13380	|	101.01
2014-12-17 02:31:22.815091 	|	 VM_Task_30 	|	 0.0	|	158720.0	|	13380	|	100.00
2014-12-17 02:31:28.842417 	|	 VM_Task_30 	|	 0.0	|	158720.0	|	13380	|	100.00
2014-12-17 02:31:36.272641 	|	 VM_Task_30 	|	 0.0	|	144384.0	|	13380	|	102.04
2014-12-17 02:31:42.299980 	|	 VM_Task_30 	|	 0.0	|	144384.0	|	13380	|	104.17
2014-12-17 02:31:48.326919 	|	 VM_Task_30 	|	 0.0	|	144384.0	|	13380	|	101.01
2014-12-17 02:31:54.510431 	|	 VM_Task_30 	|	 0.0	|	154624.0	|	13380	|	104.17
2014-12-17 02:32:00.536738 	|	 VM_Task_30 	|	 0.0	|	158720.0	|	13380	|	101.01
2014-12-17 02:32:07.497673 	|	 VM_Task_30 	|	 0.0	|	144384.0	|	13380	|	103.20
2014-12-17 02:32:13.527332 	|	 VM_Task_30 	|	 0.0	|	144384.0	|	13380	|	100.00
2014-12-17 02:32:19.556460 	|	 VM_Task_30 	|	 0.0	|	144384.0	|	13380	|	101.01
2014-12-17 02:32:25.580648 	|	 VM_Task_30 	|	 0.0	|	144384.0	|	13380	|	103.09
2014-12-17 02:32:31.605950 	|	 VM_Task_30 	|	 0.0	|	144384.0	|	13380	|	0.00
2014-12-17 02:32:39.972276 	|	 VM_Task_30 	|	 0.0	|	159744.0	|	13380	|	101.01
2014-12-17 02:32:45.999587 	|	 VM_Task_30 	|	 0.0	|	157696.0	|	13380	|	0.00
2014-12-17 02:32:52.626297 	|	 VM_Task_30 	|	 0.0	|	144384.0	|	13380	|	104.17
2014-12-17 02:32:58.659911 	|	 VM_Task_30 	|	 0.0	|	144384.0	|	13380	|	101.01
2014-12-17 02:33:04.686475 	|	 VM_Task_30 	|	 0.0	|	144384.0	|	13380	|	100.00
2014-12-17 02:33:10.712699 	|	 VM_Task_30 	|	 0.0	|	144384.0	|	13380	|	101.01
2014-12-17 02:33:16.733064 	|	 VM_Task_30 	|	 0.0	|	144384.0	|	13380	|	85.26
2014-12-17 02:33:27.788380 	|	 VM_Task_30 	|	 0.0	|	157696.0	|	13380	|	87.58
2014-12-17 02:33:34.448250 	|	 VM_Task_30 	|	 0.0	|	144384.0	|	13380	|	101.01
2014-12-17 02:33:40.480199 	|	 VM_Task_30 	|	 0.0	|	144384.0	|	13380	|	103.09
2014-12-17 02:33:46.514650 	|	 VM_Task_30 	|	 0.0	|	144384.0	|	13380	|	100.00
2014-12-17 02:33:52.541150 	|	 VM_Task_30 	|	 0.0	|	144384.0	|	13380	|	0.00
2014-12-17 02:33:58.954075 	|	 VM_Task_30 	|	 0.0	|	156672.0	|	13380	|	102.04
2014-12-17 02:34:04.987039 	|	 VM_Task_30 	|	 0.0	|	158720.0	|	13380	|	99.01
2014-12-17 02:34:11.013263 	|	 VM_Task_30 	|	 0.0	|	157696.0	|	13380	|	0.00
2014-12-17 02:34:17.617646 	|	 VM_Task_30 	|	 0.0	|	144384.0	|	13380	|	104.17
2014-12-17 02:34:23.644889 	|	 VM_Task_30 	|	 0.0	|	144384.0	|	13380	|	103.09
2014-12-17 02:34:29.673302 	|	 VM_Task_30 	|	 0.0	|	144384.0	|	13380	|	103.09
2014-12-17 02:34:36.088213 	|	 VM_Task_30 	|	 0.0	|	155648.0	|	13380	|	102.04
2014-12-17 02:34:42.119989 	|	 VM_Task_30 	|	 0.0	|	159744.0	|	13380	|	101.01
2014-12-17 02:34:48.145505 	|	 VM_Task_30 	|	 0.0	|	158720.0	|	13380	|	100.00
2014-12-17 02:34:54.167813 	|	 VM_Task_30 	|	 0.0	|	158720.0	|	13380	|	100.00
2014-12-17 02:35:00.973182 	|	 VM_Task_30 	|	 0.0	|	144384.0	|	13380	|	103.09
2014-12-17 02:35:07.007193 	|	 VM_Task_30 	|	 0.0	|	144384.0	|	13380	|	103.09
2014-12-17 02:35:13.033478 	|	 VM_Task_30 	|	 0.0	|	144384.0	|	13380	|	103.09
2014-12-17 02:35:19.064896 	|	 VM_Task_30 	|	 0.0	|	144384.0	|	13380	|	103.09
2014-12-17 02:35:29.114442 	|	 VM_Task_30 	|	 0.0	|	154624.0	|	13380	|	103.09
2014-12-17 02:35:35.142310 	|	 VM_Task_30 	|	 0.0	|	158720.0	|	13380	|	101.01
2014-12-17 02:35:41.171062 	|	 VM_Task_30 	|	 0.0	|	157696.0	|	13380	|	0.00
2014-12-17 02:35:47.830891 	|	 VM_Task_30 	|	 0.0	|	144384.0	|	13380	|	104.17
2014-12-17 02:35:53.858886 	|	 VM_Task_30 	|	 0.0	|	144384.0	|	13380	|	103.09
2014-12-17 02:35:59.886468 	|	 VM_Task_30 	|	 0.0	|	144384.0	|	13380	|	103.09
2014-12-17 02:36:05.916316 	|	 VM_Task_30 	|	 0.0	|	144384.0	|	13380	|	0.00
2014-12-17 02:36:12.735306 	|	 VM_Task_30 	|	 0.0	|	156672.0	|	13380	|	101.01
2014-12-17 02:36:18.761071 	|	 VM_Task_30 	|	 0.0	|	158720.0	|	13380	|	102.04
2014-12-17 02:36:24.790641 	|	 VM_Task_30 	|	 0.0	|	158720.0	|	13380	|	101.01
2014-12-17 02:36:31.369205 	|	 VM_Task_30 	|	 0.0	|	144384.0	|	13380	|	104.17
2014-12-17 02:36:37.396466 	|	 VM_Task_30 	|	 0.0	|	144384.0	|	13380	|	103.09
2014-12-17 02:36:43.425361 	|	 VM_Task_30 	|	 0.0	|	144384.0	|	13380	|	103.09
2014-12-17 02:36:49.457297 	|	 VM_Task_30 	|	 0.0	|	144384.0	|	13380	|	103.09
2014-12-17 02:36:55.664180 	|	 VM_Task_30 	|	 0.0	|	154624.0	|	13380	|	103.09
2014-12-17 02:37:01.689221 	|	 VM_Task_30 	|	 0.0	|	158720.0	|	13380	|	101.01
2014-12-17 02:37:07.722025 	|	 VM_Task_30 	|	 0.0	|	158720.0	|	13380	|	101.01
2014-12-17 02:37:13.745093 	|	 VM_Task_30 	|	 0.0	|	157696.0	|	13380	|	0.00
2014-12-17 02:37:20.452829 	|	 VM_Task_30 	|	 0.0	|	144384.0	|	13380	|	102.04
2014-12-17 02:37:26.478483 	|	 VM_Task_30 	|	 0.0	|	144384.0	|	13380	|	105.26
2014-12-17 02:37:32.509737 	|	 VM_Task_30 	|	 0.0	|	144384.0	|	13380	|	102.04
2014-12-17 02:37:38.529345 	|	 VM_Task_30 	|	 0.0	|	144384.0	|	13380	|	0.00
2014-12-17 02:37:44.720820 	|	 VM_Task_30 	|	 0.0	|	157696.0	|	13380	|	102.04
2014-12-17 02:37:50.740756 	|	 VM_Task_30 	|	 0.0	|	158720.0	|	13380	|	101.01
2014-12-17 02:37:57.547295 	|	 VM_Task_30 	|	 0.0	|	144384.0	|	13380	|	102.04
2014-12-17 02:38:03.574072 	|	 VM_Task_30 	|	 0.0	|	144384.0	|	13380	|	102.04
2014-12-17 02:38:09.599264 	|	 VM_Task_30 	|	 0.0	|	144384.0	|	13380	|	104.17
2014-12-17 02:38:15.636080 	|	 VM_Task_30 	|	 0.0	|	144384.0	|	13380	|	102.14
2014-12-17 02:38:22.083960 	|	 VM_Task_30 	|	 0.0	|	154624.0	|	13380	|	102.04
2014-12-17 02:38:31.515618 	|	 VM_Task_30 	|	 0.0	|	157696.0	|	13380	|	100.00
2014-12-17 02:38:37.550828 	|	 VM_Task_30 	|	 0.0	|	158720.0	|	13380	|	101.01
2014-12-17 02:38:44.244677 	|	 VM_Task_30 	|	 0.0	|	144384.0	|	13380	|	100.91
2014-12-17 02:38:50.271135 	|	 VM_Task_30 	|	 0.0	|	144384.0	|	13380	|	104.17
2014-12-17 02:38:56.298949 	|	 VM_Task_30 	|	 0.0	|	144384.0	|	13380	|	101.01
2014-12-17 02:39:02.330616 	|	 VM_Task_30 	|	 0.0	|	145408.0	|	13380	|	28.37
2014-12-17 02:39:08.790574 	|	 VM_Task_30 	|	 0.0	|	156672.0	|	13380	|	102.04
2014-12-17 02:39:14.819393 	|	 VM_Task_30 	|	 0.0	|	159744.0	|	13380	|	102.04
2014-12-17 02:39:20.844745 	|	 VM_Task_30 	|	 0.0	|	158720.0	|	13380	|	102.04
2014-12-17 02:39:27.566194 	|	 VM_Task_30 	|	 0.0	|	145408.0	|	13380	|	104.17
2014-12-17 02:39:33.594608 	|	 VM_Task_30 	|	 0.0	|	144384.0	|	13380	|	102.04
2014-12-17 02:39:39.621840 	|	 VM_Task_30 	|	 0.0	|	145408.0	|	13380	|	101.01
2014-12-17 02:39:45.653999 	|	 VM_Task_30 	|	 0.0	|	144384.0	|	13380	|	102.04
2014-12-17 02:39:52.413723 	|	 VM_Task_30 	|	 0.0	|	154624.0	|	13380	|	102.04
2014-12-17 02:40:04.137475 	|	 VM_Task_30 	|	 0.0	|	157696.0	|	13380	|	101.01
2014-12-17 02:40:10.167832 	|	 VM_Task_30 	|	 0.0	|	158720.0	|	13380	|	100.71
2014-12-17 02:40:17.209972 	|	 VM_Task_30 	|	 0.0	|	145408.0	|	13380	|	101.01
2014-12-17 02:40:23.235599 	|	 VM_Task_30 	|	 0.0	|	145408.0	|	13380	|	102.04
2014-12-17 02:40:29.261003 	|	 VM_Task_30 	|	 0.0	|	145408.0	|	13380	|	103.09
2014-12-17 02:40:35.290148 	|	 VM_Task_30 	|	 0.0	|	144384.0	|	13380	|	103.09
2014-12-17 02:40:41.655125 	|	 VM_Task_30 	|	 0.0	|	154624.0	|	13380	|	101.01
2014-12-17 02:40:47.673983 	|	 VM_Task_30 	|	 0.0	|	158720.0	|	13380	|	102.04
2014-12-17 02:40:53.705830 	|	 VM_Task_30 	|	 0.0	|	158720.0	|	13380	|	100.00
2014-12-17 02:40:59.730089 	|	 VM_Task_30 	|	 0.0	|	157696.0	|	13380	|	0.00
2014-12-17 02:41:06.441604 	|	 VM_Task_30 	|	 0.0	|	144384.0	|	13380	|	101.01
2014-12-17 02:41:12.469352 	|	 VM_Task_30 	|	 0.0	|	145408.0	|	13380	|	103.09
2014-12-17 02:41:18.498897 	|	 VM_Task_30 	|	 0.0	|	145408.0	|	13380	|	102.04
2014-12-17 02:41:24.520297 	|	 VM_Task_30 	|	 0.0	|	144384.0	|	13380	|	0.00
2014-12-17 02:41:30.697579 	|	 VM_Task_30 	|	 0.0	|	158720.0	|	13380	|	102.14
2014-12-17 02:41:36.724724 	|	 VM_Task_30 	|	 0.0	|	158720.0	|	13380	|	100.00
2014-12-17 02:41:42.748207 	|	 VM_Task_30 	|	 0.0	|	157696.0	|	13380	|	0.00
2014-12-17 02:41:49.439150 	|	 VM_Task_30 	|	 0.0	|	144384.0	|	13380	|	102.99
2014-12-17 02:41:55.465402 	|	 VM_Task_30 	|	 0.0	|	144384.0	|	13380	|	102.04
2014-12-17 02:42:01.492445 	|	 VM_Task_30 	|	 0.0	|	144384.0	|	13380	|	100.00
2014-12-17 02:42:07.523896 	|	 VM_Task_30 	|	 0.0	|	144384.0	|	13380	|	102.04
2014-12-17 02:42:13.552858 	|	 VM_Task_30 	|	 0.0	|	144384.0	|	13380	|	102.04
2014-12-17 02:42:19.581653 	|	 VM_Task_30 	|	 0.0	|	144384.0	|	13380	|	0.00
2014-12-17 02:42:25.723475 	|	 VM_Task_30 	|	 0.0	|	156672.0	|	13380	|	103.09
2014-12-17 02:42:31.749967 	|	 VM_Task_30 	|	 0.0	|	158720.0	|	13380	|	102.14
2014-12-17 02:42:39.057795 	|	 VM_Task_30 	|	 0.0	|	144384.0	|	13380	|	100.91
2014-12-17 02:42:45.086638 	|	 VM_Task_30 	|	 0.0	|	144384.0	|	13380	|	101.01
2014-12-17 02:42:51.110789 	|	 VM_Task_30 	|	 0.0	|	144384.0	|	13380	|	102.04
2014-12-17 02:42:57.143305 	|	 VM_Task_30 	|	 0.0	|	144384.0	|	13380	|	100.00
2014-12-17 02:43:03.175510 	|	 VM_Task_30 	|	 0.0	|	144384.0	|	13380	|	100.00
2014-12-17 02:43:09.203496 	|	 VM_Task_30 	|	 0.0	|	144384.0	|	13380	|	100.00
2014-12-17 02:43:15.231235 	|	 VM_Task_30 	|	 0.0	|	144384.0	|	13380	|	0.00
2014-12-17 02:43:25.430646 	|	 VM_Task_30 	|	 0.0	|	158720.0	|	13380	|	101.01
2014-12-17 02:43:31.454917 	|	 VM_Task_30 	|	 0.0	|	157696.0	|	13380	|	93.16
2014-12-17 02:43:38.421392 	|	 VM_Task_30 	|	 0.0	|	145408.0	|	13380	|	101.94
2014-12-17 02:43:44.451475 	|	 VM_Task_30 	|	 0.0	|	145408.0	|	13380	|	102.04
2014-12-17 02:43:50.479308 	|	 VM_Task_30 	|	 0.0	|	145408.0	|	13380	|	102.04
2014-12-17 02:43:56.512693 	|	 VM_Task_30 	|	 0.0	|	145408.0	|	13380	|	101.01
2014-12-17 02:44:02.542008 	|	 VM_Task_30 	|	 0.0	|	144384.0	|	13380	|	79.49
2014-12-17 02:44:08.819105 	|	 VM_Task_30 	|	 0.0	|	155648.0	|	13380	|	101.01
2014-12-17 02:44:14.846889 	|	 VM_Task_30 	|	 0.0	|	158720.0	|	13380	|	101.11
2014-12-17 02:44:21.286783 	|	 VM_Task_30 	|	 0.0	|	157696.0	|	13380	|	16.73
2014-12-17 02:44:28.057246 	|	 VM_Task_30 	|	 0.0	|	144384.0	|	13380	|	101.11
2014-12-17 02:44:34.082125 	|	 VM_Task_30 	|	 0.0	|	144384.0	|	13380	|	101.01
2014-12-17 02:44:40.115208 	|	 VM_Task_30 	|	 0.0	|	144384.0	|	13380	|	101.11
2014-12-17 02:44:46.137236 	|	 VM_Task_30 	|	 0.0	|	144384.0	|	13380	|	104.17
2014-12-17 02:44:53.221879 	|	 VM_Task_30 	|	 0.0	|	154624.0	|	13380	|	102.04
2014-12-17 02:44:59.246841 	|	 VM_Task_30 	|	 0.0	|	158720.0	|	13380	|	102.14
2014-12-17 02:45:05.275432 	|	 VM_Task_30 	|	 0.0	|	158720.0	|	13380	|	84.18
2014-12-17 02:45:11.815097 	|	 VM_Task_30 	|	 0.0	|	144384.0	|	13380	|	105.26
2014-12-17 02:45:17.846916 	|	 VM_Task_30 	|	 0.0	|	144384.0	|	13380	|	101.01
2014-12-17 02:45:23.875203 	|	 VM_Task_30 	|	 0.0	|	144384.0	|	13380	|	101.01
2014-12-17 02:45:29.899802 	|	 VM_Task_30 	|	 0.0	|	144384.0	|	13380	|	104.17
2014-12-17 02:45:35.924340 	|	 VM_Task_30 	|	 0.0	|	144384.0	|	13380	|	0.00
2014-12-17 02:45:42.180544 	|	 VM_Task_30 	|	 0.0	|	157696.0	|	13380	|	102.04
2014-12-17 02:45:48.206557 	|	 VM_Task_30 	|	 0.0	|	158720.0	|	13380	|	101.01
2014-12-17 02:45:54.234153 	|	 VM_Task_30 	|	 0.0	|	158720.0	|	13380	|	101.01
2014-12-17 02:46:00.883179 	|	 VM_Task_30 	|	 0.0	|	144384.0	|	13380	|	106.38
2014-12-17 02:46:06.914145 	|	 VM_Task_30 	|	 0.0	|	145408.0	|	13380	|	102.04
2014-12-17 02:46:13.351107 	|	 VM_Task_30 	|	 0.0	|	154624.0	|	13380	|	104.27
2014-12-17 02:46:19.377136 	|	 VM_Task_30 	|	 0.0	|	158720.0	|	13380	|	102.04
2014-12-17 02:46:25.938321 	|	 VM_Task_30 	|	 0.0	|	144384.0	|	13380	|	103.20
2014-12-17 02:46:31.964649 	|	 VM_Task_30 	|	 0.0	|	144384.0	|	13380	|	102.04
2014-12-17 02:46:38.116723 	|	 VM_Task_30 	|	 0.0	|	154624.0	|	13380	|	104.17
2014-12-17 02:46:44.145545 	|	 VM_Task_30 	|	 0.0	|	158720.0	|	13380	|	102.04
2014-12-17 02:46:50.174713 	|	 VM_Task_30 	|	 0.0	|	157696.0	|	13380	|	0.00
2014-12-17 02:46:56.736870 	|	 VM_Task_30 	|	 0.0	|	144384.0	|	13380	|	105.26
2014-12-17 02:47:02.765795 	|	 VM_Task_30 	|	 0.0	|	144384.0	|	13380	|	104.17
2014-12-17 02:47:08.788917 	|	 VM_Task_30 	|	 0.0	|	144384.0	|	13380	|	0.00
2014-12-17 02:47:15.011292 	|	 VM_Task_30 	|	 0.0	|	156672.0	|	13380	|	104.17
2014-12-17 02:47:21.035715 	|	 VM_Task_30 	|	 0.0	|	158720.0	|	13380	|	102.04
2014-12-17 02:47:27.630918 	|	 VM_Task_30 	|	 0.0	|	144384.0	|	13380	|	104.17
2014-12-17 02:47:33.658077 	|	 VM_Task_30 	|	 0.0	|	144384.0	|	13380	|	104.17
2014-12-17 02:47:39.692878 	|	 VM_Task_30 	|	 0.0	|	144384.0	|	13380	|	0.00
2014-12-17 02:47:45.858414 	|	 VM_Task_30 	|	 0.0	|	156672.0	|	13380	|	103.09
2014-12-17 02:47:51.883037 	|	 VM_Task_30 	|	 0.0	|	158720.0	|	13380	|	100.10
2014-12-17 02:47:59.028676 	|	 VM_Task_30 	|	 0.0	|	144384.0	|	13380	|	103.09
2014-12-17 02:48:05.054844 	|	 VM_Task_30 	|	 0.0	|	144384.0	|	13380	|	103.09
2014-12-17 02:48:11.088258 	|	 VM_Task_30 	|	 0.0	|	144384.0	|	13380	|	104.17
2014-12-17 02:48:17.321760 	|	 VM_Task_30 	|	 0.0	|	143360.0	|	13380	|	17.17
2014-12-17 02:48:29.234158 	|	 VM_Task_30 	|	 0.0	|	158720.0	|	13380	|	54.00
2014-12-17 02:48:35.940843 	|	 VM_Task_30 	|	 0.0	|	144384.0	|	13380	|	102.04
2014-12-17 02:48:41.966490 	|	 VM_Task_30 	|	 0.0	|	144384.0	|	13380	|	105.26
2014-12-17 02:48:47.993214 	|	 VM_Task_30 	|	 0.0	|	143360.0	|	13380	|	103.09
2014-12-17 02:48:54.149452 	|	 VM_Task_30 	|	 0.0	|	153600.0	|	13380	|	103.09
2014-12-17 02:49:00.180607 	|	 VM_Task_30 	|	 0.0	|	157696.0	|	13380	|	101.11
2014-12-17 02:49:06.206292 	|	 VM_Task_30 	|	 0.0	|	157696.0	|	13380	|	101.01
2014-12-17 02:49:12.843233 	|	 VM_Task_30 	|	 0.0	|	143360.0	|	13380	|	101.01
2014-12-17 02:49:18.871856 	|	 VM_Task_30 	|	 0.0	|	143360.0	|	13380	|	103.09
2014-12-17 02:49:24.897495 	|	 VM_Task_30 	|	 0.0	|	143360.0	|	13380	|	104.17
2014-12-17 02:49:31.147340 	|	 VM_Task_30 	|	 0.0	|	156672.0	|	13380	|	102.04
2014-12-17 02:49:37.173220 	|	 VM_Task_30 	|	 0.0	|	157696.0	|	13380	|	101.11
2014-12-17 02:49:43.488081 	|	 VM_Task_30 	|	 0.0	|	156672.0	|	13380	|	92.14
2014-12-17 02:49:49.935036 	|	 VM_Task_30 	|	 0.0	|	144384.0	|	13380	|	103.09
2014-12-17 02:49:55.961785 	|	 VM_Task_30 	|	 0.0	|	144384.0	|	13380	|	101.01
2014-12-17 02:50:01.986195 	|	 VM_Task_30 	|	 0.0	|	144384.0	|	13380	|	0.00
2014-12-17 02:50:12.373750 	|	 VM_Task_30 	|	 0.0	|	158720.0	|	13380	|	101.01
2014-12-17 02:50:18.648682 	|	 VM_Task_30 	|	 0.0	|	157696.0	|	13380	|	98.23
2014-12-17 02:50:25.458277 	|	 VM_Task_30 	|	 0.0	|	144384.0	|	13380	|	105.37
2014-12-17 02:50:31.484332 	|	 VM_Task_30 	|	 0.0	|	144384.0	|	13380	|	103.09
2014-12-17 02:50:37.509305 	|	 VM_Task_30 	|	 0.0	|	144384.0	|	13380	|	0.00
2014-12-17 02:50:47.195708 	|	 VM_Task_30 	|	 0.0	|	158720.0	|	13380	|	44.44
2014-12-17 02:50:54.187624 	|	 VM_Task_30 	|	 0.0	|	144384.0	|	13380	|	102.14
2014-12-17 02:51:00.214901 	|	 VM_Task_30 	|	 0.0	|	144384.0	|	13380	|	102.04
2014-12-17 02:51:06.240013 	|	 VM_Task_30 	|	 0.0	|	144384.0	|	13380	|	103.09
2014-12-17 02:51:12.268121 	|	 VM_Task_30 	|	 0.0	|	144384.0	|	13380	|	103.09
2014-12-17 02:52:05.756801 	|	 VM_Task_30 	|	 0.0	|	158720.0	|	13380	|	92.55
2014-12-17 02:52:12.484325 	|	 VM_Task_30 	|	 0.0	|	144384.0	|	13380	|	102.04
2014-12-17 02:52:18.509378 	|	 VM_Task_30 	|	 0.0	|	144384.0	|	13380	|	104.17
2014-12-17 02:52:24.929087 	|	 VM_Task_30 	|	 0.0	|	153600.0	|	13380	|	104.17
2014-12-17 02:52:30.979530 	|	 VM_Task_30 	|	 0.0	|	158720.0	|	13380	|	101.11
2014-12-17 02:52:37.498413 	|	 VM_Task_30 	|	 0.0	|	144384.0	|	13380	|	101.01
2014-12-17 02:52:43.525220 	|	 VM_Task_30 	|	 0.0	|	144384.0	|	13380	|	104.17
2014-12-17 02:52:49.889814 	|	 VM_Task_30 	|	 0.0	|	153600.0	|	13380	|	103.09
2014-12-17 02:52:55.912892 	|	 VM_Task_30 	|	 0.0	|	158720.0	|	13380	|	101.01
2014-12-17 02:53:01.940761 	|	 VM_Task_30 	|	 0.0	|	157696.0	|	13380	|	0.00
2014-12-17 02:53:08.429209 	|	 VM_Task_30 	|	 0.0	|	144384.0	|	13380	|	109.89
2014-12-17 02:53:14.455058 	|	 VM_Task_30 	|	 0.0	|	144384.0	|	13380	|	21.22
2014-12-17 02:53:20.652087 	|	 VM_Task_30 	|	 0.0	|	154624.0	|	13380	|	104.17
2014-12-17 02:53:26.674680 	|	 VM_Task_30 	|	 0.0	|	158720.0	|	13380	|	99.01
2014-12-17 02:53:32.698639 	|	 VM_Task_30 	|	 0.0	|	157696.0	|	13380	|	0.00
2014-12-17 02:53:39.361937 	|	 VM_Task_30 	|	 0.0	|	144384.0	|	13380	|	102.99
2014-12-17 02:53:45.391210 	|	 VM_Task_30 	|	 0.0	|	144384.0	|	13380	|	102.04
2014-12-17 02:53:51.418443 	|	 VM_Task_30 	|	 0.0	|	144384.0	|	13380	|	31.52
2014-12-17 02:53:57.573106 	|	 VM_Task_30 	|	 0.0	|	156672.0	|	13380	|	105.26
2014-12-17 02:54:09.184639 	|	 VM_Task_30 	|	 0.0	|	158720.0	|	13380	|	101.01
2014-12-17 02:54:15.219078 	|	 VM_Task_30 	|	 0.0	|	157696.0	|	13380	|	99.01
2014-12-17 02:54:21.250882 	|	 VM_Task_30 	|	 0.0	|	158720.0	|	13380	|	100.00
2014-12-17 02:54:27.279012 	|	 VM_Task_30 	|	 0.0	|	157696.0	|	13380	|	0.00
2014-12-17 02:54:33.927955 	|	 VM_Task_30 	|	 0.0	|	144384.0	|	13380	|	102.99
2014-12-17 02:54:39.957446 	|	 VM_Task_30 	|	 0.0	|	144384.0	|	13380	|	100.00
2014-12-17 02:54:45.984107 	|	 VM_Task_30 	|	 0.0	|	144384.0	|	13380	|	100.00
2014-12-17 02:54:52.016416 	|	 VM_Task_30 	|	 0.0	|	144384.0	|	13380	|	99.01
2014-12-17 02:54:58.045013 	|	 VM_Task_30 	|	 0.0	|	144384.0	|	13380	|	100.00
2014-12-17 02:55:05.110653 	|	 VM_Task_30 	|	 0.0	|	144384.0	|	13380	|	101.01
2014-12-17 02:55:11.142812 	|	 VM_Task_30 	|	 0.0	|	144384.0	|	13380	|	34.44
2014-12-17 02:55:17.299556 	|	 VM_Task_30 	|	 0.0	|	155648.0	|	13380	|	105.26
2014-12-17 02:55:23.324354 	|	 VM_Task_30 	|	 0.0	|	158720.0	|	13380	|	48.70
2014-12-17 02:55:40.607098 	|	 VM_Task_30 	|	 0.0	|	144384.0	|	13380	|	99.01
2014-12-17 02:55:46.632628 	|	 VM_Task_30 	|	 0.0	|	144384.0	|	13380	|	101.01
2014-12-17 02:55:52.654582 	|	 VM_Task_30 	|	 0.0	|	144384.0	|	13380	|	104.17
2014-12-17 02:55:58.680384 	|	 VM_Task_30 	|	 0.0	|	144384.0	|	13380	|	101.01
2014-12-17 02:56:04.800784 	|	 VM_Task_30 	|	 0.0	|	144384.0	|	13380	|	3.67
2014-12-17 02:56:15.009389 	|	 VM_Task_30 	|	 0.0	|	158720.0	|	13380	|	101.01
2014-12-17 02:56:21.876360 	|	 VM_Task_30 	|	 0.0	|	144384.0	|	13380	|	110.89
2014-12-17 02:56:27.903551 	|	 VM_Task_30 	|	 0.0	|	144384.0	|	13380	|	105.26
2014-12-17 02:56:34.055751 	|	 VM_Task_30 	|	 0.0	|	156672.0	|	13380	|	102.04
2014-12-17 02:56:40.084361 	|	 VM_Task_30 	|	 0.0	|	158720.0	|	13380	|	101.01
2014-12-17 02:56:46.659396 	|	 VM_Task_30 	|	 0.0	|	144384.0	|	13380	|	104.17
2014-12-17 02:56:52.696195 	|	 VM_Task_30 	|	 0.0	|	144384.0	|	13380	|	105.26
2014-12-17 02:56:58.718295 	|	 VM_Task_30 	|	 0.0	|	144384.0	|	13380	|	0.00
2014-12-17 02:57:07.089706 	|	 VM_Task_30 	|	 0.0	|	158720.0	|	13380	|	101.01
2014-12-17 02:57:13.660208 	|	 VM_Task_30 	|	 0.0	|	144384.0	|	13380	|	108.70
2014-12-17 02:57:19.685850 	|	 VM_Task_30 	|	 0.0	|	144384.0	|	13380	|	106.38
2014-12-17 02:57:25.710264 	|	 VM_Task_30 	|	 0.0	|	144384.0	|	13380	|	66.25
2014-12-17 02:57:35.580802 	|	 VM_Task_30 	|	 0.0	|	158720.0	|	13380	|	100.00
2014-12-17 02:57:42.167472 	|	 VM_Task_30 	|	 0.0	|	144384.0	|	13380	|	106.38
2014-12-17 02:57:48.193520 	|	 VM_Task_30 	|	 0.0	|	144384.0	|	13380	|	106.38
2014-12-17 02:57:54.216060 	|	 VM_Task_30 	|	 0.0	|	144384.0	|	13380	|	0.00
2014-12-17 02:58:23.391766 	|	 VM_Task_30 	|	 0.0	|	158720.0	|	13380	|	101.01
2014-12-17 02:58:29.413161 	|	 VM_Task_30 	|	 0.0	|	157696.0	|	13380	|	0.00
2014-12-17 02:58:35.960352 	|	 VM_Task_30 	|	 0.0	|	144384.0	|	13380	|	105.26
2014-12-17 02:58:42.140442 	|	 VM_Task_30 	|	 0.0	|	154624.0	|	13380	|	103.09
2014-12-17 02:58:48.171139 	|	 VM_Task_30 	|	 0.0	|	158720.0	|	13380	|	102.04
2014-12-17 02:58:54.708287 	|	 VM_Task_30 	|	 0.0	|	144384.0	|	13380	|	103.09
2014-12-17 02:59:00.732389 	|	 VM_Task_30 	|	 0.0	|	144384.0	|	13380	|	94.58
2014-12-17 02:59:07.003801 	|	 VM_Task_30 	|	 0.0	|	154624.0	|	13380	|	106.38
2014-12-17 02:59:13.036286 	|	 VM_Task_30 	|	 0.0	|	158720.0	|	13380	|	102.04
2014-12-17 02:59:19.053335 	|	 VM_Task_30 	|	 0.0	|	157696.0	|	13380	|	0.00
2014-12-17 02:59:25.598518 	|	 VM_Task_30 	|	 0.0	|	144384.0	|	13380	|	106.38
2014-12-17 02:59:31.626056 	|	 VM_Task_30 	|	 0.0	|	144384.0	|	13380	|	26.22
2014-12-17 02:59:37.705626 	|	 VM_Task_30 	|	 0.0	|	155648.0	|	13380	|	105.26
2014-12-17 02:59:43.732949 	|	 VM_Task_30 	|	 0.0	|	158720.0	|	13380	|	101.01
2014-12-17 02:59:50.295879 	|	 VM_Task_30 	|	 0.0	|	144384.0	|	13380	|	108.70
2014-12-17 02:59:56.320039 	|	 VM_Task_30 	|	 0.0	|	144384.0	|	13380	|	67.96
2014-12-17 03:00:04.949967 	|	 VM_Task_30 	|	 0.0	|	158720.0	|	13380	|	101.01
2014-12-17 03:00:11.368580 	|	 VM_Task_30 	|	 0.0	|	157696.0	|	13380	|	32.30
2014-12-17 03:00:17.860254 	|	 VM_Task_30 	|	 0.0	|	145408.0	|	13380	|	105.26
2014-12-17 03:00:23.957030 	|	 VM_Task_30 	|	 0.0	|	158720.0	|	13380	|	103.09
2014-12-17 03:00:29.978018 	|	 VM_Task_30 	|	 0.0	|	157696.0	|	13380	|	0.00
2014-12-17 03:00:36.518300 	|	 VM_Task_30 	|	 0.0	|	144384.0	|	13380	|	107.53
2014-12-17 03:00:42.616423 	|	 VM_Task_30 	|	 0.0	|	154624.0	|	13380	|	107.53
2014-12-17 03:00:48.637761 	|	 VM_Task_30 	|	 0.0	|	157696.0	|	13380	|	0.00
2014-12-17 03:00:55.197895 	|	 VM_Task_30 	|	 0.0	|	144384.0	|	13380	|	107.53
2014-12-17 03:01:01.271001 	|	 VM_Task_30 	|	 0.0	|	144384.0	|	13380	|	26.33
2014-12-17 03:01:10.570289 	|	 VM_Task_30 	|	 0.0	|	158720.0	|	13380	|	29.49
2014-12-17 03:01:17.150660 	|	 VM_Task_30 	|	 0.0	|	145408.0	|	13380	|	105.16
2014-12-17 03:01:23.252589 	|	 VM_Task_30 	|	 0.0	|	155648.0	|	13380	|	105.37
2014-12-17 03:01:29.274281 	|	 VM_Task_30 	|	 0.0	|	157696.0	|	13380	|	0.00
2014-12-17 03:01:35.803012 	|	 VM_Task_30 	|	 0.0	|	145408.0	|	13380	|	108.70
2014-12-17 03:01:41.823404 	|	 VM_Task_30 	|	 0.0	|	144384.0	|	13380	|	70.52
2014-12-17 03:01:50.307068 	|	 VM_Task_30 	|	 0.0	|	158720.0	|	13380	|	99.18
2014-12-17 03:01:56.927343 	|	 VM_Task_30 	|	 0.0	|	145408.0	|	13380	|	102.04
2014-12-17 03:02:02.952396 	|	 VM_Task_30 	|	 0.0	|	144384.0	|	13380	|	104.17
2014-12-17 03:02:09.189339 	|	 VM_Task_30 	|	 0.0	|	156672.0	|	13380	|	104.17
2014-12-17 03:02:15.213559 	|	 VM_Task_30 	|	 0.0	|	158720.0	|	13380	|	100.00
2014-12-17 03:02:21.237841 	|	 VM_Task_30 	|	 0.0	|	158720.0	|	13380	|	100.00
2014-12-17 03:02:28.191475 	|	 VM_Task_30 	|	 0.0	|	145408.0	|	13380	|	105.26
2014-12-17 03:02:34.215329 	|	 VM_Task_30 	|	 0.0	|	145408.0	|	13380	|	107.53
2014-12-17 03:02:40.389916 	|	 VM_Task_30 	|	 0.0	|	157696.0	|	13380	|	103.09
2014-12-17 03:02:46.414963 	|	 VM_Task_30 	|	 0.0	|	159744.0	|	13380	|	102.04
2014-12-17 03:02:52.436690 	|	 VM_Task_30 	|	 0.0	|	158720.0	|	13380	|	51.00
2014-12-17 03:02:59.084573 	|	 VM_Task_30 	|	 0.0	|	145408.0	|	13380	|	105.26
2014-12-17 03:03:05.111492 	|	 VM_Task_30 	|	 0.0	|	144384.0	|	13380	|	104.17
2014-12-17 03:03:11.134277 	|	 VM_Task_30 	|	 0.0	|	144384.0	|	13380	|	0.00
2014-12-17 03:03:24.189759 	|	 VM_Task_30 	|	 0.0	|	158720.0	|	13380	|	102.04
2014-12-17 03:03:30.817464 	|	 VM_Task_30 	|	 0.0	|	145408.0	|	13380	|	106.38
2014-12-17 03:03:36.900234 	|	 VM_Task_30 	|	 0.0	|	144384.0	|	13380	|	9.29
2014-12-17 03:03:45.338292 	|	 VM_Task_30 	|	 0.0	|	158720.0	|	13380	|	77.27
2014-12-17 03:03:51.819267 	|	 VM_Task_30 	|	 0.0	|	145408.0	|	13380	|	108.70
2014-12-17 03:03:58.067037 	|	 VM_Task_30 	|	 0.0	|	153600.0	|	13380	|	106.38
2014-12-17 03:04:04.093096 	|	 VM_Task_30 	|	 0.0	|	158720.0	|	13380	|	34.75
2014-12-17 03:04:10.597978 	|	 VM_Task_30 	|	 0.0	|	145408.0	|	13380	|	109.89
2014-12-17 03:04:16.620015 	|	 VM_Task_30 	|	 0.0	|	144384.0	|	13380	|	0.00
2014-12-17 03:04:25.305297 	|	 VM_Task_30 	|	 0.0	|	158720.0	|	13380	|	101.01
2014-12-17 03:04:31.823125 	|	 VM_Task_30 	|	 0.0	|	145408.0	|	13380	|	108.59
2014-12-17 03:04:37.847995 	|	 VM_Task_30 	|	 0.0	|	144384.0	|	13380	|	78.97
2014-12-17 03:04:44.212449 	|	 VM_Task_30 	|	 0.0	|	158720.0	|	13380	|	30.20
2014-12-17 03:04:50.606589 	|	 VM_Task_30 	|	 0.0	|	145408.0	|	13380	|	104.17
2014-12-17 03:04:56.631354 	|	 VM_Task_30 	|	 0.0	|	145408.0	|	13380	|	105.26
2014-12-17 03:05:02.653456 	|	 VM_Task_30 	|	 0.0	|	144384.0	|	13380	|	49.59
2014-12-17 03:05:10.673700 	|	 VM_Task_30 	|	 0.0	|	158720.0	|	13380	|	85.15
2014-12-17 03:05:17.294647 	|	 VM_Task_30 	|	 0.0	|	145408.0	|	13380	|	103.09
2014-12-17 03:05:23.319871 	|	 VM_Task_30 	|	 0.0	|	145408.0	|	13380	|	103.20
2014-12-17 03:05:29.472375 	|	 VM_Task_30 	|	 0.0	|	155648.0	|	13380	|	104.17
2014-12-17 03:05:35.501293 	|	 VM_Task_30 	|	 0.0	|	158720.0	|	13380	|	101.01
2014-12-17 03:05:41.530316 	|	 VM_Task_30 	|	 0.0	|	158720.0	|	13380	|	102.04
2014-12-17 03:05:48.176813 	|	 VM_Task_30 	|	 0.0	|	144384.0	|	13380	|	104.17
2014-12-17 03:05:54.201539 	|	 VM_Task_30 	|	 0.0	|	144384.0	|	13380	|	42.68
2014-12-17 03:06:00.354098 	|	 VM_Task_30 	|	 0.0	|	156672.0	|	13380	|	103.09
2014-12-17 03:06:06.374454 	|	 VM_Task_30 	|	 0.0	|	159744.0	|	13380	|	101.01
2014-12-17 03:06:12.397067 	|	 VM_Task_30 	|	 0.0	|	157696.0	|	13380	|	0.00
2014-12-17 03:06:18.986231 	|	 VM_Task_30 	|	 0.0	|	145408.0	|	13380	|	100.91
2014-12-17 03:06:25.007281 	|	 VM_Task_30 	|	 0.0	|	145408.0	|	13380	|	105.16
2014-12-17 03:06:33.893477 	|	 VM_Task_30 	|	 0.0	|	158720.0	|	13380	|	101.43
2014-12-17 03:06:40.713640 	|	 VM_Task_30 	|	 0.0	|	145408.0	|	13380	|	107.53
2014-12-17 03:06:46.738516 	|	 VM_Task_30 	|	 0.0	|	145408.0	|	13380	|	105.26
2014-12-17 03:06:55.088803 	|	 VM_Task_30 	|	 0.0	|	158720.0	|	13380	|	38.99
2014-12-17 03:07:01.646196 	|	 VM_Task_30 	|	 0.0	|	145408.0	|	13380	|	105.26
2014-12-17 03:07:07.670806 	|	 VM_Task_30 	|	 0.0	|	145408.0	|	13380	|	104.17
2014-12-17 03:07:13.693745 	|	 VM_Task_30 	|	 0.0	|	144384.0	|	13380	|	95.79
2014-12-17 03:07:23.472799 	|	 VM_Task_30 	|	 0.0	|	158720.0	|	13380	|	81.80
2014-12-17 03:07:30.046209 	|	 VM_Task_30 	|	 0.0	|	145408.0	|	13380	|	106.38
2014-12-17 03:07:36.070905 	|	 VM_Task_30 	|	 0.0	|	145408.0	|	13380	|	104.17
2014-12-17 03:07:42.217534 	|	 VM_Task_30 	|	 0.0	|	158720.0	|	13380	|	102.04
2014-12-17 03:07:48.241980 	|	 VM_Task_30 	|	 0.0	|	159744.0	|	13380	|	102.14
2014-12-17 03:07:55.026469 	|	 VM_Task_30 	|	 0.0	|	145408.0	|	13380	|	103.09
2014-12-17 03:08:01.052956 	|	 VM_Task_30 	|	 0.0	|	145408.0	|	13380	|	103.09
2014-12-17 03:08:07.078094 	|	 VM_Task_30 	|	 0.0	|	145408.0	|	13380	|	104.17
2014-12-17 03:08:13.169811 	|	 VM_Task_30 	|	 0.0	|	144384.0	|	13380	|	6.16
2014-12-17 03:08:29.476738 	|	 VM_Task_30 	|	 0.0	|	158720.0	|	13380	|	102.04
2014-12-17 03:08:36.801978 	|	 VM_Task_30 	|	 0.0	|	145408.0	|	13380	|	104.17
2014-12-17 03:08:42.829489 	|	 VM_Task_30 	|	 0.0	|	144384.0	|	13380	|	106.38
2014-12-17 03:08:49.021324 	|	 VM_Task_30 	|	 0.0	|	144384.0	|	13380	|	72.04
2014-12-17 03:08:56.238591 	|	 VM_Task_30 	|	 0.0	|	158720.0	|	13380	|	100.00
2014-12-17 03:09:02.263968 	|	 VM_Task_30 	|	 0.0	|	158720.0	|	13380	|	102.04
2014-12-17 03:09:08.696282 	|	 VM_Task_30 	|	 0.0	|	157696.0	|	13380	|	15.76
2014-12-17 03:09:15.253607 	|	 VM_Task_30 	|	 0.0	|	145408.0	|	13380	|	104.17
2014-12-17 03:09:21.406678 	|	 VM_Task_30 	|	 0.0	|	156672.0	|	13380	|	104.17
2014-12-17 03:09:27.435824 	|	 VM_Task_30 	|	 0.0	|	158720.0	|	13380	|	103.09
2014-12-17 03:09:33.810071 	|	 VM_Task_30 	|	 0.0	|	157696.0	|	13380	|	21.70
2014-12-17 03:09:40.384213 	|	 VM_Task_30 	|	 0.0	|	145408.0	|	13380	|	106.38
2014-12-17 03:09:46.499750 	|	 VM_Task_30 	|	 0.0	|	156672.0	|	13380	|	104.17
2014-12-17 03:09:52.524479 	|	 VM_Task_30 	|	 0.0	|	158720.0	|	13380	|	102.04
2014-12-17 03:09:58.976895 	|	 VM_Task_30 	|	 0.0	|	157696.0	|	13380	|	21.60
2014-12-17 03:10:05.545192 	|	 VM_Task_30 	|	 0.0	|	145408.0	|	13380	|	104.17
2014-12-17 03:10:11.570674 	|	 VM_Task_30 	|	 0.0	|	145408.0	|	13380	|	107.63
2014-12-17 03:10:17.653632 	|	 VM_Task_30 	|	 0.0	|	158720.0	|	13380	|	102.04
2014-12-17 03:10:24.036843 	|	 VM_Task_30 	|	 0.0	|	158720.0	|	13380	|	59.48
2014-12-17 03:10:30.571166 	|	 VM_Task_30 	|	 0.0	|	145408.0	|	13380	|	104.17
2014-12-17 03:10:36.593429 	|	 VM_Task_30 	|	 0.0	|	144384.0	|	13380	|	0.00
2014-12-17 03:10:42.756628 	|	 VM_Task_30 	|	 0.0	|	157696.0	|	13380	|	104.17
2014-12-17 03:10:48.780339 	|	 VM_Task_30 	|	 0.0	|	158720.0	|	13380	|	101.11
2014-12-17 03:10:55.671038 	|	 VM_Task_30 	|	 0.0	|	145408.0	|	13380	|	104.06
2014-12-17 03:11:01.697977 	|	 VM_Task_30 	|	 0.0	|	145408.0	|	13380	|	102.04
2014-12-17 03:11:07.730147 	|	 VM_Task_30 	|	 0.0	|	144384.0	|	13380	|	103.09
2014-12-17 03:11:13.787157 	|	 VM_Task_30 	|	 0.0	|	144384.0	|	13380	|	7.27
2014-12-17 03:11:22.440677 	|	 VM_Task_30 	|	 0.0	|	158720.0	|	13380	|	102.04
2014-12-17 03:11:29.059644 	|	 VM_Task_30 	|	 0.0	|	145408.0	|	13380	|	104.17
2014-12-17 03:11:35.087669 	|	 VM_Task_30 	|	 0.0	|	145408.0	|	13380	|	103.09
2014-12-17 03:11:41.111127 	|	 VM_Task_30 	|	 0.0	|	145408.0	|	13380	|	104.17
2014-12-17 03:11:47.277692 	|	 VM_Task_30 	|	 0.0	|	157696.0	|	13380	|	104.17
2014-12-17 03:11:53.300670 	|	 VM_Task_30 	|	 0.0	|	158720.0	|	13380	|	102.04
2014-12-17 03:11:59.323355 	|	 VM_Task_30 	|	 0.0	|	157696.0	|	13380	|	47.17
2014-12-17 03:12:05.953761 	|	 VM_Task_30 	|	 0.0	|	145408.0	|	13380	|	103.09
2014-12-17 03:12:11.975851 	|	 VM_Task_30 	|	 0.0	|	144384.0	|	13380	|	0.00
2014-12-17 03:12:18.133501 	|	 VM_Task_30 	|	 0.0	|	158720.0	|	13380	|	103.20
2014-12-17 03:12:24.153974 	|	 VM_Task_30 	|	 0.0	|	158720.0	|	13380	|	28.10
2014-12-17 03:12:30.503459 	|	 VM_Task_30 	|	 0.0	|	145408.0	|	13380	|	102.04
2014-12-17 03:12:36.528884 	|	 VM_Task_30 	|	 0.0	|	144384.0	|	13380	|	103.09
2014-12-17 03:12:42.551708 	|	 VM_Task_30 	|	 0.0	|	144384.0	|	13380	|	0.00
2014-12-17 03:12:48.696141 	|	 VM_Task_30 	|	 0.0	|	158720.0	|	13380	|	102.14
2014-12-17 03:12:54.720978 	|	 VM_Task_30 	|	 0.0	|	159744.0	|	13380	|	101.01
2014-12-17 03:13:01.695745 	|	 VM_Task_30 	|	 0.0	|	145408.0	|	13380	|	105.26
2014-12-17 03:13:07.721261 	|	 VM_Task_30 	|	 0.0	|	145408.0	|	13380	|	108.70
2014-12-17 03:13:13.882045 	|	 VM_Task_30 	|	 0.0	|	158720.0	|	13380	|	102.04
2014-12-17 03:13:19.902439 	|	 VM_Task_30 	|	 0.0	|	158720.0	|	13380	|	101.01
2014-12-17 03:13:26.885524 	|	 VM_Task_30 	|	 0.0	|	145408.0	|	13380	|	103.09
2014-12-17 03:13:32.912903 	|	 VM_Task_30 	|	 0.0	|	145408.0	|	13380	|	106.38
2014-12-17 03:13:38.935715 	|	 VM_Task_30 	|	 0.0	|	144384.0	|	13380	|	0.00
2014-12-17 03:13:47.322368 	|	 VM_Task_30 	|	 0.0	|	158720.0	|	13380	|	90.20
2014-12-17 03:13:53.846814 	|	 VM_Task_30 	|	 0.0	|	145408.0	|	13380	|	105.26
2014-12-17 03:14:00.154115 	|	 VM_Task_30 	|	 0.0	|	144384.0	|	13380	|	6.97
2014-12-17 03:14:07.979906 	|	 VM_Task_30 	|	 0.0	|	158720.0	|	13380	|	101.01
2014-12-17 03:14:14.514885 	|	 VM_Task_30 	|	 0.0	|	145408.0	|	13380	|	105.26
2014-12-17 03:14:20.539856 	|	 VM_Task_30 	|	 0.0	|	144384.0	|	13380	|	65.41
2014-12-17 03:14:28.018064 	|	 VM_Task_30 	|	 0.0	|	158720.0	|	13380	|	102.04
2014-12-17 03:14:34.567240 	|	 VM_Task_30 	|	 0.0	|	145408.0	|	13380	|	106.38
2014-12-17 03:14:40.652257 	|	 VM_Task_30 	|	 0.0	|	144384.0	|	13380	|	58.06
2014-12-17 03:14:47.963333 	|	 VM_Task_30 	|	 0.0	|	158720.0	|	13380	|	87.78
2014-12-17 03:14:54.466821 	|	 VM_Task_30 	|	 0.0	|	145408.0	|	13380	|	106.38
2014-12-17 03:15:00.489292 	|	 VM_Task_30 	|	 0.0	|	144384.0	|	13380	|	38.78
2014-12-17 03:15:35.814027 	|	 VM_Task_30 	|	 0.0	|	158720.0	|	13380	|	92.90
2014-12-17 03:15:42.368962 	|	 VM_Task_30 	|	 0.0	|	145408.0	|	13380	|	104.17
2014-12-17 03:15:53.080402 	|	 VM_Task_30 	|	 0.0	|	158720.0	|	13380	|	102.04
2014-12-17 03:15:59.642924 	|	 VM_Task_30 	|	 0.0	|	145408.0	|	13380	|	106.38
2014-12-17 03:16:05.763818 	|	 VM_Task_30 	|	 0.0	|	144384.0	|	13380	|	22.80
2014-12-17 03:16:13.877740 	|	 VM_Task_30 	|	 0.0	|	158720.0	|	13380	|	88.57
2014-12-17 03:16:20.453513 	|	 VM_Task_30 	|	 0.0	|	145408.0	|	13380	|	105.26
2014-12-17 03:16:26.653189 	|	 VM_Task_30 	|	 0.0	|	148480.0	|	13380	|	103.09
2014-12-17 03:16:32.679310 	|	 VM_Task_30 	|	 0.0	|	159744.0	|	13380	|	102.04
2014-12-17 03:16:38.699484 	|	 VM_Task_30 	|	 0.0	|	157696.0	|	13380	|	0.00
2014-12-17 03:16:45.296046 	|	 VM_Task_30 	|	 0.0	|	145408.0	|	13380	|	105.16
2014-12-17 03:16:51.319793 	|	 VM_Task_30 	|	 0.0	|	145408.0	|	13380	|	104.17
2014-12-17 03:16:57.344844 	|	 VM_Task_30 	|	 0.0	|	144384.0	|	13380	|	2.20
2014-12-17 03:17:03.487698 	|	 VM_Task_30 	|	 0.0	|	155648.0	|	13380	|	104.17
2014-12-17 03:17:09.510151 	|	 VM_Task_30 	|	 0.0	|	158720.0	|	13380	|	101.01
2014-12-17 03:17:15.534690 	|	 VM_Task_30 	|	 0.0	|	157696.0	|	13380	|	0.00
2014-12-17 03:17:22.064873 	|	 VM_Task_30 	|	 0.0	|	145408.0	|	13380	|	102.04
2014-12-17 03:17:28.088654 	|	 VM_Task_30 	|	 0.0	|	145408.0	|	13380	|	54.80
2014-12-17 03:17:34.231980 	|	 VM_Task_30 	|	 0.0	|	156672.0	|	13380	|	104.17
2014-12-17 03:17:40.257193 	|	 VM_Task_30 	|	 0.0	|	158720.0	|	13380	|	102.04
2014-12-17 03:17:46.697112 	|	 VM_Task_30 	|	 0.0	|	157696.0	|	13380	|	35.00
2014-12-17 03:17:53.334557 	|	 VM_Task_30 	|	 0.0	|	145408.0	|	13380	|	104.17
2014-12-17 03:17:59.360440 	|	 VM_Task_30 	|	 0.0	|	144384.0	|	13380	|	105.26
2014-12-17 03:18:11.783599 	|	 VM_Task_30 	|	 0.0	|	158720.0	|	13380	|	102.04
2014-12-17 03:18:18.785737 	|	 VM_Task_30 	|	 0.0	|	145408.0	|	13380	|	104.17
2014-12-17 03:18:24.810679 	|	 VM_Task_30 	|	 0.0	|	145408.0	|	13380	|	105.26
2014-12-17 03:18:30.832257 	|	 VM_Task_30 	|	 0.0	|	144384.0	|	13380	|	0.00
2014-12-17 03:18:38.740090 	|	 VM_Task_30 	|	 0.0	|	158720.0	|	13380	|	101.01
2014-12-17 03:18:45.300458 	|	 VM_Task_30 	|	 0.0	|	145408.0	|	13380	|	104.17
2014-12-17 03:18:51.324375 	|	 VM_Task_30 	|	 0.0	|	145408.0	|	13380	|	103.09
2014-12-17 03:18:57.706998 	|	 VM_Task_30 	|	 0.0	|	153600.0	|	13380	|	105.26
2014-12-17 03:19:03.733583 	|	 VM_Task_30 	|	 0.0	|	159744.0	|	13380	|	101.01
2014-12-17 03:19:09.754849 	|	 VM_Task_30 	|	 0.0	|	157696.0	|	13380	|	0.00
2014-12-17 03:19:16.267977 	|	 VM_Task_30 	|	 0.0	|	145408.0	|	13380	|	104.17
2014-12-17 03:19:22.294690 	|	 VM_Task_30 	|	 0.0	|	145408.0	|	13380	|	103.09
2014-12-17 03:19:28.406361 	|	 VM_Task_30 	|	 0.0	|	155648.0	|	13380	|	104.17
2014-12-17 03:19:34.438449 	|	 VM_Task_30 	|	 0.0	|	158720.0	|	13380	|	100.00
