2014-12-01 00:13:51.063706 	|	 VM_Task_14 	|	 0	|	135	|	0.0	|	100.20

2014-12-01 00:14:02.300920 	|	 VM_Task_14 	|	 0	|	136	|	0.0	|	102.04

2014-12-01 00:14:13.573138 	|	 VM_Task_14 	|	 19	|	181	|	48196	|	0.00

2014-12-01 00:14:24.884975 	|	 VM_Task_14 	|	 16	|	142	|	8260	|	0.00

2014-12-01 00:14:36.127564 	|	 VM_Task_14 	|	 14.2	|	142	|	8260	|	0.00

2014-12-01 00:14:47.361482 	|	 VM_Task_14 	|	 20.4	|	152	|	18500	|	0.00

2014-12-01 00:14:58.693392 	|	 VM_Task_14 	|	 33.5	|	158	|	28740	|	21.01

2014-12-01 00:15:10.168002 	|	 VM_Task_14 	|	 13.5	|	148	|	4292	|	7.24

2014-12-01 00:15:46.082097 	|	 VM_Task_14 	|	 290	|	138	|	8260	|	98.22

2014-12-01 00:15:57.342797 	|	 VM_Task_14 	|	 12.6	|	134	|	4292	|	0.00

2014-12-01 00:16:08.615252 	|	 VM_Task_14 	|	 18.1	|	163	|	33860	|	0.00

2014-12-01 00:16:20.024794 	|	 VM_Task_14 	|	 28.3	|	189	|	58436	|	58.06

2014-12-01 00:16:31.305085 	|	 VM_Task_14 	|	 28.3	|	161	|	18500	|	0.20

2014-12-01 00:16:42.567598 	|	 VM_Task_14 	|	 0	|	147	|	4292	|	0.00

2014-12-01 00:16:53.918934 	|	 VM_Task_14 	|	 18	|	147	|	4292	|	0.00

2014-12-01 00:17:05.463442 	|	 VM_Task_14 	|	 22	|	156	|	13380	|	79.42

2014-12-01 00:17:17.344559 	|	 VM_Task_14 	|	 49.6	|	167	|	38980	|	59.07

2014-12-01 00:17:28.616519 	|	 VM_Task_14 	|	 11.5	|	158	|	28740	|	0.00

2014-12-01 00:17:40.607713 	|	 VM_Task_14 	|	 56.3	|	181	|	38980	|	32.42

2014-12-01 00:17:52.268202 	|	 VM_Task_14 	|	 0	|	148	|	18500	|	22.53

2014-12-01 00:18:04.478998 	|	 VM_Task_14 	|	 27	|	143	|	13380	|	0.00

2014-12-01 00:18:33.775627 	|	 VM_Task_14 	|	 0	|	157	|	13380	|	101.01

2014-12-01 00:18:45.641528 	|	 VM_Task_14 	|	 14.3	|	156	|	13380	|	4.55

2014-12-01 00:18:58.396488 	|	 VM_Task_14 	|	 16	|	156	|	13380	|	17.98

2014-12-01 00:19:09.713987 	|	 VM_Task_14 	|	 15.4	|	143	|	13380	|	0.00

2014-12-01 00:19:21.999077 	|	 VM_Task_14 	|	 0	|	152	|	13380	|	23.20

2014-12-01 00:19:33.448576 	|	 VM_Task_14 	|	 0	|	139	|	13380	|	0.00

2014-12-01 00:19:44.951219 	|	 VM_Task_14 	|	 0	|	152	|	13380	|	0.00

2014-12-01 00:19:56.380551 	|	 VM_Task_14 	|	 0	|	139	|	13380	|	1.60

2014-12-01 00:20:08.427523 	|	 VM_Task_14 	|	 0	|	151	|	13380	|	75.35

2014-12-01 00:20:19.800523 	|	 VM_Task_14 	|	 0	|	152	|	13380	|	0.00

2014-12-01 00:20:31.626039 	|	 VM_Task_14 	|	 0	|	153	|	13380	|	101.11

2014-12-01 00:20:46.147785 	|	 VM_Task_14 	|	 0	|	139	|	13380	|	104.57

2014-12-01 00:21:08.024900 	|	 VM_Task_14 	|	 0	|	153	|	13380	|	101.11

2014-12-01 00:21:19.643932 	|	 VM_Task_14 	|	 0	|	139	|	13380	|	0.00

2014-12-01 00:21:32.846316 	|	 VM_Task_14 	|	 0	|	153	|	13380	|	100.00

2014-12-01 00:21:44.949213 	|	 VM_Task_14 	|	 0	|	153	|	13380	|	42.20

2014-12-01 00:21:56.222570 	|	 VM_Task_14 	|	 0	|	152	|	13380	|	0.00

2014-12-01 00:22:07.588799 	|	 VM_Task_14 	|	 0	|	152	|	13380	|	79.49

2014-12-01 00:22:19.326857 	|	 VM_Task_14 	|	 0	|	153	|	13380	|	104.17

2014-12-01 00:22:34.372795 	|	 VM_Task_14 	|	 0	|	153	|	13380	|	25.66

2014-12-01 00:22:45.645887 	|	 VM_Task_14 	|	 0	|	152	|	13380	|	0.00

2014-12-01 00:22:56.933063 	|	 VM_Task_14 	|	 0	|	152	|	13380	|	0.00

2014-12-01 00:23:29.200504 	|	 VM_Task_14 	|	 0	|	153	|	13380	|	100.00

2014-12-01 00:23:41.004687 	|	 VM_Task_14 	|	 0	|	151	|	13380	|	102.04

2014-12-01 00:23:52.323474 	|	 VM_Task_14 	|	 0	|	153	|	13380	|	101.01

2014-12-01 00:24:04.140939 	|	 VM_Task_14 	|	 0	|	152	|	13380	|	46.17

2014-12-01 00:24:27.145440 	|	 VM_Task_14 	|	 0	|	152	|	13380	|	0.00

2014-12-01 00:24:40.956906 	|	 VM_Task_14 	|	 0	|	153	|	13380	|	100.10

2014-12-01 00:24:57.965011 	|	 VM_Task_14 	|	 0	|	152	|	13380	|	101.01

2014-12-01 00:25:10.664731 	|	 VM_Task_14 	|	 0	|	139	|	13380	|	0.00

2014-12-01 00:25:23.198367 	|	 VM_Task_14 	|	 0	|	153	|	13380	|	101.01

2014-12-01 00:25:35.383411 	|	 VM_Task_14 	|	 0	|	139	|	13380	|	0.00

2014-12-01 00:26:09.613483 	|	 VM_Task_14 	|	 0	|	153	|	13380	|	101.01

2014-12-01 00:26:21.524504 	|	 VM_Task_14 	|	 0	|	150	|	13380	|	104.17

2014-12-01 00:26:35.373642 	|	 VM_Task_14 	|	 0	|	153	|	13380	|	101.01

2014-12-01 00:26:46.634702 	|	 VM_Task_14 	|	 0	|	139	|	13380	|	0.00

2014-12-01 00:27:07.592867 	|	 VM_Task_14 	|	 0	|	153	|	13380	|	100.00

2014-12-01 00:27:38.767758 	|	 VM_Task_14 	|	 0	|	153	|	13380	|	100.00

2014-12-01 00:27:51.642868 	|	 VM_Task_14 	|	 0	|	139	|	13380	|	105.05

2014-12-01 00:28:35.257826 	|	 VM_Task_14 	|	 0.0	|	153	|	13380	|	101.01

2014-12-01 00:28:47.154724 	|	 VM_Task_14 	|	 0	|	150	|	13380	|	104.17

2014-12-01 00:28:58.429461 	|	 VM_Task_14 	|	 0	|	153	|	13380	|	101.01

2014-12-01 00:29:10.286716 	|	 VM_Task_14 	|	 0	|	152	|	13380	|	13.33

2014-12-01 00:29:34.823304 	|	 VM_Task_14 	|	 0	|	153	|	13380	|	101.01

2014-12-01 00:29:46.474514 	|	 VM_Task_14 	|	 0	|	148	|	13380	|	103.20

2014-12-01 00:29:57.732769 	|	 VM_Task_14 	|	 0	|	152	|	13380	|	0.00

2014-12-01 00:30:17.957098 	|	 VM_Task_14 	|	 0	|	153	|	13380	|	100.00

2014-12-01 00:30:31.481651 	|	 VM_Task_14 	|	 0	|	139	|	13380	|	105.27

2014-12-01 00:31:11.661664 	|	 VM_Task_14 	|	 0	|	153	|	13380	|	101.01

2014-12-01 00:31:23.276541 	|	 VM_Task_14 	|	 0	|	150	|	13380	|	104.17

2014-12-01 00:31:34.583121 	|	 VM_Task_14 	|	 0	|	153	|	13380	|	102.04

2014-12-01 00:31:45.814049 	|	 VM_Task_14 	|	 0	|	153	|	13380	|	100.00

2014-12-01 00:31:57.237634 	|	 VM_Task_14 	|	 0	|	149	|	13380	|	107.53

2014-12-01 00:32:08.816484 	|	 VM_Task_14 	|	 0	|	153	|	13380	|	100.00

2014-12-01 00:32:20.077726 	|	 VM_Task_14 	|	 0	|	152	|	13380	|	0.00

2014-12-01 00:32:51.431308 	|	 VM_Task_14 	|	 0	|	153	|	13380	|	101.01

2014-12-01 00:33:03.172243 	|	 VM_Task_14 	|	 0	|	151	|	13380	|	104.17

2014-12-01 00:41:48.662589 	|	 VM_Task_14 	|	 0.0	|	139	|	0.0	|	65.88

2014-12-01 00:41:59.918082 	|	 VM_Task_14 	|	 9.6	|	181	|	48196	|	0.00

2014-12-01 00:42:11.164039 	|	 VM_Task_14 	|	 12.5	|	142	|	8260	|	0.00

2014-12-01 00:42:23.633923 	|	 VM_Task_14 	|	 13.6	|	157	|	8260	|	27.53

2014-12-01 00:42:34.985372 	|	 VM_Task_14 	|	 17.6	|	148	|	18500	|	0.00

2014-12-01 00:42:47.061724 	|	 VM_Task_14 	|	 29.2	|	158	|	28740	|	0.00

2014-12-01 00:42:59.153456 	|	 VM_Task_14 	|	 55.5	|	153	|	23620	|	36.36

2014-12-01 00:43:20.915983 	|	 VM_Task_14 	|	 77.5	|	163	|	33860	|	41.77

2014-12-01 00:43:34.277999 	|	 VM_Task_14 	|	 13.3	|	143	|	13380	|	0.00

2014-12-01 00:43:45.492455 	|	 VM_Task_14 	|	 10.8	|	135	|	4292	|	0.00

2014-12-01 00:43:57.664665 	|	 VM_Task_14 	|	 15.7	|	177	|	33860	|	29.80

2014-12-01 00:44:09.979067 	|	 VM_Task_14 	|	 24.6	|	148	|	18500	|	70.53

2014-12-01 00:44:21.223963 	|	 VM_Task_14 	|	 28	|	148	|	18500	|	0.00

2014-12-01 00:44:32.486346 	|	 VM_Task_14 	|	 11.6	|	134	|	4292	|	0.00

2014-12-01 00:44:43.789684 	|	 VM_Task_14 	|	 11.5	|	134	|	4292	|	0.00

2014-12-01 00:44:55.377339 	|	 VM_Task_14 	|	 15.2	|	143	|	13380	|	87.59

2014-12-01 00:45:06.910157 	|	 VM_Task_14 	|	 45.6	|	169	|	38980	|	19.70

2014-12-01 00:45:18.189375 	|	 VM_Task_14 	|	 51	|	169	|	38980	|	0.00

2014-12-01 00:45:29.477522 	|	 VM_Task_14 	|	 17	|	211	|	68676	|	0.10

2014-12-01 00:45:40.771564 	|	 VM_Task_14 	|	 33	|	157	|	18500	|	47.98

2014-12-01 00:45:52.006668 	|	 VM_Task_14 	|	 13.4	|	157	|	13380	|	0.00

2014-12-01 00:46:03.994000 	|	 VM_Task_14 	|	 61.1	|	177	|	33860	|	0.00

2014-12-01 00:46:20.226072 	|	 VM_Task_14 	|	 0	|	157	|	13380	|	101.01

2014-12-01 00:46:31.981882 	|	 VM_Task_14 	|	 10.8	|	154	|	13380	|	106.38

2014-12-01 00:46:44.889720 	|	 VM_Task_14 	|	 13.5	|	143	|	13380	|	0.00

2014-12-01 00:46:56.168814 	|	 VM_Task_14 	|	 13.2	|	144	|	13380	|	0.00

2014-12-01 00:47:07.809799 	|	 VM_Task_14 	|	 0	|	140	|	13380	|	10.71

2014-12-01 00:47:19.084505 	|	 VM_Task_14 	|	 0	|	140	|	13380	|	0.00

2014-12-01 00:47:30.349839 	|	 VM_Task_14 	|	 0	|	140	|	13380	|	0.10

2014-12-01 00:47:41.635988 	|	 VM_Task_14 	|	 0	|	140	|	13380	|	43.98

2014-12-01 00:47:52.882164 	|	 VM_Task_14 	|	 0	|	153	|	13380	|	0.00

2014-12-01 00:48:04.134657 	|	 VM_Task_14 	|	 0	|	153	|	13380	|	0.00

2014-12-01 00:48:15.440934 	|	 VM_Task_14 	|	 0	|	153	|	13380	|	0.00

2014-12-01 00:48:27.967930 	|	 VM_Task_14 	|	 0	|	153	|	13380	|	19.79

2014-12-01 00:48:39.205994 	|	 VM_Task_14 	|	 0	|	140	|	13380	|	0.00

2014-12-01 00:48:50.490653 	|	 VM_Task_14 	|	 0	|	140	|	13380	|	0.00

2014-12-01 00:49:01.791993 	|	 VM_Task_14 	|	 0	|	140	|	13380	|	0.00

2014-12-01 00:49:13.141631 	|	 VM_Task_14 	|	 0	|	147	|	13380	|	62.58

2014-12-01 00:49:24.375248 	|	 VM_Task_14 	|	 0	|	153	|	13380	|	0.00

2014-12-01 00:49:35.644310 	|	 VM_Task_14 	|	 0	|	153	|	13380	|	0.00

2014-12-01 00:49:46.943028 	|	 VM_Task_14 	|	 0	|	153	|	13380	|	0.00

2014-12-01 00:49:58.570138 	|	 VM_Task_14 	|	 0	|	153	|	13380	|	76.45

2014-12-01 00:50:09.810443 	|	 VM_Task_14 	|	 0	|	140	|	13380	|	0.00

2014-12-01 00:50:21.102597 	|	 VM_Task_14 	|	 0	|	140	|	13380	|	0.00

2014-12-01 00:50:32.385089 	|	 VM_Task_14 	|	 0	|	139	|	13380	|	0.00

2014-12-01 00:50:43.625367 	|	 VM_Task_14 	|	 0	|	139	|	13380	|	63.59

2014-12-01 00:50:54.871367 	|	 VM_Task_14 	|	 0	|	152	|	13380	|	0.00

2014-12-01 00:51:06.132663 	|	 VM_Task_14 	|	 0	|	153	|	13380	|	0.00

2014-12-01 00:51:17.415169 	|	 VM_Task_14 	|	 0	|	153	|	13380	|	0.00

2014-12-01 00:51:29.094579 	|	 VM_Task_14 	|	 0	|	153	|	13380	|	28.08

2014-12-01 00:51:40.523872 	|	 VM_Task_14 	|	 0	|	140	|	13380	|	0.00

2014-12-01 00:51:51.816663 	|	 VM_Task_14 	|	 0	|	140	|	13380	|	0.00

2014-12-01 00:52:03.333102 	|	 VM_Task_14 	|	 0	|	139	|	13380	|	0.00

2014-12-01 00:52:14.581524 	|	 VM_Task_14 	|	 0	|	140	|	13380	|	58.06

2014-12-01 00:52:25.819160 	|	 VM_Task_14 	|	 0	|	153	|	13380	|	0.00

2014-12-01 00:52:37.090864 	|	 VM_Task_14 	|	 0	|	153	|	13380	|	0.00

2014-12-01 00:52:48.372689 	|	 VM_Task_14 	|	 0	|	152	|	13380	|	0.00

2014-12-01 00:52:59.974711 	|	 VM_Task_14 	|	 0	|	153	|	13380	|	38.47

2014-12-01 00:53:11.434433 	|	 VM_Task_14 	|	 0	|	140	|	13380	|	0.00

2014-12-01 00:53:22.723247 	|	 VM_Task_14 	|	 0	|	139	|	13380	|	0.00

2014-12-01 00:53:34.002596 	|	 VM_Task_14 	|	 0	|	140	|	13380	|	0.00

2014-12-01 00:53:45.300403 	|	 VM_Task_14 	|	 0	|	139	|	13380	|	49.58

2014-12-01 00:53:56.561474 	|	 VM_Task_14 	|	 0	|	153	|	13380	|	0.90

2014-12-01 00:54:07.807702 	|	 VM_Task_14 	|	 0	|	153	|	13380	|	0.00

2014-12-01 00:54:19.093363 	|	 VM_Task_14 	|	 0	|	153	|	13380	|	0.00

2014-12-01 00:54:30.996845 	|	 VM_Task_14 	|	 0	|	152	|	13380	|	16.36

2014-12-01 00:54:42.370687 	|	 VM_Task_14 	|	 0	|	140	|	13380	|	0.00

2014-12-01 00:54:53.652108 	|	 VM_Task_14 	|	 0	|	139	|	13380	|	0.00

2014-12-01 00:55:04.946181 	|	 VM_Task_14 	|	 0	|	140	|	13380	|	0.00

2014-12-01 00:55:16.320025 	|	 VM_Task_14 	|	 0	|	139	|	13380	|	50.86

2014-12-01 00:55:27.563075 	|	 VM_Task_14 	|	 0	|	153	|	13380	|	0.00

2014-12-01 00:55:38.820806 	|	 VM_Task_14 	|	 0	|	152	|	13380	|	0.00

2014-12-01 00:55:50.081644 	|	 VM_Task_14 	|	 0	|	153	|	13380	|	0.00

2014-12-01 00:56:01.985004 	|	 VM_Task_14 	|	 0	|	153	|	13380	|	23.33

2014-12-01 00:56:13.289271 	|	 VM_Task_14 	|	 0	|	139	|	13380	|	0.00

2014-12-01 00:56:24.542903 	|	 VM_Task_14 	|	 0	|	139	|	13380	|	0.00

2014-12-01 00:56:35.960301 	|	 VM_Task_14 	|	 0	|	139	|	13380	|	0.00

2014-12-01 00:56:47.219473 	|	 VM_Task_14 	|	 0	|	140	|	13380	|	61.41

2014-12-01 00:56:58.458190 	|	 VM_Task_14 	|	 0	|	153	|	13380	|	0.00

2014-12-01 00:57:09.724251 	|	 VM_Task_14 	|	 0	|	153	|	13380	|	0.00

2014-12-01 00:57:20.980313 	|	 VM_Task_14 	|	 0	|	153	|	13380	|	0.00

2014-12-01 00:57:32.921956 	|	 VM_Task_14 	|	 0	|	152	|	13380	|	22.58

2014-12-01 00:57:44.151794 	|	 VM_Task_14 	|	 0	|	139	|	13380	|	0.00

2014-12-01 00:57:55.393809 	|	 VM_Task_14 	|	 0	|	140	|	13380	|	0.00

2014-12-01 00:58:06.757852 	|	 VM_Task_14 	|	 0	|	139	|	13380	|	0.00

2014-12-01 00:58:18.092112 	|	 VM_Task_14 	|	 0	|	139	|	13380	|	40.84

2014-12-01 00:58:29.471388 	|	 VM_Task_14 	|	 0	|	153	|	13380	|	0.00

2014-12-01 00:58:40.748980 	|	 VM_Task_14 	|	 0	|	153	|	13380	|	0.00

2014-12-01 00:58:52.073221 	|	 VM_Task_14 	|	 0	|	153	|	13380	|	0.00

2014-12-01 00:59:04.247036 	|	 VM_Task_14 	|	 0	|	153	|	13380	|	31.12

2014-12-01 00:59:15.528911 	|	 VM_Task_14 	|	 0	|	140	|	13380	|	0.00

2014-12-01 00:59:27.099299 	|	 VM_Task_14 	|	 0	|	139	|	13380	|	0.00

2014-12-01 00:59:38.479238 	|	 VM_Task_14 	|	 0	|	139	|	13380	|	0.00

2014-12-01 00:59:49.799496 	|	 VM_Task_14 	|	 0	|	149	|	13380	|	50.66

2014-12-01 01:00:01.065564 	|	 VM_Task_14 	|	 0	|	153	|	13380	|	0.00

2014-12-01 01:00:12.315707 	|	 VM_Task_14 	|	 0	|	152	|	13380	|	0.00

2014-12-01 01:00:23.561158 	|	 VM_Task_14 	|	 0	|	153	|	13380	|	0.00

2014-12-01 01:00:34.981070 	|	 VM_Task_14 	|	 0	|	152	|	13380	|	92.15

2014-12-01 01:00:46.242898 	|	 VM_Task_14 	|	 0	|	140	|	13380	|	0.00

2014-12-01 01:00:57.511450 	|	 VM_Task_14 	|	 0	|	140	|	13380	|	0.00

2014-12-01 01:01:08.780215 	|	 VM_Task_14 	|	 0	|	140	|	13380	|	0.00

2014-12-01 01:01:20.097088 	|	 VM_Task_14 	|	 0	|	140	|	13380	|	60.43

2014-12-01 01:01:31.360665 	|	 VM_Task_14 	|	 0	|	153	|	13380	|	0.00

2014-12-01 01:01:42.684372 	|	 VM_Task_14 	|	 0	|	153	|	13380	|	0.00

2014-12-01 01:01:54.012122 	|	 VM_Task_14 	|	 0	|	153	|	13380	|	0.00

2014-12-01 01:02:05.430840 	|	 VM_Task_14 	|	 0	|	153	|	13380	|	58.14

2014-12-01 01:02:16.894339 	|	 VM_Task_14 	|	 0	|	140	|	13380	|	0.00

2014-12-01 01:02:28.169218 	|	 VM_Task_14 	|	 0	|	140	|	13380	|	0.00

2014-12-01 01:02:39.437414 	|	 VM_Task_14 	|	 0	|	140	|	13380	|	0.00

2014-12-01 01:02:51.018479 	|	 VM_Task_14 	|	 0	|	140	|	13380	|	54.42

2014-12-01 01:03:02.804493 	|	 VM_Task_14 	|	 0	|	153	|	13380	|	0.10

2014-12-01 01:03:14.059818 	|	 VM_Task_14 	|	 0	|	153	|	13380	|	0.00

2014-12-01 01:03:25.346877 	|	 VM_Task_14 	|	 0	|	153	|	13380	|	0.00

2014-12-01 01:03:37.202333 	|	 VM_Task_14 	|	 0	|	140	|	13380	|	36.46

2014-12-01 01:03:48.443848 	|	 VM_Task_14 	|	 0	|	140	|	13380	|	0.00

2014-12-01 01:03:59.713019 	|	 VM_Task_14 	|	 0	|	140	|	13380	|	0.00

2014-12-01 01:04:11.045619 	|	 VM_Task_14 	|	 0	|	140	|	13380	|	10.79

2014-12-01 01:04:22.577813 	|	 VM_Task_14 	|	 0	|	154	|	13380	|	4.90

2014-12-01 01:04:33.864065 	|	 VM_Task_14 	|	 0	|	153	|	13380	|	0.00

2014-12-01 01:04:45.166498 	|	 VM_Task_14 	|	 0	|	153	|	13380	|	0.00

2014-12-01 01:04:56.958463 	|	 VM_Task_14 	|	 0	|	153	|	13380	|	19.38

2014-12-01 01:05:08.402447 	|	 VM_Task_14 	|	 0	|	140	|	13380	|	0.00

2014-12-01 01:05:20.983204 	|	 VM_Task_14 	|	 0	|	140	|	13380	|	0.00

2014-12-01 01:05:32.244673 	|	 VM_Task_14 	|	 0	|	140	|	13380	|	53.44

2014-12-01 01:05:43.515021 	|	 VM_Task_14 	|	 0	|	153	|	13380	|	0.00

2014-12-01 01:05:54.802332 	|	 VM_Task_14 	|	 0	|	153	|	13380	|	0.00

2014-12-01 01:06:06.079018 	|	 VM_Task_14 	|	 0	|	153	|	13380	|	0.00

2014-12-01 01:06:17.976476 	|	 VM_Task_14 	|	 0	|	153	|	13380	|	30.20

2014-12-01 01:06:29.271192 	|	 VM_Task_14 	|	 0	|	140	|	13380	|	0.00

2014-12-01 01:06:40.536003 	|	 VM_Task_14 	|	 0	|	140	|	13380	|	0.00

2014-12-01 01:06:51.804831 	|	 VM_Task_14 	|	 0	|	140	|	13380	|	0.00

2014-12-01 01:07:03.060126 	|	 VM_Task_14 	|	 0	|	140	|	13380	|	59.03

2014-12-01 01:07:14.333912 	|	 VM_Task_14 	|	 0	|	153	|	13380	|	0.00

2014-12-01 01:07:25.959878 	|	 VM_Task_14 	|	 0	|	153	|	13380	|	0.00

2014-12-01 01:07:37.237483 	|	 VM_Task_14 	|	 0	|	153	|	13380	|	0.00

2014-12-01 01:07:48.585713 	|	 VM_Task_14 	|	 0	|	153	|	13380	|	66.53

2014-12-01 01:07:59.981146 	|	 VM_Task_14 	|	 0	|	140	|	13380	|	0.00

2014-12-01 01:08:11.247134 	|	 VM_Task_14 	|	 0	|	140	|	13380	|	0.00

2014-12-01 01:08:22.523499 	|	 VM_Task_14 	|	 0	|	140	|	13380	|	0.00

2014-12-01 01:08:33.824266 	|	 VM_Task_14 	|	 0	|	140	|	13380	|	48.02

2014-12-01 01:08:45.059101 	|	 VM_Task_14 	|	 0	|	153	|	13380	|	0.00

2014-12-01 01:08:56.334093 	|	 VM_Task_14 	|	 0	|	153	|	13380	|	0.00

2014-12-01 01:09:07.806361 	|	 VM_Task_14 	|	 0	|	153	|	13380	|	0.00

2014-12-01 01:09:19.665538 	|	 VM_Task_14 	|	 0	|	153	|	13380	|	35.20

2014-12-01 01:09:30.922984 	|	 VM_Task_14 	|	 0	|	140	|	13380	|	0.00

2014-12-01 01:09:42.178342 	|	 VM_Task_14 	|	 0	|	140	|	13380	|	0.00

2014-12-01 01:09:53.459289 	|	 VM_Task_14 	|	 0	|	140	|	13380	|	0.00

2014-12-01 01:10:04.708460 	|	 VM_Task_14 	|	 0	|	140	|	13380	|	56.11

2014-12-01 01:10:15.950492 	|	 VM_Task_14 	|	 0	|	153	|	13380	|	0.00

2014-12-01 01:10:27.227825 	|	 VM_Task_14 	|	 0	|	153	|	13380	|	0.00

2014-12-01 01:10:38.528669 	|	 VM_Task_14 	|	 0	|	153	|	13380	|	0.00

2014-12-01 01:10:51.046918 	|	 VM_Task_14 	|	 0	|	153	|	13380	|	23.13

2014-12-01 01:11:02.312889 	|	 VM_Task_14 	|	 0	|	140	|	13380	|	0.00

2014-12-01 01:11:13.601299 	|	 VM_Task_14 	|	 0	|	140	|	13380	|	0.00

2014-12-01 01:11:24.946870 	|	 VM_Task_14 	|	 0	|	140	|	13380	|	0.60

2014-12-01 01:11:36.209742 	|	 VM_Task_14 	|	 0	|	151	|	13380	|	35.32

2014-12-01 01:11:47.465936 	|	 VM_Task_14 	|	 0	|	153	|	13380	|	0.00

2014-12-01 01:11:58.717594 	|	 VM_Task_14 	|	 0	|	153	|	13380	|	0.00

2014-12-01 01:12:09.990166 	|	 VM_Task_14 	|	 0	|	153	|	13380	|	0.00

2014-12-01 01:12:21.839946 	|	 VM_Task_14 	|	 0	|	153	|	13380	|	80.52

2014-12-01 01:12:33.538727 	|	 VM_Task_14 	|	 0	|	140	|	13380	|	0.00

2014-12-01 01:12:44.811228 	|	 VM_Task_14 	|	 0	|	140	|	13380	|	0.00

2014-12-01 01:12:56.187855 	|	 VM_Task_14 	|	 0	|	140	|	13380	|	29.49

2014-12-01 01:13:07.443886 	|	 VM_Task_14 	|	 0	|	153	|	13380	|	0.30

2014-12-01 01:13:18.719089 	|	 VM_Task_14 	|	 0	|	153	|	13380	|	0.00

