2014-12-17 01:04:35.059752 	|	 VM_Task_29 	|	 0.0	|	133120.0	|	0.0	|	17.22
2014-12-17 01:04:41.094422 	|	 VM_Task_29 	|	 0.14	|	147456.0	|	8260	|	0.10
2014-12-17 01:04:47.119509 	|	 VM_Task_29 	|	 0.105	|	187392.0	|	48196	|	0.00
2014-12-17 01:04:53.145202 	|	 VM_Task_29 	|	 0.103	|	187392.0	|	48196	|	0.10
2014-12-17 01:04:59.172342 	|	 VM_Task_29 	|	 0.128	|	147456.0	|	8260	|	0.00
2014-12-17 01:05:05.201098 	|	 VM_Task_29 	|	 0.13	|	147456.0	|	8260	|	0.00
2014-12-17 01:05:11.227759 	|	 VM_Task_29 	|	 0.132	|	147456.0	|	8260	|	0.00
2014-12-17 01:05:17.264618 	|	 VM_Task_29 	|	 0.192	|	157696.0	|	18500	|	0.00
2014-12-17 01:05:23.290091 	|	 VM_Task_29 	|	 0.195	|	157696.0	|	18500	|	0.10
2014-12-17 01:05:29.315187 	|	 VM_Task_29 	|	 0.311	|	167936.0	|	28740	|	0.00
2014-12-17 01:05:35.372251 	|	 VM_Task_29 	|	 0.125	|	145408.0	|	4292	|	75.49
2014-12-17 01:05:41.714431 	|	 VM_Task_29 	|	 0.115	|	141312.0	|	4292	|	0.00
2014-12-17 01:05:47.883820 	|	 VM_Task_29 	|	 0.682	|	174080.0	|	23620	|	2.80
2014-12-17 01:05:54.119394 	|	 VM_Task_29 	|	 0.918	|	183296.0	|	33860	|	0.00
2014-12-17 01:06:09.415206 	|	 VM_Task_29 	|	 0.594	|	169984.0	|	33860	|	59.30
2014-12-17 01:06:15.451966 	|	 VM_Task_29 	|	 0.223	|	144384.0	|	8260	|	101.01
2014-12-17 01:06:21.487499 	|	 VM_Task_29 	|	 0.215	|	144384.0	|	8260	|	100.00
2014-12-17 01:06:27.516566 	|	 VM_Task_29 	|	 0.126	|	149504.0	|	13380	|	99.01
2014-12-17 01:06:44.309079 	|	 VM_Task_29 	|	 0.0	|	140288.0	|	4292	|	94.74
2014-12-17 01:06:50.336586 	|	 VM_Task_29 	|	 0.161	|	169984.0	|	33860	|	90.82
2014-12-17 01:06:56.474685 	|	 VM_Task_29 	|	 0.285	|	194560.0	|	58436	|	0.00
2014-12-17 01:07:02.620236 	|	 VM_Task_29 	|	 0.25	|	194560.0	|	58436	|	0.00
2014-12-17 01:07:08.644301 	|	 VM_Task_29 	|	 0.262	|	154624.0	|	18500	|	0.00
2014-12-17 01:07:15.803197 	|	 VM_Task_29 	|	 0.0	|	167936.0	|	0.0	|	100.00
2014-12-17 01:07:21.826990 	|	 VM_Task_29 	|	 0.3	|	166912.0	|	18500	|	0.00
2014-12-17 01:07:28.515634 	|	 VM_Task_29 	|	 0.097	|	139264.0	|	4292	|	98.78
2014-12-17 01:07:34.624028 	|	 VM_Task_29 	|	 0.0	|	139264.0	|	4292	|	94.90
2014-12-17 01:07:40.671748 	|	 VM_Task_29 	|	 0.143	|	139264.0	|	4292	|	94.06
2014-12-17 01:07:46.695918 	|	 VM_Task_29 	|	 0.166	|	149504.0	|	13380	|	0.00
2014-12-17 01:07:52.719786 	|	 VM_Task_29 	|	 0.163	|	149504.0	|	13380	|	0.00
2014-12-17 01:08:03.161434 	|	 VM_Task_29 	|	 0.516	|	188416.0	|	38980	|	0.00
2014-12-17 01:08:09.185437 	|	 VM_Task_29 	|	 0.1	|	178176.0	|	28740	|	0.00
2014-12-17 01:08:15.665657 	|	 VM_Task_29 	|	 0.54	|	175104.0	|	38980	|	61.10
2014-12-17 01:08:21.843972 	|	 VM_Task_29 	|	 0.501	|	174080.0	|	38980	|	56.97
2014-12-17 01:08:27.869286 	|	 VM_Task_29 	|	 0.156	|	204800.0	|	68676	|	93.67
2014-12-17 01:08:33.892935 	|	 VM_Task_29 	|	 0.128	|	204800.0	|	68676	|	0.40
2014-12-17 01:08:43.927133 	|	 VM_Task_29 	|	 0.417	|	167936.0	|	18500	|	56.57
2014-12-17 01:08:49.951625 	|	 VM_Task_29 	|	 0.16	|	162816.0	|	13380	|	0.00
2014-12-17 01:08:56.527598 	|	 VM_Task_29 	|	 0.6	|	169984.0	|	33860	|	52.63
2014-12-17 01:09:02.671508 	|	 VM_Task_29 	|	 0.55	|	168960.0	|	33860	|	72.65
2014-12-17 01:09:10.787103 	|	 VM_Task_29 	|	 0.132	|	143360.0	|	8260	|	100.91
2014-12-17 01:09:16.810754 	|	 VM_Task_29 	|	 0.22	|	148480.0	|	13380	|	95.49
2014-12-17 01:09:22.834913 	|	 VM_Task_29 	|	 0.222	|	149504.0	|	13380	|	85.90
2014-12-17 01:09:28.857194 	|	 VM_Task_29 	|	 0.106	|	149504.0	|	13380	|	0.20
2014-12-17 01:09:34.881275 	|	 VM_Task_29 	|	 0.13	|	149504.0	|	13380	|	0.00
2014-12-17 01:09:40.904028 	|	 VM_Task_29 	|	 0.135	|	149504.0	|	13380	|	0.00
2014-12-17 01:09:46.926019 	|	 VM_Task_29 	|	 0.133	|	149504.0	|	13380	|	0.00
2014-12-17 01:09:52.950163 	|	 VM_Task_29 	|	 0.135	|	149504.0	|	13380	|	0.00
2014-12-17 01:10:05.554867 	|	 VM_Task_29 	|	 0.0	|	159744.0	|	13380	|	102.04
2014-12-17 01:10:12.445961 	|	 VM_Task_29 	|	 0.0	|	145408.0	|	13380	|	103.09
2014-12-17 01:10:18.476183 	|	 VM_Task_29 	|	 0.0	|	145408.0	|	13380	|	103.09
2014-12-17 01:10:24.501765 	|	 VM_Task_29 	|	 0.0	|	145408.0	|	13380	|	103.09
2014-12-17 01:10:30.523567 	|	 VM_Task_29 	|	 0.0	|	145408.0	|	13380	|	0.00
2014-12-17 01:10:36.618981 	|	 VM_Task_29 	|	 0.0	|	155648.0	|	13380	|	104.17
2014-12-17 01:10:42.651327 	|	 VM_Task_29 	|	 0.0	|	159744.0	|	13380	|	100.00
2014-12-17 01:10:49.354494 	|	 VM_Task_29 	|	 0.0	|	158720.0	|	13380	|	100.00
2014-12-17 01:10:55.212821 	|	 VM_Task_29 	|	 0.0	|	145408.0	|	13380	|	103.09
2014-12-17 01:11:01.238635 	|	 VM_Task_29 	|	 0.0	|	145408.0	|	13380	|	102.14
2014-12-17 01:11:07.261362 	|	 VM_Task_29 	|	 0.0	|	145408.0	|	13380	|	71.02
2014-12-17 01:11:22.563629 	|	 VM_Task_29 	|	 0.0	|	159744.0	|	13380	|	101.01
2014-12-17 01:11:29.165689 	|	 VM_Task_29 	|	 0.0	|	145408.0	|	13380	|	101.94
2014-12-17 01:11:35.191104 	|	 VM_Task_29 	|	 0.0	|	145408.0	|	13380	|	103.09
2014-12-17 01:11:41.216917 	|	 VM_Task_29 	|	 0.0	|	145408.0	|	13380	|	103.09
2014-12-17 01:11:47.420304 	|	 VM_Task_29 	|	 0.0	|	156672.0	|	13380	|	104.27
2014-12-17 01:11:53.442900 	|	 VM_Task_29 	|	 0.0	|	159744.0	|	13380	|	101.01
2014-12-17 01:12:04.059046 	|	 VM_Task_29 	|	 0.0	|	159744.0	|	13380	|	102.04
2014-12-17 01:12:06.000318 	|	 VM_Task_29 	|	 0.0	|	158720.0	|	13380	|	7.90
2014-12-17 01:12:12.699637 	|	 VM_Task_29 	|	 0.0	|	145408.0	|	13380	|	106.38
2014-12-17 01:12:18.724626 	|	 VM_Task_29 	|	 0.0	|	145408.0	|	13380	|	103.09
2014-12-17 01:12:34.650603 	|	 VM_Task_29 	|	 0.0	|	158720.0	|	13380	|	99.01
2014-12-17 01:12:41.039040 	|	 VM_Task_29 	|	 0.0	|	145408.0	|	13380	|	103.09
2014-12-17 01:12:47.065436 	|	 VM_Task_29 	|	 0.0	|	145408.0	|	13380	|	102.04
2014-12-17 01:12:53.091059 	|	 VM_Task_29 	|	 0.0	|	145408.0	|	13380	|	102.04
2014-12-17 01:12:59.118053 	|	 VM_Task_29 	|	 0.0	|	145408.0	|	13380	|	27.98
2014-12-17 01:13:12.994135 	|	 VM_Task_29 	|	 0.0	|	159744.0	|	13380	|	100.00
2014-12-17 01:13:19.585047 	|	 VM_Task_29 	|	 0.0	|	145408.0	|	13380	|	101.01
2014-12-17 01:13:25.610542 	|	 VM_Task_29 	|	 0.0	|	145408.0	|	13380	|	102.04
2014-12-17 01:13:31.632723 	|	 VM_Task_29 	|	 0.0	|	145408.0	|	13380	|	79.48
2014-12-17 01:13:39.472864 	|	 VM_Task_29 	|	 0.0	|	159744.0	|	13380	|	53.64
2014-12-17 01:13:46.025177 	|	 VM_Task_29 	|	 0.0	|	145408.0	|	13380	|	105.37
2014-12-17 01:13:52.051181 	|	 VM_Task_29 	|	 0.0	|	145408.0	|	13380	|	69.59
2014-12-17 01:13:58.224949 	|	 VM_Task_29 	|	 0.0	|	157696.0	|	13380	|	104.27
2014-12-17 01:14:04.251330 	|	 VM_Task_29 	|	 0.0	|	159744.0	|	13380	|	100.00
2014-12-17 01:14:10.273286 	|	 VM_Task_29 	|	 0.0	|	158720.0	|	13380	|	0.00
2014-12-17 01:14:17.146675 	|	 VM_Task_29 	|	 0.0	|	145408.0	|	13380	|	102.04
2014-12-17 01:14:23.172732 	|	 VM_Task_29 	|	 0.0	|	145408.0	|	13380	|	102.04
2014-12-17 01:14:29.198878 	|	 VM_Task_29 	|	 0.0	|	145408.0	|	13380	|	102.04
2014-12-17 01:14:46.321324 	|	 VM_Task_29 	|	 0.0	|	159744.0	|	13380	|	100.00
2014-12-17 01:14:52.876145 	|	 VM_Task_29 	|	 0.0	|	145408.0	|	13380	|	100.10
2014-12-17 01:14:58.903552 	|	 VM_Task_29 	|	 0.0	|	145408.0	|	13380	|	102.04
2014-12-17 01:15:04.930760 	|	 VM_Task_29 	|	 0.0	|	145408.0	|	13380	|	101.01
2014-12-17 01:15:10.955687 	|	 VM_Task_29 	|	 0.0	|	145408.0	|	13380	|	103.09
2014-12-17 01:15:16.981771 	|	 VM_Task_29 	|	 0.0	|	145408.0	|	13380	|	84.90
2014-12-17 01:15:23.327628 	|	 VM_Task_29 	|	 0.0	|	156672.0	|	13380	|	105.26
2014-12-17 01:15:29.358994 	|	 VM_Task_29 	|	 0.0	|	159744.0	|	13380	|	101.01
2014-12-17 01:15:35.376600 	|	 VM_Task_29 	|	 0.0	|	159744.0	|	13380	|	40.71
2014-12-17 01:15:41.681542 	|	 VM_Task_29 	|	 0.0	|	145408.0	|	13380	|	102.04
2014-12-17 01:15:47.702542 	|	 VM_Task_29 	|	 0.0	|	145408.0	|	13380	|	100.00
2014-12-17 01:15:53.724574 	|	 VM_Task_29 	|	 0.0	|	145408.0	|	13380	|	101.11
2014-12-17 01:15:59.746586 	|	 VM_Task_29 	|	 0.0	|	145408.0	|	13380	|	101.01
2014-12-17 01:16:05.769513 	|	 VM_Task_29 	|	 0.0	|	145408.0	|	13380	|	100.00
2014-12-17 01:16:11.793894 	|	 VM_Task_29 	|	 0.0	|	145408.0	|	13380	|	102.04
2014-12-17 01:16:18.259674 	|	 VM_Task_29 	|	 0.0	|	155648.0	|	13380	|	105.26
2014-12-17 01:16:24.282784 	|	 VM_Task_29 	|	 0.0	|	159744.0	|	13380	|	102.04
2014-12-17 01:16:30.305920 	|	 VM_Task_29 	|	 0.0	|	158720.0	|	13380	|	0.00
2014-12-17 01:16:36.893109 	|	 VM_Task_29 	|	 0.0	|	145408.0	|	13380	|	104.17
2014-12-17 01:16:42.918539 	|	 VM_Task_29 	|	 0.0	|	145408.0	|	13380	|	104.17
2014-12-17 01:16:48.942979 	|	 VM_Task_29 	|	 0.0	|	145408.0	|	13380	|	0.00
2014-12-17 01:16:55.143031 	|	 VM_Task_29 	|	 0.0	|	158720.0	|	13380	|	101.01
2014-12-17 01:17:01.165739 	|	 VM_Task_29 	|	 0.0	|	159744.0	|	13380	|	61.12
2014-12-17 01:17:07.752577 	|	 VM_Task_29 	|	 0.0	|	145408.0	|	13380	|	102.04
2014-12-17 01:17:13.777222 	|	 VM_Task_29 	|	 0.0	|	145408.0	|	13380	|	106.38
2014-12-17 01:17:19.931429 	|	 VM_Task_29 	|	 0.0	|	158720.0	|	13380	|	103.09
2014-12-17 01:17:25.959129 	|	 VM_Task_29 	|	 0.0	|	159744.0	|	13380	|	102.04
2014-12-17 01:17:32.264211 	|	 VM_Task_29 	|	 0.0	|	158720.0	|	13380	|	7.58
2014-12-17 01:17:38.692948 	|	 VM_Task_29 	|	 0.0	|	145408.0	|	13380	|	103.09
2014-12-17 01:17:44.686399 	|	 VM_Task_29 	|	 0.0	|	145408.0	|	13380	|	102.04
2014-12-17 01:17:50.709914 	|	 VM_Task_29 	|	 0.0	|	145408.0	|	13380	|	0.00
2014-12-17 01:18:06.735019 	|	 VM_Task_29 	|	 0.0	|	159744.0	|	13380	|	77.40
2014-12-17 01:18:13.407174 	|	 VM_Task_29 	|	 0.0	|	145408.0	|	13380	|	100.00
2014-12-17 01:18:19.433758 	|	 VM_Task_29 	|	 0.0	|	145408.0	|	13380	|	103.09
2014-12-17 01:18:25.459054 	|	 VM_Task_29 	|	 0.0	|	145408.0	|	13380	|	102.04
2014-12-17 01:18:31.484850 	|	 VM_Task_29 	|	 0.0	|	145408.0	|	13380	|	105.26
2014-12-17 01:18:37.589245 	|	 VM_Task_29 	|	 0.0	|	145408.0	|	13380	|	25.45
2014-12-17 01:18:52.536154 	|	 VM_Task_29 	|	 0.0	|	159744.0	|	13380	|	102.04
2014-12-17 01:18:59.118456 	|	 VM_Task_29 	|	 0.0	|	145408.0	|	13380	|	102.99
2014-12-17 01:19:05.145557 	|	 VM_Task_29 	|	 0.0	|	145408.0	|	13380	|	100.00
2014-12-17 01:19:11.170796 	|	 VM_Task_29 	|	 0.0	|	145408.0	|	13380	|	101.01
2014-12-17 01:19:17.195663 	|	 VM_Task_29 	|	 0.0	|	145408.0	|	13380	|	104.06
2014-12-17 01:19:23.220092 	|	 VM_Task_29 	|	 0.0	|	145408.0	|	13380	|	80.41
2014-12-17 01:19:37.650557 	|	 VM_Task_29 	|	 0.0	|	159744.0	|	13380	|	101.01
2014-12-17 01:19:44.490701 	|	 VM_Task_29 	|	 0.0	|	145408.0	|	13380	|	103.09
2014-12-17 01:19:50.517060 	|	 VM_Task_29 	|	 0.0	|	145408.0	|	13380	|	102.04
2014-12-17 01:19:56.548894 	|	 VM_Task_29 	|	 0.0	|	144384.0	|	13380	|	102.04
2014-12-17 01:20:02.578498 	|	 VM_Task_29 	|	 0.0	|	146432.0	|	13380	|	100.00
2014-12-17 01:20:08.828746 	|	 VM_Task_29 	|	 0.0	|	154624.0	|	13380	|	104.17
2014-12-17 01:20:14.856042 	|	 VM_Task_29 	|	 0.0	|	159744.0	|	13380	|	100.00
2014-12-17 01:20:20.873359 	|	 VM_Task_29 	|	 0.0	|	158720.0	|	13380	|	0.00
2014-12-17 01:20:27.440705 	|	 VM_Task_29 	|	 0.0	|	145408.0	|	13380	|	106.38
2014-12-17 01:20:33.466970 	|	 VM_Task_29 	|	 0.0	|	145408.0	|	13380	|	102.04
2014-12-17 01:20:39.492837 	|	 VM_Task_29 	|	 0.0	|	145408.0	|	13380	|	19.20
2014-12-17 01:20:45.682996 	|	 VM_Task_29 	|	 0.0	|	157696.0	|	13380	|	104.17
2014-12-17 01:20:51.705459 	|	 VM_Task_29 	|	 0.0	|	159744.0	|	13380	|	102.04
2014-12-17 01:20:58.250794 	|	 VM_Task_29 	|	 0.0	|	145408.0	|	13380	|	102.04
2014-12-17 01:21:04.276627 	|	 VM_Task_29 	|	 0.0	|	145408.0	|	13380	|	103.09
2014-12-17 01:21:10.441527 	|	 VM_Task_29 	|	 0.0	|	157696.0	|	13380	|	104.17
2014-12-17 01:21:16.466196 	|	 VM_Task_29 	|	 0.0	|	159744.0	|	13380	|	101.01
2014-12-17 01:21:22.488857 	|	 VM_Task_29 	|	 0.0	|	158720.0	|	13380	|	0.00
2014-12-17 01:21:29.150379 	|	 VM_Task_29 	|	 0.0	|	145408.0	|	13380	|	101.01
2014-12-17 01:21:35.175565 	|	 VM_Task_29 	|	 0.0	|	145408.0	|	13380	|	106.38
2014-12-17 01:21:41.200984 	|	 VM_Task_29 	|	 0.0	|	145408.0	|	13380	|	0.00
2014-12-17 01:21:57.377929 	|	 VM_Task_29 	|	 0.0	|	159744.0	|	13380	|	100.10
2014-12-17 01:22:03.813497 	|	 VM_Task_29 	|	 0.0	|	145408.0	|	13380	|	103.09
2014-12-17 01:22:09.840033 	|	 VM_Task_29 	|	 0.0	|	145408.0	|	13380	|	102.04
2014-12-17 01:22:15.866874 	|	 VM_Task_29 	|	 0.0	|	145408.0	|	13380	|	101.01
2014-12-17 01:22:21.892529 	|	 VM_Task_29 	|	 0.0	|	145408.0	|	13380	|	102.04
2014-12-17 01:22:27.916578 	|	 VM_Task_29 	|	 0.0	|	145408.0	|	13380	|	0.00
2014-12-17 01:22:43.590851 	|	 VM_Task_29 	|	 0.0	|	159744.0	|	13380	|	102.04
2014-12-17 01:22:50.744688 	|	 VM_Task_29 	|	 0.0	|	145408.0	|	13380	|	101.01
2014-12-17 01:22:56.770597 	|	 VM_Task_29 	|	 0.0	|	145408.0	|	13380	|	104.17
2014-12-17 01:23:02.796678 	|	 VM_Task_29 	|	 0.0	|	145408.0	|	13380	|	101.01
2014-12-17 01:23:08.823369 	|	 VM_Task_29 	|	 0.0	|	145408.0	|	13380	|	100.00
2014-12-17 01:23:14.849937 	|	 VM_Task_29 	|	 0.0	|	145408.0	|	13380	|	26.36
2014-12-17 01:23:23.748096 	|	 VM_Task_29 	|	 0.0	|	156672.0	|	13380	|	103.09
2014-12-17 01:23:29.778057 	|	 VM_Task_29 	|	 0.0	|	159744.0	|	13380	|	99.01
2014-12-17 01:23:35.803109 	|	 VM_Task_29 	|	 0.0	|	158720.0	|	13380	|	0.00
2014-12-17 01:23:42.417312 	|	 VM_Task_29 	|	 0.0	|	145408.0	|	13380	|	103.09
2014-12-17 01:23:48.443741 	|	 VM_Task_29 	|	 0.0	|	145408.0	|	13380	|	101.01
2014-12-17 01:23:54.470199 	|	 VM_Task_29 	|	 0.0	|	145408.0	|	13380	|	103.09
2014-12-17 01:24:00.495133 	|	 VM_Task_29 	|	 0.0	|	145408.0	|	13380	|	102.04
2014-12-17 01:24:06.520194 	|	 VM_Task_29 	|	 0.0	|	145408.0	|	13380	|	0.00
2014-12-17 01:24:15.308453 	|	 VM_Task_29 	|	 0.0	|	159744.0	|	13380	|	101.01
2014-12-17 01:24:21.337636 	|	 VM_Task_29 	|	 0.0	|	159744.0	|	13380	|	102.04
2014-12-17 01:24:27.869695 	|	 VM_Task_29 	|	 0.0	|	145408.0	|	13380	|	103.09
2014-12-17 01:24:33.895311 	|	 VM_Task_29 	|	 0.0	|	145408.0	|	13380	|	103.20
2014-12-17 01:24:39.920287 	|	 VM_Task_29 	|	 0.0	|	145408.0	|	13380	|	103.09
2014-12-17 01:24:45.945161 	|	 VM_Task_29 	|	 0.0	|	145408.0	|	13380	|	102.14
2014-12-17 01:24:55.673881 	|	 VM_Task_29 	|	 0.0	|	158720.0	|	13380	|	102.04
2014-12-17 01:25:01.702490 	|	 VM_Task_29 	|	 0.0	|	159744.0	|	13380	|	101.01
2014-12-17 01:25:08.315930 	|	 VM_Task_29 	|	 0.0	|	145408.0	|	13380	|	104.17
2014-12-17 01:25:14.340215 	|	 VM_Task_29 	|	 0.0	|	145408.0	|	13380	|	103.09
2014-12-17 01:25:20.365129 	|	 VM_Task_29 	|	 0.0	|	145408.0	|	13380	|	57.55
2014-12-17 01:25:26.566658 	|	 VM_Task_29 	|	 0.0	|	157696.0	|	13380	|	105.26
2014-12-17 01:25:32.595279 	|	 VM_Task_29 	|	 0.0	|	159744.0	|	13380	|	101.01
2014-12-17 01:25:39.122067 	|	 VM_Task_29 	|	 0.0	|	145408.0	|	13380	|	104.17
2014-12-17 01:25:45.147297 	|	 VM_Task_29 	|	 0.0	|	145408.0	|	13380	|	102.04
2014-12-17 01:25:54.319877 	|	 VM_Task_29 	|	 0.0	|	156672.0	|	13380	|	104.17
2014-12-17 01:26:00.338102 	|	 VM_Task_29 	|	 0.0	|	159744.0	|	13380	|	101.01
2014-12-17 01:26:06.746995 	|	 VM_Task_29 	|	 0.0	|	145408.0	|	13380	|	102.04
2014-12-17 01:26:12.774630 	|	 VM_Task_29 	|	 0.0	|	145408.0	|	13380	|	100.00
2014-12-17 01:26:18.800040 	|	 VM_Task_29 	|	 0.0	|	145408.0	|	13380	|	103.09
2014-12-17 01:26:24.826298 	|	 VM_Task_29 	|	 0.0	|	145408.0	|	13380	|	102.04
2014-12-17 01:26:31.175466 	|	 VM_Task_29 	|	 0.0	|	156672.0	|	13380	|	103.09
2014-12-17 01:26:37.201492 	|	 VM_Task_29 	|	 0.0	|	159744.0	|	13380	|	101.01
2014-12-17 01:26:43.230208 	|	 VM_Task_29 	|	 0.0	|	159744.0	|	13380	|	100.10
2014-12-17 01:26:49.266256 	|	 VM_Task_29 	|	 0.0	|	158720.0	|	13380	|	0.00
2014-12-17 01:26:55.943418 	|	 VM_Task_29 	|	 0.0	|	145408.0	|	13380	|	102.99
2014-12-17 01:27:01.973681 	|	 VM_Task_29 	|	 0.0	|	144384.0	|	13380	|	104.17
2014-12-17 01:27:08.007623 	|	 VM_Task_29 	|	 0.0	|	144384.0	|	13380	|	104.17
2014-12-17 01:27:14.036688 	|	 VM_Task_29 	|	 0.0	|	146432.0	|	13380	|	0.00
2014-12-17 01:27:29.673623 	|	 VM_Task_29 	|	 0.0	|	159744.0	|	13380	|	101.01
2014-12-17 01:27:36.249395 	|	 VM_Task_29 	|	 0.0	|	145408.0	|	13380	|	103.09
2014-12-17 01:27:42.274731 	|	 VM_Task_29 	|	 0.0	|	145408.0	|	13380	|	102.04
2014-12-17 01:27:48.301194 	|	 VM_Task_29 	|	 0.0	|	145408.0	|	13380	|	102.14
2014-12-17 01:27:54.327732 	|	 VM_Task_29 	|	 0.0	|	145408.0	|	13380	|	104.17
2014-12-17 01:28:00.351601 	|	 VM_Task_29 	|	 0.0	|	145408.0	|	13380	|	82.81
2014-12-17 01:28:12.751930 	|	 VM_Task_29 	|	 0.0	|	159744.0	|	13380	|	102.04
2014-12-17 01:28:19.310663 	|	 VM_Task_29 	|	 0.0	|	145408.0	|	13380	|	106.38
2014-12-17 01:28:25.337148 	|	 VM_Task_29 	|	 0.0	|	145408.0	|	13380	|	103.09
2014-12-17 01:28:31.363693 	|	 VM_Task_29 	|	 0.0	|	145408.0	|	13380	|	103.09
2014-12-17 01:28:37.547816 	|	 VM_Task_29 	|	 0.0	|	157696.0	|	13380	|	105.37
2014-12-17 01:28:43.571872 	|	 VM_Task_29 	|	 0.0	|	159744.0	|	13380	|	101.01
2014-12-17 01:28:49.595076 	|	 VM_Task_29 	|	 0.0	|	158720.0	|	13380	|	0.00
2014-12-17 01:28:56.151576 	|	 VM_Task_29 	|	 0.0	|	145408.0	|	13380	|	103.09
2014-12-17 01:29:02.176752 	|	 VM_Task_29 	|	 0.0	|	145408.0	|	13380	|	104.17
2014-12-17 01:29:08.365741 	|	 VM_Task_29 	|	 0.0	|	158720.0	|	13380	|	102.14
2014-12-17 01:29:14.387425 	|	 VM_Task_29 	|	 0.0	|	158720.0	|	13380	|	71.22
2014-12-17 01:29:20.976183 	|	 VM_Task_29 	|	 0.0	|	145408.0	|	13380	|	103.09
2014-12-17 01:29:27.002293 	|	 VM_Task_29 	|	 0.0	|	145408.0	|	13380	|	103.09
2014-12-17 01:29:33.186022 	|	 VM_Task_29 	|	 0.0	|	157696.0	|	13380	|	104.17
2014-12-17 01:29:39.211297 	|	 VM_Task_29 	|	 0.0	|	159744.0	|	13380	|	102.04
2014-12-17 01:29:45.690373 	|	 VM_Task_29 	|	 0.0	|	158720.0	|	13380	|	16.87
2014-12-17 01:29:52.353832 	|	 VM_Task_29 	|	 0.0	|	145408.0	|	13380	|	100.91
2014-12-17 01:29:58.379641 	|	 VM_Task_29 	|	 0.0	|	145408.0	|	13380	|	103.20
2014-12-17 01:30:04.407296 	|	 VM_Task_29 	|	 0.0	|	145408.0	|	13380	|	106.38
2014-12-17 01:30:10.504696 	|	 VM_Task_29 	|	 0.0	|	145408.0	|	13380	|	21.01
2014-12-17 01:30:21.646293 	|	 VM_Task_29 	|	 0.0	|	159744.0	|	13380	|	100.10
2014-12-17 01:30:28.024157 	|	 VM_Task_29 	|	 0.0	|	145408.0	|	13380	|	102.04
2014-12-17 01:30:34.049041 	|	 VM_Task_29 	|	 0.0	|	145408.0	|	13380	|	103.09
2014-12-17 01:30:40.075188 	|	 VM_Task_29 	|	 0.0	|	145408.0	|	13380	|	102.14
2014-12-17 01:30:46.102389 	|	 VM_Task_29 	|	 0.0	|	145408.0	|	13380	|	103.09
2014-12-17 01:30:52.279972 	|	 VM_Task_29 	|	 0.0	|	155648.0	|	13380	|	104.17
2014-12-17 01:30:58.306753 	|	 VM_Task_29 	|	 0.0	|	159744.0	|	13380	|	100.00
2014-12-17 01:31:04.329337 	|	 VM_Task_29 	|	 0.0	|	158720.0	|	13380	|	0.00
2014-12-17 01:31:10.893410 	|	 VM_Task_29 	|	 0.0	|	145408.0	|	13380	|	104.17
2014-12-17 01:31:16.920401 	|	 VM_Task_29 	|	 0.0	|	145408.0	|	13380	|	102.04
2014-12-17 01:31:22.945186 	|	 VM_Task_29 	|	 0.0	|	145408.0	|	13380	|	37.88
2014-12-17 01:31:29.113283 	|	 VM_Task_29 	|	 0.0	|	158720.0	|	13380	|	101.01
2014-12-17 01:31:35.140287 	|	 VM_Task_29 	|	 0.0	|	159744.0	|	13380	|	101.01
2014-12-17 01:31:41.161381 	|	 VM_Task_29 	|	 0.0	|	158720.0	|	13380	|	58.37
2014-12-17 01:31:47.739497 	|	 VM_Task_29 	|	 0.0	|	145408.0	|	13380	|	102.99
2014-12-17 01:31:53.763609 	|	 VM_Task_29 	|	 0.0	|	145408.0	|	13380	|	104.27
2014-12-17 01:32:05.485893 	|	 VM_Task_29 	|	 0.0	|	159744.0	|	13380	|	72.60
2014-12-17 01:32:12.237366 	|	 VM_Task_29 	|	 0.0	|	145408.0	|	13380	|	103.09
2014-12-17 01:32:18.265090 	|	 VM_Task_29 	|	 0.0	|	145408.0	|	13380	|	103.09
2014-12-17 01:32:24.288812 	|	 VM_Task_29 	|	 0.0	|	145408.0	|	13380	|	0.00
2014-12-17 01:32:36.830719 	|	 VM_Task_29 	|	 0.0	|	159744.0	|	13380	|	68.69
2014-12-17 01:32:43.930741 	|	 VM_Task_29 	|	 0.0	|	145408.0	|	13380	|	102.04
2014-12-17 01:32:49.956608 	|	 VM_Task_29 	|	 0.0	|	145408.0	|	13380	|	104.17
2014-12-17 01:32:55.982749 	|	 VM_Task_29 	|	 0.0	|	145408.0	|	13380	|	105.26
2014-12-17 01:33:02.371394 	|	 VM_Task_29 	|	 0.0	|	149504.0	|	13380	|	103.20
2014-12-17 01:33:08.398297 	|	 VM_Task_29 	|	 0.0	|	159744.0	|	13380	|	101.01
2014-12-17 01:33:14.422208 	|	 VM_Task_29 	|	 0.0	|	159744.0	|	13380	|	96.53
2014-12-17 01:33:21.018306 	|	 VM_Task_29 	|	 0.0	|	145408.0	|	13380	|	102.99
2014-12-17 01:33:27.044592 	|	 VM_Task_29 	|	 0.0	|	145408.0	|	13380	|	102.04
2014-12-17 01:33:33.071844 	|	 VM_Task_29 	|	 0.0	|	145408.0	|	13380	|	103.09
2014-12-17 01:33:39.097761 	|	 VM_Task_29 	|	 0.0	|	145408.0	|	13380	|	103.09
2014-12-17 01:33:45.266246 	|	 VM_Task_29 	|	 0.0	|	159744.0	|	13380	|	101.01
2014-12-17 01:33:51.287600 	|	 VM_Task_29 	|	 0.0	|	159744.0	|	13380	|	101.01
2014-12-17 01:33:57.311445 	|	 VM_Task_29 	|	 0.0	|	159744.0	|	13380	|	61.62
2014-12-17 01:34:03.616279 	|	 VM_Task_29 	|	 0.0	|	145408.0	|	13380	|	104.17
2014-12-17 01:34:09.642066 	|	 VM_Task_29 	|	 0.0	|	145408.0	|	13380	|	103.09
2014-12-17 01:34:15.669775 	|	 VM_Task_29 	|	 0.0	|	145408.0	|	13380	|	102.14
2014-12-17 01:34:21.696386 	|	 VM_Task_29 	|	 0.0	|	145408.0	|	13380	|	102.04
2014-12-17 01:34:28.013034 	|	 VM_Task_29 	|	 0.0	|	155648.0	|	13380	|	104.17
2014-12-17 01:34:34.041793 	|	 VM_Task_29 	|	 0.0	|	159744.0	|	13380	|	100.00
2014-12-17 01:34:40.065926 	|	 VM_Task_29 	|	 0.0	|	158720.0	|	13380	|	23.90
2014-12-17 01:34:46.611290 	|	 VM_Task_29 	|	 0.0	|	145408.0	|	13380	|	106.38
2014-12-17 01:34:52.634990 	|	 VM_Task_29 	|	 0.0	|	145408.0	|	13380	|	103.09
2014-12-17 01:34:58.843748 	|	 VM_Task_29 	|	 0.0	|	156672.0	|	13380	|	105.26
2014-12-17 01:35:04.866070 	|	 VM_Task_29 	|	 0.0	|	159744.0	|	13380	|	101.01
2014-12-17 01:35:11.481700 	|	 VM_Task_29 	|	 0.0	|	145408.0	|	13380	|	103.09
2014-12-17 01:35:17.507024 	|	 VM_Task_29 	|	 0.0	|	145408.0	|	13380	|	104.17
2014-12-17 01:35:23.634304 	|	 VM_Task_29 	|	 0.0	|	155648.0	|	13380	|	105.26
2014-12-17 01:35:29.658746 	|	 VM_Task_29 	|	 0.0	|	159744.0	|	13380	|	101.01
2014-12-17 01:35:35.680546 	|	 VM_Task_29 	|	 0.0	|	158720.0	|	13380	|	0.00
2014-12-17 01:35:42.397982 	|	 VM_Task_29 	|	 0.0	|	145408.0	|	13380	|	102.04
2014-12-17 01:35:48.422891 	|	 VM_Task_29 	|	 0.0	|	145408.0	|	13380	|	103.09
2014-12-17 01:35:54.446552 	|	 VM_Task_29 	|	 0.0	|	145408.0	|	13380	|	2.10
2014-12-17 01:36:00.579033 	|	 VM_Task_29 	|	 0.0	|	159744.0	|	13380	|	102.14
2014-12-17 01:36:06.602104 	|	 VM_Task_29 	|	 0.0	|	159744.0	|	13380	|	47.27
2014-12-17 01:36:13.198628 	|	 VM_Task_29 	|	 0.0	|	145408.0	|	13380	|	103.09
2014-12-17 01:36:19.225480 	|	 VM_Task_29 	|	 0.0	|	145408.0	|	13380	|	104.17
2014-12-17 01:36:25.479970 	|	 VM_Task_29 	|	 0.0	|	158720.0	|	13380	|	103.20
2014-12-17 01:36:31.513402 	|	 VM_Task_29 	|	 0.0	|	159744.0	|	13380	|	101.01
2014-12-17 01:36:38.054409 	|	 VM_Task_29 	|	 0.0	|	145408.0	|	13380	|	103.20
2014-12-17 01:36:44.081114 	|	 VM_Task_29 	|	 0.0	|	145408.0	|	13380	|	103.09
2014-12-17 01:36:50.246818 	|	 VM_Task_29 	|	 0.0	|	156672.0	|	13380	|	104.17
2014-12-17 01:36:58.655007 	|	 VM_Task_29 	|	 0.0	|	159744.0	|	13380	|	101.01
2014-12-17 01:37:05.712826 	|	 VM_Task_29 	|	 0.0	|	145408.0	|	13380	|	100.91
2014-12-17 01:37:11.738063 	|	 VM_Task_29 	|	 0.0	|	145408.0	|	13380	|	102.04
2014-12-17 01:37:17.761553 	|	 VM_Task_29 	|	 0.0	|	145408.0	|	13380	|	102.14
2014-12-17 01:37:23.787974 	|	 VM_Task_29 	|	 0.0	|	145408.0	|	13380	|	104.17
2014-12-17 01:37:29.953721 	|	 VM_Task_29 	|	 0.0	|	155648.0	|	13380	|	104.17
2014-12-17 01:37:35.978624 	|	 VM_Task_29 	|	 0.0	|	159744.0	|	13380	|	101.01
2014-12-17 01:37:42.002146 	|	 VM_Task_29 	|	 0.0	|	158720.0	|	13380	|	0.00
2014-12-17 01:37:48.564297 	|	 VM_Task_29 	|	 0.0	|	145408.0	|	13380	|	102.04
2014-12-17 01:37:54.589933 	|	 VM_Task_29 	|	 0.0	|	145408.0	|	13380	|	106.38
2014-12-17 01:38:00.614189 	|	 VM_Task_29 	|	 0.0	|	145408.0	|	13380	|	0.00
2014-12-17 01:38:06.787688 	|	 VM_Task_29 	|	 0.0	|	158720.0	|	13380	|	101.01
2014-12-17 01:38:12.812108 	|	 VM_Task_29 	|	 0.0	|	159744.0	|	13380	|	102.04
2014-12-17 01:38:19.274236 	|	 VM_Task_29 	|	 0.0	|	158720.0	|	13380	|	70.51
2014-12-17 01:38:25.929749 	|	 VM_Task_29 	|	 0.0	|	145408.0	|	13380	|	101.01
2014-12-17 01:38:31.956274 	|	 VM_Task_29 	|	 0.0	|	145408.0	|	13380	|	105.26
2014-12-17 01:38:37.979810 	|	 VM_Task_29 	|	 0.0	|	145408.0	|	13380	|	0.00
2014-12-17 01:38:51.104817 	|	 VM_Task_29 	|	 0.0	|	159744.0	|	13380	|	82.73
2014-12-17 01:38:57.480268 	|	 VM_Task_29 	|	 0.0	|	145408.0	|	13380	|	102.04
2014-12-17 01:39:03.507314 	|	 VM_Task_29 	|	 0.0	|	145408.0	|	13380	|	101.01
2014-12-17 01:39:09.534282 	|	 VM_Task_29 	|	 0.0	|	145408.0	|	13380	|	104.17
2014-12-17 01:39:15.558029 	|	 VM_Task_29 	|	 0.0	|	145408.0	|	13380	|	0.00
2014-12-17 01:39:21.743695 	|	 VM_Task_29 	|	 0.0	|	158720.0	|	13380	|	102.04
2014-12-17 01:39:30.374504 	|	 VM_Task_29 	|	 0.0	|	159744.0	|	13380	|	101.01
2014-12-17 01:39:36.969686 	|	 VM_Task_29 	|	 0.0	|	145408.0	|	13380	|	102.04
2014-12-17 01:39:42.995010 	|	 VM_Task_29 	|	 0.0	|	145408.0	|	13380	|	102.04
2014-12-17 01:39:49.021723 	|	 VM_Task_29 	|	 0.0	|	145408.0	|	13380	|	103.09
2014-12-17 01:39:55.047041 	|	 VM_Task_29 	|	 0.0	|	145408.0	|	13380	|	43.00
2014-12-17 01:40:01.161006 	|	 VM_Task_29 	|	 0.0	|	157696.0	|	13380	|	104.17
2014-12-17 01:40:07.185662 	|	 VM_Task_29 	|	 0.0	|	159744.0	|	13380	|	100.00
2014-12-17 01:40:13.208540 	|	 VM_Task_29 	|	 0.0	|	158720.0	|	13380	|	0.00
2014-12-17 01:40:19.800740 	|	 VM_Task_29 	|	 0.0	|	145408.0	|	13380	|	100.00
2014-12-17 01:40:25.826675 	|	 VM_Task_29 	|	 0.0	|	145408.0	|	13380	|	102.04
2014-12-17 01:40:31.853240 	|	 VM_Task_29 	|	 0.0	|	145408.0	|	13380	|	103.09
2014-12-17 01:40:37.880507 	|	 VM_Task_29 	|	 0.0	|	145408.0	|	13380	|	26.00
2014-12-17 01:40:53.113410 	|	 VM_Task_29 	|	 0.0	|	159744.0	|	13380	|	102.04
2014-12-17 01:40:59.756289 	|	 VM_Task_29 	|	 0.0	|	145408.0	|	13380	|	104.17
2014-12-17 01:41:05.782916 	|	 VM_Task_29 	|	 0.0	|	145408.0	|	13380	|	102.04
2014-12-17 01:41:11.808222 	|	 VM_Task_29 	|	 0.0	|	145408.0	|	13380	|	0.00
2014-12-17 01:41:25.022561 	|	 VM_Task_29 	|	 0.0	|	159744.0	|	13380	|	100.00
2014-12-17 01:41:31.530197 	|	 VM_Task_29 	|	 0.0	|	145408.0	|	13380	|	103.09
2014-12-17 01:41:37.555080 	|	 VM_Task_29 	|	 0.0	|	145408.0	|	13380	|	102.04
2014-12-17 01:41:43.578099 	|	 VM_Task_29 	|	 0.0	|	145408.0	|	13380	|	0.00
2014-12-17 01:41:54.219391 	|	 VM_Task_29 	|	 0.0	|	158720.0	|	13380	|	89.30
2014-12-17 01:42:00.761479 	|	 VM_Task_29 	|	 0.0	|	145408.0	|	13380	|	103.09
2014-12-17 01:42:06.787735 	|	 VM_Task_29 	|	 0.0	|	145408.0	|	13380	|	104.17
2014-12-17 01:42:12.814691 	|	 VM_Task_29 	|	 0.0	|	145408.0	|	13380	|	28.80
2014-12-17 01:42:25.293954 	|	 VM_Task_29 	|	 0.0	|	159744.0	|	13380	|	62.67
2014-12-17 01:42:31.592860 	|	 VM_Task_29 	|	 0.0	|	145408.0	|	13380	|	103.09
2014-12-17 01:42:37.619980 	|	 VM_Task_29 	|	 0.0	|	145408.0	|	13380	|	103.09
2014-12-17 01:42:43.643850 	|	 VM_Task_29 	|	 0.0	|	145408.0	|	13380	|	103.09
2014-12-17 01:42:49.670990 	|	 VM_Task_29 	|	 0.0	|	145408.0	|	13380	|	34.04
2014-12-17 01:43:02.944827 	|	 VM_Task_29 	|	 0.0	|	159744.0	|	13380	|	102.04
2014-12-17 01:43:09.608750 	|	 VM_Task_29 	|	 0.0	|	145408.0	|	13380	|	101.94
2014-12-17 01:43:15.634132 	|	 VM_Task_29 	|	 0.0	|	145408.0	|	13380	|	101.01
2014-12-17 01:43:21.659531 	|	 VM_Task_29 	|	 0.0	|	145408.0	|	13380	|	104.17
2014-12-17 01:43:27.683955 	|	 VM_Task_29 	|	 0.0	|	145408.0	|	13380	|	0.00
2014-12-17 01:43:43.847313 	|	 VM_Task_29 	|	 0.0	|	159744.0	|	13380	|	102.04
2014-12-17 01:43:50.425497 	|	 VM_Task_29 	|	 0.0	|	145408.0	|	13380	|	103.09
2014-12-17 01:43:56.451446 	|	 VM_Task_29 	|	 0.0	|	145408.0	|	13380	|	100.00
2014-12-17 01:44:02.477554 	|	 VM_Task_29 	|	 0.0	|	145408.0	|	13380	|	101.01
2014-12-17 01:44:08.503530 	|	 VM_Task_29 	|	 0.0	|	145408.0	|	13380	|	0.00
2014-12-17 01:44:24.168938 	|	 VM_Task_29 	|	 0.0	|	159744.0	|	13380	|	83.98
2014-12-17 01:44:30.801997 	|	 VM_Task_29 	|	 0.0	|	145408.0	|	13380	|	101.94
2014-12-17 01:44:36.827819 	|	 VM_Task_29 	|	 0.0	|	145408.0	|	13380	|	102.04
2014-12-17 01:44:43.000459 	|	 VM_Task_29 	|	 0.0	|	158720.0	|	13380	|	103.20
2014-12-17 01:44:49.029784 	|	 VM_Task_29 	|	 0.0	|	159744.0	|	13380	|	100.00
2014-12-17 01:44:55.398893 	|	 VM_Task_29 	|	 0.0	|	158720.0	|	13380	|	21.50
2014-12-17 01:45:02.090525 	|	 VM_Task_29 	|	 0.0	|	145408.0	|	13380	|	104.27
2014-12-17 01:45:08.116619 	|	 VM_Task_29 	|	 0.0	|	145408.0	|	13380	|	102.04
2014-12-17 01:45:14.140661 	|	 VM_Task_29 	|	 0.0	|	145408.0	|	13380	|	0.00
2014-12-17 01:45:26.196474 	|	 VM_Task_29 	|	 0.0	|	159744.0	|	13380	|	100.10
2014-12-17 01:45:32.991359 	|	 VM_Task_29 	|	 0.0	|	145408.0	|	13380	|	104.06
2014-12-17 01:45:39.016341 	|	 VM_Task_29 	|	 0.0	|	145408.0	|	13380	|	105.26
2014-12-17 01:45:45.041182 	|	 VM_Task_29 	|	 0.0	|	145408.0	|	13380	|	34.90
2014-12-17 01:45:54.937973 	|	 VM_Task_29 	|	 0.0	|	159744.0	|	13380	|	101.01
2014-12-17 01:46:01.220652 	|	 VM_Task_29 	|	 0.0	|	158720.0	|	13380	|	78.10
2014-12-17 01:46:07.841750 	|	 VM_Task_29 	|	 0.0	|	145408.0	|	13380	|	104.17
2014-12-17 01:46:13.863739 	|	 VM_Task_29 	|	 0.0	|	145408.0	|	13380	|	0.00
2014-12-17 01:46:26.699333 	|	 VM_Task_29 	|	 0.0	|	159744.0	|	13380	|	74.65
2014-12-17 01:46:33.128072 	|	 VM_Task_29 	|	 0.0	|	145408.0	|	13380	|	100.91
2014-12-17 01:46:39.154946 	|	 VM_Task_29 	|	 0.0	|	145408.0	|	13380	|	103.09
2014-12-17 01:46:45.180758 	|	 VM_Task_29 	|	 0.0	|	145408.0	|	13380	|	105.26
2014-12-17 01:46:51.260494 	|	 VM_Task_29 	|	 0.0	|	145408.0	|	13380	|	72.89
2014-12-17 01:47:02.858545 	|	 VM_Task_29 	|	 0.0	|	159744.0	|	13380	|	80.10
2014-12-17 01:47:09.466639 	|	 VM_Task_29 	|	 0.0	|	145408.0	|	13380	|	102.04
2014-12-17 01:47:15.491514 	|	 VM_Task_29 	|	 0.0	|	145408.0	|	13380	|	103.09
2014-12-17 01:47:21.516578 	|	 VM_Task_29 	|	 0.0	|	145408.0	|	13380	|	104.17
2014-12-17 01:47:27.540994 	|	 VM_Task_29 	|	 0.0	|	145408.0	|	13380	|	0.00
2014-12-17 01:47:33.715264 	|	 VM_Task_29 	|	 0.0	|	157696.0	|	13380	|	105.26
2014-12-17 01:47:39.739360 	|	 VM_Task_29 	|	 0.0	|	159744.0	|	13380	|	100.00
2014-12-17 01:47:45.763656 	|	 VM_Task_29 	|	 0.0	|	159744.0	|	13380	|	100.00
2014-12-17 01:47:52.903208 	|	 VM_Task_29 	|	 0.0	|	145408.0	|	13380	|	100.91
2014-12-17 01:47:58.930038 	|	 VM_Task_29 	|	 0.0	|	145408.0	|	13380	|	103.09
2014-12-17 01:48:04.957529 	|	 VM_Task_29 	|	 0.0	|	145408.0	|	13380	|	103.09
2014-12-17 01:48:10.982744 	|	 VM_Task_29 	|	 0.0	|	145408.0	|	13380	|	4.55
2014-12-17 01:48:25.919410 	|	 VM_Task_29 	|	 0.0	|	159744.0	|	13380	|	71.88
2014-12-17 01:48:32.667958 	|	 VM_Task_29 	|	 0.0	|	145408.0	|	13380	|	101.01
2014-12-17 01:48:38.694158 	|	 VM_Task_29 	|	 0.0	|	145408.0	|	13380	|	102.14
2014-12-17 01:48:44.718166 	|	 VM_Task_29 	|	 0.0	|	145408.0	|	13380	|	104.17
2014-12-17 01:48:50.741960 	|	 VM_Task_29 	|	 0.0	|	145408.0	|	13380	|	0.00
2014-12-17 01:49:02.754477 	|	 VM_Task_29 	|	 0.0	|	159744.0	|	13380	|	99.59
2014-12-17 01:49:09.317782 	|	 VM_Task_29 	|	 0.0	|	145408.0	|	13380	|	104.17
2014-12-17 01:49:15.342194 	|	 VM_Task_29 	|	 0.0	|	145408.0	|	13380	|	103.09
2014-12-17 01:49:21.367581 	|	 VM_Task_29 	|	 0.0	|	145408.0	|	13380	|	102.04
2014-12-17 01:49:27.730094 	|	 VM_Task_29 	|	 0.0	|	154624.0	|	13380	|	104.27
2014-12-17 01:49:35.967556 	|	 VM_Task_29 	|	 0.0	|	159744.0	|	13380	|	102.04
2014-12-17 01:49:42.217024 	|	 VM_Task_29 	|	 0.0	|	158720.0	|	13380	|	59.29
2014-12-17 01:49:48.550706 	|	 VM_Task_29 	|	 0.0	|	145408.0	|	13380	|	104.17
2014-12-17 01:49:54.575274 	|	 VM_Task_29 	|	 0.0	|	145408.0	|	13380	|	102.04
2014-12-17 01:50:00.599161 	|	 VM_Task_29 	|	 0.0	|	145408.0	|	13380	|	0.00
2014-12-17 01:50:12.325750 	|	 VM_Task_29 	|	 0.0	|	159744.0	|	13380	|	67.68
2014-12-17 01:50:19.131582 	|	 VM_Task_29 	|	 0.0	|	145408.0	|	13380	|	102.04
2014-12-17 01:50:25.156687 	|	 VM_Task_29 	|	 0.0	|	145408.0	|	13380	|	103.09
2014-12-17 01:50:31.182704 	|	 VM_Task_29 	|	 0.0	|	145408.0	|	13380	|	104.17
2014-12-17 01:50:42.716474 	|	 VM_Task_29 	|	 0.0	|	159744.0	|	13380	|	100.00
2014-12-17 01:50:48.970855 	|	 VM_Task_29 	|	 0.0	|	145408.0	|	13380	|	103.09
2014-12-17 01:50:54.996805 	|	 VM_Task_29 	|	 0.0	|	145408.0	|	13380	|	102.04
2014-12-17 01:51:01.031747 	|	 VM_Task_29 	|	 0.0	|	145408.0	|	13380	|	28.32
2014-12-17 01:51:12.536669 	|	 VM_Task_29 	|	 0.0	|	159744.0	|	13380	|	84.74
2014-12-17 01:51:19.139824 	|	 VM_Task_29 	|	 0.0	|	145408.0	|	13380	|	103.09
2014-12-17 01:51:25.164742 	|	 VM_Task_29 	|	 0.0	|	145408.0	|	13380	|	104.17
2014-12-17 01:51:41.546262 	|	 VM_Task_29 	|	 0.0	|	159744.0	|	13380	|	96.63
2014-12-17 01:51:48.236147 	|	 VM_Task_29 	|	 0.0	|	145408.0	|	13380	|	102.04
2014-12-17 01:51:54.261220 	|	 VM_Task_29 	|	 0.0	|	145408.0	|	13380	|	102.04
2014-12-17 01:52:00.287108 	|	 VM_Task_29 	|	 0.0	|	145408.0	|	13380	|	103.20
2014-12-17 01:52:12.889618 	|	 VM_Task_29 	|	 0.0	|	159744.0	|	13380	|	100.00
2014-12-17 01:52:19.835573 	|	 VM_Task_29 	|	 0.0	|	145408.0	|	13380	|	101.11
2014-12-17 01:52:25.859419 	|	 VM_Task_29 	|	 0.0	|	145408.0	|	13380	|	104.17
2014-12-17 01:52:31.885326 	|	 VM_Task_29 	|	 0.0	|	145408.0	|	13380	|	101.01
2014-12-17 01:52:37.911490 	|	 VM_Task_29 	|	 0.0	|	145408.0	|	13380	|	69.48
2014-12-17 01:52:46.206636 	|	 VM_Task_29 	|	 0.0	|	159744.0	|	13380	|	72.53
2014-12-17 01:52:52.820079 	|	 VM_Task_29 	|	 0.0	|	145408.0	|	13380	|	100.91
2014-12-17 01:52:58.845310 	|	 VM_Task_29 	|	 0.0	|	145408.0	|	13380	|	104.17
2014-12-17 01:53:05.231748 	|	 VM_Task_29 	|	 0.0	|	156672.0	|	13380	|	104.17
2014-12-17 01:53:11.258267 	|	 VM_Task_29 	|	 0.0	|	159744.0	|	13380	|	102.14
2014-12-17 01:53:17.279405 	|	 VM_Task_29 	|	 0.0	|	158720.0	|	13380	|	0.00
2014-12-17 01:53:23.856461 	|	 VM_Task_29 	|	 0.0	|	145408.0	|	13380	|	104.17
2014-12-17 01:53:29.881495 	|	 VM_Task_29 	|	 0.0	|	145408.0	|	13380	|	103.09
2014-12-17 01:53:36.052135 	|	 VM_Task_29 	|	 0.0	|	158720.0	|	13380	|	103.09
2014-12-17 01:53:42.073520 	|	 VM_Task_29 	|	 0.0	|	159744.0	|	13380	|	36.06
2014-12-17 01:53:48.619750 	|	 VM_Task_29 	|	 0.0	|	145408.0	|	13380	|	105.26
2014-12-17 01:53:54.646095 	|	 VM_Task_29 	|	 0.0	|	145408.0	|	13380	|	102.04
2014-12-17 01:54:00.824877 	|	 VM_Task_29 	|	 0.0	|	157696.0	|	13380	|	103.09
2014-12-17 01:54:06.849582 	|	 VM_Task_29 	|	 0.0	|	159744.0	|	13380	|	102.04
2014-12-17 01:54:13.006875 	|	 VM_Task_29 	|	 0.0	|	158720.0	|	13380	|	0.00
2014-12-17 01:54:19.303902 	|	 VM_Task_29 	|	 0.0	|	145408.0	|	13380	|	102.04
2014-12-17 01:54:25.329416 	|	 VM_Task_29 	|	 0.0	|	145408.0	|	13380	|	104.17
2014-12-17 01:54:31.354698 	|	 VM_Task_29 	|	 0.0	|	145408.0	|	13380	|	0.00
2014-12-17 01:54:46.673973 	|	 VM_Task_29 	|	 0.0	|	159744.0	|	13380	|	42.60
2014-12-17 01:54:53.307489 	|	 VM_Task_29 	|	 0.0	|	145408.0	|	13380	|	101.94
2014-12-17 01:54:59.331972 	|	 VM_Task_29 	|	 0.0	|	145408.0	|	13380	|	100.00
2014-12-17 01:55:05.359216 	|	 VM_Task_29 	|	 0.0	|	145408.0	|	13380	|	105.26
2014-12-17 01:55:11.511138 	|	 VM_Task_29 	|	 0.0	|	158720.0	|	13380	|	103.09
2014-12-17 01:55:17.541568 	|	 VM_Task_29 	|	 0.0	|	159744.0	|	13380	|	101.01
2014-12-17 01:55:23.989703 	|	 VM_Task_29 	|	 0.0	|	158720.0	|	13380	|	21.72
2014-12-17 01:55:30.582919 	|	 VM_Task_29 	|	 0.0	|	145408.0	|	13380	|	103.09
2014-12-17 01:55:36.608750 	|	 VM_Task_29 	|	 0.0	|	145408.0	|	13380	|	103.09
2014-12-17 01:55:42.635095 	|	 VM_Task_29 	|	 0.0	|	145408.0	|	13380	|	103.09
2014-12-17 01:55:48.741792 	|	 VM_Task_29 	|	 0.0	|	145408.0	|	13380	|	16.83
2014-12-17 01:56:03.394796 	|	 VM_Task_29 	|	 0.0	|	159744.0	|	13380	|	101.01
2014-12-17 01:56:09.566339 	|	 VM_Task_29 	|	 0.0	|	158720.0	|	13380	|	95.26
2014-12-17 01:56:16.256934 	|	 VM_Task_29 	|	 0.0	|	145408.0	|	13380	|	103.09
2014-12-17 01:56:22.283732 	|	 VM_Task_29 	|	 0.0	|	145408.0	|	13380	|	102.04
2014-12-17 01:56:28.311157 	|	 VM_Task_29 	|	 0.0	|	145408.0	|	13380	|	102.04
2014-12-17 01:56:34.343305 	|	 VM_Task_29 	|	 0.0	|	145408.0	|	13380	|	71.96
2014-12-17 01:56:47.333958 	|	 VM_Task_29 	|	 0.0	|	159744.0	|	13380	|	101.01
2014-12-17 01:56:53.979095 	|	 VM_Task_29 	|	 0.0	|	145408.0	|	13380	|	102.04
2014-12-17 01:57:00.029889 	|	 VM_Task_29 	|	 0.0	|	145408.0	|	13380	|	103.09
2014-12-17 01:57:06.056215 	|	 VM_Task_29 	|	 0.0	|	145408.0	|	13380	|	102.04
2014-12-17 01:57:12.084475 	|	 VM_Task_29 	|	 0.0	|	145408.0	|	13380	|	84.80
2014-12-17 01:57:28.146087 	|	 VM_Task_29 	|	 0.0	|	159744.0	|	13380	|	85.41
2014-12-17 01:57:34.774654 	|	 VM_Task_29 	|	 0.0	|	145408.0	|	13380	|	104.17
2014-12-17 01:57:40.800372 	|	 VM_Task_29 	|	 0.0	|	145408.0	|	13380	|	103.09
2014-12-17 01:57:46.825762 	|	 VM_Task_29 	|	 0.0	|	145408.0	|	13380	|	102.14
2014-12-17 01:57:52.850027 	|	 VM_Task_29 	|	 0.0	|	145408.0	|	13380	|	25.25
2014-12-17 01:58:07.811504 	|	 VM_Task_29 	|	 0.0	|	159744.0	|	13380	|	98.99
2014-12-17 01:58:14.132445 	|	 VM_Task_29 	|	 0.0	|	145408.0	|	13380	|	104.17
2014-12-17 01:58:20.159437 	|	 VM_Task_29 	|	 0.0	|	145408.0	|	13380	|	103.09
2014-12-17 01:58:26.184102 	|	 VM_Task_29 	|	 0.0	|	145408.0	|	13380	|	0.00
2014-12-17 01:58:32.336798 	|	 VM_Task_29 	|	 0.0	|	158720.0	|	13380	|	104.27
2014-12-17 01:58:38.369154 	|	 VM_Task_29 	|	 0.0	|	159744.0	|	13380	|	101.01
2014-12-17 01:58:44.902460 	|	 VM_Task_29 	|	 0.0	|	145408.0	|	13380	|	104.17
2014-12-17 01:58:50.927694 	|	 VM_Task_29 	|	 0.0	|	145408.0	|	13380	|	104.17
2014-12-17 01:58:57.092325 	|	 VM_Task_29 	|	 0.0	|	157696.0	|	13380	|	103.09
2014-12-17 01:59:03.118480 	|	 VM_Task_29 	|	 0.0	|	159744.0	|	13380	|	100.00
2014-12-17 01:59:09.140861 	|	 VM_Task_29 	|	 0.0	|	158720.0	|	13380	|	0.00
2014-12-17 01:59:15.747409 	|	 VM_Task_29 	|	 0.0	|	145408.0	|	13380	|	102.04
2014-12-17 01:59:21.774355 	|	 VM_Task_29 	|	 0.0	|	145408.0	|	13380	|	103.09
2014-12-17 01:59:27.797153 	|	 VM_Task_29 	|	 0.0	|	145408.0	|	13380	|	0.00
2014-12-17 01:59:43.048240 	|	 VM_Task_29 	|	 0.0	|	159744.0	|	13380	|	97.78
2014-12-17 01:59:49.764721 	|	 VM_Task_29 	|	 0.0	|	145408.0	|	13380	|	102.04
2014-12-17 01:59:55.790479 	|	 VM_Task_29 	|	 0.0	|	145408.0	|	13380	|	104.17
2014-12-17 02:00:01.815948 	|	 VM_Task_29 	|	 0.0	|	145408.0	|	13380	|	104.17
2014-12-17 02:00:07.837738 	|	 VM_Task_29 	|	 0.0	|	145408.0	|	13380	|	0.00
2014-12-17 02:00:13.977150 	|	 VM_Task_29 	|	 0.0	|	159744.0	|	13380	|	101.01
2014-12-17 02:00:20.002683 	|	 VM_Task_29 	|	 0.0	|	159744.0	|	13380	|	102.04
2014-12-17 02:00:26.944106 	|	 VM_Task_29 	|	 0.0	|	145408.0	|	13380	|	107.53
2014-12-17 02:00:32.968883 	|	 VM_Task_29 	|	 0.0	|	145408.0	|	13380	|	103.09
2014-12-17 02:00:38.996136 	|	 VM_Task_29 	|	 0.0	|	145408.0	|	13380	|	103.09
2014-12-17 02:00:45.025320 	|	 VM_Task_29 	|	 0.0	|	145408.0	|	13380	|	103.09
2014-12-17 02:00:51.454521 	|	 VM_Task_29 	|	 0.0	|	154624.0	|	13380	|	104.17
2014-12-17 02:00:57.478771 	|	 VM_Task_29 	|	 0.0	|	159744.0	|	13380	|	102.04
2014-12-17 02:01:03.504655 	|	 VM_Task_29 	|	 0.0	|	159744.0	|	13380	|	73.33
2014-12-17 02:01:10.090911 	|	 VM_Task_29 	|	 0.0	|	145408.0	|	13380	|	104.17
2014-12-17 02:01:16.118093 	|	 VM_Task_29 	|	 0.0	|	145408.0	|	13380	|	104.27
2014-12-17 02:01:22.144280 	|	 VM_Task_29 	|	 0.0	|	145408.0	|	13380	|	24.75
2014-12-17 02:01:28.262985 	|	 VM_Task_29 	|	 0.0	|	158720.0	|	13380	|	102.04
2014-12-17 02:01:34.293390 	|	 VM_Task_29 	|	 0.0	|	159744.0	|	13380	|	101.01
2014-12-17 02:01:40.790957 	|	 VM_Task_29 	|	 0.0	|	158720.0	|	13380	|	17.47
2014-12-17 02:01:47.353839 	|	 VM_Task_29 	|	 0.0	|	145408.0	|	13380	|	106.38
2014-12-17 02:01:53.378832 	|	 VM_Task_29 	|	 0.0	|	145408.0	|	13380	|	26.63
2014-12-17 02:02:05.497307 	|	 VM_Task_29 	|	 0.0	|	159744.0	|	13380	|	96.67
2014-12-17 02:02:12.099951 	|	 VM_Task_29 	|	 0.0	|	145408.0	|	13380	|	103.20
2014-12-17 02:02:18.125893 	|	 VM_Task_29 	|	 0.0	|	145408.0	|	13380	|	106.38
2014-12-17 02:02:24.266384 	|	 VM_Task_29 	|	 0.0	|	159744.0	|	13380	|	102.04
2014-12-17 02:02:30.293843 	|	 VM_Task_29 	|	 0.0	|	159744.0	|	13380	|	101.01
2014-12-17 02:02:36.455101 	|	 VM_Task_29 	|	 0.0	|	158720.0	|	13380	|	90.20
2014-12-17 02:02:42.983564 	|	 VM_Task_29 	|	 0.0	|	145408.0	|	13380	|	103.09
2014-12-17 02:02:49.011108 	|	 VM_Task_29 	|	 0.0	|	145408.0	|	13380	|	103.20
2014-12-17 02:02:55.033543 	|	 VM_Task_29 	|	 0.0	|	145408.0	|	13380	|	0.00
2014-12-17 02:03:07.270338 	|	 VM_Task_29 	|	 0.0	|	159744.0	|	13380	|	101.01
2014-12-17 02:03:13.910610 	|	 VM_Task_29 	|	 0.0	|	145408.0	|	13380	|	102.99
2014-12-17 02:03:19.936842 	|	 VM_Task_29 	|	 0.0	|	145408.0	|	13380	|	105.26
2014-12-17 02:03:25.961230 	|	 VM_Task_29 	|	 0.0	|	145408.0	|	13380	|	30.60
2014-12-17 02:03:35.358394 	|	 VM_Task_29 	|	 0.0	|	159744.0	|	13380	|	68.99
2014-12-17 02:03:42.033977 	|	 VM_Task_29 	|	 0.0	|	145408.0	|	13380	|	103.09
2014-12-17 02:03:48.061041 	|	 VM_Task_29 	|	 0.0	|	145408.0	|	13380	|	104.17
2014-12-17 02:03:54.232165 	|	 VM_Task_29 	|	 0.0	|	158720.0	|	13380	|	102.04
2014-12-17 02:04:00.262149 	|	 VM_Task_29 	|	 0.0	|	159744.0	|	13380	|	101.01
2014-12-17 02:04:06.426387 	|	 VM_Task_29 	|	 0.0	|	158720.0	|	13380	|	37.88
2014-12-17 02:04:12.856512 	|	 VM_Task_29 	|	 0.0	|	145408.0	|	13380	|	104.06
2014-12-17 02:04:18.881616 	|	 VM_Task_29 	|	 0.0	|	145408.0	|	13380	|	103.09
2014-12-17 02:04:24.908337 	|	 VM_Task_29 	|	 0.0	|	145408.0	|	13380	|	103.09
2014-12-17 02:04:30.930173 	|	 VM_Task_29 	|	 0.0	|	145408.0	|	13380	|	0.00
2014-12-17 02:04:44.904435 	|	 VM_Task_29 	|	 0.0	|	159744.0	|	13380	|	44.24
2014-12-17 02:04:51.561681 	|	 VM_Task_29 	|	 0.0	|	145408.0	|	13380	|	101.11
2014-12-17 02:04:57.585944 	|	 VM_Task_29 	|	 0.0	|	145408.0	|	13380	|	103.09
2014-12-17 02:05:03.612043 	|	 VM_Task_29 	|	 0.0	|	145408.0	|	13380	|	103.09
2014-12-17 02:05:09.637692 	|	 VM_Task_29 	|	 0.0	|	145408.0	|	13380	|	0.30
2014-12-17 02:05:24.761804 	|	 VM_Task_29 	|	 0.0	|	159744.0	|	13380	|	72.70
2014-12-17 02:05:31.466110 	|	 VM_Task_29 	|	 0.0	|	145408.0	|	13380	|	101.94
2014-12-17 02:05:37.491770 	|	 VM_Task_29 	|	 0.0	|	145408.0	|	13380	|	103.09
2014-12-17 02:05:43.516640 	|	 VM_Task_29 	|	 0.0	|	145408.0	|	13380	|	102.04
2014-12-17 02:05:49.541101 	|	 VM_Task_29 	|	 0.0	|	145408.0	|	13380	|	0.00
2014-12-17 02:06:05.070727 	|	 VM_Task_29 	|	 0.0	|	159744.0	|	13380	|	68.60
2014-12-17 02:06:11.703216 	|	 VM_Task_29 	|	 0.0	|	145408.0	|	13380	|	102.04
2014-12-17 02:06:17.729785 	|	 VM_Task_29 	|	 0.0	|	145408.0	|	13380	|	100.00
2014-12-17 02:06:23.754409 	|	 VM_Task_29 	|	 0.0	|	145408.0	|	13380	|	102.04
2014-12-17 02:06:29.780852 	|	 VM_Task_29 	|	 0.0	|	145408.0	|	13380	|	25.67
2014-12-17 02:06:46.810451 	|	 VM_Task_29 	|	 0.0	|	159744.0	|	13380	|	100.00
2014-12-17 02:06:53.947792 	|	 VM_Task_29 	|	 0.0	|	145408.0	|	13380	|	103.09
2014-12-17 02:06:59.973130 	|	 VM_Task_29 	|	 0.0	|	145408.0	|	13380	|	102.04
2014-12-17 02:07:06.000706 	|	 VM_Task_29 	|	 0.0	|	145408.0	|	13380	|	103.20
2014-12-17 02:07:12.026311 	|	 VM_Task_29 	|	 0.0	|	145408.0	|	13380	|	100.00
2014-12-17 02:07:18.051287 	|	 VM_Task_29 	|	 0.0	|	145408.0	|	13380	|	0.00
2014-12-17 02:07:24.205452 	|	 VM_Task_29 	|	 0.0	|	156672.0	|	13380	|	103.09
2014-12-17 02:07:30.231518 	|	 VM_Task_29 	|	 0.0	|	159744.0	|	13380	|	99.01
2014-12-17 02:07:36.259551 	|	 VM_Task_29 	|	 0.0	|	159744.0	|	13380	|	101.01
2014-12-17 02:07:42.540031 	|	 VM_Task_29 	|	 0.0	|	158720.0	|	13380	|	58.04
2014-12-17 02:07:49.243108 	|	 VM_Task_29 	|	 0.0	|	145408.0	|	13380	|	102.04
2014-12-17 02:07:55.269867 	|	 VM_Task_29 	|	 0.0	|	145408.0	|	13380	|	102.04
2014-12-17 02:08:01.296270 	|	 VM_Task_29 	|	 0.0	|	145408.0	|	13380	|	99.01
2014-12-17 02:08:07.322331 	|	 VM_Task_29 	|	 0.0	|	145408.0	|	13380	|	93.03
2014-12-17 02:08:13.498900 	|	 VM_Task_29 	|	 0.0	|	154624.0	|	13380	|	104.17
2014-12-17 02:08:19.525944 	|	 VM_Task_29 	|	 0.0	|	160768.0	|	13380	|	100.00
2014-12-17 02:08:25.550703 	|	 VM_Task_29 	|	 0.0	|	159744.0	|	13380	|	101.11
2014-12-17 02:08:31.573878 	|	 VM_Task_29 	|	 0.0	|	158720.0	|	13380	|	0.00
2014-12-17 02:08:38.310310 	|	 VM_Task_29 	|	 0.0	|	145408.0	|	13380	|	102.04
2014-12-17 02:08:44.336727 	|	 VM_Task_29 	|	 0.0	|	145408.0	|	13380	|	102.04
2014-12-17 02:08:50.363813 	|	 VM_Task_29 	|	 0.0	|	145408.0	|	13380	|	103.09
2014-12-17 02:08:56.389767 	|	 VM_Task_29 	|	 0.0	|	145408.0	|	13380	|	103.09
2014-12-17 02:09:02.417535 	|	 VM_Task_29 	|	 0.0	|	145408.0	|	13380	|	37.76
2014-12-17 02:09:17.405079 	|	 VM_Task_29 	|	 0.0	|	159744.0	|	13380	|	101.01
2014-12-17 02:09:24.234703 	|	 VM_Task_29 	|	 0.0	|	145408.0	|	13380	|	102.04
2014-12-17 02:09:30.258823 	|	 VM_Task_29 	|	 0.0	|	145408.0	|	13380	|	102.04
2014-12-17 02:09:36.287184 	|	 VM_Task_29 	|	 0.0	|	145408.0	|	13380	|	102.04
2014-12-17 02:09:42.313719 	|	 VM_Task_29 	|	 0.0	|	145408.0	|	13380	|	102.04
2014-12-17 02:09:48.342436 	|	 VM_Task_29 	|	 0.0	|	146432.0	|	13380	|	20.40
2014-12-17 02:09:54.517129 	|	 VM_Task_29 	|	 0.0	|	156672.0	|	13380	|	102.04
2014-12-17 02:10:00.542259 	|	 VM_Task_29 	|	 0.0	|	160768.0	|	13380	|	100.00
2014-12-17 02:10:06.570314 	|	 VM_Task_29 	|	 0.0	|	159744.0	|	13380	|	102.14
2014-12-17 02:10:12.852993 	|	 VM_Task_29 	|	 0.0	|	158720.0	|	13380	|	33.10
2014-12-17 02:10:19.555718 	|	 VM_Task_29 	|	 0.0	|	145408.0	|	13380	|	101.94
2014-12-17 02:10:25.581907 	|	 VM_Task_29 	|	 0.0	|	145408.0	|	13380	|	102.04
2014-12-17 02:10:31.607151 	|	 VM_Task_29 	|	 0.0	|	145408.0	|	13380	|	102.04
2014-12-17 02:10:37.633829 	|	 VM_Task_29 	|	 0.0	|	145408.0	|	13380	|	105.26
2014-12-17 02:10:44.010709 	|	 VM_Task_29 	|	 0.0	|	155648.0	|	13380	|	103.20
2014-12-17 02:10:50.038242 	|	 VM_Task_29 	|	 0.0	|	159744.0	|	13380	|	102.04
2014-12-17 02:10:56.067288 	|	 VM_Task_29 	|	 0.0	|	159744.0	|	13380	|	102.04
2014-12-17 02:11:02.085266 	|	 VM_Task_29 	|	 0.0	|	158720.0	|	13380	|	0.00
2014-12-17 02:11:08.768573 	|	 VM_Task_29 	|	 0.0	|	145408.0	|	13380	|	101.11
2014-12-17 02:11:14.795500 	|	 VM_Task_29 	|	 0.0	|	145408.0	|	13380	|	101.01
2014-12-17 02:11:20.823014 	|	 VM_Task_29 	|	 0.0	|	145408.0	|	13380	|	102.04
2014-12-17 02:11:26.849006 	|	 VM_Task_29 	|	 0.0	|	145408.0	|	13380	|	106.38
2014-12-17 02:11:32.944227 	|	 VM_Task_29 	|	 0.0	|	145408.0	|	13380	|	29.39
2014-12-17 02:11:48.281279 	|	 VM_Task_29 	|	 0.0	|	159744.0	|	13380	|	91.62
2014-12-17 02:11:55.420295 	|	 VM_Task_29 	|	 0.0	|	145408.0	|	13380	|	102.04
2014-12-17 02:12:01.446139 	|	 VM_Task_29 	|	 0.0	|	145408.0	|	13380	|	103.09
2014-12-17 02:12:07.471834 	|	 VM_Task_29 	|	 0.0	|	145408.0	|	13380	|	104.17
2014-12-17 02:12:13.496417 	|	 VM_Task_29 	|	 0.0	|	145408.0	|	13380	|	100.00
2014-12-17 02:12:19.520813 	|	 VM_Task_29 	|	 0.0	|	145408.0	|	13380	|	0.00
2014-12-17 02:12:25.701132 	|	 VM_Task_29 	|	 0.0	|	157696.0	|	13380	|	103.09
2014-12-17 02:12:31.729586 	|	 VM_Task_29 	|	 0.0	|	160768.0	|	13380	|	101.01
2014-12-17 02:12:37.750486 	|	 VM_Task_29 	|	 0.0	|	159744.0	|	13380	|	100.00
2014-12-17 02:12:44.439985 	|	 VM_Task_29 	|	 0.0	|	145408.0	|	13380	|	102.14
2014-12-17 02:12:50.465906 	|	 VM_Task_29 	|	 0.0	|	145408.0	|	13380	|	102.04
2014-12-17 02:12:56.491114 	|	 VM_Task_29 	|	 0.0	|	145408.0	|	13380	|	102.04
2014-12-17 02:13:02.517977 	|	 VM_Task_29 	|	 0.0	|	145408.0	|	13380	|	102.04
2014-12-17 02:13:08.543872 	|	 VM_Task_29 	|	 0.0	|	145408.0	|	13380	|	57.88
2014-12-17 02:13:14.850662 	|	 VM_Task_29 	|	 0.0	|	155648.0	|	13380	|	103.09
2014-12-17 02:13:20.883328 	|	 VM_Task_29 	|	 0.0	|	159744.0	|	13380	|	100.00
2014-12-17 02:13:26.910350 	|	 VM_Task_29 	|	 0.0	|	159744.0	|	13380	|	101.01
2014-12-17 02:13:32.942536 	|	 VM_Task_29 	|	 0.0	|	158720.0	|	13380	|	0.00
2014-12-17 02:13:39.705470 	|	 VM_Task_29 	|	 0.0	|	145408.0	|	13380	|	102.04
2014-12-17 02:13:45.732808 	|	 VM_Task_29 	|	 0.0	|	145408.0	|	13380	|	103.09
2014-12-17 02:13:51.758861 	|	 VM_Task_29 	|	 0.0	|	145408.0	|	13380	|	103.09
2014-12-17 02:13:57.784567 	|	 VM_Task_29 	|	 0.0	|	145408.0	|	13380	|	103.09
2014-12-17 02:14:03.878077 	|	 VM_Task_29 	|	 0.0	|	145408.0	|	13380	|	74.11
2014-12-17 02:14:18.482741 	|	 VM_Task_29 	|	 0.0	|	159744.0	|	13380	|	101.01
2014-12-17 02:14:25.472736 	|	 VM_Task_29 	|	 0.0	|	145408.0	|	13380	|	101.94
2014-12-17 02:14:31.499548 	|	 VM_Task_29 	|	 0.0	|	145408.0	|	13380	|	103.09
2014-12-17 02:14:37.525118 	|	 VM_Task_29 	|	 0.0	|	145408.0	|	13380	|	101.01
2014-12-17 02:14:43.549980 	|	 VM_Task_29 	|	 0.0	|	145408.0	|	13380	|	102.04
2014-12-17 02:14:49.579180 	|	 VM_Task_29 	|	 0.0	|	145408.0	|	13380	|	2.12
2014-12-17 02:14:55.745020 	|	 VM_Task_29 	|	 0.0	|	157696.0	|	13380	|	103.09
2014-12-17 02:15:01.774890 	|	 VM_Task_29 	|	 0.0	|	160768.0	|	13380	|	100.00
2014-12-17 02:15:07.804207 	|	 VM_Task_29 	|	 0.0	|	159744.0	|	13380	|	101.01
2014-12-17 02:15:13.884023 	|	 VM_Task_29 	|	 0.0	|	158720.0	|	13380	|	55.61
2014-12-17 02:15:20.199288 	|	 VM_Task_29 	|	 0.0	|	145408.0	|	13380	|	102.04
2014-12-17 02:15:26.225411 	|	 VM_Task_29 	|	 0.0	|	145408.0	|	13380	|	102.04
2014-12-17 02:15:32.253808 	|	 VM_Task_29 	|	 0.0	|	145408.0	|	13380	|	102.04
2014-12-17 02:15:38.280642 	|	 VM_Task_29 	|	 0.0	|	145408.0	|	13380	|	104.17
2014-12-17 02:15:44.303527 	|	 VM_Task_29 	|	 0.0	|	145408.0	|	13380	|	89.89
2014-12-17 02:15:58.312243 	|	 VM_Task_29 	|	 0.0	|	159744.0	|	13380	|	102.04
2014-12-17 02:16:04.333924 	|	 VM_Task_29 	|	 0.0	|	158720.0	|	13380	|	89.69
2014-12-17 02:16:11.066562 	|	 VM_Task_29 	|	 0.0	|	145408.0	|	13380	|	101.01
2014-12-17 02:16:17.094594 	|	 VM_Task_29 	|	 0.0	|	145408.0	|	13380	|	102.04
2014-12-17 02:16:23.122041 	|	 VM_Task_29 	|	 0.0	|	145408.0	|	13380	|	101.01
2014-12-17 02:16:29.147965 	|	 VM_Task_29 	|	 0.0	|	145408.0	|	13380	|	75.94
2014-12-17 02:16:35.334079 	|	 VM_Task_29 	|	 0.0	|	155648.0	|	13380	|	105.26
2014-12-17 02:16:41.359964 	|	 VM_Task_29 	|	 0.0	|	160768.0	|	13380	|	101.01
2014-12-17 02:16:47.383839 	|	 VM_Task_29 	|	 0.0	|	159744.0	|	13380	|	102.04
2014-12-17 02:16:53.406048 	|	 VM_Task_29 	|	 0.0	|	158720.0	|	13380	|	0.00
2014-12-17 02:17:00.055261 	|	 VM_Task_29 	|	 0.0	|	145408.0	|	13380	|	103.09
2014-12-17 02:17:06.081431 	|	 VM_Task_29 	|	 0.0	|	145408.0	|	13380	|	101.01
2014-12-17 02:17:12.111286 	|	 VM_Task_29 	|	 0.0	|	145408.0	|	13380	|	103.09
2014-12-17 02:17:18.138436 	|	 VM_Task_29 	|	 0.0	|	145408.0	|	13380	|	104.17
2014-12-17 02:17:24.167906 	|	 VM_Task_29 	|	 0.0	|	145408.0	|	13380	|	36.16
2014-12-17 02:17:39.274064 	|	 VM_Task_29 	|	 0.0	|	159744.0	|	13380	|	102.04
2014-12-17 02:17:46.409010 	|	 VM_Task_29 	|	 0.0	|	145408.0	|	13380	|	102.04
2014-12-17 02:17:52.434507 	|	 VM_Task_29 	|	 0.0	|	145408.0	|	13380	|	102.04
2014-12-17 02:17:58.461479 	|	 VM_Task_29 	|	 0.0	|	145408.0	|	13380	|	102.14
2014-12-17 02:18:04.484727 	|	 VM_Task_29 	|	 0.0	|	145408.0	|	13380	|	102.04
2014-12-17 02:18:10.507564 	|	 VM_Task_29 	|	 0.0	|	145408.0	|	13380	|	0.00
2014-12-17 02:18:20.089589 	|	 VM_Task_29 	|	 0.0	|	157696.0	|	13380	|	104.17
2014-12-17 02:18:26.118677 	|	 VM_Task_29 	|	 0.0	|	159744.0	|	13380	|	99.01
2014-12-17 02:18:32.135579 	|	 VM_Task_29 	|	 0.0	|	158720.0	|	13380	|	0.00
2014-12-17 02:18:38.546179 	|	 VM_Task_29 	|	 0.0	|	145408.0	|	13380	|	103.09
2014-12-17 02:18:44.576819 	|	 VM_Task_29 	|	 0.0	|	145408.0	|	13380	|	101.01
2014-12-17 02:18:50.602963 	|	 VM_Task_29 	|	 0.0	|	145408.0	|	13380	|	101.01
2014-12-17 02:18:56.633555 	|	 VM_Task_29 	|	 0.0	|	145408.0	|	13380	|	104.17
2014-12-17 02:19:02.662662 	|	 VM_Task_29 	|	 0.0	|	145408.0	|	13380	|	0.00
2014-12-17 02:19:19.375946 	|	 VM_Task_29 	|	 0.0	|	159744.0	|	13380	|	101.01
2014-12-17 02:19:26.253521 	|	 VM_Task_29 	|	 0.0	|	145408.0	|	13380	|	101.01
2014-12-17 02:19:32.279103 	|	 VM_Task_29 	|	 0.0	|	145408.0	|	13380	|	102.04
2014-12-17 02:19:38.306071 	|	 VM_Task_29 	|	 0.0	|	145408.0	|	13380	|	103.09
2014-12-17 02:19:44.330647 	|	 VM_Task_29 	|	 0.0	|	145408.0	|	13380	|	102.04
2014-12-17 02:19:50.357430 	|	 VM_Task_29 	|	 0.0	|	146432.0	|	13380	|	13.13
2014-12-17 02:19:56.525622 	|	 VM_Task_29 	|	 0.0	|	156672.0	|	13380	|	104.17
2014-12-17 02:20:02.547497 	|	 VM_Task_29 	|	 0.0	|	159744.0	|	13380	|	100.00
2014-12-17 02:20:08.583270 	|	 VM_Task_29 	|	 0.0	|	159744.0	|	13380	|	101.01
2014-12-17 02:20:15.004582 	|	 VM_Task_29 	|	 0.0	|	158720.0	|	13380	|	25.71
2014-12-17 02:20:21.695967 	|	 VM_Task_29 	|	 0.0	|	145408.0	|	13380	|	101.01
2014-12-17 02:20:27.723531 	|	 VM_Task_29 	|	 0.0	|	145408.0	|	13380	|	102.04
2014-12-17 02:20:33.749560 	|	 VM_Task_29 	|	 0.0	|	145408.0	|	13380	|	102.04
2014-12-17 02:20:39.776577 	|	 VM_Task_29 	|	 0.0	|	145408.0	|	13380	|	63.56
2014-12-17 02:20:45.979330 	|	 VM_Task_29 	|	 0.0	|	154624.0	|	13380	|	105.26
2014-12-17 02:20:52.008318 	|	 VM_Task_29 	|	 0.0	|	159744.0	|	13380	|	101.01
2014-12-17 02:20:58.034312 	|	 VM_Task_29 	|	 0.0	|	159744.0	|	13380	|	102.04
2014-12-17 02:21:04.051882 	|	 VM_Task_29 	|	 0.0	|	158720.0	|	13380	|	0.00
2014-12-17 02:21:10.791085 	|	 VM_Task_29 	|	 0.0	|	145408.0	|	13380	|	103.09
2014-12-17 02:21:16.818543 	|	 VM_Task_29 	|	 0.0	|	145408.0	|	13380	|	102.04
2014-12-17 02:21:22.843739 	|	 VM_Task_29 	|	 0.0	|	145408.0	|	13380	|	102.04
2014-12-17 02:21:28.870059 	|	 VM_Task_29 	|	 0.0	|	146432.0	|	13380	|	105.26
2014-12-17 02:21:45.324004 	|	 VM_Task_29 	|	 0.0	|	159744.0	|	13380	|	101.01
2014-12-17 02:21:52.034679 	|	 VM_Task_29 	|	 0.0	|	145408.0	|	13380	|	105.26
2014-12-17 02:21:58.059883 	|	 VM_Task_29 	|	 0.0	|	145408.0	|	13380	|	102.04
2014-12-17 02:22:04.086330 	|	 VM_Task_29 	|	 0.0	|	145408.0	|	13380	|	102.14
2014-12-17 02:22:10.112423 	|	 VM_Task_29 	|	 0.0	|	145408.0	|	13380	|	101.01
2014-12-17 02:22:16.620435 	|	 VM_Task_29 	|	 0.0	|	155648.0	|	13380	|	105.26
2014-12-17 02:22:22.651396 	|	 VM_Task_29 	|	 0.0	|	160768.0	|	13380	|	101.01
2014-12-17 02:22:28.681932 	|	 VM_Task_29 	|	 0.0	|	159744.0	|	13380	|	101.01
2014-12-17 02:22:35.255324 	|	 VM_Task_29 	|	 0.0	|	145408.0	|	13380	|	104.17
2014-12-17 02:22:41.284669 	|	 VM_Task_29 	|	 0.0	|	145408.0	|	13380	|	108.70
2014-12-17 02:22:47.446965 	|	 VM_Task_29 	|	 0.0	|	156672.0	|	13380	|	104.17
2014-12-17 02:22:53.474102 	|	 VM_Task_29 	|	 0.0	|	159744.0	|	13380	|	101.01
2014-12-17 02:23:00.200075 	|	 VM_Task_29 	|	 0.0	|	145408.0	|	13380	|	102.04
2014-12-17 02:23:06.229773 	|	 VM_Task_29 	|	 0.0	|	145408.0	|	13380	|	104.27
2014-12-17 02:23:12.260711 	|	 VM_Task_29 	|	 0.0	|	146432.0	|	13380	|	55.35
2014-12-17 02:23:19.627059 	|	 VM_Task_29 	|	 0.0	|	158720.0	|	13380	|	103.09
2014-12-17 02:23:25.657900 	|	 VM_Task_29 	|	 0.0	|	159744.0	|	13380	|	102.04
2014-12-17 02:23:32.278453 	|	 VM_Task_29 	|	 0.0	|	145408.0	|	13380	|	103.09
2014-12-17 02:23:38.305871 	|	 VM_Task_29 	|	 0.0	|	145408.0	|	13380	|	103.09
2014-12-17 02:23:44.332546 	|	 VM_Task_29 	|	 0.0	|	145408.0	|	13380	|	101.01
2014-12-17 02:23:50.357972 	|	 VM_Task_29 	|	 0.0	|	146432.0	|	13380	|	100.00
2014-12-17 02:23:56.713335 	|	 VM_Task_29 	|	 0.0	|	154624.0	|	13380	|	104.17
2014-12-17 02:24:02.739610 	|	 VM_Task_29 	|	 0.0	|	160768.0	|	13380	|	101.01
2014-12-17 02:24:08.768142 	|	 VM_Task_29 	|	 0.0	|	159744.0	|	13380	|	101.01
2014-12-17 02:24:15.361431 	|	 VM_Task_29 	|	 0.0	|	145408.0	|	13380	|	102.04
2014-12-17 02:24:21.387322 	|	 VM_Task_29 	|	 0.0	|	145408.0	|	13380	|	101.11
2014-12-17 02:24:27.414944 	|	 VM_Task_29 	|	 0.0	|	145408.0	|	13380	|	101.01
2014-12-17 02:24:33.440901 	|	 VM_Task_29 	|	 0.0	|	145408.0	|	13380	|	0.00
2014-12-17 02:24:44.628806 	|	 VM_Task_29 	|	 0.0	|	159744.0	|	13380	|	102.04
2014-12-17 02:24:51.216147 	|	 VM_Task_29 	|	 0.0	|	145408.0	|	13380	|	102.99
2014-12-17 02:24:57.242999 	|	 VM_Task_29 	|	 0.0	|	145408.0	|	13380	|	103.09
2014-12-17 02:25:03.419434 	|	 VM_Task_29 	|	 0.0	|	157696.0	|	13380	|	104.17
2014-12-17 02:25:09.442181 	|	 VM_Task_29 	|	 0.0	|	159744.0	|	13380	|	102.04
2014-12-17 02:25:15.468453 	|	 VM_Task_29 	|	 0.0	|	158720.0	|	13380	|	0.00
2014-12-17 02:25:22.109852 	|	 VM_Task_29 	|	 0.0	|	145408.0	|	13380	|	101.94
2014-12-17 02:25:28.135082 	|	 VM_Task_29 	|	 0.0	|	145408.0	|	13380	|	101.01
2014-12-17 02:25:34.160530 	|	 VM_Task_29 	|	 0.0	|	145408.0	|	13380	|	105.26
2014-12-17 02:25:40.185664 	|	 VM_Task_29 	|	 0.0	|	145408.0	|	13380	|	0.00
2014-12-17 02:25:55.087344 	|	 VM_Task_29 	|	 0.0	|	159744.0	|	13380	|	101.01
2014-12-17 02:26:01.659300 	|	 VM_Task_29 	|	 0.0	|	145408.0	|	13380	|	102.04
2014-12-17 02:26:07.685622 	|	 VM_Task_29 	|	 0.0	|	145408.0	|	13380	|	102.04
2014-12-17 02:26:13.712760 	|	 VM_Task_29 	|	 0.0	|	145408.0	|	13380	|	102.04
2014-12-17 02:26:21.063183 	|	 VM_Task_29 	|	 0.0	|	159744.0	|	13380	|	103.09
2014-12-17 02:26:27.684705 	|	 VM_Task_29 	|	 0.0	|	145408.0	|	13380	|	105.26
2014-12-17 02:26:33.711629 	|	 VM_Task_29 	|	 0.0	|	145408.0	|	13380	|	103.09
2014-12-17 02:26:39.734721 	|	 VM_Task_29 	|	 0.0	|	145408.0	|	13380	|	0.00
2014-12-17 02:26:54.850571 	|	 VM_Task_29 	|	 0.0	|	159744.0	|	13380	|	88.78
2014-12-17 02:27:01.285422 	|	 VM_Task_29 	|	 0.0	|	145408.0	|	13380	|	101.01
2014-12-17 02:27:07.310586 	|	 VM_Task_29 	|	 0.0	|	145408.0	|	13380	|	101.01
2014-12-17 02:27:13.335155 	|	 VM_Task_29 	|	 0.0	|	145408.0	|	13380	|	102.04
2014-12-17 02:27:19.359646 	|	 VM_Task_29 	|	 0.0	|	145408.0	|	13380	|	104.17
2014-12-17 02:27:33.092080 	|	 VM_Task_29 	|	 0.0	|	159744.0	|	13380	|	97.65
2014-12-17 02:27:39.711500 	|	 VM_Task_29 	|	 0.0	|	145408.0	|	13380	|	104.17
2014-12-17 02:27:45.736169 	|	 VM_Task_29 	|	 0.0	|	145408.0	|	13380	|	104.17
2014-12-17 02:27:51.898138 	|	 VM_Task_29 	|	 0.0	|	145408.0	|	13380	|	15.45
2014-12-17 02:28:01.271715 	|	 VM_Task_29 	|	 0.0	|	159744.0	|	13380	|	99.60
2014-12-17 02:28:07.947257 	|	 VM_Task_29 	|	 0.0	|	145408.0	|	13380	|	100.00
2014-12-17 02:28:13.971889 	|	 VM_Task_29 	|	 0.0	|	145408.0	|	13380	|	103.09
2014-12-17 02:28:19.996239 	|	 VM_Task_29 	|	 0.0	|	145408.0	|	13380	|	1.01
2014-12-17 02:28:26.907839 	|	 VM_Task_29 	|	 0.0	|	159744.0	|	13380	|	99.01
2014-12-17 02:28:32.936220 	|	 VM_Task_29 	|	 0.0	|	159744.0	|	13380	|	102.04
2014-12-17 02:28:38.956632 	|	 VM_Task_29 	|	 0.0	|	158720.0	|	13380	|	0.00
2014-12-17 02:28:45.704419 	|	 VM_Task_29 	|	 0.0	|	145408.0	|	13380	|	103.09
2014-12-17 02:28:51.730496 	|	 VM_Task_29 	|	 0.0	|	145408.0	|	13380	|	102.04
2014-12-17 02:28:57.756560 	|	 VM_Task_29 	|	 0.0	|	145408.0	|	13380	|	103.09
2014-12-17 02:29:03.781539 	|	 VM_Task_29 	|	 0.0	|	145408.0	|	13380	|	102.04
2014-12-17 02:29:09.806382 	|	 VM_Task_29 	|	 0.0	|	145408.0	|	13380	|	0.00
2014-12-17 02:29:15.977764 	|	 VM_Task_29 	|	 0.0	|	159744.0	|	13380	|	102.04
2014-12-17 02:29:23.688645 	|	 VM_Task_29 	|	 0.0	|	160768.0	|	13380	|	101.01
2014-12-17 02:29:30.279893 	|	 VM_Task_29 	|	 0.0	|	145408.0	|	13380	|	104.17
2014-12-17 02:29:36.304693 	|	 VM_Task_29 	|	 0.0	|	145408.0	|	13380	|	103.09
2014-12-17 02:29:42.331810 	|	 VM_Task_29 	|	 0.0	|	146432.0	|	13380	|	102.04
2014-12-17 02:29:48.778610 	|	 VM_Task_29 	|	 0.0	|	155648.0	|	13380	|	104.17
2014-12-17 02:29:56.230700 	|	 VM_Task_29 	|	 0.0	|	159744.0	|	13380	|	101.01
2014-12-17 02:30:02.692136 	|	 VM_Task_29 	|	 0.0	|	158720.0	|	13380	|	9.51
2014-12-17 02:30:09.279941 	|	 VM_Task_29 	|	 0.0	|	145408.0	|	13380	|	105.26
2014-12-17 02:30:15.304273 	|	 VM_Task_29 	|	 0.0	|	145408.0	|	13380	|	53.98
2014-12-17 02:30:28.044600 	|	 VM_Task_29 	|	 0.0	|	159744.0	|	13380	|	58.18
2014-12-17 02:30:35.001352 	|	 VM_Task_29 	|	 0.0	|	145408.0	|	13380	|	103.09
2014-12-17 02:30:41.029404 	|	 VM_Task_29 	|	 0.0	|	145408.0	|	13380	|	105.26
2014-12-17 02:30:47.053409 	|	 VM_Task_29 	|	 0.0	|	145408.0	|	13380	|	0.00
2014-12-17 02:30:58.861086 	|	 VM_Task_29 	|	 0.0	|	159744.0	|	13380	|	84.95
2014-12-17 02:31:05.739299 	|	 VM_Task_29 	|	 0.0	|	145408.0	|	13380	|	102.04
2014-12-17 02:31:11.764924 	|	 VM_Task_29 	|	 0.0	|	145408.0	|	13380	|	102.14
2014-12-17 02:31:17.790669 	|	 VM_Task_29 	|	 0.0	|	145408.0	|	13380	|	106.38
2014-12-17 02:31:24.152577 	|	 VM_Task_29 	|	 0.0	|	155648.0	|	13380	|	104.17
2014-12-17 02:31:30.181294 	|	 VM_Task_29 	|	 0.0	|	160768.0	|	13380	|	102.04
2014-12-17 02:31:36.204868 	|	 VM_Task_29 	|	 0.0	|	159744.0	|	13380	|	100.00
2014-12-17 02:31:42.227783 	|	 VM_Task_29 	|	 0.0	|	158720.0	|	13380	|	0.00
2014-12-17 02:31:48.671811 	|	 VM_Task_29 	|	 0.0	|	145408.0	|	13380	|	101.94
2014-12-17 02:31:54.698822 	|	 VM_Task_29 	|	 0.0	|	145408.0	|	13380	|	102.14
2014-12-17 02:32:00.723468 	|	 VM_Task_29 	|	 0.0	|	145408.0	|	13380	|	105.26
2014-12-17 02:32:06.749931 	|	 VM_Task_29 	|	 0.0	|	145408.0	|	13380	|	42.55
2014-12-17 02:32:22.932739 	|	 VM_Task_29 	|	 0.0	|	159744.0	|	13380	|	102.04
2014-12-17 02:32:29.761257 	|	 VM_Task_29 	|	 0.0	|	145408.0	|	13380	|	104.17
2014-12-17 02:32:35.786271 	|	 VM_Task_29 	|	 0.0	|	145408.0	|	13380	|	103.09
2014-12-17 02:32:41.811085 	|	 VM_Task_29 	|	 0.0	|	145408.0	|	13380	|	102.04
2014-12-17 02:32:47.836346 	|	 VM_Task_29 	|	 0.0	|	145408.0	|	13380	|	102.14
2014-12-17 02:32:53.862680 	|	 VM_Task_29 	|	 0.0	|	145408.0	|	13380	|	93.44
2014-12-17 02:33:06.521484 	|	 VM_Task_29 	|	 0.0	|	159744.0	|	13380	|	100.00
2014-12-17 02:33:13.085862 	|	 VM_Task_29 	|	 0.0	|	145408.0	|	13380	|	103.09
2014-12-17 02:33:19.109278 	|	 VM_Task_29 	|	 0.0	|	145408.0	|	13380	|	80.31
2014-12-17 02:33:25.283458 	|	 VM_Task_29 	|	 0.0	|	156672.0	|	13380	|	104.17
2014-12-17 02:33:31.308555 	|	 VM_Task_29 	|	 0.0	|	159744.0	|	13380	|	103.09
2014-12-17 02:33:37.984583 	|	 VM_Task_29 	|	 0.0	|	145408.0	|	13380	|	103.09
2014-12-17 02:33:44.012716 	|	 VM_Task_29 	|	 0.0	|	145408.0	|	13380	|	104.17
2014-12-17 02:33:50.038914 	|	 VM_Task_29 	|	 0.0	|	145408.0	|	13380	|	102.04
2014-12-17 02:33:56.201040 	|	 VM_Task_29 	|	 0.0	|	157696.0	|	13380	|	102.14
2014-12-17 02:34:02.231209 	|	 VM_Task_29 	|	 0.0	|	159744.0	|	13380	|	99.01
2014-12-17 02:34:08.249515 	|	 VM_Task_29 	|	 0.0	|	158720.0	|	13380	|	0.00
2014-12-17 02:34:14.884486 	|	 VM_Task_29 	|	 0.0	|	145408.0	|	13380	|	102.04
2014-12-17 02:34:20.909951 	|	 VM_Task_29 	|	 0.0	|	145408.0	|	13380	|	102.04
2014-12-17 02:34:26.934591 	|	 VM_Task_29 	|	 0.0	|	145408.0	|	13380	|	104.17
2014-12-17 02:34:32.960717 	|	 VM_Task_29 	|	 0.0	|	146432.0	|	13380	|	61.86
2014-12-17 02:34:46.949646 	|	 VM_Task_29 	|	 0.0	|	159744.0	|	13380	|	101.01
2014-12-17 02:34:53.483012 	|	 VM_Task_29 	|	 0.0	|	145408.0	|	13380	|	101.11
2014-12-17 02:34:59.506526 	|	 VM_Task_29 	|	 0.0	|	145408.0	|	13380	|	103.09
2014-12-17 02:35:05.532274 	|	 VM_Task_29 	|	 0.0	|	146432.0	|	13380	|	94.34
2014-12-17 02:35:11.739908 	|	 VM_Task_29 	|	 0.0	|	158720.0	|	13380	|	104.17
2014-12-17 02:35:17.769520 	|	 VM_Task_29 	|	 0.0	|	159744.0	|	13380	|	101.01
2014-12-17 02:35:24.235580 	|	 VM_Task_29 	|	 0.0	|	158720.0	|	13380	|	20.20
2014-12-17 02:35:30.814147 	|	 VM_Task_29 	|	 0.0	|	145408.0	|	13380	|	105.26
2014-12-17 02:35:36.837665 	|	 VM_Task_29 	|	 0.0	|	145408.0	|	13380	|	41.55
2014-12-17 02:35:48.510614 	|	 VM_Task_29 	|	 0.0	|	159744.0	|	13380	|	73.30
2014-12-17 02:35:54.941825 	|	 VM_Task_29 	|	 0.0	|	145408.0	|	13380	|	101.11
2014-12-17 02:36:00.968317 	|	 VM_Task_29 	|	 0.0	|	145408.0	|	13380	|	103.20
2014-12-17 02:36:06.996453 	|	 VM_Task_29 	|	 0.0	|	145408.0	|	13380	|	105.26
2014-12-17 02:36:13.160309 	|	 VM_Task_29 	|	 0.0	|	159744.0	|	13380	|	101.01
2014-12-17 02:36:19.193331 	|	 VM_Task_29 	|	 0.0	|	159744.0	|	13380	|	101.01
2014-12-17 02:36:25.214268 	|	 VM_Task_29 	|	 0.0	|	159744.0	|	13380	|	28.60
2014-12-17 02:36:32.385001 	|	 VM_Task_29 	|	 0.0	|	145408.0	|	13380	|	101.11
2014-12-17 02:36:38.411298 	|	 VM_Task_29 	|	 0.0	|	145408.0	|	13380	|	101.01
2014-12-17 02:36:44.436952 	|	 VM_Task_29 	|	 0.0	|	145408.0	|	13380	|	102.04
2014-12-17 02:36:50.461703 	|	 VM_Task_29 	|	 0.0	|	145408.0	|	13380	|	105.26
2014-12-17 02:36:56.594879 	|	 VM_Task_29 	|	 0.0	|	157696.0	|	13380	|	103.09
2014-12-17 02:37:02.624864 	|	 VM_Task_29 	|	 0.0	|	159744.0	|	13380	|	100.00
2014-12-17 02:37:08.645374 	|	 VM_Task_29 	|	 0.0	|	159744.0	|	13380	|	98.28
2014-12-17 02:37:15.260273 	|	 VM_Task_29 	|	 0.0	|	145408.0	|	13380	|	102.99
2014-12-17 02:37:21.287180 	|	 VM_Task_29 	|	 0.0	|	145408.0	|	13380	|	103.09
2014-12-17 02:37:27.313416 	|	 VM_Task_29 	|	 0.0	|	145408.0	|	13380	|	100.00
2014-12-17 02:37:33.336079 	|	 VM_Task_29 	|	 0.0	|	145408.0	|	13380	|	0.00
2014-12-17 02:37:47.232470 	|	 VM_Task_29 	|	 0.0	|	159744.0	|	13380	|	100.00
2014-12-17 02:37:53.555644 	|	 VM_Task_29 	|	 0.0	|	145408.0	|	13380	|	101.94
2014-12-17 02:37:59.581779 	|	 VM_Task_29 	|	 0.0	|	145408.0	|	13380	|	103.20
2014-12-17 02:38:05.607834 	|	 VM_Task_29 	|	 0.0	|	145408.0	|	13380	|	102.14
2014-12-17 02:38:11.632726 	|	 VM_Task_29 	|	 0.0	|	145408.0	|	13380	|	102.04
2014-12-17 02:38:17.778911 	|	 VM_Task_29 	|	 0.0	|	158720.0	|	13380	|	103.09
2014-12-17 02:38:23.807469 	|	 VM_Task_29 	|	 0.0	|	159744.0	|	13380	|	100.00
2014-12-17 02:38:30.245795 	|	 VM_Task_29 	|	 0.0	|	158720.0	|	13380	|	43.61
2014-12-17 02:38:36.781348 	|	 VM_Task_29 	|	 0.0	|	145408.0	|	13380	|	103.09
2014-12-17 02:38:42.806327 	|	 VM_Task_29 	|	 0.0	|	146432.0	|	13380	|	102.04
2014-12-17 02:38:48.831998 	|	 VM_Task_29 	|	 0.0	|	145408.0	|	13380	|	0.00
2014-12-17 02:39:00.083390 	|	 VM_Task_29 	|	 0.0	|	159744.0	|	13380	|	77.78
2014-12-17 02:39:07.081386 	|	 VM_Task_29 	|	 0.0	|	145408.0	|	13380	|	103.09
2014-12-17 02:39:13.107402 	|	 VM_Task_29 	|	 0.0	|	145408.0	|	13380	|	103.20
2014-12-17 02:39:19.131121 	|	 VM_Task_29 	|	 0.0	|	145408.0	|	13380	|	0.00
2014-12-17 02:39:28.911524 	|	 VM_Task_29 	|	 0.0	|	159744.0	|	13380	|	98.67
2014-12-17 02:39:35.593187 	|	 VM_Task_29 	|	 0.0	|	145408.0	|	13380	|	101.94
2014-12-17 02:39:41.620079 	|	 VM_Task_29 	|	 0.0	|	145408.0	|	13380	|	101.01
2014-12-17 02:39:47.648139 	|	 VM_Task_29 	|	 0.0	|	145408.0	|	13380	|	103.09
2014-12-17 02:39:53.818532 	|	 VM_Task_29 	|	 0.0	|	159744.0	|	13380	|	101.01
2014-12-17 02:40:01.455206 	|	 VM_Task_29 	|	 0.0	|	159744.0	|	13380	|	101.01
2014-12-17 02:40:07.479900 	|	 VM_Task_29 	|	 0.0	|	158720.0	|	13380	|	0.00
2014-12-17 02:40:13.852049 	|	 VM_Task_29 	|	 0.0	|	145408.0	|	13380	|	102.04
2014-12-17 02:40:19.878561 	|	 VM_Task_29 	|	 0.0	|	145408.0	|	13380	|	101.01
2014-12-17 02:40:25.904737 	|	 VM_Task_29 	|	 0.0	|	145408.0	|	13380	|	101.01
2014-12-17 02:40:31.931700 	|	 VM_Task_29 	|	 0.0	|	145408.0	|	13380	|	100.00
2014-12-17 02:40:37.956284 	|	 VM_Task_29 	|	 0.0	|	145408.0	|	13380	|	0.00
2014-12-17 02:40:44.122208 	|	 VM_Task_29 	|	 0.0	|	159744.0	|	13380	|	100.00
2014-12-17 02:40:50.148385 	|	 VM_Task_29 	|	 0.0	|	160768.0	|	13380	|	101.01
2014-12-17 02:40:56.169047 	|	 VM_Task_29 	|	 0.0	|	159744.0	|	13380	|	48.00
2014-12-17 02:41:02.847313 	|	 VM_Task_29 	|	 0.0	|	145408.0	|	13380	|	103.09
2014-12-17 02:41:08.872870 	|	 VM_Task_29 	|	 0.0	|	145408.0	|	13380	|	102.04
2014-12-17 02:41:14.898456 	|	 VM_Task_29 	|	 0.0	|	145408.0	|	13380	|	104.17
2014-12-17 02:41:20.923995 	|	 VM_Task_29 	|	 0.0	|	145408.0	|	13380	|	102.04
2014-12-17 02:41:27.098249 	|	 VM_Task_29 	|	 0.0	|	156672.0	|	13380	|	103.09
2014-12-17 02:41:33.128879 	|	 VM_Task_29 	|	 0.0	|	159744.0	|	13380	|	101.01
2014-12-17 02:41:39.154423 	|	 VM_Task_29 	|	 0.0	|	159744.0	|	13380	|	101.01
2014-12-17 02:41:45.174600 	|	 VM_Task_29 	|	 0.0	|	158720.0	|	13380	|	0.00
2014-12-17 02:41:51.936653 	|	 VM_Task_29 	|	 0.0	|	145408.0	|	13380	|	101.01
2014-12-17 02:41:57.962186 	|	 VM_Task_29 	|	 0.0	|	145408.0	|	13380	|	103.09
2014-12-17 02:42:03.988624 	|	 VM_Task_29 	|	 0.0	|	145408.0	|	13380	|	105.26
2014-12-17 02:42:10.013057 	|	 VM_Task_29 	|	 0.0	|	145408.0	|	13380	|	0.00
2014-12-17 02:42:25.439310 	|	 VM_Task_29 	|	 0.0	|	159744.0	|	13380	|	101.22
2014-12-17 02:42:32.540898 	|	 VM_Task_29 	|	 0.0	|	145408.0	|	13380	|	102.04
2014-12-17 02:42:38.567389 	|	 VM_Task_29 	|	 0.0	|	145408.0	|	13380	|	102.04
2014-12-17 02:42:44.596152 	|	 VM_Task_29 	|	 0.0	|	145408.0	|	13380	|	101.01
2014-12-17 02:42:50.617838 	|	 VM_Task_29 	|	 0.0	|	145408.0	|	13380	|	106.38
2014-12-17 02:42:57.101583 	|	 VM_Task_29 	|	 0.0	|	154624.0	|	13380	|	105.37
2014-12-17 02:43:03.124078 	|	 VM_Task_29 	|	 0.0	|	158720.0	|	13380	|	101.01
2014-12-17 02:43:09.150284 	|	 VM_Task_29 	|	 0.0	|	158720.0	|	13380	|	101.01
2014-12-17 02:43:15.173161 	|	 VM_Task_29 	|	 0.0	|	157696.0	|	13380	|	0.00
2014-12-17 02:43:21.819549 	|	 VM_Task_29 	|	 0.0	|	144384.0	|	13380	|	101.01
2014-12-17 02:43:27.845670 	|	 VM_Task_29 	|	 0.0	|	144384.0	|	13380	|	103.09
2014-12-17 02:43:33.870664 	|	 VM_Task_29 	|	 0.0	|	144384.0	|	13380	|	103.20
2014-12-17 02:43:39.894400 	|	 VM_Task_29 	|	 0.0	|	144384.0	|	13380	|	0.00
2014-12-17 02:43:56.595410 	|	 VM_Task_29 	|	 0.0	|	158720.0	|	13380	|	101.01
2014-12-17 02:44:03.246775 	|	 VM_Task_29 	|	 0.0	|	145408.0	|	13380	|	102.99
2014-12-17 02:44:09.273617 	|	 VM_Task_29 	|	 0.0	|	145408.0	|	13380	|	102.04
2014-12-17 02:44:15.299075 	|	 VM_Task_29 	|	 0.0	|	145408.0	|	13380	|	101.01
2014-12-17 02:44:21.327239 	|	 VM_Task_29 	|	 0.0	|	145408.0	|	13380	|	102.04
2014-12-17 02:44:27.696740 	|	 VM_Task_29 	|	 0.0	|	155648.0	|	13380	|	103.09
2014-12-17 02:44:33.722135 	|	 VM_Task_29 	|	 0.0	|	158720.0	|	13380	|	101.01
2014-12-17 02:44:39.749019 	|	 VM_Task_29 	|	 0.0	|	159744.0	|	13380	|	102.04
2014-12-17 02:44:45.766481 	|	 VM_Task_29 	|	 0.0	|	158720.0	|	13380	|	0.00
2014-12-17 02:44:52.339404 	|	 VM_Task_29 	|	 0.0	|	145408.0	|	13380	|	105.16
2014-12-17 02:44:58.368801 	|	 VM_Task_29 	|	 0.0	|	145408.0	|	13380	|	101.01
2014-12-17 02:45:04.398784 	|	 VM_Task_29 	|	 0.0	|	145408.0	|	13380	|	103.09
2014-12-17 02:45:10.426735 	|	 VM_Task_29 	|	 0.0	|	145408.0	|	13380	|	0.00
2014-12-17 02:45:25.810056 	|	 VM_Task_29 	|	 0.0	|	159744.0	|	13380	|	100.00
2014-12-17 02:45:32.142579 	|	 VM_Task_29 	|	 0.0	|	158720.0	|	13380	|	80.00
2014-12-17 02:45:38.769196 	|	 VM_Task_29 	|	 0.0	|	145408.0	|	13380	|	102.04
2014-12-17 02:45:44.795265 	|	 VM_Task_29 	|	 0.0	|	145408.0	|	13380	|	104.17
2014-12-17 02:45:50.819170 	|	 VM_Task_29 	|	 0.0	|	145408.0	|	13380	|	0.00
2014-12-17 02:46:02.640754 	|	 VM_Task_29 	|	 0.0	|	159744.0	|	13380	|	7.78
2014-12-17 02:46:09.123237 	|	 VM_Task_29 	|	 0.0	|	145408.0	|	13380	|	105.16
2014-12-17 02:46:15.149227 	|	 VM_Task_29 	|	 0.0	|	145408.0	|	13380	|	104.17
2014-12-17 02:46:21.174736 	|	 VM_Task_29 	|	 0.0	|	145408.0	|	13380	|	0.00
2014-12-17 02:46:34.207646 	|	 VM_Task_29 	|	 0.0	|	159744.0	|	13380	|	71.82
2014-12-17 02:46:40.809903 	|	 VM_Task_29 	|	 0.0	|	145408.0	|	13380	|	103.09
2014-12-17 02:46:46.838889 	|	 VM_Task_29 	|	 0.0	|	145408.0	|	13380	|	105.37
2014-12-17 02:46:53.117830 	|	 VM_Task_29 	|	 0.0	|	155648.0	|	13380	|	103.20
2014-12-17 02:46:59.140857 	|	 VM_Task_29 	|	 0.0	|	159744.0	|	13380	|	100.00
2014-12-17 02:47:05.165516 	|	 VM_Task_29 	|	 0.0	|	159744.0	|	13380	|	57.60
2014-12-17 02:47:11.738607 	|	 VM_Task_29 	|	 0.0	|	145408.0	|	13380	|	101.01
2014-12-17 02:47:17.764433 	|	 VM_Task_29 	|	 0.0	|	145408.0	|	13380	|	103.09
2014-12-17 02:47:23.790011 	|	 VM_Task_29 	|	 0.0	|	145408.0	|	13380	|	102.04
2014-12-17 02:47:29.917344 	|	 VM_Task_29 	|	 0.0	|	158720.0	|	13380	|	104.17
2014-12-17 02:47:35.945908 	|	 VM_Task_29 	|	 0.0	|	159744.0	|	13380	|	100.00
2014-12-17 02:47:42.392223 	|	 VM_Task_29 	|	 0.0	|	158720.0	|	13380	|	31.62
2014-12-17 02:47:48.924894 	|	 VM_Task_29 	|	 0.0	|	145408.0	|	13380	|	105.26
2014-12-17 02:47:54.950646 	|	 VM_Task_29 	|	 0.0	|	146432.0	|	13380	|	102.04
2014-12-17 02:48:07.699000 	|	 VM_Task_29 	|	 0.0	|	159744.0	|	13380	|	42.14
2014-12-17 02:48:14.660502 	|	 VM_Task_29 	|	 0.0	|	145408.0	|	13380	|	102.04
2014-12-17 02:48:20.684861 	|	 VM_Task_29 	|	 0.0	|	145408.0	|	13380	|	103.09
2014-12-17 02:48:26.708043 	|	 VM_Task_29 	|	 0.0	|	145408.0	|	13380	|	0.00
2014-12-17 02:48:37.658432 	|	 VM_Task_29 	|	 0.0	|	159744.0	|	13380	|	64.44
2014-12-17 02:48:44.202019 	|	 VM_Task_29 	|	 0.0	|	145408.0	|	13380	|	102.04
2014-12-17 02:48:50.225204 	|	 VM_Task_29 	|	 0.0	|	145408.0	|	13380	|	105.26
2014-12-17 02:48:56.248506 	|	 VM_Task_29 	|	 0.0	|	145408.0	|	13380	|	0.00
2014-12-17 02:49:08.161152 	|	 VM_Task_29 	|	 0.0	|	159744.0	|	13380	|	91.22
2014-12-17 02:49:14.785105 	|	 VM_Task_29 	|	 0.0	|	145408.0	|	13380	|	105.26
2014-12-17 02:49:20.811591 	|	 VM_Task_29 	|	 0.0	|	145408.0	|	13380	|	103.09
2014-12-17 02:49:26.836441 	|	 VM_Task_29 	|	 0.0	|	145408.0	|	13380	|	102.04
2014-12-17 02:49:39.735179 	|	 VM_Task_29 	|	 0.0	|	159744.0	|	13380	|	76.53
2014-12-17 02:49:46.377509 	|	 VM_Task_29 	|	 0.0	|	145408.0	|	13380	|	105.26
2014-12-17 02:49:52.403915 	|	 VM_Task_29 	|	 0.0	|	145408.0	|	13380	|	102.04
2014-12-17 02:49:58.964322 	|	 VM_Task_29 	|	 0.0	|	154624.0	|	13380	|	105.26
2014-12-17 02:50:04.989109 	|	 VM_Task_29 	|	 0.0	|	159744.0	|	13380	|	102.04
2014-12-17 02:50:11.611920 	|	 VM_Task_29 	|	 0.0	|	145408.0	|	13380	|	103.09
2014-12-17 02:50:17.639383 	|	 VM_Task_29 	|	 0.0	|	145408.0	|	13380	|	102.04
2014-12-17 02:50:24.054478 	|	 VM_Task_29 	|	 0.0	|	154624.0	|	13380	|	106.38
2014-12-17 02:50:30.083968 	|	 VM_Task_29 	|	 0.0	|	160768.0	|	13380	|	101.11
2014-12-17 02:50:36.105616 	|	 VM_Task_29 	|	 0.0	|	158720.0	|	13380	|	11.40
2014-12-17 02:50:42.776279 	|	 VM_Task_29 	|	 0.0	|	145408.0	|	13380	|	103.09
2014-12-17 02:50:48.800946 	|	 VM_Task_29 	|	 0.0	|	145408.0	|	13380	|	103.09
2014-12-17 02:50:54.826686 	|	 VM_Task_29 	|	 0.0	|	145408.0	|	13380	|	35.50
2014-12-17 02:51:01.007139 	|	 VM_Task_29 	|	 0.0	|	157696.0	|	13380	|	103.09
2014-12-17 02:51:07.024557 	|	 VM_Task_29 	|	 0.0	|	159744.0	|	13380	|	102.04
2014-12-17 02:51:13.559437 	|	 VM_Task_29 	|	 0.0	|	158720.0	|	13380	|	31.29
2014-12-17 02:51:20.833326 	|	 VM_Task_29 	|	 0.0	|	145408.0	|	13380	|	102.04
2014-12-17 02:51:26.855395 	|	 VM_Task_29 	|	 0.0	|	145408.0	|	13380	|	99.01
2014-12-17 02:51:32.878188 	|	 VM_Task_29 	|	 0.0	|	145408.0	|	13380	|	101.01
2014-12-17 02:51:38.900061 	|	 VM_Task_29 	|	 0.0	|	145408.0	|	13380	|	100.00
2014-12-17 02:51:44.921673 	|	 VM_Task_29 	|	 0.0	|	145408.0	|	13380	|	101.01
2014-12-17 02:51:50.944271 	|	 VM_Task_29 	|	 0.0	|	145408.0	|	13380	|	101.01
2014-12-17 02:51:56.966725 	|	 VM_Task_29 	|	 0.0	|	145408.0	|	13380	|	100.00
2014-12-17 02:52:02.990700 	|	 VM_Task_29 	|	 0.0	|	145408.0	|	13380	|	105.26
2014-12-17 02:52:09.466457 	|	 VM_Task_29 	|	 0.0	|	154624.0	|	13380	|	104.17
2014-12-17 02:52:15.495368 	|	 VM_Task_29 	|	 0.0	|	159744.0	|	13380	|	101.11
2014-12-17 02:52:21.517886 	|	 VM_Task_29 	|	 0.0	|	158720.0	|	13380	|	0.00
2014-12-17 02:52:28.125847 	|	 VM_Task_29 	|	 0.0	|	145408.0	|	13380	|	103.09
2014-12-17 02:52:34.150787 	|	 VM_Task_29 	|	 0.0	|	145408.0	|	13380	|	106.38
2014-12-17 02:52:40.316655 	|	 VM_Task_29 	|	 0.0	|	156672.0	|	13380	|	103.09
2014-12-17 02:52:46.342525 	|	 VM_Task_29 	|	 0.0	|	159744.0	|	13380	|	101.01
2014-12-17 02:52:52.365336 	|	 VM_Task_29 	|	 0.0	|	158720.0	|	13380	|	0.00
2014-12-17 02:52:58.995949 	|	 VM_Task_29 	|	 0.0	|	145408.0	|	13380	|	103.20
2014-12-17 02:53:05.022118 	|	 VM_Task_29 	|	 0.0	|	145408.0	|	13380	|	105.26
2014-12-17 02:53:11.154530 	|	 VM_Task_29 	|	 0.0	|	157696.0	|	13380	|	103.09
2014-12-17 02:53:17.180338 	|	 VM_Task_29 	|	 0.0	|	159744.0	|	13380	|	101.01
2014-12-17 02:53:23.688955 	|	 VM_Task_29 	|	 0.0	|	158720.0	|	13380	|	6.44
2014-12-17 02:53:30.253933 	|	 VM_Task_29 	|	 0.0	|	145408.0	|	13380	|	102.14
2014-12-17 02:53:36.280972 	|	 VM_Task_29 	|	 0.0	|	145408.0	|	13380	|	104.17
2014-12-17 02:53:42.306145 	|	 VM_Task_29 	|	 0.0	|	145408.0	|	13380	|	48.97
2014-12-17 02:53:52.975442 	|	 VM_Task_29 	|	 0.0	|	159744.0	|	13380	|	34.70
2014-12-17 02:53:59.644452 	|	 VM_Task_29 	|	 0.0	|	145408.0	|	13380	|	103.20
2014-12-17 02:54:05.668603 	|	 VM_Task_29 	|	 0.0	|	145408.0	|	13380	|	106.38
2014-12-17 02:54:11.692500 	|	 VM_Task_29 	|	 0.0	|	145408.0	|	13380	|	0.00
2014-12-17 02:54:19.417730 	|	 VM_Task_29 	|	 0.0	|	159744.0	|	13380	|	101.01
2014-12-17 02:54:25.441164 	|	 VM_Task_29 	|	 0.0	|	159744.0	|	13380	|	100.00
2014-12-17 02:54:31.782248 	|	 VM_Task_29 	|	 0.0	|	145408.0	|	13380	|	103.09
2014-12-17 02:54:37.806291 	|	 VM_Task_29 	|	 0.0	|	145408.0	|	13380	|	102.04
2014-12-17 02:54:43.837001 	|	 VM_Task_29 	|	 0.0	|	145408.0	|	13380	|	104.17
2014-12-17 02:54:50.130077 	|	 VM_Task_29 	|	 0.0	|	155648.0	|	13380	|	104.17
2014-12-17 02:54:56.153195 	|	 VM_Task_29 	|	 0.0	|	159744.0	|	13380	|	102.04
2014-12-17 02:55:02.183067 	|	 VM_Task_29 	|	 0.0	|	159744.0	|	13380	|	101.01
2014-12-17 02:55:08.199263 	|	 VM_Task_29 	|	 0.0	|	158720.0	|	13380	|	28.70
2014-12-17 02:55:14.517763 	|	 VM_Task_29 	|	 0.0	|	145408.0	|	13380	|	105.26
2014-12-17 02:55:20.548599 	|	 VM_Task_29 	|	 0.0	|	145408.0	|	13380	|	104.17
2014-12-17 02:55:26.577444 	|	 VM_Task_29 	|	 0.0	|	145408.0	|	13380	|	0.00
2014-12-17 02:55:32.761085 	|	 VM_Task_29 	|	 0.0	|	159744.0	|	13380	|	102.14
2014-12-17 02:55:38.789397 	|	 VM_Task_29 	|	 0.0	|	159744.0	|	13380	|	101.01
2014-12-17 02:55:44.817331 	|	 VM_Task_29 	|	 0.0	|	159744.0	|	13380	|	101.01
2014-12-17 02:55:51.782340 	|	 VM_Task_29 	|	 0.0	|	145408.0	|	13380	|	101.94
2014-12-17 02:55:57.807574 	|	 VM_Task_29 	|	 0.0	|	145408.0	|	13380	|	103.09
2014-12-17 02:56:03.832540 	|	 VM_Task_29 	|	 0.0	|	145408.0	|	13380	|	103.09
2014-12-17 02:56:09.915455 	|	 VM_Task_29 	|	 0.0	|	145408.0	|	13380	|	54.23
2014-12-17 02:56:20.811727 	|	 VM_Task_29 	|	 0.0	|	159744.0	|	13380	|	102.04
2014-12-17 02:56:27.408215 	|	 VM_Task_29 	|	 0.0	|	145408.0	|	13380	|	105.26
2014-12-17 02:56:33.433125 	|	 VM_Task_29 	|	 0.0	|	145408.0	|	13380	|	103.09
2014-12-17 02:56:39.465240 	|	 VM_Task_29 	|	 0.0	|	145408.0	|	13380	|	1.68
2014-12-17 02:56:49.139491 	|	 VM_Task_29 	|	 0.0	|	159744.0	|	13380	|	40.60
2014-12-17 02:56:55.680769 	|	 VM_Task_29 	|	 0.0	|	145408.0	|	13380	|	104.17
2014-12-17 02:57:01.703506 	|	 VM_Task_29 	|	 0.0	|	145408.0	|	13380	|	0.00
2014-12-17 02:57:07.845245 	|	 VM_Task_29 	|	 0.0	|	158720.0	|	13380	|	103.09
2014-12-17 02:57:13.871403 	|	 VM_Task_29 	|	 0.0	|	159744.0	|	13380	|	102.14
2014-12-17 02:57:20.270544 	|	 VM_Task_29 	|	 0.0	|	158720.0	|	13380	|	24.95
2014-12-17 02:57:26.858664 	|	 VM_Task_29 	|	 0.0	|	145408.0	|	13380	|	106.38
2014-12-17 02:57:33.010477 	|	 VM_Task_29 	|	 0.0	|	159744.0	|	13380	|	104.17
2014-12-17 02:57:39.027857 	|	 VM_Task_29 	|	 0.0	|	159744.0	|	13380	|	102.04
2014-12-17 02:57:45.303180 	|	 VM_Task_29 	|	 0.0	|	158720.0	|	13380	|	29.38
2014-12-17 02:57:51.923124 	|	 VM_Task_29 	|	 0.0	|	145408.0	|	13380	|	104.17
2014-12-17 02:57:57.947668 	|	 VM_Task_29 	|	 0.0	|	145408.0	|	13380	|	0.00
2014-12-17 02:58:28.380223 	|	 VM_Task_29 	|	 0.0	|	159744.0	|	13380	|	101.01
2014-12-17 02:58:34.402730 	|	 VM_Task_29 	|	 0.0	|	158720.0	|	13380	|	0.00
2014-12-17 02:58:40.965130 	|	 VM_Task_29 	|	 0.0	|	145408.0	|	13380	|	104.17
2014-12-17 02:58:46.986244 	|	 VM_Task_29 	|	 0.0	|	145408.0	|	13380	|	0.00
2014-12-17 02:58:53.104293 	|	 VM_Task_29 	|	 0.0	|	158720.0	|	13380	|	101.01
2014-12-17 02:58:59.126764 	|	 VM_Task_29 	|	 0.0	|	159744.0	|	13380	|	49.50
2014-12-17 02:59:05.631936 	|	 VM_Task_29 	|	 0.0	|	145408.0	|	13380	|	105.26
2014-12-17 02:59:11.927426 	|	 VM_Task_29 	|	 0.0	|	155648.0	|	13380	|	104.17
2014-12-17 02:59:17.946751 	|	 VM_Task_29 	|	 0.0	|	159744.0	|	13380	|	100.00
2014-12-17 02:59:23.969613 	|	 VM_Task_29 	|	 0.0	|	158720.0	|	13380	|	0.00
2014-12-17 02:59:30.494357 	|	 VM_Task_29 	|	 0.0	|	145408.0	|	13380	|	105.26
2014-12-17 02:59:36.520638 	|	 VM_Task_29 	|	 0.0	|	145408.0	|	13380	|	40.62
2014-12-17 02:59:42.682222 	|	 VM_Task_29 	|	 0.0	|	156672.0	|	13380	|	104.17
2014-12-17 02:59:48.705700 	|	 VM_Task_29 	|	 0.0	|	159744.0	|	13380	|	101.01
2014-12-17 02:59:54.729275 	|	 VM_Task_29 	|	 0.0	|	158720.0	|	13380	|	0.00
2014-12-17 03:00:01.278553 	|	 VM_Task_29 	|	 0.0	|	145408.0	|	13380	|	104.17
2014-12-17 03:00:07.385384 	|	 VM_Task_29 	|	 0.0	|	156672.0	|	13380	|	104.17
2014-12-17 03:00:13.410720 	|	 VM_Task_29 	|	 0.0	|	160768.0	|	13380	|	102.04
2014-12-17 03:00:19.996627 	|	 VM_Task_29 	|	 0.0	|	145408.0	|	13380	|	106.38
2014-12-17 03:00:26.052161 	|	 VM_Task_29 	|	 0.0	|	145408.0	|	13380	|	50.41
2014-12-17 03:00:32.515929 	|	 VM_Task_29 	|	 0.0	|	159744.0	|	13380	|	47.55
2014-12-17 03:00:39.107503 	|	 VM_Task_29 	|	 0.0	|	145408.0	|	13380	|	106.38
2014-12-17 03:00:45.129956 	|	 VM_Task_29 	|	 0.0	|	145408.0	|	13380	|	0.00
2014-12-17 03:00:52.365238 	|	 VM_Task_29 	|	 0.0	|	159744.0	|	13380	|	62.63
2014-12-17 03:00:58.935950 	|	 VM_Task_29 	|	 0.0	|	145408.0	|	13380	|	106.38
2014-12-17 03:01:04.958517 	|	 VM_Task_29 	|	 0.0	|	145408.0	|	13380	|	0.00
2014-12-17 03:01:13.526562 	|	 VM_Task_29 	|	 0.0	|	160768.0	|	13380	|	101.01
2014-12-17 03:01:20.032125 	|	 VM_Task_29 	|	 0.0	|	146432.0	|	13380	|	106.38
2014-12-17 03:01:26.054321 	|	 VM_Task_29 	|	 0.0	|	145408.0	|	13380	|	21.94
2014-12-17 03:01:32.813198 	|	 VM_Task_29 	|	 0.0	|	159744.0	|	13380	|	47.98
2014-12-17 03:01:39.352677 	|	 VM_Task_29 	|	 0.0	|	146432.0	|	13380	|	105.26
2014-12-17 03:01:45.374474 	|	 VM_Task_29 	|	 0.0	|	145408.0	|	13380	|	0.00
2014-12-17 03:01:57.149248 	|	 VM_Task_29 	|	 0.0	|	159744.0	|	13380	|	78.28
2014-12-17 03:02:03.787765 	|	 VM_Task_29 	|	 0.0	|	146432.0	|	13380	|	104.17
2014-12-17 03:02:09.813385 	|	 VM_Task_29 	|	 0.0	|	146432.0	|	13380	|	105.26
2014-12-17 03:02:15.837925 	|	 VM_Task_29 	|	 0.0	|	146432.0	|	13380	|	22.22
2014-12-17 03:02:26.681869 	|	 VM_Task_29 	|	 0.0	|	159744.0	|	13380	|	101.01
2014-12-17 03:02:33.664188 	|	 VM_Task_29 	|	 0.0	|	146432.0	|	13380	|	105.26
2014-12-17 03:02:39.689941 	|	 VM_Task_29 	|	 0.0	|	146432.0	|	13380	|	103.09
2014-12-17 03:02:45.713480 	|	 VM_Task_29 	|	 0.0	|	145408.0	|	13380	|	0.00
2014-12-17 03:02:59.453408 	|	 VM_Task_29 	|	 0.0	|	159744.0	|	13380	|	43.60
2014-12-17 03:03:06.103358 	|	 VM_Task_29 	|	 0.0	|	146432.0	|	13380	|	105.26
2014-12-17 03:03:12.128185 	|	 VM_Task_29 	|	 0.0	|	146432.0	|	13380	|	103.09
2014-12-17 03:03:18.259695 	|	 VM_Task_29 	|	 0.0	|	156672.0	|	13380	|	103.09
2014-12-17 03:03:25.912691 	|	 VM_Task_29 	|	 0.0	|	160768.0	|	13380	|	101.01
2014-12-17 03:03:32.274549 	|	 VM_Task_29 	|	 0.0	|	158720.0	|	13380	|	56.63
2014-12-17 03:03:38.828843 	|	 VM_Task_29 	|	 0.0	|	145408.0	|	13380	|	107.53
2014-12-17 03:03:44.929534 	|	 VM_Task_29 	|	 0.0	|	159744.0	|	13380	|	103.09
2014-12-17 03:03:50.951121 	|	 VM_Task_29 	|	 0.0	|	158720.0	|	13380	|	0.00
2014-12-17 03:03:57.519645 	|	 VM_Task_29 	|	 0.0	|	146432.0	|	13380	|	106.38
2014-12-17 03:04:03.620075 	|	 VM_Task_29 	|	 0.0	|	156672.0	|	13380	|	103.09
2014-12-17 03:04:09.642018 	|	 VM_Task_29 	|	 0.0	|	158720.0	|	13380	|	0.00
2014-12-17 03:04:16.215970 	|	 VM_Task_29 	|	 0.0	|	146432.0	|	13380	|	105.26
2014-12-17 03:04:22.245307 	|	 VM_Task_29 	|	 0.0	|	145408.0	|	13380	|	52.83
2014-12-17 03:04:29.588667 	|	 VM_Task_29 	|	 0.0	|	159744.0	|	13380	|	58.48
2014-12-17 03:04:36.096165 	|	 VM_Task_29 	|	 0.0	|	146432.0	|	13380	|	107.53
2014-12-17 03:04:42.150620 	|	 VM_Task_29 	|	 0.0	|	145408.0	|	13380	|	31.22
2014-12-17 03:04:48.613802 	|	 VM_Task_29 	|	 0.0	|	159744.0	|	13380	|	51.73
2014-12-17 03:04:55.327181 	|	 VM_Task_29 	|	 0.0	|	146432.0	|	13380	|	104.17
2014-12-17 03:05:01.354229 	|	 VM_Task_29 	|	 0.0	|	146432.0	|	13380	|	104.17
2014-12-17 03:05:07.377483 	|	 VM_Task_29 	|	 0.0	|	145408.0	|	13380	|	44.29
2014-12-17 03:05:15.366016 	|	 VM_Task_29 	|	 0.0	|	160768.0	|	13380	|	95.70
2014-12-17 03:05:21.729062 	|	 VM_Task_29 	|	 0.0	|	146432.0	|	13380	|	104.17
2014-12-17 03:05:27.756696 	|	 VM_Task_29 	|	 0.0	|	146432.0	|	13380	|	105.26
2014-12-17 03:05:34.113172 	|	 VM_Task_29 	|	 0.0	|	156672.0	|	13380	|	104.17
2014-12-17 03:05:40.143060 	|	 VM_Task_29 	|	 0.0	|	160768.0	|	13380	|	100.00
2014-12-17 03:05:46.166688 	|	 VM_Task_29 	|	 0.0	|	160768.0	|	13380	|	100.00
2014-12-17 03:05:52.448309 	|	 VM_Task_29 	|	 0.0	|	158720.0	|	13380	|	6.57
2014-12-17 03:05:59.298480 	|	 VM_Task_29 	|	 0.0	|	146432.0	|	13380	|	105.26
2014-12-17 03:06:05.324433 	|	 VM_Task_29 	|	 0.0	|	146432.0	|	13380	|	29.70
2014-12-17 03:06:11.468460 	|	 VM_Task_29 	|	 0.0	|	158720.0	|	13380	|	104.17
2014-12-17 03:06:17.491340 	|	 VM_Task_29 	|	 0.0	|	160768.0	|	13380	|	101.01
2014-12-17 03:06:25.324287 	|	 VM_Task_29 	|	 0.0	|	146432.0	|	13380	|	105.26
2014-12-17 03:06:31.351623 	|	 VM_Task_29 	|	 0.0	|	146432.0	|	13380	|	107.53
2014-12-17 03:06:39.339055 	|	 VM_Task_29 	|	 0.0	|	160768.0	|	13380	|	79.69
2014-12-17 03:06:45.646788 	|	 VM_Task_29 	|	 0.0	|	146432.0	|	13380	|	104.17
2014-12-17 03:06:51.671449 	|	 VM_Task_29 	|	 0.0	|	146432.0	|	13380	|	104.17
2014-12-17 03:06:57.746458 	|	 VM_Task_29 	|	 0.0	|	146432.0	|	13380	|	0.91
2014-12-17 03:07:06.983171 	|	 VM_Task_29 	|	 0.0	|	159744.0	|	13380	|	47.37
2014-12-17 03:07:13.560764 	|	 VM_Task_29 	|	 0.0	|	146432.0	|	13380	|	104.17
2014-12-17 03:07:19.804750 	|	 VM_Task_29 	|	 0.0	|	156672.0	|	13380	|	103.09
2014-12-17 03:07:25.826454 	|	 VM_Task_29 	|	 0.0	|	160768.0	|	13380	|	97.86
2014-12-17 03:07:32.414275 	|	 VM_Task_29 	|	 0.0	|	146432.0	|	13380	|	106.28
2014-12-17 03:07:38.523739 	|	 VM_Task_29 	|	 0.0	|	146432.0	|	13380	|	55.36
2014-12-17 03:07:51.802124 	|	 VM_Task_29 	|	 0.0	|	160768.0	|	13380	|	101.01
2014-12-17 03:07:58.390244 	|	 VM_Task_29 	|	 0.0	|	146432.0	|	13380	|	100.00
2014-12-17 03:08:04.416680 	|	 VM_Task_29 	|	 0.0	|	146432.0	|	13380	|	103.09
2014-12-17 03:08:10.442473 	|	 VM_Task_29 	|	 0.0	|	146432.0	|	13380	|	103.09
2014-12-17 03:08:16.665525 	|	 VM_Task_29 	|	 0.0	|	158720.0	|	13380	|	102.04
2014-12-17 03:08:22.696048 	|	 VM_Task_29 	|	 0.0	|	160768.0	|	13380	|	102.04
2014-12-17 03:08:28.723017 	|	 VM_Task_29 	|	 0.0	|	159744.0	|	13380	|	101.01
2014-12-17 03:08:35.608812 	|	 VM_Task_29 	|	 0.0	|	146432.0	|	13380	|	104.17
2014-12-17 03:08:41.634915 	|	 VM_Task_29 	|	 0.0	|	146432.0	|	13380	|	105.26
2014-12-17 03:08:47.656385 	|	 VM_Task_29 	|	 0.0	|	145408.0	|	13380	|	0.00
2014-12-17 03:09:03.434046 	|	 VM_Task_29 	|	 0.0	|	159744.0	|	13380	|	101.01
2014-12-17 03:09:10.241362 	|	 VM_Task_29 	|	 0.0	|	145408.0	|	13380	|	104.17
2014-12-17 03:09:16.269197 	|	 VM_Task_29 	|	 0.0	|	145408.0	|	13380	|	103.09
2014-12-17 03:09:22.367302 	|	 VM_Task_29 	|	 0.0	|	159744.0	|	13380	|	102.14
2014-12-17 03:09:28.389497 	|	 VM_Task_29 	|	 0.0	|	159744.0	|	13380	|	102.04
2014-12-17 03:09:34.748306 	|	 VM_Task_29 	|	 0.0	|	146432.0	|	13380	|	106.38
2014-12-17 03:09:40.774388 	|	 VM_Task_29 	|	 0.0	|	146432.0	|	13380	|	105.26
2014-12-17 03:09:46.881599 	|	 VM_Task_29 	|	 0.0	|	158720.0	|	13380	|	103.09
2014-12-17 03:09:52.905272 	|	 VM_Task_29 	|	 0.0	|	159744.0	|	13380	|	102.04
2014-12-17 03:09:59.380795 	|	 VM_Task_29 	|	 0.0	|	146432.0	|	13380	|	104.17
2014-12-17 03:10:05.404964 	|	 VM_Task_29 	|	 0.0	|	146432.0	|	13380	|	41.15
2014-12-17 03:10:11.509394 	|	 VM_Task_29 	|	 0.0	|	157696.0	|	13380	|	104.17
2014-12-17 03:10:17.531345 	|	 VM_Task_29 	|	 0.0	|	160768.0	|	13380	|	82.93
2014-12-17 03:10:24.067850 	|	 VM_Task_29 	|	 0.0	|	146432.0	|	13380	|	106.38
2014-12-17 03:10:30.093591 	|	 VM_Task_29 	|	 0.0	|	146432.0	|	13380	|	16.60
2014-12-17 03:10:36.196400 	|	 VM_Task_29 	|	 0.0	|	157696.0	|	13380	|	104.17
2014-12-17 03:10:42.221306 	|	 VM_Task_29 	|	 0.0	|	159744.0	|	13380	|	83.10
2014-12-17 03:10:48.795829 	|	 VM_Task_29 	|	 0.0	|	146432.0	|	13380	|	102.99
2014-12-17 03:10:54.821412 	|	 VM_Task_29 	|	 0.0	|	146432.0	|	13380	|	13.76
2014-12-17 03:11:00.985630 	|	 VM_Task_29 	|	 0.0	|	156672.0	|	13380	|	103.09
2014-12-17 03:11:07.009611 	|	 VM_Task_29 	|	 0.0	|	160768.0	|	13380	|	102.04
2014-12-17 03:11:13.031927 	|	 VM_Task_29 	|	 0.0	|	158720.0	|	13380	|	0.00
2014-12-17 03:11:19.679882 	|	 VM_Task_29 	|	 0.0	|	146432.0	|	13380	|	101.01
2014-12-17 03:11:25.704951 	|	 VM_Task_29 	|	 0.0	|	146432.0	|	13380	|	104.17
2014-12-17 03:11:31.730500 	|	 VM_Task_29 	|	 0.0	|	146432.0	|	13380	|	102.04
2014-12-17 03:11:37.904136 	|	 VM_Task_29 	|	 0.0	|	159744.0	|	13380	|	101.01
2014-12-17 03:11:43.931730 	|	 VM_Task_29 	|	 0.0	|	159744.0	|	13380	|	102.04
2014-12-17 03:11:49.956270 	|	 VM_Task_29 	|	 0.0	|	158720.0	|	13380	|	81.72
2014-12-17 03:11:56.573756 	|	 VM_Task_29 	|	 0.0	|	146432.0	|	13380	|	103.09
2014-12-17 03:12:02.596618 	|	 VM_Task_29 	|	 0.0	|	145408.0	|	13380	|	0.00
2014-12-17 03:12:08.758202 	|	 VM_Task_29 	|	 0.0	|	159744.0	|	13380	|	102.04
2014-12-17 03:12:15.294355 	|	 VM_Task_29 	|	 0.0	|	159744.0	|	13380	|	8.00
2014-12-17 03:12:21.898271 	|	 VM_Task_29 	|	 0.0	|	146432.0	|	13380	|	101.94
2014-12-17 03:12:27.922745 	|	 VM_Task_29 	|	 0.0	|	146432.0	|	13380	|	104.27
2014-12-17 03:12:33.949215 	|	 VM_Task_29 	|	 0.0	|	146432.0	|	13380	|	2.60
2014-12-17 03:12:47.269007 	|	 VM_Task_29 	|	 0.0	|	159744.0	|	13380	|	100.00
2014-12-17 03:12:54.329043 	|	 VM_Task_29 	|	 0.0	|	146432.0	|	13380	|	107.53
2014-12-17 03:13:00.354974 	|	 VM_Task_29 	|	 0.0	|	146432.0	|	13380	|	103.09
2014-12-17 03:13:06.571705 	|	 VM_Task_29 	|	 0.0	|	155648.0	|	13380	|	105.26
2014-12-17 03:13:12.596914 	|	 VM_Task_29 	|	 0.0	|	160768.0	|	13380	|	102.04
2014-12-17 03:13:19.191638 	|	 VM_Task_29 	|	 0.0	|	146432.0	|	13380	|	101.94
2014-12-17 03:13:25.217919 	|	 VM_Task_29 	|	 0.0	|	146432.0	|	13380	|	102.04
2014-12-17 03:13:31.637673 	|	 VM_Task_29 	|	 0.0	|	155648.0	|	13380	|	105.26
2014-12-17 03:13:37.668878 	|	 VM_Task_29 	|	 0.0	|	160768.0	|	13380	|	101.01
2014-12-17 03:13:44.157435 	|	 VM_Task_29 	|	 0.0	|	146432.0	|	13380	|	104.17
2014-12-17 03:13:50.225041 	|	 VM_Task_29 	|	 0.0	|	145408.0	|	13380	|	3.54
2014-12-17 03:13:57.189395 	|	 VM_Task_29 	|	 0.0	|	159744.0	|	13380	|	92.86
2014-12-17 03:14:03.735354 	|	 VM_Task_29 	|	 0.0	|	145408.0	|	13380	|	107.53
2014-12-17 03:14:09.759766 	|	 VM_Task_29 	|	 0.0	|	146432.0	|	13380	|	95.05
2014-12-17 03:14:17.826284 	|	 VM_Task_29 	|	 0.0	|	159744.0	|	13380	|	82.86
2014-12-17 03:14:24.335731 	|	 VM_Task_29 	|	 0.0	|	146432.0	|	13380	|	101.01
2014-12-17 03:14:30.378972 	|	 VM_Task_29 	|	 0.0	|	146432.0	|	13380	|	55.20
2014-12-17 03:14:37.749305 	|	 VM_Task_29 	|	 0.0	|	160768.0	|	13380	|	66.06
2014-12-17 03:14:44.247050 	|	 VM_Task_29 	|	 0.0	|	145408.0	|	13380	|	105.26
2014-12-17 03:14:50.271132 	|	 VM_Task_29 	|	 0.0	|	146432.0	|	13380	|	45.36
2014-12-17 03:14:58.017441 	|	 VM_Task_29 	|	 0.0	|	159744.0	|	13380	|	57.23
2014-12-17 03:15:17.073155 	|	 VM_Task_29 	|	 0.0	|	145408.0	|	13380	|	101.01
2014-12-17 03:15:23.096025 	|	 VM_Task_29 	|	 0.0	|	145408.0	|	13380	|	101.01
2014-12-17 03:15:29.119833 	|	 VM_Task_29 	|	 0.0	|	145408.0	|	13380	|	107.53
2014-12-17 03:15:35.141855 	|	 VM_Task_29 	|	 0.0	|	145408.0	|	13380	|	0.00
2014-12-17 03:15:44.384695 	|	 VM_Task_29 	|	 0.0	|	159744.0	|	13380	|	45.41
2014-12-17 03:15:50.992159 	|	 VM_Task_29 	|	 0.0	|	146432.0	|	13380	|	107.53
2014-12-17 03:15:57.262679 	|	 VM_Task_29 	|	 0.0	|	154624.0	|	13380	|	105.26
2014-12-17 03:16:03.286726 	|	 VM_Task_29 	|	 0.0	|	159744.0	|	13380	|	85.88
2014-12-17 03:16:09.833732 	|	 VM_Task_29 	|	 0.0	|	146432.0	|	13380	|	103.09
2014-12-17 03:16:15.860534 	|	 VM_Task_29 	|	 0.0	|	146432.0	|	13380	|	32.65
2014-12-17 03:16:23.546238 	|	 VM_Task_29 	|	 0.0	|	159744.0	|	13380	|	71.22
2014-12-17 03:16:30.194938 	|	 VM_Task_29 	|	 0.0	|	146432.0	|	13380	|	104.17
2014-12-17 03:16:36.217338 	|	 VM_Task_29 	|	 0.0	|	146432.0	|	13380	|	94.17
2014-12-17 03:16:44.595124 	|	 VM_Task_29 	|	 0.0	|	159744.0	|	13380	|	68.90
2014-12-17 03:16:50.934032 	|	 VM_Task_29 	|	 0.0	|	146432.0	|	13380	|	103.20
2014-12-17 03:16:56.960370 	|	 VM_Task_29 	|	 0.0	|	146432.0	|	13380	|	104.17
2014-12-17 03:17:02.987413 	|	 VM_Task_29 	|	 0.0	|	146432.0	|	13380	|	22.73
2014-12-17 03:17:09.190876 	|	 VM_Task_29 	|	 0.0	|	156672.0	|	13380	|	103.09
2014-12-17 03:17:15.217125 	|	 VM_Task_29 	|	 0.0	|	160768.0	|	13380	|	101.01
2014-12-17 03:17:21.236576 	|	 VM_Task_29 	|	 0.0	|	158720.0	|	13380	|	0.00
2014-12-17 03:17:27.754348 	|	 VM_Task_29 	|	 0.0	|	145408.0	|	13380	|	106.38
2014-12-17 03:17:33.776909 	|	 VM_Task_29 	|	 0.0	|	145408.0	|	13380	|	0.00
2014-12-17 03:17:39.941412 	|	 VM_Task_29 	|	 0.0	|	158720.0	|	13380	|	105.37
2014-12-17 03:17:45.966303 	|	 VM_Task_29 	|	 0.0	|	160768.0	|	13380	|	73.84
2014-12-17 03:17:52.536157 	|	 VM_Task_29 	|	 0.0	|	146432.0	|	13380	|	102.99
2014-12-17 03:17:58.560350 	|	 VM_Task_29 	|	 0.0	|	146432.0	|	13380	|	102.04
2014-12-17 03:18:04.584289 	|	 VM_Task_29 	|	 0.0	|	145408.0	|	13380	|	0.00
2014-12-17 03:18:10.756398 	|	 VM_Task_29 	|	 0.0	|	159744.0	|	13380	|	102.04
2014-12-17 03:18:16.781964 	|	 VM_Task_29 	|	 0.0	|	160768.0	|	13380	|	101.01
2014-12-17 03:18:23.610597 	|	 VM_Task_29 	|	 0.0	|	146432.0	|	13380	|	104.17
2014-12-17 03:18:29.632888 	|	 VM_Task_29 	|	 0.0	|	146432.0	|	13380	|	101.01
2014-12-17 03:18:35.655602 	|	 VM_Task_29 	|	 0.0	|	145408.0	|	13380	|	0.00
2014-12-17 03:18:45.379113 	|	 VM_Task_29 	|	 0.0	|	160768.0	|	13380	|	102.04
2014-12-17 03:18:51.970114 	|	 VM_Task_29 	|	 0.0	|	146432.0	|	13380	|	104.17
2014-12-17 03:18:57.990898 	|	 VM_Task_29 	|	 0.0	|	146432.0	|	13380	|	94.47
2014-12-17 03:19:07.143598 	|	 VM_Task_29 	|	 0.0	|	160768.0	|	13380	|	101.01
2014-12-17 03:19:13.928134 	|	 VM_Task_29 	|	 0.0	|	146432.0	|	13380	|	106.38
2014-12-17 03:19:19.953050 	|	 VM_Task_29 	|	 0.0	|	146432.0	|	13380	|	103.09
2014-12-17 03:19:25.974715 	|	 VM_Task_29 	|	 0.0	|	145408.0	|	13380	|	0.00
2014-12-17 03:19:39.425274 	|	 VM_Task_29 	|	 0.0	|	159744.0	|	13380	|	72.63
2014-12-17 03:19:45.938544 	|	 VM_Task_29 	|	 0.0	|	146432.0	|	13380	|	104.17
2014-12-17 03:19:51.965077 	|	 VM_Task_29 	|	 0.0	|	146432.0	|	13380	|	103.09
2014-12-17 03:19:57.988798 	|	 VM_Task_29 	|	 0.0	|	145408.0	|	13380	|	70.83
2014-12-17 03:20:09.468013 	|	 VM_Task_29 	|	 0.0	|	159744.0	|	13380	|	51.70
2014-12-17 03:20:16.003343 	|	 VM_Task_29 	|	 0.0	|	146432.0	|	13380	|	105.26
