2014-12-16 21:59:21.553676 	|	 VM_Task_15 	|	 0.0	|	148480.0	|	8260	|	24.10
2014-12-16 21:59:27.685720 	|	 VM_Task_15 	|	 0.11	|	187392.0	|	48196	|	0.00
2014-12-16 21:59:39.077497 	|	 VM_Task_15 	|	 0.103	|	187392.0	|	48196	|	0.00
2014-12-16 21:59:46.821309 	|	 VM_Task_15 	|	 0.135	|	147456.0	|	8260	|	0.00
2014-12-16 21:59:56.618498 	|	 VM_Task_15 	|	 0.137	|	147456.0	|	8260	|	0.00
2014-12-16 22:00:02.203532 	|	 VM_Task_15 	|	 0.128	|	147456.0	|	8260	|	0.00
2014-12-16 22:00:12.332879 	|	 VM_Task_15 	|	 0.225	|	157696.0	|	18500	|	0.00
2014-12-16 22:00:28.145335 	|	 VM_Task_15 	|	 0.198	|	157696.0	|	18500	|	0.00
2014-12-16 22:00:28.150045 	|	 VM_Task_15 	|	 0.34	|	167936.0	|	28740	|	0.00
2014-12-16 22:00:28.156309 	|	 VM_Task_15 	|	 0.316	|	183296.0	|	28740	|	88.49
2014-12-16 22:00:29.393209 	|	 VM_Task_15 	|	 0.146	|	153600.0	|	4292	|	0.00
2014-12-16 22:00:35.698202 	|	 VM_Task_15 	|	 1.11	|	159744.0	|	23620	|	23.88
2014-12-16 22:00:45.114535 	|	 VM_Task_15 	|	 0.72	|	176128.0	|	23620	|	0.00
2014-12-16 22:01:07.559232 	|	 VM_Task_15 	|	 0.677	|	171008.0	|	33860	|	0.00
2014-12-16 22:01:18.032609 	|	 VM_Task_15 	|	 0.861	|	145408.0	|	8260	|	0.00
2014-12-16 22:01:18.041830 	|	 VM_Task_15 	|	 0.208	|	158720.0	|	8260	|	0.00
2014-12-16 22:01:18.050067 	|	 VM_Task_15 	|	 0.136	|	150528.0	|	13380	|	100.00
2014-12-16 22:01:23.730289 	|	 VM_Task_15 	|	 0.132	|	150528.0	|	13380	|	100.00
2014-12-16 22:01:29.751348 	|	 VM_Task_15 	|	 0.137	|	141312.0	|	4292	|	100.00
2014-12-16 22:01:35.776649 	|	 VM_Task_15 	|	 0.17	|	171008.0	|	33860	|	100.00
2014-12-16 22:01:50.789945 	|	 VM_Task_15 	|	 0.165	|	171008.0	|	33860	|	0.00
2014-12-16 22:02:10.826941 	|	 VM_Task_15 	|	 0.276	|	195584.0	|	58436	|	0.00
2014-12-16 22:02:15.740684 	|	 VM_Task_15 	|	 0.275	|	195584.0	|	58436	|	0.00
2014-12-16 22:02:26.862835 	|	 VM_Task_15 	|	 0.268	|	155648.0	|	18500	|	15.40
2014-12-16 22:03:05.564130 	|	 VM_Task_15 	|	 0.38	|	155648.0	|	18500	|	0.00
2014-12-16 22:03:15.983274 	|	 VM_Task_15 	|	 0.108	|	141312.0	|	4292	|	0.00
2014-12-16 22:03:15.987848 	|	 VM_Task_15 	|	 0.12	|	154624.0	|	4292	|	84.70
2014-12-16 22:03:15.989814 	|	 VM_Task_15 	|	 0.478	|	176128.0	|	38980	|	0.00
2014-12-16 22:03:22.769845 	|	 VM_Task_15 	|	 0.115	|	177152.0	|	28740	|	100.10
2014-12-16 22:03:29.982366 	|	 VM_Task_15 	|	 0.656	|	176128.0	|	38980	|	0.00
2014-12-16 22:03:40.797604 	|	 VM_Task_15 	|	 0.584	|	189440.0	|	38980	|	0.00
2014-12-16 22:03:53.832187 	|	 VM_Task_15 	|	 0.123	|	205824.0	|	68676	|	0.00
2014-12-16 22:03:57.540069 	|	 VM_Task_15 	|	 1.04	|	169984.0	|	18500	|	62.10
2014-12-16 22:04:04.273078 	|	 VM_Task_15 	|	 0.492	|	151552.0	|	13380	|	99.90
2014-12-16 22:04:10.294894 	|	 VM_Task_15 	|	 0.152	|	150528.0	|	13380	|	100.00
2014-12-16 22:04:16.314972 	|	 VM_Task_15 	|	 0.79	|	171008.0	|	33860	|	0.00
2014-12-16 22:04:25.738893 	|	 VM_Task_15 	|	 0.12	|	158720.0	|	8260	|	31.00
2014-12-16 23:08:16.944235 	|	 VM_Task_15 	|	 0.0	|	137216.0	|	0.0	|	16.46
2014-12-16 23:08:19.369906 	|	 VM_Task_15 	|	 0.0	|	149504.0	|	8260	|	0.00
2014-12-16 23:08:26.257197 	|	 VM_Task_15 	|	 0.103	|	189440.0	|	48196	|	0.80
2014-12-16 23:08:35.314563 	|	 VM_Task_15 	|	 0.103	|	189440.0	|	48196	|	0.71
2014-12-16 23:08:43.854958 	|	 VM_Task_15 	|	 0.133	|	149504.0	|	8260	|	0.00
2014-12-16 23:09:04.977446 	|	 VM_Task_15 	|	 0.125	|	149504.0	|	8260	|	0.00
2014-12-16 23:09:04.979955 	|	 VM_Task_15 	|	 0.122	|	149504.0	|	8260	|	0.00
2014-12-16 23:09:04.982422 	|	 VM_Task_15 	|	 0.182	|	159744.0	|	18500	|	0.70
2014-12-16 23:09:13.773135 	|	 VM_Task_15 	|	 0.193	|	159744.0	|	18500	|	0.40
2014-12-16 23:09:21.066109 	|	 VM_Task_15 	|	 0.323	|	169984.0	|	28740	|	0.00
2014-12-16 23:09:27.102325 	|	 VM_Task_15 	|	 0.125	|	146432.0	|	4292	|	60.94
2014-12-16 23:09:36.178536 	|	 VM_Task_15 	|	 0.143	|	142336.0	|	4292	|	0.00
2014-12-16 23:09:39.942147 	|	 VM_Task_15 	|	 0.89	|	175104.0	|	23620	|	0.00
2014-12-16 23:09:58.579492 	|	 VM_Task_15 	|	 1.141	|	172032.0	|	33860	|	14.08
2014-12-16 23:10:01.909371 	|	 VM_Task_15 	|	 0.64	|	184320.0	|	33860	|	10.60
2014-12-16 23:10:01.915032 	|	 VM_Task_15 	|	 0.226	|	147456.0	|	8260	|	44.55
2014-12-16 23:10:07.485523 	|	 VM_Task_15 	|	 0.205	|	148480.0	|	8260	|	0.10
2014-12-16 23:10:15.692290 	|	 VM_Task_15 	|	 0.148	|	166912.0	|	13380	|	22.70
2014-12-16 23:10:22.051703 	|	 VM_Task_15 	|	 0.12	|	143360.0	|	4292	|	100.00
2014-12-16 23:10:28.071166 	|	 VM_Task_15 	|	 0.0	|	173056.0	|	33860	|	0.00
2014-12-16 23:10:36.577775 	|	 VM_Task_15 	|	 0.2	|	186368.0	|	33860	|	0.00
2014-12-16 23:10:45.357407 	|	 VM_Task_15 	|	 0.395	|	197632.0	|	58436	|	100.00
2014-12-16 23:10:51.377705 	|	 VM_Task_15 	|	 0.256	|	198656.0	|	58436	|	0.00
2014-12-16 23:10:57.397239 	|	 VM_Task_15 	|	 0.25	|	157696.0	|	18500	|	0.00
2014-12-16 23:11:03.416271 	|	 VM_Task_15 	|	 0.27	|	157696.0	|	18500	|	0.00
2014-12-16 23:11:10.643596 	|	 VM_Task_15 	|	 0.327	|	172032.0	|	18500	|	36.60
2014-12-16 23:11:17.092529 	|	 VM_Task_15 	|	 0.117	|	143360.0	|	4292	|	99.90
2014-12-16 23:11:23.113570 	|	 VM_Task_15 	|	 0.0	|	143360.0	|	4292	|	0.70
2014-12-16 23:11:29.142441 	|	 VM_Task_15 	|	 0.12	|	143360.0	|	4292	|	0.00
2014-12-16 23:11:36.205299 	|	 VM_Task_15 	|	 0.23	|	152576.0	|	13380	|	64.50
2014-12-16 23:11:43.571972 	|	 VM_Task_15 	|	 0.0	|	192512.0	|	38980	|	68.20
2014-12-16 23:11:52.396921 	|	 VM_Task_15 	|	 0.458	|	178176.0	|	38980	|	0.00
2014-12-16 23:12:03.151743 	|	 VM_Task_15 	|	 0.0	|	181248.0	|	28740	|	100.00
2014-12-16 23:12:18.872467 	|	 VM_Task_15 	|	 0.097	|	191488.0	|	0.0	|	100.10
2014-12-16 23:12:22.492158 	|	 VM_Task_15 	|	 0.848	|	207872.0	|	68676	|	0.00
2014-12-16 23:12:28.516283 	|	 VM_Task_15 	|	 0.15	|	208896.0	|	68676	|	0.00
2014-12-16 23:12:34.729801 	|	 VM_Task_15 	|	 0.503	|	157696.0	|	18500	|	36.10
2014-12-16 23:12:52.857128 	|	 VM_Task_15 	|	 0.38	|	143360.0	|	148	|	0.90
2014-12-16 23:12:52.861551 	|	 VM_Task_15 	|	 0.158	|	165888.0	|	13380	|	0.00
2014-12-16 23:12:56.133824 	|	 VM_Task_15 	|	 0.79	|	173056.0	|	33860	|	100.00
2014-12-16 23:13:02.191729 	|	 VM_Task_15 	|	 0.67	|	173056.0	|	33860	|	12.70
2014-12-16 23:13:08.423545 	|	 VM_Task_15 	|	 0.142	|	161792.0	|	8260	|	34.10
2014-12-16 23:13:14.622809 	|	 VM_Task_15 	|	 0.24	|	152576.0	|	13380	|	100.00
2014-12-16 23:13:20.684916 	|	 VM_Task_15 	|	 0.244	|	153600.0	|	13380	|	90.80
2014-12-16 23:13:26.709103 	|	 VM_Task_15 	|	 0.12	|	152576.0	|	13380	|	0.00
2014-12-16 23:13:32.732895 	|	 VM_Task_15 	|	 0.117	|	152576.0	|	13380	|	0.10
2014-12-16 23:13:38.753507 	|	 VM_Task_15 	|	 0.154	|	152576.0	|	13380	|	0.00
2014-12-16 23:13:44.773710 	|	 VM_Task_15 	|	 0.24	|	152576.0	|	13380	|	0.00
2014-12-16 23:13:50.939955 	|	 VM_Task_15 	|	 0.157	|	164864.0	|	13380	|	100.00
2014-12-16 23:13:56.957204 	|	 VM_Task_15 	|	 0.0	|	162816.0	|	13380	|	34.80
2014-12-16 23:14:02.979042 	|	 VM_Task_15 	|	 0.0	|	162816.0	|	13380	|	0.00
2014-12-16 23:14:09.673707 	|	 VM_Task_15 	|	 0.0	|	148480.0	|	13380	|	100.00
2014-12-16 23:14:15.693289 	|	 VM_Task_15 	|	 0.0	|	148480.0	|	13380	|	0.00
2014-12-16 23:14:23.883991 	|	 VM_Task_15 	|	 0.0	|	162816.0	|	13380	|	1.40
2014-12-16 23:14:30.126742 	|	 VM_Task_15 	|	 0.0	|	149504.0	|	13380	|	99.90
2014-12-16 23:14:36.147643 	|	 VM_Task_15 	|	 0.0	|	148480.0	|	13380	|	100.00
2014-12-16 23:14:42.167895 	|	 VM_Task_15 	|	 0.0	|	148480.0	|	13380	|	0.00
2014-12-16 23:14:53.550675 	|	 VM_Task_15 	|	 0.0	|	148480.0	|	13380	|	75.10
2014-12-16 23:14:56.569837 	|	 VM_Task_15 	|	 0.0	|	162816.0	|	13380	|	8.30
2014-12-16 23:15:03.088276 	|	 VM_Task_15 	|	 0.0	|	148480.0	|	13380	|	99.90
2014-12-16 23:15:09.296294 	|	 VM_Task_15 	|	 0.0	|	157696.0	|	13380	|	100.00
2014-12-16 23:15:15.317311 	|	 VM_Task_15 	|	 0.0	|	162816.0	|	13380	|	0.00
2014-12-16 23:15:21.811409 	|	 VM_Task_15 	|	 0.0	|	149504.0	|	13380	|	100.00
2014-12-16 23:15:27.834188 	|	 VM_Task_15 	|	 0.0	|	148480.0	|	13380	|	1.10
2014-12-16 23:15:35.963581 	|	 VM_Task_15 	|	 0.0	|	162816.0	|	13380	|	70.40
2014-12-16 23:15:42.474396 	|	 VM_Task_15 	|	 0.0	|	148480.0	|	13380	|	100.00
2014-12-16 23:15:48.516674 	|	 VM_Task_15 	|	 0.0	|	148480.0	|	13380	|	24.30
2014-12-16 23:15:54.764853 	|	 VM_Task_15 	|	 0.0	|	162816.0	|	13380	|	71.50
2014-12-16 23:16:01.293988 	|	 VM_Task_15 	|	 0.0	|	148480.0	|	13380	|	100.00
2014-12-16 23:16:07.314550 	|	 VM_Task_15 	|	 0.0	|	148480.0	|	13380	|	100.00
2014-12-16 23:16:13.408665 	|	 VM_Task_15 	|	 0.0	|	148480.0	|	13380	|	1.70
2014-12-16 23:16:19.556646 	|	 VM_Task_15 	|	 0.0	|	161792.0	|	13380	|	100.00
2014-12-16 23:16:25.578160 	|	 VM_Task_15 	|	 0.0	|	162816.0	|	13380	|	100.00
2014-12-16 23:16:32.167584 	|	 VM_Task_15 	|	 0.0	|	148480.0	|	13380	|	100.00
2014-12-16 23:16:38.189405 	|	 VM_Task_15 	|	 0.0	|	148480.0	|	13380	|	100.00
2014-12-16 23:16:44.213218 	|	 VM_Task_15 	|	 0.0	|	149504.0	|	13380	|	100.00
2014-12-16 23:16:50.235022 	|	 VM_Task_15 	|	 0.0	|	148480.0	|	13380	|	100.00
2014-12-16 23:16:56.257354 	|	 VM_Task_15 	|	 0.0	|	148480.0	|	13380	|	100.00
2014-12-16 23:17:02.379458 	|	 VM_Task_15 	|	 0.0	|	161792.0	|	13380	|	100.00
2014-12-16 23:17:08.398570 	|	 VM_Task_15 	|	 0.0	|	161792.0	|	13380	|	0.00
2014-12-16 23:17:14.724553 	|	 VM_Task_15 	|	 0.0	|	148480.0	|	13380	|	100.00
2014-12-16 23:17:20.747737 	|	 VM_Task_15 	|	 0.0	|	148480.0	|	13380	|	100.00
2014-12-16 23:17:40.509165 	|	 VM_Task_15 	|	 0.0	|	161792.0	|	13380	|	100.00
2014-12-16 23:17:46.532284 	|	 VM_Task_15 	|	 0.0	|	162816.0	|	13380	|	100.00
2014-12-16 23:17:52.549025 	|	 VM_Task_15 	|	 0.0	|	161792.0	|	13380	|	0.00
2014-12-16 23:17:59.229852 	|	 VM_Task_15 	|	 0.0	|	149504.0	|	13380	|	100.10
2014-12-16 23:18:05.596317 	|	 VM_Task_15 	|	 0.0	|	158720.0	|	13380	|	100.00
2014-12-16 23:18:11.619829 	|	 VM_Task_15 	|	 0.0	|	163840.0	|	13380	|	100.00
2014-12-16 23:18:18.153508 	|	 VM_Task_15 	|	 0.0	|	149504.0	|	13380	|	100.10
2014-12-16 23:18:24.227380 	|	 VM_Task_15 	|	 0.0	|	148480.0	|	13380	|	21.19
2014-12-16 23:18:33.291758 	|	 VM_Task_15 	|	 0.0	|	162816.0	|	13380	|	100.00
2014-12-16 23:18:39.584080 	|	 VM_Task_15 	|	 0.0	|	149504.0	|	13380	|	100.00
2014-12-16 23:18:45.954328 	|	 VM_Task_15 	|	 0.0	|	157696.0	|	13380	|	100.00
2014-12-16 23:18:51.979306 	|	 VM_Task_15 	|	 0.0	|	163840.0	|	13380	|	100.00
2014-12-16 23:18:58.540246 	|	 VM_Task_15 	|	 0.0	|	149504.0	|	13380	|	100.00
2014-12-16 23:19:04.596045 	|	 VM_Task_15 	|	 0.0	|	149504.0	|	13380	|	62.30
2014-12-16 23:19:13.984195 	|	 VM_Task_15 	|	 0.0	|	162816.0	|	13380	|	64.10
2014-12-16 23:19:20.505524 	|	 VM_Task_15 	|	 0.0	|	149504.0	|	13380	|	100.00
2014-12-16 23:19:26.841153 	|	 VM_Task_15 	|	 0.0	|	158720.0	|	13380	|	100.00
2014-12-16 23:19:33.596367 	|	 VM_Task_15 	|	 0.0	|	162816.0	|	13380	|	100.00
2014-12-16 23:19:40.129394 	|	 VM_Task_15 	|	 0.0	|	148480.0	|	13380	|	100.10
2014-12-16 23:19:46.438174 	|	 VM_Task_15 	|	 0.0	|	157696.0	|	13380	|	100.00
2014-12-16 23:19:52.461771 	|	 VM_Task_15 	|	 0.0	|	163840.0	|	13380	|	100.00
2014-12-16 23:19:59.043872 	|	 VM_Task_15 	|	 0.0	|	149504.0	|	13380	|	99.90
2014-12-16 23:20:05.069029 	|	 VM_Task_15 	|	 0.0	|	149504.0	|	13380	|	100.00
2014-12-16 23:20:11.091723 	|	 VM_Task_15 	|	 0.0	|	149504.0	|	13380	|	51.00
2014-12-16 23:20:17.277926 	|	 VM_Task_15 	|	 0.0	|	158720.0	|	13380	|	100.00
2014-12-16 23:20:23.301581 	|	 VM_Task_15 	|	 0.0	|	163840.0	|	13380	|	100.00
2014-12-16 23:20:29.845757 	|	 VM_Task_15 	|	 0.0	|	149504.0	|	13380	|	100.00
2014-12-16 23:20:35.868824 	|	 VM_Task_15 	|	 0.0	|	149504.0	|	13380	|	100.00
2014-12-16 23:20:41.887461 	|	 VM_Task_15 	|	 0.0	|	149504.0	|	13380	|	100.10
2014-12-16 23:20:47.910846 	|	 VM_Task_15 	|	 0.0	|	149504.0	|	13380	|	100.00
2014-12-16 23:20:53.932457 	|	 VM_Task_15 	|	 0.0	|	148480.0	|	13380	|	0.00
2014-12-16 23:21:00.190556 	|	 VM_Task_15 	|	 0.0	|	162816.0	|	13380	|	99.01
2014-12-16 23:21:06.555208 	|	 VM_Task_15 	|	 0.0	|	161792.0	|	13380	|	70.00
2014-12-16 23:21:13.130319 	|	 VM_Task_15 	|	 0.0	|	149504.0	|	13380	|	99.90
2014-12-16 23:21:19.156975 	|	 VM_Task_15 	|	 0.0	|	149504.0	|	13380	|	100.00
2014-12-16 23:21:25.179761 	|	 VM_Task_15 	|	 0.0	|	148480.0	|	13380	|	100.00
2014-12-16 23:21:31.200399 	|	 VM_Task_15 	|	 0.0	|	149504.0	|	13380	|	51.70
2014-12-16 23:21:37.378831 	|	 VM_Task_15 	|	 0.0	|	158720.0	|	13380	|	100.00
2014-12-16 23:21:43.401698 	|	 VM_Task_15 	|	 0.0	|	162816.0	|	13380	|	100.00
2014-12-16 23:21:50.979671 	|	 VM_Task_15 	|	 0.0	|	148480.0	|	13380	|	99.90
2014-12-16 23:21:57.002908 	|	 VM_Task_15 	|	 0.0	|	149504.0	|	13380	|	100.00
2014-12-16 23:22:03.023195 	|	 VM_Task_15 	|	 0.0	|	148480.0	|	13380	|	100.00
2014-12-16 23:22:09.042119 	|	 VM_Task_15 	|	 0.0	|	148480.0	|	13380	|	0.00
2014-12-16 23:22:15.219075 	|	 VM_Task_15 	|	 0.0	|	162816.0	|	13380	|	100.00
2014-12-16 23:22:21.678391 	|	 VM_Task_15 	|	 0.0	|	162816.0	|	13380	|	34.10
2014-12-16 23:22:28.342769 	|	 VM_Task_15 	|	 0.0	|	149504.0	|	13380	|	100.00
2014-12-16 23:22:34.366641 	|	 VM_Task_15 	|	 0.0	|	149504.0	|	13380	|	0.00
2014-12-16 23:22:41.621954 	|	 VM_Task_15 	|	 0.0	|	163840.0	|	13380	|	100.00
2014-12-16 23:22:47.903981 	|	 VM_Task_15 	|	 0.0	|	149504.0	|	13380	|	100.00
2014-12-16 23:22:53.928261 	|	 VM_Task_15 	|	 0.0	|	149504.0	|	13380	|	100.00
2014-12-16 23:22:59.947856 	|	 VM_Task_15 	|	 0.0	|	148480.0	|	13380	|	0.00
2014-12-16 23:23:07.887135 	|	 VM_Task_15 	|	 0.0	|	162816.0	|	13380	|	95.80
2014-12-16 23:23:14.358611 	|	 VM_Task_15 	|	 0.0	|	149504.0	|	13380	|	100.00
2014-12-16 23:23:20.381691 	|	 VM_Task_15 	|	 0.0	|	149504.0	|	13380	|	100.00
2014-12-16 23:23:28.214832 	|	 VM_Task_15 	|	 0.0	|	162816.0	|	13380	|	43.70
2014-12-16 23:23:34.780319 	|	 VM_Task_15 	|	 0.0	|	149504.0	|	13380	|	100.00
2014-12-16 23:23:40.802169 	|	 VM_Task_15 	|	 0.0	|	149504.0	|	13380	|	100.00
2014-12-16 23:23:46.822377 	|	 VM_Task_15 	|	 0.0	|	149504.0	|	13380	|	32.30
2014-12-16 23:23:57.798426 	|	 VM_Task_15 	|	 0.0	|	162816.0	|	13380	|	81.00
2014-12-16 23:24:04.331725 	|	 VM_Task_15 	|	 0.0	|	149504.0	|	13380	|	100.00
2014-12-16 23:24:10.352147 	|	 VM_Task_15 	|	 0.0	|	149504.0	|	13380	|	100.00
2014-12-16 23:24:16.375396 	|	 VM_Task_15 	|	 0.0	|	149504.0	|	13380	|	100.00
2014-12-16 23:24:23.258526 	|	 VM_Task_15 	|	 0.0	|	149504.0	|	13380	|	81.30
2014-12-16 23:24:30.052325 	|	 VM_Task_15 	|	 0.0	|	161792.0	|	13380	|	100.00
2014-12-16 23:24:36.076591 	|	 VM_Task_15 	|	 0.0	|	163840.0	|	13380	|	100.00
2014-12-16 23:24:42.404865 	|	 VM_Task_15 	|	 0.0	|	149504.0	|	13380	|	100.10
2014-12-16 23:24:48.428798 	|	 VM_Task_15 	|	 0.0	|	149504.0	|	13380	|	100.00
2014-12-16 23:24:59.695095 	|	 VM_Task_15 	|	 0.0	|	160768.0	|	13380	|	100.00
2014-12-16 23:25:10.323769 	|	 VM_Task_15 	|	 0.0	|	161792.0	|	13380	|	100.00
2014-12-16 23:25:16.343904 	|	 VM_Task_15 	|	 0.0	|	162816.0	|	13380	|	100.00
2014-12-16 23:25:22.371446 	|	 VM_Task_15 	|	 0.0	|	161792.0	|	13380	|	0.00
2014-12-16 23:25:28.938122 	|	 VM_Task_15 	|	 0.0	|	149504.0	|	13380	|	100.00
2014-12-16 23:25:35.275465 	|	 VM_Task_15 	|	 0.0	|	158720.0	|	13380	|	100.00
2014-12-16 23:25:41.293062 	|	 VM_Task_15 	|	 0.0	|	163840.0	|	13380	|	100.00
2014-12-16 23:25:47.801102 	|	 VM_Task_15 	|	 0.0	|	149504.0	|	13380	|	100.00
2014-12-16 23:25:53.825876 	|	 VM_Task_15 	|	 0.0	|	149504.0	|	13380	|	40.60
2014-12-16 23:26:00.193283 	|	 VM_Task_15 	|	 0.0	|	163840.0	|	13380	|	100.00
2014-12-16 23:26:09.858976 	|	 VM_Task_15 	|	 0.0	|	149504.0	|	13380	|	100.10
2014-12-16 23:26:15.880792 	|	 VM_Task_15 	|	 0.0	|	149504.0	|	13380	|	100.00
2014-12-16 23:26:22.011428 	|	 VM_Task_15 	|	 0.0	|	160768.0	|	13380	|	100.00
2014-12-16 23:26:28.034018 	|	 VM_Task_15 	|	 0.0	|	162816.0	|	13380	|	0.00
2014-12-16 23:26:34.381352 	|	 VM_Task_15 	|	 0.0	|	149504.0	|	13380	|	100.00
2014-12-16 23:26:40.659278 	|	 VM_Task_15 	|	 0.0	|	158720.0	|	13380	|	100.00
2014-12-16 23:26:46.683646 	|	 VM_Task_15 	|	 0.0	|	163840.0	|	13380	|	100.10
2014-12-16 23:26:53.332185 	|	 VM_Task_15 	|	 0.0	|	149504.0	|	13380	|	99.90
2014-12-16 23:26:59.352239 	|	 VM_Task_15 	|	 0.0	|	149504.0	|	13380	|	100.10
2014-12-16 23:27:05.566952 	|	 VM_Task_15 	|	 0.0	|	158720.0	|	13380	|	100.00
2014-12-16 23:27:11.588715 	|	 VM_Task_15 	|	 0.0	|	162816.0	|	13380	|	15.50
2014-12-16 23:27:17.835802 	|	 VM_Task_15 	|	 0.0	|	149504.0	|	13380	|	100.00
2014-12-16 23:27:23.857128 	|	 VM_Task_15 	|	 0.0	|	149504.0	|	13380	|	7.60
2014-12-16 23:27:31.203039 	|	 VM_Task_15 	|	 0.0	|	162816.0	|	13380	|	39.80
2014-12-16 23:27:37.596528 	|	 VM_Task_15 	|	 0.0	|	149504.0	|	13380	|	100.10
2014-12-16 23:27:43.620085 	|	 VM_Task_15 	|	 0.0	|	149504.0	|	13380	|	100.00
2014-12-16 23:27:49.640466 	|	 VM_Task_15 	|	 0.0	|	149504.0	|	13380	|	100.00
2014-12-16 23:27:55.767607 	|	 VM_Task_15 	|	 0.0	|	158720.0	|	13380	|	100.00
2014-12-16 23:28:01.788454 	|	 VM_Task_15 	|	 0.0	|	162816.0	|	13380	|	100.00
2014-12-16 23:28:08.385603 	|	 VM_Task_15 	|	 0.0	|	149504.0	|	13380	|	98.91
2014-12-16 23:28:14.411895 	|	 VM_Task_15 	|	 0.0	|	148480.0	|	13380	|	100.00
2014-12-16 23:28:20.432829 	|	 VM_Task_15 	|	 0.0	|	149504.0	|	13380	|	100.10
2014-12-16 23:28:26.541335 	|	 VM_Task_15 	|	 0.0	|	159744.0	|	13380	|	100.00
2014-12-16 23:28:32.562546 	|	 VM_Task_15 	|	 0.0	|	163840.0	|	13380	|	100.00
2014-12-16 23:28:38.583158 	|	 VM_Task_15 	|	 0.0	|	162816.0	|	13380	|	0.00
2014-12-16 23:28:45.075431 	|	 VM_Task_15 	|	 0.0	|	149504.0	|	13380	|	100.00
2014-12-16 23:28:51.100179 	|	 VM_Task_15 	|	 0.0	|	149504.0	|	13380	|	100.00
2014-12-16 23:28:57.118769 	|	 VM_Task_15 	|	 0.0	|	148480.0	|	13380	|	0.00
2014-12-16 23:29:03.278006 	|	 VM_Task_15 	|	 0.0	|	161792.0	|	13380	|	100.00
2014-12-16 23:29:09.297555 	|	 VM_Task_15 	|	 0.0	|	162816.0	|	13380	|	100.00
2014-12-16 23:29:15.318943 	|	 VM_Task_15 	|	 0.0	|	161792.0	|	13380	|	77.90
2014-12-16 23:29:21.938376 	|	 VM_Task_15 	|	 0.0	|	149504.0	|	13380	|	100.00
2014-12-16 23:29:27.959019 	|	 VM_Task_15 	|	 0.0	|	148480.0	|	13380	|	0.00
2014-12-16 23:29:36.493010 	|	 VM_Task_15 	|	 0.0	|	162816.0	|	13380	|	100.00
2014-12-16 23:29:43.105130 	|	 VM_Task_15 	|	 0.0	|	149504.0	|	13380	|	100.00
2014-12-16 23:29:49.125297 	|	 VM_Task_15 	|	 0.0	|	149504.0	|	13380	|	67.00
2014-12-16 23:29:56.976341 	|	 VM_Task_15 	|	 0.0	|	163840.0	|	13380	|	46.40
2014-12-16 23:30:03.601272 	|	 VM_Task_15 	|	 0.0	|	149504.0	|	13380	|	99.90
2014-12-16 23:30:09.623056 	|	 VM_Task_15 	|	 0.0	|	149504.0	|	13380	|	100.00
2014-12-16 23:30:15.683095 	|	 VM_Task_15 	|	 0.0	|	149504.0	|	13380	|	66.60
2014-12-16 23:30:21.865007 	|	 VM_Task_15 	|	 0.0	|	163840.0	|	13380	|	68.30
2014-12-16 23:30:28.450988 	|	 VM_Task_15 	|	 0.0	|	149504.0	|	13380	|	100.00
2014-12-16 23:30:34.471754 	|	 VM_Task_15 	|	 0.0	|	149504.0	|	13380	|	100.00
2014-12-16 23:30:40.527096 	|	 VM_Task_15 	|	 0.0	|	149504.0	|	13380	|	37.80
2014-12-16 23:30:46.834627 	|	 VM_Task_15 	|	 0.0	|	163840.0	|	13380	|	66.80
2014-12-16 23:30:53.180682 	|	 VM_Task_15 	|	 0.0	|	149504.0	|	13380	|	100.00
2014-12-16 23:30:59.201937 	|	 VM_Task_15 	|	 0.0	|	149504.0	|	13380	|	100.00
2014-12-16 23:31:06.969179 	|	 VM_Task_15 	|	 0.0	|	163840.0	|	13380	|	99.60
2014-12-16 23:31:13.562518 	|	 VM_Task_15 	|	 0.0	|	149504.0	|	13380	|	99.90
2014-12-16 23:31:19.582942 	|	 VM_Task_15 	|	 0.0	|	149504.0	|	13380	|	100.00
2014-12-16 23:31:25.603974 	|	 VM_Task_15 	|	 0.0	|	148480.0	|	13380	|	17.80
2014-12-16 23:31:32.142655 	|	 VM_Task_15 	|	 0.0	|	163840.0	|	13380	|	89.40
2014-12-16 23:31:38.454146 	|	 VM_Task_15 	|	 0.0	|	149504.0	|	13380	|	100.00
2014-12-16 23:31:44.476123 	|	 VM_Task_15 	|	 0.0	|	149504.0	|	13380	|	86.00
2014-12-16 23:31:52.339218 	|	 VM_Task_15 	|	 0.0	|	163840.0	|	13380	|	92.60
2014-12-16 23:31:58.969408 	|	 VM_Task_15 	|	 0.0	|	149504.0	|	13380	|	100.00
2014-12-16 23:32:04.991590 	|	 VM_Task_15 	|	 0.0	|	149504.0	|	13380	|	100.00
2014-12-16 23:32:11.048175 	|	 VM_Task_15 	|	 0.0	|	148480.0	|	13380	|	28.40
2014-12-16 23:32:17.442339 	|	 VM_Task_15 	|	 0.0	|	162816.0	|	13380	|	92.80
2014-12-16 23:32:23.897995 	|	 VM_Task_15 	|	 0.0	|	149504.0	|	13380	|	100.00
2014-12-16 23:32:29.920655 	|	 VM_Task_15 	|	 0.0	|	149504.0	|	13380	|	100.00
2014-12-16 23:32:35.996221 	|	 VM_Task_15 	|	 0.0	|	148480.0	|	13380	|	5.20
2014-12-16 23:32:45.029096 	|	 VM_Task_15 	|	 0.0	|	163840.0	|	13380	|	78.20
2014-12-16 23:32:51.375025 	|	 VM_Task_15 	|	 0.0	|	149504.0	|	13380	|	100.00
2014-12-16 23:32:57.398351 	|	 VM_Task_15 	|	 0.0	|	149504.0	|	13380	|	100.00
2014-12-16 23:33:03.554532 	|	 VM_Task_15 	|	 0.0	|	159744.0	|	13380	|	100.00
2014-12-16 23:33:09.578568 	|	 VM_Task_15 	|	 0.0	|	163840.0	|	13380	|	100.00
2014-12-16 23:33:15.601146 	|	 VM_Task_15 	|	 0.0	|	161792.0	|	13380	|	0.00
2014-12-16 23:33:22.058172 	|	 VM_Task_15 	|	 0.0	|	148480.0	|	13380	|	100.00
2014-12-16 23:33:28.079888 	|	 VM_Task_15 	|	 0.0	|	148480.0	|	13380	|	100.00
2014-12-16 23:33:34.100221 	|	 VM_Task_15 	|	 0.0	|	148480.0	|	13380	|	0.00
2014-12-16 23:33:40.247348 	|	 VM_Task_15 	|	 0.0	|	162816.0	|	13380	|	100.00
2014-12-16 23:33:46.271830 	|	 VM_Task_15 	|	 0.0	|	161792.0	|	13380	|	0.00
2014-12-16 23:33:52.519061 	|	 VM_Task_15 	|	 0.0	|	149504.0	|	13380	|	100.00
2014-12-16 23:33:58.542973 	|	 VM_Task_15 	|	 0.0	|	149504.0	|	13380	|	100.10
2014-12-16 23:34:04.689494 	|	 VM_Task_15 	|	 0.0	|	160768.0	|	13380	|	100.00
2014-12-16 23:34:10.710932 	|	 VM_Task_15 	|	 0.0	|	163840.0	|	13380	|	100.00
2014-12-16 23:34:16.970835 	|	 VM_Task_15 	|	 0.0	|	149504.0	|	13380	|	100.00
2014-12-16 23:34:23.153891 	|	 VM_Task_15 	|	 0.0	|	158720.0	|	13380	|	100.00
2014-12-16 23:34:29.174201 	|	 VM_Task_15 	|	 0.0	|	162816.0	|	13380	|	21.40
2014-12-16 23:34:35.807316 	|	 VM_Task_15 	|	 0.0	|	148480.0	|	13380	|	100.10
2014-12-16 23:34:41.827887 	|	 VM_Task_15 	|	 0.0	|	149504.0	|	13380	|	100.00
2014-12-16 23:34:47.990114 	|	 VM_Task_15 	|	 0.0	|	157696.0	|	13380	|	100.00
2014-12-16 23:34:54.011705 	|	 VM_Task_15 	|	 0.0	|	162816.0	|	13380	|	63.70
2014-12-17 00:19:33.417146 	|	 VM_Task_15 	|	 0.0	|	134144.0	|	0.0	|	17.68
2014-12-17 00:19:39.455718 	|	 VM_Task_15 	|	 0.15	|	146432.0	|	8260	|	0.00
2014-12-17 00:19:45.482737 	|	 VM_Task_15 	|	 0.107	|	186368.0	|	48196	|	0.80
2014-12-17 00:19:51.515224 	|	 VM_Task_15 	|	 0.108	|	186368.0	|	48196	|	0.10
2014-12-17 00:19:57.545315 	|	 VM_Task_15 	|	 0.141	|	146432.0	|	8260	|	0.00
2014-12-17 00:20:03.584764 	|	 VM_Task_15 	|	 0.135	|	145408.0	|	8260	|	0.00
2014-12-17 00:20:09.612323 	|	 VM_Task_15 	|	 0.128	|	146432.0	|	8260	|	0.00
2014-12-17 00:20:15.637153 	|	 VM_Task_15 	|	 0.185	|	156672.0	|	18500	|	0.71
2014-12-17 00:20:21.662771 	|	 VM_Task_15 	|	 0.191	|	156672.0	|	18500	|	0.00
2014-12-17 00:20:27.688842 	|	 VM_Task_15 	|	 0.32	|	166912.0	|	28740	|	0.00
2014-12-17 00:20:33.717694 	|	 VM_Task_15 	|	 0.125	|	142336.0	|	4292	|	58.94
2014-12-17 00:20:40.131086 	|	 VM_Task_15 	|	 0.145	|	139264.0	|	4292	|	0.00
2014-12-17 00:20:46.364809 	|	 VM_Task_15 	|	 0.674	|	171008.0	|	23620	|	0.00
2014-12-17 00:20:52.749739 	|	 VM_Task_15 	|	 1.056	|	167936.0	|	33860	|	17.80
2014-12-17 00:21:01.479419 	|	 VM_Task_15 	|	 0.647	|	180224.0	|	33860	|	51.34
2014-12-17 00:21:07.829420 	|	 VM_Task_15 	|	 0.197	|	141312.0	|	8260	|	86.42
2014-12-17 00:21:13.962143 	|	 VM_Task_15 	|	 0.216	|	141312.0	|	8260	|	0.20
2014-12-17 00:21:19.982540 	|	 VM_Task_15 	|	 0.131	|	147456.0	|	13380	|	0.00
2014-12-17 00:21:26.006313 	|	 VM_Task_15 	|	 0.105	|	137216.0	|	4292	|	30.71
2014-12-17 00:21:32.300237 	|	 VM_Task_15 	|	 0.106	|	151552.0	|	4292	|	0.00
2014-12-17 00:21:38.950927 	|	 VM_Task_15 	|	 0.192	|	166912.0	|	33860	|	90.84
2014-12-17 00:21:44.972614 	|	 VM_Task_15 	|	 0.25	|	192512.0	|	58436	|	0.00
2014-12-17 00:21:50.993447 	|	 VM_Task_15 	|	 0.251	|	192512.0	|	58436	|	0.00
2014-12-17 00:21:57.014703 	|	 VM_Task_15 	|	 0.246	|	152576.0	|	18500	|	0.00
2014-12-17 00:22:03.036487 	|	 VM_Task_15 	|	 0.257	|	152576.0	|	18500	|	0.00
2014-12-17 00:22:12.572523 	|	 VM_Task_15 	|	 0.276	|	165888.0	|	18500	|	100.00
2014-12-17 00:22:18.595140 	|	 VM_Task_15 	|	 0.09	|	152576.0	|	4292	|	102.04
2014-12-17 00:22:24.615881 	|	 VM_Task_15 	|	 0.205	|	151552.0	|	4292	|	0.00
2014-12-17 00:22:30.636865 	|	 VM_Task_15 	|	 0.114	|	151552.0	|	4292	|	0.00
2014-12-17 00:22:37.152432 	|	 VM_Task_15 	|	 0.15	|	160768.0	|	13380	|	33.37
2014-12-17 00:22:43.873546 	|	 VM_Task_15 	|	 0.17	|	147456.0	|	13380	|	107.63
2014-12-17 00:22:49.946070 	|	 VM_Task_15 	|	 0.454	|	186368.0	|	38980	|	100.00
2014-12-17 00:22:55.966708 	|	 VM_Task_15 	|	 0.095	|	176128.0	|	28740	|	0.00
2014-12-17 00:23:02.335915 	|	 VM_Task_15 	|	 0.097	|	161792.0	|	28740	|	93.54
2014-12-17 00:23:08.458654 	|	 VM_Task_15 	|	 0.642	|	173056.0	|	38980	|	54.75
2014-12-17 00:23:15.211252 	|	 VM_Task_15 	|	 0.639	|	217088.0	|	68676	|	103.09
2014-12-17 00:23:21.233139 	|	 VM_Task_15 	|	 0.117	|	216064.0	|	68676	|	0.00
2014-12-17 00:23:27.429720 	|	 VM_Task_15 	|	 0.363	|	165888.0	|	18500	|	50.50
2014-12-17 00:23:33.925175 	|	 VM_Task_15 	|	 0.332	|	152576.0	|	18500	|	93.79
2014-12-17 00:23:44.242229 	|	 VM_Task_15 	|	 0.152	|	152576.0	|	148	|	35.25
2014-12-17 00:23:50.633407 	|	 VM_Task_15 	|	 0.631	|	167936.0	|	33860	|	95.05
2014-12-17 00:23:56.657756 	|	 VM_Task_15 	|	 0.11	|	142336.0	|	8260	|	100.00
2014-12-17 00:24:02.681284 	|	 VM_Task_15 	|	 0.112	|	142336.0	|	8260	|	92.73
2014-12-17 00:24:08.707208 	|	 VM_Task_15 	|	 0.238	|	147456.0	|	13380	|	83.71
2014-12-17 00:24:14.730427 	|	 VM_Task_15 	|	 0.1	|	147456.0	|	13380	|	0.00
2014-12-17 00:24:20.756363 	|	 VM_Task_15 	|	 0.105	|	147456.0	|	13380	|	0.00
2014-12-17 00:24:26.778915 	|	 VM_Task_15 	|	 0.136	|	147456.0	|	13380	|	0.00
2014-12-17 00:24:32.803653 	|	 VM_Task_15 	|	 0.146	|	147456.0	|	13380	|	0.00
2014-12-17 00:24:38.959751 	|	 VM_Task_15 	|	 0.152	|	157696.0	|	13380	|	108.70
2014-12-17 00:24:44.987656 	|	 VM_Task_15 	|	 0.138	|	157696.0	|	13380	|	102.04
2014-12-17 00:24:51.011342 	|	 VM_Task_15 	|	 0.0	|	156672.0	|	13380	|	0.00
2014-12-17 00:25:14.945949 	|	 VM_Task_15 	|	 0.0	|	156672.0	|	13380	|	0.00
2014-12-17 00:25:22.351595 	|	 VM_Task_15 	|	 0.0	|	143360.0	|	13380	|	101.94
2014-12-17 00:25:22.357775 	|	 VM_Task_15 	|	 0.0	|	143360.0	|	13380	|	103.20
2014-12-17 00:25:22.363749 	|	 VM_Task_15 	|	 0.0	|	143360.0	|	13380	|	103.09
2014-12-17 00:25:27.776765 	|	 VM_Task_15 	|	 0.0	|	143360.0	|	13380	|	104.17
2014-12-17 00:25:33.801036 	|	 VM_Task_15 	|	 0.0	|	143360.0	|	13380	|	0.00
2014-12-17 00:25:42.695597 	|	 VM_Task_15 	|	 0.0	|	157696.0	|	13380	|	13.60
2014-12-17 00:25:49.228085 	|	 VM_Task_15 	|	 0.0	|	143360.0	|	13380	|	107.53
2014-12-17 00:25:55.257087 	|	 VM_Task_15 	|	 0.0	|	143360.0	|	13380	|	103.09
2014-12-17 00:26:01.272944 	|	 VM_Task_15 	|	 0.0	|	143360.0	|	13380	|	56.19
2014-12-17 00:26:07.651990 	|	 VM_Task_15 	|	 0.0	|	157696.0	|	13380	|	37.47
2014-12-17 00:26:14.190119 	|	 VM_Task_15 	|	 0.0	|	143360.0	|	13380	|	109.78
2014-12-17 00:26:20.220228 	|	 VM_Task_15 	|	 0.0	|	143360.0	|	13380	|	104.17
2014-12-17 00:26:26.242975 	|	 VM_Task_15 	|	 0.0	|	143360.0	|	13380	|	42.40
2014-12-17 00:26:32.713254 	|	 VM_Task_15 	|	 0.0	|	157696.0	|	13380	|	101.73
2014-12-17 00:26:39.301400 	|	 VM_Task_15 	|	 0.0	|	143360.0	|	13380	|	103.09
2014-12-17 00:26:45.328190 	|	 VM_Task_15 	|	 0.0	|	143360.0	|	13380	|	104.17
2014-12-17 00:26:51.427102 	|	 VM_Task_15 	|	 0.0	|	143360.0	|	13380	|	38.67
2014-12-17 00:27:08.381686 	|	 VM_Task_15 	|	 0.0	|	157696.0	|	13380	|	59.70
2014-12-17 00:27:09.660741 	|	 VM_Task_15 	|	 0.0	|	143360.0	|	13380	|	101.01
2014-12-17 00:27:15.690367 	|	 VM_Task_15 	|	 0.0	|	143360.0	|	13380	|	100.00
2014-12-17 00:27:21.722319 	|	 VM_Task_15 	|	 0.0	|	143360.0	|	13380	|	103.09
2014-12-17 00:27:27.751436 	|	 VM_Task_15 	|	 0.0	|	143360.0	|	13380	|	104.17
2014-12-17 00:27:34.190701 	|	 VM_Task_15 	|	 0.0	|	155648.0	|	13380	|	105.26
2014-12-17 00:27:40.217748 	|	 VM_Task_15 	|	 0.0	|	157696.0	|	13380	|	101.01
2014-12-17 00:27:46.244933 	|	 VM_Task_15 	|	 0.0	|	156672.0	|	13380	|	0.00
2014-12-17 00:27:55.408198 	|	 VM_Task_15 	|	 0.0	|	143360.0	|	13380	|	100.00
2014-12-17 00:28:01.436709 	|	 VM_Task_15 	|	 0.0	|	143360.0	|	13380	|	104.17
2014-12-17 00:28:07.466863 	|	 VM_Task_15 	|	 0.0	|	143360.0	|	13380	|	103.09
2014-12-17 00:28:13.497542 	|	 VM_Task_15 	|	 0.0	|	143360.0	|	13380	|	103.20
2014-12-17 00:28:19.778964 	|	 VM_Task_15 	|	 0.0	|	153600.0	|	13380	|	105.26
2014-12-17 00:28:28.359843 	|	 VM_Task_15 	|	 0.0	|	157696.0	|	13380	|	100.00
2014-12-17 00:28:34.384726 	|	 VM_Task_15 	|	 0.0	|	157696.0	|	13380	|	94.65
2014-12-17 00:28:41.414288 	|	 VM_Task_15 	|	 0.0	|	143360.0	|	13380	|	104.17
2014-12-17 00:28:47.439898 	|	 VM_Task_15 	|	 0.0	|	143360.0	|	13380	|	104.17
2014-12-17 00:28:53.468553 	|	 VM_Task_15 	|	 0.0	|	143360.0	|	13380	|	0.00
2014-12-17 00:29:00.819999 	|	 VM_Task_15 	|	 0.0	|	157696.0	|	13380	|	48.08
2014-12-17 00:29:07.355522 	|	 VM_Task_15 	|	 0.0	|	143360.0	|	13380	|	105.26
2014-12-17 00:29:13.379550 	|	 VM_Task_15 	|	 0.0	|	143360.0	|	13380	|	0.00
2014-12-17 00:29:21.281644 	|	 VM_Task_15 	|	 0.0	|	157696.0	|	13380	|	63.40
2014-12-17 00:29:27.901966 	|	 VM_Task_15 	|	 0.0	|	143360.0	|	13380	|	104.27
2014-12-17 00:29:33.927209 	|	 VM_Task_15 	|	 0.0	|	143360.0	|	13380	|	105.26
2014-12-17 00:29:40.236016 	|	 VM_Task_15 	|	 0.0	|	152576.0	|	13380	|	104.17
2014-12-17 00:29:46.254752 	|	 VM_Task_15 	|	 0.0	|	157696.0	|	13380	|	102.04
2014-12-17 00:29:52.839773 	|	 VM_Task_15 	|	 0.0	|	143360.0	|	13380	|	103.09
2014-12-17 00:29:58.865185 	|	 VM_Task_15 	|	 0.0	|	143360.0	|	13380	|	103.09
2014-12-17 00:30:05.028725 	|	 VM_Task_15 	|	 0.0	|	145408.0	|	13380	|	104.95
2014-12-17 00:30:11.059323 	|	 VM_Task_15 	|	 0.0	|	157696.0	|	13380	|	101.01
2014-12-17 00:30:17.666677 	|	 VM_Task_15 	|	 0.0	|	143360.0	|	13380	|	103.09
2014-12-17 00:30:23.695877 	|	 VM_Task_15 	|	 0.0	|	143360.0	|	13380	|	104.06
2014-12-17 00:30:30.813636 	|	 VM_Task_15 	|	 0.0	|	143360.0	|	13380	|	62.86
2014-12-17 00:30:44.512331 	|	 VM_Task_15 	|	 0.0	|	157696.0	|	13380	|	96.67
2014-12-17 00:30:51.258241 	|	 VM_Task_15 	|	 0.0	|	143360.0	|	13380	|	103.09
2014-12-17 00:30:57.283238 	|	 VM_Task_15 	|	 0.0	|	143360.0	|	13380	|	104.17
2014-12-17 00:31:03.309240 	|	 VM_Task_15 	|	 0.0	|	143360.0	|	13380	|	100.00
2014-12-17 00:31:09.330771 	|	 VM_Task_15 	|	 0.0	|	143360.0	|	13380	|	105.26
2014-12-17 00:31:15.735087 	|	 VM_Task_15 	|	 0.0	|	153600.0	|	13380	|	105.26
2014-12-17 00:31:22.165629 	|	 VM_Task_15 	|	 0.0	|	157696.0	|	13380	|	102.04
2014-12-17 00:31:28.730052 	|	 VM_Task_15 	|	 0.0	|	143360.0	|	13380	|	103.09
2014-12-17 00:31:34.760404 	|	 VM_Task_15 	|	 0.0	|	143360.0	|	13380	|	100.00
2014-12-17 00:31:40.785329 	|	 VM_Task_15 	|	 0.0	|	143360.0	|	13380	|	100.00
2014-12-17 00:31:46.805904 	|	 VM_Task_15 	|	 0.0	|	143360.0	|	13380	|	103.20
2014-12-17 00:31:53.029900 	|	 VM_Task_15 	|	 0.0	|	155648.0	|	13380	|	103.09
2014-12-17 00:31:59.056134 	|	 VM_Task_15 	|	 0.0	|	157696.0	|	13380	|	102.04
2014-12-17 00:32:05.164141 	|	 VM_Task_15 	|	 0.0	|	156672.0	|	13380	|	71.62
2014-12-17 00:32:11.766618 	|	 VM_Task_15 	|	 0.0	|	143360.0	|	13380	|	102.04
2014-12-17 00:32:17.793493 	|	 VM_Task_15 	|	 0.0	|	143360.0	|	13380	|	104.27
2014-12-17 00:32:28.839107 	|	 VM_Task_15 	|	 0.0	|	156672.0	|	13380	|	101.01
2014-12-17 00:32:34.874692 	|	 VM_Task_15 	|	 0.0	|	156672.0	|	13380	|	102.04
2014-12-17 00:32:41.712252 	|	 VM_Task_15 	|	 0.0	|	143360.0	|	13380	|	104.17
2014-12-17 00:32:47.740241 	|	 VM_Task_15 	|	 0.0	|	143360.0	|	13380	|	101.01
2014-12-17 00:32:53.763596 	|	 VM_Task_15 	|	 0.0	|	143360.0	|	13380	|	103.09
2014-12-17 00:32:59.801897 	|	 VM_Task_15 	|	 0.0	|	143360.0	|	13380	|	105.26
2014-12-17 00:33:06.194262 	|	 VM_Task_15 	|	 0.0	|	153600.0	|	13380	|	104.17
2014-12-17 00:33:12.217963 	|	 VM_Task_15 	|	 0.0	|	157696.0	|	13380	|	101.01
2014-12-17 00:33:18.239820 	|	 VM_Task_15 	|	 0.0	|	157696.0	|	13380	|	103.09
2014-12-17 00:33:24.879925 	|	 VM_Task_15 	|	 0.0	|	144384.0	|	13380	|	104.06
2014-12-17 00:33:30.906810 	|	 VM_Task_15 	|	 0.0	|	144384.0	|	13380	|	102.04
2014-12-17 00:33:37.093687 	|	 VM_Task_15 	|	 0.0	|	154624.0	|	13380	|	102.04
2014-12-17 00:33:43.121650 	|	 VM_Task_15 	|	 0.0	|	158720.0	|	13380	|	100.00
2014-12-17 00:33:49.140786 	|	 VM_Task_15 	|	 0.0	|	156672.0	|	13380	|	0.00
2014-12-17 00:33:55.693867 	|	 VM_Task_15 	|	 0.0	|	144384.0	|	13380	|	103.09
2014-12-17 00:34:01.722727 	|	 VM_Task_15 	|	 0.0	|	143360.0	|	13380	|	104.17
2014-12-17 00:34:07.928856 	|	 VM_Task_15 	|	 0.0	|	154624.0	|	13380	|	103.09
2014-12-17 00:34:13.955513 	|	 VM_Task_15 	|	 0.0	|	158720.0	|	13380	|	100.00
2014-12-17 00:34:20.436144 	|	 VM_Task_15 	|	 0.0	|	156672.0	|	13380	|	3.54
2014-12-17 00:34:27.040042 	|	 VM_Task_15 	|	 0.0	|	143360.0	|	13380	|	103.09
2014-12-17 00:34:33.069563 	|	 VM_Task_15 	|	 0.0	|	144384.0	|	13380	|	29.69
2014-12-17 00:34:39.253421 	|	 VM_Task_15 	|	 0.0	|	156672.0	|	13380	|	103.09
2014-12-17 00:34:45.273394 	|	 VM_Task_15 	|	 0.0	|	157696.0	|	13380	|	101.01
2014-12-17 00:34:52.093377 	|	 VM_Task_15 	|	 0.0	|	143360.0	|	13380	|	104.17
2014-12-17 00:34:58.118537 	|	 VM_Task_15 	|	 0.0	|	143360.0	|	13380	|	103.09
2014-12-17 00:35:04.145986 	|	 VM_Task_15 	|	 0.0	|	143360.0	|	13380	|	104.17
2014-12-17 00:35:17.708630 	|	 VM_Task_15 	|	 0.0	|	157696.0	|	13380	|	52.50
2014-12-17 00:35:30.440116 	|	 VM_Task_15 	|	 0.0	|	143360.0	|	13380	|	99.01
2014-12-17 00:35:36.462604 	|	 VM_Task_15 	|	 0.0	|	143360.0	|	13380	|	101.01
2014-12-17 00:35:42.489459 	|	 VM_Task_15 	|	 0.0	|	143360.0	|	13380	|	104.17
2014-12-17 00:35:48.588691 	|	 VM_Task_15 	|	 0.0	|	155648.0	|	13380	|	105.26
2014-12-17 00:35:54.612321 	|	 VM_Task_15 	|	 0.0	|	157696.0	|	13380	|	52.40
2014-12-17 00:36:01.159449 	|	 VM_Task_15 	|	 0.0	|	143360.0	|	13380	|	105.26
2014-12-17 00:36:07.185517 	|	 VM_Task_15 	|	 0.0	|	143360.0	|	13380	|	106.38
2014-12-17 00:36:13.288782 	|	 VM_Task_15 	|	 0.0	|	153600.0	|	13380	|	104.17
2014-12-17 00:36:19.316760 	|	 VM_Task_15 	|	 0.0	|	157696.0	|	13380	|	101.01
2014-12-17 00:36:25.886719 	|	 VM_Task_15 	|	 0.0	|	143360.0	|	13380	|	105.26
2014-12-17 00:36:31.918277 	|	 VM_Task_15 	|	 0.0	|	143360.0	|	13380	|	78.75
2014-12-17 00:36:38.273058 	|	 VM_Task_15 	|	 0.0	|	152576.0	|	13380	|	104.17
2014-12-17 00:36:44.299049 	|	 VM_Task_15 	|	 0.0	|	157696.0	|	13380	|	102.04
2014-12-17 00:36:50.905069 	|	 VM_Task_15 	|	 0.0	|	143360.0	|	13380	|	104.17
2014-12-17 00:36:56.930004 	|	 VM_Task_15 	|	 0.0	|	143360.0	|	13380	|	74.69
2014-12-17 00:37:03.264430 	|	 VM_Task_15 	|	 0.0	|	152576.0	|	13380	|	105.26
2014-12-17 00:37:09.285143 	|	 VM_Task_15 	|	 0.0	|	157696.0	|	13380	|	101.01
2014-12-17 00:37:15.802723 	|	 VM_Task_15 	|	 0.0	|	143360.0	|	13380	|	106.38
2014-12-17 00:37:21.844880 	|	 VM_Task_15 	|	 0.0	|	143360.0	|	13380	|	67.26
2014-12-17 00:37:32.237062 	|	 VM_Task_15 	|	 0.0	|	157696.0	|	13380	|	99.80
2014-12-17 00:37:39.226853 	|	 VM_Task_15 	|	 0.0	|	143360.0	|	13380	|	104.17
2014-12-17 00:37:45.255606 	|	 VM_Task_15 	|	 0.0	|	143360.0	|	13380	|	105.26
2014-12-17 00:37:57.410586 	|	 VM_Task_15 	|	 0.0	|	157696.0	|	13380	|	102.04
2014-12-17 00:38:04.124100 	|	 VM_Task_15 	|	 0.0	|	143360.0	|	13380	|	104.17
2014-12-17 00:38:10.149743 	|	 VM_Task_15 	|	 0.0	|	143360.0	|	13380	|	106.38
2014-12-17 00:38:16.176462 	|	 VM_Task_15 	|	 0.0	|	143360.0	|	13380	|	0.00
2014-12-17 00:38:26.349856 	|	 VM_Task_15 	|	 0.0	|	157696.0	|	13380	|	48.28
2014-12-17 00:38:32.864331 	|	 VM_Task_15 	|	 0.0	|	143360.0	|	13380	|	107.53
2014-12-17 00:38:38.885891 	|	 VM_Task_15 	|	 0.0	|	143360.0	|	13380	|	0.00
2014-12-17 00:38:45.057557 	|	 VM_Task_15 	|	 0.0	|	154624.0	|	13380	|	104.17
2014-12-17 00:38:51.083733 	|	 VM_Task_15 	|	 0.0	|	156672.0	|	13380	|	101.75
2014-12-17 00:38:57.679983 	|	 VM_Task_15 	|	 0.0	|	143360.0	|	13380	|	107.53
2014-12-17 00:39:03.701684 	|	 VM_Task_15 	|	 0.0	|	143360.0	|	13380	|	100.00
2014-12-17 00:39:09.723639 	|	 VM_Task_15 	|	 0.0	|	143360.0	|	13380	|	101.01
2014-12-17 00:39:15.745858 	|	 VM_Task_15 	|	 0.0	|	143360.0	|	13380	|	100.00
2014-12-17 00:39:21.768636 	|	 VM_Task_15 	|	 0.0	|	143360.0	|	13380	|	102.04
2014-12-17 00:39:31.842879 	|	 VM_Task_15 	|	 0.0	|	143360.0	|	13380	|	98.04
2014-12-17 00:39:38.089715 	|	 VM_Task_15 	|	 0.0	|	157696.0	|	13380	|	100.00
2014-12-17 00:39:44.115381 	|	 VM_Task_15 	|	 0.0	|	157696.0	|	13380	|	101.01
2014-12-17 00:39:50.648993 	|	 VM_Task_15 	|	 0.0	|	143360.0	|	13380	|	103.09
2014-12-17 00:39:56.680821 	|	 VM_Task_15 	|	 0.0	|	143360.0	|	13380	|	104.17
2014-12-17 00:40:02.745246 	|	 VM_Task_15 	|	 0.0	|	143360.0	|	13380	|	23.94
2014-12-17 00:40:12.269970 	|	 VM_Task_15 	|	 0.0	|	157696.0	|	13380	|	99.01
2014-12-17 00:40:18.316977 	|	 VM_Task_15 	|	 0.0	|	156672.0	|	13380	|	81.12
2014-12-17 00:40:24.892449 	|	 VM_Task_15 	|	 0.0	|	143360.0	|	13380	|	104.17
2014-12-17 00:40:30.916746 	|	 VM_Task_15 	|	 0.0	|	143360.0	|	13380	|	25.82
2014-12-17 00:40:37.128210 	|	 VM_Task_15 	|	 0.0	|	156672.0	|	13380	|	103.09
2014-12-17 00:40:43.152137 	|	 VM_Task_15 	|	 0.0	|	157696.0	|	13380	|	101.01
2014-12-17 00:40:50.505937 	|	 VM_Task_15 	|	 0.0	|	143360.0	|	13380	|	99.90
2014-12-17 00:40:56.527850 	|	 VM_Task_15 	|	 0.0	|	143360.0	|	13380	|	98.04
2014-12-17 00:41:02.549577 	|	 VM_Task_15 	|	 0.0	|	143360.0	|	13380	|	100.00
2014-12-17 00:41:08.578872 	|	 VM_Task_15 	|	 0.0	|	143360.0	|	13380	|	104.17
2014-12-17 00:41:14.608975 	|	 VM_Task_15 	|	 0.0	|	143360.0	|	13380	|	104.27
2014-12-17 00:41:20.878699 	|	 VM_Task_15 	|	 0.0	|	154624.0	|	13380	|	104.17
2014-12-17 00:41:27.720085 	|	 VM_Task_15 	|	 0.0	|	157696.0	|	13380	|	101.01
2014-12-17 00:41:34.185727 	|	 VM_Task_15 	|	 0.0	|	156672.0	|	13380	|	59.18
2014-12-17 00:41:40.770383 	|	 VM_Task_15 	|	 0.0	|	143360.0	|	13380	|	104.17
2014-12-17 00:41:46.794788 	|	 VM_Task_15 	|	 0.0	|	143360.0	|	13380	|	95.52
2014-12-17 00:41:53.046588 	|	 VM_Task_15 	|	 0.0	|	156672.0	|	13380	|	102.04
2014-12-17 00:41:59.069600 	|	 VM_Task_15 	|	 0.0	|	157696.0	|	13380	|	101.01
2014-12-17 00:42:05.950972 	|	 VM_Task_15 	|	 0.0	|	143360.0	|	13380	|	105.26
2014-12-17 00:42:11.979159 	|	 VM_Task_15 	|	 0.0	|	143360.0	|	13380	|	103.09
2014-12-17 00:42:17.999708 	|	 VM_Task_15 	|	 0.0	|	143360.0	|	13380	|	0.00
2014-12-17 00:42:29.992097 	|	 VM_Task_15 	|	 0.0	|	157696.0	|	13380	|	65.70
2014-12-17 00:42:36.486810 	|	 VM_Task_15 	|	 0.0	|	143360.0	|	13380	|	106.38
2014-12-17 00:42:42.512431 	|	 VM_Task_15 	|	 0.0	|	143360.0	|	13380	|	104.17
2014-12-17 00:42:48.558791 	|	 VM_Task_15 	|	 0.0	|	143360.0	|	13380	|	4.80
2014-12-17 00:42:58.678220 	|	 VM_Task_15 	|	 0.0	|	157696.0	|	13380	|	99.11
2014-12-17 00:43:05.461979 	|	 VM_Task_15 	|	 0.0	|	143360.0	|	13380	|	104.27
2014-12-17 00:43:11.491729 	|	 VM_Task_15 	|	 0.0	|	143360.0	|	13380	|	104.17
2014-12-17 00:43:17.515365 	|	 VM_Task_15 	|	 0.0	|	143360.0	|	13380	|	0.00
2014-12-17 00:43:32.462185 	|	 VM_Task_15 	|	 0.0	|	157696.0	|	13380	|	100.00
2014-12-17 00:43:39.021494 	|	 VM_Task_15 	|	 0.0	|	143360.0	|	13380	|	104.17
2014-12-17 00:43:45.048382 	|	 VM_Task_15 	|	 0.0	|	143360.0	|	13380	|	104.27
2014-12-17 00:43:51.218811 	|	 VM_Task_15 	|	 0.0	|	154624.0	|	13380	|	103.20
2014-12-17 00:43:57.245366 	|	 VM_Task_15 	|	 0.0	|	157696.0	|	13380	|	102.04
2014-12-17 00:44:03.262207 	|	 VM_Task_15 	|	 0.0	|	157696.0	|	13380	|	19.20
2014-12-17 00:44:09.858128 	|	 VM_Task_15 	|	 0.0	|	143360.0	|	13380	|	106.38
2014-12-17 00:44:15.884583 	|	 VM_Task_15 	|	 0.0	|	143360.0	|	13380	|	87.27
2014-12-17 00:44:22.044574 	|	 VM_Task_15 	|	 0.0	|	155648.0	|	13380	|	103.09
2014-12-17 00:44:28.071387 	|	 VM_Task_15 	|	 0.0	|	157696.0	|	13380	|	101.01
2014-12-17 00:44:34.098983 	|	 VM_Task_15 	|	 0.0	|	157696.0	|	13380	|	99.01
2014-12-17 00:44:40.110705 	|	 VM_Task_15 	|	 0.0	|	157696.0	|	13380	|	101.01
2014-12-17 00:44:46.133808 	|	 VM_Task_15 	|	 0.0	|	156672.0	|	13380	|	78.99
2014-12-17 00:44:52.651478 	|	 VM_Task_15 	|	 0.0	|	143360.0	|	13380	|	105.16
2014-12-17 00:44:58.677314 	|	 VM_Task_15 	|	 0.0	|	143360.0	|	13380	|	104.17
2014-12-17 00:45:04.742834 	|	 VM_Task_15 	|	 0.0	|	143360.0	|	13380	|	66.70
2014-12-17 00:45:14.381110 	|	 VM_Task_15 	|	 0.0	|	157696.0	|	13380	|	101.01
2014-12-17 00:45:21.135676 	|	 VM_Task_15 	|	 0.0	|	143360.0	|	13380	|	104.17
2014-12-17 00:45:27.162947 	|	 VM_Task_15 	|	 0.0	|	143360.0	|	13380	|	104.17
2014-12-17 00:45:33.186508 	|	 VM_Task_15 	|	 0.0	|	143360.0	|	13380	|	0.00
2014-12-17 00:45:45.244975 	|	 VM_Task_15 	|	 0.0	|	156672.0	|	13380	|	100.00
2014-12-17 00:45:51.825008 	|	 VM_Task_15 	|	 0.0	|	143360.0	|	13380	|	104.17
2014-12-17 00:45:57.851133 	|	 VM_Task_15 	|	 0.0	|	143360.0	|	13380	|	103.09
2014-12-17 00:46:03.873612 	|	 VM_Task_15 	|	 0.0	|	143360.0	|	13380	|	0.00
2014-12-17 00:46:15.160990 	|	 VM_Task_15 	|	 0.0	|	157696.0	|	13380	|	100.00
2014-12-17 00:46:22.026979 	|	 VM_Task_15 	|	 0.0	|	143360.0	|	13380	|	102.04
2014-12-17 00:46:28.054975 	|	 VM_Task_15 	|	 0.0	|	143360.0	|	13380	|	101.01
2014-12-17 00:46:34.078203 	|	 VM_Task_15 	|	 0.0	|	143360.0	|	13380	|	0.00
2014-12-17 00:46:45.219318 	|	 VM_Task_15 	|	 0.0	|	157696.0	|	13380	|	101.01
2014-12-17 00:46:52.067151 	|	 VM_Task_15 	|	 0.0	|	143360.0	|	13380	|	105.26
2014-12-17 00:46:58.092814 	|	 VM_Task_15 	|	 0.0	|	143360.0	|	13380	|	104.17
2014-12-17 00:47:04.115931 	|	 VM_Task_15 	|	 0.0	|	143360.0	|	13380	|	0.00
2014-12-17 00:47:14.151500 	|	 VM_Task_15 	|	 0.0	|	157696.0	|	13380	|	102.14
2014-12-17 00:47:20.172992 	|	 VM_Task_15 	|	 0.0	|	156672.0	|	13380	|	40.82
2014-12-17 00:47:26.468189 	|	 VM_Task_15 	|	 0.0	|	143360.0	|	13380	|	104.17
2014-12-17 00:47:32.490676 	|	 VM_Task_15 	|	 0.0	|	143360.0	|	13380	|	0.00
2014-12-17 00:47:38.682970 	|	 VM_Task_15 	|	 0.0	|	156672.0	|	13380	|	103.09
2014-12-17 00:47:44.712736 	|	 VM_Task_15 	|	 0.0	|	157696.0	|	13380	|	100.00
2014-12-17 00:47:50.732631 	|	 VM_Task_15 	|	 0.0	|	156672.0	|	13380	|	84.39
2014-12-17 00:47:57.241868 	|	 VM_Task_15 	|	 0.0	|	143360.0	|	13380	|	103.09
2014-12-17 00:48:03.264187 	|	 VM_Task_15 	|	 0.0	|	143360.0	|	13380	|	0.00
2014-12-17 00:48:09.598302 	|	 VM_Task_15 	|	 0.0	|	156672.0	|	13380	|	103.09
2014-12-17 00:48:15.617937 	|	 VM_Task_15 	|	 0.0	|	158720.0	|	13380	|	98.04
2014-12-17 00:48:21.642549 	|	 VM_Task_15 	|	 0.0	|	158720.0	|	13380	|	101.01
2014-12-17 00:48:27.670995 	|	 VM_Task_15 	|	 0.0	|	157696.0	|	13380	|	101.01
2014-12-17 00:48:33.696200 	|	 VM_Task_15 	|	 0.0	|	157696.0	|	13380	|	37.98
2014-12-17 00:48:40.663511 	|	 VM_Task_15 	|	 0.0	|	143360.0	|	13380	|	104.17
2014-12-17 00:48:46.688060 	|	 VM_Task_15 	|	 0.0	|	143360.0	|	13380	|	101.01
2014-12-17 00:48:52.711554 	|	 VM_Task_15 	|	 0.0	|	143360.0	|	13380	|	0.00
2014-12-17 00:48:58.951239 	|	 VM_Task_15 	|	 0.0	|	156672.0	|	13380	|	102.04
2014-12-17 00:49:04.980170 	|	 VM_Task_15 	|	 0.0	|	157696.0	|	13380	|	102.04
2014-12-17 00:49:11.172009 	|	 VM_Task_15 	|	 0.0	|	156672.0	|	13380	|	73.71
2014-12-17 00:49:17.819746 	|	 VM_Task_15 	|	 0.0	|	143360.0	|	13380	|	101.01
2014-12-17 00:49:23.848204 	|	 VM_Task_15 	|	 0.0	|	143360.0	|	13380	|	104.17
2014-12-17 00:49:35.093578 	|	 VM_Task_15 	|	 0.0	|	157696.0	|	13380	|	101.01
2014-12-17 00:49:41.111437 	|	 VM_Task_15 	|	 0.0	|	156672.0	|	13380	|	72.71
2014-12-17 00:49:47.736144 	|	 VM_Task_15 	|	 0.0	|	143360.0	|	13380	|	104.17
2014-12-17 00:49:53.761968 	|	 VM_Task_15 	|	 0.0	|	143360.0	|	13380	|	101.01
2014-12-17 00:49:59.787831 	|	 VM_Task_15 	|	 0.0	|	143360.0	|	13380	|	0.00
2014-12-17 00:50:07.464002 	|	 VM_Task_15 	|	 0.0	|	156672.0	|	13380	|	101.01
2014-12-17 00:50:13.496301 	|	 VM_Task_15 	|	 0.0	|	157696.0	|	13380	|	101.01
2014-12-17 00:50:19.521082 	|	 VM_Task_15 	|	 0.0	|	156672.0	|	13380	|	0.00
2014-12-17 00:50:25.874586 	|	 VM_Task_15 	|	 0.0	|	143360.0	|	13380	|	103.09
2014-12-17 00:50:31.903220 	|	 VM_Task_15 	|	 0.0	|	143360.0	|	13380	|	101.01
2014-12-17 00:50:37.930468 	|	 VM_Task_15 	|	 0.0	|	143360.0	|	13380	|	104.17
2014-12-17 00:50:44.111607 	|	 VM_Task_15 	|	 0.0	|	154624.0	|	13380	|	104.17
2014-12-17 00:50:50.138258 	|	 VM_Task_15 	|	 0.0	|	157696.0	|	13380	|	101.01
2014-12-17 00:50:56.167857 	|	 VM_Task_15 	|	 0.0	|	157696.0	|	13380	|	102.04
2014-12-17 00:51:02.194756 	|	 VM_Task_15 	|	 0.0	|	157696.0	|	13380	|	100.00
2014-12-17 00:51:09.206287 	|	 VM_Task_15 	|	 0.0	|	143360.0	|	13380	|	99.90
2014-12-17 00:51:15.232573 	|	 VM_Task_15 	|	 0.0	|	143360.0	|	13380	|	103.09
2014-12-17 00:51:21.257993 	|	 VM_Task_15 	|	 0.0	|	143360.0	|	13380	|	103.09
2014-12-17 00:51:27.592708 	|	 VM_Task_15 	|	 0.0	|	153600.0	|	13380	|	104.17
2014-12-17 00:51:33.624033 	|	 VM_Task_15 	|	 0.0	|	157696.0	|	13380	|	101.01
2014-12-17 00:51:39.645941 	|	 VM_Task_15 	|	 0.0	|	156672.0	|	13380	|	0.00
2014-12-17 00:51:46.520142 	|	 VM_Task_15 	|	 0.0	|	143360.0	|	13380	|	104.06
2014-12-17 00:51:52.546704 	|	 VM_Task_15 	|	 0.0	|	143360.0	|	13380	|	104.17
2014-12-17 00:51:58.576008 	|	 VM_Task_15 	|	 0.0	|	143360.0	|	13380	|	103.09
2014-12-17 00:52:08.438492 	|	 VM_Task_15 	|	 0.0	|	155648.0	|	13380	|	103.09
2014-12-17 00:52:14.469883 	|	 VM_Task_15 	|	 0.0	|	156672.0	|	13380	|	100.00
2014-12-17 00:52:20.493185 	|	 VM_Task_15 	|	 0.0	|	156672.0	|	13380	|	0.00
