2014-12-17 16:42:17.343240 	|	 VM_Task_27 	|	 0.0	|	0.0	|	63.40	|	135168.0
2014-12-17 16:42:23.377012 	|	 VM_Task_27 	|	 0.105	|	4292	|	10.60	|	143360.0
2014-12-17 16:42:29.399560 	|	 VM_Task_27 	|	 0.096	|	48196	|	0.00	|	187392.0
2014-12-17 16:42:35.423670 	|	 VM_Task_27 	|	 0.105	|	48196	|	0.00	|	187392.0
2014-12-17 16:42:41.447451 	|	 VM_Task_27 	|	 0.14	|	8260	|	0.00	|	147456.0
2014-12-17 16:42:47.475042 	|	 VM_Task_27 	|	 0.13	|	8260	|	0.00	|	147456.0
2014-12-17 16:42:53.504227 	|	 VM_Task_27 	|	 0.122	|	8260	|	0.00	|	147456.0
2014-12-17 16:42:59.528501 	|	 VM_Task_27 	|	 0.18	|	18500	|	0.00	|	157696.0
2014-12-17 16:43:05.564844 	|	 VM_Task_27 	|	 0.182	|	18500	|	2.77	|	157696.0
2014-12-17 16:43:11.700160 	|	 VM_Task_27 	|	 0.31	|	28740	|	0.00	|	167936.0
2014-12-17 16:43:17.726696 	|	 VM_Task_27 	|	 0.24	|	4292	|	94.04	|	143360.0
2014-12-17 16:43:23.754376 	|	 VM_Task_27 	|	 0.147	|	4292	|	100.00	|	159744.0
2014-12-17 16:43:29.891819 	|	 VM_Task_27 	|	 0.823	|	23620	|	100.10	|	179200.0
2014-12-17 16:43:36.033285 	|	 VM_Task_27 	|	 0.783	|	23620	|	0.10	|	178176.0
2014-12-17 16:43:42.459570 	|	 VM_Task_27 	|	 0.65	|	33860	|	42.35	|	169984.0
2014-12-17 16:43:48.554295 	|	 VM_Task_27 	|	 0.215	|	8260	|	85.96	|	143360.0
2014-12-17 16:43:54.576810 	|	 VM_Task_27 	|	 0.235	|	8260	|	0.00	|	144384.0
2014-12-17 16:44:03.714478 	|	 VM_Task_27 	|	 0.161	|	13380	|	13.40	|	162816.0
2014-12-17 16:44:10.381444 	|	 VM_Task_27 	|	 0.143	|	4292	|	97.10	|	139264.0
2014-12-17 16:44:16.404226 	|	 VM_Task_27 	|	 0.11	|	4292	|	26.16	|	139264.0
2014-12-17 16:44:22.458503 	|	 VM_Task_27 	|	 0.16	|	33860	|	9.00	|	168960.0
2014-12-17 16:44:28.682168 	|	 VM_Task_27 	|	 0.27	|	58436	|	35.25	|	207872.0
2014-12-17 16:44:34.708519 	|	 VM_Task_27 	|	 0.261	|	58436	|	0.00	|	206848.0
2014-12-17 16:44:40.849174 	|	 VM_Task_27 	|	 0.285	|	18500	|	0.00	|	166912.0
2014-12-17 16:44:46.870622 	|	 VM_Task_27 	|	 0.0	|	18500	|	0.00	|	166912.0
2014-12-17 16:44:53.058001 	|	 VM_Task_27 	|	 0.338	|	18500	|	79.15	|	153600.0
2014-12-17 16:44:59.136047 	|	 VM_Task_27 	|	 0.1	|	4292	|	106.38	|	150528.0
2014-12-17 16:45:05.160993 	|	 VM_Task_27 	|	 0.105	|	4292	|	0.00	|	152576.0
2014-12-17 16:45:11.699160 	|	 VM_Task_27 	|	 0.116	|	4292	|	96.45	|	139264.0
2014-12-17 16:45:17.840257 	|	 VM_Task_27 	|	 0.2	|	13380	|	0.00	|	148480.0
2014-12-17 16:45:23.879413 	|	 VM_Task_27 	|	 0.181	|	13380	|	0.00	|	149504.0
2014-12-17 16:45:33.284679 	|	 VM_Task_27 	|	 0.525	|	38980	|	101.11	|	189440.0
2014-12-17 16:45:39.309583 	|	 VM_Task_27 	|	 0.386	|	148	|	101.01	|	154624.0
2014-12-17 16:45:45.334119 	|	 VM_Task_27 	|	 0.132	|	28740	|	0.00	|	178176.0
2014-12-17 16:45:51.476902 	|	 VM_Task_27 	|	 0.635	|	38980	|	66.53	|	188416.0
2014-12-17 16:45:57.505078 	|	 VM_Task_27 	|	 0.11	|	68676	|	0.00	|	218112.0
2014-12-17 16:46:03.532834 	|	 VM_Task_27 	|	 0.121	|	68676	|	0.00	|	218112.0
2014-12-17 16:46:10.823499 	|	 VM_Task_27 	|	 0.347	|	18500	|	77.24	|	153600.0
2014-12-17 16:46:16.852682 	|	 VM_Task_27 	|	 0.356	|	148	|	99.90	|	139264.0
2014-12-17 16:46:22.878786 	|	 VM_Task_27 	|	 0.164	|	13380	|	101.01	|	148480.0
2014-12-17 16:46:29.053067 	|	 VM_Task_27 	|	 0.775	|	33860	|	77.90	|	168960.0
2014-12-17 16:46:35.207237 	|	 VM_Task_27 	|	 0.595	|	33860	|	69.11	|	168960.0
2014-12-17 16:46:41.233860 	|	 VM_Task_27 	|	 0.112	|	8260	|	100.00	|	143360.0
2014-12-17 16:46:47.252801 	|	 VM_Task_27 	|	 0.23	|	13380	|	0.00	|	148480.0
2014-12-17 16:46:53.275597 	|	 VM_Task_27 	|	 0.231	|	13380	|	0.00	|	148480.0
2014-12-17 16:46:59.300817 	|	 VM_Task_27 	|	 0.113	|	13380	|	0.00	|	148480.0
2014-12-17 16:47:05.324987 	|	 VM_Task_27 	|	 0.114	|	13380	|	0.00	|	148480.0
2014-12-17 16:47:14.602008 	|	 VM_Task_27 	|	 0.168	|	13380	|	0.00	|	162816.0
2014-12-17 16:47:20.779202 	|	 VM_Task_27 	|	 0.15	|	13380	|	94.26	|	148480.0
2014-12-17 16:47:26.808544 	|	 VM_Task_27 	|	 0.0	|	13380	|	52.22	|	145408.0
2014-12-17 16:47:34.082624 	|	 VM_Task_27 	|	 0.0	|	13380	|	50.40	|	158720.0
2014-12-17 16:47:40.472091 	|	 VM_Task_27 	|	 0.0	|	13380	|	107.53	|	144384.0
2014-12-17 16:47:46.493669 	|	 VM_Task_27 	|	 0.0	|	13380	|	36.39	|	145408.0
2014-12-17 16:47:52.515034 	|	 VM_Task_27 	|	 0.0	|	13380	|	0.00	|	145408.0
2014-12-17 16:47:58.536681 	|	 VM_Task_27 	|	 0.0	|	13380	|	0.00	|	145408.0
2014-12-17 16:48:04.557899 	|	 VM_Task_27 	|	 0.0	|	13380	|	0.00	|	145408.0
2014-12-17 16:48:10.624270 	|	 VM_Task_27 	|	 0.0	|	13380	|	103.09	|	158720.0
2014-12-17 16:48:16.644869 	|	 VM_Task_27 	|	 0.0	|	13380	|	0.00	|	158720.0
2014-12-17 16:48:23.014440 	|	 VM_Task_27 	|	 0.0	|	13380	|	106.38	|	144384.0
2014-12-17 16:48:29.040992 	|	 VM_Task_27 	|	 0.0	|	13380	|	0.00	|	144384.0
2014-12-17 16:48:35.062516 	|	 VM_Task_27 	|	 0.0	|	13380	|	0.00	|	145408.0
2014-12-17 16:48:41.083941 	|	 VM_Task_27 	|	 0.0	|	13380	|	0.00	|	145408.0
2014-12-17 16:48:47.105329 	|	 VM_Task_27 	|	 0.0	|	13380	|	0.00	|	144384.0
2014-12-17 16:48:53.126775 	|	 VM_Task_27 	|	 0.0	|	13380	|	0.00	|	144384.0
2014-12-17 16:48:59.148030 	|	 VM_Task_27 	|	 0.0	|	13380	|	0.00	|	145408.0
2014-12-17 16:49:05.169660 	|	 VM_Task_27 	|	 0.0	|	13380	|	0.00	|	144384.0
2014-12-17 16:49:11.194331 	|	 VM_Task_27 	|	 0.0	|	13380	|	0.00	|	145408.0
2014-12-17 16:49:17.220363 	|	 VM_Task_27 	|	 0.0	|	13380	|	0.00	|	144384.0
2014-12-17 16:49:23.243558 	|	 VM_Task_27 	|	 0.0	|	13380	|	0.00	|	145408.0
2014-12-17 16:49:29.270756 	|	 VM_Task_27 	|	 0.0	|	13380	|	0.00	|	145408.0
2014-12-17 16:49:35.296591 	|	 VM_Task_27 	|	 0.0	|	13380	|	0.00	|	145408.0
2014-12-17 16:49:41.318947 	|	 VM_Task_27 	|	 0.0	|	13380	|	0.00	|	145408.0
2014-12-17 16:49:47.343853 	|	 VM_Task_27 	|	 0.0	|	13380	|	0.00	|	145408.0
2014-12-17 16:49:53.370833 	|	 VM_Task_27 	|	 0.0	|	13380	|	0.00	|	145408.0
2014-12-17 16:49:59.396759 	|	 VM_Task_27 	|	 0.0	|	13380	|	0.00	|	145408.0
2014-12-17 16:50:05.429113 	|	 VM_Task_27 	|	 0.0	|	13380	|	0.00	|	145408.0
2014-12-17 16:50:11.454796 	|	 VM_Task_27 	|	 0.0	|	13380	|	0.00	|	145408.0
2014-12-17 16:50:17.478431 	|	 VM_Task_27 	|	 0.0	|	13380	|	0.00	|	145408.0
2014-12-17 16:50:23.500216 	|	 VM_Task_27 	|	 0.0	|	13380	|	0.00	|	145408.0
2014-12-17 16:50:29.520862 	|	 VM_Task_27 	|	 0.0	|	13380	|	0.00	|	145408.0
2014-12-17 16:50:35.544517 	|	 VM_Task_27 	|	 0.0	|	13380	|	0.00	|	145408.0
2014-12-17 16:50:41.571599 	|	 VM_Task_27 	|	 0.0	|	13380	|	0.00	|	145408.0
2014-12-17 16:50:47.600419 	|	 VM_Task_27 	|	 0.0	|	13380	|	0.00	|	144384.0
2014-12-17 16:50:53.626141 	|	 VM_Task_27 	|	 0.0	|	13380	|	0.00	|	145408.0
2014-12-17 16:50:59.651597 	|	 VM_Task_27 	|	 0.0	|	13380	|	0.00	|	145408.0
2014-12-17 16:51:05.679754 	|	 VM_Task_27 	|	 0.0	|	13380	|	0.00	|	145408.0
2014-12-17 16:51:11.706538 	|	 VM_Task_27 	|	 0.0	|	13380	|	0.00	|	145408.0
2014-12-17 16:51:17.731999 	|	 VM_Task_27 	|	 0.0	|	13380	|	0.00	|	145408.0
2014-12-17 16:51:23.757770 	|	 VM_Task_27 	|	 0.0	|	13380	|	0.00	|	145408.0
2014-12-17 16:51:29.783178 	|	 VM_Task_27 	|	 0.0	|	13380	|	0.00	|	145408.0
2014-12-17 16:51:35.807845 	|	 VM_Task_27 	|	 0.0	|	13380	|	0.00	|	145408.0
2014-12-17 16:51:41.833215 	|	 VM_Task_27 	|	 0.0	|	13380	|	0.00	|	145408.0
2014-12-17 16:51:47.859268 	|	 VM_Task_27 	|	 0.0	|	13380	|	0.00	|	145408.0
2014-12-17 16:51:53.885522 	|	 VM_Task_27 	|	 0.0	|	13380	|	0.00	|	145408.0
2014-12-17 16:51:59.911105 	|	 VM_Task_27 	|	 0.0	|	13380	|	0.00	|	145408.0
2014-12-17 16:52:05.936792 	|	 VM_Task_27 	|	 0.0	|	13380	|	0.00	|	145408.0
2014-12-17 16:52:11.962511 	|	 VM_Task_27 	|	 0.0	|	13380	|	0.00	|	145408.0
2014-12-17 16:52:17.988789 	|	 VM_Task_27 	|	 0.0	|	13380	|	0.00	|	145408.0
2014-12-17 16:52:24.014881 	|	 VM_Task_27 	|	 0.0	|	13380	|	0.00	|	145408.0
2014-12-17 16:52:30.040563 	|	 VM_Task_27 	|	 0.0	|	13380	|	0.00	|	145408.0
2014-12-17 16:52:36.086372 	|	 VM_Task_27 	|	 0.0	|	13380	|	0.00	|	144384.0
2014-12-17 16:52:42.112164 	|	 VM_Task_27 	|	 0.0	|	13380	|	0.00	|	144384.0
2014-12-17 16:52:48.138602 	|	 VM_Task_27 	|	 0.0	|	13380	|	0.00	|	144384.0
2014-12-17 16:52:54.168379 	|	 VM_Task_27 	|	 0.0	|	13380	|	0.00	|	144384.0
2014-12-17 16:53:00.199395 	|	 VM_Task_27 	|	 0.0	|	13380	|	0.00	|	145408.0
2014-12-17 16:53:06.237170 	|	 VM_Task_27 	|	 0.0	|	13380	|	0.00	|	145408.0
2014-12-17 16:53:12.266698 	|	 VM_Task_27 	|	 0.0	|	13380	|	0.00	|	145408.0
2014-12-17 16:53:18.296583 	|	 VM_Task_27 	|	 0.0	|	13380	|	0.00	|	145408.0
2014-12-17 16:53:24.341140 	|	 VM_Task_27 	|	 0.0	|	13380	|	0.00	|	145408.0
2014-12-17 16:53:30.366633 	|	 VM_Task_27 	|	 0.0	|	13380	|	0.00	|	145408.0
2014-12-17 16:53:36.405966 	|	 VM_Task_27 	|	 0.0	|	13380	|	0.00	|	145408.0
2014-12-17 16:53:42.429367 	|	 VM_Task_27 	|	 0.0	|	13380	|	0.00	|	145408.0
2014-12-17 16:53:48.462443 	|	 VM_Task_27 	|	 0.0	|	13380	|	0.00	|	145408.0
2014-12-17 16:53:54.496811 	|	 VM_Task_27 	|	 0.0	|	13380	|	0.00	|	145408.0
2014-12-17 16:54:00.526939 	|	 VM_Task_27 	|	 0.0	|	13380	|	0.00	|	145408.0
2014-12-17 16:54:06.552499 	|	 VM_Task_27 	|	 0.0	|	13380	|	0.00	|	145408.0
2014-12-17 16:54:12.576903 	|	 VM_Task_27 	|	 0.0	|	13380	|	0.00	|	144384.0
2014-12-17 16:54:18.605466 	|	 VM_Task_27 	|	 0.0	|	13380	|	0.00	|	145408.0
2014-12-17 16:54:24.631220 	|	 VM_Task_27 	|	 0.0	|	13380	|	0.00	|	145408.0
2014-12-17 16:54:30.658837 	|	 VM_Task_27 	|	 0.0	|	13380	|	0.00	|	145408.0
2014-12-17 16:54:36.683598 	|	 VM_Task_27 	|	 0.0	|	13380	|	0.00	|	145408.0
2014-12-17 16:54:42.709768 	|	 VM_Task_27 	|	 0.0	|	13380	|	0.00	|	145408.0
2014-12-17 16:54:48.735922 	|	 VM_Task_27 	|	 0.0	|	13380	|	29.19	|	144384.0
2014-12-17 16:54:54.763296 	|	 VM_Task_27 	|	 0.0	|	13380	|	0.00	|	145408.0
2014-12-17 16:55:00.788805 	|	 VM_Task_27 	|	 0.0	|	13380	|	0.00	|	145408.0
2014-12-17 16:55:06.814969 	|	 VM_Task_27 	|	 0.0	|	13380	|	0.00	|	145408.0
2014-12-17 16:55:12.841031 	|	 VM_Task_27 	|	 0.0	|	13380	|	0.00	|	145408.0
2014-12-17 16:55:18.866410 	|	 VM_Task_27 	|	 0.0	|	13380	|	0.00	|	145408.0
2014-12-17 16:55:24.892512 	|	 VM_Task_27 	|	 0.0	|	13380	|	0.00	|	145408.0
2014-12-17 16:55:30.917613 	|	 VM_Task_27 	|	 0.0	|	13380	|	0.00	|	145408.0
2014-12-17 16:55:36.942115 	|	 VM_Task_27 	|	 0.0	|	13380	|	0.00	|	145408.0
2014-12-17 16:55:42.967883 	|	 VM_Task_27 	|	 0.0	|	13380	|	0.00	|	145408.0
2014-12-17 16:55:48.992033 	|	 VM_Task_27 	|	 0.0	|	13380	|	0.00	|	144384.0
2014-12-17 16:55:55.017204 	|	 VM_Task_27 	|	 0.0	|	13380	|	0.00	|	145408.0
2014-12-17 16:56:01.042721 	|	 VM_Task_27 	|	 0.0	|	13380	|	0.00	|	145408.0
2014-12-17 16:56:07.068300 	|	 VM_Task_27 	|	 0.0	|	13380	|	0.00	|	145408.0
2014-12-17 16:56:13.094172 	|	 VM_Task_27 	|	 0.0	|	13380	|	0.00	|	145408.0
2014-12-17 16:56:19.120042 	|	 VM_Task_27 	|	 0.0	|	13380	|	0.00	|	145408.0
2014-12-17 16:56:25.145911 	|	 VM_Task_27 	|	 0.0	|	13380	|	0.00	|	144384.0
2014-12-17 16:56:31.171463 	|	 VM_Task_27 	|	 0.0	|	13380	|	0.00	|	144384.0
2014-12-17 16:56:37.214685 	|	 VM_Task_27 	|	 0.0	|	13380	|	0.00	|	145408.0
2014-12-17 16:56:43.241607 	|	 VM_Task_27 	|	 0.0	|	13380	|	0.00	|	145408.0
2014-12-17 16:56:49.269325 	|	 VM_Task_27 	|	 0.0	|	13380	|	0.00	|	145408.0
2014-12-17 16:56:55.299863 	|	 VM_Task_27 	|	 0.0	|	13380	|	0.00	|	145408.0
2014-12-17 16:57:01.354426 	|	 VM_Task_27 	|	 0.0	|	13380	|	0.00	|	145408.0
2014-12-17 16:57:07.380475 	|	 VM_Task_27 	|	 0.0	|	13380	|	0.00	|	145408.0
2014-12-17 16:57:13.401888 	|	 VM_Task_27 	|	 0.0	|	13380	|	0.00	|	145408.0
2014-12-17 16:57:19.429685 	|	 VM_Task_27 	|	 0.0	|	13380	|	0.00	|	145408.0
2014-12-17 16:57:25.454554 	|	 VM_Task_27 	|	 0.0	|	13380	|	0.00	|	145408.0
2014-12-17 16:57:31.482255 	|	 VM_Task_27 	|	 0.0	|	13380	|	0.00	|	145408.0
2014-12-17 16:57:37.515032 	|	 VM_Task_27 	|	 0.0	|	13380	|	0.00	|	145408.0
2014-12-17 16:57:43.543933 	|	 VM_Task_27 	|	 0.0	|	13380	|	0.00	|	145408.0
2014-12-17 16:57:49.567209 	|	 VM_Task_27 	|	 0.0	|	13380	|	0.00	|	145408.0
2014-12-17 16:57:55.593264 	|	 VM_Task_27 	|	 0.0	|	13380	|	0.00	|	145408.0
2014-12-17 16:58:01.621023 	|	 VM_Task_27 	|	 0.0	|	13380	|	0.00	|	145408.0
2014-12-17 16:58:07.642577 	|	 VM_Task_27 	|	 0.0	|	13380	|	0.00	|	145408.0
2014-12-17 16:58:13.664172 	|	 VM_Task_27 	|	 0.0	|	13380	|	0.00	|	145408.0
2014-12-17 16:58:19.685640 	|	 VM_Task_27 	|	 0.0	|	13380	|	0.00	|	145408.0
2014-12-17 16:58:25.708241 	|	 VM_Task_27 	|	 0.0	|	13380	|	0.00	|	145408.0
2014-12-17 16:58:31.729883 	|	 VM_Task_27 	|	 0.0	|	13380	|	0.00	|	145408.0
2014-12-17 16:58:37.751556 	|	 VM_Task_27 	|	 0.0	|	13380	|	0.00	|	145408.0
2014-12-17 16:58:43.774208 	|	 VM_Task_27 	|	 0.0	|	13380	|	0.00	|	145408.0
2014-12-17 16:58:49.796582 	|	 VM_Task_27 	|	 0.0	|	13380	|	0.00	|	145408.0
2014-12-17 16:58:55.818550 	|	 VM_Task_27 	|	 0.0	|	13380	|	0.00	|	145408.0
2014-12-17 16:59:01.839926 	|	 VM_Task_27 	|	 0.0	|	13380	|	0.00	|	145408.0
2014-12-17 16:59:07.862228 	|	 VM_Task_27 	|	 0.0	|	13380	|	0.00	|	145408.0
2014-12-17 16:59:13.884319 	|	 VM_Task_27 	|	 0.0	|	13380	|	0.00	|	145408.0
2014-12-17 16:59:19.906042 	|	 VM_Task_27 	|	 0.0	|	13380	|	0.00	|	145408.0
2014-12-17 16:59:25.928396 	|	 VM_Task_27 	|	 0.0	|	13380	|	0.00	|	145408.0
2014-12-17 16:59:31.952660 	|	 VM_Task_27 	|	 0.0	|	13380	|	0.00	|	145408.0
2014-12-17 16:59:37.974272 	|	 VM_Task_27 	|	 0.0	|	13380	|	0.00	|	145408.0
2014-12-17 16:59:43.996878 	|	 VM_Task_27 	|	 0.0	|	13380	|	0.00	|	145408.0
2014-12-17 16:59:50.017820 	|	 VM_Task_27 	|	 0.0	|	13380	|	0.00	|	145408.0
2014-12-17 16:59:56.039332 	|	 VM_Task_27 	|	 0.0	|	13380	|	0.00	|	145408.0
2014-12-17 17:00:02.060504 	|	 VM_Task_27 	|	 0.0	|	13380	|	0.00	|	145408.0
2014-12-17 17:00:08.082859 	|	 VM_Task_27 	|	 0.0	|	13380	|	0.00	|	145408.0
2014-12-17 17:00:14.104648 	|	 VM_Task_27 	|	 0.0	|	13380	|	0.00	|	145408.0
2014-12-17 17:00:20.126546 	|	 VM_Task_27 	|	 0.0	|	13380	|	0.00	|	145408.0
2014-12-17 17:00:26.147741 	|	 VM_Task_27 	|	 0.0	|	13380	|	0.00	|	145408.0
2014-12-17 17:00:32.168704 	|	 VM_Task_27 	|	 0.0	|	13380	|	0.00	|	145408.0
2014-12-17 17:00:38.190999 	|	 VM_Task_27 	|	 0.0	|	13380	|	0.00	|	145408.0
2014-12-17 17:00:44.213005 	|	 VM_Task_27 	|	 0.0	|	13380	|	0.00	|	145408.0
2014-12-17 17:00:50.236168 	|	 VM_Task_27 	|	 0.0	|	13380	|	0.00	|	145408.0
2014-12-17 17:00:56.257924 	|	 VM_Task_27 	|	 0.0	|	13380	|	0.00	|	145408.0
2014-12-17 17:01:02.279559 	|	 VM_Task_27 	|	 0.0	|	13380	|	6.10	|	145408.0
2014-12-17 17:01:08.303345 	|	 VM_Task_27 	|	 0.0	|	13380	|	0.00	|	146432.0
2014-12-17 17:01:14.325613 	|	 VM_Task_27 	|	 0.0	|	13380	|	0.00	|	146432.0
2014-12-17 17:01:20.347564 	|	 VM_Task_27 	|	 0.0	|	13380	|	0.00	|	146432.0
2014-12-17 17:01:26.370137 	|	 VM_Task_27 	|	 0.0	|	13380	|	0.00	|	145408.0
2014-12-17 17:01:32.392169 	|	 VM_Task_27 	|	 0.0	|	13380	|	0.20	|	146432.0
2014-12-17 17:01:38.414272 	|	 VM_Task_27 	|	 0.0	|	13380	|	0.00	|	145408.0
2014-12-17 17:01:44.435896 	|	 VM_Task_27 	|	 0.0	|	13380	|	0.00	|	145408.0
2014-12-17 17:01:50.458547 	|	 VM_Task_27 	|	 0.0	|	13380	|	0.00	|	146432.0
2014-12-17 17:01:56.479647 	|	 VM_Task_27 	|	 0.0	|	13380	|	0.00	|	146432.0
2014-12-17 17:02:02.501085 	|	 VM_Task_27 	|	 0.0	|	13380	|	0.00	|	146432.0
2014-12-17 17:02:08.523019 	|	 VM_Task_27 	|	 0.0	|	13380	|	0.00	|	146432.0
2014-12-17 17:02:14.544545 	|	 VM_Task_27 	|	 0.0	|	13380	|	0.00	|	146432.0
2014-12-17 17:02:20.566892 	|	 VM_Task_27 	|	 0.0	|	13380	|	0.00	|	146432.0
2014-12-17 17:02:26.588472 	|	 VM_Task_27 	|	 0.0	|	13380	|	0.00	|	146432.0
2014-12-17 17:02:32.609838 	|	 VM_Task_27 	|	 0.0	|	13380	|	0.00	|	146432.0
2014-12-17 17:02:38.631038 	|	 VM_Task_27 	|	 0.0	|	13380	|	0.00	|	146432.0
2014-12-17 17:02:44.652440 	|	 VM_Task_27 	|	 0.0	|	13380	|	0.00	|	146432.0
2014-12-17 17:02:50.673712 	|	 VM_Task_27 	|	 0.0	|	13380	|	0.00	|	146432.0
2014-12-17 17:02:56.695551 	|	 VM_Task_27 	|	 0.0	|	13380	|	0.00	|	146432.0
2014-12-17 17:03:02.717325 	|	 VM_Task_27 	|	 0.0	|	13380	|	0.00	|	146432.0
2014-12-17 17:03:08.738912 	|	 VM_Task_27 	|	 0.0	|	13380	|	0.00	|	146432.0
2014-12-17 17:03:14.760825 	|	 VM_Task_27 	|	 0.0	|	13380	|	0.00	|	146432.0
2014-12-17 17:03:20.782708 	|	 VM_Task_27 	|	 0.0	|	13380	|	0.00	|	146432.0
2014-12-17 17:03:26.804478 	|	 VM_Task_27 	|	 0.0	|	13380	|	0.00	|	146432.0
2014-12-17 17:03:32.825667 	|	 VM_Task_27 	|	 0.0	|	13380	|	0.00	|	146432.0
2014-12-17 17:03:38.847038 	|	 VM_Task_27 	|	 0.0	|	13380	|	0.00	|	146432.0
2014-12-17 17:03:44.868703 	|	 VM_Task_27 	|	 0.0	|	13380	|	0.00	|	146432.0
2014-12-17 17:03:50.890987 	|	 VM_Task_27 	|	 0.0	|	13380	|	0.00	|	146432.0
2014-12-17 17:03:56.912570 	|	 VM_Task_27 	|	 0.0	|	13380	|	0.00	|	146432.0
2014-12-17 17:04:02.933581 	|	 VM_Task_27 	|	 0.0	|	13380	|	0.00	|	145408.0
2014-12-17 17:04:08.954345 	|	 VM_Task_27 	|	 0.0	|	13380	|	0.00	|	146432.0
2014-12-17 17:04:14.976603 	|	 VM_Task_27 	|	 0.0	|	13380	|	0.00	|	146432.0
2014-12-17 17:04:20.999569 	|	 VM_Task_27 	|	 0.0	|	13380	|	0.00	|	146432.0
2014-12-17 17:04:27.022071 	|	 VM_Task_27 	|	 0.0	|	13380	|	0.00	|	146432.0
2014-12-17 17:04:33.044460 	|	 VM_Task_27 	|	 0.0	|	13380	|	0.00	|	146432.0
2014-12-17 17:04:39.067311 	|	 VM_Task_27 	|	 0.0	|	13380	|	0.00	|	146432.0
2014-12-17 17:04:45.108650 	|	 VM_Task_27 	|	 0.0	|	13380	|	0.00	|	146432.0
2014-12-17 17:04:51.130241 	|	 VM_Task_27 	|	 0.0	|	13380	|	0.00	|	146432.0
2014-12-17 17:04:57.152130 	|	 VM_Task_27 	|	 0.0	|	13380	|	0.00	|	146432.0
2014-12-17 17:05:03.173402 	|	 VM_Task_27 	|	 0.0	|	13380	|	0.00	|	146432.0
2014-12-17 17:05:09.195652 	|	 VM_Task_27 	|	 0.0	|	13380	|	0.00	|	146432.0
2014-12-17 17:05:15.217547 	|	 VM_Task_27 	|	 0.0	|	13380	|	0.00	|	146432.0
2014-12-17 17:05:21.238593 	|	 VM_Task_27 	|	 0.0	|	13380	|	0.00	|	146432.0
2014-12-17 17:05:27.260947 	|	 VM_Task_27 	|	 0.0	|	13380	|	0.00	|	145408.0
2014-12-17 17:05:33.283425 	|	 VM_Task_27 	|	 0.0	|	13380	|	0.00	|	146432.0
2014-12-17 17:05:39.305785 	|	 VM_Task_27 	|	 0.0	|	13380	|	0.00	|	146432.0
2014-12-17 17:05:45.327758 	|	 VM_Task_27 	|	 0.0	|	13380	|	0.00	|	146432.0
2014-12-17 17:05:51.349612 	|	 VM_Task_27 	|	 0.0	|	13380	|	0.00	|	146432.0
2014-12-17 17:05:57.371503 	|	 VM_Task_27 	|	 0.0	|	13380	|	0.00	|	146432.0
2014-12-17 17:06:03.393664 	|	 VM_Task_27 	|	 0.0	|	13380	|	0.00	|	146432.0
2014-12-17 17:06:09.415401 	|	 VM_Task_27 	|	 0.0	|	13380	|	0.00	|	145408.0
2014-12-17 17:06:15.437085 	|	 VM_Task_27 	|	 0.0	|	13380	|	0.00	|	146432.0
2014-12-17 17:06:21.458427 	|	 VM_Task_27 	|	 0.0	|	13380	|	0.00	|	145408.0
2014-12-17 17:06:27.479852 	|	 VM_Task_27 	|	 0.0	|	13380	|	0.00	|	146432.0
2014-12-17 17:06:33.502211 	|	 VM_Task_27 	|	 0.0	|	13380	|	0.00	|	146432.0
2014-12-17 17:06:39.524734 	|	 VM_Task_27 	|	 0.0	|	13380	|	0.00	|	146432.0
2014-12-17 17:06:45.546945 	|	 VM_Task_27 	|	 0.0	|	13380	|	0.00	|	146432.0
2014-12-17 17:06:51.568549 	|	 VM_Task_27 	|	 0.0	|	13380	|	0.00	|	146432.0
2014-12-17 17:06:57.590840 	|	 VM_Task_27 	|	 0.0	|	13380	|	0.00	|	146432.0
2014-12-17 17:07:03.615949 	|	 VM_Task_27 	|	 0.0	|	13380	|	0.00	|	146432.0
2014-12-17 17:07:09.646089 	|	 VM_Task_27 	|	 0.0	|	13380	|	0.00	|	146432.0
2014-12-17 17:07:15.667707 	|	 VM_Task_27 	|	 0.0	|	13380	|	0.00	|	146432.0
2014-12-17 17:07:21.689058 	|	 VM_Task_27 	|	 0.0	|	13380	|	0.00	|	146432.0
2014-12-17 17:07:27.710443 	|	 VM_Task_27 	|	 0.0	|	13380	|	0.00	|	146432.0
2014-12-17 17:07:33.732255 	|	 VM_Task_27 	|	 0.0	|	13380	|	0.00	|	146432.0
2014-12-17 17:07:39.753455 	|	 VM_Task_27 	|	 0.0	|	13380	|	0.00	|	146432.0
2014-12-17 17:07:45.774540 	|	 VM_Task_27 	|	 0.0	|	13380	|	0.00	|	146432.0
2014-12-17 17:07:51.795480 	|	 VM_Task_27 	|	 0.0	|	13380	|	0.00	|	146432.0
2014-12-17 17:07:57.817225 	|	 VM_Task_27 	|	 0.0	|	13380	|	0.00	|	146432.0
2014-12-17 17:08:03.838486 	|	 VM_Task_27 	|	 0.0	|	13380	|	0.00	|	146432.0
2014-12-17 17:08:09.860397 	|	 VM_Task_27 	|	 0.0	|	13380	|	0.00	|	146432.0
2014-12-17 17:08:15.881626 	|	 VM_Task_27 	|	 0.0	|	13380	|	0.00	|	146432.0
2014-12-17 17:08:21.903040 	|	 VM_Task_27 	|	 0.0	|	13380	|	0.00	|	146432.0
2014-12-17 17:08:27.924574 	|	 VM_Task_27 	|	 0.0	|	13380	|	0.00	|	145408.0
2014-12-17 17:08:33.946429 	|	 VM_Task_27 	|	 0.0	|	13380	|	0.00	|	146432.0
2014-12-17 17:08:39.967305 	|	 VM_Task_27 	|	 0.0	|	13380	|	0.00	|	146432.0
2014-12-17 17:08:45.988503 	|	 VM_Task_27 	|	 0.0	|	13380	|	0.00	|	146432.0
2014-12-17 17:08:52.010041 	|	 VM_Task_27 	|	 0.0	|	13380	|	0.00	|	146432.0
2014-12-17 17:08:58.031577 	|	 VM_Task_27 	|	 0.0	|	13380	|	0.00	|	146432.0
2014-12-17 17:09:04.054626 	|	 VM_Task_27 	|	 0.0	|	13380	|	0.00	|	146432.0
2014-12-17 17:09:10.076072 	|	 VM_Task_27 	|	 0.0	|	13380	|	0.00	|	146432.0
2014-12-17 17:09:16.097540 	|	 VM_Task_27 	|	 0.0	|	13380	|	0.00	|	146432.0
2014-12-17 17:09:22.119645 	|	 VM_Task_27 	|	 0.0	|	13380	|	0.00	|	146432.0
2014-12-17 17:09:28.141281 	|	 VM_Task_27 	|	 0.0	|	13380	|	0.00	|	146432.0
2014-12-17 17:09:34.163084 	|	 VM_Task_27 	|	 0.0	|	13380	|	0.00	|	146432.0
2014-12-17 17:09:40.184858 	|	 VM_Task_27 	|	 0.0	|	13380	|	0.00	|	146432.0
2014-12-17 17:09:46.206890 	|	 VM_Task_27 	|	 0.0	|	13380	|	0.00	|	146432.0
2014-12-17 17:09:52.228585 	|	 VM_Task_27 	|	 0.0	|	13380	|	0.00	|	146432.0
2014-12-17 17:09:58.250046 	|	 VM_Task_27 	|	 0.0	|	13380	|	0.00	|	146432.0
2014-12-17 17:10:04.273049 	|	 VM_Task_27 	|	 0.0	|	13380	|	0.00	|	146432.0
2014-12-17 17:10:10.294358 	|	 VM_Task_27 	|	 0.0	|	13380	|	0.00	|	146432.0
2014-12-17 17:10:16.316160 	|	 VM_Task_27 	|	 0.0	|	13380	|	0.00	|	145408.0
2014-12-17 17:10:22.337809 	|	 VM_Task_27 	|	 0.0	|	13380	|	0.00	|	146432.0
2014-12-17 17:10:28.359569 	|	 VM_Task_27 	|	 0.0	|	13380	|	0.00	|	145408.0
2014-12-17 17:10:34.381503 	|	 VM_Task_27 	|	 0.0	|	13380	|	0.00	|	145408.0
2014-12-17 17:10:40.403081 	|	 VM_Task_27 	|	 0.0	|	13380	|	0.00	|	146432.0
2014-12-17 17:10:46.424205 	|	 VM_Task_27 	|	 0.0	|	13380	|	0.00	|	145408.0
2014-12-17 17:10:52.442672 	|	 VM_Task_27 	|	 0.0	|	13380	|	0.00	|	146432.0
2014-12-17 17:10:58.464349 	|	 VM_Task_27 	|	 0.0	|	13380	|	0.00	|	146432.0
2014-12-17 17:11:04.486628 	|	 VM_Task_27 	|	 0.0	|	13380	|	0.00	|	146432.0
2014-12-17 17:11:10.509258 	|	 VM_Task_27 	|	 0.0	|	13380	|	0.00	|	146432.0
2014-12-17 17:11:16.532893 	|	 VM_Task_27 	|	 0.0	|	13380	|	0.00	|	146432.0
2014-12-17 17:11:22.556563 	|	 VM_Task_27 	|	 0.0	|	13380	|	0.00	|	146432.0
2014-12-17 17:11:28.578904 	|	 VM_Task_27 	|	 0.0	|	13380	|	0.00	|	146432.0
2014-12-17 17:11:34.600037 	|	 VM_Task_27 	|	 0.0	|	13380	|	0.00	|	146432.0
2014-12-17 17:11:40.621399 	|	 VM_Task_27 	|	 0.0	|	13380	|	0.00	|	146432.0
2014-12-17 17:11:46.643005 	|	 VM_Task_27 	|	 0.0	|	13380	|	0.00	|	146432.0
2014-12-17 17:11:52.664279 	|	 VM_Task_27 	|	 0.0	|	13380	|	0.00	|	146432.0
2014-12-17 17:11:58.685214 	|	 VM_Task_27 	|	 0.0	|	13380	|	0.00	|	146432.0
2014-12-17 17:12:04.707036 	|	 VM_Task_27 	|	 0.0	|	13380	|	0.00	|	146432.0
2014-12-17 17:12:10.728230 	|	 VM_Task_27 	|	 0.0	|	13380	|	0.00	|	146432.0
2014-12-17 17:12:16.750196 	|	 VM_Task_27 	|	 0.0	|	13380	|	0.00	|	146432.0
2014-12-17 17:12:22.772299 	|	 VM_Task_27 	|	 0.0	|	13380	|	0.00	|	146432.0
2014-12-17 17:12:28.794654 	|	 VM_Task_27 	|	 0.0	|	13380	|	0.00	|	146432.0
2014-12-17 17:12:34.820275 	|	 VM_Task_27 	|	 0.0	|	13380	|	0.00	|	146432.0
2014-12-17 17:12:40.848392 	|	 VM_Task_27 	|	 0.0	|	13380	|	0.00	|	146432.0
2014-12-17 17:12:46.873835 	|	 VM_Task_27 	|	 0.0	|	13380	|	0.00	|	146432.0
2014-12-17 17:12:52.895612 	|	 VM_Task_27 	|	 0.0	|	13380	|	0.00	|	146432.0
2014-12-17 17:12:58.917426 	|	 VM_Task_27 	|	 0.0	|	13380	|	0.00	|	145408.0
2014-12-17 17:13:04.938824 	|	 VM_Task_27 	|	 0.0	|	13380	|	0.00	|	146432.0
2014-12-17 17:13:10.960409 	|	 VM_Task_27 	|	 0.0	|	13380	|	0.00	|	146432.0
2014-12-17 17:13:16.982063 	|	 VM_Task_27 	|	 0.0	|	13380	|	0.00	|	146432.0
2014-12-17 17:13:23.003930 	|	 VM_Task_27 	|	 0.0	|	13380	|	0.00	|	146432.0
2014-12-17 17:13:29.025313 	|	 VM_Task_27 	|	 0.0	|	13380	|	0.00	|	146432.0
2014-12-17 17:13:35.046990 	|	 VM_Task_27 	|	 0.0	|	13380	|	0.00	|	146432.0
2014-12-17 17:13:41.068312 	|	 VM_Task_27 	|	 0.0	|	13380	|	0.00	|	146432.0
2014-12-17 17:13:47.090007 	|	 VM_Task_27 	|	 0.0	|	13380	|	0.00	|	146432.0
2014-12-17 17:13:53.111672 	|	 VM_Task_27 	|	 0.0	|	13380	|	0.00	|	146432.0
2014-12-17 17:13:59.132946 	|	 VM_Task_27 	|	 0.0	|	13380	|	0.00	|	146432.0
2014-12-17 17:14:05.154807 	|	 VM_Task_27 	|	 0.0	|	13380	|	0.00	|	146432.0
2014-12-17 17:14:11.176107 	|	 VM_Task_27 	|	 0.0	|	13380	|	0.00	|	146432.0
2014-12-17 17:14:17.197361 	|	 VM_Task_27 	|	 0.0	|	13380	|	0.00	|	146432.0
2014-12-17 17:14:23.218245 	|	 VM_Task_27 	|	 0.0	|	13380	|	0.00	|	146432.0
2014-12-17 17:14:29.242178 	|	 VM_Task_27 	|	 0.0	|	13380	|	0.00	|	146432.0
2014-12-17 17:14:35.265033 	|	 VM_Task_27 	|	 0.0	|	13380	|	0.00	|	146432.0
2014-12-17 17:14:41.286922 	|	 VM_Task_27 	|	 0.0	|	13380	|	0.00	|	146432.0
2014-12-17 17:14:47.310767 	|	 VM_Task_27 	|	 0.0	|	13380	|	0.00	|	146432.0
2014-12-17 17:14:53.335876 	|	 VM_Task_27 	|	 0.0	|	13380	|	0.00	|	146432.0
2014-12-17 17:14:59.360734 	|	 VM_Task_27 	|	 0.0	|	13380	|	0.00	|	146432.0
2014-12-17 17:15:05.383376 	|	 VM_Task_27 	|	 0.0	|	13380	|	0.00	|	145408.0
2014-12-17 17:15:11.405279 	|	 VM_Task_27 	|	 0.0	|	13380	|	0.00	|	146432.0
2014-12-17 17:15:17.427006 	|	 VM_Task_27 	|	 0.0	|	13380	|	0.00	|	146432.0
2014-12-17 17:15:23.448326 	|	 VM_Task_27 	|	 0.0	|	13380	|	0.00	|	146432.0
2014-12-17 17:15:29.468901 	|	 VM_Task_27 	|	 0.0	|	13380	|	0.00	|	146432.0
2014-12-17 17:15:35.490194 	|	 VM_Task_27 	|	 0.0	|	13380	|	0.00	|	146432.0
2014-12-17 17:15:41.513202 	|	 VM_Task_27 	|	 0.0	|	13380	|	0.00	|	146432.0
2014-12-17 17:15:47.534576 	|	 VM_Task_27 	|	 0.0	|	13380	|	0.00	|	146432.0
2014-12-17 17:15:53.557476 	|	 VM_Task_27 	|	 0.0	|	13380	|	0.00	|	146432.0
2014-12-17 17:15:59.578898 	|	 VM_Task_27 	|	 0.0	|	13380	|	0.00	|	146432.0
2014-12-17 17:16:05.601913 	|	 VM_Task_27 	|	 0.0	|	13380	|	0.00	|	146432.0
2014-12-17 17:16:11.623392 	|	 VM_Task_27 	|	 0.0	|	13380	|	0.00	|	146432.0
2014-12-17 17:16:17.645079 	|	 VM_Task_27 	|	 0.0	|	13380	|	0.00	|	146432.0
2014-12-17 17:16:23.666190 	|	 VM_Task_27 	|	 0.0	|	13380	|	0.00	|	146432.0
2014-12-17 17:16:29.688296 	|	 VM_Task_27 	|	 0.0	|	13380	|	0.00	|	146432.0
2014-12-17 17:16:35.710542 	|	 VM_Task_27 	|	 0.0	|	13380	|	0.00	|	146432.0
2014-12-17 17:16:41.732415 	|	 VM_Task_27 	|	 0.0	|	13380	|	0.00	|	145408.0
2014-12-17 17:16:47.753996 	|	 VM_Task_27 	|	 0.0	|	13380	|	0.00	|	146432.0
2014-12-17 17:16:53.775838 	|	 VM_Task_27 	|	 0.0	|	13380	|	0.00	|	146432.0
2014-12-17 17:16:59.797767 	|	 VM_Task_27 	|	 0.0	|	13380	|	0.00	|	146432.0
2014-12-17 17:17:05.819120 	|	 VM_Task_27 	|	 0.0	|	13380	|	0.00	|	146432.0
