2014-12-17 01:17:25.804882 	|	 VM_Task_31 	|	 0.0	|	132096.0	|	0.0	|	9.90
2014-12-17 01:17:31.838538 	|	 VM_Task_31 	|	 0.14	|	144384.0	|	8260	|	0.10
2014-12-17 01:17:37.873037 	|	 VM_Task_31 	|	 0.097	|	184320.0	|	48196	|	0.00
2014-12-17 01:17:43.899097 	|	 VM_Task_31 	|	 0.104	|	184320.0	|	48196	|	0.00
2014-12-17 01:17:49.924750 	|	 VM_Task_31 	|	 0.138	|	144384.0	|	8260	|	0.00
2014-12-17 01:17:55.952363 	|	 VM_Task_31 	|	 0.135	|	144384.0	|	8260	|	0.00
2014-12-17 01:18:01.980237 	|	 VM_Task_31 	|	 0.133	|	144384.0	|	8260	|	0.00
2014-12-17 01:18:08.008326 	|	 VM_Task_31 	|	 0.207	|	154624.0	|	18500	|	0.00
2014-12-17 01:18:14.032355 	|	 VM_Task_31 	|	 0.198	|	154624.0	|	18500	|	0.10
2014-12-17 01:18:20.057077 	|	 VM_Task_31 	|	 0.305	|	164864.0	|	28740	|	0.00
2014-12-17 01:18:26.101298 	|	 VM_Task_31 	|	 0.115	|	140288.0	|	4292	|	2.59
2014-12-17 01:18:32.912246 	|	 VM_Task_31 	|	 0.145	|	138240.0	|	4292	|	3.40
2014-12-17 01:18:39.185900 	|	 VM_Task_31 	|	 0.712	|	169984.0	|	23620	|	0.00
2014-12-17 01:18:45.634867 	|	 VM_Task_31 	|	 1.142	|	166912.0	|	33860	|	22.73
2014-12-17 01:18:51.758105 	|	 VM_Task_31 	|	 0.568	|	180224.0	|	33860	|	29.02
2014-12-17 01:18:57.798903 	|	 VM_Task_31 	|	 0.167	|	154624.0	|	8260	|	0.00
2014-12-17 01:19:03.838949 	|	 VM_Task_31 	|	 0.197	|	141312.0	|	8260	|	0.20
2014-12-17 01:19:09.871156 	|	 VM_Task_31 	|	 0.13	|	159744.0	|	13380	|	0.00
2014-12-17 01:19:15.902059 	|	 VM_Task_31 	|	 0.105	|	137216.0	|	4292	|	0.00
2014-12-17 01:19:22.051115 	|	 VM_Task_31 	|	 0.115	|	150528.0	|	4292	|	68.99
2014-12-17 01:19:28.091786 	|	 VM_Task_31 	|	 0.187	|	180224.0	|	33860	|	0.00
2014-12-17 01:19:34.134375 	|	 VM_Task_31 	|	 0.182	|	166912.0	|	33860	|	0.20
2014-12-17 01:19:40.167075 	|	 VM_Task_31 	|	 0.293	|	204800.0	|	58436	|	0.00
2014-12-17 01:19:46.196237 	|	 VM_Task_31 	|	 0.27	|	151552.0	|	18500	|	0.00
2014-12-17 01:19:52.517650 	|	 VM_Task_31 	|	 0.268	|	164864.0	|	18500	|	62.83
2014-12-17 01:19:58.772932 	|	 VM_Task_31 	|	 0.332	|	164864.0	|	18500	|	0.00
2014-12-17 01:20:04.807199 	|	 VM_Task_31 	|	 0.1	|	137216.0	|	4292	|	0.00
2014-12-17 01:20:10.844089 	|	 VM_Task_31 	|	 0.104	|	150528.0	|	4292	|	0.00
2014-12-17 01:20:16.889870 	|	 VM_Task_31 	|	 0.186	|	137216.0	|	4292	|	22.80
2014-12-17 01:20:23.258832 	|	 VM_Task_31 	|	 0.165	|	137216.0	|	4292	|	53.27
2014-12-17 01:20:29.295231 	|	 VM_Task_31 	|	 0.178	|	159744.0	|	13380	|	0.00
2014-12-17 01:20:35.325513 	|	 VM_Task_31 	|	 0.5	|	172032.0	|	38980	|	0.00
2014-12-17 01:20:41.356765 	|	 VM_Task_31 	|	 0.48	|	185344.0	|	38980	|	0.00
2014-12-17 01:20:47.392833 	|	 VM_Task_31 	|	 0.106	|	161792.0	|	28740	|	15.45
2014-12-17 01:20:54.200803 	|	 VM_Task_31 	|	 0.121	|	161792.0	|	28740	|	25.92
2014-12-17 01:21:00.464772 	|	 VM_Task_31 	|	 0.57	|	185344.0	|	38980	|	0.00
2014-12-17 01:21:06.495993 	|	 VM_Task_31 	|	 0.13	|	201728.0	|	68676	|	0.00
2014-12-17 01:21:12.536645 	|	 VM_Task_31 	|	 0.141	|	215040.0	|	68676	|	0.00
2014-12-17 01:21:18.676112 	|	 VM_Task_31 	|	 0.503	|	151552.0	|	18500	|	49.48
2014-12-17 01:21:25.085425 	|	 VM_Task_31 	|	 0.546	|	146432.0	|	13380	|	26.98
2014-12-17 01:21:31.121621 	|	 VM_Task_31 	|	 0.152	|	159744.0	|	13380	|	0.00
2014-12-17 01:21:37.373795 	|	 VM_Task_31 	|	 0.79	|	166912.0	|	33860	|	0.00
2014-12-17 01:21:43.641834 	|	 VM_Task_31 	|	 0.686	|	180224.0	|	33860	|	43.27
2014-12-17 01:21:49.683783 	|	 VM_Task_31 	|	 0.12	|	154624.0	|	8260	|	0.10
2014-12-17 01:21:55.718592 	|	 VM_Task_31 	|	 0.26	|	146432.0	|	13380	|	0.00
2014-12-17 01:22:01.747831 	|	 VM_Task_31 	|	 0.247	|	159744.0	|	13380	|	0.00
2014-12-17 01:22:07.874396 	|	 VM_Task_31 	|	 0.146	|	146432.0	|	13380	|	0.00
2014-12-17 01:22:13.945835 	|	 VM_Task_31 	|	 0.124	|	159744.0	|	13380	|	51.10
2014-12-17 01:22:20.048319 	|	 VM_Task_31 	|	 0.172	|	159744.0	|	13380	|	0.00
2014-12-17 01:22:26.079848 	|	 VM_Task_31 	|	 0.15	|	146432.0	|	13380	|	0.00
2014-12-17 01:22:32.107689 	|	 VM_Task_31 	|	 0.15	|	146432.0	|	13380	|	0.00
2014-12-17 01:22:38.141873 	|	 VM_Task_31 	|	 0.0	|	142336.0	|	13380	|	0.00
2014-12-17 01:22:44.176046 	|	 VM_Task_31 	|	 0.0	|	155648.0	|	13380	|	73.09
2014-12-17 01:22:50.251162 	|	 VM_Task_31 	|	 0.0	|	155648.0	|	13380	|	0.00
2014-12-17 01:22:56.288963 	|	 VM_Task_31 	|	 0.0	|	142336.0	|	13380	|	0.00
2014-12-17 01:23:02.322909 	|	 VM_Task_31 	|	 0.0	|	155648.0	|	13380	|	0.00
2014-12-17 01:23:08.353841 	|	 VM_Task_31 	|	 0.0	|	142336.0	|	13380	|	0.00
2014-12-17 01:23:14.385149 	|	 VM_Task_31 	|	 0.0	|	155648.0	|	13380	|	69.48
2014-12-17 01:23:20.425165 	|	 VM_Task_31 	|	 0.0	|	155648.0	|	13380	|	0.00
2014-12-17 01:23:26.456479 	|	 VM_Task_31 	|	 0.0	|	142336.0	|	13380	|	0.00
2014-12-17 01:23:32.491416 	|	 VM_Task_31 	|	 0.0	|	155648.0	|	13380	|	0.00
2014-12-17 01:23:38.544659 	|	 VM_Task_31 	|	 0.0	|	142336.0	|	13380	|	0.00
2014-12-17 01:23:44.794213 	|	 VM_Task_31 	|	 0.0	|	155648.0	|	13380	|	56.12
2014-12-17 01:23:50.833045 	|	 VM_Task_31 	|	 0.0	|	155648.0	|	13380	|	0.00
2014-12-17 01:23:56.872615 	|	 VM_Task_31 	|	 0.0	|	142336.0	|	13380	|	0.00
2014-12-17 01:24:02.916733 	|	 VM_Task_31 	|	 0.0	|	155648.0	|	13380	|	0.00
2014-12-17 01:24:08.961772 	|	 VM_Task_31 	|	 0.0	|	142336.0	|	13380	|	0.00
2014-12-17 01:24:15.166597 	|	 VM_Task_31 	|	 0.0	|	155648.0	|	13380	|	72.89
2014-12-17 01:24:21.209362 	|	 VM_Task_31 	|	 0.0	|	156672.0	|	13380	|	0.00
2014-12-17 01:24:27.250273 	|	 VM_Task_31 	|	 0.0	|	142336.0	|	13380	|	0.00
2014-12-17 01:24:33.289206 	|	 VM_Task_31 	|	 0.0	|	156672.0	|	13380	|	0.00
2014-12-17 01:24:39.327421 	|	 VM_Task_31 	|	 0.0	|	142336.0	|	13380	|	0.00
2014-12-17 01:24:45.368105 	|	 VM_Task_31 	|	 0.0	|	156672.0	|	13380	|	83.74
2014-12-17 01:24:51.409211 	|	 VM_Task_31 	|	 0.0	|	155648.0	|	13380	|	0.00
2014-12-17 01:24:57.448872 	|	 VM_Task_31 	|	 0.0	|	142336.0	|	13380	|	0.00
2014-12-17 01:25:03.494054 	|	 VM_Task_31 	|	 0.0	|	155648.0	|	13380	|	0.00
2014-12-17 01:25:09.534773 	|	 VM_Task_31 	|	 0.0	|	142336.0	|	13380	|	0.00
2014-12-17 01:25:15.664396 	|	 VM_Task_31 	|	 0.0	|	155648.0	|	13380	|	79.79
2014-12-17 01:25:21.703909 	|	 VM_Task_31 	|	 0.0	|	155648.0	|	13380	|	0.00
2014-12-17 01:25:27.742598 	|	 VM_Task_31 	|	 0.0	|	142336.0	|	13380	|	0.00
2014-12-17 01:25:33.785564 	|	 VM_Task_31 	|	 0.0	|	155648.0	|	13380	|	0.00
2014-12-17 01:25:39.828801 	|	 VM_Task_31 	|	 0.0	|	142336.0	|	13380	|	0.00
2014-12-17 01:25:46.066108 	|	 VM_Task_31 	|	 0.0	|	155648.0	|	13380	|	79.06
2014-12-17 01:25:52.111491 	|	 VM_Task_31 	|	 0.0	|	155648.0	|	13380	|	0.00
2014-12-17 01:25:58.151000 	|	 VM_Task_31 	|	 0.0	|	142336.0	|	13380	|	0.00
2014-12-17 01:26:04.192678 	|	 VM_Task_31 	|	 0.0	|	155648.0	|	13380	|	0.00
2014-12-17 01:26:10.242867 	|	 VM_Task_31 	|	 0.0	|	142336.0	|	13380	|	0.00
2014-12-17 01:26:17.414116 	|	 VM_Task_31 	|	 0.0	|	142336.0	|	13380	|	0.00
2014-12-17 01:26:23.457138 	|	 VM_Task_31 	|	 0.0	|	156672.0	|	13380	|	0.10
2014-12-17 01:26:29.498039 	|	 VM_Task_31 	|	 0.0	|	142336.0	|	13380	|	0.00
2014-12-17 01:26:35.928757 	|	 VM_Task_31 	|	 0.0	|	155648.0	|	13380	|	5.45
2014-12-17 01:26:42.173250 	|	 VM_Task_31 	|	 0.0	|	156672.0	|	13380	|	0.51
2014-12-17 01:26:48.231278 	|	 VM_Task_31 	|	 0.0	|	142336.0	|	13380	|	0.00
2014-12-17 01:26:54.271633 	|	 VM_Task_31 	|	 0.0	|	155648.0	|	13380	|	0.10
2014-12-17 01:27:00.311558 	|	 VM_Task_31 	|	 0.0	|	142336.0	|	13380	|	0.00
2014-12-17 01:27:06.472850 	|	 VM_Task_31 	|	 0.0	|	155648.0	|	13380	|	56.39
2014-12-17 01:27:12.516239 	|	 VM_Task_31 	|	 0.0	|	155648.0	|	13380	|	0.00
2014-12-17 01:27:18.560888 	|	 VM_Task_31 	|	 0.0	|	142336.0	|	13380	|	0.00
2014-12-17 01:27:24.604420 	|	 VM_Task_31 	|	 0.0	|	155648.0	|	13380	|	0.00
2014-12-17 01:27:30.648847 	|	 VM_Task_31 	|	 0.0	|	142336.0	|	13380	|	0.00
2014-12-17 01:27:36.943308 	|	 VM_Task_31 	|	 0.0	|	155648.0	|	13380	|	61.84
2014-12-17 01:27:42.981325 	|	 VM_Task_31 	|	 0.0	|	155648.0	|	13380	|	0.00
2014-12-17 01:27:49.021820 	|	 VM_Task_31 	|	 0.0	|	142336.0	|	13380	|	0.00
2014-12-17 01:27:55.061364 	|	 VM_Task_31 	|	 0.0	|	155648.0	|	13380	|	0.00
2014-12-17 01:28:01.105155 	|	 VM_Task_31 	|	 0.0	|	142336.0	|	13380	|	0.00
2014-12-17 01:28:07.146783 	|	 VM_Task_31 	|	 0.0	|	155648.0	|	13380	|	87.55
2014-12-17 01:28:13.192530 	|	 VM_Task_31 	|	 0.0	|	156672.0	|	13380	|	0.00
2014-12-17 01:28:19.232698 	|	 VM_Task_31 	|	 0.0	|	142336.0	|	13380	|	0.00
2014-12-17 01:28:25.272679 	|	 VM_Task_31 	|	 0.0	|	155648.0	|	13380	|	0.00
2014-12-17 01:28:31.310165 	|	 VM_Task_31 	|	 0.0	|	142336.0	|	13380	|	0.00
2014-12-17 01:28:37.414190 	|	 VM_Task_31 	|	 0.0	|	155648.0	|	13380	|	83.75
2014-12-17 01:28:43.457724 	|	 VM_Task_31 	|	 0.0	|	155648.0	|	13380	|	0.00
2014-12-17 01:28:49.502280 	|	 VM_Task_31 	|	 0.0	|	142336.0	|	13380	|	0.00
2014-12-17 01:28:55.543288 	|	 VM_Task_31 	|	 0.0	|	156672.0	|	13380	|	0.00
2014-12-17 01:29:01.585333 	|	 VM_Task_31 	|	 0.0	|	143360.0	|	13380	|	0.00
2014-12-17 01:29:07.627794 	|	 VM_Task_31 	|	 0.0	|	155648.0	|	13380	|	89.57
2014-12-17 01:29:13.667817 	|	 VM_Task_31 	|	 0.0	|	156672.0	|	13380	|	0.00
2014-12-17 01:29:19.708573 	|	 VM_Task_31 	|	 0.0	|	142336.0	|	13380	|	0.00
2014-12-17 01:29:25.750559 	|	 VM_Task_31 	|	 0.0	|	155648.0	|	13380	|	0.00
2014-12-17 01:29:31.792953 	|	 VM_Task_31 	|	 0.0	|	142336.0	|	13380	|	0.00
2014-12-17 01:29:37.914714 	|	 VM_Task_31 	|	 0.0	|	155648.0	|	13380	|	77.37
2014-12-17 01:29:43.958267 	|	 VM_Task_31 	|	 0.0	|	155648.0	|	13380	|	0.00
2014-12-17 01:29:49.996533 	|	 VM_Task_31 	|	 0.0	|	142336.0	|	13380	|	0.00
2014-12-17 01:29:56.040670 	|	 VM_Task_31 	|	 0.0	|	155648.0	|	13380	|	0.00
2014-12-17 01:30:02.082589 	|	 VM_Task_31 	|	 0.0	|	142336.0	|	13380	|	0.00
2014-12-17 01:30:08.321522 	|	 VM_Task_31 	|	 0.0	|	155648.0	|	13380	|	75.82
2014-12-17 01:30:14.366727 	|	 VM_Task_31 	|	 0.0	|	155648.0	|	13380	|	0.00
2014-12-17 01:30:20.405492 	|	 VM_Task_31 	|	 0.0	|	142336.0	|	13380	|	0.00
2014-12-17 01:30:26.444935 	|	 VM_Task_31 	|	 0.0	|	155648.0	|	13380	|	0.00
2014-12-17 01:30:32.547864 	|	 VM_Task_31 	|	 0.0	|	142336.0	|	13380	|	0.00
2014-12-17 01:30:38.902322 	|	 VM_Task_31 	|	 0.0	|	143360.0	|	13380	|	58.69
2014-12-17 01:30:44.949788 	|	 VM_Task_31 	|	 0.0	|	156672.0	|	13380	|	0.00
2014-12-17 01:30:50.989825 	|	 VM_Task_31 	|	 0.0	|	142336.0	|	13380	|	0.00
2014-12-17 01:30:57.030542 	|	 VM_Task_31 	|	 0.0	|	155648.0	|	13380	|	0.00
2014-12-17 01:31:03.078259 	|	 VM_Task_31 	|	 0.0	|	142336.0	|	13380	|	20.90
2014-12-17 01:31:09.813198 	|	 VM_Task_31 	|	 0.0	|	143360.0	|	13380	|	17.88
2014-12-17 01:31:15.860448 	|	 VM_Task_31 	|	 0.0	|	156672.0	|	13380	|	0.00
2014-12-17 01:31:21.899983 	|	 VM_Task_31 	|	 0.0	|	143360.0	|	13380	|	0.00
2014-12-17 01:31:27.943244 	|	 VM_Task_31 	|	 0.0	|	156672.0	|	13380	|	0.00
2014-12-17 01:31:33.984780 	|	 VM_Task_31 	|	 0.0	|	142336.0	|	13380	|	54.89
2014-12-17 01:31:40.133624 	|	 VM_Task_31 	|	 0.0	|	142336.0	|	13380	|	0.00
2014-12-17 01:31:46.178125 	|	 VM_Task_31 	|	 0.0	|	155648.0	|	13380	|	0.00
2014-12-17 01:31:52.218331 	|	 VM_Task_31 	|	 0.0	|	142336.0	|	13380	|	0.00
2014-12-17 01:31:58.271440 	|	 VM_Task_31 	|	 0.0	|	155648.0	|	13380	|	0.00
2014-12-17 01:32:04.314131 	|	 VM_Task_31 	|	 0.0	|	142336.0	|	13380	|	54.47
2014-12-17 01:32:10.635110 	|	 VM_Task_31 	|	 0.0	|	142336.0	|	13380	|	0.00
2014-12-17 01:32:16.678604 	|	 VM_Task_31 	|	 0.0	|	155648.0	|	13380	|	0.00
2014-12-17 01:32:22.721437 	|	 VM_Task_31 	|	 0.0	|	142336.0	|	13380	|	0.00
2014-12-17 01:32:29.021659 	|	 VM_Task_31 	|	 0.0	|	155648.0	|	13380	|	14.60
2014-12-17 01:32:35.235413 	|	 VM_Task_31 	|	 0.0	|	156672.0	|	13380	|	5.30
2014-12-17 01:32:41.282268 	|	 VM_Task_31 	|	 0.0	|	142336.0	|	13380	|	0.00
2014-12-17 01:32:47.324632 	|	 VM_Task_31 	|	 0.0	|	155648.0	|	13380	|	0.00
2014-12-17 01:32:53.366510 	|	 VM_Task_31 	|	 0.0	|	142336.0	|	13380	|	0.00
2014-12-17 01:32:59.407772 	|	 VM_Task_31 	|	 0.0	|	155648.0	|	13380	|	57.40
2014-12-17 01:33:05.554248 	|	 VM_Task_31 	|	 0.0	|	156672.0	|	13380	|	0.00
2014-12-17 01:33:11.599099 	|	 VM_Task_31 	|	 0.0	|	142336.0	|	13380	|	0.00
2014-12-17 01:33:17.638643 	|	 VM_Task_31 	|	 0.0	|	155648.0	|	13380	|	0.00
2014-12-17 01:33:23.684255 	|	 VM_Task_31 	|	 0.0	|	142336.0	|	13380	|	0.00
2014-12-17 01:33:29.996176 	|	 VM_Task_31 	|	 0.0	|	155648.0	|	13380	|	57.60
2014-12-17 01:33:36.067729 	|	 VM_Task_31 	|	 0.0	|	155648.0	|	13380	|	0.10
2014-12-17 01:33:42.110424 	|	 VM_Task_31 	|	 0.0	|	142336.0	|	13380	|	0.00
2014-12-17 01:33:48.152047 	|	 VM_Task_31 	|	 0.0	|	155648.0	|	13380	|	0.00
2014-12-17 01:33:54.191059 	|	 VM_Task_31 	|	 0.0	|	142336.0	|	13380	|	0.00
2014-12-17 01:34:00.251398 	|	 VM_Task_31 	|	 0.0	|	155648.0	|	13380	|	82.30
2014-12-17 01:34:06.296833 	|	 VM_Task_31 	|	 0.0	|	155648.0	|	13380	|	0.00
2014-12-17 01:34:12.336328 	|	 VM_Task_31 	|	 0.0	|	142336.0	|	13380	|	0.00
2014-12-17 01:34:18.375552 	|	 VM_Task_31 	|	 0.0	|	155648.0	|	13380	|	0.00
2014-12-17 01:34:24.415462 	|	 VM_Task_31 	|	 0.0	|	142336.0	|	13380	|	0.00
2014-12-17 01:34:30.607943 	|	 VM_Task_31 	|	 0.0	|	155648.0	|	13380	|	84.04
2014-12-17 01:34:36.652525 	|	 VM_Task_31 	|	 0.0	|	155648.0	|	13380	|	0.00
2014-12-17 01:34:42.692880 	|	 VM_Task_31 	|	 0.0	|	142336.0	|	13380	|	0.00
2014-12-17 01:34:48.733798 	|	 VM_Task_31 	|	 0.0	|	155648.0	|	13380	|	0.00
2014-12-17 01:34:54.771942 	|	 VM_Task_31 	|	 0.0	|	142336.0	|	13380	|	0.10
2014-12-17 01:35:00.814730 	|	 VM_Task_31 	|	 0.0	|	155648.0	|	13380	|	86.26
2014-12-17 01:35:06.858096 	|	 VM_Task_31 	|	 0.0	|	156672.0	|	13380	|	0.00
2014-12-17 01:35:12.896401 	|	 VM_Task_31 	|	 0.0	|	142336.0	|	13380	|	0.00
2014-12-17 01:35:18.941850 	|	 VM_Task_31 	|	 0.0	|	155648.0	|	13380	|	0.00
2014-12-17 01:35:24.981685 	|	 VM_Task_31 	|	 0.0	|	142336.0	|	13380	|	0.10
2014-12-17 01:35:31.157231 	|	 VM_Task_31 	|	 0.0	|	155648.0	|	13380	|	84.69
2014-12-17 01:35:37.200951 	|	 VM_Task_31 	|	 0.0	|	155648.0	|	13380	|	0.00
2014-12-17 01:35:43.246460 	|	 VM_Task_31 	|	 0.0	|	142336.0	|	13380	|	0.00
2014-12-17 01:35:49.286836 	|	 VM_Task_31 	|	 0.0	|	155648.0	|	13380	|	0.00
2014-12-17 01:35:55.339080 	|	 VM_Task_31 	|	 0.0	|	142336.0	|	13380	|	0.10
2014-12-17 01:36:01.685356 	|	 VM_Task_31 	|	 0.0	|	143360.0	|	13380	|	94.74
2014-12-17 01:36:07.727070 	|	 VM_Task_31 	|	 0.0	|	156672.0	|	13380	|	0.00
2014-12-17 01:36:13.770181 	|	 VM_Task_31 	|	 0.0	|	142336.0	|	13380	|	0.00
2014-12-17 01:36:19.816495 	|	 VM_Task_31 	|	 0.0	|	155648.0	|	13380	|	0.00
2014-12-17 01:36:25.865312 	|	 VM_Task_31 	|	 0.0	|	142336.0	|	13380	|	5.25
2014-12-17 01:36:32.648674 	|	 VM_Task_31 	|	 0.0	|	142336.0	|	13380	|	27.22
2014-12-17 01:36:38.697143 	|	 VM_Task_31 	|	 0.0	|	155648.0	|	13380	|	0.00
2014-12-17 01:36:44.737148 	|	 VM_Task_31 	|	 0.0	|	142336.0	|	13380	|	0.00
2014-12-17 01:36:50.777955 	|	 VM_Task_31 	|	 0.0	|	155648.0	|	13380	|	0.00
2014-12-17 01:36:56.821569 	|	 VM_Task_31 	|	 0.0	|	142336.0	|	13380	|	59.47
2014-12-17 01:37:03.220272 	|	 VM_Task_31 	|	 0.0	|	142336.0	|	13380	|	0.00
2014-12-17 01:37:09.263179 	|	 VM_Task_31 	|	 0.0	|	155648.0	|	13380	|	0.00
2014-12-17 01:37:15.302553 	|	 VM_Task_31 	|	 0.0	|	142336.0	|	13380	|	0.00
2014-12-17 01:37:21.722753 	|	 VM_Task_31 	|	 0.0	|	156672.0	|	13380	|	12.80
2014-12-17 01:37:27.887945 	|	 VM_Task_31 	|	 0.0	|	156672.0	|	13380	|	0.00
2014-12-17 01:37:33.927836 	|	 VM_Task_31 	|	 0.0	|	142336.0	|	13380	|	0.00
2014-12-17 01:37:39.969748 	|	 VM_Task_31 	|	 0.0	|	155648.0	|	13380	|	0.00
2014-12-17 01:37:46.011943 	|	 VM_Task_31 	|	 0.0	|	142336.0	|	13380	|	0.00
2014-12-17 01:37:52.378452 	|	 VM_Task_31 	|	 0.0	|	155648.0	|	13380	|	53.20
2014-12-17 01:37:58.420694 	|	 VM_Task_31 	|	 0.0	|	155648.0	|	13380	|	0.00
2014-12-17 01:38:04.464273 	|	 VM_Task_31 	|	 0.0	|	142336.0	|	13380	|	0.00
2014-12-17 01:38:10.503184 	|	 VM_Task_31 	|	 0.0	|	155648.0	|	13380	|	0.00
2014-12-17 01:38:16.542446 	|	 VM_Task_31 	|	 0.0	|	142336.0	|	13380	|	0.00
2014-12-17 01:38:22.584805 	|	 VM_Task_31 	|	 0.0	|	155648.0	|	13380	|	87.35
2014-12-17 01:38:28.628177 	|	 VM_Task_31 	|	 0.0	|	155648.0	|	13380	|	0.00
2014-12-17 01:38:34.667791 	|	 VM_Task_31 	|	 0.0	|	142336.0	|	13380	|	0.00
2014-12-17 01:38:40.710470 	|	 VM_Task_31 	|	 0.0	|	155648.0	|	13380	|	0.00
2014-12-17 01:38:46.752752 	|	 VM_Task_31 	|	 0.0	|	142336.0	|	13380	|	0.00
2014-12-17 01:38:52.794440 	|	 VM_Task_31 	|	 0.0	|	155648.0	|	13380	|	82.86
2014-12-17 01:38:58.833312 	|	 VM_Task_31 	|	 0.0	|	155648.0	|	13380	|	0.00
2014-12-17 01:39:04.872788 	|	 VM_Task_31 	|	 0.0	|	142336.0	|	13380	|	0.00
2014-12-17 01:39:10.912905 	|	 VM_Task_31 	|	 0.0	|	155648.0	|	13380	|	0.00
2014-12-17 01:39:16.957603 	|	 VM_Task_31 	|	 0.0	|	142336.0	|	13380	|	0.00
2014-12-17 01:39:23.104136 	|	 VM_Task_31 	|	 0.0	|	155648.0	|	13380	|	76.91
2014-12-17 01:39:29.145391 	|	 VM_Task_31 	|	 0.0	|	155648.0	|	13380	|	0.00
2014-12-17 01:39:35.183309 	|	 VM_Task_31 	|	 0.0	|	142336.0	|	13380	|	0.00
2014-12-17 01:39:41.222217 	|	 VM_Task_31 	|	 0.0	|	156672.0	|	13380	|	0.00
2014-12-17 01:39:47.263059 	|	 VM_Task_31 	|	 0.0	|	142336.0	|	13380	|	0.00
2014-12-17 01:39:53.554159 	|	 VM_Task_31 	|	 0.0	|	155648.0	|	13380	|	78.85
2014-12-17 01:39:59.594289 	|	 VM_Task_31 	|	 0.0	|	155648.0	|	13380	|	0.00
2014-12-17 01:40:05.639085 	|	 VM_Task_31 	|	 0.0	|	142336.0	|	13380	|	0.00
2014-12-17 01:40:11.681367 	|	 VM_Task_31 	|	 0.0	|	155648.0	|	13380	|	0.00
2014-12-17 01:40:17.727812 	|	 VM_Task_31 	|	 0.0	|	142336.0	|	13380	|	1.10
2014-12-17 01:40:24.401566 	|	 VM_Task_31 	|	 0.0	|	143360.0	|	13380	|	32.97
2014-12-17 01:40:30.443094 	|	 VM_Task_31 	|	 0.0	|	155648.0	|	13380	|	0.00
2014-12-17 01:40:36.480024 	|	 VM_Task_31 	|	 0.0	|	142336.0	|	13380	|	0.00
2014-12-17 01:40:42.522702 	|	 VM_Task_31 	|	 0.0	|	155648.0	|	13380	|	0.00
2014-12-17 01:40:48.565298 	|	 VM_Task_31 	|	 0.0	|	142336.0	|	13380	|	58.83
2014-12-17 01:40:55.095935 	|	 VM_Task_31 	|	 0.0	|	142336.0	|	13380	|	6.40
2014-12-17 01:41:01.142226 	|	 VM_Task_31 	|	 0.0	|	155648.0	|	13380	|	0.00
2014-12-17 01:41:07.181590 	|	 VM_Task_31 	|	 0.0	|	142336.0	|	13380	|	0.00
2014-12-17 01:41:13.456025 	|	 VM_Task_31 	|	 0.0	|	155648.0	|	13380	|	10.00
2014-12-17 01:41:19.735188 	|	 VM_Task_31 	|	 0.0	|	156672.0	|	13380	|	8.18
2014-12-17 01:41:25.785247 	|	 VM_Task_31 	|	 0.0	|	142336.0	|	13380	|	0.10
2014-12-17 01:41:31.826340 	|	 VM_Task_31 	|	 0.0	|	155648.0	|	13380	|	0.00
2014-12-17 01:41:37.867129 	|	 VM_Task_31 	|	 0.0	|	142336.0	|	13380	|	0.00
2014-12-17 01:41:44.194151 	|	 VM_Task_31 	|	 0.0	|	155648.0	|	13380	|	49.48
2014-12-17 01:41:50.239260 	|	 VM_Task_31 	|	 0.0	|	156672.0	|	13380	|	0.00
2014-12-17 01:41:56.280564 	|	 VM_Task_31 	|	 0.0	|	142336.0	|	13380	|	0.10
2014-12-17 01:42:02.321339 	|	 VM_Task_31 	|	 0.0	|	155648.0	|	13380	|	0.00
2014-12-17 01:42:08.361035 	|	 VM_Task_31 	|	 0.0	|	142336.0	|	13380	|	0.00
2014-12-17 01:42:14.652140 	|	 VM_Task_31 	|	 0.0	|	155648.0	|	13380	|	69.59
2014-12-17 01:42:20.693372 	|	 VM_Task_31 	|	 0.0	|	155648.0	|	13380	|	0.00
2014-12-17 01:42:26.732522 	|	 VM_Task_31 	|	 0.0	|	142336.0	|	13380	|	0.10
2014-12-17 01:42:32.771565 	|	 VM_Task_31 	|	 0.0	|	155648.0	|	13380	|	0.00
2014-12-17 01:42:38.816982 	|	 VM_Task_31 	|	 0.0	|	142336.0	|	13380	|	0.00
2014-12-17 01:42:45.427683 	|	 VM_Task_31 	|	 0.0	|	155648.0	|	13380	|	61.22
2014-12-17 01:42:51.473835 	|	 VM_Task_31 	|	 0.0	|	155648.0	|	13380	|	0.00
2014-12-17 01:42:57.513908 	|	 VM_Task_31 	|	 0.0	|	142336.0	|	13380	|	0.00
2014-12-17 01:43:03.559870 	|	 VM_Task_31 	|	 0.0	|	155648.0	|	13380	|	0.00
2014-12-17 01:43:09.605994 	|	 VM_Task_31 	|	 0.0	|	142336.0	|	13380	|	45.10
2014-12-17 01:43:16.202903 	|	 VM_Task_31 	|	 0.0	|	142336.0	|	13380	|	0.00
2014-12-17 01:43:22.247455 	|	 VM_Task_31 	|	 0.0	|	155648.0	|	13380	|	0.00
2014-12-17 01:43:28.290601 	|	 VM_Task_31 	|	 0.0	|	142336.0	|	13380	|	0.00
2014-12-17 01:43:34.636816 	|	 VM_Task_31 	|	 0.0	|	155648.0	|	13380	|	2.48
2014-12-17 01:43:40.982086 	|	 VM_Task_31 	|	 0.0	|	156672.0	|	13380	|	6.12
2014-12-17 01:43:47.035632 	|	 VM_Task_31 	|	 0.0	|	142336.0	|	13380	|	0.00
2014-12-17 01:43:53.079433 	|	 VM_Task_31 	|	 0.0	|	155648.0	|	13380	|	0.00
2014-12-17 01:43:59.121862 	|	 VM_Task_31 	|	 0.0	|	142336.0	|	13380	|	0.00
2014-12-17 01:44:05.468451 	|	 VM_Task_31 	|	 0.0	|	155648.0	|	13380	|	55.45
2014-12-17 01:44:11.510375 	|	 VM_Task_31 	|	 0.0	|	155648.0	|	13380	|	0.00
2014-12-17 01:44:17.550993 	|	 VM_Task_31 	|	 0.0	|	142336.0	|	13380	|	0.00
2014-12-17 01:44:23.590783 	|	 VM_Task_31 	|	 0.0	|	155648.0	|	13380	|	0.00
2014-12-17 01:44:29.630243 	|	 VM_Task_31 	|	 0.0	|	142336.0	|	13380	|	0.00
2014-12-17 01:44:35.670245 	|	 VM_Task_31 	|	 0.0	|	155648.0	|	13380	|	86.60
2014-12-17 01:44:41.711158 	|	 VM_Task_31 	|	 0.0	|	155648.0	|	13380	|	0.00
2014-12-17 01:44:47.753870 	|	 VM_Task_31 	|	 0.0	|	142336.0	|	13380	|	0.00
2014-12-17 01:44:53.795774 	|	 VM_Task_31 	|	 0.0	|	155648.0	|	13380	|	0.00
2014-12-17 01:44:59.839502 	|	 VM_Task_31 	|	 0.0	|	142336.0	|	13380	|	0.00
2014-12-17 01:45:05.977170 	|	 VM_Task_31 	|	 0.0	|	155648.0	|	13380	|	81.89
2014-12-17 01:45:12.016257 	|	 VM_Task_31 	|	 0.0	|	155648.0	|	13380	|	0.00
2014-12-17 01:45:18.055860 	|	 VM_Task_31 	|	 0.0	|	142336.0	|	13380	|	0.00
2014-12-17 01:45:24.097328 	|	 VM_Task_31 	|	 0.0	|	155648.0	|	13380	|	0.00
2014-12-17 01:45:30.136857 	|	 VM_Task_31 	|	 0.0	|	142336.0	|	13380	|	0.00
2014-12-17 01:45:36.178472 	|	 VM_Task_31 	|	 0.0	|	155648.0	|	13380	|	84.34
2014-12-17 01:45:42.216838 	|	 VM_Task_31 	|	 0.0	|	155648.0	|	13380	|	0.00
2014-12-17 01:45:48.257280 	|	 VM_Task_31 	|	 0.0	|	142336.0	|	13380	|	0.00
2014-12-17 01:45:54.300525 	|	 VM_Task_31 	|	 0.0	|	155648.0	|	13380	|	0.00
2014-12-17 01:46:00.344096 	|	 VM_Task_31 	|	 0.0	|	142336.0	|	13380	|	0.00
2014-12-17 01:46:06.485371 	|	 VM_Task_31 	|	 0.0	|	155648.0	|	13380	|	79.79
2014-12-17 01:46:12.528278 	|	 VM_Task_31 	|	 0.0	|	155648.0	|	13380	|	0.00
2014-12-17 01:46:18.578989 	|	 VM_Task_31 	|	 0.0	|	142336.0	|	13380	|	0.00
2014-12-17 01:46:24.625068 	|	 VM_Task_31 	|	 0.0	|	156672.0	|	13380	|	0.00
2014-12-17 01:46:30.666469 	|	 VM_Task_31 	|	 0.0	|	142336.0	|	13380	|	0.00
2014-12-17 01:46:36.710395 	|	 VM_Task_31 	|	 0.0	|	156672.0	|	13380	|	91.79
2014-12-17 01:46:42.751090 	|	 VM_Task_31 	|	 0.0	|	155648.0	|	13380	|	0.00
2014-12-17 01:46:48.792425 	|	 VM_Task_31 	|	 0.0	|	142336.0	|	13380	|	0.00
2014-12-17 01:46:54.832582 	|	 VM_Task_31 	|	 0.0	|	155648.0	|	13380	|	0.00
2014-12-17 01:47:00.877204 	|	 VM_Task_31 	|	 0.0	|	142336.0	|	13380	|	0.00
2014-12-17 01:47:06.916048 	|	 VM_Task_31 	|	 0.0	|	155648.0	|	13380	|	85.05
2014-12-17 01:47:12.960035 	|	 VM_Task_31 	|	 0.0	|	155648.0	|	13380	|	0.00
2014-12-17 01:47:18.999478 	|	 VM_Task_31 	|	 0.0	|	142336.0	|	13380	|	0.00
2014-12-17 01:47:25.041981 	|	 VM_Task_31 	|	 0.0	|	155648.0	|	13380	|	0.00
2014-12-17 01:47:31.084250 	|	 VM_Task_31 	|	 0.0	|	142336.0	|	13380	|	0.00
2014-12-17 01:47:37.242163 	|	 VM_Task_31 	|	 0.0	|	155648.0	|	13380	|	75.92
2014-12-17 01:47:43.284428 	|	 VM_Task_31 	|	 0.0	|	155648.0	|	13380	|	0.00
2014-12-17 01:47:49.330354 	|	 VM_Task_31 	|	 0.0	|	142336.0	|	13380	|	0.00
2014-12-17 01:47:55.369536 	|	 VM_Task_31 	|	 0.0	|	155648.0	|	13380	|	0.00
2014-12-17 01:48:01.410823 	|	 VM_Task_31 	|	 0.0	|	142336.0	|	13380	|	0.00
2014-12-17 01:48:07.696499 	|	 VM_Task_31 	|	 0.0	|	155648.0	|	13380	|	76.49
2014-12-17 01:48:13.743395 	|	 VM_Task_31 	|	 0.0	|	155648.0	|	13380	|	0.00
2014-12-17 01:48:19.787390 	|	 VM_Task_31 	|	 0.0	|	142336.0	|	13380	|	0.00
2014-12-17 01:48:25.826949 	|	 VM_Task_31 	|	 0.0	|	155648.0	|	13380	|	0.00
2014-12-17 01:48:31.871843 	|	 VM_Task_31 	|	 0.0	|	142336.0	|	13380	|	1.80
2014-12-17 01:48:38.174019 	|	 VM_Task_31 	|	 0.0	|	142336.0	|	13380	|	67.50
2014-12-17 01:48:44.216869 	|	 VM_Task_31 	|	 0.0	|	155648.0	|	13380	|	0.00
2014-12-17 01:48:50.260144 	|	 VM_Task_31 	|	 0.0	|	142336.0	|	13380	|	0.00
2014-12-17 01:48:56.304029 	|	 VM_Task_31 	|	 0.0	|	155648.0	|	13380	|	0.00
2014-12-17 01:49:02.353245 	|	 VM_Task_31 	|	 0.0	|	142336.0	|	13380	|	18.00
2014-12-17 01:49:08.841044 	|	 VM_Task_31 	|	 0.0	|	142336.0	|	13380	|	43.02
2014-12-17 01:49:14.889568 	|	 VM_Task_31 	|	 0.0	|	155648.0	|	13380	|	0.00
2014-12-17 01:49:20.929066 	|	 VM_Task_31 	|	 0.0	|	142336.0	|	13380	|	0.00
2014-12-17 01:49:26.973312 	|	 VM_Task_31 	|	 0.0	|	155648.0	|	13380	|	0.10
2014-12-17 01:49:33.019633 	|	 VM_Task_31 	|	 0.0	|	142336.0	|	13380	|	58.33
2014-12-17 01:49:39.540363 	|	 VM_Task_31 	|	 0.0	|	143360.0	|	13380	|	0.00
2014-12-17 01:49:45.588773 	|	 VM_Task_31 	|	 0.0	|	155648.0	|	13380	|	0.00
2014-12-17 01:49:51.629917 	|	 VM_Task_31 	|	 0.0	|	142336.0	|	13380	|	0.00
2014-12-17 01:49:57.986818 	|	 VM_Task_31 	|	 0.0	|	155648.0	|	13380	|	9.00
2014-12-17 01:50:04.298472 	|	 VM_Task_31 	|	 0.0	|	156672.0	|	13380	|	2.53
2014-12-17 01:50:10.348352 	|	 VM_Task_31 	|	 0.0	|	142336.0	|	13380	|	0.00
2014-12-17 01:50:16.388593 	|	 VM_Task_31 	|	 0.0	|	155648.0	|	13380	|	0.00
2014-12-17 01:50:22.428964 	|	 VM_Task_31 	|	 0.0	|	142336.0	|	13380	|	0.00
2014-12-17 01:50:28.863128 	|	 VM_Task_31 	|	 0.0	|	155648.0	|	13380	|	55.25
2014-12-17 01:50:34.913432 	|	 VM_Task_31 	|	 0.0	|	155648.0	|	13380	|	0.00
2014-12-17 01:50:40.953798 	|	 VM_Task_31 	|	 0.0	|	142336.0	|	13380	|	0.00
2014-12-17 01:50:46.995546 	|	 VM_Task_31 	|	 0.0	|	155648.0	|	13380	|	0.00
2014-12-17 01:50:53.104766 	|	 VM_Task_31 	|	 0.0	|	142336.0	|	13380	|	0.78
2014-12-17 01:50:59.852370 	|	 VM_Task_31 	|	 0.0	|	143360.0	|	13380	|	30.80
2014-12-17 01:51:05.898970 	|	 VM_Task_31 	|	 0.0	|	156672.0	|	13380	|	0.00
2014-12-17 01:51:11.941636 	|	 VM_Task_31 	|	 0.0	|	142336.0	|	13380	|	0.00
2014-12-17 01:51:17.983234 	|	 VM_Task_31 	|	 0.0	|	155648.0	|	13380	|	0.00
2014-12-17 01:51:24.031887 	|	 VM_Task_31 	|	 0.0	|	142336.0	|	13380	|	55.37
2014-12-17 01:51:30.640637 	|	 VM_Task_31 	|	 0.0	|	143360.0	|	13380	|	0.00
2014-12-17 01:51:36.683553 	|	 VM_Task_31 	|	 0.0	|	156672.0	|	13380	|	0.00
2014-12-17 01:51:42.724301 	|	 VM_Task_31 	|	 0.0	|	142336.0	|	13380	|	0.00
2014-12-17 01:51:49.045229 	|	 VM_Task_31 	|	 0.0	|	155648.0	|	13380	|	14.40
2014-12-17 01:51:55.235224 	|	 VM_Task_31 	|	 0.0	|	156672.0	|	13380	|	5.86
2014-12-17 01:52:01.281529 	|	 VM_Task_31 	|	 0.0	|	142336.0	|	13380	|	0.00
2014-12-17 01:52:07.326075 	|	 VM_Task_31 	|	 0.0	|	155648.0	|	13380	|	0.00
2014-12-17 01:52:13.370851 	|	 VM_Task_31 	|	 0.0	|	142336.0	|	13380	|	0.00
2014-12-17 01:52:19.412797 	|	 VM_Task_31 	|	 0.0	|	155648.0	|	13380	|	51.62
2014-12-17 01:52:25.575207 	|	 VM_Task_31 	|	 0.0	|	156672.0	|	13380	|	0.10
2014-12-17 01:52:31.619677 	|	 VM_Task_31 	|	 0.0	|	142336.0	|	13380	|	0.00
2014-12-17 01:52:37.658293 	|	 VM_Task_31 	|	 0.0	|	155648.0	|	13380	|	0.00
2014-12-17 01:52:43.703968 	|	 VM_Task_31 	|	 0.0	|	142336.0	|	13380	|	0.00
2014-12-17 01:52:49.880693 	|	 VM_Task_31 	|	 0.0	|	155648.0	|	13380	|	53.40
2014-12-17 01:52:55.920637 	|	 VM_Task_31 	|	 0.0	|	155648.0	|	13380	|	0.00
2014-12-17 01:53:01.966389 	|	 VM_Task_31 	|	 0.0	|	142336.0	|	13380	|	0.00
2014-12-17 01:53:08.016831 	|	 VM_Task_31 	|	 0.0	|	155648.0	|	13380	|	0.00
2014-12-17 01:53:14.058503 	|	 VM_Task_31 	|	 0.0	|	142336.0	|	13380	|	0.00
2014-12-17 01:53:20.335200 	|	 VM_Task_31 	|	 0.0	|	155648.0	|	13380	|	62.89
2014-12-17 01:53:26.379439 	|	 VM_Task_31 	|	 0.0	|	155648.0	|	13380	|	0.00
2014-12-17 01:53:32.419037 	|	 VM_Task_31 	|	 0.0	|	142336.0	|	13380	|	0.00
2014-12-17 01:53:38.463108 	|	 VM_Task_31 	|	 0.0	|	155648.0	|	13380	|	0.00
2014-12-17 01:53:44.506611 	|	 VM_Task_31 	|	 0.0	|	142336.0	|	13380	|	0.00
2014-12-17 01:53:50.553495 	|	 VM_Task_31 	|	 0.0	|	156672.0	|	13380	|	86.98
2014-12-17 01:53:56.595222 	|	 VM_Task_31 	|	 0.0	|	155648.0	|	13380	|	0.00
2014-12-17 01:54:02.638590 	|	 VM_Task_31 	|	 0.0	|	142336.0	|	13380	|	0.00
2014-12-17 01:54:08.682716 	|	 VM_Task_31 	|	 0.0	|	155648.0	|	13380	|	0.00
2014-12-17 01:54:14.724766 	|	 VM_Task_31 	|	 0.0	|	142336.0	|	13380	|	0.00
2014-12-17 01:54:20.838069 	|	 VM_Task_31 	|	 0.0	|	155648.0	|	13380	|	80.94
2014-12-17 01:54:26.878830 	|	 VM_Task_31 	|	 0.0	|	155648.0	|	13380	|	0.00
2014-12-17 01:54:32.918601 	|	 VM_Task_31 	|	 0.0	|	142336.0	|	13380	|	0.00
2014-12-17 01:54:38.959210 	|	 VM_Task_31 	|	 0.0	|	155648.0	|	13380	|	0.00
2014-12-17 01:54:45.000439 	|	 VM_Task_31 	|	 0.0	|	142336.0	|	13380	|	0.00
2014-12-17 01:54:51.123211 	|	 VM_Task_31 	|	 0.0	|	155648.0	|	13380	|	75.56
2014-12-17 01:54:57.163999 	|	 VM_Task_31 	|	 0.0	|	155648.0	|	13380	|	0.00
2014-12-17 01:55:03.208816 	|	 VM_Task_31 	|	 0.0	|	142336.0	|	13380	|	0.00
2014-12-17 01:55:09.252482 	|	 VM_Task_31 	|	 0.0	|	155648.0	|	13380	|	0.00
2014-12-17 01:55:15.296604 	|	 VM_Task_31 	|	 0.0	|	142336.0	|	13380	|	0.00
2014-12-17 01:55:21.338478 	|	 VM_Task_31 	|	 0.0	|	155648.0	|	13380	|	85.66
2014-12-17 01:55:27.381190 	|	 VM_Task_31 	|	 0.0	|	155648.0	|	13380	|	0.00
2014-12-17 01:55:33.430882 	|	 VM_Task_31 	|	 0.0	|	142336.0	|	13380	|	0.00
2014-12-17 01:55:39.471499 	|	 VM_Task_31 	|	 0.0	|	156672.0	|	13380	|	0.00
2014-12-17 01:55:45.510789 	|	 VM_Task_31 	|	 0.0	|	143360.0	|	13380	|	0.00
2014-12-17 01:55:51.554907 	|	 VM_Task_31 	|	 0.0	|	155648.0	|	13380	|	86.80
2014-12-17 01:55:57.596917 	|	 VM_Task_31 	|	 0.0	|	155648.0	|	13380	|	0.00
2014-12-17 01:56:03.639504 	|	 VM_Task_31 	|	 0.0	|	142336.0	|	13380	|	0.00
2014-12-17 01:56:09.683935 	|	 VM_Task_31 	|	 0.0	|	156672.0	|	13380	|	0.00
2014-12-17 01:56:15.723705 	|	 VM_Task_31 	|	 0.0	|	142336.0	|	13380	|	0.00
2014-12-17 01:56:21.945707 	|	 VM_Task_31 	|	 0.0	|	155648.0	|	13380	|	73.40
2014-12-17 01:56:27.988346 	|	 VM_Task_31 	|	 0.0	|	155648.0	|	13380	|	0.00
2014-12-17 01:56:34.029527 	|	 VM_Task_31 	|	 0.0	|	142336.0	|	13380	|	0.00
2014-12-17 01:56:40.073702 	|	 VM_Task_31 	|	 0.0	|	155648.0	|	13380	|	0.00
2014-12-17 01:56:46.117951 	|	 VM_Task_31 	|	 0.0	|	142336.0	|	13380	|	0.00
2014-12-17 01:56:52.160458 	|	 VM_Task_31 	|	 0.0	|	155648.0	|	13380	|	92.65
2014-12-17 01:56:58.199540 	|	 VM_Task_31 	|	 0.0	|	155648.0	|	13380	|	0.10
2014-12-17 01:57:04.241768 	|	 VM_Task_31 	|	 0.0	|	142336.0	|	13380	|	0.00
2014-12-17 01:57:10.288559 	|	 VM_Task_31 	|	 0.0	|	155648.0	|	13380	|	0.00
2014-12-17 01:57:16.331670 	|	 VM_Task_31 	|	 0.0	|	142336.0	|	13380	|	0.00
2014-12-17 01:57:22.387715 	|	 VM_Task_31 	|	 0.0	|	155648.0	|	13380	|	86.63
2014-12-17 01:57:28.432805 	|	 VM_Task_31 	|	 0.0	|	155648.0	|	13380	|	0.10
2014-12-17 01:57:34.476402 	|	 VM_Task_31 	|	 0.0	|	142336.0	|	13380	|	0.00
2014-12-17 01:57:40.519423 	|	 VM_Task_31 	|	 0.0	|	155648.0	|	13380	|	0.00
2014-12-17 01:57:46.557086 	|	 VM_Task_31 	|	 0.0	|	142336.0	|	13380	|	0.00
2014-12-17 01:57:52.596974 	|	 VM_Task_31 	|	 0.0	|	155648.0	|	13380	|	90.53
2014-12-17 01:57:58.637893 	|	 VM_Task_31 	|	 0.0	|	155648.0	|	13380	|	0.10
2014-12-17 01:58:04.679197 	|	 VM_Task_31 	|	 0.0	|	143360.0	|	13380	|	0.00
2014-12-17 01:58:10.720741 	|	 VM_Task_31 	|	 0.0	|	155648.0	|	13380	|	0.00
2014-12-17 01:58:16.767560 	|	 VM_Task_31 	|	 0.0	|	142336.0	|	13380	|	0.00
2014-12-17 01:58:22.808267 	|	 VM_Task_31 	|	 0.0	|	155648.0	|	13380	|	79.68
2014-12-17 01:58:28.849937 	|	 VM_Task_31 	|	 0.0	|	155648.0	|	13380	|	0.10
2014-12-17 01:58:34.897545 	|	 VM_Task_31 	|	 0.0	|	142336.0	|	13380	|	0.00
2014-12-17 01:58:40.941272 	|	 VM_Task_31 	|	 0.0	|	155648.0	|	13380	|	0.00
2014-12-17 01:58:46.982416 	|	 VM_Task_31 	|	 0.0	|	142336.0	|	13380	|	0.00
2014-12-17 01:58:53.072153 	|	 VM_Task_31 	|	 0.0	|	156672.0	|	13380	|	71.41
2014-12-17 01:58:59.113139 	|	 VM_Task_31 	|	 0.0	|	155648.0	|	13380	|	0.10
2014-12-17 01:59:05.156897 	|	 VM_Task_31 	|	 0.0	|	142336.0	|	13380	|	0.00
2014-12-17 01:59:11.199450 	|	 VM_Task_31 	|	 0.0	|	155648.0	|	13380	|	0.00
2014-12-17 01:59:17.241588 	|	 VM_Task_31 	|	 0.0	|	143360.0	|	13380	|	0.00
2014-12-17 01:59:23.435028 	|	 VM_Task_31 	|	 0.0	|	155648.0	|	13380	|	72.93
2014-12-17 01:59:29.478857 	|	 VM_Task_31 	|	 0.0	|	155648.0	|	13380	|	0.10
2014-12-17 01:59:35.524203 	|	 VM_Task_31 	|	 0.0	|	142336.0	|	13380	|	0.00
2014-12-17 01:59:41.569026 	|	 VM_Task_31 	|	 0.0	|	155648.0	|	13380	|	0.00
2014-12-17 01:59:47.609393 	|	 VM_Task_31 	|	 0.0	|	142336.0	|	13380	|	0.00
2014-12-17 01:59:53.652765 	|	 VM_Task_31 	|	 0.0	|	155648.0	|	13380	|	82.77
2014-12-17 01:59:59.700645 	|	 VM_Task_31 	|	 0.0	|	156672.0	|	13380	|	0.00
2014-12-17 02:00:05.739746 	|	 VM_Task_31 	|	 0.0	|	142336.0	|	13380	|	0.00
2014-12-17 02:00:11.780252 	|	 VM_Task_31 	|	 0.0	|	155648.0	|	13380	|	0.00
2014-12-17 02:00:17.823692 	|	 VM_Task_31 	|	 0.0	|	142336.0	|	13380	|	0.00
2014-12-17 02:00:23.865356 	|	 VM_Task_31 	|	 0.0	|	155648.0	|	13380	|	85.16
2014-12-17 02:00:29.905739 	|	 VM_Task_31 	|	 0.0	|	156672.0	|	13380	|	0.00
2014-12-17 02:00:35.948525 	|	 VM_Task_31 	|	 0.0	|	142336.0	|	13380	|	0.00
2014-12-17 02:00:41.988819 	|	 VM_Task_31 	|	 0.0	|	155648.0	|	13380	|	0.00
2014-12-17 02:00:48.029147 	|	 VM_Task_31 	|	 0.0	|	142336.0	|	13380	|	0.00
2014-12-17 02:00:54.245066 	|	 VM_Task_31 	|	 0.0	|	155648.0	|	13380	|	69.19
2014-12-17 02:01:00.286305 	|	 VM_Task_31 	|	 0.0	|	155648.0	|	13380	|	0.00
2014-12-17 02:01:06.331212 	|	 VM_Task_31 	|	 0.0	|	142336.0	|	13380	|	0.00
2014-12-17 02:01:12.374019 	|	 VM_Task_31 	|	 0.0	|	155648.0	|	13380	|	0.00
2014-12-17 02:01:18.414663 	|	 VM_Task_31 	|	 0.0	|	142336.0	|	13380	|	0.00
2014-12-17 02:01:24.456808 	|	 VM_Task_31 	|	 0.0	|	156672.0	|	13380	|	91.16
2014-12-17 02:01:30.502797 	|	 VM_Task_31 	|	 0.0	|	155648.0	|	13380	|	0.00
2014-12-17 02:01:36.550570 	|	 VM_Task_31 	|	 0.0	|	142336.0	|	13380	|	0.00
2014-12-17 02:01:42.592984 	|	 VM_Task_31 	|	 0.0	|	156672.0	|	13380	|	0.00
2014-12-17 02:01:48.634037 	|	 VM_Task_31 	|	 0.0	|	143360.0	|	13380	|	0.00
2014-12-17 02:01:54.746060 	|	 VM_Task_31 	|	 0.0	|	155648.0	|	13380	|	80.00
2014-12-17 02:02:00.826602 	|	 VM_Task_31 	|	 0.0	|	156672.0	|	13380	|	0.00
2014-12-17 02:02:06.867038 	|	 VM_Task_31 	|	 0.0	|	142336.0	|	13380	|	0.00
2014-12-17 02:02:12.906996 	|	 VM_Task_31 	|	 0.0	|	156672.0	|	13380	|	0.00
2014-12-17 02:02:18.953087 	|	 VM_Task_31 	|	 0.0	|	143360.0	|	13380	|	0.00
2014-12-17 02:02:24.993527 	|	 VM_Task_31 	|	 0.0	|	156672.0	|	13380	|	87.11
2014-12-17 02:02:31.035787 	|	 VM_Task_31 	|	 0.0	|	156672.0	|	13380	|	0.00
2014-12-17 02:02:37.075234 	|	 VM_Task_31 	|	 0.0	|	143360.0	|	13380	|	0.00
2014-12-17 02:02:43.116102 	|	 VM_Task_31 	|	 0.0	|	156672.0	|	13380	|	0.00
2014-12-17 02:02:49.159212 	|	 VM_Task_31 	|	 0.0	|	143360.0	|	13380	|	0.00
2014-12-17 02:02:55.353155 	|	 VM_Task_31 	|	 0.0	|	156672.0	|	13380	|	81.46
2014-12-17 02:03:01.415360 	|	 VM_Task_31 	|	 0.0	|	156672.0	|	13380	|	0.10
2014-12-17 02:03:07.459787 	|	 VM_Task_31 	|	 0.0	|	143360.0	|	13380	|	0.00
2014-12-17 02:03:13.505511 	|	 VM_Task_31 	|	 0.0	|	156672.0	|	13380	|	0.00
2014-12-17 02:03:19.548975 	|	 VM_Task_31 	|	 0.0	|	143360.0	|	13380	|	0.00
2014-12-17 02:03:25.595815 	|	 VM_Task_31 	|	 0.0	|	156672.0	|	13380	|	86.60
2014-12-17 02:03:31.686151 	|	 VM_Task_31 	|	 0.0	|	156672.0	|	13380	|	0.00
2014-12-17 02:03:37.725427 	|	 VM_Task_31 	|	 0.0	|	143360.0	|	13380	|	0.00
2014-12-17 02:03:43.769193 	|	 VM_Task_31 	|	 0.0	|	155648.0	|	13380	|	0.00
2014-12-17 02:03:49.810644 	|	 VM_Task_31 	|	 0.0	|	143360.0	|	13380	|	0.00
2014-12-17 02:03:55.856596 	|	 VM_Task_31 	|	 0.0	|	156672.0	|	13380	|	88.88
2014-12-17 02:04:01.899972 	|	 VM_Task_31 	|	 0.0	|	156672.0	|	13380	|	0.00
2014-12-17 02:04:07.943022 	|	 VM_Task_31 	|	 0.0	|	143360.0	|	13380	|	0.00
2014-12-17 02:04:13.983566 	|	 VM_Task_31 	|	 0.0	|	156672.0	|	13380	|	0.00
2014-12-17 02:04:20.029060 	|	 VM_Task_31 	|	 0.0	|	142336.0	|	13380	|	0.00
2014-12-17 02:04:26.070192 	|	 VM_Task_31 	|	 0.0	|	156672.0	|	13380	|	87.35
2014-12-17 02:04:32.110753 	|	 VM_Task_31 	|	 0.0	|	155648.0	|	13380	|	0.00
2014-12-17 02:04:38.154361 	|	 VM_Task_31 	|	 0.0	|	143360.0	|	13380	|	0.00
2014-12-17 02:04:44.193852 	|	 VM_Task_31 	|	 0.0	|	156672.0	|	13380	|	0.00
2014-12-17 02:04:50.232224 	|	 VM_Task_31 	|	 0.0	|	143360.0	|	13380	|	0.00
2014-12-17 02:04:56.365032 	|	 VM_Task_31 	|	 0.0	|	155648.0	|	13380	|	76.30
2014-12-17 02:05:02.440057 	|	 VM_Task_31 	|	 0.0	|	156672.0	|	13380	|	0.10
2014-12-17 02:05:08.478703 	|	 VM_Task_31 	|	 0.0	|	143360.0	|	13380	|	0.00
2014-12-17 02:05:14.524865 	|	 VM_Task_31 	|	 0.0	|	156672.0	|	13380	|	0.00
2014-12-17 02:05:20.566887 	|	 VM_Task_31 	|	 0.0	|	143360.0	|	13380	|	0.00
2014-12-17 02:05:26.694665 	|	 VM_Task_31 	|	 0.0	|	156672.0	|	13380	|	86.12
2014-12-17 02:05:32.732716 	|	 VM_Task_31 	|	 0.0	|	156672.0	|	13380	|	0.00
2014-12-17 02:05:38.779444 	|	 VM_Task_31 	|	 0.0	|	142336.0	|	13380	|	0.00
2014-12-17 02:05:44.823326 	|	 VM_Task_31 	|	 0.0	|	156672.0	|	13380	|	0.00
2014-12-17 02:05:50.880876 	|	 VM_Task_31 	|	 0.0	|	143360.0	|	13380	|	0.00
2014-12-17 02:05:57.307214 	|	 VM_Task_31 	|	 0.0	|	143360.0	|	13380	|	68.89
2014-12-17 02:06:03.351087 	|	 VM_Task_31 	|	 0.0	|	156672.0	|	13380	|	0.00
2014-12-17 02:06:09.392143 	|	 VM_Task_31 	|	 0.0	|	142336.0	|	13380	|	0.00
2014-12-17 02:06:15.432127 	|	 VM_Task_31 	|	 0.0	|	155648.0	|	13380	|	0.00
2014-12-17 02:06:21.699503 	|	 VM_Task_31 	|	 0.0	|	142336.0	|	13380	|	26.63
2014-12-17 02:06:28.279921 	|	 VM_Task_31 	|	 0.0	|	143360.0	|	13380	|	0.00
2014-12-17 02:06:34.322853 	|	 VM_Task_31 	|	 0.0	|	156672.0	|	13380	|	0.00
2014-12-17 02:06:40.363868 	|	 VM_Task_31 	|	 0.0	|	143360.0	|	13380	|	0.00
2014-12-17 02:06:46.785132 	|	 VM_Task_31 	|	 0.0	|	155648.0	|	13380	|	4.80
2014-12-17 02:06:53.022081 	|	 VM_Task_31 	|	 0.0	|	156672.0	|	13380	|	0.90
2014-12-17 02:06:59.067223 	|	 VM_Task_31 	|	 0.0	|	143360.0	|	13380	|	0.00
2014-12-17 02:07:05.105127 	|	 VM_Task_31 	|	 0.0	|	156672.0	|	13380	|	0.00
2014-12-17 02:07:11.146000 	|	 VM_Task_31 	|	 0.0	|	143360.0	|	13380	|	0.00
2014-12-17 02:07:17.334692 	|	 VM_Task_31 	|	 0.0	|	156672.0	|	13380	|	54.43
2014-12-17 02:07:23.376975 	|	 VM_Task_31 	|	 0.0	|	156672.0	|	13380	|	0.00
2014-12-17 02:07:29.425277 	|	 VM_Task_31 	|	 0.0	|	143360.0	|	13380	|	0.00
2014-12-17 02:07:35.465925 	|	 VM_Task_31 	|	 0.0	|	156672.0	|	13380	|	0.00
2014-12-17 02:07:41.507753 	|	 VM_Task_31 	|	 0.0	|	143360.0	|	13380	|	0.00
2014-12-17 02:07:47.802297 	|	 VM_Task_31 	|	 0.0	|	155648.0	|	13380	|	61.13
2014-12-17 02:07:53.841340 	|	 VM_Task_31 	|	 0.0	|	156672.0	|	13380	|	0.00
2014-12-17 02:07:59.880243 	|	 VM_Task_31 	|	 0.0	|	143360.0	|	13380	|	0.00
2014-12-17 02:08:05.920740 	|	 VM_Task_31 	|	 0.0	|	156672.0	|	13380	|	0.00
2014-12-17 02:08:11.959751 	|	 VM_Task_31 	|	 0.0	|	142336.0	|	13380	|	0.00
2014-12-17 02:08:18.001356 	|	 VM_Task_31 	|	 0.0	|	155648.0	|	13380	|	83.54
2014-12-17 02:08:24.041698 	|	 VM_Task_31 	|	 0.0	|	156672.0	|	13380	|	0.00
2014-12-17 02:08:30.083056 	|	 VM_Task_31 	|	 0.0	|	143360.0	|	13380	|	0.10
2014-12-17 02:08:36.121197 	|	 VM_Task_31 	|	 0.0	|	156672.0	|	13380	|	0.00
2014-12-17 02:08:42.159186 	|	 VM_Task_31 	|	 0.0	|	143360.0	|	13380	|	0.00
2014-12-17 02:08:48.300273 	|	 VM_Task_31 	|	 0.0	|	156672.0	|	13380	|	76.06
2014-12-17 02:08:54.344477 	|	 VM_Task_31 	|	 0.0	|	155648.0	|	13380	|	0.00
2014-12-17 02:09:00.384779 	|	 VM_Task_31 	|	 0.0	|	142336.0	|	13380	|	0.10
2014-12-17 02:09:06.426338 	|	 VM_Task_31 	|	 0.0	|	156672.0	|	13380	|	0.00
2014-12-17 02:09:12.469670 	|	 VM_Task_31 	|	 0.0	|	143360.0	|	13380	|	0.00
2014-12-17 02:09:18.721247 	|	 VM_Task_31 	|	 0.0	|	156672.0	|	13380	|	80.21
2014-12-17 02:09:24.764529 	|	 VM_Task_31 	|	 0.0	|	156672.0	|	13380	|	0.00
2014-12-17 02:09:30.802428 	|	 VM_Task_31 	|	 0.0	|	143360.0	|	13380	|	0.10
2014-12-17 02:09:36.840812 	|	 VM_Task_31 	|	 0.0	|	156672.0	|	13380	|	0.00
2014-12-17 02:09:42.885803 	|	 VM_Task_31 	|	 0.0	|	143360.0	|	13380	|	1.80
2014-12-17 02:09:49.489591 	|	 VM_Task_31 	|	 0.0	|	143360.0	|	13380	|	40.90
2014-12-17 02:09:55.533978 	|	 VM_Task_31 	|	 0.0	|	156672.0	|	13380	|	0.00
2014-12-17 02:10:01.576582 	|	 VM_Task_31 	|	 0.0	|	143360.0	|	13380	|	0.00
2014-12-17 02:10:07.621235 	|	 VM_Task_31 	|	 0.0	|	156672.0	|	13380	|	0.00
2014-12-17 02:10:13.662568 	|	 VM_Task_31 	|	 0.0	|	142336.0	|	13380	|	50.42
2014-12-17 02:10:20.296868 	|	 VM_Task_31 	|	 0.0	|	143360.0	|	13380	|	0.00
2014-12-17 02:10:26.337985 	|	 VM_Task_31 	|	 0.0	|	156672.0	|	13380	|	0.00
2014-12-17 02:10:32.377609 	|	 VM_Task_31 	|	 0.0	|	142336.0	|	13380	|	0.00
2014-12-17 02:10:38.624414 	|	 VM_Task_31 	|	 0.0	|	156672.0	|	13380	|	11.50
2014-12-17 02:10:44.740456 	|	 VM_Task_31 	|	 0.0	|	156672.0	|	13380	|	28.62
2014-12-17 02:10:50.783183 	|	 VM_Task_31 	|	 0.0	|	143360.0	|	13380	|	0.00
2014-12-17 02:10:56.825406 	|	 VM_Task_31 	|	 0.0	|	155648.0	|	13380	|	0.00
2014-12-17 02:11:02.869714 	|	 VM_Task_31 	|	 0.0	|	142336.0	|	13380	|	0.00
2014-12-17 02:11:09.078289 	|	 VM_Task_31 	|	 0.0	|	156672.0	|	13380	|	35.41
2014-12-17 02:11:15.209065 	|	 VM_Task_31 	|	 0.0	|	156672.0	|	13380	|	1.90
2014-12-17 02:11:21.256439 	|	 VM_Task_31 	|	 0.0	|	143360.0	|	13380	|	0.00
2014-12-17 02:11:27.303500 	|	 VM_Task_31 	|	 0.0	|	156672.0	|	13380	|	0.00
2014-12-17 02:11:33.342914 	|	 VM_Task_31 	|	 0.0	|	143360.0	|	13380	|	0.00
2014-12-17 02:11:39.726117 	|	 VM_Task_31 	|	 0.0	|	156672.0	|	13380	|	52.35
2014-12-17 02:11:45.769281 	|	 VM_Task_31 	|	 0.0	|	156672.0	|	13380	|	0.00
2014-12-17 02:11:51.808456 	|	 VM_Task_31 	|	 0.0	|	142336.0	|	13380	|	0.00
2014-12-17 02:11:57.848600 	|	 VM_Task_31 	|	 0.0	|	156672.0	|	13380	|	0.00
2014-12-17 02:12:03.888493 	|	 VM_Task_31 	|	 0.0	|	143360.0	|	13380	|	0.00
2014-12-17 02:12:09.929160 	|	 VM_Task_31 	|	 0.0	|	156672.0	|	13380	|	86.12
2014-12-17 02:12:15.973819 	|	 VM_Task_31 	|	 0.0	|	156672.0	|	13380	|	0.00
2014-12-17 02:12:22.015008 	|	 VM_Task_31 	|	 0.0	|	143360.0	|	13380	|	0.00
2014-12-17 02:12:28.058701 	|	 VM_Task_31 	|	 0.0	|	156672.0	|	13380	|	0.00
2014-12-17 02:12:34.098792 	|	 VM_Task_31 	|	 0.0	|	142336.0	|	13380	|	0.00
2014-12-17 02:12:40.141891 	|	 VM_Task_31 	|	 0.0	|	155648.0	|	13380	|	74.95
2014-12-17 02:12:46.180956 	|	 VM_Task_31 	|	 0.0	|	156672.0	|	13380	|	0.00
2014-12-17 02:12:52.224775 	|	 VM_Task_31 	|	 0.0	|	142336.0	|	13380	|	0.00
2014-12-17 02:12:58.264220 	|	 VM_Task_31 	|	 0.0	|	155648.0	|	13380	|	0.00
2014-12-17 02:13:04.308076 	|	 VM_Task_31 	|	 0.0	|	142336.0	|	13380	|	0.00
2014-12-17 02:13:10.531145 	|	 VM_Task_31 	|	 0.0	|	156672.0	|	13380	|	68.37
2014-12-17 02:13:16.572704 	|	 VM_Task_31 	|	 0.0	|	155648.0	|	13380	|	0.00
2014-12-17 02:13:22.615681 	|	 VM_Task_31 	|	 0.0	|	142336.0	|	13380	|	0.00
2014-12-17 02:13:28.658774 	|	 VM_Task_31 	|	 0.0	|	155648.0	|	13380	|	0.00
2014-12-17 02:13:34.699887 	|	 VM_Task_31 	|	 0.0	|	142336.0	|	13380	|	0.00
2014-12-17 02:13:40.739804 	|	 VM_Task_31 	|	 0.0	|	156672.0	|	13380	|	83.90
2014-12-17 02:13:46.778227 	|	 VM_Task_31 	|	 0.0	|	156672.0	|	13380	|	0.00
2014-12-17 02:13:52.818314 	|	 VM_Task_31 	|	 0.0	|	143360.0	|	13380	|	0.00
2014-12-17 02:13:58.859291 	|	 VM_Task_31 	|	 0.0	|	156672.0	|	13380	|	0.00
2014-12-17 02:14:04.898843 	|	 VM_Task_31 	|	 0.0	|	143360.0	|	13380	|	0.00
2014-12-17 02:14:10.940131 	|	 VM_Task_31 	|	 0.0	|	156672.0	|	13380	|	83.47
2014-12-17 02:14:16.980010 	|	 VM_Task_31 	|	 0.0	|	156672.0	|	13380	|	0.00
2014-12-17 02:14:23.027106 	|	 VM_Task_31 	|	 0.0	|	143360.0	|	13380	|	0.00
2014-12-17 02:14:29.065255 	|	 VM_Task_31 	|	 0.0	|	156672.0	|	13380	|	0.00
2014-12-17 02:14:35.106343 	|	 VM_Task_31 	|	 0.0	|	143360.0	|	13380	|	0.00
2014-12-17 02:14:41.163023 	|	 VM_Task_31 	|	 0.0	|	156672.0	|	13380	|	73.70
2014-12-17 02:14:47.238982 	|	 VM_Task_31 	|	 0.0	|	156672.0	|	13380	|	0.00
2014-12-17 02:14:53.280218 	|	 VM_Task_31 	|	 0.0	|	142336.0	|	13380	|	0.00
2014-12-17 02:14:59.320651 	|	 VM_Task_31 	|	 0.0	|	156672.0	|	13380	|	0.00
2014-12-17 02:15:05.361893 	|	 VM_Task_31 	|	 0.0	|	143360.0	|	13380	|	0.00
2014-12-17 02:15:11.513137 	|	 VM_Task_31 	|	 0.0	|	156672.0	|	13380	|	76.19
2014-12-17 02:15:17.553462 	|	 VM_Task_31 	|	 0.0	|	156672.0	|	13380	|	0.00
2014-12-17 02:15:23.593576 	|	 VM_Task_31 	|	 0.0	|	142336.0	|	13380	|	0.00
2014-12-17 02:15:29.631276 	|	 VM_Task_31 	|	 0.0	|	156672.0	|	13380	|	0.00
2014-12-17 02:15:35.671748 	|	 VM_Task_31 	|	 0.0	|	143360.0	|	13380	|	0.00
2014-12-17 02:15:41.712528 	|	 VM_Task_31 	|	 0.0	|	156672.0	|	13380	|	83.03
2014-12-17 02:15:47.758593 	|	 VM_Task_31 	|	 0.0	|	155648.0	|	13380	|	0.00
2014-12-17 02:15:53.800134 	|	 VM_Task_31 	|	 0.0	|	142336.0	|	13380	|	0.00
2014-12-17 02:15:59.843436 	|	 VM_Task_31 	|	 0.0	|	156672.0	|	13380	|	0.00
2014-12-17 02:16:05.884030 	|	 VM_Task_31 	|	 0.0	|	143360.0	|	13380	|	0.00
2014-12-17 02:16:12.040081 	|	 VM_Task_31 	|	 0.0	|	156672.0	|	13380	|	73.20
2014-12-17 02:16:18.080842 	|	 VM_Task_31 	|	 0.0	|	156672.0	|	13380	|	0.00
2014-12-17 02:16:24.120689 	|	 VM_Task_31 	|	 0.0	|	143360.0	|	13380	|	0.00
2014-12-17 02:16:30.162606 	|	 VM_Task_31 	|	 0.0	|	156672.0	|	13380	|	0.00
2014-12-17 02:16:36.205248 	|	 VM_Task_31 	|	 0.0	|	143360.0	|	13380	|	0.00
2014-12-17 02:16:42.382439 	|	 VM_Task_31 	|	 0.0	|	156672.0	|	13380	|	85.96
2014-12-17 02:16:48.443772 	|	 VM_Task_31 	|	 0.0	|	156672.0	|	13380	|	0.10
2014-12-17 02:16:54.491423 	|	 VM_Task_31 	|	 0.0	|	143360.0	|	13380	|	0.00
2014-12-17 02:17:00.530286 	|	 VM_Task_31 	|	 0.0	|	156672.0	|	13380	|	0.00
2014-12-17 02:17:06.569178 	|	 VM_Task_31 	|	 0.0	|	143360.0	|	13380	|	0.00
2014-12-17 02:17:12.609999 	|	 VM_Task_31 	|	 0.0	|	156672.0	|	13380	|	85.70
2014-12-17 02:17:18.688950 	|	 VM_Task_31 	|	 0.0	|	156672.0	|	13380	|	0.00
2014-12-17 02:17:24.728768 	|	 VM_Task_31 	|	 0.0	|	143360.0	|	13380	|	0.00
2014-12-17 02:17:30.770453 	|	 VM_Task_31 	|	 0.0	|	156672.0	|	13380	|	0.00
2014-12-17 02:17:36.816541 	|	 VM_Task_31 	|	 0.0	|	142336.0	|	13380	|	0.00
2014-12-17 02:17:42.864094 	|	 VM_Task_31 	|	 0.0	|	156672.0	|	13380	|	87.96
2014-12-17 02:17:48.902284 	|	 VM_Task_31 	|	 0.0	|	156672.0	|	13380	|	0.00
2014-12-17 02:17:54.943468 	|	 VM_Task_31 	|	 0.0	|	143360.0	|	13380	|	0.00
2014-12-17 02:18:00.982351 	|	 VM_Task_31 	|	 0.0	|	156672.0	|	13380	|	0.00
2014-12-17 02:18:07.027457 	|	 VM_Task_31 	|	 0.0	|	142336.0	|	13380	|	0.00
2014-12-17 02:18:13.070818 	|	 VM_Task_31 	|	 0.0	|	156672.0	|	13380	|	86.70
2014-12-17 02:18:19.111321 	|	 VM_Task_31 	|	 0.0	|	156672.0	|	13380	|	0.00
2014-12-17 02:18:25.153970 	|	 VM_Task_31 	|	 0.0	|	143360.0	|	13380	|	0.00
2014-12-17 02:18:31.199616 	|	 VM_Task_31 	|	 0.0	|	156672.0	|	13380	|	0.00
2014-12-17 02:18:37.239108 	|	 VM_Task_31 	|	 0.0	|	143360.0	|	13380	|	0.00
2014-12-17 02:18:43.278992 	|	 VM_Task_31 	|	 0.0	|	156672.0	|	13380	|	78.28
2014-12-17 02:18:49.317705 	|	 VM_Task_31 	|	 0.0	|	156672.0	|	13380	|	0.00
2014-12-17 02:18:55.371769 	|	 VM_Task_31 	|	 0.0	|	143360.0	|	13380	|	0.00
2014-12-17 02:19:01.413238 	|	 VM_Task_31 	|	 0.0	|	156672.0	|	13380	|	0.00
2014-12-17 02:19:07.459678 	|	 VM_Task_31 	|	 0.0	|	143360.0	|	13380	|	0.00
2014-12-17 02:19:13.551298 	|	 VM_Task_31 	|	 0.0	|	156672.0	|	13380	|	75.94
2014-12-17 02:19:19.593654 	|	 VM_Task_31 	|	 0.0	|	156672.0	|	13380	|	0.00
2014-12-17 02:19:25.646106 	|	 VM_Task_31 	|	 0.0	|	142336.0	|	13380	|	0.00
2014-12-17 02:19:31.687196 	|	 VM_Task_31 	|	 0.0	|	156672.0	|	13380	|	0.00
2014-12-17 02:19:37.725507 	|	 VM_Task_31 	|	 0.0	|	142336.0	|	13380	|	0.00
2014-12-17 02:19:43.886113 	|	 VM_Task_31 	|	 0.0	|	156672.0	|	13380	|	73.40
2014-12-17 02:19:49.960940 	|	 VM_Task_31 	|	 0.0	|	156672.0	|	13380	|	0.10
2014-12-17 02:19:56.007201 	|	 VM_Task_31 	|	 0.0	|	143360.0	|	13380	|	0.00
2014-12-17 02:20:02.049564 	|	 VM_Task_31 	|	 0.0	|	156672.0	|	13380	|	2.12
2014-12-17 02:20:08.089821 	|	 VM_Task_31 	|	 0.0	|	142336.0	|	13380	|	0.00
2014-12-17 02:20:14.253055 	|	 VM_Task_31 	|	 0.0	|	155648.0	|	13380	|	86.21
2014-12-17 02:20:20.293459 	|	 VM_Task_31 	|	 0.0	|	156672.0	|	13380	|	0.00
2014-12-17 02:20:26.339461 	|	 VM_Task_31 	|	 0.0	|	142336.0	|	13380	|	0.00
2014-12-17 02:20:32.379359 	|	 VM_Task_31 	|	 0.0	|	156672.0	|	13380	|	0.10
2014-12-17 02:20:38.468801 	|	 VM_Task_31 	|	 0.0	|	143360.0	|	13380	|	0.60
2014-12-17 02:20:45.322149 	|	 VM_Task_31 	|	 0.0	|	143360.0	|	13380	|	29.50
2014-12-17 02:20:51.371171 	|	 VM_Task_31 	|	 0.0	|	156672.0	|	13380	|	0.00
2014-12-17 02:20:57.414236 	|	 VM_Task_31 	|	 0.0	|	143360.0	|	13380	|	0.00
2014-12-17 02:21:03.459353 	|	 VM_Task_31 	|	 0.0	|	156672.0	|	13380	|	0.00
2014-12-17 02:21:09.500126 	|	 VM_Task_31 	|	 0.0	|	143360.0	|	13380	|	55.38
2014-12-17 02:21:15.936750 	|	 VM_Task_31 	|	 0.0	|	143360.0	|	13380	|	0.00
2014-12-17 02:21:21.981959 	|	 VM_Task_31 	|	 0.0	|	156672.0	|	13380	|	0.00
2014-12-17 02:21:28.025216 	|	 VM_Task_31 	|	 0.0	|	142336.0	|	13380	|	0.00
2014-12-17 02:21:34.403261 	|	 VM_Task_31 	|	 0.0	|	156672.0	|	13380	|	9.29
2014-12-17 02:21:40.701338 	|	 VM_Task_31 	|	 0.0	|	157696.0	|	13380	|	1.60
2014-12-17 02:21:46.753278 	|	 VM_Task_31 	|	 0.0	|	142336.0	|	13380	|	0.00
2014-12-17 02:21:52.795178 	|	 VM_Task_31 	|	 0.0	|	156672.0	|	13380	|	0.00
2014-12-17 02:21:58.834901 	|	 VM_Task_31 	|	 0.0	|	142336.0	|	13380	|	0.00
2014-12-17 02:22:05.159316 	|	 VM_Task_31 	|	 0.0	|	156672.0	|	13380	|	59.69
2014-12-17 02:22:11.199542 	|	 VM_Task_31 	|	 0.0	|	156672.0	|	13380	|	0.00
2014-12-17 02:22:17.239881 	|	 VM_Task_31 	|	 0.0	|	142336.0	|	13380	|	0.00
2014-12-17 02:22:23.284182 	|	 VM_Task_31 	|	 0.0	|	156672.0	|	13380	|	0.00
2014-12-17 02:22:29.328798 	|	 VM_Task_31 	|	 0.0	|	142336.0	|	13380	|	0.00
2014-12-17 02:22:35.369317 	|	 VM_Task_31 	|	 0.0	|	156672.0	|	13380	|	87.73
2014-12-17 02:22:41.408884 	|	 VM_Task_31 	|	 0.0	|	156672.0	|	13380	|	0.00
2014-12-17 02:22:47.454880 	|	 VM_Task_31 	|	 0.0	|	142336.0	|	13380	|	0.00
2014-12-17 02:22:53.494695 	|	 VM_Task_31 	|	 0.0	|	156672.0	|	13380	|	0.00
2014-12-17 02:22:59.533260 	|	 VM_Task_31 	|	 0.0	|	143360.0	|	13380	|	0.00
2014-12-17 02:23:05.664272 	|	 VM_Task_31 	|	 0.0	|	156672.0	|	13380	|	76.73
2014-12-17 02:23:11.703600 	|	 VM_Task_31 	|	 0.0	|	156672.0	|	13380	|	0.00
2014-12-17 02:23:17.749721 	|	 VM_Task_31 	|	 0.0	|	143360.0	|	13380	|	0.00
2014-12-17 02:23:23.790654 	|	 VM_Task_31 	|	 0.0	|	156672.0	|	13380	|	0.00
2014-12-17 02:23:29.834548 	|	 VM_Task_31 	|	 0.0	|	143360.0	|	13380	|	0.00
2014-12-17 02:23:35.878152 	|	 VM_Task_31 	|	 0.0	|	156672.0	|	13380	|	88.87
2014-12-17 02:23:41.917004 	|	 VM_Task_31 	|	 0.0	|	156672.0	|	13380	|	0.00
2014-12-17 02:23:47.960717 	|	 VM_Task_31 	|	 0.0	|	142336.0	|	13380	|	0.00
2014-12-17 02:23:54.001003 	|	 VM_Task_31 	|	 0.0	|	156672.0	|	13380	|	0.00
2014-12-17 02:24:00.041561 	|	 VM_Task_31 	|	 0.0	|	143360.0	|	13380	|	0.00
2014-12-17 02:24:06.083719 	|	 VM_Task_31 	|	 0.0	|	156672.0	|	13380	|	80.83
2014-12-17 02:24:12.123999 	|	 VM_Task_31 	|	 0.0	|	156672.0	|	13380	|	0.00
2014-12-17 02:24:18.173502 	|	 VM_Task_31 	|	 0.0	|	143360.0	|	13380	|	0.00
2014-12-17 02:24:24.214713 	|	 VM_Task_31 	|	 0.0	|	156672.0	|	13380	|	0.00
2014-12-17 02:24:30.254204 	|	 VM_Task_31 	|	 0.0	|	142336.0	|	13380	|	0.00
2014-12-17 02:24:36.429129 	|	 VM_Task_31 	|	 0.0	|	156672.0	|	13380	|	70.92
2014-12-17 02:24:42.471104 	|	 VM_Task_31 	|	 0.0	|	156672.0	|	13380	|	0.00
2014-12-17 02:24:48.516389 	|	 VM_Task_31 	|	 0.0	|	143360.0	|	13380	|	0.00
2014-12-17 02:24:54.555906 	|	 VM_Task_31 	|	 0.0	|	156672.0	|	13380	|	0.00
2014-12-17 02:25:00.596149 	|	 VM_Task_31 	|	 0.0	|	142336.0	|	13380	|	0.00
2014-12-17 02:25:06.637332 	|	 VM_Task_31 	|	 0.0	|	155648.0	|	13380	|	87.55
2014-12-17 02:25:12.682880 	|	 VM_Task_31 	|	 0.0	|	156672.0	|	13380	|	0.00
2014-12-17 02:25:18.727724 	|	 VM_Task_31 	|	 0.0	|	143360.0	|	13380	|	0.00
2014-12-17 02:25:24.768602 	|	 VM_Task_31 	|	 0.0	|	156672.0	|	13380	|	0.00
2014-12-17 02:25:30.810736 	|	 VM_Task_31 	|	 0.0	|	143360.0	|	13380	|	0.00
2014-12-17 02:25:36.855603 	|	 VM_Task_31 	|	 0.0	|	156672.0	|	13380	|	85.31
2014-12-17 02:25:42.897302 	|	 VM_Task_31 	|	 0.0	|	156672.0	|	13380	|	0.00
2014-12-17 02:25:48.945722 	|	 VM_Task_31 	|	 0.0	|	143360.0	|	13380	|	0.00
2014-12-17 02:25:54.986755 	|	 VM_Task_31 	|	 0.0	|	156672.0	|	13380	|	0.00
2014-12-17 02:26:01.027047 	|	 VM_Task_31 	|	 0.0	|	142336.0	|	13380	|	0.00
2014-12-17 02:26:07.207171 	|	 VM_Task_31 	|	 0.0	|	156672.0	|	13380	|	73.88
2014-12-17 02:26:13.248125 	|	 VM_Task_31 	|	 0.0	|	156672.0	|	13380	|	0.00
2014-12-17 02:26:19.295942 	|	 VM_Task_31 	|	 0.0	|	143360.0	|	13380	|	0.00
2014-12-17 02:26:25.335674 	|	 VM_Task_31 	|	 0.0	|	156672.0	|	13380	|	0.00
2014-12-17 02:26:31.379901 	|	 VM_Task_31 	|	 0.0	|	143360.0	|	13380	|	0.00
2014-12-17 02:26:37.421842 	|	 VM_Task_31 	|	 0.0	|	156672.0	|	13380	|	88.18
2014-12-17 02:26:43.464433 	|	 VM_Task_31 	|	 0.0	|	156672.0	|	13380	|	0.00
2014-12-17 02:26:49.511588 	|	 VM_Task_31 	|	 0.0	|	143360.0	|	13380	|	0.00
2014-12-17 02:26:55.559038 	|	 VM_Task_31 	|	 0.0	|	156672.0	|	13380	|	0.00
2014-12-17 02:27:01.599558 	|	 VM_Task_31 	|	 0.0	|	143360.0	|	13380	|	0.00
2014-12-17 02:27:07.782157 	|	 VM_Task_31 	|	 0.0	|	155648.0	|	13380	|	78.00
2014-12-17 02:27:13.822968 	|	 VM_Task_31 	|	 0.0	|	156672.0	|	13380	|	0.00
2014-12-17 02:27:19.862340 	|	 VM_Task_31 	|	 0.0	|	143360.0	|	13380	|	0.00
2014-12-17 02:27:25.905916 	|	 VM_Task_31 	|	 0.0	|	156672.0	|	13380	|	0.00
2014-12-17 02:27:31.951117 	|	 VM_Task_31 	|	 0.0	|	143360.0	|	13380	|	0.00
2014-12-17 02:27:39.173265 	|	 VM_Task_31 	|	 0.0	|	143360.0	|	13380	|	0.00
2014-12-17 02:27:45.216291 	|	 VM_Task_31 	|	 0.0	|	156672.0	|	13380	|	0.00
2014-12-17 02:27:51.260378 	|	 VM_Task_31 	|	 0.0	|	143360.0	|	13380	|	0.00
2014-12-17 02:27:57.626117 	|	 VM_Task_31 	|	 0.0	|	156672.0	|	13380	|	9.80
2014-12-17 02:28:03.811291 	|	 VM_Task_31 	|	 0.0	|	157696.0	|	13380	|	6.06
2014-12-17 02:28:09.851364 	|	 VM_Task_31 	|	 0.0	|	143360.0	|	13380	|	0.00
2014-12-17 02:28:15.894590 	|	 VM_Task_31 	|	 0.0	|	156672.0	|	13380	|	0.00
2014-12-17 02:28:21.938032 	|	 VM_Task_31 	|	 0.0	|	143360.0	|	13380	|	0.00
2014-12-17 02:28:27.981181 	|	 VM_Task_31 	|	 0.0	|	156672.0	|	13380	|	54.75
2014-12-17 02:28:34.109859 	|	 VM_Task_31 	|	 0.0	|	157696.0	|	13380	|	2.70
2014-12-17 02:28:40.158294 	|	 VM_Task_31 	|	 0.0	|	143360.0	|	13380	|	0.00
2014-12-17 02:28:46.200175 	|	 VM_Task_31 	|	 0.0	|	156672.0	|	13380	|	0.00
2014-12-17 02:28:52.240679 	|	 VM_Task_31 	|	 0.0	|	143360.0	|	13380	|	0.00
2014-12-17 02:28:58.598041 	|	 VM_Task_31 	|	 0.0	|	156672.0	|	13380	|	56.36
2014-12-17 02:29:04.638571 	|	 VM_Task_31 	|	 0.0	|	155648.0	|	13380	|	0.00
2014-12-17 02:29:10.685854 	|	 VM_Task_31 	|	 0.0	|	142336.0	|	13380	|	0.00
2014-12-17 02:29:16.728656 	|	 VM_Task_31 	|	 0.0	|	155648.0	|	13380	|	0.00
2014-12-17 02:29:22.773767 	|	 VM_Task_31 	|	 0.0	|	142336.0	|	13380	|	0.00
2014-12-17 02:29:28.817544 	|	 VM_Task_31 	|	 0.0	|	156672.0	|	13380	|	87.92
2014-12-17 02:29:34.859050 	|	 VM_Task_31 	|	 0.0	|	156672.0	|	13380	|	0.00
2014-12-17 02:29:40.905642 	|	 VM_Task_31 	|	 0.0	|	143360.0	|	13380	|	0.00
2014-12-17 02:29:46.946896 	|	 VM_Task_31 	|	 0.0	|	156672.0	|	13380	|	0.00
2014-12-17 02:29:52.989291 	|	 VM_Task_31 	|	 0.0	|	143360.0	|	13380	|	0.00
2014-12-17 02:29:59.099181 	|	 VM_Task_31 	|	 0.0	|	156672.0	|	13380	|	81.56
2014-12-17 02:30:05.141042 	|	 VM_Task_31 	|	 0.0	|	156672.0	|	13380	|	0.00
2014-12-17 02:30:11.187989 	|	 VM_Task_31 	|	 0.0	|	143360.0	|	13380	|	0.00
2014-12-17 02:30:17.228006 	|	 VM_Task_31 	|	 0.0	|	156672.0	|	13380	|	0.00
2014-12-17 02:30:23.271921 	|	 VM_Task_31 	|	 0.0	|	143360.0	|	13380	|	0.00
2014-12-17 02:30:29.312111 	|	 VM_Task_31 	|	 0.0	|	156672.0	|	13380	|	86.74
2014-12-17 02:30:35.357712 	|	 VM_Task_31 	|	 0.0	|	156672.0	|	13380	|	0.00
2014-12-17 02:30:41.406047 	|	 VM_Task_31 	|	 0.0	|	143360.0	|	13380	|	0.00
2014-12-17 02:30:47.448698 	|	 VM_Task_31 	|	 0.0	|	156672.0	|	13380	|	0.00
2014-12-17 02:30:53.493187 	|	 VM_Task_31 	|	 0.0	|	143360.0	|	13380	|	0.00
2014-12-17 02:30:59.611418 	|	 VM_Task_31 	|	 0.0	|	156672.0	|	13380	|	79.69
2014-12-17 02:31:05.651533 	|	 VM_Task_31 	|	 0.0	|	156672.0	|	13380	|	0.00
2014-12-17 02:31:11.696900 	|	 VM_Task_31 	|	 0.0	|	142336.0	|	13380	|	0.00
2014-12-17 02:31:17.738838 	|	 VM_Task_31 	|	 0.0	|	156672.0	|	13380	|	0.00
2014-12-17 02:31:23.779782 	|	 VM_Task_31 	|	 0.0	|	143360.0	|	13380	|	0.00
2014-12-17 02:31:29.822182 	|	 VM_Task_31 	|	 0.0	|	156672.0	|	13380	|	89.59
2014-12-17 02:31:35.864891 	|	 VM_Task_31 	|	 0.0	|	156672.0	|	13380	|	0.00
2014-12-17 02:31:41.910640 	|	 VM_Task_31 	|	 0.0	|	142336.0	|	13380	|	0.00
2014-12-17 02:31:47.950513 	|	 VM_Task_31 	|	 0.0	|	156672.0	|	13380	|	0.00
2014-12-17 02:31:53.990655 	|	 VM_Task_31 	|	 0.0	|	143360.0	|	13380	|	0.00
2014-12-17 02:32:00.104869 	|	 VM_Task_31 	|	 0.0	|	156672.0	|	13380	|	81.03
2014-12-17 02:32:06.149063 	|	 VM_Task_31 	|	 0.0	|	156672.0	|	13380	|	0.00
2014-12-17 02:32:12.196354 	|	 VM_Task_31 	|	 0.0	|	143360.0	|	13380	|	0.00
2014-12-17 02:32:18.237521 	|	 VM_Task_31 	|	 0.0	|	156672.0	|	13380	|	0.00
2014-12-17 02:32:24.280151 	|	 VM_Task_31 	|	 0.0	|	143360.0	|	13380	|	0.00
2014-12-17 02:32:30.321441 	|	 VM_Task_31 	|	 0.0	|	156672.0	|	13380	|	84.55
2014-12-17 02:32:36.362661 	|	 VM_Task_31 	|	 0.0	|	156672.0	|	13380	|	0.00
2014-12-17 02:32:42.409560 	|	 VM_Task_31 	|	 0.0	|	143360.0	|	13380	|	0.00
2014-12-17 02:32:48.450875 	|	 VM_Task_31 	|	 0.0	|	156672.0	|	13380	|	0.00
2014-12-17 02:32:54.491056 	|	 VM_Task_31 	|	 0.0	|	143360.0	|	13380	|	0.00
2014-12-17 02:33:00.710156 	|	 VM_Task_31 	|	 0.0	|	156672.0	|	13380	|	77.53
2014-12-17 02:33:06.761373 	|	 VM_Task_31 	|	 0.0	|	156672.0	|	13380	|	0.00
2014-12-17 02:33:12.817592 	|	 VM_Task_31 	|	 0.0	|	143360.0	|	13380	|	0.00
2014-12-17 02:33:18.857423 	|	 VM_Task_31 	|	 0.0	|	156672.0	|	13380	|	0.00
2014-12-17 02:33:24.911217 	|	 VM_Task_31 	|	 0.0	|	143360.0	|	13380	|	0.00
2014-12-17 02:33:31.802252 	|	 VM_Task_31 	|	 0.0	|	156672.0	|	13380	|	28.80
2014-12-17 02:33:37.850413 	|	 VM_Task_31 	|	 0.0	|	156672.0	|	13380	|	0.00
2014-12-17 02:33:43.889527 	|	 VM_Task_31 	|	 0.0	|	143360.0	|	13380	|	0.00
2014-12-17 02:33:49.929695 	|	 VM_Task_31 	|	 0.0	|	156672.0	|	13380	|	0.00
2014-12-17 02:33:55.969811 	|	 VM_Task_31 	|	 0.0	|	143360.0	|	13380	|	55.00
2014-12-17 02:34:02.512211 	|	 VM_Task_31 	|	 0.0	|	143360.0	|	13380	|	0.00
2014-12-17 02:34:08.555431 	|	 VM_Task_31 	|	 0.0	|	156672.0	|	13380	|	0.00
2014-12-17 02:34:14.597022 	|	 VM_Task_31 	|	 0.0	|	143360.0	|	13380	|	0.00
2014-12-17 02:34:20.849078 	|	 VM_Task_31 	|	 0.0	|	156672.0	|	13380	|	19.00
2014-12-17 02:34:27.053301 	|	 VM_Task_31 	|	 0.0	|	157696.0	|	13380	|	3.54
2014-12-17 02:34:33.096212 	|	 VM_Task_31 	|	 0.0	|	143360.0	|	13380	|	0.00
2014-12-17 02:34:39.140848 	|	 VM_Task_31 	|	 0.0	|	156672.0	|	13380	|	0.00
2014-12-17 02:34:45.184310 	|	 VM_Task_31 	|	 0.0	|	143360.0	|	13380	|	0.00
2014-12-17 02:34:51.597628 	|	 VM_Task_31 	|	 0.0	|	156672.0	|	13380	|	48.79
2014-12-17 02:34:57.637524 	|	 VM_Task_31 	|	 0.0	|	156672.0	|	13380	|	0.00
2014-12-17 02:35:03.686344 	|	 VM_Task_31 	|	 0.0	|	143360.0	|	13380	|	0.00
2014-12-17 02:35:09.726782 	|	 VM_Task_31 	|	 0.0	|	156672.0	|	13380	|	0.00
2014-12-17 02:35:15.766292 	|	 VM_Task_31 	|	 0.0	|	143360.0	|	13380	|	0.00
2014-12-17 02:35:21.804865 	|	 VM_Task_31 	|	 0.0	|	156672.0	|	13380	|	86.16
2014-12-17 02:35:27.844166 	|	 VM_Task_31 	|	 0.0	|	156672.0	|	13380	|	0.00
2014-12-17 02:35:33.887359 	|	 VM_Task_31 	|	 0.0	|	143360.0	|	13380	|	0.00
2014-12-17 02:35:39.930317 	|	 VM_Task_31 	|	 0.0	|	156672.0	|	13380	|	0.00
2014-12-17 02:35:45.971823 	|	 VM_Task_31 	|	 0.0	|	143360.0	|	13380	|	0.00
2014-12-17 02:35:52.012351 	|	 VM_Task_31 	|	 0.0	|	156672.0	|	13380	|	74.90
2014-12-17 02:35:58.051211 	|	 VM_Task_31 	|	 0.0	|	156672.0	|	13380	|	0.00
2014-12-17 02:36:04.104943 	|	 VM_Task_31 	|	 0.0	|	143360.0	|	13380	|	0.00
2014-12-17 02:36:10.147613 	|	 VM_Task_31 	|	 0.0	|	156672.0	|	13380	|	0.00
2014-12-17 02:36:16.187887 	|	 VM_Task_31 	|	 0.0	|	143360.0	|	13380	|	0.00
2014-12-17 02:36:22.360181 	|	 VM_Task_31 	|	 0.0	|	156672.0	|	13380	|	78.23
2014-12-17 02:36:28.403784 	|	 VM_Task_31 	|	 0.0	|	156672.0	|	13380	|	0.00
2014-12-17 02:36:34.450000 	|	 VM_Task_31 	|	 0.0	|	143360.0	|	13380	|	0.00
2014-12-17 02:36:40.490246 	|	 VM_Task_31 	|	 0.0	|	156672.0	|	13380	|	0.00
2014-12-17 02:36:46.532094 	|	 VM_Task_31 	|	 0.0	|	143360.0	|	13380	|	0.00
2014-12-17 02:36:52.738243 	|	 VM_Task_31 	|	 0.0	|	156672.0	|	13380	|	81.47
2014-12-17 02:36:58.778816 	|	 VM_Task_31 	|	 0.0	|	156672.0	|	13380	|	0.00
2014-12-17 02:37:04.831439 	|	 VM_Task_31 	|	 0.0	|	143360.0	|	13380	|	0.10
2014-12-17 02:37:10.874606 	|	 VM_Task_31 	|	 0.0	|	156672.0	|	13380	|	0.00
2014-12-17 02:37:16.914318 	|	 VM_Task_31 	|	 0.0	|	143360.0	|	13380	|	0.00
2014-12-17 02:37:22.956815 	|	 VM_Task_31 	|	 0.0	|	156672.0	|	13380	|	92.55
2014-12-17 02:37:28.998734 	|	 VM_Task_31 	|	 0.0	|	156672.0	|	13380	|	0.00
2014-12-17 02:37:35.042802 	|	 VM_Task_31 	|	 0.0	|	142336.0	|	13380	|	0.00
2014-12-17 02:37:41.086811 	|	 VM_Task_31 	|	 0.0	|	156672.0	|	13380	|	0.00
2014-12-17 02:37:47.129205 	|	 VM_Task_31 	|	 0.0	|	143360.0	|	13380	|	0.00
2014-12-17 02:37:53.174383 	|	 VM_Task_31 	|	 0.0	|	156672.0	|	13380	|	90.84
2014-12-17 02:37:59.212147 	|	 VM_Task_31 	|	 0.0	|	156672.0	|	13380	|	0.00
2014-12-17 02:38:05.262221 	|	 VM_Task_31 	|	 0.0	|	143360.0	|	13380	|	0.10
2014-12-17 02:38:11.300458 	|	 VM_Task_31 	|	 0.0	|	156672.0	|	13380	|	0.00
2014-12-17 02:38:17.341186 	|	 VM_Task_31 	|	 0.0	|	142336.0	|	13380	|	0.00
2014-12-17 02:38:23.456210 	|	 VM_Task_31 	|	 0.0	|	156672.0	|	13380	|	79.70
2014-12-17 02:38:29.496773 	|	 VM_Task_31 	|	 0.0	|	156672.0	|	13380	|	0.00
2014-12-17 02:38:35.549929 	|	 VM_Task_31 	|	 0.0	|	143360.0	|	13380	|	0.10
2014-12-17 02:38:41.590364 	|	 VM_Task_31 	|	 0.0	|	156672.0	|	13380	|	0.00
2014-12-17 02:38:47.631256 	|	 VM_Task_31 	|	 0.0	|	143360.0	|	13380	|	0.00
2014-12-17 02:38:53.671952 	|	 VM_Task_31 	|	 0.0	|	156672.0	|	13380	|	82.83
2014-12-17 02:38:59.710675 	|	 VM_Task_31 	|	 0.0	|	156672.0	|	13380	|	0.00
2014-12-17 02:39:05.758251 	|	 VM_Task_31 	|	 0.0	|	143360.0	|	13380	|	0.10
2014-12-17 02:39:11.798786 	|	 VM_Task_31 	|	 0.0	|	156672.0	|	13380	|	0.00
2014-12-17 02:39:17.838003 	|	 VM_Task_31 	|	 0.0	|	143360.0	|	13380	|	0.00
2014-12-17 02:39:24.191648 	|	 VM_Task_31 	|	 0.0	|	156672.0	|	13380	|	60.40
2014-12-17 02:39:30.229282 	|	 VM_Task_31 	|	 0.0	|	156672.0	|	13380	|	0.00
2014-12-17 02:39:36.278711 	|	 VM_Task_31 	|	 0.0	|	143360.0	|	13380	|	0.00
2014-12-17 02:39:42.325610 	|	 VM_Task_31 	|	 0.0	|	156672.0	|	13380	|	0.00
2014-12-17 02:39:48.369965 	|	 VM_Task_31 	|	 0.0	|	143360.0	|	13380	|	0.00
2014-12-17 02:39:54.862718 	|	 VM_Task_31 	|	 0.0	|	143360.0	|	13380	|	63.81
2014-12-17 02:40:00.904472 	|	 VM_Task_31 	|	 0.0	|	156672.0	|	13380	|	0.00
2014-12-17 02:40:06.945448 	|	 VM_Task_31 	|	 0.0	|	143360.0	|	13380	|	0.00
2014-12-17 02:40:12.984391 	|	 VM_Task_31 	|	 0.0	|	156672.0	|	13380	|	0.00
2014-12-17 02:40:19.024098 	|	 VM_Task_31 	|	 0.0	|	143360.0	|	13380	|	34.79
2014-12-17 02:40:25.230010 	|	 VM_Task_31 	|	 0.0	|	143360.0	|	13380	|	48.28
2014-12-17 02:40:31.270004 	|	 VM_Task_31 	|	 0.0	|	156672.0	|	13380	|	0.00
2014-12-17 02:40:37.312844 	|	 VM_Task_31 	|	 0.0	|	143360.0	|	13380	|	0.00
2014-12-17 02:40:43.356302 	|	 VM_Task_31 	|	 0.0	|	156672.0	|	13380	|	0.00
2014-12-17 02:40:49.397189 	|	 VM_Task_31 	|	 0.0	|	143360.0	|	13380	|	43.79
2014-12-17 02:40:56.178078 	|	 VM_Task_31 	|	 0.0	|	143360.0	|	13380	|	0.00
2014-12-17 02:41:02.223686 	|	 VM_Task_31 	|	 0.0	|	156672.0	|	13380	|	0.00
2014-12-17 02:41:08.266831 	|	 VM_Task_31 	|	 0.0	|	143360.0	|	13380	|	0.00
2014-12-17 02:41:14.563391 	|	 VM_Task_31 	|	 0.0	|	156672.0	|	13380	|	18.20
2014-12-17 02:41:20.853845 	|	 VM_Task_31 	|	 0.0	|	156672.0	|	13380	|	0.00
2014-12-17 02:41:26.897104 	|	 VM_Task_31 	|	 0.0	|	143360.0	|	13380	|	0.00
2014-12-17 02:41:32.944500 	|	 VM_Task_31 	|	 0.0	|	156672.0	|	13380	|	0.00
2014-12-17 02:41:38.986145 	|	 VM_Task_31 	|	 0.0	|	143360.0	|	13380	|	0.00
2014-12-17 02:41:45.322045 	|	 VM_Task_31 	|	 0.0	|	156672.0	|	13380	|	56.46
2014-12-17 02:41:51.361853 	|	 VM_Task_31 	|	 0.0	|	156672.0	|	13380	|	0.00
2014-12-17 02:41:57.419097 	|	 VM_Task_31 	|	 0.0	|	143360.0	|	13380	|	0.00
2014-12-17 02:42:03.463973 	|	 VM_Task_31 	|	 0.0	|	156672.0	|	13380	|	0.00
2014-12-17 02:42:09.509199 	|	 VM_Task_31 	|	 0.0	|	143360.0	|	13380	|	0.00
2014-12-17 02:42:15.550375 	|	 VM_Task_31 	|	 0.0	|	156672.0	|	13380	|	88.14
2014-12-17 02:42:21.592188 	|	 VM_Task_31 	|	 0.0	|	156672.0	|	13380	|	0.00
2014-12-17 02:42:27.651326 	|	 VM_Task_31 	|	 0.0	|	143360.0	|	13380	|	0.00
2014-12-17 02:42:33.690275 	|	 VM_Task_31 	|	 0.0	|	156672.0	|	13380	|	0.00
2014-12-17 02:42:39.730515 	|	 VM_Task_31 	|	 0.0	|	143360.0	|	13380	|	0.00
2014-12-17 02:42:45.804069 	|	 VM_Task_31 	|	 0.0	|	156672.0	|	13380	|	82.89
2014-12-17 02:42:51.865603 	|	 VM_Task_31 	|	 0.0	|	156672.0	|	13380	|	0.00
2014-12-17 02:42:57.914120 	|	 VM_Task_31 	|	 0.0	|	142336.0	|	13380	|	0.00
2014-12-17 02:43:03.956555 	|	 VM_Task_31 	|	 0.0	|	156672.0	|	13380	|	0.00
2014-12-17 02:43:09.999512 	|	 VM_Task_31 	|	 0.0	|	143360.0	|	13380	|	0.00
2014-12-17 02:43:16.126029 	|	 VM_Task_31 	|	 0.0	|	156672.0	|	13380	|	81.77
2014-12-17 02:43:22.168022 	|	 VM_Task_31 	|	 0.0	|	156672.0	|	13380	|	0.00
2014-12-17 02:43:28.215871 	|	 VM_Task_31 	|	 0.0	|	143360.0	|	13380	|	0.00
2014-12-17 02:43:34.260037 	|	 VM_Task_31 	|	 0.0	|	156672.0	|	13380	|	0.00
2014-12-17 02:43:40.302055 	|	 VM_Task_31 	|	 0.0	|	143360.0	|	13380	|	0.00
2014-12-17 02:43:46.345756 	|	 VM_Task_31 	|	 0.0	|	156672.0	|	13380	|	92.95
2014-12-17 02:43:52.388547 	|	 VM_Task_31 	|	 0.0	|	156672.0	|	13380	|	0.00
2014-12-17 02:43:58.440919 	|	 VM_Task_31 	|	 0.0	|	143360.0	|	13380	|	0.00
2014-12-17 02:44:04.482245 	|	 VM_Task_31 	|	 0.0	|	156672.0	|	13380	|	0.00
2014-12-17 02:44:10.521469 	|	 VM_Task_31 	|	 0.0	|	143360.0	|	13380	|	0.00
2014-12-17 02:44:16.728722 	|	 VM_Task_31 	|	 0.0	|	156672.0	|	13380	|	78.57
2014-12-17 02:44:22.769812 	|	 VM_Task_31 	|	 0.0	|	156672.0	|	13380	|	0.00
2014-12-17 02:44:28.827605 	|	 VM_Task_31 	|	 0.0	|	143360.0	|	13380	|	0.00
2014-12-17 02:44:34.871157 	|	 VM_Task_31 	|	 0.0	|	156672.0	|	13380	|	0.00
2014-12-17 02:44:40.939549 	|	 VM_Task_31 	|	 0.0	|	143360.0	|	13380	|	0.00
2014-12-17 02:44:47.669763 	|	 VM_Task_31 	|	 0.0	|	143360.0	|	13380	|	38.89
2014-12-17 02:44:53.718130 	|	 VM_Task_31 	|	 0.0	|	156672.0	|	13380	|	0.00
2014-12-17 02:44:59.757392 	|	 VM_Task_31 	|	 0.0	|	143360.0	|	13380	|	0.00
2014-12-17 02:45:05.799742 	|	 VM_Task_31 	|	 0.0	|	156672.0	|	13380	|	0.00
2014-12-17 02:45:11.837641 	|	 VM_Task_31 	|	 0.0	|	142336.0	|	13380	|	55.83
2014-12-17 02:45:18.395493 	|	 VM_Task_31 	|	 0.0	|	143360.0	|	13380	|	0.00
2014-12-17 02:45:24.440462 	|	 VM_Task_31 	|	 0.0	|	156672.0	|	13380	|	0.00
2014-12-17 02:45:30.490405 	|	 VM_Task_31 	|	 0.0	|	143360.0	|	13380	|	0.00
2014-12-17 02:45:36.933381 	|	 VM_Task_31 	|	 0.0	|	156672.0	|	13380	|	11.30
2014-12-17 02:45:43.099136 	|	 VM_Task_31 	|	 0.0	|	157696.0	|	13380	|	4.20
2014-12-17 02:45:49.143564 	|	 VM_Task_31 	|	 0.0	|	143360.0	|	13380	|	0.00
2014-12-17 02:45:55.188280 	|	 VM_Task_31 	|	 0.0	|	156672.0	|	13380	|	0.00
2014-12-17 02:46:01.233482 	|	 VM_Task_31 	|	 0.0	|	143360.0	|	13380	|	0.00
2014-12-17 02:46:07.610970 	|	 VM_Task_31 	|	 0.0	|	156672.0	|	13380	|	52.93
2014-12-17 02:46:13.652960 	|	 VM_Task_31 	|	 0.0	|	156672.0	|	13380	|	0.00
2014-12-17 02:46:19.704237 	|	 VM_Task_31 	|	 0.0	|	143360.0	|	13380	|	0.00
2014-12-17 02:46:25.748043 	|	 VM_Task_31 	|	 0.0	|	156672.0	|	13380	|	0.00
2014-12-17 02:46:31.789098 	|	 VM_Task_31 	|	 0.0	|	143360.0	|	13380	|	0.00
2014-12-17 02:46:37.828994 	|	 VM_Task_31 	|	 0.0	|	156672.0	|	13380	|	86.08
2014-12-17 02:46:43.871391 	|	 VM_Task_31 	|	 0.0	|	156672.0	|	13380	|	0.00
2014-12-17 02:46:49.921838 	|	 VM_Task_31 	|	 0.0	|	143360.0	|	13380	|	0.00
2014-12-17 02:46:55.966554 	|	 VM_Task_31 	|	 0.0	|	156672.0	|	13380	|	0.00
2014-12-17 02:47:02.009666 	|	 VM_Task_31 	|	 0.0	|	143360.0	|	13380	|	0.00
2014-12-17 02:47:08.051775 	|	 VM_Task_31 	|	 0.0	|	156672.0	|	13380	|	79.90
2014-12-17 02:47:14.092742 	|	 VM_Task_31 	|	 0.0	|	156672.0	|	13380	|	0.00
2014-12-17 02:47:20.148571 	|	 VM_Task_31 	|	 0.0	|	143360.0	|	13380	|	0.00
2014-12-17 02:47:26.187602 	|	 VM_Task_31 	|	 0.0	|	156672.0	|	13380	|	0.00
2014-12-17 02:47:32.230738 	|	 VM_Task_31 	|	 0.0	|	142336.0	|	13380	|	0.00
2014-12-17 02:47:38.540186 	|	 VM_Task_31 	|	 0.0	|	156672.0	|	13380	|	70.82
2014-12-17 02:47:44.583608 	|	 VM_Task_31 	|	 0.0	|	156672.0	|	13380	|	0.00
2014-12-17 02:47:50.628562 	|	 VM_Task_31 	|	 0.0	|	143360.0	|	13380	|	0.00
2014-12-17 02:47:56.668957 	|	 VM_Task_31 	|	 0.0	|	156672.0	|	13380	|	0.00
2014-12-17 02:48:02.721220 	|	 VM_Task_31 	|	 0.0	|	143360.0	|	13380	|	0.00
2014-12-17 02:48:08.939401 	|	 VM_Task_31 	|	 0.0	|	142336.0	|	13380	|	88.65
2014-12-17 02:48:14.981366 	|	 VM_Task_31 	|	 0.0	|	156672.0	|	13380	|	0.00
2014-12-17 02:48:21.034108 	|	 VM_Task_31 	|	 0.0	|	142336.0	|	13380	|	0.00
2014-12-17 02:48:27.077229 	|	 VM_Task_31 	|	 0.0	|	156672.0	|	13380	|	0.00
2014-12-17 02:48:33.127797 	|	 VM_Task_31 	|	 0.0	|	143360.0	|	13380	|	1.82
2014-12-17 02:48:39.837517 	|	 VM_Task_31 	|	 0.0	|	143360.0	|	13380	|	40.72
2014-12-17 02:48:45.886288 	|	 VM_Task_31 	|	 0.0	|	156672.0	|	13380	|	0.00
2014-12-17 02:48:51.929324 	|	 VM_Task_31 	|	 0.0	|	143360.0	|	13380	|	0.00
2014-12-17 02:48:57.970951 	|	 VM_Task_31 	|	 0.0	|	156672.0	|	13380	|	0.00
2014-12-17 02:49:04.015304 	|	 VM_Task_31 	|	 0.0	|	143360.0	|	13380	|	61.61
2014-12-17 02:49:10.449811 	|	 VM_Task_31 	|	 0.0	|	143360.0	|	13380	|	0.00
2014-12-17 02:49:16.492836 	|	 VM_Task_31 	|	 0.0	|	156672.0	|	13380	|	0.00
2014-12-17 02:49:22.533792 	|	 VM_Task_31 	|	 0.0	|	143360.0	|	13380	|	0.00
2014-12-17 02:49:28.647541 	|	 VM_Task_31 	|	 0.0	|	156672.0	|	13380	|	6.16
2014-12-17 02:49:34.758489 	|	 VM_Task_31 	|	 0.0	|	150528.0	|	13380	|	55.00
2014-12-17 02:49:40.799324 	|	 VM_Task_31 	|	 0.0	|	143360.0	|	13380	|	0.00
2014-12-17 02:49:46.843450 	|	 VM_Task_31 	|	 0.0	|	156672.0	|	13380	|	0.00
2014-12-17 02:49:52.889860 	|	 VM_Task_31 	|	 0.0	|	142336.0	|	13380	|	0.00
2014-12-17 02:49:59.203065 	|	 VM_Task_31 	|	 0.0	|	156672.0	|	13380	|	15.20
2014-12-17 02:50:05.491736 	|	 VM_Task_31 	|	 0.0	|	157696.0	|	13380	|	2.60
2014-12-17 02:50:11.532972 	|	 VM_Task_31 	|	 0.0	|	143360.0	|	13380	|	0.00
2014-12-17 02:50:17.577250 	|	 VM_Task_31 	|	 0.0	|	156672.0	|	13380	|	0.00
2014-12-17 02:50:23.616709 	|	 VM_Task_31 	|	 0.0	|	143360.0	|	13380	|	0.00
2014-12-17 02:50:29.953832 	|	 VM_Task_31 	|	 0.0	|	156672.0	|	13380	|	57.14
2014-12-17 02:50:35.997295 	|	 VM_Task_31 	|	 0.0	|	156672.0	|	13380	|	0.00
2014-12-17 02:50:42.049570 	|	 VM_Task_31 	|	 0.0	|	143360.0	|	13380	|	0.00
2014-12-17 02:50:48.091266 	|	 VM_Task_31 	|	 0.0	|	156672.0	|	13380	|	0.00
2014-12-17 02:50:54.131854 	|	 VM_Task_31 	|	 0.0	|	143360.0	|	13380	|	0.00
2014-12-17 02:51:00.179605 	|	 VM_Task_31 	|	 0.0	|	156672.0	|	13380	|	88.67
2014-12-17 02:51:06.230942 	|	 VM_Task_31 	|	 0.0	|	156672.0	|	13380	|	0.00
2014-12-17 02:51:12.279831 	|	 VM_Task_31 	|	 0.0	|	143360.0	|	13380	|	0.00
2014-12-17 02:51:18.324507 	|	 VM_Task_31 	|	 0.0	|	156672.0	|	13380	|	0.00
2014-12-17 02:51:54.363062 	|	 VM_Task_31 	|	 0.0	|	143360.0	|	13380	|	100.00
2014-12-17 02:52:00.429319 	|	 VM_Task_31 	|	 0.0	|	143360.0	|	13380	|	73.33
2014-12-17 02:52:07.018406 	|	 VM_Task_31 	|	 0.0	|	143360.0	|	13380	|	0.00
2014-12-17 02:52:13.066483 	|	 VM_Task_31 	|	 0.0	|	156672.0	|	13380	|	0.00
2014-12-17 02:52:19.113848 	|	 VM_Task_31 	|	 0.0	|	143360.0	|	13380	|	0.00
2014-12-17 02:52:25.475861 	|	 VM_Task_31 	|	 0.0	|	156672.0	|	13380	|	19.10
2014-12-17 02:52:31.600924 	|	 VM_Task_31 	|	 0.0	|	157696.0	|	13380	|	2.73
2014-12-17 02:52:37.640819 	|	 VM_Task_31 	|	 0.0	|	143360.0	|	13380	|	0.10
2014-12-17 02:52:43.682322 	|	 VM_Task_31 	|	 0.0	|	156672.0	|	13380	|	0.00
2014-12-17 02:52:49.736097 	|	 VM_Task_31 	|	 0.0	|	142336.0	|	13380	|	0.00
2014-12-17 02:52:56.129346 	|	 VM_Task_31 	|	 0.0	|	156672.0	|	13380	|	50.50
2014-12-17 02:53:02.167517 	|	 VM_Task_31 	|	 0.0	|	156672.0	|	13380	|	0.00
2014-12-17 02:53:08.210991 	|	 VM_Task_31 	|	 0.0	|	142336.0	|	13380	|	0.00
2014-12-17 02:53:14.254329 	|	 VM_Task_31 	|	 0.0	|	156672.0	|	13380	|	0.00
2014-12-17 02:53:20.298152 	|	 VM_Task_31 	|	 0.0	|	143360.0	|	13380	|	0.00
2014-12-17 02:53:26.339208 	|	 VM_Task_31 	|	 0.0	|	156672.0	|	13380	|	84.48
2014-12-17 02:53:32.384898 	|	 VM_Task_31 	|	 0.0	|	156672.0	|	13380	|	0.00
2014-12-17 02:53:38.427017 	|	 VM_Task_31 	|	 0.0	|	143360.0	|	13380	|	0.00
2014-12-17 02:53:44.474652 	|	 VM_Task_31 	|	 0.0	|	156672.0	|	13380	|	0.00
2014-12-17 02:53:50.515883 	|	 VM_Task_31 	|	 0.0	|	143360.0	|	13380	|	0.00
2014-12-17 02:53:56.677096 	|	 VM_Task_31 	|	 0.0	|	156672.0	|	13380	|	75.61
2014-12-17 02:54:02.721941 	|	 VM_Task_31 	|	 0.0	|	156672.0	|	13380	|	0.00
2014-12-17 02:54:08.763176 	|	 VM_Task_31 	|	 0.0	|	143360.0	|	13380	|	0.00
2014-12-17 02:54:14.807599 	|	 VM_Task_31 	|	 0.0	|	156672.0	|	13380	|	0.00
2014-12-17 02:54:20.856894 	|	 VM_Task_31 	|	 0.0	|	143360.0	|	13380	|	0.00
2014-12-17 02:54:26.904201 	|	 VM_Task_31 	|	 0.0	|	156672.0	|	13380	|	86.70
2014-12-17 02:54:32.943650 	|	 VM_Task_31 	|	 0.0	|	156672.0	|	13380	|	0.00
2014-12-17 02:54:38.987372 	|	 VM_Task_31 	|	 0.0	|	143360.0	|	13380	|	0.00
2014-12-17 02:54:45.031523 	|	 VM_Task_31 	|	 0.0	|	156672.0	|	13380	|	0.00
2014-12-17 02:54:51.072024 	|	 VM_Task_31 	|	 0.0	|	143360.0	|	13380	|	0.00
2014-12-17 02:54:57.183004 	|	 VM_Task_31 	|	 0.0	|	156672.0	|	13380	|	80.83
2014-12-17 02:55:03.226247 	|	 VM_Task_31 	|	 0.0	|	156672.0	|	13380	|	0.00
2014-12-17 02:55:09.276194 	|	 VM_Task_31 	|	 0.0	|	143360.0	|	13380	|	0.00
2014-12-17 02:55:15.317730 	|	 VM_Task_31 	|	 0.0	|	156672.0	|	13380	|	0.00
2014-12-17 02:55:21.361576 	|	 VM_Task_31 	|	 0.0	|	143360.0	|	13380	|	0.00
2014-12-17 02:55:27.404906 	|	 VM_Task_31 	|	 0.0	|	156672.0	|	13380	|	93.15
2014-12-17 02:55:33.455025 	|	 VM_Task_31 	|	 0.0	|	155648.0	|	13380	|	0.00
2014-12-17 02:55:39.499549 	|	 VM_Task_31 	|	 0.0	|	142336.0	|	13380	|	0.00
2014-12-17 02:55:45.542617 	|	 VM_Task_31 	|	 0.0	|	155648.0	|	13380	|	0.00
2014-12-17 02:55:51.582697 	|	 VM_Task_31 	|	 0.0	|	141312.0	|	13380	|	0.00
2014-12-17 02:55:57.621797 	|	 VM_Task_31 	|	 0.0	|	154624.0	|	13380	|	84.95
2014-12-17 02:56:03.666281 	|	 VM_Task_31 	|	 0.0	|	155648.0	|	13380	|	0.00
2014-12-17 02:56:09.710407 	|	 VM_Task_31 	|	 0.0	|	142336.0	|	13380	|	0.00
2014-12-17 02:56:15.754308 	|	 VM_Task_31 	|	 0.0	|	155648.0	|	13380	|	0.00
2014-12-17 02:56:21.794676 	|	 VM_Task_31 	|	 0.0	|	142336.0	|	13380	|	0.00
2014-12-17 02:56:28.066052 	|	 VM_Task_31 	|	 0.0	|	155648.0	|	13380	|	71.00
2014-12-17 02:56:34.110373 	|	 VM_Task_31 	|	 0.0	|	156672.0	|	13380	|	0.00
2014-12-17 02:56:40.155869 	|	 VM_Task_31 	|	 0.0	|	143360.0	|	13380	|	0.00
2014-12-17 02:56:46.202138 	|	 VM_Task_31 	|	 0.0	|	156672.0	|	13380	|	0.00
2014-12-17 02:56:52.254315 	|	 VM_Task_31 	|	 0.0	|	143360.0	|	13380	|	0.00
2014-12-17 02:56:59.334047 	|	 VM_Task_31 	|	 0.0	|	143360.0	|	13380	|	4.80
2014-12-17 02:57:05.378496 	|	 VM_Task_31 	|	 0.0	|	156672.0	|	13380	|	0.00
2014-12-17 02:57:11.424166 	|	 VM_Task_31 	|	 0.0	|	143360.0	|	13380	|	0.00
2014-12-17 02:57:17.477943 	|	 VM_Task_31 	|	 0.0	|	156672.0	|	13380	|	0.00
2014-12-17 02:57:23.619251 	|	 VM_Task_31 	|	 0.0	|	145408.0	|	13380	|	50.21
2014-12-17 02:57:29.793326 	|	 VM_Task_31 	|	 0.0	|	143360.0	|	13380	|	0.00
2014-12-17 02:57:35.835569 	|	 VM_Task_31 	|	 0.0	|	156672.0	|	13380	|	0.00
2014-12-17 02:57:41.875630 	|	 VM_Task_31 	|	 0.0	|	143360.0	|	13380	|	0.00
2014-12-17 02:57:48.261923 	|	 VM_Task_31 	|	 0.0	|	156672.0	|	13380	|	16.22
2014-12-17 02:57:54.407431 	|	 VM_Task_31 	|	 0.0	|	157696.0	|	13380	|	2.28
2014-12-17 02:58:00.451247 	|	 VM_Task_31 	|	 0.0	|	143360.0	|	13380	|	0.00
2014-12-17 02:58:24.475661 	|	 VM_Task_31 	|	 0.0	|	156672.0	|	13380	|	101.01
2014-12-17 02:58:30.525298 	|	 VM_Task_31 	|	 0.0	|	143360.0	|	13380	|	32.02
2014-12-17 02:58:37.311654 	|	 VM_Task_31 	|	 0.0	|	143360.0	|	13380	|	7.60
2014-12-17 02:58:43.354952 	|	 VM_Task_31 	|	 0.0	|	156672.0	|	13380	|	0.00
2014-12-17 02:58:49.400334 	|	 VM_Task_31 	|	 0.0	|	142336.0	|	13380	|	0.00
2014-12-17 02:58:55.797745 	|	 VM_Task_31 	|	 0.0	|	155648.0	|	13380	|	8.00
2014-12-17 02:59:01.910644 	|	 VM_Task_31 	|	 0.0	|	155648.0	|	13380	|	31.28
2014-12-17 02:59:07.952492 	|	 VM_Task_31 	|	 0.0	|	142336.0	|	13380	|	0.00
2014-12-17 02:59:13.994306 	|	 VM_Task_31 	|	 0.0	|	155648.0	|	13380	|	0.00
2014-12-17 02:59:20.036195 	|	 VM_Task_31 	|	 0.0	|	142336.0	|	13380	|	0.00
2014-12-17 02:59:26.462306 	|	 VM_Task_31 	|	 0.0	|	156672.0	|	13380	|	39.60
2014-12-17 02:59:32.512602 	|	 VM_Task_31 	|	 0.0	|	156672.0	|	13380	|	0.00
2014-12-17 02:59:38.559709 	|	 VM_Task_31 	|	 0.0	|	143360.0	|	13380	|	0.00
2014-12-17 02:59:44.601221 	|	 VM_Task_31 	|	 0.0	|	156672.0	|	13380	|	0.00
2014-12-17 02:59:50.660497 	|	 VM_Task_31 	|	 0.0	|	142336.0	|	13380	|	0.00
2014-12-17 02:59:56.700810 	|	 VM_Task_31 	|	 0.0	|	156672.0	|	13380	|	75.73
2014-12-17 03:00:02.741908 	|	 VM_Task_31 	|	 0.0	|	156672.0	|	13380	|	72.32
2014-12-17 03:00:08.788063 	|	 VM_Task_31 	|	 0.0	|	142336.0	|	13380	|	14.20
2014-12-17 03:00:14.829939 	|	 VM_Task_31 	|	 0.0	|	156672.0	|	13380	|	0.00
2014-12-17 03:00:20.878958 	|	 VM_Task_31 	|	 0.0	|	142336.0	|	13380	|	0.00
2014-12-17 03:00:27.021968 	|	 VM_Task_31 	|	 0.0	|	155648.0	|	13380	|	65.35
2014-12-17 03:00:33.061415 	|	 VM_Task_31 	|	 0.0	|	156672.0	|	13380	|	0.00
2014-12-17 03:00:39.102795 	|	 VM_Task_31 	|	 0.0	|	143360.0	|	13380	|	11.90
2014-12-17 03:00:45.144290 	|	 VM_Task_31 	|	 0.0	|	155648.0	|	13380	|	0.00
2014-12-17 03:00:51.188898 	|	 VM_Task_31 	|	 0.0	|	142336.0	|	13380	|	0.00
2014-12-17 03:00:57.498326 	|	 VM_Task_31 	|	 0.0	|	156672.0	|	13380	|	70.31
2014-12-17 03:01:03.545075 	|	 VM_Task_31 	|	 0.0	|	157696.0	|	13380	|	4.29
2014-12-17 03:01:09.593526 	|	 VM_Task_31 	|	 0.0	|	143360.0	|	13380	|	0.00
2014-12-17 03:01:15.634250 	|	 VM_Task_31 	|	 0.0	|	156672.0	|	13380	|	0.00
2014-12-17 03:01:21.683244 	|	 VM_Task_31 	|	 0.0	|	143360.0	|	13380	|	0.00
2014-12-17 03:01:28.859211 	|	 VM_Task_31 	|	 0.0	|	143360.0	|	13380	|	3.84
2014-12-17 03:01:34.897774 	|	 VM_Task_31 	|	 0.0	|	156672.0	|	13380	|	0.00
2014-12-17 03:01:40.936457 	|	 VM_Task_31 	|	 0.0	|	143360.0	|	13380	|	0.00
2014-12-17 03:01:47.010630 	|	 VM_Task_31 	|	 0.0	|	156672.0	|	13380	|	0.99
2014-12-17 03:01:53.126281 	|	 VM_Task_31 	|	 0.0	|	145408.0	|	13380	|	59.79
2014-12-17 03:01:59.166936 	|	 VM_Task_31 	|	 0.0	|	143360.0	|	13380	|	0.00
2014-12-17 03:02:05.209893 	|	 VM_Task_31 	|	 0.0	|	156672.0	|	13380	|	0.00
2014-12-17 03:02:11.253633 	|	 VM_Task_31 	|	 0.0	|	143360.0	|	13380	|	0.00
2014-12-17 03:02:17.683322 	|	 VM_Task_31 	|	 0.0	|	156672.0	|	13380	|	3.53
2014-12-17 03:02:24.030425 	|	 VM_Task_31 	|	 0.0	|	157696.0	|	13380	|	0.81
2014-12-17 03:02:30.069574 	|	 VM_Task_31 	|	 0.0	|	143360.0	|	13380	|	0.00
2014-12-17 03:02:36.109620 	|	 VM_Task_31 	|	 0.0	|	156672.0	|	13380	|	0.00
2014-12-17 03:02:42.155920 	|	 VM_Task_31 	|	 0.0	|	143360.0	|	13380	|	0.00
2014-12-17 03:02:48.419573 	|	 VM_Task_31 	|	 0.0	|	156672.0	|	13380	|	68.33
2014-12-17 03:02:54.458789 	|	 VM_Task_31 	|	 0.0	|	156672.0	|	13380	|	0.00
2014-12-17 03:03:00.499879 	|	 VM_Task_31 	|	 0.0	|	143360.0	|	13380	|	0.00
2014-12-17 03:03:06.541817 	|	 VM_Task_31 	|	 0.0	|	156672.0	|	13380	|	0.00
2014-12-17 03:03:12.588296 	|	 VM_Task_31 	|	 0.0	|	143360.0	|	13380	|	0.00
2014-12-17 03:03:18.633920 	|	 VM_Task_31 	|	 0.0	|	156672.0	|	13380	|	85.77
2014-12-17 03:03:24.772909 	|	 VM_Task_31 	|	 0.0	|	156672.0	|	13380	|	0.00
2014-12-17 03:03:30.815038 	|	 VM_Task_31 	|	 0.0	|	143360.0	|	13380	|	0.00
2014-12-17 03:03:36.857137 	|	 VM_Task_31 	|	 0.0	|	156672.0	|	13380	|	0.00
2014-12-17 03:03:42.902736 	|	 VM_Task_31 	|	 0.0	|	143360.0	|	13380	|	0.00
2014-12-17 03:03:48.943087 	|	 VM_Task_31 	|	 0.0	|	156672.0	|	13380	|	86.73
2014-12-17 03:03:54.983501 	|	 VM_Task_31 	|	 0.0	|	156672.0	|	13380	|	0.00
2014-12-17 03:04:01.023930 	|	 VM_Task_31 	|	 0.0	|	143360.0	|	13380	|	0.00
2014-12-17 03:04:07.068630 	|	 VM_Task_31 	|	 0.0	|	156672.0	|	13380	|	0.00
2014-12-17 03:04:13.114571 	|	 VM_Task_31 	|	 0.0	|	143360.0	|	13380	|	0.00
2014-12-17 03:04:19.155159 	|	 VM_Task_31 	|	 0.0	|	156672.0	|	13380	|	87.76
2014-12-17 03:04:25.196107 	|	 VM_Task_31 	|	 0.0	|	156672.0	|	13380	|	0.00
2014-12-17 03:04:31.233301 	|	 VM_Task_31 	|	 0.0	|	143360.0	|	13380	|	0.00
2014-12-17 03:04:37.272286 	|	 VM_Task_31 	|	 0.0	|	156672.0	|	13380	|	0.00
2014-12-17 03:04:43.317177 	|	 VM_Task_31 	|	 0.0	|	143360.0	|	13380	|	0.00
2014-12-17 03:04:49.356802 	|	 VM_Task_31 	|	 0.0	|	156672.0	|	13380	|	80.61
2014-12-17 03:04:55.395280 	|	 VM_Task_31 	|	 0.0	|	156672.0	|	13380	|	0.00
2014-12-17 03:05:01.436073 	|	 VM_Task_31 	|	 0.0	|	143360.0	|	13380	|	0.00
2014-12-17 03:05:07.480026 	|	 VM_Task_31 	|	 0.0	|	156672.0	|	13380	|	0.00
2014-12-17 03:05:13.528474 	|	 VM_Task_31 	|	 0.0	|	143360.0	|	13380	|	0.00
2014-12-17 03:05:19.754270 	|	 VM_Task_31 	|	 0.0	|	156672.0	|	13380	|	70.94
2014-12-17 03:05:25.797878 	|	 VM_Task_31 	|	 0.0	|	156672.0	|	13380	|	0.00
2014-12-17 03:05:31.838454 	|	 VM_Task_31 	|	 0.0	|	143360.0	|	13380	|	0.00
2014-12-17 03:05:37.882174 	|	 VM_Task_31 	|	 0.0	|	156672.0	|	13380	|	0.00
2014-12-17 03:05:43.929747 	|	 VM_Task_31 	|	 0.0	|	143360.0	|	13380	|	0.00
2014-12-17 03:05:49.971336 	|	 VM_Task_31 	|	 0.0	|	156672.0	|	13380	|	84.74
2014-12-17 03:05:56.013352 	|	 VM_Task_31 	|	 0.0	|	156672.0	|	13380	|	0.00
2014-12-17 03:06:02.056204 	|	 VM_Task_31 	|	 0.0	|	143360.0	|	13380	|	0.00
2014-12-17 03:06:08.096413 	|	 VM_Task_31 	|	 0.0	|	156672.0	|	13380	|	0.00
2014-12-17 03:06:14.142033 	|	 VM_Task_31 	|	 0.0	|	143360.0	|	13380	|	0.00
2014-12-17 03:06:20.182831 	|	 VM_Task_31 	|	 0.0	|	156672.0	|	13380	|	86.32
2014-12-17 03:06:26.222966 	|	 VM_Task_31 	|	 0.0	|	156672.0	|	13380	|	0.00
2014-12-17 03:06:32.263109 	|	 VM_Task_31 	|	 0.0	|	143360.0	|	13380	|	0.00
2014-12-17 03:06:38.304626 	|	 VM_Task_31 	|	 0.0	|	156672.0	|	13380	|	0.00
2014-12-17 03:06:44.347876 	|	 VM_Task_31 	|	 0.0	|	143360.0	|	13380	|	0.00
2014-12-17 03:06:50.730394 	|	 VM_Task_31 	|	 0.0	|	156672.0	|	13380	|	73.47
2014-12-17 03:06:56.769494 	|	 VM_Task_31 	|	 0.0	|	156672.0	|	13380	|	0.00
2014-12-17 03:07:02.812836 	|	 VM_Task_31 	|	 0.0	|	143360.0	|	13380	|	0.00
2014-12-17 03:07:08.852142 	|	 VM_Task_31 	|	 0.0	|	156672.0	|	13380	|	0.00
2014-12-17 03:07:14.900887 	|	 VM_Task_31 	|	 0.0	|	143360.0	|	13380	|	1.73
2014-12-17 03:07:21.578719 	|	 VM_Task_31 	|	 0.0	|	144384.0	|	13380	|	42.63
2014-12-17 03:07:27.619208 	|	 VM_Task_31 	|	 0.0	|	156672.0	|	13380	|	0.00
2014-12-17 03:07:33.660891 	|	 VM_Task_31 	|	 0.0	|	143360.0	|	13380	|	0.00
2014-12-17 03:07:39.703673 	|	 VM_Task_31 	|	 0.0	|	156672.0	|	13380	|	11.60
2014-12-17 03:07:45.748731 	|	 VM_Task_31 	|	 0.0	|	143360.0	|	13380	|	59.89
2014-12-17 03:07:52.556459 	|	 VM_Task_31 	|	 0.0	|	143360.0	|	13380	|	0.00
2014-12-17 03:07:58.598870 	|	 VM_Task_31 	|	 0.0	|	156672.0	|	13380	|	0.00
2014-12-17 03:08:04.643764 	|	 VM_Task_31 	|	 0.0	|	143360.0	|	13380	|	0.00
2014-12-17 03:08:10.688502 	|	 VM_Task_31 	|	 0.0	|	156672.0	|	13380	|	34.75
2014-12-17 03:08:16.794065 	|	 VM_Task_31 	|	 0.0	|	156672.0	|	13380	|	33.91
2014-12-17 03:08:22.838689 	|	 VM_Task_31 	|	 0.0	|	143360.0	|	13380	|	0.00
2014-12-17 03:08:28.880169 	|	 VM_Task_31 	|	 0.0	|	156672.0	|	13380	|	0.00
2014-12-17 03:08:34.927131 	|	 VM_Task_31 	|	 0.0	|	143360.0	|	13380	|	0.00
2014-12-17 03:08:40.968489 	|	 VM_Task_31 	|	 0.0	|	156672.0	|	13380	|	32.60
2014-12-17 03:08:47.073968 	|	 VM_Task_31 	|	 0.0	|	154624.0	|	13380	|	46.34
2014-12-17 03:08:53.116972 	|	 VM_Task_31 	|	 0.0	|	143360.0	|	13380	|	0.00
2014-12-17 03:08:59.161562 	|	 VM_Task_31 	|	 0.0	|	156672.0	|	13380	|	0.00
2014-12-17 03:09:05.204912 	|	 VM_Task_31 	|	 0.0	|	143360.0	|	13380	|	0.00
2014-12-17 03:09:11.462410 	|	 VM_Task_31 	|	 0.0	|	156672.0	|	13380	|	22.04
2014-12-17 03:09:17.573966 	|	 VM_Task_31 	|	 0.0	|	155648.0	|	13380	|	46.13
2014-12-17 03:09:23.617026 	|	 VM_Task_31 	|	 0.0	|	143360.0	|	13380	|	0.00
2014-12-17 03:09:29.661699 	|	 VM_Task_31 	|	 0.0	|	156672.0	|	13380	|	0.00
2014-12-17 03:09:35.702661 	|	 VM_Task_31 	|	 0.0	|	143360.0	|	13380	|	0.00
2014-12-17 03:09:42.053716 	|	 VM_Task_31 	|	 0.0	|	156672.0	|	13380	|	37.55
2014-12-17 03:09:48.154477 	|	 VM_Task_31 	|	 0.0	|	157696.0	|	13380	|	9.18
2014-12-17 03:09:54.195054 	|	 VM_Task_31 	|	 0.0	|	143360.0	|	13380	|	0.00
2014-12-17 03:10:00.235601 	|	 VM_Task_31 	|	 0.0	|	156672.0	|	13380	|	0.00
2014-12-17 03:10:06.268634 	|	 VM_Task_31 	|	 0.0	|	143360.0	|	13380	|	0.00
2014-12-17 03:10:12.636453 	|	 VM_Task_31 	|	 0.0	|	156672.0	|	13380	|	52.06
2014-12-17 03:10:18.677733 	|	 VM_Task_31 	|	 0.0	|	156672.0	|	13380	|	0.00
2014-12-17 03:10:24.722202 	|	 VM_Task_31 	|	 0.0	|	143360.0	|	13380	|	0.00
2014-12-17 03:10:30.760639 	|	 VM_Task_31 	|	 0.0	|	156672.0	|	13380	|	0.00
2014-12-17 03:10:36.810224 	|	 VM_Task_31 	|	 0.0	|	143360.0	|	13380	|	0.00
2014-12-17 03:10:43.329818 	|	 VM_Task_31 	|	 0.0	|	156672.0	|	13380	|	70.21
2014-12-17 03:10:49.376058 	|	 VM_Task_31 	|	 0.0	|	156672.0	|	13380	|	0.00
2014-12-17 03:10:55.415511 	|	 VM_Task_31 	|	 0.0	|	143360.0	|	13380	|	0.00
2014-12-17 03:11:01.460222 	|	 VM_Task_31 	|	 0.0	|	156672.0	|	13380	|	0.00
2014-12-17 03:11:07.985870 	|	 VM_Task_31 	|	 0.0	|	143360.0	|	13380	|	30.00
2014-12-17 03:11:14.421798 	|	 VM_Task_31 	|	 0.0	|	142336.0	|	13380	|	0.00
2014-12-17 03:11:20.462901 	|	 VM_Task_31 	|	 0.0	|	156672.0	|	13380	|	0.00
2014-12-17 03:11:26.501694 	|	 VM_Task_31 	|	 0.0	|	143360.0	|	13380	|	0.00
2014-12-17 03:11:32.901569 	|	 VM_Task_31 	|	 0.0	|	156672.0	|	13380	|	15.51
2014-12-17 03:11:39.005205 	|	 VM_Task_31 	|	 0.0	|	157696.0	|	13380	|	34.30
2014-12-17 03:11:45.044311 	|	 VM_Task_31 	|	 0.0	|	143360.0	|	13380	|	0.00
2014-12-17 03:11:51.084969 	|	 VM_Task_31 	|	 0.0	|	156672.0	|	13380	|	0.00
2014-12-17 03:11:57.125208 	|	 VM_Task_31 	|	 0.0	|	143360.0	|	13380	|	0.00
2014-12-17 03:12:03.465329 	|	 VM_Task_31 	|	 0.0	|	156672.0	|	13380	|	49.48
2014-12-17 03:12:09.675406 	|	 VM_Task_31 	|	 0.0	|	157696.0	|	13380	|	62.00
2014-12-17 03:12:15.716910 	|	 VM_Task_31 	|	 0.0	|	143360.0	|	13380	|	0.00
2014-12-17 03:12:21.757072 	|	 VM_Task_31 	|	 0.0	|	156672.0	|	13380	|	0.00
2014-12-17 03:12:27.801934 	|	 VM_Task_31 	|	 0.0	|	143360.0	|	13380	|	0.00
2014-12-17 03:12:34.009124 	|	 VM_Task_31 	|	 0.0	|	156672.0	|	13380	|	71.04
2014-12-17 03:12:40.049956 	|	 VM_Task_31 	|	 0.0	|	156672.0	|	13380	|	0.00
2014-12-17 03:12:46.092177 	|	 VM_Task_31 	|	 0.0	|	143360.0	|	13380	|	0.00
2014-12-17 03:12:52.132966 	|	 VM_Task_31 	|	 0.0	|	156672.0	|	13380	|	0.00
2014-12-17 03:12:58.174470 	|	 VM_Task_31 	|	 0.0	|	143360.0	|	13380	|	0.00
2014-12-17 03:13:04.219680 	|	 VM_Task_31 	|	 0.0	|	156672.0	|	13380	|	87.92
2014-12-17 03:13:10.260163 	|	 VM_Task_31 	|	 0.0	|	156672.0	|	13380	|	0.00
2014-12-17 03:13:16.300649 	|	 VM_Task_31 	|	 0.0	|	143360.0	|	13380	|	0.00
2014-12-17 03:13:22.342016 	|	 VM_Task_31 	|	 0.0	|	156672.0	|	13380	|	0.00
2014-12-17 03:13:28.381294 	|	 VM_Task_31 	|	 0.0	|	143360.0	|	13380	|	0.00
2014-12-17 03:13:34.644140 	|	 VM_Task_31 	|	 0.0	|	156672.0	|	13380	|	76.84
2014-12-17 03:13:40.687999 	|	 VM_Task_31 	|	 0.0	|	156672.0	|	13380	|	28.02
2014-12-17 03:13:46.731021 	|	 VM_Task_31 	|	 0.0	|	143360.0	|	13380	|	0.00
2014-12-17 03:13:52.777810 	|	 VM_Task_31 	|	 0.0	|	156672.0	|	13380	|	0.00
2014-12-17 03:13:58.819685 	|	 VM_Task_31 	|	 0.0	|	143360.0	|	13380	|	0.00
2014-12-17 03:14:04.866890 	|	 VM_Task_31 	|	 0.0	|	156672.0	|	13380	|	97.28
2014-12-17 03:14:10.908176 	|	 VM_Task_31 	|	 0.0	|	156672.0	|	13380	|	0.20
2014-12-17 03:14:16.950501 	|	 VM_Task_31 	|	 0.0	|	143360.0	|	13380	|	0.00
2014-12-17 03:14:22.993052 	|	 VM_Task_31 	|	 0.0	|	156672.0	|	13380	|	0.00
2014-12-17 03:14:29.038079 	|	 VM_Task_31 	|	 0.0	|	143360.0	|	13380	|	0.00
2014-12-17 03:14:35.218248 	|	 VM_Task_31 	|	 0.0	|	156672.0	|	13380	|	88.71
2014-12-17 03:14:41.259265 	|	 VM_Task_31 	|	 0.0	|	156672.0	|	13380	|	0.10
2014-12-17 03:14:47.300985 	|	 VM_Task_31 	|	 0.0	|	143360.0	|	13380	|	0.00
2014-12-17 03:14:53.342560 	|	 VM_Task_31 	|	 0.0	|	156672.0	|	13380	|	0.00
2014-12-17 03:14:59.392995 	|	 VM_Task_31 	|	 0.0	|	143360.0	|	13380	|	0.00
2014-12-17 03:15:25.584738 	|	 VM_Task_31 	|	 0.0	|	144384.0	|	13380	|	96.22
2014-12-17 03:15:31.627368 	|	 VM_Task_31 	|	 0.0	|	156672.0	|	13380	|	0.00
2014-12-17 03:15:37.674412 	|	 VM_Task_31 	|	 0.0	|	143360.0	|	13380	|	84.17
2014-12-17 03:15:44.163025 	|	 VM_Task_31 	|	 0.0	|	143360.0	|	13380	|	0.00
2014-12-17 03:15:50.202463 	|	 VM_Task_31 	|	 0.0	|	156672.0	|	13380	|	0.00
2014-12-17 03:15:56.248069 	|	 VM_Task_31 	|	 0.0	|	143360.0	|	13380	|	0.00
2014-12-17 03:16:02.599119 	|	 VM_Task_31 	|	 0.0	|	156672.0	|	13380	|	30.32
2014-12-17 03:16:08.710960 	|	 VM_Task_31 	|	 0.0	|	150528.0	|	13380	|	106.17
2014-12-17 03:16:14.755974 	|	 VM_Task_31 	|	 0.0	|	143360.0	|	13380	|	0.00
2014-12-17 03:16:20.800647 	|	 VM_Task_31 	|	 0.0	|	156672.0	|	13380	|	0.00
2014-12-17 03:16:26.846989 	|	 VM_Task_31 	|	 0.0	|	143360.0	|	13380	|	0.00
2014-12-17 03:16:33.259983 	|	 VM_Task_31 	|	 0.0	|	156672.0	|	13380	|	57.76
2014-12-17 03:16:39.301767 	|	 VM_Task_31 	|	 0.0	|	156672.0	|	13380	|	0.00
2014-12-17 03:16:45.347183 	|	 VM_Task_31 	|	 0.0	|	143360.0	|	13380	|	0.00
2014-12-17 03:16:51.390424 	|	 VM_Task_31 	|	 0.0	|	156672.0	|	13380	|	0.00
2014-12-17 03:16:57.436249 	|	 VM_Task_31 	|	 0.0	|	143360.0	|	13380	|	0.00
2014-12-17 03:17:04.072829 	|	 VM_Task_31 	|	 0.0	|	143360.0	|	13380	|	62.77
2014-12-17 03:17:10.122053 	|	 VM_Task_31 	|	 0.0	|	156672.0	|	13380	|	0.00
2014-12-17 03:17:16.168426 	|	 VM_Task_31 	|	 0.0	|	143360.0	|	13380	|	0.00
2014-12-17 03:17:22.213711 	|	 VM_Task_31 	|	 0.0	|	156672.0	|	13380	|	0.00
2014-12-17 03:17:28.256988 	|	 VM_Task_31 	|	 0.0	|	143360.0	|	13380	|	46.44
2014-12-17 03:17:34.918148 	|	 VM_Task_31 	|	 0.0	|	144384.0	|	13380	|	0.00
2014-12-17 03:17:40.971261 	|	 VM_Task_31 	|	 0.0	|	156672.0	|	13380	|	0.00
2014-12-17 03:17:47.011983 	|	 VM_Task_31 	|	 0.0	|	143360.0	|	13380	|	0.00
2014-12-17 03:17:53.341982 	|	 VM_Task_31 	|	 0.0	|	156672.0	|	13380	|	13.37
2014-12-17 03:18:01.591763 	|	 VM_Task_31 	|	 0.0	|	156672.0	|	13380	|	1.01
2014-12-17 03:18:05.667391 	|	 VM_Task_31 	|	 0.0	|	143360.0	|	13380	|	0.00
2014-12-17 03:18:11.710219 	|	 VM_Task_31 	|	 0.0	|	156672.0	|	13380	|	18.18
2014-12-17 03:18:17.750734 	|	 VM_Task_31 	|	 0.0	|	143360.0	|	13380	|	0.00
2014-12-17 03:18:24.096308 	|	 VM_Task_31 	|	 0.0	|	156672.0	|	13380	|	57.96
2014-12-17 03:18:31.545832 	|	 VM_Task_31 	|	 0.0	|	157696.0	|	13380	|	25.88
2014-12-17 03:18:37.586289 	|	 VM_Task_31 	|	 0.0	|	143360.0	|	13380	|	0.00
2014-12-17 03:18:43.979070 	|	 VM_Task_31 	|	 0.0	|	156672.0	|	13380	|	24.75
2014-12-17 03:18:50.137990 	|	 VM_Task_31 	|	 0.0	|	156672.0	|	13380	|	0.00
2014-12-17 03:18:56.182101 	|	 VM_Task_31 	|	 0.0	|	143360.0	|	13380	|	0.00
2014-12-17 03:19:02.232367 	|	 VM_Task_31 	|	 0.0	|	156672.0	|	13380	|	0.00
2014-12-17 03:19:08.277809 	|	 VM_Task_31 	|	 0.0	|	143360.0	|	13380	|	0.00
2014-12-17 03:19:14.522062 	|	 VM_Task_31 	|	 0.0	|	156672.0	|	13380	|	56.90
2014-12-17 03:19:20.562655 	|	 VM_Task_31 	|	 0.0	|	156672.0	|	13380	|	0.00
2014-12-17 03:19:26.610439 	|	 VM_Task_31 	|	 0.0	|	143360.0	|	13380	|	0.00
2014-12-17 03:19:32.663422 	|	 VM_Task_31 	|	 0.0	|	156672.0	|	13380	|	0.00
2014-12-17 03:19:38.709589 	|	 VM_Task_31 	|	 0.0	|	143360.0	|	13380	|	0.00
