2014-12-17 00:26:29.509431 	|	 VM_Task_18 	|	 0.0	|	132096.0	|	0.0	|	9.60
2014-12-17 00:26:35.548913 	|	 VM_Task_18 	|	 0.0	|	140288.0	|	4292	|	0.00
2014-12-17 00:26:41.578208 	|	 VM_Task_18 	|	 0.2	|	183296.0	|	48196	|	0.30
2014-12-17 00:26:47.607484 	|	 VM_Task_18 	|	 0.12	|	184320.0	|	48196	|	0.00
2014-12-17 00:26:53.636842 	|	 VM_Task_18 	|	 0.186	|	144384.0	|	8260	|	1.60
2014-12-17 00:27:08.383088 	|	 VM_Task_18 	|	 0.156	|	144384.0	|	8260	|	0.40
2014-12-17 00:27:08.391839 	|	 VM_Task_18 	|	 0.144	|	144384.0	|	8260	|	0.00
2014-12-17 00:27:11.728346 	|	 VM_Task_18 	|	 0.36	|	154624.0	|	18500	|	11.30
2014-12-17 00:27:17.758436 	|	 VM_Task_18 	|	 0.214	|	154624.0	|	18500	|	0.00
2014-12-17 00:27:23.790971 	|	 VM_Task_18 	|	 0.433	|	164864.0	|	28740	|	0.00
2014-12-17 00:27:29.824613 	|	 VM_Task_18 	|	 0.362	|	164864.0	|	28740	|	18.48
2014-12-17 00:27:35.855085 	|	 VM_Task_18 	|	 0.146	|	156672.0	|	4292	|	101.01
2014-12-17 00:27:42.464063 	|	 VM_Task_18 	|	 0.79	|	155648.0	|	23620	|	55.20
2014-12-17 00:27:48.860207 	|	 VM_Task_18 	|	 0.776	|	155648.0	|	23620	|	100.10
2014-12-17 00:27:54.907017 	|	 VM_Task_18 	|	 0.652	|	165888.0	|	33860	|	99.51
2014-12-17 00:28:00.930444 	|	 VM_Task_18 	|	 0.651	|	140288.0	|	8260	|	87.98
2014-12-17 00:28:06.957370 	|	 VM_Task_18 	|	 0.251	|	140288.0	|	8260	|	83.40
2014-12-17 00:28:12.982633 	|	 VM_Task_18 	|	 0.136	|	146432.0	|	13380	|	94.84
2014-12-17 00:28:19.011368 	|	 VM_Task_18 	|	 0.135	|	146432.0	|	13380	|	0.00
2014-12-17 00:28:25.035414 	|	 VM_Task_18 	|	 0.114	|	137216.0	|	4292	|	0.00
2014-12-17 00:28:31.140147 	|	 VM_Task_18 	|	 0.22	|	166912.0	|	33860	|	66.39
2014-12-17 00:28:41.368276 	|	 VM_Task_18 	|	 0.0	|	204800.0	|	58436	|	69.39
2014-12-17 00:28:47.879382 	|	 VM_Task_18 	|	 0.325	|	190464.0	|	58436	|	60.82
2014-12-17 00:28:53.908069 	|	 VM_Task_18 	|	 0.37	|	150528.0	|	18500	|	81.89
2014-12-17 00:28:59.933480 	|	 VM_Task_18 	|	 0.3	|	150528.0	|	18500	|	81.25
2014-12-17 00:29:05.957317 	|	 VM_Task_18 	|	 0.366	|	150528.0	|	18500	|	0.00
2014-12-17 00:29:11.982705 	|	 VM_Task_18 	|	 0.17	|	136192.0	|	4292	|	0.00
2014-12-17 00:29:18.009602 	|	 VM_Task_18 	|	 0.118	|	136192.0	|	4292	|	0.00
2014-12-17 00:29:27.434164 	|	 VM_Task_18 	|	 0.152	|	151552.0	|	4292	|	101.01
2014-12-17 00:29:33.931691 	|	 VM_Task_18 	|	 0.23	|	145408.0	|	13380	|	88.67
2014-12-17 00:29:40.050819 	|	 VM_Task_18 	|	 0.188	|	145408.0	|	13380	|	76.33
2014-12-17 00:29:46.067580 	|	 VM_Task_18 	|	 0.465	|	171008.0	|	38980	|	63.57
2014-12-17 00:29:52.282041 	|	 VM_Task_18 	|	 0.1	|	171008.0	|	28740	|	105.37
2014-12-17 00:29:58.465051 	|	 VM_Task_18 	|	 0.116	|	175104.0	|	28740	|	83.64
2014-12-17 00:30:04.605154 	|	 VM_Task_18 	|	 0.617	|	185344.0	|	38980	|	0.00
2014-12-17 00:30:10.632165 	|	 VM_Task_18 	|	 0.0	|	215040.0	|	68676	|	0.00
2014-12-17 00:30:16.878334 	|	 VM_Task_18 	|	 0.14	|	201728.0	|	68676	|	91.21
2014-12-17 00:30:22.945349 	|	 VM_Task_18 	|	 0.525	|	151552.0	|	18500	|	73.78
2014-12-17 00:30:28.971701 	|	 VM_Task_18 	|	 0.401	|	151552.0	|	18500	|	5.10
2014-12-17 00:30:45.304793 	|	 VM_Task_18 	|	 0.0	|	181248.0	|	33860	|	93.70
2014-12-17 00:30:51.355959 	|	 VM_Task_18 	|	 0.871	|	154624.0	|	8260	|	0.00
2014-12-17 00:30:57.382814 	|	 VM_Task_18 	|	 0.114	|	154624.0	|	8260	|	0.00
2014-12-17 00:31:07.764376 	|	 VM_Task_18 	|	 0.245	|	145408.0	|	13380	|	85.83
2014-12-17 00:31:13.795949 	|	 VM_Task_18 	|	 0.153	|	145408.0	|	13380	|	93.67
2014-12-17 00:31:19.827812 	|	 VM_Task_18 	|	 0.127	|	145408.0	|	13380	|	99.26
2014-12-17 00:31:25.849882 	|	 VM_Task_18 	|	 0.17	|	146432.0	|	13380	|	0.00
2014-12-17 00:31:31.876342 	|	 VM_Task_18 	|	 0.29	|	146432.0	|	13380	|	0.00
2014-12-17 00:31:37.903235 	|	 VM_Task_18 	|	 0.162	|	146432.0	|	13380	|	0.00
2014-12-17 00:31:43.928792 	|	 VM_Task_18 	|	 0.0	|	142336.0	|	13380	|	0.00
2014-12-17 00:31:50.066386 	|	 VM_Task_18 	|	 0.0	|	151552.0	|	13380	|	106.38
2014-12-17 00:31:56.091676 	|	 VM_Task_18 	|	 0.0	|	156672.0	|	13380	|	102.04
2014-12-17 00:32:02.114045 	|	 VM_Task_18 	|	 0.0	|	155648.0	|	13380	|	0.00
2014-12-17 00:32:08.138477 	|	 VM_Task_18 	|	 0.0	|	155648.0	|	13380	|	0.00
2014-12-17 00:32:14.558431 	|	 VM_Task_18 	|	 0.0	|	142336.0	|	13380	|	103.09
2014-12-17 00:32:20.591741 	|	 VM_Task_18 	|	 0.0	|	142336.0	|	13380	|	100.00
2014-12-17 00:32:26.616278 	|	 VM_Task_18 	|	 0.0	|	142336.0	|	13380	|	101.01
2014-12-17 00:32:32.642966 	|	 VM_Task_18 	|	 0.0	|	142336.0	|	13380	|	55.82
2014-12-17 00:32:38.668303 	|	 VM_Task_18 	|	 0.0	|	142336.0	|	13380	|	0.00
2014-12-17 00:32:44.692458 	|	 VM_Task_18 	|	 0.0	|	142336.0	|	13380	|	0.00
2014-12-17 00:32:50.710575 	|	 VM_Task_18 	|	 0.0	|	142336.0	|	13380	|	0.00
2014-12-17 00:32:56.735037 	|	 VM_Task_18 	|	 0.0	|	142336.0	|	13380	|	0.00
2014-12-17 00:33:02.759566 	|	 VM_Task_18 	|	 0.0	|	142336.0	|	13380	|	0.00
2014-12-17 00:33:08.789231 	|	 VM_Task_18 	|	 0.0	|	142336.0	|	13380	|	0.00
2014-12-17 00:33:14.814416 	|	 VM_Task_18 	|	 0.0	|	142336.0	|	13380	|	0.00
2014-12-17 00:33:20.834577 	|	 VM_Task_18 	|	 0.0	|	142336.0	|	13380	|	0.00
2014-12-17 00:33:26.858869 	|	 VM_Task_18 	|	 0.0	|	142336.0	|	13380	|	0.00
2014-12-17 00:33:32.886806 	|	 VM_Task_18 	|	 0.0	|	142336.0	|	13380	|	0.00
2014-12-17 00:33:38.916462 	|	 VM_Task_18 	|	 0.0	|	142336.0	|	13380	|	0.00
2014-12-17 00:33:44.943220 	|	 VM_Task_18 	|	 0.0	|	142336.0	|	13380	|	0.00
2014-12-17 00:33:50.967591 	|	 VM_Task_18 	|	 0.0	|	142336.0	|	13380	|	0.00
2014-12-17 00:33:56.997870 	|	 VM_Task_18 	|	 0.0	|	142336.0	|	13380	|	0.00
2014-12-17 00:34:03.023356 	|	 VM_Task_18 	|	 0.0	|	142336.0	|	13380	|	0.00
2014-12-17 00:34:09.062653 	|	 VM_Task_18 	|	 0.0	|	142336.0	|	13380	|	0.00
2014-12-17 00:34:15.100470 	|	 VM_Task_18 	|	 0.0	|	142336.0	|	13380	|	0.00
2014-12-17 00:34:21.131934 	|	 VM_Task_18 	|	 0.0	|	142336.0	|	13380	|	0.00
2014-12-17 00:34:27.161435 	|	 VM_Task_18 	|	 0.0	|	142336.0	|	13380	|	0.00
2014-12-17 00:34:33.185013 	|	 VM_Task_18 	|	 0.0	|	142336.0	|	13380	|	0.00
2014-12-17 00:34:39.216975 	|	 VM_Task_18 	|	 0.0	|	142336.0	|	13380	|	0.00
2014-12-17 00:34:45.244806 	|	 VM_Task_18 	|	 0.0	|	142336.0	|	13380	|	0.00
2014-12-17 00:34:51.267188 	|	 VM_Task_18 	|	 0.0	|	142336.0	|	13380	|	0.00
2014-12-17 00:34:57.291709 	|	 VM_Task_18 	|	 0.0	|	142336.0	|	13380	|	0.00
2014-12-17 00:35:03.317133 	|	 VM_Task_18 	|	 0.0	|	142336.0	|	13380	|	0.00
2014-12-17 00:35:09.345684 	|	 VM_Task_18 	|	 0.0	|	142336.0	|	13380	|	0.00
2014-12-17 00:35:15.375631 	|	 VM_Task_18 	|	 0.0	|	142336.0	|	13380	|	0.00
2014-12-17 00:35:21.392071 	|	 VM_Task_18 	|	 0.0	|	142336.0	|	13380	|	0.00
2014-12-17 00:35:27.416897 	|	 VM_Task_18 	|	 0.0	|	142336.0	|	13380	|	0.00
2014-12-17 00:35:33.439515 	|	 VM_Task_18 	|	 0.0	|	142336.0	|	13380	|	0.00
2014-12-17 00:35:39.463682 	|	 VM_Task_18 	|	 0.0	|	142336.0	|	13380	|	0.00
2014-12-17 00:35:45.486956 	|	 VM_Task_18 	|	 0.0	|	142336.0	|	13380	|	0.00
2014-12-17 00:35:51.510603 	|	 VM_Task_18 	|	 0.0	|	142336.0	|	13380	|	0.00
2014-12-17 00:35:57.539939 	|	 VM_Task_18 	|	 0.0	|	142336.0	|	13380	|	0.00
2014-12-17 00:36:03.563361 	|	 VM_Task_18 	|	 0.0	|	142336.0	|	13380	|	0.00
2014-12-17 00:36:09.586807 	|	 VM_Task_18 	|	 0.0	|	142336.0	|	13380	|	0.00
2014-12-17 00:36:15.616006 	|	 VM_Task_18 	|	 0.0	|	142336.0	|	13380	|	0.00
2014-12-17 00:36:21.636202 	|	 VM_Task_18 	|	 0.0	|	142336.0	|	13380	|	0.00
2014-12-17 00:36:27.660143 	|	 VM_Task_18 	|	 0.0	|	142336.0	|	13380	|	0.00
2014-12-17 00:36:33.683584 	|	 VM_Task_18 	|	 0.0	|	142336.0	|	13380	|	0.00
2014-12-17 00:36:39.713941 	|	 VM_Task_18 	|	 0.0	|	142336.0	|	13380	|	0.00
2014-12-17 00:36:45.732957 	|	 VM_Task_18 	|	 0.0	|	142336.0	|	13380	|	0.00
2014-12-17 00:36:51.760541 	|	 VM_Task_18 	|	 0.0	|	142336.0	|	13380	|	0.00
2014-12-17 00:36:57.782260 	|	 VM_Task_18 	|	 0.0	|	142336.0	|	13380	|	0.00
2014-12-17 00:37:03.810334 	|	 VM_Task_18 	|	 0.0	|	142336.0	|	13380	|	0.00
2014-12-17 00:37:09.833201 	|	 VM_Task_18 	|	 0.0	|	142336.0	|	13380	|	0.00
2014-12-17 00:37:15.853503 	|	 VM_Task_18 	|	 0.0	|	142336.0	|	13380	|	0.00
2014-12-17 00:37:21.882162 	|	 VM_Task_18 	|	 0.0	|	142336.0	|	13380	|	0.00
2014-12-17 00:37:27.913190 	|	 VM_Task_18 	|	 0.0	|	142336.0	|	13380	|	0.00
2014-12-17 00:37:33.934646 	|	 VM_Task_18 	|	 0.0	|	142336.0	|	13380	|	0.00
2014-12-17 00:37:39.957424 	|	 VM_Task_18 	|	 0.0	|	142336.0	|	13380	|	0.00
2014-12-17 00:37:45.980671 	|	 VM_Task_18 	|	 0.0	|	142336.0	|	13380	|	0.00
2014-12-17 00:37:52.011120 	|	 VM_Task_18 	|	 0.0	|	142336.0	|	13380	|	0.00
2014-12-17 00:37:58.036010 	|	 VM_Task_18 	|	 0.0	|	142336.0	|	13380	|	0.00
2014-12-17 00:38:04.061086 	|	 VM_Task_18 	|	 0.0	|	142336.0	|	13380	|	0.00
2014-12-17 00:38:10.085348 	|	 VM_Task_18 	|	 0.0	|	142336.0	|	13380	|	0.00
2014-12-17 00:38:16.108229 	|	 VM_Task_18 	|	 0.0	|	142336.0	|	13380	|	0.00
2014-12-17 00:38:22.138323 	|	 VM_Task_18 	|	 0.0	|	142336.0	|	13380	|	0.00
2014-12-17 00:38:28.159574 	|	 VM_Task_18 	|	 0.0	|	142336.0	|	13380	|	0.00
2014-12-17 00:38:34.185794 	|	 VM_Task_18 	|	 0.0	|	142336.0	|	13380	|	0.00
2014-12-17 00:38:40.209089 	|	 VM_Task_18 	|	 0.0	|	142336.0	|	13380	|	0.00
2014-12-17 00:38:46.236860 	|	 VM_Task_18 	|	 0.0	|	142336.0	|	13380	|	0.00
2014-12-17 00:38:52.257785 	|	 VM_Task_18 	|	 0.0	|	142336.0	|	13380	|	0.00
2014-12-17 00:38:58.282434 	|	 VM_Task_18 	|	 0.0	|	142336.0	|	13380	|	0.00
2014-12-17 00:39:04.304997 	|	 VM_Task_18 	|	 0.0	|	142336.0	|	13380	|	0.00
2014-12-17 00:39:10.326901 	|	 VM_Task_18 	|	 0.0	|	142336.0	|	13380	|	0.00
2014-12-17 00:39:16.348885 	|	 VM_Task_18 	|	 0.0	|	142336.0	|	13380	|	0.00
2014-12-17 00:39:22.371300 	|	 VM_Task_18 	|	 0.0	|	142336.0	|	13380	|	0.00
2014-12-17 00:39:28.393829 	|	 VM_Task_18 	|	 0.0	|	142336.0	|	13380	|	0.00
2014-12-17 00:39:34.420363 	|	 VM_Task_18 	|	 0.0	|	142336.0	|	13380	|	0.00
2014-12-17 00:39:40.448722 	|	 VM_Task_18 	|	 0.0	|	142336.0	|	13380	|	0.00
2014-12-17 00:39:46.468738 	|	 VM_Task_18 	|	 0.0	|	142336.0	|	13380	|	0.00
2014-12-17 00:39:52.494881 	|	 VM_Task_18 	|	 0.0	|	142336.0	|	13380	|	0.00
2014-12-17 00:39:58.521187 	|	 VM_Task_18 	|	 0.0	|	142336.0	|	13380	|	0.00
2014-12-17 00:40:04.551721 	|	 VM_Task_18 	|	 0.0	|	142336.0	|	13380	|	0.00
2014-12-17 00:40:10.576606 	|	 VM_Task_18 	|	 0.0	|	142336.0	|	13380	|	0.80
2014-12-17 00:40:16.598260 	|	 VM_Task_18 	|	 0.0	|	142336.0	|	13380	|	0.00
2014-12-17 00:40:22.623179 	|	 VM_Task_18 	|	 0.0	|	142336.0	|	13380	|	0.00
2014-12-17 00:40:28.647626 	|	 VM_Task_18 	|	 0.0	|	142336.0	|	13380	|	0.00
2014-12-17 00:40:34.679405 	|	 VM_Task_18 	|	 0.0	|	142336.0	|	13380	|	0.00
2014-12-17 00:40:40.708226 	|	 VM_Task_18 	|	 0.0	|	142336.0	|	13380	|	0.71
2014-12-17 00:40:46.726663 	|	 VM_Task_18 	|	 0.0	|	142336.0	|	13380	|	0.00
2014-12-17 00:40:52.749090 	|	 VM_Task_18 	|	 0.0	|	142336.0	|	13380	|	0.00
2014-12-17 00:40:58.770859 	|	 VM_Task_18 	|	 0.0	|	142336.0	|	13380	|	0.00
2014-12-17 00:41:04.977352 	|	 VM_Task_18 	|	 0.0	|	142336.0	|	13380	|	82.18
2014-12-17 00:41:10.821287 	|	 VM_Task_18 	|	 0.0	|	142336.0	|	13380	|	0.91
2014-12-17 00:41:16.844622 	|	 VM_Task_18 	|	 0.0	|	142336.0	|	13380	|	0.00
2014-12-17 00:41:22.873469 	|	 VM_Task_18 	|	 0.0	|	142336.0	|	13380	|	0.00
2014-12-17 00:41:28.901297 	|	 VM_Task_18 	|	 0.0	|	142336.0	|	13380	|	0.00
2014-12-17 00:41:34.926427 	|	 VM_Task_18 	|	 0.0	|	142336.0	|	13380	|	0.20
2014-12-17 00:41:40.954912 	|	 VM_Task_18 	|	 0.0	|	142336.0	|	13380	|	2.40
2014-12-17 00:41:46.978011 	|	 VM_Task_18 	|	 0.0	|	142336.0	|	13380	|	0.00
2014-12-17 00:41:53.003551 	|	 VM_Task_18 	|	 0.0	|	142336.0	|	13380	|	0.00
2014-12-17 00:41:59.029539 	|	 VM_Task_18 	|	 0.0	|	142336.0	|	13380	|	0.00
2014-12-17 00:42:05.053064 	|	 VM_Task_18 	|	 0.0	|	142336.0	|	13380	|	0.00
2014-12-17 00:42:11.079611 	|	 VM_Task_18 	|	 0.0	|	142336.0	|	13380	|	0.70
2014-12-17 00:42:17.102724 	|	 VM_Task_18 	|	 0.0	|	142336.0	|	13380	|	0.00
2014-12-17 00:42:23.134321 	|	 VM_Task_18 	|	 0.0	|	142336.0	|	13380	|	0.00
2014-12-17 00:42:29.160462 	|	 VM_Task_18 	|	 0.0	|	142336.0	|	13380	|	0.00
2014-12-17 00:42:35.181084 	|	 VM_Task_18 	|	 0.0	|	142336.0	|	13380	|	0.00
2014-12-17 00:42:41.206512 	|	 VM_Task_18 	|	 0.0	|	142336.0	|	13380	|	0.50
2014-12-17 00:42:47.229180 	|	 VM_Task_18 	|	 0.0	|	142336.0	|	13380	|	0.00
2014-12-17 00:42:53.257222 	|	 VM_Task_18 	|	 0.0	|	142336.0	|	13380	|	0.00
2014-12-17 00:42:59.276549 	|	 VM_Task_18 	|	 0.0	|	142336.0	|	13380	|	0.00
2014-12-17 00:43:05.301057 	|	 VM_Task_18 	|	 0.0	|	142336.0	|	13380	|	0.00
2014-12-17 00:43:11.324213 	|	 VM_Task_18 	|	 0.0	|	142336.0	|	13380	|	0.51
2014-12-17 00:43:17.347041 	|	 VM_Task_18 	|	 0.0	|	142336.0	|	13380	|	0.00
2014-12-17 00:43:23.378225 	|	 VM_Task_18 	|	 0.0	|	142336.0	|	13380	|	0.00
2014-12-17 00:43:29.405971 	|	 VM_Task_18 	|	 0.0	|	142336.0	|	13380	|	0.00
2014-12-17 00:43:35.425293 	|	 VM_Task_18 	|	 0.0	|	142336.0	|	13380	|	0.00
2014-12-17 00:43:41.449949 	|	 VM_Task_18 	|	 0.0	|	142336.0	|	13380	|	0.00
2014-12-17 00:43:47.475419 	|	 VM_Task_18 	|	 0.0	|	142336.0	|	13380	|	0.00
2014-12-17 00:43:53.507172 	|	 VM_Task_18 	|	 0.0	|	142336.0	|	13380	|	0.00
2014-12-17 00:43:59.534845 	|	 VM_Task_18 	|	 0.0	|	142336.0	|	13380	|	0.00
2014-12-17 00:44:05.554117 	|	 VM_Task_18 	|	 0.0	|	142336.0	|	13380	|	0.00
2014-12-17 00:44:11.579304 	|	 VM_Task_18 	|	 0.0	|	142336.0	|	13380	|	0.00
2014-12-17 00:44:17.601797 	|	 VM_Task_18 	|	 0.0	|	142336.0	|	13380	|	0.00
2014-12-17 00:44:23.632811 	|	 VM_Task_18 	|	 0.0	|	142336.0	|	13380	|	0.00
2014-12-17 00:44:29.659519 	|	 VM_Task_18 	|	 0.0	|	142336.0	|	13380	|	0.00
2014-12-17 00:44:35.676047 	|	 VM_Task_18 	|	 0.0	|	142336.0	|	13380	|	0.00
2014-12-17 00:44:41.699154 	|	 VM_Task_18 	|	 0.0	|	142336.0	|	13380	|	0.00
2014-12-17 00:44:47.721666 	|	 VM_Task_18 	|	 0.0	|	142336.0	|	13380	|	0.00
2014-12-17 00:44:53.746395 	|	 VM_Task_18 	|	 0.0	|	142336.0	|	13380	|	0.00
2014-12-17 00:44:59.770721 	|	 VM_Task_18 	|	 0.0	|	142336.0	|	13380	|	0.00
2014-12-17 00:45:05.799874 	|	 VM_Task_18 	|	 0.0	|	142336.0	|	13380	|	0.00
2014-12-17 00:45:11.829368 	|	 VM_Task_18 	|	 0.0	|	142336.0	|	13380	|	0.00
2014-12-17 00:45:17.846351 	|	 VM_Task_18 	|	 0.0	|	142336.0	|	13380	|	0.00
2014-12-17 00:45:23.871009 	|	 VM_Task_18 	|	 0.0	|	142336.0	|	13380	|	0.00
2014-12-17 00:45:29.896436 	|	 VM_Task_18 	|	 0.0	|	142336.0	|	13380	|	0.00
2014-12-17 00:45:35.925484 	|	 VM_Task_18 	|	 0.0	|	142336.0	|	13380	|	0.00
2014-12-17 00:45:41.955615 	|	 VM_Task_18 	|	 0.0	|	142336.0	|	13380	|	0.00
2014-12-17 00:45:47.968462 	|	 VM_Task_18 	|	 0.0	|	142336.0	|	13380	|	0.00
2014-12-17 00:45:53.993241 	|	 VM_Task_18 	|	 0.0	|	142336.0	|	13380	|	0.00
2014-12-17 00:46:00.019076 	|	 VM_Task_18 	|	 0.0	|	142336.0	|	13380	|	0.00
2014-12-17 00:46:06.048309 	|	 VM_Task_18 	|	 0.0	|	142336.0	|	13380	|	0.00
2014-12-17 00:46:12.077954 	|	 VM_Task_18 	|	 0.0	|	142336.0	|	13380	|	0.00
2014-12-17 00:46:18.095438 	|	 VM_Task_18 	|	 0.0	|	142336.0	|	13380	|	0.00
2014-12-17 00:46:24.118985 	|	 VM_Task_18 	|	 0.0	|	142336.0	|	13380	|	0.00
2014-12-17 00:46:30.144401 	|	 VM_Task_18 	|	 0.0	|	142336.0	|	13380	|	0.00
2014-12-17 00:46:36.174312 	|	 VM_Task_18 	|	 0.0	|	142336.0	|	13380	|	0.00
2014-12-17 00:46:42.203965 	|	 VM_Task_18 	|	 0.0	|	142336.0	|	13380	|	0.00
2014-12-17 00:46:48.220171 	|	 VM_Task_18 	|	 0.0	|	142336.0	|	13380	|	0.00
2014-12-17 00:46:54.244759 	|	 VM_Task_18 	|	 0.0	|	142336.0	|	13380	|	0.00
2014-12-17 00:47:00.270557 	|	 VM_Task_18 	|	 0.0	|	142336.0	|	13380	|	0.00
2014-12-17 00:47:06.300008 	|	 VM_Task_18 	|	 0.0	|	142336.0	|	13380	|	0.00
2014-12-17 00:47:12.325720 	|	 VM_Task_18 	|	 0.0	|	142336.0	|	13380	|	0.00
2014-12-17 00:47:18.345384 	|	 VM_Task_18 	|	 0.0	|	142336.0	|	13380	|	0.00
2014-12-17 00:47:24.368331 	|	 VM_Task_18 	|	 0.0	|	142336.0	|	13380	|	0.00
2014-12-17 00:47:30.395091 	|	 VM_Task_18 	|	 0.0	|	142336.0	|	13380	|	0.00
2014-12-17 00:47:36.424035 	|	 VM_Task_18 	|	 0.0	|	142336.0	|	13380	|	0.00
2014-12-17 00:47:42.454531 	|	 VM_Task_18 	|	 0.0	|	142336.0	|	13380	|	0.00
2014-12-17 00:47:48.472523 	|	 VM_Task_18 	|	 0.0	|	142336.0	|	13380	|	0.00
2014-12-17 00:47:54.496079 	|	 VM_Task_18 	|	 0.0	|	142336.0	|	13380	|	0.00
2014-12-17 00:48:00.521548 	|	 VM_Task_18 	|	 0.0	|	142336.0	|	13380	|	0.00
2014-12-17 00:48:06.545276 	|	 VM_Task_18 	|	 0.0	|	142336.0	|	13380	|	0.00
2014-12-17 00:48:12.567727 	|	 VM_Task_18 	|	 0.0	|	142336.0	|	13380	|	0.00
2014-12-17 00:48:18.590400 	|	 VM_Task_18 	|	 0.0	|	142336.0	|	13380	|	0.00
2014-12-17 00:48:24.617136 	|	 VM_Task_18 	|	 0.0	|	142336.0	|	13380	|	0.00
2014-12-17 00:48:30.645645 	|	 VM_Task_18 	|	 0.0	|	142336.0	|	13380	|	0.00
2014-12-17 00:48:36.668238 	|	 VM_Task_18 	|	 0.0	|	142336.0	|	13380	|	0.00
2014-12-17 00:48:42.691227 	|	 VM_Task_18 	|	 0.0	|	142336.0	|	13380	|	0.00
2014-12-17 00:48:48.711987 	|	 VM_Task_18 	|	 0.0	|	142336.0	|	13380	|	0.00
2014-12-17 00:48:54.738515 	|	 VM_Task_18 	|	 0.0	|	142336.0	|	13380	|	0.00
2014-12-17 00:49:00.763562 	|	 VM_Task_18 	|	 0.0	|	142336.0	|	13380	|	0.00
2014-12-17 00:49:06.788499 	|	 VM_Task_18 	|	 0.0	|	142336.0	|	13380	|	0.00
2014-12-17 00:49:12.813880 	|	 VM_Task_18 	|	 0.0	|	142336.0	|	13380	|	0.00
2014-12-17 00:49:18.840845 	|	 VM_Task_18 	|	 0.0	|	142336.0	|	13380	|	0.00
2014-12-17 00:49:24.864807 	|	 VM_Task_18 	|	 0.0	|	142336.0	|	13380	|	0.00
2014-12-17 00:49:30.887832 	|	 VM_Task_18 	|	 0.0	|	142336.0	|	13380	|	0.00
2014-12-17 00:49:36.910919 	|	 VM_Task_18 	|	 0.0	|	142336.0	|	13380	|	0.00
2014-12-17 00:49:42.934583 	|	 VM_Task_18 	|	 0.0	|	142336.0	|	13380	|	0.00
2014-12-17 00:49:48.959969 	|	 VM_Task_18 	|	 0.0	|	142336.0	|	13380	|	0.00
2014-12-17 00:49:54.985855 	|	 VM_Task_18 	|	 0.0	|	142336.0	|	13380	|	0.00
2014-12-17 00:50:01.014602 	|	 VM_Task_18 	|	 0.0	|	142336.0	|	13380	|	0.00
2014-12-17 00:50:07.045994 	|	 VM_Task_18 	|	 0.0	|	142336.0	|	13380	|	0.00
2014-12-17 00:50:13.069631 	|	 VM_Task_18 	|	 0.0	|	142336.0	|	13380	|	0.40
2014-12-17 00:50:19.095394 	|	 VM_Task_18 	|	 0.0	|	142336.0	|	13380	|	0.00
2014-12-17 00:50:25.121802 	|	 VM_Task_18 	|	 0.0	|	142336.0	|	13380	|	0.00
2014-12-17 00:50:31.146524 	|	 VM_Task_18 	|	 0.0	|	142336.0	|	13380	|	0.00
2014-12-17 00:50:37.171625 	|	 VM_Task_18 	|	 0.0	|	142336.0	|	13380	|	0.00
2014-12-17 00:50:43.199912 	|	 VM_Task_18 	|	 0.0	|	142336.0	|	13380	|	0.91
2014-12-17 00:50:49.232095 	|	 VM_Task_18 	|	 0.0	|	142336.0	|	13380	|	0.00
2014-12-17 00:50:55.258431 	|	 VM_Task_18 	|	 0.0	|	142336.0	|	13380	|	0.00
2014-12-17 00:51:01.286835 	|	 VM_Task_18 	|	 0.0	|	142336.0	|	13380	|	0.00
2014-12-17 00:51:07.304470 	|	 VM_Task_18 	|	 0.0	|	142336.0	|	13380	|	0.00
2014-12-17 00:51:13.329374 	|	 VM_Task_18 	|	 0.0	|	142336.0	|	13380	|	0.00
2014-12-17 00:51:19.354118 	|	 VM_Task_18 	|	 0.0	|	142336.0	|	13380	|	0.00
2014-12-17 00:51:25.378671 	|	 VM_Task_18 	|	 0.0	|	142336.0	|	13380	|	0.00
2014-12-17 00:51:31.407604 	|	 VM_Task_18 	|	 0.0	|	142336.0	|	13380	|	0.00
2014-12-17 00:51:37.437682 	|	 VM_Task_18 	|	 0.0	|	142336.0	|	13380	|	0.00
2014-12-17 00:51:43.459698 	|	 VM_Task_18 	|	 0.0	|	142336.0	|	13380	|	0.00
2014-12-17 00:51:49.484862 	|	 VM_Task_18 	|	 0.0	|	142336.0	|	13380	|	0.00
2014-12-17 00:51:55.510917 	|	 VM_Task_18 	|	 0.0	|	142336.0	|	13380	|	0.00
2014-12-17 00:52:01.535973 	|	 VM_Task_18 	|	 0.0	|	142336.0	|	13380	|	0.00
2014-12-17 00:52:07.566595 	|	 VM_Task_18 	|	 0.0	|	142336.0	|	13380	|	0.00
2014-12-17 00:52:13.594805 	|	 VM_Task_18 	|	 0.0	|	142336.0	|	13380	|	0.00
2014-12-17 00:52:19.618499 	|	 VM_Task_18 	|	 0.0	|	142336.0	|	13380	|	0.00
2014-12-17 00:52:25.642056 	|	 VM_Task_18 	|	 0.0	|	142336.0	|	13380	|	0.00
2014-12-17 00:52:31.667706 	|	 VM_Task_18 	|	 0.0	|	142336.0	|	13380	|	0.00
2014-12-17 00:52:37.696960 	|	 VM_Task_18 	|	 0.0	|	142336.0	|	13380	|	0.00
2014-12-17 00:52:43.724922 	|	 VM_Task_18 	|	 0.0	|	142336.0	|	13380	|	0.00
2014-12-17 00:52:49.743094 	|	 VM_Task_18 	|	 0.0	|	142336.0	|	13380	|	0.00
2014-12-17 00:52:55.767980 	|	 VM_Task_18 	|	 0.0	|	142336.0	|	13380	|	0.00
2014-12-17 00:53:01.794833 	|	 VM_Task_18 	|	 0.0	|	142336.0	|	13380	|	0.00
2014-12-17 00:53:07.815494 	|	 VM_Task_18 	|	 0.0	|	142336.0	|	13380	|	0.00
2014-12-17 00:53:13.839812 	|	 VM_Task_18 	|	 0.0	|	142336.0	|	13380	|	0.00
2014-12-17 00:53:19.863595 	|	 VM_Task_18 	|	 0.0	|	142336.0	|	13380	|	0.00
2014-12-17 00:53:25.890041 	|	 VM_Task_18 	|	 0.0	|	142336.0	|	13380	|	0.00
2014-12-17 00:53:31.910025 	|	 VM_Task_18 	|	 0.0	|	142336.0	|	13380	|	0.00
2014-12-17 00:53:37.936305 	|	 VM_Task_18 	|	 0.0	|	142336.0	|	13380	|	0.00
2014-12-17 00:53:43.960363 	|	 VM_Task_18 	|	 0.0	|	142336.0	|	13380	|	0.00
2014-12-17 00:53:49.983184 	|	 VM_Task_18 	|	 0.0	|	142336.0	|	13380	|	0.00
2014-12-17 00:53:56.015122 	|	 VM_Task_18 	|	 0.0	|	142336.0	|	13380	|	0.00
2014-12-17 00:54:08.758940 	|	 VM_Task_18 	|	 0.0	|	142336.0	|	13380	|	0.00
2014-12-17 00:54:08.770486 	|	 VM_Task_18 	|	 0.0	|	142336.0	|	13380	|	0.00
2014-12-17 00:54:14.085458 	|	 VM_Task_18 	|	 0.0	|	142336.0	|	13380	|	0.00
2014-12-17 00:54:20.111837 	|	 VM_Task_18 	|	 0.0	|	142336.0	|	13380	|	0.00
2014-12-17 00:54:26.137219 	|	 VM_Task_18 	|	 0.0	|	142336.0	|	13380	|	0.00
