2014-12-17 00:23:49.522882 	|	 VM_Task_17 	|	 0.0	|	144384.0	|	4292	|	0.00
2014-12-17 00:23:55.553072 	|	 VM_Task_17 	|	 0.22	|	188416.0	|	48196	|	0.00
2014-12-17 00:24:01.582385 	|	 VM_Task_17 	|	 0.124	|	188416.0	|	48196	|	0.00
2014-12-17 00:24:07.611088 	|	 VM_Task_17 	|	 0.19	|	148480.0	|	8260	|	0.00
2014-12-17 00:24:13.642137 	|	 VM_Task_17 	|	 0.156	|	148480.0	|	8260	|	0.00
2014-12-17 00:24:19.669959 	|	 VM_Task_17 	|	 0.126	|	148480.0	|	8260	|	0.00
2014-12-17 00:24:25.694620 	|	 VM_Task_17 	|	 0.21	|	158720.0	|	18500	|	0.00
2014-12-17 00:24:31.724437 	|	 VM_Task_17 	|	 0.207	|	158720.0	|	18500	|	0.00
2014-12-17 00:24:37.751904 	|	 VM_Task_17 	|	 0.337	|	168960.0	|	28740	|	0.00
2014-12-17 00:24:43.777874 	|	 VM_Task_17 	|	 0.333	|	168960.0	|	28740	|	0.10
2014-12-17 00:24:49.992217 	|	 VM_Task_17 	|	 0.13	|	159744.0	|	4292	|	6.08
2014-12-17 00:24:56.517423 	|	 VM_Task_17 	|	 0.96	|	161792.0	|	23620	|	28.90
2014-12-17 00:25:14.947975 	|	 VM_Task_17 	|	 0.732	|	160768.0	|	23620	|	22.32
2014-12-17 00:25:22.353441 	|	 VM_Task_17 	|	 0.608	|	171008.0	|	33860	|	0.00
2014-12-17 00:25:22.359986 	|	 VM_Task_17 	|	 0.853	|	156672.0	|	8260	|	102.04
2014-12-17 00:25:24.375598 	|	 VM_Task_17 	|	 0.218	|	158720.0	|	8260	|	75.30
2014-12-17 00:25:30.745479 	|	 VM_Task_17 	|	 0.16	|	149504.0	|	13380	|	94.89
2014-12-17 00:25:36.775729 	|	 VM_Task_17 	|	 0.149	|	140288.0	|	4292	|	0.40
2014-12-17 00:25:42.801080 	|	 VM_Task_17 	|	 0.131	|	140288.0	|	4292	|	0.00
2014-12-17 00:25:48.824044 	|	 VM_Task_17 	|	 0.255	|	169984.0	|	33860	|	0.00
2014-12-17 00:25:59.238988 	|	 VM_Task_17 	|	 0.0	|	208896.0	|	58436	|	39.70
2014-12-17 00:26:05.657073 	|	 VM_Task_17 	|	 0.257	|	194560.0	|	58436	|	83.16
2014-12-17 00:26:11.679148 	|	 VM_Task_17 	|	 0.284	|	154624.0	|	18500	|	63.90
2014-12-17 00:26:21.481458 	|	 VM_Task_17 	|	 0.6	|	168960.0	|	18500	|	101.01
2014-12-17 00:26:27.505766 	|	 VM_Task_17 	|	 0.09	|	153600.0	|	4292	|	0.00
2014-12-17 00:26:33.531613 	|	 VM_Task_17 	|	 0.1	|	153600.0	|	4292	|	0.00
2014-12-17 00:26:39.756716 	|	 VM_Task_17 	|	 0.123	|	153600.0	|	4292	|	30.20
2014-12-17 00:26:46.020026 	|	 VM_Task_17 	|	 0.142	|	140288.0	|	4292	|	92.06
2014-12-17 00:26:52.045411 	|	 VM_Task_17 	|	 0.2	|	149504.0	|	13380	|	89.39
2014-12-17 00:26:58.168306 	|	 VM_Task_17 	|	 0.96	|	175104.0	|	38980	|	38.91
2014-12-17 00:27:08.388833 	|	 VM_Task_17 	|	 0.547	|	178176.0	|	38980	|	86.90
2014-12-17 00:27:10.252757 	|	 VM_Task_17 	|	 0.133	|	168960.0	|	28740	|	97.60
2014-12-17 00:27:16.279273 	|	 VM_Task_17 	|	 0.111	|	167936.0	|	28740	|	11.30
2014-12-17 00:27:22.301464 	|	 VM_Task_17 	|	 0.68	|	177152.0	|	38980	|	0.00
2014-12-17 00:27:33.518530 	|	 VM_Task_17 	|	 0.178	|	220160.0	|	68676	|	97.00
2014-12-17 00:27:40.125839 	|	 VM_Task_17 	|	 0.356	|	156672.0	|	18500	|	100.00
2014-12-17 00:27:46.154288 	|	 VM_Task_17 	|	 0.37	|	155648.0	|	18500	|	100.00
2014-12-17 00:27:52.178083 	|	 VM_Task_17 	|	 0.166	|	150528.0	|	13380	|	100.00
2014-12-17 00:27:58.202683 	|	 VM_Task_17 	|	 1.24	|	171008.0	|	33860	|	100.00
2014-12-17 00:28:04.228059 	|	 VM_Task_17 	|	 0.712	|	172032.0	|	33860	|	100.00
2014-12-17 00:28:10.250750 	|	 VM_Task_17 	|	 0.156	|	146432.0	|	8260	|	0.00
2014-12-17 00:28:16.272452 	|	 VM_Task_17 	|	 0.128	|	145408.0	|	8260	|	0.40
2014-12-17 00:28:22.297346 	|	 VM_Task_17 	|	 0.282	|	150528.0	|	13380	|	0.00
2014-12-17 00:28:28.315391 	|	 VM_Task_17 	|	 0.21	|	150528.0	|	13380	|	0.00
2014-12-17 00:28:35.757882 	|	 VM_Task_17 	|	 0.133	|	165888.0	|	13380	|	100.00
2014-12-17 00:28:41.780006 	|	 VM_Task_17 	|	 0.145	|	163840.0	|	13380	|	11.90
2014-12-17 00:28:48.281500 	|	 VM_Task_17 	|	 0.418	|	151552.0	|	13380	|	98.50
2014-12-17 00:28:54.305226 	|	 VM_Task_17 	|	 0.168	|	150528.0	|	13380	|	100.00
2014-12-17 00:29:00.327205 	|	 VM_Task_17 	|	 0.0	|	146432.0	|	13380	|	0.00
2014-12-17 00:29:06.349616 	|	 VM_Task_17 	|	 0.0	|	146432.0	|	13380	|	0.00
2014-12-17 00:29:12.425853 	|	 VM_Task_17 	|	 0.0	|	160768.0	|	13380	|	100.00
2014-12-17 00:29:18.446705 	|	 VM_Task_17 	|	 0.0	|	160768.0	|	13380	|	0.00
2014-12-17 00:29:24.941345 	|	 VM_Task_17 	|	 0.0	|	147456.0	|	13380	|	100.10
2014-12-17 00:29:30.964951 	|	 VM_Task_17 	|	 0.0	|	147456.0	|	13380	|	100.00
2014-12-17 00:29:37.117087 	|	 VM_Task_17 	|	 0.0	|	159744.0	|	13380	|	100.00
2014-12-17 00:29:43.144162 	|	 VM_Task_17 	|	 0.0	|	161792.0	|	13380	|	100.00
2014-12-17 00:29:49.161837 	|	 VM_Task_17 	|	 0.0	|	160768.0	|	13380	|	0.00
2014-12-17 00:29:55.674116 	|	 VM_Task_17 	|	 0.0	|	147456.0	|	13380	|	100.10
2014-12-17 00:30:01.696401 	|	 VM_Task_17 	|	 0.0	|	147456.0	|	13380	|	100.00
2014-12-17 00:30:07.867811 	|	 VM_Task_17 	|	 0.0	|	160768.0	|	13380	|	100.00
2014-12-17 00:30:13.885902 	|	 VM_Task_17 	|	 0.0	|	161792.0	|	13380	|	100.00
2014-12-17 00:30:20.455137 	|	 VM_Task_17 	|	 0.0	|	147456.0	|	13380	|	100.00
2014-12-17 00:30:26.478852 	|	 VM_Task_17 	|	 0.0	|	147456.0	|	13380	|	100.00
2014-12-17 00:30:32.864006 	|	 VM_Task_17 	|	 0.0	|	156672.0	|	13380	|	100.00
2014-12-17 00:30:38.886530 	|	 VM_Task_17 	|	 0.0	|	161792.0	|	13380	|	100.10
2014-12-17 00:30:44.910054 	|	 VM_Task_17 	|	 0.0	|	161792.0	|	13380	|	100.00
2014-12-17 00:30:51.205453 	|	 VM_Task_17 	|	 0.0	|	147456.0	|	13380	|	100.00
2014-12-17 00:30:57.228355 	|	 VM_Task_17 	|	 0.0	|	147456.0	|	13380	|	100.00
2014-12-17 00:31:03.253667 	|	 VM_Task_17 	|	 0.0	|	147456.0	|	13380	|	100.00
2014-12-17 00:31:09.274775 	|	 VM_Task_17 	|	 0.0	|	147456.0	|	13380	|	0.00
2014-12-17 00:31:21.896666 	|	 VM_Task_17 	|	 0.0	|	160768.0	|	13380	|	56.10
2014-12-17 00:31:28.647970 	|	 VM_Task_17 	|	 0.0	|	146432.0	|	13380	|	100.00
2014-12-17 00:31:34.675244 	|	 VM_Task_17 	|	 0.0	|	147456.0	|	13380	|	100.00
2014-12-17 00:31:40.698401 	|	 VM_Task_17 	|	 0.0	|	147456.0	|	13380	|	100.00
2014-12-17 00:31:46.716935 	|	 VM_Task_17 	|	 0.0	|	147456.0	|	13380	|	100.00
2014-12-17 00:31:52.743454 	|	 VM_Task_17 	|	 0.0	|	147456.0	|	13380	|	100.00
2014-12-17 00:31:59.434026 	|	 VM_Task_17 	|	 0.0	|	157696.0	|	13380	|	100.00
2014-12-17 00:32:05.456348 	|	 VM_Task_17 	|	 0.0	|	160768.0	|	13380	|	100.00
2014-12-17 00:32:12.090770 	|	 VM_Task_17 	|	 0.0	|	147456.0	|	13380	|	100.10
2014-12-17 00:32:18.113701 	|	 VM_Task_17 	|	 0.0	|	147456.0	|	13380	|	100.00
2014-12-17 00:32:24.139726 	|	 VM_Task_17 	|	 0.0	|	147456.0	|	13380	|	100.10
2014-12-17 00:32:30.163146 	|	 VM_Task_17 	|	 0.0	|	147456.0	|	13380	|	0.00
2014-12-17 00:32:41.210610 	|	 VM_Task_17 	|	 0.0	|	161792.0	|	13380	|	51.90
2014-12-17 00:32:49.778564 	|	 VM_Task_17 	|	 0.0	|	147456.0	|	13380	|	100.10
2014-12-17 00:32:55.800325 	|	 VM_Task_17 	|	 0.0	|	147456.0	|	13380	|	100.10
2014-12-17 00:33:01.826224 	|	 VM_Task_17 	|	 0.0	|	147456.0	|	13380	|	100.00
2014-12-17 00:33:17.288653 	|	 VM_Task_17 	|	 0.0	|	161792.0	|	13380	|	100.00
2014-12-17 00:33:23.859935 	|	 VM_Task_17 	|	 0.0	|	147456.0	|	13380	|	100.00
2014-12-17 00:33:29.882895 	|	 VM_Task_17 	|	 0.0	|	147456.0	|	13380	|	100.00
2014-12-17 00:33:36.229054 	|	 VM_Task_17 	|	 0.0	|	159744.0	|	13380	|	100.00
2014-12-17 00:33:42.256019 	|	 VM_Task_17 	|	 0.0	|	161792.0	|	13380	|	100.00
2014-12-17 00:33:48.270681 	|	 VM_Task_17 	|	 0.0	|	160768.0	|	13380	|	0.00
2014-12-17 00:33:54.816455 	|	 VM_Task_17 	|	 0.0	|	147456.0	|	13380	|	100.10
2014-12-17 00:34:00.840761 	|	 VM_Task_17 	|	 0.0	|	147456.0	|	13380	|	100.00
2014-12-17 00:34:09.566826 	|	 VM_Task_17 	|	 0.0	|	161792.0	|	13380	|	100.00
2014-12-17 00:34:15.593695 	|	 VM_Task_17 	|	 0.0	|	160768.0	|	13380	|	100.00
2014-12-17 00:34:22.152873 	|	 VM_Task_17 	|	 0.0	|	147456.0	|	13380	|	100.00
2014-12-17 00:34:28.177129 	|	 VM_Task_17 	|	 0.0	|	147456.0	|	13380	|	100.10
2014-12-17 00:34:34.250966 	|	 VM_Task_17 	|	 0.0	|	147456.0	|	13380	|	4.10
2014-12-17 00:34:44.730134 	|	 VM_Task_17 	|	 0.0	|	161792.0	|	13380	|	100.00
2014-12-17 00:34:51.374202 	|	 VM_Task_17 	|	 0.0	|	147456.0	|	13380	|	100.00
2014-12-17 00:34:57.395363 	|	 VM_Task_17 	|	 0.0	|	147456.0	|	13380	|	100.10
2014-12-17 00:35:03.418806 	|	 VM_Task_17 	|	 0.0	|	147456.0	|	13380	|	59.50
2014-12-17 00:35:15.350124 	|	 VM_Task_17 	|	 0.0	|	161792.0	|	13380	|	100.00
2014-12-17 00:35:28.358257 	|	 VM_Task_17 	|	 0.0	|	147456.0	|	13380	|	100.00
2014-12-17 00:35:34.377902 	|	 VM_Task_17 	|	 0.0	|	147456.0	|	13380	|	100.00
2014-12-17 00:35:40.399929 	|	 VM_Task_17 	|	 0.0	|	147456.0	|	13380	|	100.00
2014-12-17 00:35:46.421658 	|	 VM_Task_17 	|	 0.0	|	147456.0	|	13380	|	0.00
2014-12-17 00:35:52.610430 	|	 VM_Task_17 	|	 0.0	|	161792.0	|	13380	|	100.00
2014-12-17 00:35:58.627651 	|	 VM_Task_17 	|	 0.0	|	161792.0	|	13380	|	83.60
2014-12-17 00:36:05.195398 	|	 VM_Task_17 	|	 0.0	|	147456.0	|	13380	|	98.91
2014-12-17 00:36:11.215915 	|	 VM_Task_17 	|	 0.0	|	147456.0	|	13380	|	0.00
2014-12-17 00:36:17.407668 	|	 VM_Task_17 	|	 0.0	|	160768.0	|	13380	|	100.00
2014-12-17 00:36:23.424846 	|	 VM_Task_17 	|	 0.0	|	160768.0	|	13380	|	91.40
2014-12-17 00:36:30.009370 	|	 VM_Task_17 	|	 0.0	|	147456.0	|	13380	|	99.90
2014-12-17 00:36:36.199028 	|	 VM_Task_17 	|	 0.0	|	156672.0	|	13380	|	100.00
2014-12-17 00:36:42.226363 	|	 VM_Task_17 	|	 0.0	|	161792.0	|	13380	|	100.00
2014-12-17 00:36:48.531643 	|	 VM_Task_17 	|	 0.0	|	147456.0	|	13380	|	100.00
2014-12-17 00:36:54.554234 	|	 VM_Task_17 	|	 0.0	|	147456.0	|	13380	|	100.00
2014-12-17 00:37:00.579247 	|	 VM_Task_17 	|	 0.0	|	147456.0	|	13380	|	50.70
2014-12-17 00:37:08.872395 	|	 VM_Task_17 	|	 0.0	|	161792.0	|	13380	|	100.10
2014-12-17 00:37:15.265516 	|	 VM_Task_17 	|	 0.0	|	147456.0	|	13380	|	100.00
2014-12-17 00:37:21.286627 	|	 VM_Task_17 	|	 0.0	|	147456.0	|	13380	|	2.70
2014-12-17 00:37:27.547245 	|	 VM_Task_17 	|	 0.0	|	159744.0	|	13380	|	100.00
2014-12-17 00:37:33.567293 	|	 VM_Task_17 	|	 0.0	|	162816.0	|	13380	|	100.00
2014-12-17 00:37:40.084707 	|	 VM_Task_17 	|	 0.0	|	147456.0	|	13380	|	100.10
2014-12-17 00:37:46.105403 	|	 VM_Task_17 	|	 0.0	|	147456.0	|	13380	|	48.40
2014-12-17 00:37:52.270235 	|	 VM_Task_17 	|	 0.0	|	157696.0	|	13380	|	100.00
2014-12-17 00:37:58.290189 	|	 VM_Task_17 	|	 0.0	|	161792.0	|	13380	|	100.00
2014-12-17 00:38:04.850444 	|	 VM_Task_17 	|	 0.0	|	147456.0	|	13380	|	100.00
2014-12-17 00:38:10.871323 	|	 VM_Task_17 	|	 0.0	|	147456.0	|	13380	|	98.60
2014-12-17 00:38:17.064295 	|	 VM_Task_17 	|	 0.0	|	157696.0	|	13380	|	100.00
2014-12-17 00:38:23.089766 	|	 VM_Task_17 	|	 0.0	|	161792.0	|	13380	|	100.00
2014-12-17 00:38:29.344080 	|	 VM_Task_17 	|	 0.0	|	147456.0	|	13380	|	99.90
2014-12-17 00:38:35.367016 	|	 VM_Task_17 	|	 0.0	|	147456.0	|	13380	|	100.00
2014-12-17 00:38:41.389384 	|	 VM_Task_17 	|	 0.0	|	147456.0	|	13380	|	62.70
2014-12-17 00:38:50.223210 	|	 VM_Task_17 	|	 0.0	|	161792.0	|	13380	|	81.10
2014-12-17 00:38:56.497680 	|	 VM_Task_17 	|	 0.0	|	147456.0	|	13380	|	99.90
2014-12-17 00:39:02.517935 	|	 VM_Task_17 	|	 0.0	|	147456.0	|	13380	|	100.00
2014-12-17 00:39:08.538367 	|	 VM_Task_17 	|	 0.0	|	147456.0	|	13380	|	100.00
2014-12-17 00:39:14.558426 	|	 VM_Task_17 	|	 0.0	|	147456.0	|	13380	|	100.00
2014-12-17 00:39:20.578191 	|	 VM_Task_17 	|	 0.0	|	147456.0	|	13380	|	100.00
2014-12-17 00:39:26.598525 	|	 VM_Task_17 	|	 0.0	|	147456.0	|	13380	|	100.00
2014-12-17 00:39:32.751206 	|	 VM_Task_17 	|	 0.0	|	156672.0	|	13380	|	100.00
2014-12-17 00:39:39.073611 	|	 VM_Task_17 	|	 0.0	|	160768.0	|	13380	|	100.10
2014-12-17 00:39:45.093512 	|	 VM_Task_17 	|	 0.0	|	160768.0	|	13380	|	52.10
2014-12-17 00:39:51.647827 	|	 VM_Task_17 	|	 0.0	|	147456.0	|	13380	|	100.00
2014-12-17 00:39:57.672442 	|	 VM_Task_17 	|	 0.0	|	147456.0	|	13380	|	100.00
2014-12-17 00:40:03.844333 	|	 VM_Task_17 	|	 0.0	|	160768.0	|	13380	|	100.00
2014-12-17 00:40:11.914990 	|	 VM_Task_17 	|	 0.0	|	161792.0	|	13380	|	100.00
2014-12-17 00:40:18.617864 	|	 VM_Task_17 	|	 0.0	|	147456.0	|	13380	|	99.90
2014-12-17 00:40:24.640411 	|	 VM_Task_17 	|	 0.0	|	147456.0	|	13380	|	100.00
2014-12-17 00:40:30.660580 	|	 VM_Task_17 	|	 0.0	|	147456.0	|	13380	|	0.00
2014-12-17 00:40:44.326093 	|	 VM_Task_17 	|	 0.0	|	161792.0	|	13380	|	42.60
2014-12-17 00:40:52.114344 	|	 VM_Task_17 	|	 0.0	|	147456.0	|	13380	|	100.00
2014-12-17 00:40:58.134524 	|	 VM_Task_17 	|	 0.0	|	147456.0	|	13380	|	100.00
2014-12-17 00:41:04.974770 	|	 VM_Task_17 	|	 0.0	|	147456.0	|	13380	|	100.10
2014-12-17 00:41:10.176723 	|	 VM_Task_17 	|	 0.0	|	147456.0	|	13380	|	100.00
2014-12-17 00:41:16.203210 	|	 VM_Task_17 	|	 0.0	|	147456.0	|	13380	|	100.00
2014-12-17 00:41:29.521743 	|	 VM_Task_17 	|	 0.0	|	161792.0	|	13380	|	100.00
2014-12-17 00:41:36.301629 	|	 VM_Task_17 	|	 0.0	|	147456.0	|	13380	|	100.00
2014-12-17 00:41:42.322813 	|	 VM_Task_17 	|	 0.0	|	147456.0	|	13380	|	100.00
2014-12-17 00:41:48.441297 	|	 VM_Task_17 	|	 0.0	|	147456.0	|	13380	|	8.70
2014-12-17 00:42:01.174236 	|	 VM_Task_17 	|	 0.0	|	161792.0	|	13380	|	47.10
2014-12-17 00:42:07.811264 	|	 VM_Task_17 	|	 0.0	|	147456.0	|	13380	|	100.00
2014-12-17 00:42:13.834326 	|	 VM_Task_17 	|	 0.0	|	147456.0	|	13380	|	100.00
2014-12-17 00:42:20.049416 	|	 VM_Task_17 	|	 0.0	|	157696.0	|	13380	|	100.00
2014-12-17 00:42:26.073537 	|	 VM_Task_17 	|	 0.0	|	161792.0	|	13380	|	100.00
2014-12-17 00:42:32.090118 	|	 VM_Task_17 	|	 0.0	|	160768.0	|	13380	|	0.00
2014-12-17 00:42:38.674218 	|	 VM_Task_17 	|	 0.0	|	147456.0	|	13380	|	100.00
2014-12-17 00:42:44.693931 	|	 VM_Task_17 	|	 0.0	|	147456.0	|	13380	|	0.00
2014-12-17 00:42:50.856002 	|	 VM_Task_17 	|	 0.0	|	159744.0	|	13380	|	100.00
2014-12-17 00:42:56.885305 	|	 VM_Task_17 	|	 0.0	|	161792.0	|	13380	|	100.00
2014-12-17 00:43:02.899700 	|	 VM_Task_17 	|	 0.0	|	160768.0	|	13380	|	0.00
2014-12-17 00:43:09.502178 	|	 VM_Task_17 	|	 0.0	|	147456.0	|	13380	|	100.00
2014-12-17 00:43:15.526908 	|	 VM_Task_17 	|	 0.0	|	147456.0	|	13380	|	100.00
2014-12-17 00:43:21.707998 	|	 VM_Task_17 	|	 0.0	|	160768.0	|	13380	|	100.00
2014-12-17 00:43:27.733998 	|	 VM_Task_17 	|	 0.0	|	161792.0	|	13380	|	100.00
2014-12-17 00:43:33.935249 	|	 VM_Task_17 	|	 0.0	|	160768.0	|	13380	|	29.20
2014-12-17 00:43:40.290010 	|	 VM_Task_17 	|	 0.0	|	147456.0	|	13380	|	100.00
2014-12-17 00:43:46.313009 	|	 VM_Task_17 	|	 0.0	|	147456.0	|	13380	|	100.00
2014-12-17 00:44:02.486241 	|	 VM_Task_17 	|	 0.0	|	161792.0	|	13380	|	100.00
2014-12-17 00:44:09.018624 	|	 VM_Task_17 	|	 0.0	|	147456.0	|	13380	|	100.00
2014-12-17 00:44:15.042592 	|	 VM_Task_17 	|	 0.0	|	147456.0	|	13380	|	100.00
2014-12-17 00:44:21.371718 	|	 VM_Task_17 	|	 0.0	|	159744.0	|	13380	|	100.10
2014-12-17 00:44:27.397413 	|	 VM_Task_17 	|	 0.0	|	161792.0	|	13380	|	100.00
2014-12-17 00:44:33.413157 	|	 VM_Task_17 	|	 0.0	|	161792.0	|	13380	|	100.00
2014-12-17 00:44:39.433199 	|	 VM_Task_17 	|	 0.0	|	161792.0	|	13380	|	100.00
2014-12-17 00:44:45.453350 	|	 VM_Task_17 	|	 0.0	|	161792.0	|	13380	|	100.00
2014-12-17 00:44:51.716687 	|	 VM_Task_17 	|	 0.0	|	147456.0	|	13380	|	99.90
2014-12-17 00:44:57.740864 	|	 VM_Task_17 	|	 0.0	|	147456.0	|	13380	|	100.00
2014-12-17 00:45:03.760809 	|	 VM_Task_17 	|	 0.0	|	147456.0	|	13380	|	0.00
2014-12-17 00:45:11.452225 	|	 VM_Task_17 	|	 0.0	|	160768.0	|	13380	|	100.00
2014-12-17 00:45:17.468663 	|	 VM_Task_17 	|	 0.0	|	160768.0	|	13380	|	0.00
2014-12-17 00:45:24.049551 	|	 VM_Task_17 	|	 0.0	|	147456.0	|	13380	|	100.00
2014-12-17 00:45:30.071409 	|	 VM_Task_17 	|	 0.0	|	147456.0	|	13380	|	100.00
2014-12-17 00:45:36.251072 	|	 VM_Task_17 	|	 0.0	|	158720.0	|	13380	|	100.00
2014-12-17 00:45:42.276571 	|	 VM_Task_17 	|	 0.0	|	161792.0	|	13380	|	100.00
2014-12-17 00:45:48.291135 	|	 VM_Task_17 	|	 0.0	|	160768.0	|	13380	|	0.00
2014-12-17 00:45:54.863687 	|	 VM_Task_17 	|	 0.0	|	147456.0	|	13380	|	100.00
2014-12-17 00:46:00.887844 	|	 VM_Task_17 	|	 0.0	|	147456.0	|	13380	|	100.00
2014-12-17 00:46:07.096469 	|	 VM_Task_17 	|	 0.0	|	159744.0	|	13380	|	100.00
2014-12-17 00:46:13.123014 	|	 VM_Task_17 	|	 0.0	|	161792.0	|	13380	|	100.00
2014-12-17 00:46:19.137546 	|	 VM_Task_17 	|	 0.0	|	160768.0	|	13380	|	0.00
2014-12-17 00:46:25.690518 	|	 VM_Task_17 	|	 0.0	|	147456.0	|	13380	|	99.90
2014-12-17 00:46:31.711234 	|	 VM_Task_17 	|	 0.0	|	147456.0	|	13380	|	45.40
2014-12-17 00:46:39.296598 	|	 VM_Task_17 	|	 0.0	|	160768.0	|	13380	|	100.00
2014-12-17 00:46:45.324443 	|	 VM_Task_17 	|	 0.0	|	161792.0	|	13380	|	100.00
2014-12-17 00:46:51.938133 	|	 VM_Task_17 	|	 0.0	|	147456.0	|	13380	|	99.90
2014-12-17 00:46:57.960152 	|	 VM_Task_17 	|	 0.0	|	147456.0	|	13380	|	100.00
2014-12-17 00:47:03.980685 	|	 VM_Task_17 	|	 0.0	|	147456.0	|	13380	|	0.00
2014-12-17 00:47:15.211367 	|	 VM_Task_17 	|	 0.0	|	161792.0	|	13380	|	100.00
2014-12-17 00:47:21.957433 	|	 VM_Task_17 	|	 0.0	|	147456.0	|	13380	|	100.00
2014-12-17 00:47:27.982570 	|	 VM_Task_17 	|	 0.0	|	147456.0	|	13380	|	100.00
2014-12-17 00:47:34.003685 	|	 VM_Task_17 	|	 0.0	|	147456.0	|	13380	|	0.00
2014-12-17 00:47:40.265371 	|	 VM_Task_17 	|	 0.0	|	161792.0	|	13380	|	100.00
2014-12-17 00:47:46.287427 	|	 VM_Task_17 	|	 0.0	|	161792.0	|	13380	|	100.00
2014-12-17 00:47:52.881088 	|	 VM_Task_17 	|	 0.0	|	148480.0	|	13380	|	100.00
2014-12-17 00:47:58.902994 	|	 VM_Task_17 	|	 0.0	|	148480.0	|	13380	|	100.00
2014-12-17 00:48:04.923755 	|	 VM_Task_17 	|	 0.0	|	147456.0	|	13380	|	0.00
2014-12-17 00:48:24.951222 	|	 VM_Task_17 	|	 0.0	|	161792.0	|	13380	|	100.00
2014-12-17 00:48:30.977463 	|	 VM_Task_17 	|	 0.0	|	161792.0	|	13380	|	100.00
2014-12-17 00:48:37.563244 	|	 VM_Task_17 	|	 0.0	|	148480.0	|	13380	|	100.00
2014-12-17 00:48:43.587864 	|	 VM_Task_17 	|	 0.0	|	147456.0	|	13380	|	100.00
2014-12-17 00:48:49.611395 	|	 VM_Task_17 	|	 0.0	|	147456.0	|	13380	|	100.00
2014-12-17 00:48:57.933837 	|	 VM_Task_17 	|	 0.0	|	161792.0	|	13380	|	100.00
2014-12-17 00:49:04.413934 	|	 VM_Task_17 	|	 0.0	|	147456.0	|	13380	|	100.00
2014-12-17 00:49:10.431447 	|	 VM_Task_17 	|	 0.0	|	147456.0	|	13380	|	100.00
2014-12-17 00:49:16.455607 	|	 VM_Task_17 	|	 0.0	|	147456.0	|	13380	|	65.40
2014-12-17 00:49:24.699542 	|	 VM_Task_17 	|	 0.0	|	161792.0	|	13380	|	67.10
2014-12-17 00:49:31.178235 	|	 VM_Task_17 	|	 0.0	|	147456.0	|	13380	|	100.00
2014-12-17 00:49:37.195045 	|	 VM_Task_17 	|	 0.0	|	147456.0	|	13380	|	100.00
2014-12-17 00:49:43.300227 	|	 VM_Task_17 	|	 0.0	|	158720.0	|	13380	|	100.00
2014-12-17 00:49:49.322102 	|	 VM_Task_17 	|	 0.0	|	161792.0	|	13380	|	92.00
2014-12-17 00:49:55.676791 	|	 VM_Task_17 	|	 0.0	|	147456.0	|	13380	|	99.90
2014-12-17 00:50:01.703712 	|	 VM_Task_17 	|	 0.0	|	147456.0	|	13380	|	100.10
2014-12-17 00:50:07.728632 	|	 VM_Task_17 	|	 0.0	|	147456.0	|	13380	|	100.10
2014-12-17 00:50:13.750814 	|	 VM_Task_17 	|	 0.0	|	147456.0	|	13380	|	100.00
2014-12-17 00:50:23.945302 	|	 VM_Task_17 	|	 0.0	|	161792.0	|	13380	|	100.00
2014-12-17 00:50:30.300429 	|	 VM_Task_17 	|	 0.0	|	147456.0	|	13380	|	100.00
2014-12-17 00:50:36.323650 	|	 VM_Task_17 	|	 0.0	|	147456.0	|	13380	|	100.00
2014-12-17 00:50:42.348182 	|	 VM_Task_17 	|	 0.0	|	148480.0	|	13380	|	49.90
2014-12-17 00:50:48.793627 	|	 VM_Task_17 	|	 0.0	|	158720.0	|	13380	|	100.00
2014-12-17 00:50:54.817222 	|	 VM_Task_17 	|	 0.0	|	161792.0	|	13380	|	100.10
2014-12-17 00:51:00.844995 	|	 VM_Task_17 	|	 0.0	|	161792.0	|	13380	|	100.00
2014-12-17 00:51:06.863697 	|	 VM_Task_17 	|	 0.0	|	161792.0	|	13380	|	100.00
2014-12-17 00:51:13.429800 	|	 VM_Task_17 	|	 0.0	|	148480.0	|	13380	|	100.10
2014-12-17 00:51:19.453371 	|	 VM_Task_17 	|	 0.0	|	147456.0	|	13380	|	100.00
2014-12-17 00:51:25.476099 	|	 VM_Task_17 	|	 0.0	|	147456.0	|	13380	|	100.10
2014-12-17 00:51:31.497013 	|	 VM_Task_17 	|	 0.0	|	147456.0	|	13380	|	0.00
2014-12-17 00:51:45.752668 	|	 VM_Task_17 	|	 0.0	|	161792.0	|	13380	|	100.00
2014-12-17 00:51:52.321819 	|	 VM_Task_17 	|	 0.0	|	147456.0	|	13380	|	100.00
2014-12-17 00:51:58.348334 	|	 VM_Task_17 	|	 0.0	|	147456.0	|	13380	|	100.00
2014-12-17 00:52:04.606613 	|	 VM_Task_17 	|	 0.0	|	157696.0	|	13380	|	100.00
2014-12-17 00:52:14.783922 	|	 VM_Task_17 	|	 0.0	|	161792.0	|	13380	|	100.00
2014-12-17 00:52:21.288464 	|	 VM_Task_17 	|	 0.0	|	147456.0	|	13380	|	100.00
2014-12-17 00:52:27.310222 	|	 VM_Task_17 	|	 0.0	|	147456.0	|	13380	|	100.00
2014-12-17 00:52:33.361988 	|	 VM_Task_17 	|	 0.0	|	147456.0	|	13380	|	66.80
2014-12-17 00:52:44.647058 	|	 VM_Task_17 	|	 0.0	|	161792.0	|	13380	|	100.00
2014-12-17 00:52:51.138725 	|	 VM_Task_17 	|	 0.0	|	147456.0	|	13380	|	100.00
2014-12-17 00:52:57.162438 	|	 VM_Task_17 	|	 0.0	|	147456.0	|	13380	|	100.00
2014-12-17 00:53:06.364997 	|	 VM_Task_17 	|	 0.0	|	161792.0	|	13380	|	91.00
2014-12-17 00:53:12.999958 	|	 VM_Task_17 	|	 0.0	|	147456.0	|	13380	|	100.00
2014-12-17 00:53:19.021143 	|	 VM_Task_17 	|	 0.0	|	147456.0	|	13380	|	100.00
2014-12-17 00:53:25.164088 	|	 VM_Task_17 	|	 0.0	|	158720.0	|	13380	|	100.00
2014-12-17 00:53:31.183568 	|	 VM_Task_17 	|	 0.0	|	161792.0	|	13380	|	100.00
2014-12-17 00:53:37.593141 	|	 VM_Task_17 	|	 0.0	|	147456.0	|	13380	|	99.90
2014-12-17 00:53:43.613433 	|	 VM_Task_17 	|	 0.0	|	147456.0	|	13380	|	100.00
2014-12-17 00:53:49.879833 	|	 VM_Task_17 	|	 0.0	|	157696.0	|	13380	|	100.10
2014-12-17 00:53:55.903138 	|	 VM_Task_17 	|	 0.0	|	162816.0	|	13380	|	100.10
2014-12-17 00:54:08.756885 	|	 VM_Task_17 	|	 0.0	|	160768.0	|	13380	|	0.00
2014-12-17 00:54:08.773631 	|	 VM_Task_17 	|	 0.0	|	147456.0	|	13380	|	100.00
2014-12-17 00:54:14.437928 	|	 VM_Task_17 	|	 0.0	|	147456.0	|	13380	|	100.00
2014-12-17 00:54:20.460774 	|	 VM_Task_17 	|	 0.0	|	147456.0	|	13380	|	100.00
2014-12-17 00:54:26.484029 	|	 VM_Task_17 	|	 0.0	|	147456.0	|	13380	|	0.00
