2014-12-17 15:55:49.082483 	|	 VM_Task_11 	|	 0.0	|	0.0	|	10.10	|	135168.0
2014-12-17 15:55:55.114256 	|	 VM_Task_11 	|	 0.161	|	8260	|	0.00	|	147456.0
2014-12-17 15:56:01.138584 	|	 VM_Task_11 	|	 0.16	|	8260	|	0.00	|	147456.0
2014-12-17 15:56:07.162489 	|	 VM_Task_11 	|	 0.157	|	8260	|	0.00	|	147456.0
2014-12-17 15:56:13.185011 	|	 VM_Task_11 	|	 0.156	|	8260	|	0.00	|	147456.0
2014-12-17 15:56:19.216671 	|	 VM_Task_11 	|	 0.154	|	8260	|	0.00	|	147456.0
2014-12-17 15:56:25.362721 	|	 VM_Task_11 	|	 0.966	|	8260	|	0.00	|	147456.0
2014-12-17 15:56:31.398612 	|	 VM_Task_11 	|	 0.975	|	8260	|	0.00	|	148480.0
2014-12-17 15:56:37.425172 	|	 VM_Task_11 	|	 0.985	|	8260	|	0.00	|	148480.0
2014-12-17 15:56:43.461427 	|	 VM_Task_11 	|	 0.99	|	8260	|	0.00	|	148480.0
2014-12-17 15:56:49.630999 	|	 VM_Task_11 	|	 0.994	|	8260	|	99.60	|	152576.0
2014-12-17 15:56:55.668694 	|	 VM_Task_11 	|	 0.998	|	8260	|	0.00	|	146432.0
2014-12-17 15:57:01.705043 	|	 VM_Task_11 	|	 0.999	|	8260	|	0.00	|	159744.0
2014-12-17 15:57:07.741575 	|	 VM_Task_11 	|	 0.998	|	8260	|	0.00	|	146432.0
2014-12-17 15:57:14.042352 	|	 VM_Task_11 	|	 0.999	|	8260	|	16.50	|	158720.0
2014-12-17 15:57:20.244159 	|	 VM_Task_11 	|	 0.14	|	8260	|	5.10	|	159744.0
2014-12-17 15:57:26.271129 	|	 VM_Task_11 	|	 0.09	|	48196	|	0.00	|	186368.0
2014-12-17 15:57:32.297887 	|	 VM_Task_11 	|	 0.1	|	48196	|	0.00	|	198656.0
2014-12-17 15:57:38.324744 	|	 VM_Task_11 	|	 0.083	|	8260	|	0.00	|	145408.0
2014-12-17 15:57:44.626044 	|	 VM_Task_11 	|	 0.112	|	8260	|	45.00	|	158720.0
2014-12-17 15:57:50.684228 	|	 VM_Task_11 	|	 0.116	|	8260	|	1.90	|	158720.0
2014-12-17 15:58:04.745277 	|	 VM_Task_11 	|	 0.0	|	18500	|	83.10	|	155648.0
2014-12-17 15:58:10.776729 	|	 VM_Task_11 	|	 0.58	|	28740	|	0.00	|	180224.0
2014-12-17 15:58:16.854957 	|	 VM_Task_11 	|	 0.25	|	4292	|	43.00	|	142336.0
2014-12-17 15:58:23.300800 	|	 VM_Task_11 	|	 0.144	|	4292	|	0.00	|	141312.0
2014-12-17 15:58:29.338266 	|	 VM_Task_11 	|	 0.742	|	23620	|	0.00	|	175104.0
2014-12-17 15:58:35.363905 	|	 VM_Task_11 	|	 0.755	|	23620	|	0.10	|	160768.0
2014-12-17 15:58:41.398812 	|	 VM_Task_11 	|	 0.668	|	33860	|	0.00	|	184320.0
2014-12-17 15:58:47.431291 	|	 VM_Task_11 	|	 0.225	|	8260	|	51.60	|	145408.0
2014-12-17 15:58:53.713096 	|	 VM_Task_11 	|	 0.233	|	8260	|	0.00	|	145408.0
2014-12-17 15:59:00.566146 	|	 VM_Task_11 	|	 2.3	|	33860	|	0.00	|	173056.0
2014-12-17 15:59:06.826773 	|	 VM_Task_11 	|	 2.0	|	33860	|	45.45	|	186368.0
2014-12-17 15:59:12.865028 	|	 VM_Task_11 	|	 2.01	|	33860	|	57.30	|	174080.0
2014-12-17 15:59:19.242402 	|	 VM_Task_11 	|	 2.02	|	33860	|	0.00	|	174080.0
2014-12-17 15:59:25.279056 	|	 VM_Task_11 	|	 1.969	|	33860	|	0.00	|	186368.0
2014-12-17 15:59:31.319246 	|	 VM_Task_11 	|	 1.976	|	33860	|	0.00	|	173056.0
2014-12-17 15:59:37.554404 	|	 VM_Task_11 	|	 1.981	|	33860	|	2.00	|	186368.0
2014-12-17 15:59:43.749639 	|	 VM_Task_11 	|	 1.993	|	33860	|	25.30	|	188416.0
2014-12-17 15:59:49.788849 	|	 VM_Task_11 	|	 1.999	|	33860	|	0.00	|	173056.0
2014-12-17 15:59:55.814174 	|	 VM_Task_11 	|	 2.0	|	33860	|	0.00	|	173056.0
2014-12-17 16:00:14.045228 	|	 VM_Task_11 	|	 1.686	|	33860	|	10.00	|	187392.0
2014-12-17 16:00:20.092479 	|	 VM_Task_11 	|	 1.701	|	33860	|	0.00	|	173056.0
2014-12-17 16:00:26.128310 	|	 VM_Task_11 	|	 1.722	|	33860	|	0.00	|	187392.0
2014-12-17 16:00:32.166448 	|	 VM_Task_11 	|	 1.74	|	33860	|	0.00	|	174080.0
2014-12-17 16:00:38.203598 	|	 VM_Task_11 	|	 1.755	|	33860	|	43.10	|	186368.0
2014-12-17 16:00:44.442276 	|	 VM_Task_11 	|	 1.772	|	33860	|	2.80	|	187392.0
2014-12-17 16:00:50.475011 	|	 VM_Task_11 	|	 1.785	|	33860	|	0.00	|	174080.0
2014-12-17 16:00:56.545629 	|	 VM_Task_11 	|	 2.057	|	13380	|	0.00	|	166912.0
2014-12-17 16:01:02.614630 	|	 VM_Task_11 	|	 1.959	|	13380	|	8.10	|	153600.0
2014-12-17 16:01:08.648432 	|	 VM_Task_11 	|	 1.962	|	4292	|	42.10	|	158720.0
2014-12-17 16:01:14.733849 	|	 VM_Task_11 	|	 0.123	|	4292	|	6.90	|	158720.0
2014-12-17 16:01:20.769637 	|	 VM_Task_11 	|	 0.192	|	33860	|	0.00	|	174080.0
2014-12-17 16:01:26.796320 	|	 VM_Task_11 	|	 0.49	|	58436	|	0.00	|	211968.0
2014-12-17 16:01:32.824041 	|	 VM_Task_11 	|	 0.295	|	58436	|	0.00	|	198656.0
2014-12-17 16:01:39.246503 	|	 VM_Task_11 	|	 0.333	|	18500	|	42.10	|	172032.0
2014-12-17 16:01:45.295726 	|	 VM_Task_11 	|	 0.259	|	18500	|	0.90	|	172032.0
2014-12-17 16:01:51.322060 	|	 VM_Task_11 	|	 0.291	|	18500	|	0.00	|	158720.0
2014-12-17 16:01:57.349353 	|	 VM_Task_11 	|	 0.105	|	4292	|	0.00	|	157696.0
2014-12-17 16:02:03.375940 	|	 VM_Task_11 	|	 0.107	|	4292	|	0.00	|	144384.0
2014-12-17 16:02:21.921456 	|	 VM_Task_11 	|	 0.0	|	13380	|	100.00	|	153600.0
2014-12-17 16:02:27.951372 	|	 VM_Task_11 	|	 0.915	|	38980	|	0.00	|	192512.0
2014-12-17 16:02:33.979648 	|	 VM_Task_11 	|	 0.54	|	38980	|	0.00	|	179200.0
2014-12-17 16:02:40.005914 	|	 VM_Task_11 	|	 0.13	|	28740	|	0.00	|	182272.0
2014-12-17 16:02:46.037912 	|	 VM_Task_11 	|	 0.0	|	38980	|	53.50	|	179200.0
2014-12-17 16:02:52.256677 	|	 VM_Task_11 	|	 0.551	|	38980	|	0.00	|	179200.0
2014-12-17 16:02:58.284394 	|	 VM_Task_11 	|	 0.116	|	68676	|	0.00	|	223232.0
2014-12-17 16:03:04.311326 	|	 VM_Task_11 	|	 0.12	|	68676	|	0.00	|	208896.0
2014-12-17 16:03:10.337666 	|	 VM_Task_11 	|	 0.344	|	18500	|	0.00	|	172032.0
2014-12-17 16:03:16.368387 	|	 VM_Task_11 	|	 0.13	|	13380	|	52.80	|	153600.0
2014-12-17 16:03:22.615621 	|	 VM_Task_11 	|	 0.161	|	13380	|	0.00	|	153600.0
2014-12-17 16:03:29.394661 	|	 VM_Task_11 	|	 3.48	|	33860	|	0.00	|	176128.0
2014-12-17 16:03:38.691625 	|	 VM_Task_11 	|	 2.996	|	33860	|	39.60	|	181248.0
2014-12-17 16:03:44.738140 	|	 VM_Task_11 	|	 3.06	|	33860	|	59.70	|	191488.0
2014-12-17 16:03:51.294907 	|	 VM_Task_11 	|	 2.945	|	33860	|	100.00	|	175104.0
2014-12-17 16:03:57.320288 	|	 VM_Task_11 	|	 2.99	|	33860	|	31.70	|	175104.0
2014-12-17 16:04:05.207933 	|	 VM_Task_11 	|	 2.951	|	33860	|	24.40	|	188416.0
2014-12-17 16:04:11.571046 	|	 VM_Task_11 	|	 2.998	|	33860	|	97.50	|	174080.0
2014-12-17 16:04:17.593337 	|	 VM_Task_11 	|	 3.0	|	33860	|	0.00	|	174080.0
2014-12-17 16:04:23.615030 	|	 VM_Task_11 	|	 3.0	|	33860	|	0.00	|	174080.0
2014-12-17 16:04:29.640394 	|	 VM_Task_11 	|	 3.0	|	33860	|	60.30	|	174080.0
2014-12-17 16:04:35.675733 	|	 VM_Task_11 	|	 3.0	|	33860	|	0.00	|	187392.0
2014-12-17 16:04:42.058714 	|	 VM_Task_11 	|	 3.0	|	33860	|	100.00	|	175104.0
2014-12-17 16:04:48.083995 	|	 VM_Task_11 	|	 2.986	|	33860	|	0.00	|	174080.0
2014-12-17 16:04:55.412167 	|	 VM_Task_11 	|	 2.986	|	33860	|	21.60	|	188416.0
2014-12-17 16:05:01.765958 	|	 VM_Task_11 	|	 3.0	|	33860	|	100.00	|	175104.0
2014-12-17 16:05:07.787372 	|	 VM_Task_11 	|	 3.0	|	33860	|	0.00	|	174080.0
2014-12-17 16:05:15.034520 	|	 VM_Task_11 	|	 3.0	|	33860	|	72.60	|	189440.0
2014-12-17 16:05:21.635915 	|	 VM_Task_11 	|	 2.997	|	33860	|	100.00	|	174080.0
2014-12-17 16:05:27.658131 	|	 VM_Task_11 	|	 3.0	|	33860	|	0.20	|	174080.0
2014-12-17 16:05:35.156853 	|	 VM_Task_11 	|	 0.107	|	8260	|	81.30	|	162816.0
2014-12-17 16:05:41.951517 	|	 VM_Task_11 	|	 0.296	|	13380	|	100.00	|	153600.0
2014-12-17 16:05:47.970472 	|	 VM_Task_11 	|	 0.231	|	13380	|	0.90	|	152576.0
2014-12-17 16:05:55.949519 	|	 VM_Task_11 	|	 0.122	|	13380	|	17.80	|	167936.0
2014-12-17 16:06:02.444823 	|	 VM_Task_11 	|	 0.135	|	13380	|	100.00	|	154624.0
2014-12-17 16:06:08.463908 	|	 VM_Task_11 	|	 0.0	|	13380	|	0.00	|	153600.0
2014-12-17 16:06:15.588905 	|	 VM_Task_11 	|	 0.154	|	13380	|	62.30	|	167936.0
2014-12-17 16:06:22.039136 	|	 VM_Task_11 	|	 0.0	|	13380	|	100.00	|	149504.0
2014-12-17 16:06:28.058329 	|	 VM_Task_11 	|	 0.0	|	13380	|	100.00	|	149504.0
2014-12-17 16:06:34.077110 	|	 VM_Task_11 	|	 0.0	|	13380	|	100.00	|	150528.0
2014-12-17 16:06:40.096933 	|	 VM_Task_11 	|	 0.0	|	13380	|	0.00	|	150528.0
2014-12-17 16:06:46.115921 	|	 VM_Task_11 	|	 0.0	|	13380	|	0.00	|	150528.0
2014-12-17 16:06:52.185159 	|	 VM_Task_11 	|	 0.0	|	13380	|	100.00	|	163840.0
2014-12-17 16:06:58.203980 	|	 VM_Task_11 	|	 0.0	|	13380	|	0.00	|	162816.0
2014-12-17 16:07:04.564763 	|	 VM_Task_11 	|	 0.0	|	13380	|	100.00	|	150528.0
2014-12-17 16:07:10.612015 	|	 VM_Task_11 	|	 0.0	|	13380	|	65.80	|	150528.0
2014-12-17 16:07:16.649261 	|	 VM_Task_11 	|	 0.0	|	13380	|	0.00	|	163840.0
2014-12-17 16:07:22.668560 	|	 VM_Task_11 	|	 0.0	|	13380	|	0.00	|	163840.0
2014-12-17 16:07:28.688165 	|	 VM_Task_11 	|	 0.0	|	13380	|	0.00	|	163840.0
2014-12-17 16:07:34.707576 	|	 VM_Task_11 	|	 0.0	|	13380	|	0.00	|	163840.0
2014-12-17 16:07:40.727189 	|	 VM_Task_11 	|	 0.0	|	13380	|	0.00	|	162816.0
2014-12-17 16:07:46.746612 	|	 VM_Task_11 	|	 0.0	|	13380	|	0.00	|	163840.0
2014-12-17 16:07:52.766337 	|	 VM_Task_11 	|	 0.0	|	13380	|	0.00	|	162816.0
2014-12-17 16:07:58.786308 	|	 VM_Task_11 	|	 0.0	|	13380	|	0.00	|	163840.0
2014-12-17 16:08:04.806217 	|	 VM_Task_11 	|	 0.0	|	13380	|	0.00	|	162816.0
2014-12-17 16:08:10.826376 	|	 VM_Task_11 	|	 0.0	|	13380	|	0.00	|	163840.0
2014-12-17 16:08:16.845357 	|	 VM_Task_11 	|	 0.0	|	13380	|	0.00	|	163840.0
2014-12-17 16:08:22.864745 	|	 VM_Task_11 	|	 0.0	|	13380	|	0.00	|	163840.0
2014-12-17 16:08:28.883934 	|	 VM_Task_11 	|	 0.0	|	13380	|	0.00	|	163840.0
2014-12-17 16:08:34.903129 	|	 VM_Task_11 	|	 0.0	|	13380	|	0.00	|	162816.0
2014-12-17 16:08:40.922701 	|	 VM_Task_11 	|	 0.0	|	13380	|	0.00	|	163840.0
2014-12-17 16:08:46.942321 	|	 VM_Task_11 	|	 0.0	|	13380	|	0.00	|	163840.0
2014-12-17 16:08:52.962462 	|	 VM_Task_11 	|	 0.0	|	13380	|	0.00	|	163840.0
2014-12-17 16:08:58.982225 	|	 VM_Task_11 	|	 0.0	|	13380	|	0.00	|	163840.0
2014-12-17 16:09:05.001822 	|	 VM_Task_11 	|	 0.0	|	13380	|	0.00	|	163840.0
2014-12-17 16:09:11.021377 	|	 VM_Task_11 	|	 0.0	|	13380	|	0.00	|	163840.0
2014-12-17 16:09:17.041046 	|	 VM_Task_11 	|	 0.0	|	13380	|	0.00	|	162816.0
2014-12-17 16:09:23.060507 	|	 VM_Task_11 	|	 0.0	|	13380	|	0.00	|	163840.0
2014-12-17 16:09:29.079933 	|	 VM_Task_11 	|	 0.0	|	13380	|	0.00	|	162816.0
2014-12-17 16:09:35.099407 	|	 VM_Task_11 	|	 0.0	|	13380	|	0.00	|	163840.0
2014-12-17 16:09:41.118713 	|	 VM_Task_11 	|	 0.0	|	13380	|	0.00	|	163840.0
2014-12-17 16:09:47.138256 	|	 VM_Task_11 	|	 0.0	|	13380	|	8.70	|	163840.0
2014-12-17 16:09:53.159073 	|	 VM_Task_11 	|	 0.0	|	13380	|	0.00	|	163840.0
2014-12-17 16:09:59.178444 	|	 VM_Task_11 	|	 0.0	|	13380	|	0.00	|	163840.0
2014-12-17 16:10:05.197671 	|	 VM_Task_11 	|	 0.0	|	13380	|	9.30	|	163840.0
2014-12-17 16:10:11.221026 	|	 VM_Task_11 	|	 0.0	|	13380	|	0.00	|	163840.0
2014-12-17 16:10:17.240120 	|	 VM_Task_11 	|	 0.0	|	13380	|	0.10	|	163840.0
2014-12-17 16:10:23.259582 	|	 VM_Task_11 	|	 0.0	|	13380	|	0.00	|	164864.0
2014-12-17 16:10:29.278983 	|	 VM_Task_11 	|	 0.0	|	13380	|	0.00	|	163840.0
2014-12-17 16:10:35.300035 	|	 VM_Task_11 	|	 0.0	|	13380	|	0.00	|	163840.0
2014-12-17 16:10:41.324321 	|	 VM_Task_11 	|	 0.0	|	13380	|	0.00	|	163840.0
2014-12-17 16:10:47.343190 	|	 VM_Task_11 	|	 0.0	|	13380	|	0.00	|	163840.0
2014-12-17 16:10:53.365239 	|	 VM_Task_11 	|	 0.0	|	13380	|	0.00	|	163840.0
2014-12-17 16:10:59.386845 	|	 VM_Task_11 	|	 0.0	|	13380	|	0.00	|	163840.0
2014-12-17 16:11:05.411052 	|	 VM_Task_11 	|	 0.0	|	13380	|	0.00	|	163840.0
2014-12-17 16:11:11.432826 	|	 VM_Task_11 	|	 0.0	|	13380	|	0.00	|	163840.0
2014-12-17 16:11:17.454550 	|	 VM_Task_11 	|	 0.0	|	13380	|	0.00	|	163840.0
2014-12-17 16:11:23.473707 	|	 VM_Task_11 	|	 0.0	|	13380	|	0.00	|	163840.0
2014-12-17 16:11:29.497831 	|	 VM_Task_11 	|	 0.0	|	13380	|	0.00	|	163840.0
2014-12-17 16:11:35.517337 	|	 VM_Task_11 	|	 0.0	|	13380	|	0.00	|	163840.0
2014-12-17 16:11:41.541197 	|	 VM_Task_11 	|	 0.0	|	13380	|	0.00	|	163840.0
2014-12-17 16:11:47.558494 	|	 VM_Task_11 	|	 0.0	|	13380	|	0.00	|	163840.0
2014-12-17 16:11:53.577639 	|	 VM_Task_11 	|	 0.0	|	13380	|	0.00	|	163840.0
2014-12-17 16:11:59.597165 	|	 VM_Task_11 	|	 0.0	|	13380	|	0.00	|	163840.0
2014-12-17 16:12:05.617422 	|	 VM_Task_11 	|	 0.0	|	13380	|	0.00	|	163840.0
2014-12-17 16:12:11.637611 	|	 VM_Task_11 	|	 0.0	|	13380	|	0.00	|	163840.0
2014-12-17 16:12:17.657205 	|	 VM_Task_11 	|	 0.0	|	13380	|	0.00	|	163840.0
2014-12-17 16:12:23.676574 	|	 VM_Task_11 	|	 0.0	|	13380	|	0.00	|	164864.0
2014-12-17 16:12:29.696033 	|	 VM_Task_11 	|	 0.0	|	13380	|	0.00	|	163840.0
2014-12-17 16:12:35.715255 	|	 VM_Task_11 	|	 0.0	|	13380	|	0.00	|	163840.0
2014-12-17 16:12:41.735210 	|	 VM_Task_11 	|	 0.0	|	13380	|	0.00	|	164864.0
2014-12-17 16:12:47.754693 	|	 VM_Task_11 	|	 0.0	|	13380	|	0.00	|	163840.0
2014-12-17 16:12:53.774236 	|	 VM_Task_11 	|	 0.0	|	13380	|	0.00	|	163840.0
2014-12-17 16:12:59.793291 	|	 VM_Task_11 	|	 0.0	|	13380	|	0.00	|	163840.0
2014-12-17 16:13:05.813803 	|	 VM_Task_11 	|	 0.0	|	13380	|	0.00	|	164864.0
2014-12-17 16:13:11.832899 	|	 VM_Task_11 	|	 0.0	|	13380	|	0.00	|	163840.0
2014-12-17 16:13:17.852267 	|	 VM_Task_11 	|	 0.0	|	13380	|	0.00	|	163840.0
2014-12-17 16:13:23.871971 	|	 VM_Task_11 	|	 0.0	|	13380	|	0.00	|	163840.0
2014-12-17 16:13:29.891500 	|	 VM_Task_11 	|	 0.0	|	13380	|	0.00	|	163840.0
2014-12-17 16:13:35.910917 	|	 VM_Task_11 	|	 0.0	|	13380	|	0.00	|	163840.0
2014-12-17 16:13:41.932364 	|	 VM_Task_11 	|	 0.0	|	13380	|	0.00	|	163840.0
2014-12-17 16:13:47.956659 	|	 VM_Task_11 	|	 0.0	|	13380	|	0.00	|	163840.0
2014-12-17 16:13:53.975918 	|	 VM_Task_11 	|	 0.0	|	13380	|	0.00	|	163840.0
2014-12-17 16:13:59.997038 	|	 VM_Task_11 	|	 0.0	|	13380	|	0.00	|	163840.0
2014-12-17 16:14:06.019230 	|	 VM_Task_11 	|	 0.0	|	13380	|	0.00	|	163840.0
2014-12-17 16:14:12.039137 	|	 VM_Task_11 	|	 0.0	|	13380	|	0.00	|	163840.0
2014-12-17 16:14:18.063630 	|	 VM_Task_11 	|	 0.0	|	13380	|	0.00	|	163840.0
2014-12-17 16:14:24.085975 	|	 VM_Task_11 	|	 0.0	|	13380	|	0.00	|	163840.0
2014-12-17 16:14:30.107176 	|	 VM_Task_11 	|	 0.0	|	13380	|	0.00	|	164864.0
2014-12-17 16:14:36.128038 	|	 VM_Task_11 	|	 0.0	|	13380	|	0.00	|	163840.0
2014-12-17 16:14:42.149919 	|	 VM_Task_11 	|	 0.0	|	13380	|	0.00	|	163840.0
2014-12-17 16:14:48.172831 	|	 VM_Task_11 	|	 0.0	|	13380	|	0.00	|	163840.0
2014-12-17 16:14:54.191393 	|	 VM_Task_11 	|	 0.0	|	13380	|	0.00	|	163840.0
2014-12-17 16:15:00.211192 	|	 VM_Task_11 	|	 0.0	|	13380	|	0.00	|	163840.0
2014-12-17 16:15:06.231893 	|	 VM_Task_11 	|	 0.0	|	13380	|	0.00	|	163840.0
2014-12-17 16:15:12.251880 	|	 VM_Task_11 	|	 0.0	|	13380	|	0.00	|	163840.0
2014-12-17 16:15:18.272161 	|	 VM_Task_11 	|	 0.0	|	13380	|	0.00	|	163840.0
2014-12-17 16:15:24.291619 	|	 VM_Task_11 	|	 0.0	|	13380	|	0.00	|	163840.0
2014-12-17 16:15:30.310980 	|	 VM_Task_11 	|	 0.0	|	13380	|	0.00	|	163840.0
2014-12-17 16:15:36.330323 	|	 VM_Task_11 	|	 0.0	|	13380	|	0.00	|	163840.0
2014-12-17 16:15:42.349940 	|	 VM_Task_11 	|	 0.0	|	13380	|	0.00	|	163840.0
2014-12-17 16:15:48.369674 	|	 VM_Task_11 	|	 0.0	|	13380	|	0.00	|	163840.0
2014-12-17 16:15:54.387937 	|	 VM_Task_11 	|	 0.0	|	13380	|	0.00	|	163840.0
2014-12-17 16:16:00.406663 	|	 VM_Task_11 	|	 0.0	|	13380	|	0.00	|	163840.0
2014-12-17 16:16:06.426362 	|	 VM_Task_11 	|	 0.0	|	13380	|	0.00	|	164864.0
2014-12-17 16:16:12.445705 	|	 VM_Task_11 	|	 0.0	|	13380	|	0.00	|	163840.0
2014-12-17 16:16:18.464759 	|	 VM_Task_11 	|	 0.0	|	13380	|	0.00	|	163840.0
2014-12-17 16:16:24.484579 	|	 VM_Task_11 	|	 0.0	|	13380	|	0.00	|	163840.0
2014-12-17 16:16:30.504410 	|	 VM_Task_11 	|	 0.0	|	13380	|	0.00	|	163840.0
2014-12-17 16:16:36.523875 	|	 VM_Task_11 	|	 0.0	|	13380	|	0.00	|	163840.0
2014-12-17 16:16:42.543974 	|	 VM_Task_11 	|	 0.0	|	13380	|	0.00	|	163840.0
2014-12-17 16:16:48.565357 	|	 VM_Task_11 	|	 0.0	|	13380	|	0.00	|	163840.0
2014-12-17 16:16:54.589552 	|	 VM_Task_11 	|	 0.0	|	13380	|	0.00	|	163840.0
2014-12-17 16:17:00.608799 	|	 VM_Task_11 	|	 0.0	|	13380	|	0.00	|	163840.0
2014-12-17 16:17:06.629255 	|	 VM_Task_11 	|	 0.0	|	13380	|	0.00	|	163840.0
2014-12-17 16:17:12.650308 	|	 VM_Task_11 	|	 0.0	|	13380	|	0.00	|	163840.0
2014-12-17 16:17:18.671722 	|	 VM_Task_11 	|	 0.0	|	13380	|	0.00	|	163840.0
2014-12-17 16:17:24.695268 	|	 VM_Task_11 	|	 0.0	|	13380	|	0.00	|	163840.0
2014-12-17 16:17:30.717332 	|	 VM_Task_11 	|	 0.0	|	13380	|	0.00	|	163840.0
2014-12-17 16:17:36.739106 	|	 VM_Task_11 	|	 0.0	|	13380	|	0.00	|	163840.0
2014-12-17 16:17:42.759745 	|	 VM_Task_11 	|	 0.0	|	13380	|	0.00	|	163840.0
2014-12-17 16:17:48.779330 	|	 VM_Task_11 	|	 0.0	|	13380	|	0.00	|	163840.0
2014-12-17 16:17:54.803459 	|	 VM_Task_11 	|	 0.0	|	13380	|	0.00	|	164864.0
2014-12-17 16:18:00.819731 	|	 VM_Task_11 	|	 0.0	|	13380	|	0.00	|	163840.0
2014-12-17 16:18:06.840671 	|	 VM_Task_11 	|	 0.0	|	13380	|	0.00	|	163840.0
2014-12-17 16:18:12.861946 	|	 VM_Task_11 	|	 0.0	|	13380	|	0.00	|	163840.0
2014-12-17 16:18:18.882040 	|	 VM_Task_11 	|	 0.0	|	13380	|	0.00	|	163840.0
2014-12-17 16:18:24.904322 	|	 VM_Task_11 	|	 0.0	|	13380	|	0.00	|	163840.0
2014-12-17 16:18:30.923813 	|	 VM_Task_11 	|	 0.0	|	13380	|	0.00	|	163840.0
2014-12-17 16:18:36.943106 	|	 VM_Task_11 	|	 0.0	|	13380	|	0.00	|	163840.0
2014-12-17 16:18:42.962691 	|	 VM_Task_11 	|	 0.0	|	13380	|	0.00	|	163840.0
2014-12-17 16:18:48.982070 	|	 VM_Task_11 	|	 0.0	|	13380	|	0.00	|	163840.0
2014-12-17 16:18:55.001135 	|	 VM_Task_11 	|	 0.0	|	13380	|	0.00	|	163840.0
2014-12-17 16:19:01.021385 	|	 VM_Task_11 	|	 0.0	|	13380	|	0.00	|	163840.0
2014-12-17 16:19:07.041056 	|	 VM_Task_11 	|	 0.0	|	13380	|	0.00	|	163840.0
2014-12-17 16:19:13.059761 	|	 VM_Task_11 	|	 0.0	|	13380	|	0.00	|	163840.0
2014-12-17 16:19:19.078849 	|	 VM_Task_11 	|	 0.0	|	13380	|	0.00	|	163840.0
2014-12-17 16:19:25.097707 	|	 VM_Task_11 	|	 0.0	|	13380	|	0.00	|	163840.0
2014-12-17 16:19:31.116928 	|	 VM_Task_11 	|	 0.0	|	13380	|	0.00	|	164864.0
2014-12-17 16:19:37.135567 	|	 VM_Task_11 	|	 0.0	|	13380	|	0.00	|	163840.0
2014-12-17 16:19:43.154749 	|	 VM_Task_11 	|	 0.0	|	13380	|	0.00	|	163840.0
2014-12-17 16:19:49.174479 	|	 VM_Task_11 	|	 0.0	|	13380	|	0.00	|	163840.0
2014-12-17 16:19:55.195545 	|	 VM_Task_11 	|	 0.0	|	13380	|	0.00	|	163840.0
2014-12-17 16:20:01.215685 	|	 VM_Task_11 	|	 0.0	|	13380	|	0.00	|	163840.0
2014-12-17 16:20:07.237894 	|	 VM_Task_11 	|	 0.0	|	13380	|	0.00	|	163840.0
2014-12-17 16:20:13.258466 	|	 VM_Task_11 	|	 0.0	|	13380	|	0.00	|	163840.0
2014-12-17 16:20:19.279524 	|	 VM_Task_11 	|	 0.0	|	13380	|	0.00	|	163840.0
2014-12-17 16:20:25.299920 	|	 VM_Task_11 	|	 0.0	|	13380	|	0.00	|	163840.0
2014-12-17 16:20:31.319443 	|	 VM_Task_11 	|	 0.0	|	13380	|	0.00	|	163840.0
2014-12-17 16:20:37.339328 	|	 VM_Task_11 	|	 0.0	|	13380	|	0.00	|	163840.0
2014-12-17 16:20:43.359073 	|	 VM_Task_11 	|	 0.0	|	13380	|	0.00	|	163840.0
2014-12-17 16:20:49.378950 	|	 VM_Task_11 	|	 0.0	|	13380	|	0.00	|	163840.0
2014-12-17 16:20:55.399713 	|	 VM_Task_11 	|	 0.0	|	13380	|	0.00	|	163840.0
2014-12-17 16:21:01.419188 	|	 VM_Task_11 	|	 0.0	|	13380	|	0.00	|	163840.0
2014-12-17 16:21:07.439069 	|	 VM_Task_11 	|	 0.0	|	13380	|	0.00	|	163840.0
2014-12-17 16:21:13.458280 	|	 VM_Task_11 	|	 0.0	|	13380	|	0.00	|	163840.0
2014-12-17 16:21:19.477982 	|	 VM_Task_11 	|	 0.0	|	13380	|	0.00	|	164864.0
2014-12-17 16:21:25.497717 	|	 VM_Task_11 	|	 0.0	|	13380	|	0.00	|	163840.0
2014-12-17 16:21:31.517570 	|	 VM_Task_11 	|	 0.0	|	13380	|	0.00	|	163840.0
2014-12-17 16:21:37.537424 	|	 VM_Task_11 	|	 0.0	|	13380	|	0.00	|	163840.0
2014-12-17 16:21:43.557318 	|	 VM_Task_11 	|	 0.0	|	13380	|	0.00	|	163840.0
2014-12-17 16:21:49.577065 	|	 VM_Task_11 	|	 0.0	|	13380	|	0.00	|	163840.0
2014-12-17 16:21:55.596769 	|	 VM_Task_11 	|	 0.0	|	13380	|	0.00	|	163840.0
2014-12-17 16:22:01.616670 	|	 VM_Task_11 	|	 0.0	|	13380	|	0.00	|	163840.0
2014-12-17 16:22:07.636511 	|	 VM_Task_11 	|	 0.0	|	13380	|	0.00	|	163840.0
2014-12-17 16:22:13.655906 	|	 VM_Task_11 	|	 0.0	|	13380	|	0.00	|	163840.0
2014-12-17 16:22:19.675726 	|	 VM_Task_11 	|	 0.0	|	13380	|	0.00	|	163840.0
2014-12-17 16:22:25.695460 	|	 VM_Task_11 	|	 0.0	|	13380	|	0.00	|	163840.0
2014-12-17 16:22:31.714731 	|	 VM_Task_11 	|	 0.0	|	13380	|	0.00	|	163840.0
2014-12-17 16:22:37.734288 	|	 VM_Task_11 	|	 0.0	|	13380	|	0.00	|	163840.0
2014-12-17 16:22:43.754020 	|	 VM_Task_11 	|	 0.0	|	13380	|	0.00	|	163840.0
2014-12-17 16:22:49.773943 	|	 VM_Task_11 	|	 0.0	|	13380	|	0.00	|	163840.0
2014-12-17 16:22:55.793737 	|	 VM_Task_11 	|	 0.0	|	13380	|	0.00	|	163840.0
2014-12-17 16:23:01.813294 	|	 VM_Task_11 	|	 0.0	|	13380	|	0.00	|	163840.0
2014-12-17 16:23:07.836669 	|	 VM_Task_11 	|	 0.0	|	13380	|	97.10	|	169984.0
2014-12-17 16:23:13.858291 	|	 VM_Task_11 	|	 0.0	|	13380	|	0.00	|	169984.0
2014-12-17 16:23:19.879400 	|	 VM_Task_11 	|	 0.0	|	13380	|	0.00	|	169984.0
2014-12-17 16:23:25.900312 	|	 VM_Task_11 	|	 0.0	|	13380	|	0.00	|	169984.0
2014-12-17 16:23:31.919684 	|	 VM_Task_11 	|	 0.0	|	13380	|	0.00	|	169984.0
2014-12-17 16:23:37.938509 	|	 VM_Task_11 	|	 0.0	|	13380	|	0.00	|	169984.0
2014-12-17 16:23:43.958359 	|	 VM_Task_11 	|	 0.0	|	13380	|	0.00	|	169984.0
2014-12-17 16:23:49.979396 	|	 VM_Task_11 	|	 0.0	|	13380	|	0.00	|	169984.0
2014-12-17 16:23:56.000589 	|	 VM_Task_11 	|	 0.0	|	13380	|	0.00	|	169984.0
2014-12-17 16:24:02.021358 	|	 VM_Task_11 	|	 0.0	|	13380	|	0.00	|	169984.0
2014-12-17 16:24:08.041243 	|	 VM_Task_11 	|	 0.0	|	13380	|	0.00	|	171008.0
2014-12-17 16:24:14.060366 	|	 VM_Task_11 	|	 0.0	|	13380	|	0.00	|	169984.0
2014-12-17 16:24:20.079881 	|	 VM_Task_11 	|	 0.0	|	13380	|	0.00	|	169984.0
2014-12-17 16:24:26.099891 	|	 VM_Task_11 	|	 0.0	|	13380	|	0.00	|	169984.0
2014-12-17 16:24:32.118193 	|	 VM_Task_11 	|	 0.0	|	13380	|	0.00	|	169984.0
2014-12-17 16:24:38.137895 	|	 VM_Task_11 	|	 0.0	|	13380	|	0.00	|	169984.0
2014-12-17 16:24:44.157222 	|	 VM_Task_11 	|	 0.0	|	13380	|	0.00	|	169984.0
2014-12-17 16:24:50.176794 	|	 VM_Task_11 	|	 0.0	|	13380	|	0.00	|	169984.0
2014-12-17 16:24:56.196550 	|	 VM_Task_11 	|	 0.0	|	13380	|	0.00	|	169984.0
2014-12-17 16:25:02.216996 	|	 VM_Task_11 	|	 0.0	|	13380	|	0.00	|	169984.0
2014-12-17 16:25:08.236369 	|	 VM_Task_11 	|	 0.0	|	13380	|	0.00	|	169984.0
2014-12-17 16:25:14.255826 	|	 VM_Task_11 	|	 0.0	|	13380	|	0.00	|	169984.0
2014-12-17 16:25:20.275980 	|	 VM_Task_11 	|	 0.0	|	13380	|	0.00	|	169984.0
2014-12-17 16:25:26.296798 	|	 VM_Task_11 	|	 0.0	|	13380	|	0.00	|	169984.0
2014-12-17 16:25:32.317147 	|	 VM_Task_11 	|	 0.0	|	13380	|	0.00	|	169984.0
2014-12-17 16:25:38.338572 	|	 VM_Task_11 	|	 0.0	|	13380	|	0.00	|	169984.0
2014-12-17 16:25:44.359623 	|	 VM_Task_11 	|	 0.0	|	13380	|	0.00	|	169984.0
2014-12-17 16:25:50.381017 	|	 VM_Task_11 	|	 0.0	|	13380	|	0.00	|	169984.0
2014-12-17 16:25:56.400569 	|	 VM_Task_11 	|	 0.0	|	13380	|	0.00	|	169984.0
2014-12-17 16:26:02.420554 	|	 VM_Task_11 	|	 0.0	|	13380	|	0.00	|	169984.0
2014-12-17 16:26:08.439991 	|	 VM_Task_11 	|	 0.0	|	13380	|	0.00	|	169984.0
2014-12-17 16:26:14.460783 	|	 VM_Task_11 	|	 0.0	|	13380	|	0.00	|	169984.0
2014-12-17 16:26:20.480558 	|	 VM_Task_11 	|	 0.0	|	13380	|	0.00	|	169984.0
2014-12-17 16:26:26.501115 	|	 VM_Task_11 	|	 0.0	|	13380	|	0.00	|	169984.0
2014-12-17 16:26:32.521794 	|	 VM_Task_11 	|	 0.0	|	13380	|	0.00	|	169984.0
2014-12-17 16:26:38.541410 	|	 VM_Task_11 	|	 0.0	|	13380	|	0.00	|	169984.0
2014-12-17 16:26:44.560851 	|	 VM_Task_11 	|	 0.0	|	13380	|	0.00	|	169984.0
2014-12-17 16:26:50.580273 	|	 VM_Task_11 	|	 0.0	|	13380	|	0.00	|	169984.0
2014-12-17 16:26:56.600613 	|	 VM_Task_11 	|	 0.0	|	13380	|	0.00	|	169984.0
2014-12-17 16:27:02.620406 	|	 VM_Task_11 	|	 0.0	|	13380	|	0.00	|	169984.0
2014-12-17 16:27:08.640133 	|	 VM_Task_11 	|	 0.0	|	13380	|	0.00	|	169984.0
2014-12-17 16:27:14.659214 	|	 VM_Task_11 	|	 0.0	|	13380	|	0.00	|	169984.0
2014-12-17 16:27:20.679410 	|	 VM_Task_11 	|	 0.0	|	13380	|	0.00	|	168960.0
2014-12-17 16:27:26.699144 	|	 VM_Task_11 	|	 0.0	|	13380	|	0.00	|	169984.0
2014-12-17 16:27:32.718879 	|	 VM_Task_11 	|	 0.0	|	13380	|	0.00	|	169984.0
2014-12-17 16:27:38.738615 	|	 VM_Task_11 	|	 0.0	|	13380	|	0.00	|	169984.0
2014-12-17 16:27:44.758373 	|	 VM_Task_11 	|	 0.0	|	13380	|	0.00	|	169984.0
2014-12-17 16:27:50.779474 	|	 VM_Task_11 	|	 0.0	|	13380	|	0.00	|	169984.0
2014-12-17 16:27:56.799450 	|	 VM_Task_11 	|	 0.0	|	13380	|	0.00	|	169984.0
2014-12-17 16:28:02.821324 	|	 VM_Task_11 	|	 0.0	|	13380	|	0.00	|	169984.0
2014-12-17 16:28:09.731608 	|	 VM_Task_11 	|	 0.0	|	13380	|	0.00	|	169984.0
2014-12-17 16:28:14.862960 	|	 VM_Task_11 	|	 0.0	|	13380	|	0.00	|	169984.0
2014-12-17 16:28:20.882635 	|	 VM_Task_11 	|	 0.0	|	13380	|	0.00	|	169984.0
2014-12-17 16:28:27.269092 	|	 VM_Task_11 	|	 0.0	|	13380	|	0.00	|	169984.0
2014-12-17 16:28:32.921725 	|	 VM_Task_11 	|	 0.0	|	13380	|	0.00	|	169984.0
2014-12-17 16:28:38.941601 	|	 VM_Task_11 	|	 0.0	|	13380	|	0.00	|	169984.0
2014-12-17 16:28:44.962338 	|	 VM_Task_11 	|	 0.0	|	13380	|	0.00	|	169984.0
2014-12-17 16:28:50.983154 	|	 VM_Task_11 	|	 0.0	|	13380	|	0.00	|	169984.0
2014-12-17 16:28:57.002790 	|	 VM_Task_11 	|	 0.0	|	13380	|	0.00	|	171008.0
2014-12-17 16:29:03.022873 	|	 VM_Task_11 	|	 0.0	|	13380	|	0.00	|	169984.0
2014-12-17 16:29:09.043249 	|	 VM_Task_11 	|	 0.0	|	13380	|	0.00	|	169984.0
2014-12-17 16:29:15.062222 	|	 VM_Task_11 	|	 0.0	|	13380	|	0.00	|	169984.0
2014-12-17 16:29:21.081735 	|	 VM_Task_11 	|	 0.0	|	13380	|	0.00	|	169984.0
2014-12-17 16:29:27.101577 	|	 VM_Task_11 	|	 0.0	|	13380	|	0.00	|	169984.0
2014-12-17 16:29:33.121314 	|	 VM_Task_11 	|	 0.0	|	13380	|	0.00	|	169984.0
2014-12-17 16:29:39.140823 	|	 VM_Task_11 	|	 0.0	|	13380	|	0.00	|	169984.0
2014-12-17 16:29:45.161066 	|	 VM_Task_11 	|	 0.0	|	13380	|	0.00	|	169984.0
2014-12-17 16:29:51.180279 	|	 VM_Task_11 	|	 0.0	|	13380	|	0.00	|	169984.0
2014-12-17 16:29:57.200248 	|	 VM_Task_11 	|	 0.0	|	13380	|	0.00	|	169984.0
2014-12-17 16:30:03.219790 	|	 VM_Task_11 	|	 0.0	|	13380	|	0.00	|	169984.0
2014-12-17 16:30:09.240480 	|	 VM_Task_11 	|	 0.0	|	13380	|	0.00	|	169984.0
2014-12-17 16:30:15.259518 	|	 VM_Task_11 	|	 0.0	|	13380	|	0.00	|	169984.0
2014-12-17 16:30:21.280433 	|	 VM_Task_11 	|	 0.0	|	13380	|	0.00	|	169984.0
2014-12-17 16:30:27.300533 	|	 VM_Task_11 	|	 0.0	|	13380	|	0.00	|	171008.0
2014-12-17 16:30:33.320018 	|	 VM_Task_11 	|	 0.0	|	13380	|	0.00	|	169984.0
2014-12-17 16:30:39.339443 	|	 VM_Task_11 	|	 0.0	|	13380	|	0.00	|	169984.0
2014-12-17 16:30:45.360199 	|	 VM_Task_11 	|	 0.0	|	13380	|	0.00	|	169984.0
2014-12-17 16:30:51.380191 	|	 VM_Task_11 	|	 0.0	|	13380	|	0.00	|	169984.0
2014-12-17 16:30:57.399351 	|	 VM_Task_11 	|	 0.0	|	13380	|	0.00	|	169984.0
2014-12-17 16:31:03.420231 	|	 VM_Task_11 	|	 0.0	|	13380	|	0.00	|	171008.0
2014-12-17 16:31:09.441508 	|	 VM_Task_11 	|	 0.0	|	13380	|	0.00	|	169984.0
2014-12-17 16:31:15.462712 	|	 VM_Task_11 	|	 0.0	|	13380	|	0.00	|	169984.0
2014-12-17 16:31:21.483740 	|	 VM_Task_11 	|	 0.0	|	13380	|	0.00	|	169984.0
2014-12-17 16:31:27.504692 	|	 VM_Task_11 	|	 0.0	|	13380	|	0.00	|	169984.0
2014-12-17 16:31:33.524466 	|	 VM_Task_11 	|	 0.0	|	13380	|	0.00	|	169984.0
2014-12-17 16:31:39.543590 	|	 VM_Task_11 	|	 0.0	|	13380	|	0.00	|	169984.0
2014-12-17 16:31:45.564497 	|	 VM_Task_11 	|	 0.0	|	13380	|	0.00	|	169984.0
2014-12-17 16:31:51.586916 	|	 VM_Task_11 	|	 0.0	|	13380	|	0.00	|	169984.0
2014-12-17 16:31:57.607551 	|	 VM_Task_11 	|	 0.0	|	13380	|	0.00	|	169984.0
2014-12-17 16:32:03.626860 	|	 VM_Task_11 	|	 0.0	|	13380	|	0.00	|	169984.0
2014-12-17 16:32:09.646479 	|	 VM_Task_11 	|	 0.0	|	13380	|	0.00	|	169984.0
2014-12-17 16:32:15.665489 	|	 VM_Task_11 	|	 0.0	|	13380	|	0.00	|	169984.0
2014-12-17 16:32:21.685913 	|	 VM_Task_11 	|	 0.0	|	13380	|	0.00	|	169984.0
2014-12-17 16:32:29.481846 	|	 VM_Task_11 	|	 0.0	|	13380	|	0.00	|	169984.0
2014-12-17 16:32:33.724380 	|	 VM_Task_11 	|	 0.0	|	13380	|	0.00	|	169984.0
2014-12-17 16:32:39.744501 	|	 VM_Task_11 	|	 0.0	|	13380	|	0.00	|	169984.0
2014-12-17 16:32:45.763796 	|	 VM_Task_11 	|	 0.0	|	13380	|	0.00	|	169984.0
2014-12-17 16:32:51.783586 	|	 VM_Task_11 	|	 0.0	|	13380	|	0.00	|	169984.0
2014-12-17 16:32:57.804094 	|	 VM_Task_11 	|	 0.0	|	13380	|	0.00	|	169984.0
2014-12-17 16:33:03.824199 	|	 VM_Task_11 	|	 0.0	|	13380	|	0.00	|	169984.0
2014-12-17 16:33:09.844406 	|	 VM_Task_11 	|	 0.0	|	13380	|	0.00	|	169984.0
2014-12-17 16:33:15.864524 	|	 VM_Task_11 	|	 0.0	|	13380	|	0.00	|	169984.0
2014-12-17 16:33:21.884253 	|	 VM_Task_11 	|	 0.0	|	13380	|	0.00	|	169984.0
2014-12-17 16:33:27.903551 	|	 VM_Task_11 	|	 0.0	|	13380	|	0.00	|	169984.0
2014-12-17 16:33:33.923348 	|	 VM_Task_11 	|	 0.0	|	13380	|	0.00	|	169984.0
2014-12-17 16:33:39.943210 	|	 VM_Task_11 	|	 0.0	|	13380	|	0.00	|	169984.0
2014-12-17 16:33:45.962536 	|	 VM_Task_11 	|	 0.0	|	13380	|	0.00	|	169984.0
2014-12-17 16:33:51.982441 	|	 VM_Task_11 	|	 0.0	|	13380	|	0.00	|	169984.0
2014-12-17 16:33:58.002271 	|	 VM_Task_11 	|	 0.0	|	13380	|	0.00	|	169984.0
2014-12-17 16:34:04.022231 	|	 VM_Task_11 	|	 0.0	|	13380	|	0.00	|	169984.0
2014-12-17 16:34:10.041739 	|	 VM_Task_11 	|	 0.0	|	13380	|	0.00	|	171008.0
2014-12-17 16:34:16.061501 	|	 VM_Task_11 	|	 0.0	|	13380	|	0.00	|	169984.0
2014-12-17 16:34:22.081940 	|	 VM_Task_11 	|	 0.0	|	13380	|	0.00	|	169984.0
2014-12-17 16:34:28.101521 	|	 VM_Task_11 	|	 0.0	|	13380	|	0.00	|	169984.0
2014-12-17 16:34:34.121820 	|	 VM_Task_11 	|	 0.0	|	13380	|	0.00	|	169984.0
2014-12-17 16:34:40.142204 	|	 VM_Task_11 	|	 0.0	|	13380	|	0.00	|	169984.0
2014-12-17 16:34:46.162976 	|	 VM_Task_11 	|	 0.0	|	13380	|	0.00	|	169984.0
2014-12-17 16:34:52.183124 	|	 VM_Task_11 	|	 0.0	|	13380	|	0.00	|	169984.0
2014-12-17 16:34:58.201608 	|	 VM_Task_11 	|	 0.0	|	13380	|	0.00	|	169984.0
2014-12-17 16:35:04.221680 	|	 VM_Task_11 	|	 0.0	|	13380	|	0.00	|	169984.0
2014-12-17 16:35:10.241480 	|	 VM_Task_11 	|	 0.0	|	13380	|	0.00	|	169984.0
2014-12-17 16:35:16.262245 	|	 VM_Task_11 	|	 0.0	|	13380	|	0.00	|	169984.0
2014-12-17 16:35:22.281434 	|	 VM_Task_11 	|	 0.0	|	13380	|	0.00	|	169984.0
2014-12-17 16:35:28.300875 	|	 VM_Task_11 	|	 0.0	|	13380	|	0.00	|	169984.0
2014-12-17 16:35:34.320839 	|	 VM_Task_11 	|	 0.0	|	13380	|	0.00	|	169984.0
2014-12-17 16:35:40.340213 	|	 VM_Task_11 	|	 0.0	|	13380	|	0.00	|	169984.0
2014-12-17 16:35:46.359801 	|	 VM_Task_11 	|	 0.0	|	13380	|	0.00	|	169984.0
2014-12-17 16:35:52.379528 	|	 VM_Task_11 	|	 0.0	|	13380	|	0.00	|	169984.0
2014-12-17 16:35:58.399581 	|	 VM_Task_11 	|	 0.0	|	13380	|	0.00	|	169984.0
2014-12-17 16:36:04.419004 	|	 VM_Task_11 	|	 0.0	|	13380	|	0.00	|	169984.0
2014-12-17 16:36:10.438571 	|	 VM_Task_11 	|	 0.0	|	13380	|	0.00	|	169984.0
2014-12-17 16:36:16.458508 	|	 VM_Task_11 	|	 0.0	|	13380	|	0.00	|	169984.0
2014-12-17 16:36:22.477831 	|	 VM_Task_11 	|	 0.0	|	13380	|	0.00	|	169984.0
2014-12-17 16:36:28.496952 	|	 VM_Task_11 	|	 0.0	|	13380	|	0.00	|	169984.0
2014-12-17 16:36:34.516699 	|	 VM_Task_11 	|	 0.0	|	13380	|	0.00	|	169984.0
2014-12-17 16:36:40.536573 	|	 VM_Task_11 	|	 0.0	|	13380	|	0.00	|	169984.0
2014-12-17 16:36:46.555980 	|	 VM_Task_11 	|	 0.0	|	13380	|	0.00	|	169984.0
2014-12-17 16:36:52.575386 	|	 VM_Task_11 	|	 0.0	|	13380	|	0.00	|	169984.0
2014-12-17 16:36:58.594732 	|	 VM_Task_11 	|	 0.0	|	13380	|	0.00	|	171008.0
2014-12-17 16:37:04.614685 	|	 VM_Task_11 	|	 0.0	|	13380	|	0.00	|	169984.0
2014-12-17 16:37:10.634700 	|	 VM_Task_11 	|	 0.0	|	13380	|	0.00	|	169984.0
2014-12-17 16:37:16.654288 	|	 VM_Task_11 	|	 0.0	|	13380	|	0.00	|	169984.0
2014-12-17 16:37:22.674188 	|	 VM_Task_11 	|	 0.0	|	13380	|	0.00	|	169984.0
2014-12-17 16:37:28.694743 	|	 VM_Task_11 	|	 0.0	|	13380	|	0.00	|	169984.0
2014-12-17 16:37:34.714808 	|	 VM_Task_11 	|	 0.0	|	13380	|	0.00	|	169984.0
2014-12-17 16:37:40.735420 	|	 VM_Task_11 	|	 0.0	|	13380	|	0.00	|	169984.0
2014-12-17 16:37:46.756811 	|	 VM_Task_11 	|	 0.0	|	13380	|	0.00	|	169984.0
2014-12-17 16:37:52.776993 	|	 VM_Task_11 	|	 0.0	|	13380	|	0.00	|	169984.0
2014-12-17 16:37:58.796789 	|	 VM_Task_11 	|	 0.0	|	13380	|	0.00	|	169984.0
2014-12-17 16:38:04.816806 	|	 VM_Task_11 	|	 0.0	|	13380	|	0.00	|	169984.0
2014-12-17 16:38:10.837205 	|	 VM_Task_11 	|	 0.0	|	13380	|	0.00	|	171008.0
2014-12-17 16:38:16.857078 	|	 VM_Task_11 	|	 0.0	|	13380	|	0.00	|	171008.0
2014-12-17 16:38:22.876822 	|	 VM_Task_11 	|	 0.0	|	13380	|	0.00	|	169984.0
2014-12-17 16:38:28.897833 	|	 VM_Task_11 	|	 0.0	|	13380	|	0.00	|	169984.0
2014-12-17 16:38:34.917618 	|	 VM_Task_11 	|	 0.0	|	13380	|	0.00	|	171008.0
2014-12-17 16:38:40.937469 	|	 VM_Task_11 	|	 0.0	|	13380	|	0.00	|	169984.0
2014-12-17 16:38:46.957272 	|	 VM_Task_11 	|	 0.0	|	13380	|	0.00	|	169984.0
2014-12-17 16:38:52.976479 	|	 VM_Task_11 	|	 0.0	|	13380	|	0.00	|	169984.0
2014-12-17 16:38:58.995793 	|	 VM_Task_11 	|	 0.0	|	13380	|	0.00	|	169984.0
2014-12-17 16:39:05.015396 	|	 VM_Task_11 	|	 0.0	|	13380	|	0.00	|	169984.0
2014-12-17 16:39:11.034965 	|	 VM_Task_11 	|	 0.0	|	13380	|	0.00	|	169984.0
2014-12-17 16:39:17.054760 	|	 VM_Task_11 	|	 0.0	|	13380	|	0.00	|	169984.0
2014-12-17 16:39:23.074066 	|	 VM_Task_11 	|	 0.0	|	13380	|	0.00	|	169984.0
2014-12-17 16:39:29.093345 	|	 VM_Task_11 	|	 0.0	|	13380	|	0.00	|	169984.0
2014-12-17 16:39:35.113086 	|	 VM_Task_11 	|	 0.0	|	13380	|	0.00	|	169984.0
2014-12-17 16:39:41.133087 	|	 VM_Task_11 	|	 0.0	|	13380	|	0.00	|	169984.0
2014-12-17 16:39:47.152350 	|	 VM_Task_11 	|	 0.0	|	13380	|	0.00	|	169984.0
2014-12-17 16:39:53.172115 	|	 VM_Task_11 	|	 0.0	|	13380	|	0.00	|	169984.0
2014-12-17 16:39:59.191835 	|	 VM_Task_11 	|	 0.0	|	13380	|	0.00	|	169984.0
2014-12-17 16:40:05.210923 	|	 VM_Task_11 	|	 0.0	|	13380	|	0.00	|	169984.0
2014-12-17 16:40:11.230540 	|	 VM_Task_11 	|	 0.0	|	13380	|	0.00	|	169984.0
2014-12-17 16:40:17.249998 	|	 VM_Task_11 	|	 0.0	|	13380	|	0.00	|	169984.0
2014-12-17 16:40:23.269714 	|	 VM_Task_11 	|	 0.0	|	13380	|	0.00	|	169984.0
2014-12-17 16:40:29.289192 	|	 VM_Task_11 	|	 0.0	|	13380	|	0.00	|	169984.0
2014-12-17 16:40:35.309326 	|	 VM_Task_11 	|	 0.0	|	13380	|	0.00	|	169984.0
2014-12-17 16:40:41.328795 	|	 VM_Task_11 	|	 0.0	|	13380	|	0.00	|	169984.0
2014-12-17 16:40:47.348664 	|	 VM_Task_11 	|	 0.0	|	13380	|	0.00	|	169984.0
2014-12-17 16:40:53.367987 	|	 VM_Task_11 	|	 0.0	|	13380	|	0.00	|	169984.0
2014-12-17 16:40:59.387926 	|	 VM_Task_11 	|	 0.0	|	13380	|	0.00	|	169984.0
2014-12-17 16:41:05.407543 	|	 VM_Task_11 	|	 0.0	|	13380	|	0.00	|	169984.0
2014-12-17 16:41:11.426970 	|	 VM_Task_11 	|	 0.0	|	13380	|	0.00	|	169984.0
2014-12-17 16:41:17.446841 	|	 VM_Task_11 	|	 0.0	|	13380	|	0.00	|	169984.0
2014-12-17 16:41:23.466268 	|	 VM_Task_11 	|	 0.0	|	13380	|	0.00	|	171008.0
2014-12-17 16:41:29.485335 	|	 VM_Task_11 	|	 0.0	|	13380	|	0.00	|	169984.0
2014-12-17 16:41:35.505308 	|	 VM_Task_11 	|	 0.0	|	13380	|	0.00	|	169984.0
2014-12-17 16:41:41.525282 	|	 VM_Task_11 	|	 0.0	|	13380	|	0.00	|	171008.0
2014-12-17 16:41:47.544817 	|	 VM_Task_11 	|	 0.0	|	13380	|	0.00	|	169984.0
2014-12-17 16:41:53.564769 	|	 VM_Task_11 	|	 0.0	|	13380	|	0.00	|	171008.0
2014-12-17 16:41:59.584934 	|	 VM_Task_11 	|	 0.0	|	13380	|	0.00	|	171008.0
2014-12-17 16:42:05.604950 	|	 VM_Task_11 	|	 0.0	|	13380	|	0.00	|	169984.0
2014-12-17 16:42:11.624189 	|	 VM_Task_11 	|	 0.0	|	13380	|	0.00	|	169984.0
2014-12-17 16:42:17.644877 	|	 VM_Task_11 	|	 0.0	|	13380	|	0.00	|	169984.0
2014-12-17 16:42:23.664509 	|	 VM_Task_11 	|	 0.0	|	13380	|	0.00	|	169984.0
2014-12-17 16:42:29.685056 	|	 VM_Task_11 	|	 0.0	|	13380	|	0.00	|	169984.0
2014-12-17 16:42:35.705508 	|	 VM_Task_11 	|	 0.0	|	13380	|	0.00	|	169984.0
2014-12-17 16:42:41.726609 	|	 VM_Task_11 	|	 0.0	|	13380	|	0.00	|	169984.0
2014-12-17 16:42:47.747529 	|	 VM_Task_11 	|	 0.0	|	13380	|	0.00	|	169984.0
2014-12-17 16:42:53.767409 	|	 VM_Task_11 	|	 0.0	|	13380	|	0.00	|	169984.0
2014-12-17 16:42:59.787180 	|	 VM_Task_11 	|	 0.0	|	13380	|	0.00	|	169984.0
2014-12-17 16:43:05.806727 	|	 VM_Task_11 	|	 0.0	|	13380	|	0.00	|	169984.0
2014-12-17 16:43:11.827797 	|	 VM_Task_11 	|	 0.0	|	13380	|	0.00	|	169984.0
2014-12-17 16:43:17.849337 	|	 VM_Task_11 	|	 0.0	|	13380	|	0.00	|	169984.0
2014-12-17 16:43:23.869104 	|	 VM_Task_11 	|	 0.0	|	13380	|	0.00	|	171008.0
2014-12-17 16:43:29.893609 	|	 VM_Task_11 	|	 0.0	|	13380	|	0.00	|	169984.0
2014-12-17 16:43:35.907957 	|	 VM_Task_11 	|	 0.0	|	13380	|	0.00	|	169984.0
2014-12-17 16:43:41.928877 	|	 VM_Task_11 	|	 0.0	|	13380	|	0.00	|	169984.0
2014-12-17 16:43:47.948025 	|	 VM_Task_11 	|	 0.0	|	13380	|	0.00	|	169984.0
2014-12-17 16:43:53.967544 	|	 VM_Task_11 	|	 0.0	|	13380	|	0.00	|	169984.0
2014-12-17 16:43:59.986761 	|	 VM_Task_11 	|	 0.0	|	13380	|	0.00	|	169984.0
2014-12-17 16:44:06.006722 	|	 VM_Task_11 	|	 0.0	|	13380	|	0.00	|	169984.0
2014-12-17 16:44:12.026944 	|	 VM_Task_11 	|	 0.0	|	13380	|	0.00	|	169984.0
2014-12-17 16:44:18.046128 	|	 VM_Task_11 	|	 0.0	|	13380	|	0.00	|	169984.0
2014-12-17 16:44:24.065410 	|	 VM_Task_11 	|	 0.0	|	13380	|	0.00	|	169984.0
2014-12-17 16:44:30.085100 	|	 VM_Task_11 	|	 0.0	|	13380	|	0.00	|	169984.0
2014-12-17 16:44:36.104276 	|	 VM_Task_11 	|	 0.0	|	13380	|	0.00	|	169984.0
2014-12-17 16:44:42.124051 	|	 VM_Task_11 	|	 0.0	|	13380	|	0.00	|	169984.0
2014-12-17 16:44:48.143814 	|	 VM_Task_11 	|	 0.0	|	13380	|	0.00	|	171008.0
2014-12-17 16:44:54.163754 	|	 VM_Task_11 	|	 0.0	|	13380	|	0.00	|	169984.0
2014-12-17 16:45:00.183982 	|	 VM_Task_11 	|	 0.0	|	13380	|	0.00	|	169984.0
2014-12-17 16:45:06.203587 	|	 VM_Task_11 	|	 0.0	|	13380	|	0.00	|	169984.0
2014-12-17 16:45:12.223955 	|	 VM_Task_11 	|	 0.0	|	13380	|	0.00	|	169984.0
2014-12-17 16:45:18.243375 	|	 VM_Task_11 	|	 0.0	|	13380	|	0.00	|	169984.0
2014-12-17 16:45:24.264444 	|	 VM_Task_11 	|	 0.0	|	13380	|	0.00	|	171008.0
2014-12-17 16:45:30.284075 	|	 VM_Task_11 	|	 0.0	|	13380	|	0.00	|	169984.0
2014-12-17 16:45:36.303835 	|	 VM_Task_11 	|	 0.0	|	13380	|	0.00	|	169984.0
2014-12-17 16:45:42.324938 	|	 VM_Task_11 	|	 0.0	|	13380	|	0.00	|	169984.0
2014-12-17 16:45:48.344230 	|	 VM_Task_11 	|	 0.0	|	13380	|	0.00	|	169984.0
2014-12-17 16:45:54.363744 	|	 VM_Task_11 	|	 0.0	|	13380	|	0.00	|	169984.0
2014-12-17 16:46:00.384423 	|	 VM_Task_11 	|	 0.0	|	13380	|	0.00	|	169984.0
2014-12-17 16:46:06.405289 	|	 VM_Task_11 	|	 0.0	|	13380	|	0.00	|	169984.0
2014-12-17 16:46:12.426403 	|	 VM_Task_11 	|	 0.0	|	13380	|	0.00	|	169984.0
2014-12-17 16:46:18.446251 	|	 VM_Task_11 	|	 0.0	|	13380	|	0.00	|	169984.0
2014-12-17 16:46:24.466918 	|	 VM_Task_11 	|	 0.0	|	13380	|	0.00	|	169984.0
2014-12-17 16:46:30.486467 	|	 VM_Task_11 	|	 0.0	|	13380	|	0.00	|	169984.0
2014-12-17 16:46:36.507738 	|	 VM_Task_11 	|	 0.0	|	13380	|	0.00	|	169984.0
2014-12-17 16:46:42.528485 	|	 VM_Task_11 	|	 0.0	|	13380	|	0.00	|	169984.0
2014-12-17 16:46:48.548150 	|	 VM_Task_11 	|	 0.0	|	13380	|	0.00	|	169984.0
2014-12-17 16:46:54.567879 	|	 VM_Task_11 	|	 0.0	|	13380	|	0.00	|	169984.0
2014-12-17 16:47:00.587871 	|	 VM_Task_11 	|	 0.0	|	13380	|	0.00	|	169984.0
2014-12-17 16:47:06.607309 	|	 VM_Task_11 	|	 0.0	|	13380	|	0.00	|	171008.0
2014-12-17 16:47:12.626797 	|	 VM_Task_11 	|	 0.0	|	13380	|	0.00	|	169984.0
2014-12-17 16:47:18.646870 	|	 VM_Task_11 	|	 0.0	|	13380	|	0.00	|	169984.0
2014-12-17 16:47:24.666390 	|	 VM_Task_11 	|	 0.0	|	13380	|	0.00	|	169984.0
2014-12-17 16:47:30.685748 	|	 VM_Task_11 	|	 0.0	|	13380	|	0.00	|	169984.0
2014-12-17 16:47:36.705023 	|	 VM_Task_11 	|	 0.0	|	13380	|	0.00	|	169984.0
2014-12-17 16:47:42.724390 	|	 VM_Task_11 	|	 0.0	|	13380	|	0.00	|	169984.0
2014-12-17 16:47:48.743871 	|	 VM_Task_11 	|	 0.0	|	13380	|	0.00	|	169984.0
2014-12-17 16:47:54.763532 	|	 VM_Task_11 	|	 0.0	|	13380	|	0.00	|	169984.0
2014-12-17 16:48:00.783113 	|	 VM_Task_11 	|	 0.0	|	13380	|	0.00	|	169984.0
2014-12-17 16:48:06.802838 	|	 VM_Task_11 	|	 0.0	|	13380	|	0.00	|	169984.0
2014-12-17 16:48:12.822277 	|	 VM_Task_11 	|	 0.0	|	13380	|	0.00	|	169984.0
2014-12-17 16:48:18.843072 	|	 VM_Task_11 	|	 0.0	|	13380	|	0.00	|	169984.0
2014-12-17 16:48:24.863280 	|	 VM_Task_11 	|	 0.0	|	13380	|	0.00	|	169984.0
2014-12-17 16:48:30.882674 	|	 VM_Task_11 	|	 0.0	|	13380	|	0.00	|	169984.0
2014-12-17 16:48:36.902537 	|	 VM_Task_11 	|	 0.0	|	13380	|	0.00	|	171008.0
2014-12-17 16:48:42.922899 	|	 VM_Task_11 	|	 0.0	|	13380	|	0.00	|	169984.0
2014-12-17 16:48:48.943651 	|	 VM_Task_11 	|	 0.0	|	13380	|	0.00	|	169984.0
2014-12-17 16:48:54.963144 	|	 VM_Task_11 	|	 0.0	|	13380	|	0.00	|	169984.0
2014-12-17 16:49:00.982875 	|	 VM_Task_11 	|	 0.0	|	13380	|	0.00	|	169984.0
2014-12-17 16:49:07.002303 	|	 VM_Task_11 	|	 0.0	|	13380	|	0.00	|	169984.0
2014-12-17 16:49:13.023022 	|	 VM_Task_11 	|	 0.0	|	13380	|	0.00	|	169984.0
2014-12-17 16:49:19.042546 	|	 VM_Task_11 	|	 0.0	|	13380	|	0.00	|	169984.0
2014-12-17 16:49:25.062110 	|	 VM_Task_11 	|	 0.0	|	13380	|	0.00	|	169984.0
2014-12-17 16:49:31.082995 	|	 VM_Task_11 	|	 0.0	|	13380	|	0.00	|	169984.0
2014-12-17 16:49:37.102351 	|	 VM_Task_11 	|	 0.0	|	13380	|	0.00	|	169984.0
2014-12-17 16:49:43.123251 	|	 VM_Task_11 	|	 0.0	|	13380	|	0.00	|	169984.0
2014-12-17 16:49:49.144181 	|	 VM_Task_11 	|	 0.0	|	13380	|	0.00	|	169984.0
2014-12-17 16:49:55.165948 	|	 VM_Task_11 	|	 0.0	|	13380	|	0.00	|	169984.0
2014-12-17 16:50:01.185263 	|	 VM_Task_11 	|	 0.0	|	13380	|	0.00	|	169984.0
2014-12-17 16:50:07.204248 	|	 VM_Task_11 	|	 0.0	|	13380	|	0.00	|	169984.0
2014-12-17 16:50:13.224100 	|	 VM_Task_11 	|	 0.0	|	13380	|	0.00	|	169984.0
2014-12-17 16:50:19.243509 	|	 VM_Task_11 	|	 0.0	|	13380	|	0.00	|	169984.0
2014-12-17 16:50:25.262936 	|	 VM_Task_11 	|	 0.0	|	13380	|	0.00	|	169984.0
2014-12-17 16:50:31.282446 	|	 VM_Task_11 	|	 0.0	|	13380	|	0.00	|	169984.0
2014-12-17 16:50:37.302064 	|	 VM_Task_11 	|	 0.0	|	13380	|	0.00	|	169984.0
2014-12-17 16:50:43.321731 	|	 VM_Task_11 	|	 0.0	|	13380	|	0.00	|	169984.0
2014-12-17 16:50:49.341429 	|	 VM_Task_11 	|	 0.0	|	13380	|	0.00	|	169984.0
2014-12-17 16:50:55.361364 	|	 VM_Task_11 	|	 0.0	|	13380	|	0.00	|	169984.0
2014-12-17 16:51:01.381890 	|	 VM_Task_11 	|	 0.0	|	13380	|	0.00	|	169984.0
2014-12-17 16:51:07.401428 	|	 VM_Task_11 	|	 0.0	|	13380	|	0.00	|	169984.0
2014-12-17 16:51:13.420497 	|	 VM_Task_11 	|	 0.0	|	13380	|	0.00	|	169984.0
2014-12-17 16:51:19.439883 	|	 VM_Task_11 	|	 0.0	|	13380	|	0.00	|	169984.0
2014-12-17 16:51:25.459028 	|	 VM_Task_11 	|	 0.0	|	13380	|	0.00	|	169984.0
2014-12-17 16:51:31.478650 	|	 VM_Task_11 	|	 0.0	|	13380	|	0.00	|	169984.0
2014-12-17 16:51:37.498010 	|	 VM_Task_11 	|	 0.0	|	13380	|	0.00	|	169984.0
2014-12-17 16:51:43.517530 	|	 VM_Task_11 	|	 0.0	|	13380	|	0.00	|	171008.0
2014-12-17 16:51:49.536598 	|	 VM_Task_11 	|	 0.0	|	13380	|	0.00	|	169984.0
2014-12-17 16:51:55.555279 	|	 VM_Task_11 	|	 0.0	|	13380	|	0.00	|	169984.0
2014-12-17 16:52:01.575046 	|	 VM_Task_11 	|	 0.0	|	13380	|	0.00	|	169984.0
2014-12-17 16:52:07.594944 	|	 VM_Task_11 	|	 0.0	|	13380	|	0.00	|	169984.0
2014-12-17 16:52:13.614578 	|	 VM_Task_11 	|	 0.0	|	13380	|	0.00	|	169984.0
2014-12-17 16:52:19.634526 	|	 VM_Task_11 	|	 0.0	|	13380	|	0.00	|	169984.0
2014-12-17 16:52:25.654431 	|	 VM_Task_11 	|	 0.0	|	13380	|	0.00	|	171008.0
2014-12-17 16:52:31.674122 	|	 VM_Task_11 	|	 0.0	|	13380	|	0.00	|	169984.0
2014-12-17 16:52:37.693682 	|	 VM_Task_11 	|	 0.0	|	13380	|	0.00	|	169984.0
2014-12-17 16:52:43.713220 	|	 VM_Task_11 	|	 0.0	|	13380	|	0.00	|	169984.0
2014-12-17 16:52:49.732772 	|	 VM_Task_11 	|	 0.0	|	13380	|	0.00	|	169984.0
2014-12-17 16:52:55.751845 	|	 VM_Task_11 	|	 0.0	|	13380	|	0.00	|	169984.0
2014-12-17 16:53:01.772800 	|	 VM_Task_11 	|	 0.0	|	13380	|	0.00	|	169984.0
2014-12-17 16:53:07.793922 	|	 VM_Task_11 	|	 0.0	|	13380	|	0.00	|	169984.0
2014-12-17 16:53:13.813503 	|	 VM_Task_11 	|	 0.0	|	13380	|	0.00	|	169984.0
2014-12-17 16:53:19.833288 	|	 VM_Task_11 	|	 0.0	|	13380	|	0.00	|	169984.0
2014-12-17 16:53:25.854600 	|	 VM_Task_11 	|	 0.0	|	13380	|	0.00	|	169984.0
2014-12-17 16:53:31.875321 	|	 VM_Task_11 	|	 0.0	|	13380	|	0.00	|	171008.0
2014-12-17 16:53:37.894549 	|	 VM_Task_11 	|	 0.0	|	13380	|	0.00	|	169984.0
2014-12-17 16:53:43.913966 	|	 VM_Task_11 	|	 0.0	|	13380	|	0.00	|	169984.0
2014-12-17 16:53:49.934859 	|	 VM_Task_11 	|	 0.0	|	13380	|	0.00	|	169984.0
2014-12-17 16:53:55.954522 	|	 VM_Task_11 	|	 0.0	|	13380	|	0.00	|	169984.0
2014-12-17 16:54:01.974154 	|	 VM_Task_11 	|	 0.0	|	13380	|	0.00	|	169984.0
2014-12-17 16:54:07.994011 	|	 VM_Task_11 	|	 0.0	|	13380	|	0.00	|	169984.0
2014-12-17 16:54:14.013974 	|	 VM_Task_11 	|	 0.0	|	13380	|	0.00	|	169984.0
2014-12-17 16:54:20.033385 	|	 VM_Task_11 	|	 0.0	|	13380	|	0.00	|	169984.0
2014-12-17 16:54:26.052829 	|	 VM_Task_11 	|	 0.0	|	13380	|	0.00	|	169984.0
2014-12-17 16:54:32.072502 	|	 VM_Task_11 	|	 0.0	|	13380	|	0.00	|	169984.0
2014-12-17 16:54:38.092113 	|	 VM_Task_11 	|	 0.0	|	13380	|	0.00	|	169984.0
2014-12-17 16:54:44.111438 	|	 VM_Task_11 	|	 0.0	|	13380	|	0.00	|	169984.0
2014-12-17 16:54:50.131095 	|	 VM_Task_11 	|	 0.0	|	13380	|	0.00	|	169984.0
2014-12-17 16:54:56.150969 	|	 VM_Task_11 	|	 0.0	|	13380	|	0.00	|	169984.0
2014-12-17 16:55:02.170521 	|	 VM_Task_11 	|	 0.0	|	13380	|	0.00	|	169984.0
2014-12-17 16:55:08.190144 	|	 VM_Task_11 	|	 0.0	|	13380	|	0.00	|	169984.0
2014-12-17 16:55:14.209983 	|	 VM_Task_11 	|	 0.0	|	13380	|	0.00	|	169984.0
2014-12-17 16:55:20.228932 	|	 VM_Task_11 	|	 0.0	|	13380	|	0.00	|	169984.0
2014-12-17 16:55:26.248448 	|	 VM_Task_11 	|	 0.0	|	13380	|	0.00	|	169984.0
2014-12-17 16:55:32.268200 	|	 VM_Task_11 	|	 0.0	|	13380	|	0.00	|	169984.0
2014-12-17 16:55:38.287911 	|	 VM_Task_11 	|	 0.0	|	13380	|	0.00	|	169984.0
2014-12-17 16:55:44.307210 	|	 VM_Task_11 	|	 0.0	|	13380	|	0.00	|	169984.0
2014-12-17 16:55:50.326998 	|	 VM_Task_11 	|	 0.0	|	13380	|	0.00	|	169984.0
2014-12-17 16:55:56.346470 	|	 VM_Task_11 	|	 0.0	|	13380	|	0.00	|	169984.0
2014-12-17 16:56:02.365710 	|	 VM_Task_11 	|	 0.0	|	13380	|	0.00	|	169984.0
2014-12-17 16:56:08.385171 	|	 VM_Task_11 	|	 0.0	|	13380	|	0.00	|	169984.0
2014-12-17 16:56:14.404840 	|	 VM_Task_11 	|	 0.0	|	13380	|	0.00	|	169984.0
2014-12-17 16:56:20.424555 	|	 VM_Task_11 	|	 0.0	|	13380	|	0.00	|	169984.0
2014-12-17 16:56:26.444364 	|	 VM_Task_11 	|	 0.0	|	13380	|	0.00	|	169984.0
2014-12-17 16:56:32.463733 	|	 VM_Task_11 	|	 0.0	|	13380	|	0.00	|	169984.0
2014-12-17 16:56:38.484430 	|	 VM_Task_11 	|	 0.0	|	13380	|	0.00	|	169984.0
2014-12-17 16:56:44.506067 	|	 VM_Task_11 	|	 0.0	|	13380	|	0.00	|	169984.0
2014-12-17 16:56:50.526089 	|	 VM_Task_11 	|	 0.0	|	13380	|	0.00	|	169984.0
2014-12-17 16:56:56.545795 	|	 VM_Task_11 	|	 0.0	|	13380	|	0.00	|	169984.0
2014-12-17 16:57:02.565172 	|	 VM_Task_11 	|	 0.0	|	13380	|	0.00	|	169984.0
2014-12-17 16:57:08.585707 	|	 VM_Task_11 	|	 0.0	|	13380	|	0.00	|	169984.0
2014-12-17 16:57:14.606612 	|	 VM_Task_11 	|	 0.0	|	13380	|	0.00	|	169984.0
2014-12-17 16:57:20.626283 	|	 VM_Task_11 	|	 0.0	|	13380	|	0.00	|	169984.0
2014-12-17 16:57:26.646037 	|	 VM_Task_11 	|	 0.0	|	13380	|	0.00	|	169984.0
2014-12-17 16:57:32.666346 	|	 VM_Task_11 	|	 0.0	|	13380	|	0.00	|	169984.0
2014-12-17 16:57:38.686101 	|	 VM_Task_11 	|	 0.0	|	13380	|	0.00	|	169984.0
2014-12-17 16:57:44.705737 	|	 VM_Task_11 	|	 0.0	|	13380	|	0.00	|	169984.0
2014-12-17 16:57:50.725517 	|	 VM_Task_11 	|	 0.0	|	13380	|	0.00	|	169984.0
2014-12-17 16:57:56.744698 	|	 VM_Task_11 	|	 0.0	|	13380	|	0.00	|	169984.0
2014-12-17 16:58:02.765382 	|	 VM_Task_11 	|	 0.0	|	13380	|	0.00	|	169984.0
2014-12-17 16:58:08.785068 	|	 VM_Task_11 	|	 0.0	|	13380	|	0.00	|	169984.0
2014-12-17 16:58:14.804436 	|	 VM_Task_11 	|	 0.0	|	13380	|	0.00	|	169984.0
2014-12-17 16:58:20.823861 	|	 VM_Task_11 	|	 0.0	|	13380	|	0.00	|	169984.0
2014-12-17 16:58:26.843187 	|	 VM_Task_11 	|	 0.0	|	13380	|	0.00	|	169984.0
2014-12-17 16:58:32.862747 	|	 VM_Task_11 	|	 0.0	|	13380	|	0.00	|	169984.0
2014-12-17 16:58:38.882359 	|	 VM_Task_11 	|	 0.0	|	13380	|	0.00	|	169984.0
2014-12-17 16:58:44.902028 	|	 VM_Task_11 	|	 0.0	|	13380	|	0.00	|	169984.0
2014-12-17 16:58:50.921207 	|	 VM_Task_11 	|	 0.0	|	13380	|	0.00	|	169984.0
2014-12-17 16:58:56.941116 	|	 VM_Task_11 	|	 0.0	|	13380	|	0.00	|	169984.0
2014-12-17 16:59:02.960983 	|	 VM_Task_11 	|	 0.0	|	13380	|	0.00	|	169984.0
2014-12-17 16:59:08.980269 	|	 VM_Task_11 	|	 0.0	|	13380	|	0.00	|	169984.0
2014-12-17 16:59:14.999650 	|	 VM_Task_11 	|	 0.0	|	13380	|	0.00	|	169984.0
2014-12-17 16:59:21.018743 	|	 VM_Task_11 	|	 0.0	|	13380	|	0.00	|	169984.0
2014-12-17 16:59:27.038422 	|	 VM_Task_11 	|	 0.0	|	13380	|	0.00	|	169984.0
2014-12-17 16:59:33.058059 	|	 VM_Task_11 	|	 0.0	|	13380	|	0.00	|	169984.0
2014-12-17 16:59:39.077541 	|	 VM_Task_11 	|	 0.0	|	13380	|	0.00	|	169984.0
2014-12-17 16:59:45.097091 	|	 VM_Task_11 	|	 0.0	|	13380	|	0.00	|	169984.0
2014-12-17 16:59:51.117038 	|	 VM_Task_11 	|	 0.0	|	13380	|	0.00	|	169984.0
2014-12-17 16:59:57.136555 	|	 VM_Task_11 	|	 0.0	|	13380	|	0.00	|	169984.0
2014-12-17 17:00:03.155999 	|	 VM_Task_11 	|	 0.0	|	13380	|	0.00	|	169984.0
2014-12-17 17:00:09.175539 	|	 VM_Task_11 	|	 0.0	|	13380	|	0.00	|	169984.0
2014-12-17 17:00:15.195437 	|	 VM_Task_11 	|	 0.0	|	13380	|	0.00	|	169984.0
2014-12-17 17:00:21.214670 	|	 VM_Task_11 	|	 0.0	|	13380	|	0.00	|	169984.0
2014-12-17 17:00:27.234529 	|	 VM_Task_11 	|	 0.0	|	13380	|	0.00	|	169984.0
2014-12-17 17:00:33.253652 	|	 VM_Task_11 	|	 0.0	|	13380	|	0.00	|	169984.0
2014-12-17 17:00:39.273064 	|	 VM_Task_11 	|	 0.0	|	13380	|	0.00	|	169984.0
2014-12-17 17:00:45.292536 	|	 VM_Task_11 	|	 0.0	|	13380	|	0.00	|	169984.0
2014-12-17 17:00:51.312046 	|	 VM_Task_11 	|	 0.0	|	13380	|	0.00	|	171008.0
2014-12-17 17:00:57.331437 	|	 VM_Task_11 	|	 0.0	|	13380	|	0.00	|	169984.0
2014-12-17 17:01:03.350643 	|	 VM_Task_11 	|	 0.0	|	13380	|	0.00	|	169984.0
2014-12-17 17:01:09.371723 	|	 VM_Task_11 	|	 0.0	|	13380	|	0.00	|	169984.0
2014-12-17 17:01:15.391601 	|	 VM_Task_11 	|	 0.0	|	13380	|	0.00	|	169984.0
2014-12-17 17:01:21.411054 	|	 VM_Task_11 	|	 0.0	|	13380	|	0.00	|	169984.0
2014-12-17 17:01:27.430458 	|	 VM_Task_11 	|	 0.0	|	13380	|	0.00	|	169984.0
2014-12-17 17:01:33.449985 	|	 VM_Task_11 	|	 0.0	|	13380	|	0.00	|	169984.0
2014-12-17 17:01:39.469679 	|	 VM_Task_11 	|	 0.0	|	13380	|	0.00	|	169984.0
2014-12-17 17:01:45.489658 	|	 VM_Task_11 	|	 0.0	|	13380	|	0.00	|	171008.0
2014-12-17 17:01:51.509207 	|	 VM_Task_11 	|	 0.0	|	13380	|	0.00	|	169984.0
2014-12-17 17:01:57.528613 	|	 VM_Task_11 	|	 0.0	|	13380	|	0.00	|	169984.0
2014-12-17 17:02:03.548059 	|	 VM_Task_11 	|	 0.0	|	13380	|	0.00	|	169984.0
2014-12-17 17:02:09.567533 	|	 VM_Task_11 	|	 0.0	|	13380	|	0.00	|	171008.0
2014-12-17 17:02:15.586604 	|	 VM_Task_11 	|	 0.0	|	13380	|	0.00	|	169984.0
2014-12-17 17:02:21.605876 	|	 VM_Task_11 	|	 0.0	|	13380	|	0.00	|	169984.0
2014-12-17 17:02:27.625752 	|	 VM_Task_11 	|	 0.0	|	13380	|	0.00	|	169984.0
2014-12-17 17:02:33.645736 	|	 VM_Task_11 	|	 0.0	|	13380	|	0.00	|	169984.0
2014-12-17 17:02:39.665017 	|	 VM_Task_11 	|	 0.0	|	13380	|	0.00	|	171008.0
2014-12-17 17:02:45.684619 	|	 VM_Task_11 	|	 0.0	|	13380	|	0.00	|	169984.0
2014-12-17 17:02:51.704030 	|	 VM_Task_11 	|	 0.0	|	13380	|	0.00	|	169984.0
2014-12-17 17:02:57.723528 	|	 VM_Task_11 	|	 0.0	|	13380	|	0.00	|	169984.0
2014-12-17 17:03:03.742975 	|	 VM_Task_11 	|	 0.0	|	13380	|	0.00	|	169984.0
2014-12-17 17:03:09.762397 	|	 VM_Task_11 	|	 0.0	|	13380	|	0.00	|	169984.0
2014-12-17 17:03:15.782173 	|	 VM_Task_11 	|	 0.0	|	13380	|	0.00	|	169984.0
2014-12-17 17:03:21.802263 	|	 VM_Task_11 	|	 0.0	|	13380	|	0.00	|	171008.0
2014-12-17 17:03:27.821757 	|	 VM_Task_11 	|	 0.0	|	13380	|	0.00	|	171008.0
2014-12-17 17:03:33.841616 	|	 VM_Task_11 	|	 0.0	|	13380	|	0.00	|	169984.0
2014-12-17 17:03:39.861202 	|	 VM_Task_11 	|	 0.0	|	13380	|	0.00	|	169984.0
2014-12-17 17:03:45.880969 	|	 VM_Task_11 	|	 0.0	|	13380	|	0.00	|	169984.0
2014-12-17 17:03:51.900640 	|	 VM_Task_11 	|	 0.0	|	13380	|	0.00	|	169984.0
2014-12-17 17:03:57.919859 	|	 VM_Task_11 	|	 0.0	|	13380	|	0.00	|	169984.0
2014-12-17 17:04:03.939225 	|	 VM_Task_11 	|	 0.0	|	13380	|	0.00	|	169984.0
2014-12-17 17:04:09.959142 	|	 VM_Task_11 	|	 0.0	|	13380	|	0.00	|	169984.0
2014-12-17 17:04:15.978853 	|	 VM_Task_11 	|	 0.0	|	13380	|	0.00	|	169984.0
2014-12-17 17:04:21.998425 	|	 VM_Task_11 	|	 0.0	|	13380	|	0.00	|	169984.0
2014-12-17 17:04:28.017803 	|	 VM_Task_11 	|	 0.0	|	13380	|	0.00	|	169984.0
2014-12-17 17:04:34.036978 	|	 VM_Task_11 	|	 0.0	|	13380	|	0.00	|	169984.0
2014-12-17 17:04:40.056353 	|	 VM_Task_11 	|	 0.0	|	13380	|	0.00	|	169984.0
2014-12-17 17:04:46.075752 	|	 VM_Task_11 	|	 0.0	|	13380	|	0.00	|	169984.0
2014-12-17 17:04:52.095315 	|	 VM_Task_11 	|	 0.0	|	13380	|	0.00	|	169984.0
2014-12-17 17:04:58.115087 	|	 VM_Task_11 	|	 0.0	|	13380	|	0.00	|	169984.0
2014-12-17 17:05:04.134274 	|	 VM_Task_11 	|	 0.0	|	13380	|	0.00	|	169984.0
2014-12-17 17:05:10.155795 	|	 VM_Task_11 	|	 0.0	|	13380	|	0.00	|	169984.0
2014-12-17 17:05:16.175254 	|	 VM_Task_11 	|	 0.0	|	13380	|	0.00	|	169984.0
2014-12-17 17:05:22.194757 	|	 VM_Task_11 	|	 0.0	|	13380	|	0.00	|	169984.0
2014-12-17 17:05:28.214038 	|	 VM_Task_11 	|	 0.0	|	13380	|	0.00	|	169984.0
2014-12-17 17:05:34.233619 	|	 VM_Task_11 	|	 0.0	|	13380	|	0.00	|	169984.0
2014-12-17 17:05:40.253415 	|	 VM_Task_11 	|	 0.0	|	13380	|	0.00	|	169984.0
2014-12-17 17:05:46.273163 	|	 VM_Task_11 	|	 0.0	|	13380	|	0.00	|	169984.0
2014-12-17 17:05:52.292930 	|	 VM_Task_11 	|	 0.0	|	13380	|	0.00	|	169984.0
2014-12-17 17:05:58.312066 	|	 VM_Task_11 	|	 0.0	|	13380	|	0.00	|	171008.0
2014-12-17 17:06:04.331865 	|	 VM_Task_11 	|	 0.0	|	13380	|	0.00	|	169984.0
2014-12-17 17:06:10.352008 	|	 VM_Task_11 	|	 0.0	|	13380	|	0.00	|	169984.0
2014-12-17 17:06:16.371758 	|	 VM_Task_11 	|	 0.0	|	13380	|	0.00	|	169984.0
2014-12-17 17:06:22.391307 	|	 VM_Task_11 	|	 0.0	|	13380	|	0.00	|	169984.0
2014-12-17 17:06:28.411142 	|	 VM_Task_11 	|	 0.0	|	13380	|	0.00	|	169984.0
2014-12-17 17:06:34.431256 	|	 VM_Task_11 	|	 0.0	|	13380	|	0.00	|	169984.0
2014-12-17 17:06:40.450665 	|	 VM_Task_11 	|	 0.0	|	13380	|	0.00	|	169984.0
2014-12-17 17:06:46.470268 	|	 VM_Task_11 	|	 0.0	|	13380	|	0.00	|	169984.0
2014-12-17 17:06:52.490001 	|	 VM_Task_11 	|	 0.0	|	13380	|	0.00	|	169984.0
2014-12-17 17:06:58.509707 	|	 VM_Task_11 	|	 0.0	|	13380	|	0.00	|	169984.0
2014-12-17 17:07:04.529979 	|	 VM_Task_11 	|	 0.0	|	13380	|	0.00	|	169984.0
2014-12-17 17:07:10.549176 	|	 VM_Task_11 	|	 0.0	|	13380	|	0.00	|	169984.0
2014-12-17 17:07:16.568861 	|	 VM_Task_11 	|	 0.0	|	13380	|	0.00	|	169984.0
2014-12-17 17:07:22.588706 	|	 VM_Task_11 	|	 0.0	|	13380	|	0.00	|	169984.0
2014-12-17 17:07:28.609040 	|	 VM_Task_11 	|	 0.0	|	13380	|	0.00	|	168960.0
2014-12-17 17:07:34.629502 	|	 VM_Task_11 	|	 0.0	|	13380	|	0.00	|	169984.0
2014-12-17 17:07:40.649108 	|	 VM_Task_11 	|	 0.0	|	13380	|	0.00	|	169984.0
2014-12-17 17:07:46.668726 	|	 VM_Task_11 	|	 0.0	|	13380	|	0.00	|	169984.0
2014-12-17 17:07:52.688901 	|	 VM_Task_11 	|	 0.0	|	13380	|	0.00	|	169984.0
2014-12-17 17:07:58.707928 	|	 VM_Task_11 	|	 0.0	|	13380	|	0.00	|	169984.0
2014-12-17 17:08:04.727845 	|	 VM_Task_11 	|	 0.0	|	13380	|	0.00	|	169984.0
2014-12-17 17:08:10.744182 	|	 VM_Task_11 	|	 0.0	|	13380	|	0.00	|	169984.0
2014-12-17 17:08:16.761873 	|	 VM_Task_11 	|	 0.0	|	13380	|	0.00	|	169984.0
2014-12-17 17:08:22.781306 	|	 VM_Task_11 	|	 0.0	|	13380	|	0.00	|	169984.0
2014-12-17 17:08:28.800247 	|	 VM_Task_11 	|	 0.0	|	13380	|	0.00	|	169984.0
2014-12-17 17:08:34.818595 	|	 VM_Task_11 	|	 0.0	|	13380	|	0.00	|	169984.0
2014-12-17 17:08:40.837576 	|	 VM_Task_11 	|	 0.0	|	13380	|	0.00	|	169984.0
2014-12-17 17:08:46.856982 	|	 VM_Task_11 	|	 0.0	|	13380	|	0.00	|	169984.0
2014-12-17 17:08:52.876386 	|	 VM_Task_11 	|	 0.0	|	13380	|	0.00	|	169984.0
2014-12-17 17:08:58.895703 	|	 VM_Task_11 	|	 0.0	|	13380	|	0.00	|	169984.0
2014-12-17 17:09:04.915392 	|	 VM_Task_11 	|	 0.0	|	13380	|	0.00	|	169984.0
2014-12-17 17:09:10.935149 	|	 VM_Task_11 	|	 0.0	|	13380	|	0.00	|	169984.0
2014-12-17 17:09:16.954079 	|	 VM_Task_11 	|	 0.0	|	13380	|	0.00	|	169984.0
2014-12-17 17:09:22.973816 	|	 VM_Task_11 	|	 0.0	|	13380	|	0.00	|	169984.0
2014-12-17 17:09:28.993540 	|	 VM_Task_11 	|	 0.0	|	13380	|	0.00	|	169984.0
2014-12-17 17:09:35.013055 	|	 VM_Task_11 	|	 0.0	|	13380	|	0.00	|	169984.0
2014-12-17 17:09:41.032547 	|	 VM_Task_11 	|	 0.0	|	13380	|	0.00	|	171008.0
2014-12-17 17:09:47.052115 	|	 VM_Task_11 	|	 0.0	|	13380	|	0.00	|	169984.0
2014-12-17 17:09:53.072316 	|	 VM_Task_11 	|	 0.0	|	13380	|	0.00	|	169984.0
2014-12-17 17:09:59.091851 	|	 VM_Task_11 	|	 0.0	|	13380	|	0.00	|	169984.0
2014-12-17 17:10:05.111368 	|	 VM_Task_11 	|	 0.0	|	13380	|	0.00	|	169984.0
2014-12-17 17:10:11.131113 	|	 VM_Task_11 	|	 0.0	|	13380	|	0.30	|	169984.0
2014-12-17 17:10:17.150577 	|	 VM_Task_11 	|	 0.0	|	13380	|	0.00	|	169984.0
2014-12-17 17:10:23.169894 	|	 VM_Task_11 	|	 0.0	|	13380	|	0.00	|	169984.0
2014-12-17 17:10:29.189627 	|	 VM_Task_11 	|	 0.0	|	13380	|	0.00	|	169984.0
2014-12-17 17:10:35.209820 	|	 VM_Task_11 	|	 0.0	|	13380	|	0.00	|	169984.0
2014-12-17 17:10:41.229567 	|	 VM_Task_11 	|	 0.0	|	13380	|	0.00	|	169984.0
2014-12-17 17:10:47.249078 	|	 VM_Task_11 	|	 0.0	|	13380	|	0.00	|	169984.0
2014-12-17 17:10:53.268656 	|	 VM_Task_11 	|	 0.0	|	13380	|	0.00	|	169984.0
2014-12-17 17:10:59.288012 	|	 VM_Task_11 	|	 0.0	|	13380	|	0.00	|	171008.0
2014-12-17 17:11:05.307683 	|	 VM_Task_11 	|	 0.0	|	13380	|	0.00	|	169984.0
2014-12-17 17:11:11.327544 	|	 VM_Task_11 	|	 0.0	|	13380	|	0.00	|	169984.0
2014-12-17 17:11:17.347125 	|	 VM_Task_11 	|	 0.0	|	13380	|	0.00	|	171008.0
2014-12-17 17:11:23.367057 	|	 VM_Task_11 	|	 0.0	|	13380	|	0.00	|	169984.0
2014-12-17 17:11:29.387002 	|	 VM_Task_11 	|	 0.0	|	13380	|	0.00	|	169984.0
2014-12-17 17:11:35.406886 	|	 VM_Task_11 	|	 0.0	|	13380	|	0.00	|	169984.0
2014-12-17 17:11:41.426942 	|	 VM_Task_11 	|	 0.0	|	13380	|	0.00	|	169984.0
2014-12-17 17:11:47.445954 	|	 VM_Task_11 	|	 0.0	|	13380	|	0.00	|	169984.0
2014-12-17 17:11:53.465239 	|	 VM_Task_11 	|	 0.0	|	13380	|	0.00	|	169984.0
2014-12-17 17:11:59.484943 	|	 VM_Task_11 	|	 0.0	|	13380	|	0.00	|	169984.0
2014-12-17 17:12:05.504844 	|	 VM_Task_11 	|	 0.0	|	13380	|	0.00	|	171008.0
2014-12-17 17:12:11.524599 	|	 VM_Task_11 	|	 0.0	|	13380	|	0.00	|	169984.0
2014-12-17 17:12:17.544437 	|	 VM_Task_11 	|	 0.0	|	13380	|	0.00	|	169984.0
2014-12-17 17:12:23.563456 	|	 VM_Task_11 	|	 0.0	|	13380	|	0.00	|	169984.0
2014-12-17 17:12:29.582927 	|	 VM_Task_11 	|	 0.0	|	13380	|	0.00	|	169984.0
2014-12-17 17:12:35.602445 	|	 VM_Task_11 	|	 0.0	|	13380	|	0.00	|	169984.0
2014-12-17 17:12:41.621309 	|	 VM_Task_11 	|	 0.0	|	13380	|	0.00	|	169984.0
2014-12-17 17:12:47.640869 	|	 VM_Task_11 	|	 0.0	|	13380	|	0.00	|	169984.0
2014-12-17 17:12:53.660512 	|	 VM_Task_11 	|	 0.0	|	13380	|	0.00	|	169984.0
2014-12-17 17:12:59.679579 	|	 VM_Task_11 	|	 0.0	|	13380	|	0.00	|	169984.0
2014-12-17 17:13:05.699037 	|	 VM_Task_11 	|	 0.0	|	13380	|	0.00	|	169984.0
2014-12-17 17:13:11.718606 	|	 VM_Task_11 	|	 0.0	|	13380	|	0.00	|	169984.0
2014-12-17 17:13:17.737949 	|	 VM_Task_11 	|	 0.0	|	13380	|	0.00	|	169984.0
2014-12-17 17:13:23.757472 	|	 VM_Task_11 	|	 0.0	|	13380	|	0.00	|	169984.0
2014-12-17 17:13:29.776973 	|	 VM_Task_11 	|	 0.0	|	13380	|	0.00	|	169984.0
2014-12-17 17:13:35.798097 	|	 VM_Task_11 	|	 0.0	|	13380	|	0.00	|	169984.0
2014-12-17 17:13:41.817944 	|	 VM_Task_11 	|	 0.0	|	13380	|	0.00	|	169984.0
2014-12-17 17:13:47.837851 	|	 VM_Task_11 	|	 0.0	|	13380	|	0.00	|	169984.0
2014-12-17 17:13:53.857582 	|	 VM_Task_11 	|	 0.0	|	13380	|	0.00	|	169984.0
2014-12-17 17:13:59.877281 	|	 VM_Task_11 	|	 0.0	|	13380	|	0.00	|	169984.0
2014-12-17 17:14:05.896849 	|	 VM_Task_11 	|	 0.0	|	13380	|	0.00	|	169984.0
2014-12-17 17:14:11.916489 	|	 VM_Task_11 	|	 0.0	|	13380	|	0.00	|	169984.0
2014-12-17 17:14:17.935667 	|	 VM_Task_11 	|	 0.0	|	13380	|	0.00	|	169984.0
2014-12-17 17:14:23.955201 	|	 VM_Task_11 	|	 0.0	|	13380	|	0.00	|	169984.0
2014-12-17 17:14:29.974127 	|	 VM_Task_11 	|	 0.0	|	13380	|	0.00	|	169984.0
2014-12-17 17:14:35.994021 	|	 VM_Task_11 	|	 0.0	|	13380	|	0.00	|	169984.0
2014-12-17 17:14:42.013555 	|	 VM_Task_11 	|	 0.0	|	13380	|	0.00	|	169984.0
2014-12-17 17:14:48.032895 	|	 VM_Task_11 	|	 0.0	|	13380	|	0.00	|	169984.0
2014-12-17 17:14:54.052188 	|	 VM_Task_11 	|	 0.0	|	13380	|	0.00	|	169984.0
2014-12-17 17:15:00.071688 	|	 VM_Task_11 	|	 0.0	|	13380	|	0.00	|	171008.0
2014-12-17 17:15:06.091327 	|	 VM_Task_11 	|	 0.0	|	13380	|	0.00	|	169984.0
2014-12-17 17:15:12.111074 	|	 VM_Task_11 	|	 0.0	|	13380	|	0.00	|	169984.0
2014-12-17 17:15:18.130737 	|	 VM_Task_11 	|	 0.0	|	13380	|	0.00	|	169984.0
2014-12-17 17:15:24.150000 	|	 VM_Task_11 	|	 0.0	|	13380	|	0.00	|	171008.0
2014-12-17 17:15:30.169119 	|	 VM_Task_11 	|	 0.0	|	13380	|	0.00	|	169984.0
2014-12-17 17:15:36.188408 	|	 VM_Task_11 	|	 0.0	|	13380	|	0.00	|	169984.0
2014-12-17 17:15:42.208130 	|	 VM_Task_11 	|	 0.0	|	13380	|	0.00	|	169984.0
2014-12-17 17:15:48.227846 	|	 VM_Task_11 	|	 0.0	|	13380	|	0.00	|	169984.0
2014-12-17 17:15:54.247536 	|	 VM_Task_11 	|	 0.0	|	13380	|	0.00	|	169984.0
2014-12-17 17:16:00.267039 	|	 VM_Task_11 	|	 0.0	|	13380	|	0.00	|	169984.0
2014-12-17 17:16:06.287015 	|	 VM_Task_11 	|	 0.0	|	13380	|	0.00	|	169984.0
2014-12-17 17:16:12.306588 	|	 VM_Task_11 	|	 0.0	|	13380	|	0.00	|	169984.0
2014-12-17 17:16:18.325690 	|	 VM_Task_11 	|	 0.0	|	13380	|	0.00	|	171008.0
2014-12-17 17:16:24.345032 	|	 VM_Task_11 	|	 0.0	|	13380	|	0.00	|	169984.0
2014-12-17 17:16:30.364955 	|	 VM_Task_11 	|	 0.0	|	13380	|	0.00	|	171008.0
2014-12-17 17:16:36.384358 	|	 VM_Task_11 	|	 0.0	|	13380	|	0.00	|	169984.0
2014-12-17 17:16:42.403802 	|	 VM_Task_11 	|	 0.0	|	13380	|	0.00	|	169984.0
2014-12-17 17:16:48.423526 	|	 VM_Task_11 	|	 0.0	|	13380	|	0.00	|	169984.0
2014-12-17 17:16:54.442658 	|	 VM_Task_11 	|	 0.0	|	13380	|	0.00	|	169984.0
2014-12-17 17:17:00.462684 	|	 VM_Task_11 	|	 0.0	|	13380	|	0.00	|	169984.0
2014-12-17 17:17:06.482279 	|	 VM_Task_11 	|	 0.0	|	13380	|	0.00	|	169984.0
