2014-12-16 21:56:11.785354 	|	 VM_Task_13 	|	 0.0	|	137216.0	|	0.0	|	12.55
2014-12-16 21:56:17.815840 	|	 VM_Task_13 	|	 0.14	|	150528.0	|	8260	|	102.04
2014-12-16 21:56:23.893566 	|	 VM_Task_13 	|	 0.16	|	190464.0	|	48196	|	0.00
2014-12-16 21:56:29.917734 	|	 VM_Task_13 	|	 0.115	|	190464.0	|	48196	|	0.00
2014-12-16 21:56:36.008935 	|	 VM_Task_13 	|	 0.167	|	149504.0	|	8260	|	0.00
2014-12-16 21:56:42.033376 	|	 VM_Task_13 	|	 0.0	|	150528.0	|	8260	|	0.00
2014-12-16 21:56:48.064248 	|	 VM_Task_13 	|	 0.158	|	150528.0	|	8260	|	0.00
2014-12-16 21:56:54.092611 	|	 VM_Task_13 	|	 0.305	|	160768.0	|	18500	|	0.00
2014-12-16 21:57:00.136330 	|	 VM_Task_13 	|	 0.217	|	160768.0	|	18500	|	0.00
2014-12-16 21:57:06.161079 	|	 VM_Task_13 	|	 0.392	|	171008.0	|	28740	|	0.00
2014-12-16 21:57:12.205668 	|	 VM_Task_13 	|	 0.0	|	149504.0	|	4292	|	124.33
2014-12-16 21:57:18.640702 	|	 VM_Task_13 	|	 0.147	|	143360.0	|	4292	|	13.30
2014-12-16 21:57:24.675429 	|	 VM_Task_13 	|	 0.86	|	175104.0	|	23620	|	0.00
2014-12-16 21:57:30.873737 	|	 VM_Task_13 	|	 0.793	|	161792.0	|	23620	|	5.45
2014-12-16 21:57:36.903924 	|	 VM_Task_13 	|	 0.716	|	185344.0	|	33860	|	17.20
2014-12-16 21:57:43.078110 	|	 VM_Task_13 	|	 0.42	|	153600.0	|	8260	|	51.38
2014-12-16 21:57:56.571759 	|	 VM_Task_13 	|	 0.0	|	151552.0	|	13380	|	98.60
2014-12-16 21:58:02.797797 	|	 VM_Task_13 	|	 0.415	|	142336.0	|	4292	|	42.92
2014-12-16 21:58:13.003532 	|	 VM_Task_13 	|	 0.17	|	142336.0	|	4292	|	50.26
2014-12-16 21:58:15.856114 	|	 VM_Task_13 	|	 0.225	|	185344.0	|	33860	|	0.00
2014-12-16 21:58:21.894716 	|	 VM_Task_13 	|	 0.0	|	196608.0	|	58436	|	0.00
2014-12-16 21:58:27.928179 	|	 VM_Task_13 	|	 0.311	|	210944.0	|	58436	|	0.00
2014-12-16 21:58:38.696237 	|	 VM_Task_13 	|	 0.45	|	169984.0	|	18500	|	0.00
2014-12-16 21:58:54.371890 	|	 VM_Task_13 	|	 0.321	|	169984.0	|	18500	|	0.00
2014-12-16 21:59:04.622173 	|	 VM_Task_13 	|	 0.355	|	169984.0	|	18500	|	0.00
2014-12-16 21:59:04.625608 	|	 VM_Task_13 	|	 0.0	|	155648.0	|	4292	|	0.00
2014-12-16 21:59:07.061043 	|	 VM_Task_13 	|	 0.12	|	142336.0	|	4292	|	3.82
2014-12-16 21:59:33.425303 	|	 VM_Task_13 	|	 0.0	|	151552.0	|	13380	|	85.22
2014-12-16 21:59:34.685878 	|	 VM_Task_13 	|	 0.651	|	177152.0	|	38980	|	4.26
2014-12-16 21:59:44.918175 	|	 VM_Task_13 	|	 0.474	|	166912.0	|	28740	|	97.60
2014-12-16 21:59:52.601256 	|	 VM_Task_13 	|	 0.111	|	166912.0	|	28740	|	94.80
2014-12-16 22:00:02.205140 	|	 VM_Task_13 	|	 0.566	|	177152.0	|	38980	|	0.00
2014-12-16 22:00:23.071346 	|	 VM_Task_13 	|	 0.557	|	177152.0	|	38980	|	15.00
2014-12-16 22:00:28.149287 	|	 VM_Task_13 	|	 0.144	|	221184.0	|	68676	|	101.01
2014-12-16 22:00:28.154016 	|	 VM_Task_13 	|	 0.505	|	156672.0	|	18500	|	99.19
2014-12-16 22:00:31.358393 	|	 VM_Task_13 	|	 0.36	|	156672.0	|	18500	|	1.82
2014-12-16 22:00:43.323738 	|	 VM_Task_13 	|	 0.186	|	151552.0	|	13380	|	51.96
2014-12-16 22:00:44.423306 	|	 VM_Task_13 	|	 0.75	|	185344.0	|	33860	|	0.00
2014-12-16 22:00:52.515520 	|	 VM_Task_13 	|	 0.657	|	172032.0	|	33860	|	0.00
2014-12-16 22:01:18.028270 	|	 VM_Task_13 	|	 0.162	|	159744.0	|	8260	|	0.00
2014-12-16 22:01:18.033995 	|	 VM_Task_13 	|	 0.0	|	151552.0	|	13380	|	89.40
2014-12-16 22:01:18.043328 	|	 VM_Task_13 	|	 0.244	|	150528.0	|	13380	|	88.85
2014-12-16 22:01:18.170838 	|	 VM_Task_13 	|	 0.146	|	151552.0	|	13380	|	92.32
2014-12-16 22:01:24.194842 	|	 VM_Task_13 	|	 0.121	|	151552.0	|	13380	|	10.20
2014-12-16 22:01:30.218268 	|	 VM_Task_13 	|	 0.166	|	151552.0	|	13380	|	0.51
2014-12-16 22:01:40.995833 	|	 VM_Task_13 	|	 0.33	|	151552.0	|	13380	|	0.00
2014-12-16 22:01:50.786144 	|	 VM_Task_13 	|	 0.191	|	151552.0	|	13380	|	0.00
2014-12-16 22:02:15.738112 	|	 VM_Task_13 	|	 0.0	|	161792.0	|	13380	|	60.40
2014-12-16 22:02:26.865060 	|	 VM_Task_13 	|	 0.0	|	147456.0	|	13380	|	99.90
2014-12-16 22:02:26.868703 	|	 VM_Task_13 	|	 0.0	|	147456.0	|	13380	|	100.00
2014-12-16 22:02:32.479972 	|	 VM_Task_13 	|	 0.0	|	147456.0	|	13380	|	102.04
2014-12-16 22:03:15.981216 	|	 VM_Task_13 	|	 0.0	|	147456.0	|	13380	|	103.09
2014-12-16 22:03:15.982310 	|	 VM_Task_13 	|	 0.0	|	147456.0	|	13380	|	104.17
2014-12-16 22:03:22.767785 	|	 VM_Task_13 	|	 0.0	|	147456.0	|	13380	|	104.17
2014-12-16 22:03:22.768967 	|	 VM_Task_13 	|	 0.0	|	147456.0	|	13380	|	102.04
2014-12-16 22:03:27.453281 	|	 VM_Task_13 	|	 0.0	|	160768.0	|	13380	|	0.00
2014-12-16 22:03:29.973272 	|	 VM_Task_13 	|	 0.0	|	157696.0	|	13380	|	106.38
2014-12-16 22:03:29.981541 	|	 VM_Task_13 	|	 0.0	|	160768.0	|	13380	|	13.40
2014-12-16 22:03:40.793099 	|	 VM_Task_13 	|	 0.0	|	147456.0	|	13380	|	104.17
2014-12-16 22:03:45.419629 	|	 VM_Task_13 	|	 0.0	|	147456.0	|	13380	|	101.01
2014-12-16 22:03:53.830952 	|	 VM_Task_13 	|	 0.0	|	156672.0	|	13380	|	105.26
2014-12-16 22:03:53.836656 	|	 VM_Task_13 	|	 0.0	|	161792.0	|	13380	|	100.00
2014-12-16 22:03:57.602720 	|	 VM_Task_13 	|	 0.0	|	160768.0	|	13380	|	0.00
2014-12-16 22:04:04.131559 	|	 VM_Task_13 	|	 0.0	|	147456.0	|	13380	|	106.38
2014-12-16 22:04:10.187959 	|	 VM_Task_13 	|	 0.0	|	147456.0	|	13380	|	95.96
2014-12-16 22:04:21.791149 	|	 VM_Task_13 	|	 0.0	|	160768.0	|	13380	|	0.00
2014-12-16 22:04:22.967511 	|	 VM_Task_13 	|	 0.0	|	147456.0	|	13380	|	106.38
2014-12-16 22:04:28.989532 	|	 VM_Task_13 	|	 0.0	|	147456.0	|	13380	|	0.00
2014-12-16 23:02:55.552223 	|	 VM_Task_13 	|	 0.0	|	136192.0	|	0.0	|	9.69
2014-12-16 23:03:01.607112 	|	 VM_Task_13 	|	 0.15	|	148480.0	|	8260	|	31.80
2014-12-16 23:03:07.631490 	|	 VM_Task_13 	|	 0.1	|	188416.0	|	48196	|	31.92
2014-12-16 23:03:13.655963 	|	 VM_Task_13 	|	 0.104	|	188416.0	|	48196	|	0.10
2014-12-16 23:03:19.694816 	|	 VM_Task_13 	|	 0.158	|	148480.0	|	8260	|	0.00
2014-12-16 23:03:25.730374 	|	 VM_Task_13 	|	 0.115	|	148480.0	|	8260	|	0.00
2014-12-16 23:03:31.762663 	|	 VM_Task_13 	|	 0.126	|	148480.0	|	8260	|	0.00
2014-12-16 23:03:37.795997 	|	 VM_Task_13 	|	 0.185	|	158720.0	|	18500	|	0.70
2014-12-16 23:03:43.819996 	|	 VM_Task_13 	|	 0.185	|	158720.0	|	18500	|	0.00
2014-12-16 23:03:49.844071 	|	 VM_Task_13 	|	 0.316	|	168960.0	|	28740	|	0.00
2014-12-16 23:03:56.036838 	|	 VM_Task_13 	|	 0.135	|	148480.0	|	4292	|	101.02
2014-12-16 23:04:02.226311 	|	 VM_Task_13 	|	 0.137	|	142336.0	|	4292	|	0.00
2014-12-16 23:04:08.493595 	|	 VM_Task_13 	|	 0.678	|	174080.0	|	23620	|	0.10
2014-12-16 23:04:14.852292 	|	 VM_Task_13 	|	 1.061	|	171008.0	|	33860	|	17.47
2014-12-16 23:04:24.005960 	|	 VM_Task_13 	|	 0.618	|	188416.0	|	33860	|	62.80
2014-12-16 23:04:32.983156 	|	 VM_Task_13 	|	 0.266	|	160768.0	|	8260	|	0.00
2014-12-16 23:04:39.010009 	|	 VM_Task_13 	|	 0.241	|	147456.0	|	8260	|	0.10
2014-12-16 23:04:45.037936 	|	 VM_Task_13 	|	 0.174	|	165888.0	|	13380	|	0.00
2014-12-16 23:04:51.064076 	|	 VM_Task_13 	|	 0.11	|	143360.0	|	4292	|	0.00
2014-12-16 23:04:57.297120 	|	 VM_Task_13 	|	 0.116	|	156672.0	|	4292	|	72.60
2014-12-16 23:05:03.340510 	|	 VM_Task_13 	|	 0.177	|	186368.0	|	33860	|	0.00
2014-12-16 23:05:09.369484 	|	 VM_Task_13 	|	 0.185	|	173056.0	|	33860	|	1.30
2014-12-16 23:05:15.397601 	|	 VM_Task_13 	|	 0.286	|	210944.0	|	58436	|	0.00
2014-12-16 23:05:21.424940 	|	 VM_Task_13 	|	 0.265	|	157696.0	|	18500	|	0.00
2014-12-16 23:05:27.453118 	|	 VM_Task_13 	|	 0.281	|	171008.0	|	18500	|	73.60
2014-12-16 23:05:33.484776 	|	 VM_Task_13 	|	 0.295	|	157696.0	|	18500	|	0.00
2014-12-16 23:05:39.505118 	|	 VM_Task_13 	|	 0.3	|	157696.0	|	18500	|	0.20
2014-12-16 23:05:47.006546 	|	 VM_Task_13 	|	 0.103	|	156672.0	|	4292	|	0.00
2014-12-16 23:05:51.560187 	|	 VM_Task_13 	|	 0.115	|	143360.0	|	4292	|	0.00
2014-12-16 23:05:57.727896 	|	 VM_Task_13 	|	 0.12	|	156672.0	|	4292	|	59.20
2014-12-16 23:06:03.796184 	|	 VM_Task_13 	|	 0.185	|	164864.0	|	13380	|	0.00
2014-12-16 23:06:09.825330 	|	 VM_Task_13 	|	 0.0	|	177152.0	|	38980	|	0.00
2014-12-16 23:06:15.864266 	|	 VM_Task_13 	|	 0.5	|	191488.0	|	38980	|	0.00
2014-12-16 23:06:21.892505 	|	 VM_Task_13 	|	 0.145	|	166912.0	|	28740	|	0.00
2014-12-16 23:06:33.201998 	|	 VM_Task_13 	|	 0.098	|	167936.0	|	148	|	100.00
2014-12-16 23:06:39.223465 	|	 VM_Task_13 	|	 0.55	|	177152.0	|	38980	|	100.00
2014-12-16 23:06:49.935073 	|	 VM_Task_13 	|	 0.136	|	206848.0	|	68676	|	0.00
2014-12-16 23:06:57.027104 	|	 VM_Task_13 	|	 0.131	|	221184.0	|	68676	|	26.10
2014-12-16 23:07:00.596863 	|	 VM_Task_13 	|	 0.382	|	157696.0	|	18500	|	0.00
2014-12-16 23:07:09.006090 	|	 VM_Task_13 	|	 0.22	|	151552.0	|	13380	|	0.00
2014-12-16 23:07:18.087422 	|	 VM_Task_13 	|	 0.0	|	165888.0	|	148	|	34.70
2014-12-16 23:07:24.585669 	|	 VM_Task_13 	|	 0.643	|	172032.0	|	33860	|	77.10
2014-12-16 23:07:33.129560 	|	 VM_Task_13 	|	 0.113	|	159744.0	|	8260	|	0.00
2014-12-16 23:07:39.159372 	|	 VM_Task_13 	|	 0.111	|	147456.0	|	8260	|	0.00
2014-12-16 23:07:45.581500 	|	 VM_Task_13 	|	 0.236	|	165888.0	|	13380	|	56.60
2014-12-16 23:07:51.619544 	|	 VM_Task_13 	|	 0.24	|	164864.0	|	13380	|	0.00
2014-12-16 23:07:59.164962 	|	 VM_Task_13 	|	 0.13	|	151552.0	|	13380	|	0.00
2014-12-16 23:08:03.675554 	|	 VM_Task_13 	|	 0.183	|	165888.0	|	13380	|	0.00
2014-12-16 23:08:09.707813 	|	 VM_Task_13 	|	 0.157	|	152576.0	|	13380	|	0.00
2014-12-16 23:08:16.945404 	|	 VM_Task_13 	|	 0.172	|	165888.0	|	13380	|	84.60
2014-12-16 23:08:21.778577 	|	 VM_Task_13 	|	 0.0	|	161792.0	|	13380	|	0.00
2014-12-16 23:08:31.389463 	|	 VM_Task_13 	|	 0.0	|	148480.0	|	13380	|	0.00
2014-12-16 23:08:35.313581 	|	 VM_Task_13 	|	 0.0	|	161792.0	|	13380	|	0.00
2014-12-16 23:08:40.008543 	|	 VM_Task_13 	|	 0.0	|	148480.0	|	13380	|	0.00
2014-12-16 23:09:04.975834 	|	 VM_Task_13 	|	 0.0	|	161792.0	|	13380	|	65.90
2014-12-16 23:09:04.978224 	|	 VM_Task_13 	|	 0.0	|	161792.0	|	13380	|	1.80
2014-12-16 23:09:04.980746 	|	 VM_Task_13 	|	 0.0	|	148480.0	|	13380	|	0.00
2014-12-16 23:09:10.035335 	|	 VM_Task_13 	|	 0.0	|	161792.0	|	13380	|	0.00
2014-12-16 23:09:13.772293 	|	 VM_Task_13 	|	 0.0	|	147456.0	|	13380	|	0.00
2014-12-16 23:09:18.995070 	|	 VM_Task_13 	|	 0.0	|	161792.0	|	13380	|	44.40
2014-12-16 23:09:22.502552 	|	 VM_Task_13 	|	 0.0	|	161792.0	|	13380	|	0.00
2014-12-16 23:09:28.539184 	|	 VM_Task_13 	|	 0.0	|	148480.0	|	13380	|	0.00
2014-12-16 23:09:36.179955 	|	 VM_Task_13 	|	 0.0	|	161792.0	|	13380	|	0.00
2014-12-16 23:09:58.577052 	|	 VM_Task_13 	|	 0.0	|	148480.0	|	13380	|	0.00
2014-12-16 23:10:01.905248 	|	 VM_Task_13 	|	 0.0	|	161792.0	|	13380	|	65.80
2014-12-16 23:10:01.911334 	|	 VM_Task_13 	|	 0.0	|	160768.0	|	13380	|	0.00
2014-12-16 23:10:01.914162 	|	 VM_Task_13 	|	 0.0	|	148480.0	|	13380	|	0.00
2014-12-16 23:10:05.069864 	|	 VM_Task_13 	|	 0.0	|	161792.0	|	13380	|	0.00
2014-12-16 23:10:11.105684 	|	 VM_Task_13 	|	 0.0	|	148480.0	|	13380	|	0.00
2014-12-16 23:10:17.140514 	|	 VM_Task_13 	|	 0.0	|	161792.0	|	13380	|	84.90
2014-12-16 23:10:23.183399 	|	 VM_Task_13 	|	 0.0	|	161792.0	|	13380	|	0.00
2014-12-16 23:10:33.113979 	|	 VM_Task_13 	|	 0.0	|	148480.0	|	13380	|	0.00
2014-12-16 23:10:35.252314 	|	 VM_Task_13 	|	 0.0	|	161792.0	|	13380	|	0.00
2014-12-16 23:10:41.287724 	|	 VM_Task_13 	|	 0.0	|	148480.0	|	13380	|	0.00
2014-12-16 23:10:47.329146 	|	 VM_Task_13 	|	 0.0	|	161792.0	|	13380	|	69.20
2014-12-16 23:10:53.417872 	|	 VM_Task_13 	|	 0.0	|	161792.0	|	13380	|	0.00
2014-12-16 23:10:59.452309 	|	 VM_Task_13 	|	 0.0	|	147456.0	|	13380	|	0.00
2014-12-16 23:11:05.488283 	|	 VM_Task_13 	|	 0.0	|	161792.0	|	13380	|	0.00
2014-12-16 23:11:11.524378 	|	 VM_Task_13 	|	 0.0	|	148480.0	|	13380	|	0.00
2014-12-16 23:11:17.953643 	|	 VM_Task_13 	|	 0.0	|	161792.0	|	13380	|	61.40
2014-12-16 23:11:23.992124 	|	 VM_Task_13 	|	 0.0	|	161792.0	|	13380	|	0.00
2014-12-16 23:11:30.028045 	|	 VM_Task_13 	|	 0.0	|	148480.0	|	13380	|	0.00
2014-12-16 23:11:36.063598 	|	 VM_Task_13 	|	 0.0	|	161792.0	|	13380	|	0.00
2014-12-16 23:11:42.099810 	|	 VM_Task_13 	|	 0.0	|	148480.0	|	13380	|	0.00
2014-12-16 23:11:48.145235 	|	 VM_Task_13 	|	 0.0	|	161792.0	|	13380	|	84.90
2014-12-16 23:11:56.344800 	|	 VM_Task_13 	|	 0.0	|	162816.0	|	13380	|	0.00
2014-12-16 23:12:00.214693 	|	 VM_Task_13 	|	 0.0	|	148480.0	|	13380	|	0.00
2014-12-16 23:12:18.864332 	|	 VM_Task_13 	|	 0.0	|	161792.0	|	13380	|	0.00
2014-12-16 23:12:18.869516 	|	 VM_Task_13 	|	 0.0	|	148480.0	|	13380	|	0.00
2014-12-16 23:12:18.875828 	|	 VM_Task_13 	|	 0.0	|	161792.0	|	13380	|	63.17
2014-12-16 23:12:25.045808 	|	 VM_Task_13 	|	 0.0	|	162816.0	|	13380	|	6.30
2014-12-16 23:12:31.083184 	|	 VM_Task_13 	|	 0.0	|	148480.0	|	13380	|	0.00
2014-12-16 23:12:52.854304 	|	 VM_Task_13 	|	 0.0	|	161792.0	|	13380	|	0.00
2014-12-16 23:12:52.858681 	|	 VM_Task_13 	|	 0.0	|	148480.0	|	13380	|	0.20
2014-12-16 23:12:52.863250 	|	 VM_Task_13 	|	 0.0	|	148480.0	|	13380	|	40.70
2014-12-16 23:12:56.096249 	|	 VM_Task_13 	|	 0.0	|	161792.0	|	13380	|	0.10
2014-12-16 23:13:02.131448 	|	 VM_Task_13 	|	 0.0	|	148480.0	|	13380	|	0.00
2014-12-16 23:13:08.166345 	|	 VM_Task_13 	|	 0.0	|	161792.0	|	13380	|	0.00
2014-12-16 23:13:14.204130 	|	 VM_Task_13 	|	 0.0	|	148480.0	|	13380	|	43.60
2014-12-16 23:13:20.678103 	|	 VM_Task_13 	|	 0.0	|	148480.0	|	13380	|	22.40
2014-12-16 23:13:26.713292 	|	 VM_Task_13 	|	 0.0	|	161792.0	|	13380	|	0.00
2014-12-16 23:13:32.749495 	|	 VM_Task_13 	|	 0.0	|	148480.0	|	13380	|	0.00
2014-12-16 23:13:38.785542 	|	 VM_Task_13 	|	 0.0	|	161792.0	|	13380	|	0.00
2014-12-16 23:13:44.823623 	|	 VM_Task_13 	|	 0.0	|	148480.0	|	13380	|	56.50
2014-12-16 23:13:51.268286 	|	 VM_Task_13 	|	 0.0	|	148480.0	|	13380	|	0.00
2014-12-16 23:13:57.304619 	|	 VM_Task_13 	|	 0.0	|	161792.0	|	13380	|	0.00
2014-12-16 23:14:03.340849 	|	 VM_Task_13 	|	 0.0	|	148480.0	|	13380	|	0.00
2014-12-16 23:14:09.415918 	|	 VM_Task_13 	|	 0.0	|	160768.0	|	13380	|	6.80
2014-12-16 23:14:15.507291 	|	 VM_Task_13 	|	 0.0	|	153600.0	|	13380	|	53.40
2014-12-16 23:14:21.629282 	|	 VM_Task_13 	|	 0.0	|	148480.0	|	13380	|	0.00
2014-12-16 23:14:27.666024 	|	 VM_Task_13 	|	 0.0	|	161792.0	|	13380	|	0.00
2014-12-16 23:14:33.703126 	|	 VM_Task_13 	|	 0.0	|	148480.0	|	13380	|	0.00
2014-12-16 23:14:39.868771 	|	 VM_Task_13 	|	 0.0	|	161792.0	|	13380	|	9.00
2014-12-16 23:14:45.978767 	|	 VM_Task_13 	|	 0.0	|	159744.0	|	13380	|	39.20
2014-12-16 23:14:53.553711 	|	 VM_Task_13 	|	 0.0	|	148480.0	|	13380	|	0.00
2014-12-16 23:15:02.690250 	|	 VM_Task_13 	|	 0.0	|	161792.0	|	13380	|	0.00
2014-12-16 23:15:04.093522 	|	 VM_Task_13 	|	 0.0	|	148480.0	|	13380	|	0.00
2014-12-16 23:15:10.501310 	|	 VM_Task_13 	|	 0.0	|	161792.0	|	13380	|	13.60
2014-12-16 23:15:16.590250 	|	 VM_Task_13 	|	 0.0	|	161792.0	|	13380	|	9.70
2014-12-16 23:15:22.626283 	|	 VM_Task_13 	|	 0.0	|	148480.0	|	13380	|	0.00
2014-12-16 23:15:28.662664 	|	 VM_Task_13 	|	 0.0	|	161792.0	|	13380	|	0.00
2014-12-16 23:15:34.698629 	|	 VM_Task_13 	|	 0.0	|	148480.0	|	13380	|	0.00
2014-12-16 23:15:41.128870 	|	 VM_Task_13 	|	 0.0	|	161792.0	|	13380	|	41.90
2014-12-16 23:15:47.186846 	|	 VM_Task_13 	|	 0.0	|	161792.0	|	13380	|	1.70
2014-12-16 23:15:53.222276 	|	 VM_Task_13 	|	 0.0	|	148480.0	|	13380	|	0.00
2014-12-16 23:15:59.259113 	|	 VM_Task_13 	|	 0.0	|	161792.0	|	13380	|	0.00
2014-12-16 23:16:05.294632 	|	 VM_Task_13 	|	 0.0	|	148480.0	|	13380	|	0.00
2014-12-16 23:16:11.561428 	|	 VM_Task_13 	|	 0.0	|	161792.0	|	13380	|	66.80
2014-12-16 23:16:17.599517 	|	 VM_Task_13 	|	 0.0	|	160768.0	|	13380	|	0.00
2014-12-16 23:16:23.636430 	|	 VM_Task_13 	|	 0.0	|	148480.0	|	13380	|	0.00
2014-12-16 23:16:29.673621 	|	 VM_Task_13 	|	 0.0	|	161792.0	|	13380	|	0.00
2014-12-16 23:16:35.710502 	|	 VM_Task_13 	|	 0.0	|	148480.0	|	13380	|	0.00
2014-12-16 23:16:41.887177 	|	 VM_Task_13 	|	 0.0	|	161792.0	|	13380	|	69.00
2014-12-16 23:16:47.922801 	|	 VM_Task_13 	|	 0.0	|	161792.0	|	13380	|	0.00
2014-12-16 23:16:54.127124 	|	 VM_Task_13 	|	 0.0	|	148480.0	|	13380	|	45.30
2014-12-16 23:17:00.165855 	|	 VM_Task_13 	|	 0.0	|	161792.0	|	13380	|	0.00
2014-12-16 23:17:06.203973 	|	 VM_Task_13 	|	 0.0	|	148480.0	|	13380	|	0.00
2014-12-16 23:17:12.241668 	|	 VM_Task_13 	|	 0.0	|	161792.0	|	13380	|	86.70
2014-12-16 23:17:18.287831 	|	 VM_Task_13 	|	 0.0	|	161792.0	|	13380	|	0.00
2014-12-16 23:17:24.324833 	|	 VM_Task_13 	|	 0.0	|	148480.0	|	13380	|	0.00
2014-12-16 23:17:30.361475 	|	 VM_Task_13 	|	 0.0	|	161792.0	|	13380	|	0.00
2014-12-16 23:17:36.439535 	|	 VM_Task_13 	|	 0.0	|	148480.0	|	13380	|	0.00
2014-12-16 23:17:42.658538 	|	 VM_Task_13 	|	 0.0	|	161792.0	|	13380	|	82.00
2014-12-16 23:17:48.695140 	|	 VM_Task_13 	|	 0.0	|	161792.0	|	13380	|	0.00
2014-12-16 23:17:55.544826 	|	 VM_Task_13 	|	 0.0	|	148480.0	|	13380	|	6.10
2014-12-16 23:18:01.587057 	|	 VM_Task_13 	|	 0.0	|	161792.0	|	13380	|	0.00
2014-12-16 23:18:07.626484 	|	 VM_Task_13 	|	 0.0	|	148480.0	|	13380	|	49.70
2014-12-16 23:18:14.075871 	|	 VM_Task_13 	|	 0.0	|	148480.0	|	13380	|	0.00
2014-12-16 23:18:20.121915 	|	 VM_Task_13 	|	 0.0	|	160768.0	|	13380	|	0.00
2014-12-16 23:18:26.157388 	|	 VM_Task_13 	|	 0.0	|	148480.0	|	13380	|	0.00
2014-12-16 23:18:32.197637 	|	 VM_Task_13 	|	 0.0	|	161792.0	|	13380	|	0.00
2014-12-16 23:18:38.245092 	|	 VM_Task_13 	|	 0.0	|	148480.0	|	13380	|	53.40
2014-12-16 23:18:44.343460 	|	 VM_Task_13 	|	 0.0	|	148480.0	|	13380	|	0.00
2014-12-16 23:18:50.380901 	|	 VM_Task_13 	|	 0.0	|	161792.0	|	13380	|	0.00
2014-12-16 23:18:56.420433 	|	 VM_Task_13 	|	 0.0	|	148480.0	|	13380	|	0.10
2014-12-16 23:19:02.458470 	|	 VM_Task_13 	|	 0.0	|	161792.0	|	13380	|	0.00
2014-12-16 23:19:08.493517 	|	 VM_Task_13 	|	 0.0	|	148480.0	|	13380	|	53.20
2014-12-16 23:19:14.677512 	|	 VM_Task_13 	|	 0.0	|	149504.0	|	13380	|	0.00
2014-12-16 23:19:20.715105 	|	 VM_Task_13 	|	 0.0	|	161792.0	|	13380	|	0.00
2014-12-16 23:19:26.751763 	|	 VM_Task_13 	|	 0.0	|	148480.0	|	13380	|	0.10
2014-12-16 23:19:32.790049 	|	 VM_Task_13 	|	 0.0	|	161792.0	|	13380	|	0.00
2014-12-16 23:19:38.827683 	|	 VM_Task_13 	|	 0.0	|	148480.0	|	13380	|	53.50
2014-12-16 23:19:45.000675 	|	 VM_Task_13 	|	 0.0	|	148480.0	|	13380	|	0.00
2014-12-16 23:19:51.038508 	|	 VM_Task_13 	|	 0.0	|	161792.0	|	13380	|	0.00
2014-12-16 23:19:57.076519 	|	 VM_Task_13 	|	 0.0	|	148480.0	|	13380	|	0.10
2014-12-16 23:20:03.117257 	|	 VM_Task_13 	|	 0.0	|	161792.0	|	13380	|	0.00
2014-12-16 23:20:09.154672 	|	 VM_Task_13 	|	 0.0	|	148480.0	|	13380	|	55.30
2014-12-16 23:20:15.318434 	|	 VM_Task_13 	|	 0.0	|	148480.0	|	13380	|	6.70
2014-12-16 23:20:21.348683 	|	 VM_Task_13 	|	 0.0	|	161792.0	|	13380	|	0.00
2014-12-16 23:20:27.388537 	|	 VM_Task_13 	|	 0.0	|	148480.0	|	13380	|	0.20
2014-12-16 23:20:33.424046 	|	 VM_Task_13 	|	 0.0	|	161792.0	|	13380	|	0.00
2014-12-16 23:20:39.462793 	|	 VM_Task_13 	|	 0.0	|	148480.0	|	13380	|	50.10
2014-12-16 23:20:45.873212 	|	 VM_Task_13 	|	 0.0	|	148480.0	|	13380	|	0.00
2014-12-16 23:20:51.913505 	|	 VM_Task_13 	|	 0.0	|	161792.0	|	13380	|	0.00
2014-12-16 23:20:57.951417 	|	 VM_Task_13 	|	 0.0	|	148480.0	|	13380	|	0.00
2014-12-16 23:21:03.988135 	|	 VM_Task_13 	|	 0.0	|	161792.0	|	13380	|	0.00
2014-12-16 23:21:10.027078 	|	 VM_Task_13 	|	 0.0	|	148480.0	|	13380	|	58.30
2014-12-16 23:21:16.569258 	|	 VM_Task_13 	|	 0.0	|	148480.0	|	13380	|	0.00
2014-12-16 23:21:22.607246 	|	 VM_Task_13 	|	 0.0	|	161792.0	|	13380	|	0.00
2014-12-16 23:21:28.648332 	|	 VM_Task_13 	|	 0.0	|	148480.0	|	13380	|	0.00
2014-12-16 23:21:35.064085 	|	 VM_Task_13 	|	 0.0	|	161792.0	|	13380	|	4.30
2014-12-16 23:21:41.286167 	|	 VM_Task_13 	|	 0.0	|	162816.0	|	13380	|	5.60
2014-12-16 23:21:47.327202 	|	 VM_Task_13 	|	 0.0	|	148480.0	|	13380	|	0.00
2014-12-16 23:21:53.363477 	|	 VM_Task_13 	|	 0.0	|	161792.0	|	13380	|	0.00
2014-12-16 23:21:59.400604 	|	 VM_Task_13 	|	 0.0	|	148480.0	|	13380	|	0.00
2014-12-16 23:22:05.789294 	|	 VM_Task_13 	|	 0.0	|	161792.0	|	13380	|	44.70
2014-12-16 23:22:11.847305 	|	 VM_Task_13 	|	 0.0	|	161792.0	|	13380	|	1.70
2014-12-16 23:22:17.886138 	|	 VM_Task_13 	|	 0.0	|	148480.0	|	13380	|	0.00
2014-12-16 23:22:23.927444 	|	 VM_Task_13 	|	 0.0	|	161792.0	|	13380	|	0.00
2014-12-16 23:22:29.963043 	|	 VM_Task_13 	|	 0.0	|	148480.0	|	13380	|	0.00
2014-12-16 23:22:36.306728 	|	 VM_Task_13 	|	 0.0	|	161792.0	|	13380	|	60.40
2014-12-16 23:22:42.382478 	|	 VM_Task_13 	|	 0.0	|	161792.0	|	13380	|	0.00
2014-12-16 23:22:48.423485 	|	 VM_Task_13 	|	 0.0	|	148480.0	|	13380	|	0.00
2014-12-16 23:22:54.465377 	|	 VM_Task_13 	|	 0.0	|	161792.0	|	13380	|	0.00
2014-12-16 23:23:00.500259 	|	 VM_Task_13 	|	 0.0	|	148480.0	|	13380	|	0.00
2014-12-16 23:23:06.644592 	|	 VM_Task_13 	|	 0.0	|	161792.0	|	13380	|	87.00
2014-12-16 23:23:12.721451 	|	 VM_Task_13 	|	 0.0	|	161792.0	|	13380	|	0.00
2014-12-16 23:23:18.760485 	|	 VM_Task_13 	|	 0.0	|	148480.0	|	13380	|	0.00
2014-12-16 23:23:24.798123 	|	 VM_Task_13 	|	 0.0	|	161792.0	|	13380	|	0.00
2014-12-16 23:23:30.833116 	|	 VM_Task_13 	|	 0.0	|	148480.0	|	13380	|	0.00
2014-12-16 23:23:37.005575 	|	 VM_Task_13 	|	 0.0	|	161792.0	|	13380	|	77.90
2014-12-16 23:23:43.062784 	|	 VM_Task_13 	|	 0.0	|	161792.0	|	13380	|	0.00
2014-12-16 23:23:49.102742 	|	 VM_Task_13 	|	 0.0	|	148480.0	|	13380	|	0.00
2014-12-16 23:23:55.138815 	|	 VM_Task_13 	|	 0.0	|	161792.0	|	13380	|	0.00
2014-12-16 23:24:01.175844 	|	 VM_Task_13 	|	 0.0	|	148480.0	|	13380	|	0.00
2014-12-16 23:24:07.212530 	|	 VM_Task_13 	|	 0.0	|	161792.0	|	13380	|	87.00
2014-12-16 23:24:13.247732 	|	 VM_Task_13 	|	 0.0	|	161792.0	|	13380	|	0.00
2014-12-16 23:24:19.289859 	|	 VM_Task_13 	|	 0.0	|	148480.0	|	13380	|	0.00
2014-12-16 23:24:25.330515 	|	 VM_Task_13 	|	 0.0	|	161792.0	|	13380	|	0.00
2014-12-16 23:24:31.368538 	|	 VM_Task_13 	|	 0.0	|	148480.0	|	13380	|	0.00
2014-12-16 23:24:37.742116 	|	 VM_Task_13 	|	 0.0	|	161792.0	|	13380	|	63.10
2014-12-16 23:24:43.781083 	|	 VM_Task_13 	|	 0.0	|	161792.0	|	13380	|	0.00
2014-12-16 23:24:49.821626 	|	 VM_Task_13 	|	 0.0	|	148480.0	|	13380	|	0.00
2014-12-16 23:24:55.856550 	|	 VM_Task_13 	|	 0.0	|	161792.0	|	13380	|	0.00
2014-12-16 23:25:01.894480 	|	 VM_Task_13 	|	 0.0	|	148480.0	|	13380	|	0.00
2014-12-16 23:25:08.013648 	|	 VM_Task_13 	|	 0.0	|	161792.0	|	13380	|	91.00
2014-12-16 23:25:14.085978 	|	 VM_Task_13 	|	 0.0	|	161792.0	|	13380	|	0.00
2014-12-16 23:25:20.124058 	|	 VM_Task_13 	|	 0.0	|	148480.0	|	13380	|	0.00
2014-12-16 23:25:26.167454 	|	 VM_Task_13 	|	 0.0	|	161792.0	|	13380	|	0.00
2014-12-16 23:25:32.201334 	|	 VM_Task_13 	|	 0.0	|	148480.0	|	13380	|	0.00
2014-12-16 23:25:38.237533 	|	 VM_Task_13 	|	 0.0	|	161792.0	|	13380	|	86.30
2014-12-16 23:25:44.271677 	|	 VM_Task_13 	|	 0.0	|	161792.0	|	13380	|	0.00
2014-12-16 23:25:50.309794 	|	 VM_Task_13 	|	 0.0	|	148480.0	|	13380	|	0.00
2014-12-16 23:25:56.348879 	|	 VM_Task_13 	|	 0.0	|	161792.0	|	13380	|	0.00
2014-12-16 23:26:02.393920 	|	 VM_Task_13 	|	 0.0	|	148480.0	|	13380	|	0.00
2014-12-16 23:26:10.471851 	|	 VM_Task_13 	|	 0.0	|	148480.0	|	13380	|	41.90
2014-12-16 23:26:16.515553 	|	 VM_Task_13 	|	 0.0	|	161792.0	|	13380	|	0.00
2014-12-16 23:26:22.551888 	|	 VM_Task_13 	|	 0.0	|	148480.0	|	13380	|	0.00
2014-12-16 23:26:28.590257 	|	 VM_Task_13 	|	 0.0	|	161792.0	|	13380	|	0.10
2014-12-16 23:26:34.629184 	|	 VM_Task_13 	|	 0.0	|	148480.0	|	13380	|	52.10
2014-12-16 23:26:41.180583 	|	 VM_Task_13 	|	 0.0	|	148480.0	|	13380	|	0.00
2014-12-16 23:26:47.220055 	|	 VM_Task_13 	|	 0.0	|	161792.0	|	13380	|	0.00
2014-12-16 23:26:53.258195 	|	 VM_Task_13 	|	 0.0	|	148480.0	|	13380	|	0.00
2014-12-16 23:26:59.294523 	|	 VM_Task_13 	|	 0.0	|	161792.0	|	13380	|	0.00
2014-12-16 23:27:05.330331 	|	 VM_Task_13 	|	 0.0	|	148480.0	|	13380	|	57.00
2014-12-16 23:27:11.512497 	|	 VM_Task_13 	|	 0.0	|	149504.0	|	13380	|	0.00
2014-12-16 23:27:17.549582 	|	 VM_Task_13 	|	 0.0	|	161792.0	|	13380	|	0.00
2014-12-16 23:27:23.583587 	|	 VM_Task_13 	|	 0.0	|	148480.0	|	13380	|	0.00
2014-12-16 23:27:29.623284 	|	 VM_Task_13 	|	 0.0	|	161792.0	|	13380	|	0.00
2014-12-16 23:27:35.670599 	|	 VM_Task_13 	|	 0.0	|	148480.0	|	13380	|	55.50
2014-12-16 23:27:41.976325 	|	 VM_Task_13 	|	 0.0	|	148480.0	|	13380	|	0.00
2014-12-16 23:27:48.014933 	|	 VM_Task_13 	|	 0.0	|	161792.0	|	13380	|	0.00
2014-12-16 23:27:54.054345 	|	 VM_Task_13 	|	 0.0	|	148480.0	|	13380	|	0.00
2014-12-16 23:28:00.471282 	|	 VM_Task_13 	|	 0.0	|	161792.0	|	13380	|	3.90
2014-12-16 23:28:06.685238 	|	 VM_Task_13 	|	 0.0	|	162816.0	|	13380	|	6.70
2014-12-16 23:28:12.725911 	|	 VM_Task_13 	|	 0.0	|	148480.0	|	13380	|	0.00
2014-12-16 23:28:18.768159 	|	 VM_Task_13 	|	 0.0	|	161792.0	|	13380	|	0.00
2014-12-16 23:28:24.803824 	|	 VM_Task_13 	|	 0.0	|	148480.0	|	13380	|	0.00
2014-12-16 23:28:31.216076 	|	 VM_Task_13 	|	 0.0	|	161792.0	|	13380	|	43.40
2014-12-16 23:28:37.274743 	|	 VM_Task_13 	|	 0.0	|	161792.0	|	13380	|	1.80
2014-12-16 23:28:43.313033 	|	 VM_Task_13 	|	 0.0	|	148480.0	|	13380	|	0.00
2014-12-16 23:28:49.352288 	|	 VM_Task_13 	|	 0.0	|	161792.0	|	13380	|	0.00
2014-12-16 23:28:55.388509 	|	 VM_Task_13 	|	 0.0	|	148480.0	|	13380	|	0.00
2014-12-16 23:29:01.423512 	|	 VM_Task_13 	|	 0.0	|	161792.0	|	13380	|	66.00
2014-12-16 23:29:07.622158 	|	 VM_Task_13 	|	 0.0	|	151552.0	|	13380	|	98.20
2014-12-16 23:29:13.724401 	|	 VM_Task_13 	|	 0.0	|	148480.0	|	13380	|	0.00
2014-12-16 23:29:19.764364 	|	 VM_Task_13 	|	 0.0	|	161792.0	|	13380	|	0.00
2014-12-16 23:29:25.801816 	|	 VM_Task_13 	|	 0.0	|	148480.0	|	13380	|	0.00
2014-12-16 23:29:31.839497 	|	 VM_Task_13 	|	 0.0	|	161792.0	|	13380	|	0.00
2014-12-16 23:29:37.879766 	|	 VM_Task_13 	|	 0.0	|	148480.0	|	13380	|	56.70
2014-12-16 23:29:44.087654 	|	 VM_Task_13 	|	 0.0	|	148480.0	|	13380	|	12.40
2014-12-16 23:29:50.124946 	|	 VM_Task_13 	|	 0.0	|	161792.0	|	13380	|	0.00
2014-12-16 23:29:56.160215 	|	 VM_Task_13 	|	 0.0	|	148480.0	|	13380	|	0.00
2014-12-16 23:30:02.196721 	|	 VM_Task_13 	|	 0.0	|	161792.0	|	13380	|	0.00
2014-12-16 23:30:08.237970 	|	 VM_Task_13 	|	 0.0	|	148480.0	|	13380	|	55.60
2014-12-16 23:30:14.508564 	|	 VM_Task_13 	|	 0.0	|	149504.0	|	13380	|	0.00
2014-12-16 23:30:20.537333 	|	 VM_Task_13 	|	 0.0	|	161792.0	|	13380	|	0.00
2014-12-16 23:30:26.572347 	|	 VM_Task_13 	|	 0.0	|	148480.0	|	13380	|	0.00
2014-12-16 23:30:32.608660 	|	 VM_Task_13 	|	 0.0	|	161792.0	|	13380	|	0.00
2014-12-16 23:30:38.648904 	|	 VM_Task_13 	|	 0.0	|	149504.0	|	13380	|	52.60
2014-12-16 23:30:44.910473 	|	 VM_Task_13 	|	 0.0	|	149504.0	|	13380	|	0.00
2014-12-16 23:30:50.948104 	|	 VM_Task_13 	|	 0.0	|	161792.0	|	13380	|	0.00
2014-12-16 23:30:56.983212 	|	 VM_Task_13 	|	 0.0	|	148480.0	|	13380	|	0.00
2014-12-16 23:31:03.023539 	|	 VM_Task_13 	|	 0.0	|	161792.0	|	13380	|	0.00
2014-12-16 23:31:09.061061 	|	 VM_Task_13 	|	 0.0	|	148480.0	|	13380	|	48.40
2014-12-16 23:31:15.216873 	|	 VM_Task_13 	|	 0.0	|	148480.0	|	13380	|	0.00
2014-12-16 23:31:21.253654 	|	 VM_Task_13 	|	 0.0	|	161792.0	|	13380	|	0.00
2014-12-16 23:31:27.288485 	|	 VM_Task_13 	|	 0.0	|	148480.0	|	13380	|	0.00
2014-12-16 23:31:33.323455 	|	 VM_Task_13 	|	 0.0	|	161792.0	|	13380	|	0.00
2014-12-16 23:31:39.365993 	|	 VM_Task_13 	|	 0.0	|	148480.0	|	13380	|	55.30
2014-12-16 23:31:45.640517 	|	 VM_Task_13 	|	 0.0	|	148480.0	|	13380	|	0.00
2014-12-16 23:31:51.679130 	|	 VM_Task_13 	|	 0.0	|	161792.0	|	13380	|	0.00
2014-12-16 23:31:57.714540 	|	 VM_Task_13 	|	 0.0	|	148480.0	|	13380	|	0.00
2014-12-16 23:32:03.875150 	|	 VM_Task_13 	|	 0.0	|	161792.0	|	13380	|	1.70
2014-12-16 23:32:09.954226 	|	 VM_Task_13 	|	 0.0	|	156672.0	|	13380	|	49.20
2014-12-16 23:32:15.989583 	|	 VM_Task_13 	|	 0.0	|	148480.0	|	13380	|	0.00
2014-12-16 23:32:22.027217 	|	 VM_Task_13 	|	 0.0	|	161792.0	|	13380	|	0.00
2014-12-16 23:32:28.982730 	|	 VM_Task_13 	|	 0.0	|	148480.0	|	13380	|	0.10
2014-12-16 23:32:35.089240 	|	 VM_Task_13 	|	 0.0	|	161792.0	|	13380	|	93.70
2014-12-16 23:32:41.151122 	|	 VM_Task_13 	|	 0.0	|	161792.0	|	13380	|	0.00
2014-12-16 23:32:47.190713 	|	 VM_Task_13 	|	 0.0	|	148480.0	|	13380	|	0.00
2014-12-16 23:32:53.230264 	|	 VM_Task_13 	|	 0.0	|	161792.0	|	13380	|	0.00
2014-12-16 23:32:59.268195 	|	 VM_Task_13 	|	 0.0	|	148480.0	|	13380	|	0.10
2014-12-16 23:33:05.308757 	|	 VM_Task_13 	|	 0.0	|	161792.0	|	13380	|	84.06
2014-12-16 23:33:11.344970 	|	 VM_Task_13 	|	 0.0	|	161792.0	|	13380	|	0.00
2014-12-16 23:33:17.384195 	|	 VM_Task_13 	|	 0.0	|	148480.0	|	13380	|	0.00
2014-12-16 23:33:23.420487 	|	 VM_Task_13 	|	 0.0	|	161792.0	|	13380	|	0.00
2014-12-16 23:33:29.456726 	|	 VM_Task_13 	|	 0.0	|	148480.0	|	13380	|	0.10
2014-12-16 23:33:35.845529 	|	 VM_Task_13 	|	 0.0	|	161792.0	|	13380	|	63.90
2014-12-16 23:33:41.881540 	|	 VM_Task_13 	|	 0.0	|	161792.0	|	13380	|	0.00
2014-12-16 23:33:47.919609 	|	 VM_Task_13 	|	 0.0	|	148480.0	|	13380	|	0.00
2014-12-16 23:33:53.955718 	|	 VM_Task_13 	|	 0.0	|	161792.0	|	13380	|	0.00
2014-12-16 23:33:59.993562 	|	 VM_Task_13 	|	 0.0	|	148480.0	|	13380	|	0.00
2014-12-16 23:34:06.745309 	|	 VM_Task_13 	|	 0.0	|	161792.0	|	13380	|	85.70
2014-12-16 23:34:12.784739 	|	 VM_Task_13 	|	 0.0	|	161792.0	|	13380	|	0.00
2014-12-16 23:34:18.822652 	|	 VM_Task_13 	|	 0.0	|	148480.0	|	13380	|	0.00
2014-12-16 23:34:24.858258 	|	 VM_Task_13 	|	 0.0	|	161792.0	|	13380	|	0.00
2014-12-16 23:34:30.938441 	|	 VM_Task_13 	|	 0.0	|	148480.0	|	13380	|	39.90
2014-12-16 23:34:37.538140 	|	 VM_Task_13 	|	 0.0	|	148480.0	|	13380	|	0.00
2014-12-16 23:34:43.580271 	|	 VM_Task_13 	|	 0.0	|	161792.0	|	13380	|	0.00
2014-12-16 23:34:49.617875 	|	 VM_Task_13 	|	 0.0	|	148480.0	|	13380	|	0.00
2014-12-16 23:34:55.655751 	|	 VM_Task_13 	|	 0.0	|	161792.0	|	13380	|	0.00
2014-12-17 00:02:42.938605 	|	 VM_Task_13 	|	 0.0	|	133120.0	|	0.0	|	11.40
2014-12-17 00:02:48.965749 	|	 VM_Task_13 	|	 0.0	|	133120.0	|	0.0	|	0.00
2014-12-17 00:02:54.996257 	|	 VM_Task_13 	|	 0.0	|	133120.0	|	0.0	|	0.00
2014-12-17 00:03:01.021956 	|	 VM_Task_13 	|	 0.0	|	133120.0	|	0.0	|	9.29
2014-12-17 00:03:07.049810 	|	 VM_Task_13 	|	 0.13	|	145408.0	|	8260	|	0.00
2014-12-17 00:03:13.076557 	|	 VM_Task_13 	|	 0.097	|	186368.0	|	48196	|	0.00
2014-12-17 00:03:19.102454 	|	 VM_Task_13 	|	 0.099	|	186368.0	|	48196	|	0.10
2014-12-17 00:03:25.132478 	|	 VM_Task_13 	|	 0.126	|	145408.0	|	8260	|	0.00
2014-12-17 00:03:31.156758 	|	 VM_Task_13 	|	 0.12	|	145408.0	|	8260	|	0.00
2014-12-17 00:03:37.180326 	|	 VM_Task_13 	|	 0.118	|	145408.0	|	8260	|	0.00
2014-12-17 00:03:43.203924 	|	 VM_Task_13 	|	 0.175	|	156672.0	|	18500	|	0.00
2014-12-17 00:03:49.228731 	|	 VM_Task_13 	|	 0.177	|	156672.0	|	18500	|	0.10
2014-12-17 00:03:55.256250 	|	 VM_Task_13 	|	 0.313	|	165888.0	|	28740	|	0.00
2014-12-17 00:04:01.281801 	|	 VM_Task_13 	|	 0.14	|	142336.0	|	4292	|	31.11
2014-12-17 00:04:07.979816 	|	 VM_Task_13 	|	 0.126	|	139264.0	|	4292	|	5.30
2014-12-17 00:04:14.244750 	|	 VM_Task_13 	|	 0.706	|	172032.0	|	23620	|	0.00
2014-12-17 00:04:20.613770 	|	 VM_Task_13 	|	 1.068	|	167936.0	|	33860	|	0.00
2014-12-17 00:04:26.646445 	|	 VM_Task_13 	|	 0.495	|	172032.0	|	33860	|	48.50
2014-12-17 00:04:33.245476 	|	 VM_Task_13 	|	 0.273	|	144384.0	|	8260	|	0.20
2014-12-17 00:04:39.273654 	|	 VM_Task_13 	|	 0.21	|	157696.0	|	8260	|	0.20
2014-12-17 00:04:45.306268 	|	 VM_Task_13 	|	 0.131	|	149504.0	|	13380	|	0.00
2014-12-17 00:04:51.335879 	|	 VM_Task_13 	|	 0.105	|	152576.0	|	4292	|	0.00
2014-12-17 00:04:57.369265 	|	 VM_Task_13 	|	 0.11	|	139264.0	|	4292	|	49.90
2014-12-17 00:05:03.640450 	|	 VM_Task_13 	|	 0.16	|	169984.0	|	33860	|	0.00
2014-12-17 00:05:09.673334 	|	 VM_Task_13 	|	 0.162	|	183296.0	|	33860	|	0.10
2014-12-17 00:05:15.704076 	|	 VM_Task_13 	|	 0.26	|	193536.0	|	58436	|	0.00
2014-12-17 00:05:21.755151 	|	 VM_Task_13 	|	 0.25	|	167936.0	|	18500	|	0.00
2014-12-17 00:05:27.970049 	|	 VM_Task_13 	|	 0.266	|	158720.0	|	18500	|	46.10
2014-12-17 00:05:33.992625 	|	 VM_Task_13 	|	 0.28	|	167936.0	|	18500	|	0.00
2014-12-17 00:05:40.013713 	|	 VM_Task_13 	|	 0.09	|	152576.0	|	4292	|	0.00
2014-12-17 00:05:46.042895 	|	 VM_Task_13 	|	 0.102	|	139264.0	|	4292	|	0.00
2014-12-17 00:05:52.386192 	|	 VM_Task_13 	|	 0.123	|	153600.0	|	4292	|	10.50
2014-12-17 00:05:58.628096 	|	 VM_Task_13 	|	 0.122	|	153600.0	|	4292	|	3.10
2014-12-17 00:06:04.658673 	|	 VM_Task_13 	|	 0.166	|	149504.0	|	13380	|	0.00
2014-12-17 00:06:27.076998 	|	 VM_Task_13 	|	 0.0	|	178176.0	|	0.0	|	0.50
2014-12-17 00:06:33.101365 	|	 VM_Task_13 	|	 0.608	|	188416.0	|	38980	|	0.20
2014-12-17 00:06:39.127807 	|	 VM_Task_13 	|	 0.522	|	187392.0	|	38980	|	0.00
2014-12-17 00:06:45.179832 	|	 VM_Task_13 	|	 0.123	|	204800.0	|	68676	|	0.00
2014-12-17 00:06:51.215773 	|	 VM_Task_13 	|	 0.345	|	166912.0	|	18500	|	0.00
2014-12-17 00:06:57.251288 	|	 VM_Task_13 	|	 0.365	|	153600.0	|	18500	|	0.00
2014-12-17 00:07:03.658593 	|	 VM_Task_13 	|	 0.137	|	162816.0	|	13380	|	47.60
2014-12-17 00:07:09.697534 	|	 VM_Task_13 	|	 0.141	|	162816.0	|	13380	|	0.20
2014-12-17 00:07:15.726158 	|	 VM_Task_13 	|	 0.666	|	169984.0	|	33860	|	0.00
2014-12-17 00:07:21.755106 	|	 VM_Task_13 	|	 0.105	|	157696.0	|	8260	|	0.00
2014-12-17 00:07:27.787440 	|	 VM_Task_13 	|	 0.107	|	144384.0	|	8260	|	0.00
2014-12-17 00:07:34.135965 	|	 VM_Task_13 	|	 0.242	|	162816.0	|	13380	|	70.90
2014-12-17 00:07:40.164578 	|	 VM_Task_13 	|	 0.12	|	162816.0	|	13380	|	0.00
2014-12-17 00:07:46.185648 	|	 VM_Task_13 	|	 0.11	|	162816.0	|	13380	|	0.00
