Host config file does not exist
Host config file does not exist
Host config file does not exist
Host config file does not exist
Host config file does not exist
VM_Task_13 	|	 0.00	|	132	|	0.0	|	13.00

VM_Task_13 	|	 0.00	|	130	|	0.0	|	0.00

VM_Task_13 	|	 0.00	|	131	|	0.0	|	0.00

VM_Task_13 	|	 0.00	|	131	|	0.0	|	0.00

VM_Task_13 	|	 0.00	|	131	|	0.0	|	0.00

VM_Task_13 	|	 0.00	|	131	|	0.0	|	0.00

VM_Task_13 	|	 0.00	|	131	|	0.0	|	0.00

VM_Task_13 	|	 0.00	|	131	|	0.0	|	0.00

VM_Task_13 	|	 0.00	|	131	|	0.0	|	0.00

VM_Task_13 	|	 0.00	|	131	|	0.0	|	0.00

VM_Task_13 	|	 0.00	|	131	|	0.0	|	0.00

VM_Task_13 	|	 0.00	|	131	|	0.0	|	0.00

VM_Task_13 	|	 0.00	|	131	|	0.0	|	0.00

VM_Task_13 	|	 0.00	|	131	|	0.0	|	0.00

VM_Task_13 	|	 0.00	|	131	|	0.0	|	0.10

VM_Task_13 	|	 0.00	|	131	|	0.0	|	0.00

VM_Task_13 	|	 0.00	|	131	|	0.0	|	0.00

VM_Task_13 	|	 0.00	|	131	|	0.0	|	0.00

VM_Task_13 	|	 0.00	|	131	|	0.0	|	0.00

VM_Task_13 	|	 0.00	|	131	|	0.0	|	0.10

VM_Task_13 	|	 0.00	|	131	|	0.0	|	0.00

VM_Task_13 	|	 0.00	|	131	|	0.0	|	0.00

VM_Task_13 	|	 0.00	|	131	|	0.0	|	0.00

VM_Task_13 	|	 0.00	|	131	|	0.0	|	0.00

VM_Task_13 	|	 0.00	|	131	|	0.0	|	0.00

VM_Task_13 	|	 0.00	|	131	|	0.0	|	0.00

VM_Task_13 	|	 0.00	|	131	|	0.0	|	0.00

VM_Task_13 	|	 0.00	|	131	|	0.0	|	0.00

VM_Task_13 	|	 0.00	|	131	|	0.0	|	0.00

VM_Task_13 	|	 0.00	|	131	|	0.0	|	0.00

VM_Task_13 	|	 0.00	|	131	|	0.0	|	0.00

VM_Task_13 	|	 0.00	|	131	|	0.0	|	0.00

VM_Task_13 	|	 0.00	|	131	|	0.0	|	0.00

VM_Task_13 	|	 0.00	|	131	|	0.0	|	0.00

VM_Task_13 	|	 0.00	|	131	|	0.0	|	0.00

VM_Task_13 	|	 0.00	|	131	|	0.0	|	0.00

VM_Task_13 	|	 0.00	|	131	|	0.0	|	0.00

VM_Task_13 	|	 0.00	|	131	|	0.0	|	0.00

VM_Task_13 	|	 0.00	|	131	|	0.0	|	0.00

VM_Task_13 	|	 0.00	|	131	|	0.0	|	0.00

VM_Task_13 	|	 0.00	|	131	|	0.0	|	0.00

VM_Task_13 	|	 0.00	|	131	|	0.0	|	0.00

VM_Task_13 	|	 0.00	|	131	|	0.0	|	0.00

VM_Task_13 	|	 0.00	|	131	|	0.0	|	0.00

VM_Task_13 	|	 0.00	|	131	|	0.0	|	0.00

VM_Task_13 	|	 0.00	|	131	|	0.0	|	0.00

VM_Task_13 	|	 0.00	|	131	|	0.0	|	0.00

VM_Task_13 	|	 0.00	|	131	|	0.0	|	0.00

VM_Task_13 	|	 0.15	|	131	|	0.0	|	0.00

VM_Task_13 	|	 0.14	|	131	|	0.0	|	0.00

VM_Task_13 	|	 0.12	|	131	|	0.0	|	0.00

VM_Task_13 	|	 0.12	|	131	|	0.0	|	0.00

VM_Task_13 	|	 0.11	|	131	|	0.0	|	0.00

VM_Task_13 	|	 0.09	|	131	|	0.0	|	0.10

VM_Task_13 	|	 0.08	|	131	|	0.0	|	0.00

VM_Task_13 	|	 0.08	|	131	|	0.0	|	0.00

VM_Task_13 	|	 0.07	|	131	|	0.0	|	0.00

VM_Task_13 	|	 0.06	|	131	|	0.0	|	0.00

VM_Task_13 	|	 0.05	|	131	|	0.0	|	0.00

VM_Task_13 	|	 0.05	|	131	|	0.0	|	0.00

VM_Task_13 	|	 0.05	|	131	|	0.0	|	0.00

VM_Task_13 	|	 0.04	|	131	|	0.0	|	0.00

VM_Task_13 	|	 0.04	|	132	|	0.0	|	0.00

VM_Task_13 	|	 0.03	|	131	|	0.0	|	0.00

VM_Task_13 	|	 0.03	|	131	|	0.0	|	0.00

VM_Task_13 	|	 0.03	|	131	|	0.0	|	0.00

VM_Task_13 	|	 0.02	|	131	|	0.0	|	0.00

VM_Task_13 	|	 0.02	|	132	|	0.0	|	0.00

VM_Task_13 	|	 0.02	|	132	|	0.0	|	0.00

VM_Task_13 	|	 0.02	|	131	|	0.0	|	0.00

VM_Task_13 	|	 0.02	|	132	|	0.0	|	0.00

VM_Task_13 	|	 0.01	|	131	|	0.0	|	0.00

VM_Task_13 	|	 0.01	|	132	|	0.0	|	0.00

VM_Task_13 	|	 0.01	|	132	|	0.0	|	0.00

VM_Task_13 	|	 0.01	|	131	|	0.0	|	0.00

VM_Task_13 	|	 0.01	|	131	|	0.0	|	0.00

VM_Task_13 	|	 0.01	|	131	|	0.0	|	0.00

VM_Task_13 	|	 0.01	|	131	|	0.0	|	0.00

VM_Task_13 	|	 0.01	|	132	|	0.0	|	0.00

VM_Task_13 	|	 0.01	|	131	|	0.0	|	0.00

VM_Task_13 	|	 0.01	|	131	|	0.0	|	0.00

VM_Task_13 	|	 0.01	|	131	|	0.0	|	0.00

VM_Task_13 	|	 0.00	|	132	|	0.0	|	0.00

VM_Task_13 	|	 0.15	|	131	|	0.0	|	0.00

VM_Task_13 	|	 0.14	|	132	|	0.0	|	0.00

VM_Task_13 	|	 0.13	|	132	|	0.0	|	0.00

VM_Task_13 	|	 0.12	|	132	|	0.0	|	0.00

VM_Task_13 	|	 0.10	|	131	|	0.0	|	0.00

VM_Task_13 	|	 0.09	|	131	|	0.0	|	0.00

VM_Task_13 	|	 0.08	|	132	|	0.0	|	0.00

VM_Task_13 	|	 0.08	|	132	|	0.0	|	0.00

VM_Task_13 	|	 0.07	|	132	|	0.0	|	0.00

VM_Task_13 	|	 0.06	|	132	|	0.0	|	0.00

VM_Task_13 	|	 0.06	|	131	|	0.0	|	0.00

VM_Task_13 	|	 0.05	|	131	|	0.0	|	0.00

VM_Task_13 	|	 0.04	|	131	|	0.0	|	0.00

VM_Task_13 	|	 0.04	|	132	|	0.0	|	0.00

VM_Task_13 	|	 0.04	|	132	|	0.0	|	0.00

VM_Task_13 	|	 0.03	|	132	|	0.0	|	0.00

VM_Task_13 	|	 0.03	|	132	|	0.0	|	0.00

VM_Task_13 	|	 0.03	|	132	|	0.0	|	0.10

VM_Task_13 	|	 0.02	|	132	|	0.0	|	0.00

VM_Task_13 	|	 0.02	|	132	|	0.0	|	0.00

VM_Task_13 	|	 0.02	|	132	|	0.0	|	0.00

VM_Task_13 	|	 0.02	|	132	|	0.0	|	0.00

VM_Task_13 	|	 0.02	|	131	|	0.0	|	0.00

VM_Task_13 	|	 0.01	|	132	|	0.0	|	0.00

VM_Task_13 	|	 0.01	|	132	|	0.0	|	0.00

VM_Task_13 	|	 0.01	|	132	|	0.0	|	0.00

VM_Task_13 	|	 0.01	|	132	|	0.0	|	0.00

VM_Task_13 	|	 0.01	|	132	|	0.0	|	0.00

VM_Task_13 	|	 0.01	|	132	|	0.0	|	0.00

VM_Task_13 	|	 0.01	|	132	|	0.0	|	0.00

VM_Task_13 	|	 0.01	|	132	|	0.0	|	0.00

VM_Task_13 	|	 0.01	|	132	|	0.0	|	0.00

VM_Task_13 	|	 0.01	|	132	|	0.0	|	0.00

VM_Task_13 	|	 0.01	|	132	|	0.0	|	0.00

VM_Task_13 	|	 0.00	|	132	|	0.0	|	0.00

VM_Task_13 	|	 0.00	|	132	|	0.0	|	0.00

VM_Task_13 	|	 0.00	|	132	|	0.0	|	0.00

VM_Task_13 	|	 0.00	|	132	|	0.0	|	0.00

VM_Task_13 	|	 0.00	|	132	|	0.0	|	0.00

VM_Task_13 	|	 0.00	|	131	|	0.0	|	0.00

VM_Task_13 	|	 0.00	|	132	|	0.0	|	0.00

VM_Task_13 	|	 0.00	|	132	|	0.0	|	0.00

VM_Task_13 	|	 0.00	|	132	|	0.0	|	0.00

VM_Task_13 	|	 0.00	|	132	|	0.0	|	0.00

VM_Task_13 	|	 0.00	|	132	|	0.0	|	0.00

VM_Task_13 	|	 0.00	|	132	|	0.0	|	0.00

VM_Task_13 	|	 0.00	|	132	|	0.0	|	0.00

VM_Task_13 	|	 0.00	|	132	|	0.0	|	0.00

VM_Task_13 	|	 0.00	|	132	|	0.0	|	0.20

VM_Task_13 	|	 0.00	|	132	|	0.0	|	0.00

VM_Task_13 	|	 0.00	|	131	|	0.0	|	0.00

VM_Task_13 	|	 0.00	|	132	|	0.0	|	0.00

VM_Task_13 	|	 0.00	|	132	|	0.0	|	0.00

VM_Task_13 	|	 0.00	|	132	|	0.0	|	0.00

VM_Task_13 	|	 0.00	|	132	|	0.0	|	0.00

VM_Task_13 	|	 0.00	|	132	|	0.0	|	0.00

VM_Task_13 	|	 0.00	|	132	|	0.0	|	0.00

VM_Task_13 	|	 0.00	|	132	|	0.0	|	0.00

VM_Task_13 	|	 0.00	|	132	|	0.0	|	0.00

VM_Task_13 	|	 0.00	|	132	|	0.0	|	0.00

VM_Task_13 	|	 0.00	|	132	|	0.0	|	0.00

VM_Task_13 	|	 0.00	|	132	|	0.0	|	0.00

VM_Task_13 	|	 0.00	|	132	|	0.0	|	0.20

VM_Task_13 	|	 0.00	|	132	|	0.0	|	0.00

VM_Task_13 	|	 0.00	|	132	|	0.0	|	0.00

VM_Task_13 	|	 0.00	|	132	|	0.0	|	0.00

VM_Task_13 	|	 0.00	|	132	|	0.0	|	0.00

VM_Task_13 	|	 0.00	|	132	|	0.0	|	0.00

VM_Task_13 	|	 0.00	|	132	|	0.0	|	0.00

VM_Task_13 	|	 0.00	|	132	|	0.0	|	0.00

VM_Task_13 	|	 0.00	|	132	|	0.0	|	0.00

VM_Task_13 	|	 0.00	|	131	|	0.0	|	0.00

VM_Task_13 	|	 0.00	|	132	|	0.0	|	0.00

VM_Task_13 	|	 0.00	|	132	|	0.0	|	0.00

VM_Task_13 	|	 0.00	|	132	|	0.0	|	0.00

VM_Task_13 	|	 0.00	|	132	|	0.0	|	0.00

VM_Task_13 	|	 0.00	|	132	|	0.0	|	0.00

VM_Task_13 	|	 0.00	|	132	|	0.0	|	0.00

VM_Task_13 	|	 0.00	|	132	|	0.0	|	0.00

VM_Task_13 	|	 0.00	|	132	|	0.0	|	0.00

VM_Task_13 	|	 0.00	|	132	|	0.0	|	0.00

VM_Task_13 	|	 0.00	|	132	|	0.0	|	0.00

VM_Task_13 	|	 0.00	|	132	|	0.0	|	0.00

VM_Task_13 	|	 0.00	|	132	|	0.0	|	0.00

VM_Task_13 	|	 0.00	|	132	|	0.0	|	0.00

VM_Task_13 	|	 0.00	|	132	|	0.0	|	0.00

VM_Task_13 	|	 0.00	|	132	|	0.0	|	0.00

VM_Task_13 	|	 0.00	|	132	|	0.0	|	0.10

VM_Task_13 	|	 0.00	|	132	|	0.0	|	0.00

VM_Task_13 	|	 0.00	|	132	|	0.0	|	0.00

VM_Task_13 	|	 0.00	|	132	|	0.0	|	0.00

VM_Task_13 	|	 0.00	|	132	|	0.0	|	0.00

VM_Task_13 	|	 0.00	|	134	|	0.0	|	0.00

VM_Task_13 	|	 0.00	|	132	|	0.0	|	0.00

