1415499447.35Mail to support ::dinesh.appavoo@utdallas.edu :: Successfully sent
1415499571.87Mail to support ::['dinesh.appavoo@utdallas.edu'] :: Failed
1415500330.35Mail to support :: :: Failed
1415500403.81Mail to support :: :: Failed
1415500426.72Mail to support :: :: Failed
1415500526.42Mail to support ::['dinesh.appavoo@utdallas.edu'] :: Failed
1415500615.87Mail to support :: :: Failed
1415500648.96Mail to support :: :: Failed
1415500700.7Mail to support :: :: Failed
1415500748.93Mail to support :: :: Failed
1415500991.28Mail to support :: :: Failed
1415501149.69Mail to support :: :: Failed
1415501230.14Mail to support :: :: Failed
1415501496.5Mail to support ::['dinesh.appavoo@utdallas.edu'] :: Successfully sent
1415501538.37Mail to support ::['dinesh.appavoo@utdallas.edu'] :: Successfully sent
1415501969.58Mail to support ::['dinesh.appavoo@utdallas.edu'] :: Successfully sent
1415580989.79Mail to support ::['dinesh.appavoo@utdallas.edu'] :: Successfully sent
1415581091.08Mail to support ::['dinesh.appavoo@utdallas.edu'] :: Successfully sent
1415581251.43Mail to support ::['dinesh.appavoo@utdallas.edu'] :: Successfully sent
1415757314.57Mail to support ::['dinesh.appavoo@utdallas.edu'] :: Successfully sent
1416619982.9Mail to support ::['dinesh.appavoo@utdallas.edu'] :: Successfully sent
1416620226.41Mail to support ::['dinesh.appavoo@utdallas.edu'] :: Successfully sent
1416620366.15Mail to support ::['dinesh.appavoo@utdallas.edu'] :: Successfully sent
1416620467.56Mail to support ::['dinesh.appavoo@utdallas.edu'] :: Successfully sent
1416620583.2Mail to support ::['dinesh.appavoo@utdallas.edu'] :: Successfully sent
1416620687.83Mail to support ::['dinesh.appavoo@utdallas.edu'] :: Successfully sent
1416620810.23Mail to support ::['dinesh.appavoo@utdallas.edu'] :: Successfully sent
1417057029.66Mail to support ::['dinesh.appavoo@utdallas.edu'] :: Failed
1417057049.15Mail to support ::['dinesh.appavoo@utdallas.edu'] :: Failed
1417057160.15Mail to support ::['dinesh.appavoo@utdallas.edu'] :: Failed
1417057175.15Mail to support ::['dinesh.appavoo@utdallas.edu'] :: Failed
1417068688.66Mail to support ::['dinesh.appavoo@utdallas.edu'] :: Failed
1417070015.64Mail to support ::['dinesh.appavoo@utdallas.edu'] :: Failed
1417070596.03Mail to support ::['dinesh.appavoo@utdallas.edu'] :: Failed
1417070698.01Mail to support ::['dinesh.appavoo@utdallas.edu'] :: Failed
1417070790.33Mail to support ::['dinesh.appavoo@utdallas.edu'] :: Failed
1417070908.15Mail to support ::['dinesh.appavoo@utdallas.edu'] :: Failed
1417071040.26Mail to support ::['dinesh.appavoo@utdallas.edu'] :: Failed
1417071159.31Mail to support ::['dinesh.appavoo@utdallas.edu'] :: Failed
1417071259.66Mail to support ::['dinesh.appavoo@utdallas.edu'] :: Failed
1417071392.36Mail to support ::['dinesh.appavoo@utdallas.edu'] :: Failed
1417071502.42Mail to support ::['dinesh.appavoo@utdallas.edu'] :: Failed
1417071625.67Mail to support ::['dinesh.appavoo@utdallas.edu'] :: Failed
1417071724.6Mail to support ::['dinesh.appavoo@utdallas.edu'] :: Failed
1417071828.25Mail to support ::['dinesh.appavoo@utdallas.edu'] :: Failed
1417071946.74Mail to support ::['dinesh.appavoo@utdallas.edu'] :: Failed
1417072058.16Mail to support ::['dinesh.appavoo@utdallas.edu'] :: Failed
1417072165.55Mail to support ::['dinesh.appavoo@utdallas.edu'] :: Failed
1417072259.07Mail to support ::['dinesh.appavoo@utdallas.edu'] :: Failed
1417072389.38Mail to support ::['dinesh.appavoo@utdallas.edu'] :: Failed
1417072516.52Mail to support ::['dinesh.appavoo@utdallas.edu'] :: Failed
1417072608.53Mail to support ::['dinesh.appavoo@utdallas.edu'] :: Failed
1417072730.83Mail to support ::['dinesh.appavoo@utdallas.edu'] :: Failed
1417072834.89Mail to support ::['dinesh.appavoo@utdallas.edu'] :: Failed
1417072948.17Mail to support ::['dinesh.appavoo@utdallas.edu'] :: Failed
1417073057.19Mail to support ::['dinesh.appavoo@utdallas.edu'] :: Failed
1417073156.82Mail to support ::['dinesh.appavoo@utdallas.edu'] :: Failed
1417073250.46Mail to support ::['dinesh.appavoo@utdallas.edu'] :: Failed
1417073346.42Mail to support ::['dinesh.appavoo@utdallas.edu'] :: Failed
1417073472.53Mail to support ::['dinesh.appavoo@utdallas.edu'] :: Failed
1417073580.14Mail to support ::['dinesh.appavoo@utdallas.edu'] :: Failed
1417073687.93Mail to support ::['dinesh.appavoo@utdallas.edu'] :: Failed
1417073789.82Mail to support ::['dinesh.appavoo@utdallas.edu'] :: Failed
1417073891.13Mail to support ::['dinesh.appavoo@utdallas.edu'] :: Failed
1417074004.0Mail to support ::['dinesh.appavoo@utdallas.edu'] :: Failed
1417074113.06Mail to support ::['dinesh.appavoo@utdallas.edu'] :: Failed
1417074203.7Mail to support ::['dinesh.appavoo@utdallas.edu'] :: Failed
1417074293.85Mail to support ::['dinesh.appavoo@utdallas.edu'] :: Failed
1417074405.69Mail to support ::['dinesh.appavoo@utdallas.edu'] :: Failed
1417074531.23Mail to support ::['dinesh.appavoo@utdallas.edu'] :: Failed
1417074634.89Mail to support ::['dinesh.appavoo@utdallas.edu'] :: Failed
1417074754.86Mail to support ::['dinesh.appavoo@utdallas.edu'] :: Failed
1417074846.64Mail to support ::['dinesh.appavoo@utdallas.edu'] :: Failed
1417074967.92Mail to support ::['dinesh.appavoo@utdallas.edu'] :: Failed
1417075090.75Mail to support ::['dinesh.appavoo@utdallas.edu'] :: Failed
1417075216.6Mail to support ::['dinesh.appavoo@utdallas.edu'] :: Failed
1417075312.02Mail to support ::['dinesh.appavoo@utdallas.edu'] :: Failed
1417075422.48Mail to support ::['dinesh.appavoo@utdallas.edu'] :: Failed
1417075534.52Mail to support ::['dinesh.appavoo@utdallas.edu'] :: Failed
1417075632.38Mail to support ::['dinesh.appavoo@utdallas.edu'] :: Failed
1417075743.14Mail to support ::['dinesh.appavoo@utdallas.edu'] :: Failed
1417075850.21Mail to support ::['dinesh.appavoo@utdallas.edu'] :: Failed
1417075969.98Mail to support ::['dinesh.appavoo@utdallas.edu'] :: Failed
1417076055.57Mail to support ::['dinesh.appavoo@utdallas.edu'] :: Failed
1417076145.24Mail to support ::['dinesh.appavoo@utdallas.edu'] :: Failed
1417076264.32Mail to support ::['dinesh.appavoo@utdallas.edu'] :: Failed
1417076364.46Mail to support ::['dinesh.appavoo@utdallas.edu'] :: Failed
1417076485.12Mail to support ::['dinesh.appavoo@utdallas.edu'] :: Failed
1417076614.25Mail to support ::['dinesh.appavoo@utdallas.edu'] :: Failed
1417076720.85Mail to support ::['dinesh.appavoo@utdallas.edu'] :: Failed
1417076822.65Mail to support ::['dinesh.appavoo@utdallas.edu'] :: Failed
1417076909.02Mail to support ::['dinesh.appavoo@utdallas.edu'] :: Failed
1417077039.73Mail to support ::['dinesh.appavoo@utdallas.edu'] :: Failed
1417077147.16Mail to support ::['dinesh.appavoo@utdallas.edu'] :: Failed
1417077234.29Mail to support ::['dinesh.appavoo@utdallas.edu'] :: Failed
1417077362.17Mail to support ::['dinesh.appavoo@utdallas.edu'] :: Failed
1417077464.47Mail to support ::['dinesh.appavoo@utdallas.edu'] :: Failed
1417077553.22Mail to support ::['dinesh.appavoo@utdallas.edu'] :: Failed
1417077639.41Mail to support ::['dinesh.appavoo@utdallas.edu'] :: Failed
1417077744.81Mail to support ::['dinesh.appavoo@utdallas.edu'] :: Failed
1417077857.06Mail to support ::['dinesh.appavoo@utdallas.edu'] :: Failed
1417077984.85Mail to support ::['dinesh.appavoo@utdallas.edu'] :: Failed
1417078113.71Mail to support ::['dinesh.appavoo@utdallas.edu'] :: Failed
1417078219.07Mail to support ::['dinesh.appavoo@utdallas.edu'] :: Failed
1417078344.14Mail to support ::['dinesh.appavoo@utdallas.edu'] :: Failed
1417078466.58Mail to support ::['dinesh.appavoo@utdallas.edu'] :: Failed
1417078562.75Mail to support ::['dinesh.appavoo@utdallas.edu'] :: Failed
1417078668.45Mail to support ::['dinesh.appavoo@utdallas.edu'] :: Failed
1417078757.77Mail to support ::['dinesh.appavoo@utdallas.edu'] :: Failed
1417078852.31Mail to support ::['dinesh.appavoo@utdallas.edu'] :: Failed
1417078948.77Mail to support ::['dinesh.appavoo@utdallas.edu'] :: Failed
1417079036.95Mail to support ::['dinesh.appavoo@utdallas.edu'] :: Failed
1417079120.91Mail to support ::['dinesh.appavoo@utdallas.edu'] :: Failed
1417079208.49Mail to support ::['dinesh.appavoo@utdallas.edu'] :: Failed
1417079324.07Mail to support ::['dinesh.appavoo@utdallas.edu'] :: Failed
1417079434.72Mail to support ::['dinesh.appavoo@utdallas.edu'] :: Failed
1417079559.43Mail to support ::['dinesh.appavoo@utdallas.edu'] :: Failed
1417079669.83Mail to support ::['dinesh.appavoo@utdallas.edu'] :: Failed
1417079771.23Mail to support ::['dinesh.appavoo@utdallas.edu'] :: Failed
1417079854.9Mail to support ::['dinesh.appavoo@utdallas.edu'] :: Failed
1417079988.39Mail to support ::['dinesh.appavoo@utdallas.edu'] :: Failed
1417080087.21Mail to support ::['dinesh.appavoo@utdallas.edu'] :: Failed
1417080213.81Mail to support ::['dinesh.appavoo@utdallas.edu'] :: Failed
1417080314.57Mail to support ::['dinesh.appavoo@utdallas.edu'] :: Failed
1417080430.64Mail to support ::['dinesh.appavoo@utdallas.edu'] :: Failed
1417080519.49Mail to support ::['dinesh.appavoo@utdallas.edu'] :: Failed
1417080642.82Mail to support ::['dinesh.appavoo@utdallas.edu'] :: Failed
1417080762.55Mail to support ::['dinesh.appavoo@utdallas.edu'] :: Failed
1417080858.33Mail to support ::['dinesh.appavoo@utdallas.edu'] :: Failed
1417080960.53Mail to support ::['dinesh.appavoo@utdallas.edu'] :: Failed
1417081058.57Mail to support ::['dinesh.appavoo@utdallas.edu'] :: Failed
1417081157.88Mail to support ::['dinesh.appavoo@utdallas.edu'] :: Failed
1417081259.29Mail to support ::['dinesh.appavoo@utdallas.edu'] :: Failed
1417081378.44Mail to support ::['dinesh.appavoo@utdallas.edu'] :: Failed
1417081497.71Mail to support ::['dinesh.appavoo@utdallas.edu'] :: Failed
1417081597.11Mail to support ::['dinesh.appavoo@utdallas.edu'] :: Failed
1417081720.19Mail to support ::['dinesh.appavoo@utdallas.edu'] :: Failed
1417081830.83Mail to support ::['dinesh.appavoo@utdallas.edu'] :: Failed
1417081913.75Mail to support ::['dinesh.appavoo@utdallas.edu'] :: Failed
1417082002.24Mail to support ::['dinesh.appavoo@utdallas.edu'] :: Failed
1417082098.64Mail to support ::['dinesh.appavoo@utdallas.edu'] :: Failed
1417082216.42Mail to support ::['dinesh.appavoo@utdallas.edu'] :: Failed
1417082328.7Mail to support ::['dinesh.appavoo@utdallas.edu'] :: Failed
1417082424.64Mail to support ::['dinesh.appavoo@utdallas.edu'] :: Failed
1417082513.13Mail to support ::['dinesh.appavoo@utdallas.edu'] :: Failed
1417082620.79Mail to support ::['dinesh.appavoo@utdallas.edu'] :: Failed
1417082725.94Mail to support ::['dinesh.appavoo@utdallas.edu'] :: Failed
1417082830.24Mail to support ::['dinesh.appavoo@utdallas.edu'] :: Failed
1417082928.24Mail to support ::['dinesh.appavoo@utdallas.edu'] :: Failed
1417083052.92Mail to support ::['dinesh.appavoo@utdallas.edu'] :: Failed
1417083163.32Mail to support ::['dinesh.appavoo@utdallas.edu'] :: Failed
1417083256.13Mail to support ::['dinesh.appavoo@utdallas.edu'] :: Failed
1417083347.68Mail to support ::['dinesh.appavoo@utdallas.edu'] :: Failed
1417083454.55Mail to support ::['dinesh.appavoo@utdallas.edu'] :: Failed
1417083547.64Mail to support ::['dinesh.appavoo@utdallas.edu'] :: Failed
1417083647.98Mail to support ::['dinesh.appavoo@utdallas.edu'] :: Failed
1417083755.64Mail to support ::['dinesh.appavoo@utdallas.edu'] :: Failed
1417083854.52Mail to support ::['dinesh.appavoo@utdallas.edu'] :: Failed
1417083943.91Mail to support ::['dinesh.appavoo@utdallas.edu'] :: Failed
1417084055.03Mail to support ::['dinesh.appavoo@utdallas.edu'] :: Failed
1417084153.15Mail to support ::['dinesh.appavoo@utdallas.edu'] :: Failed
1417084266.4Mail to support ::['dinesh.appavoo@utdallas.edu'] :: Failed
1417084364.67Mail to support ::['dinesh.appavoo@utdallas.edu'] :: Failed
1417084474.39Mail to support ::['dinesh.appavoo@utdallas.edu'] :: Failed
1417084566.45Mail to support ::['dinesh.appavoo@utdallas.edu'] :: Failed
1417084667.42Mail to support ::['dinesh.appavoo@utdallas.edu'] :: Failed
1417084775.51Mail to support ::['dinesh.appavoo@utdallas.edu'] :: Failed
1417084879.51Mail to support ::['dinesh.appavoo@utdallas.edu'] :: Failed
1417084980.91Mail to support ::['dinesh.appavoo@utdallas.edu'] :: Failed
1417085093.82Mail to support ::['dinesh.appavoo@utdallas.edu'] :: Failed
1417085198.55Mail to support ::['dinesh.appavoo@utdallas.edu'] :: Failed
1417085316.93Mail to support ::['dinesh.appavoo@utdallas.edu'] :: Failed
1417085438.56Mail to support ::['dinesh.appavoo@utdallas.edu'] :: Failed
1417085539.53Mail to support ::['dinesh.appavoo@utdallas.edu'] :: Failed
1417085667.82Mail to support ::['dinesh.appavoo@utdallas.edu'] :: Failed
1417085757.77Mail to support ::['dinesh.appavoo@utdallas.edu'] :: Failed
1417085849.41Mail to support ::['dinesh.appavoo@utdallas.edu'] :: Failed
1417085942.81Mail to support ::['dinesh.appavoo@utdallas.edu'] :: Failed
1417086051.54Mail to support ::['dinesh.appavoo@utdallas.edu'] :: Failed
1417086150.55Mail to support ::['dinesh.appavoo@utdallas.edu'] :: Failed
1417086246.29Mail to support ::['dinesh.appavoo@utdallas.edu'] :: Failed
1417086353.65Mail to support ::['dinesh.appavoo@utdallas.edu'] :: Failed
1417086458.22Mail to support ::['dinesh.appavoo@utdallas.edu'] :: Failed
1417086552.38Mail to support ::['dinesh.appavoo@utdallas.edu'] :: Failed
1417086666.55Mail to support ::['dinesh.appavoo@utdallas.edu'] :: Failed
1417086796.3Mail to support ::['dinesh.appavoo@utdallas.edu'] :: Failed
1417086906.46Mail to support ::['dinesh.appavoo@utdallas.edu'] :: Failed
1417087031.73Mail to support ::['dinesh.appavoo@utdallas.edu'] :: Failed
1417087142.84Mail to support ::['dinesh.appavoo@utdallas.edu'] :: Failed
1417087241.81Mail to support ::['dinesh.appavoo@utdallas.edu'] :: Failed
1417087344.85Mail to support ::['dinesh.appavoo@utdallas.edu'] :: Failed
1417087451.88Mail to support ::['dinesh.appavoo@utdallas.edu'] :: Failed
1417087563.35Mail to support ::['dinesh.appavoo@utdallas.edu'] :: Failed
1417087664.79Mail to support ::['dinesh.appavoo@utdallas.edu'] :: Failed
1417087764.07Mail to support ::['dinesh.appavoo@utdallas.edu'] :: Failed
1417087856.86Mail to support ::['dinesh.appavoo@utdallas.edu'] :: Failed
1417087945.92Mail to support ::['dinesh.appavoo@utdallas.edu'] :: Failed
1417088063.05Mail to support ::['dinesh.appavoo@utdallas.edu'] :: Failed
1417088160.12Mail to support ::['dinesh.appavoo@utdallas.edu'] :: Failed
1417088269.62Mail to support ::['dinesh.appavoo@utdallas.edu'] :: Failed
1417088370.1Mail to support ::['dinesh.appavoo@utdallas.edu'] :: Failed
1417088484.92Mail to support ::['dinesh.appavoo@utdallas.edu'] :: Failed
1417088580.59Mail to support ::['dinesh.appavoo@utdallas.edu'] :: Failed
1417088703.19Mail to support ::['dinesh.appavoo@utdallas.edu'] :: Failed
1417088789.62Mail to support ::['dinesh.appavoo@utdallas.edu'] :: Failed
1417088880.1Mail to support ::['dinesh.appavoo@utdallas.edu'] :: Failed
1417088974.28Mail to support ::['dinesh.appavoo@utdallas.edu'] :: Failed
1417089060.3Mail to support ::['dinesh.appavoo@utdallas.edu'] :: Failed
1417089171.43Mail to support ::['dinesh.appavoo@utdallas.edu'] :: Failed
1417089263.62Mail to support ::['dinesh.appavoo@utdallas.edu'] :: Failed
1417089364.17Mail to support ::['dinesh.appavoo@utdallas.edu'] :: Failed
1417089481.58Mail to support ::['dinesh.appavoo@utdallas.edu'] :: Failed
1417089593.46Mail to support ::['dinesh.appavoo@utdallas.edu'] :: Failed
1417089680.44Mail to support ::['dinesh.appavoo@utdallas.edu'] :: Failed
1417089776.41Mail to support ::['dinesh.appavoo@utdallas.edu'] :: Failed
1417089878.74Mail to support ::['dinesh.appavoo@utdallas.edu'] :: Failed
1417089984.57Mail to support ::['dinesh.appavoo@utdallas.edu'] :: Failed
1417090110.24Mail to support ::['dinesh.appavoo@utdallas.edu'] :: Failed
1417090224.22Mail to support ::['dinesh.appavoo@utdallas.edu'] :: Failed
1417090325.51Mail to support ::['dinesh.appavoo@utdallas.edu'] :: Failed
1417090435.73Mail to support ::['dinesh.appavoo@utdallas.edu'] :: Failed
1417090521.53Mail to support ::['dinesh.appavoo@utdallas.edu'] :: Failed
1417090612.93Mail to support ::['dinesh.appavoo@utdallas.edu'] :: Failed
1417090705.02Mail to support ::['dinesh.appavoo@utdallas.edu'] :: Failed
1417090794.92Mail to support ::['dinesh.appavoo@utdallas.edu'] :: Failed
1417090907.33Mail to support ::['dinesh.appavoo@utdallas.edu'] :: Failed
1417091003.12Mail to support ::['dinesh.appavoo@utdallas.edu'] :: Failed
1417091132.02Mail to support ::['dinesh.appavoo@utdallas.edu'] :: Failed
1417091252.53Mail to support ::['dinesh.appavoo@utdallas.edu'] :: Failed
1417091372.57Mail to support ::['dinesh.appavoo@utdallas.edu'] :: Failed
1417091515.68Mail to support ::['dinesh.appavoo@utdallas.edu'] :: Failed
1417091616.44Mail to support ::['dinesh.appavoo@utdallas.edu'] :: Failed
1417091704.29Mail to support ::['dinesh.appavoo@utdallas.edu'] :: Failed
1417091802.36Mail to support ::['dinesh.appavoo@utdallas.edu'] :: Failed
1417091935.05Mail to support ::['dinesh.appavoo@utdallas.edu'] :: Failed
1417092044.51Mail to support ::['dinesh.appavoo@utdallas.edu'] :: Failed
1417092178.03Mail to support ::['dinesh.appavoo@utdallas.edu'] :: Failed
1417092287.93Mail to support ::['dinesh.appavoo@utdallas.edu'] :: Failed
1417092377.91Mail to support ::['dinesh.appavoo@utdallas.edu'] :: Failed
1417092472.69Mail to support ::['dinesh.appavoo@utdallas.edu'] :: Failed
1417092589.43Mail to support ::['dinesh.appavoo@utdallas.edu'] :: Failed
1417092715.72Mail to support ::['dinesh.appavoo@utdallas.edu'] :: Failed
1417092838.07Mail to support ::['dinesh.appavoo@utdallas.edu'] :: Failed
1417092950.44Mail to support ::['dinesh.appavoo@utdallas.edu'] :: Failed
1417093051.21Mail to support ::['dinesh.appavoo@utdallas.edu'] :: Failed
1417093156.52Mail to support ::['dinesh.appavoo@utdallas.edu'] :: Failed
1417093252.67Mail to support ::['dinesh.appavoo@utdallas.edu'] :: Failed
1417093354.47Mail to support ::['dinesh.appavoo@utdallas.edu'] :: Failed
1417093464.62Mail to support ::['dinesh.appavoo@utdallas.edu'] :: Failed
1417093555.97Mail to support ::['dinesh.appavoo@utdallas.edu'] :: Failed
1417093674.51Mail to support ::['dinesh.appavoo@utdallas.edu'] :: Failed
1417093810.12Mail to support ::['dinesh.appavoo@utdallas.edu'] :: Failed
1417093917.1Mail to support ::['dinesh.appavoo@utdallas.edu'] :: Failed
1417094019.63Mail to support ::['dinesh.appavoo@utdallas.edu'] :: Failed
1417094138.63Mail to support ::['dinesh.appavoo@utdallas.edu'] :: Failed
1417094232.25Mail to support ::['dinesh.appavoo@utdallas.edu'] :: Failed
1417094345.55Mail to support ::['dinesh.appavoo@utdallas.edu'] :: Failed
1417094442.26Mail to support ::['dinesh.appavoo@utdallas.edu'] :: Failed
1417094567.17Mail to support ::['dinesh.appavoo@utdallas.edu'] :: Failed
1417094655.02Mail to support ::['dinesh.appavoo@utdallas.edu'] :: Failed
1417094787.05Mail to support ::['dinesh.appavoo@utdallas.edu'] :: Failed
1417094886.26Mail to support ::['dinesh.appavoo@utdallas.edu'] :: Failed
1417094983.82Mail to support ::['dinesh.appavoo@utdallas.edu'] :: Failed
1417095070.18Mail to support ::['dinesh.appavoo@utdallas.edu'] :: Failed
1417095201.21Mail to support ::['dinesh.appavoo@utdallas.edu'] :: Failed
1417095308.74Mail to support ::['dinesh.appavoo@utdallas.edu'] :: Failed
1417095425.56Mail to support ::['dinesh.appavoo@utdallas.edu'] :: Failed
1417095557.23Mail to support ::['dinesh.appavoo@utdallas.edu'] :: Failed
1417095674.83Mail to support ::['dinesh.appavoo@utdallas.edu'] :: Failed
1417095764.94Mail to support ::['dinesh.appavoo@utdallas.edu'] :: Failed
1417095851.38Mail to support ::['dinesh.appavoo@utdallas.edu'] :: Failed
1417095944.59Mail to support ::['dinesh.appavoo@utdallas.edu'] :: Failed
1417096056.65Mail to support ::['dinesh.appavoo@utdallas.edu'] :: Failed
1417096150.0Mail to support ::['dinesh.appavoo@utdallas.edu'] :: Failed
1417096272.11Mail to support ::['dinesh.appavoo@utdallas.edu'] :: Failed
1417096401.73Mail to support ::['dinesh.appavoo@utdallas.edu'] :: Failed
1417096514.65Mail to support ::['dinesh.appavoo@utdallas.edu'] :: Failed
1417096602.6Mail to support ::['dinesh.appavoo@utdallas.edu'] :: Failed
1417096696.47Mail to support ::['dinesh.appavoo@utdallas.edu'] :: Failed
1417096819.1Mail to support ::['dinesh.appavoo@utdallas.edu'] :: Failed
1417096917.68Mail to support ::['dinesh.appavoo@utdallas.edu'] :: Failed
1417097024.7Mail to support ::['dinesh.appavoo@utdallas.edu'] :: Failed
1417097145.12Mail to support ::['dinesh.appavoo@utdallas.edu'] :: Failed
1417097226.15Mail to support ::['dinesh.appavoo@utdallas.edu'] :: Failed
1417097325.88Mail to support ::['dinesh.appavoo@utdallas.edu'] :: Failed
1417097413.3Mail to support ::['dinesh.appavoo@utdallas.edu'] :: Failed
1417097545.62Mail to support ::['dinesh.appavoo@utdallas.edu'] :: Failed
1417097670.8Mail to support ::['dinesh.appavoo@utdallas.edu'] :: Failed
1417097792.53Mail to support ::['dinesh.appavoo@utdallas.edu'] :: Failed
1417097880.17Mail to support ::['dinesh.appavoo@utdallas.edu'] :: Failed
1417097972.02Mail to support ::['dinesh.appavoo@utdallas.edu'] :: Failed
1417098075.36Mail to support ::['dinesh.appavoo@utdallas.edu'] :: Failed
1417098191.93Mail to support ::['dinesh.appavoo@utdallas.edu'] :: Failed
1417098301.27Mail to support ::['dinesh.appavoo@utdallas.edu'] :: Failed
1417098394.12Mail to support ::['dinesh.appavoo@utdallas.edu'] :: Failed
1417098522.04Mail to support ::['dinesh.appavoo@utdallas.edu'] :: Failed
1417098625.33Mail to support ::['dinesh.appavoo@utdallas.edu'] :: Failed
1417098748.57Mail to support ::['dinesh.appavoo@utdallas.edu'] :: Failed
1417098865.22Mail to support ::['dinesh.appavoo@utdallas.edu'] :: Failed
1417098955.08Mail to support ::['dinesh.appavoo@utdallas.edu'] :: Failed
1417099081.37Mail to support ::['dinesh.appavoo@utdallas.edu'] :: Failed
1417099191.92Mail to support ::['dinesh.appavoo@utdallas.edu'] :: Failed
1417099316.64Mail to support ::['dinesh.appavoo@utdallas.edu'] :: Failed
1417099408.92Mail to support ::['dinesh.appavoo@utdallas.edu'] :: Failed
1417099507.42Mail to support ::['dinesh.appavoo@utdallas.edu'] :: Failed
1417099626.02Mail to support ::['dinesh.appavoo@utdallas.edu'] :: Failed
1417099739.79Mail to support ::['dinesh.appavoo@utdallas.edu'] :: Failed
1417099860.1Mail to support ::['dinesh.appavoo@utdallas.edu'] :: Failed
1417099980.24Mail to support ::['dinesh.appavoo@utdallas.edu'] :: Failed
1417100088.6Mail to support ::['dinesh.appavoo@utdallas.edu'] :: Failed
1417100187.97Mail to support ::['dinesh.appavoo@utdallas.edu'] :: Failed
1417100293.02Mail to support ::['dinesh.appavoo@utdallas.edu'] :: Failed
1417100408.58Mail to support ::['dinesh.appavoo@utdallas.edu'] :: Failed
1417100515.07Mail to support ::['dinesh.appavoo@utdallas.edu'] :: Failed
1417100637.05Mail to support ::['dinesh.appavoo@utdallas.edu'] :: Failed
1417100748.41Mail to support ::['dinesh.appavoo@utdallas.edu'] :: Failed
1417100847.15Mail to support ::['dinesh.appavoo@utdallas.edu'] :: Failed
1417100983.95Mail to support ::['dinesh.appavoo@utdallas.edu'] :: Failed
1417101089.47Mail to support ::['dinesh.appavoo@utdallas.edu'] :: Failed
1417101202.33Mail to support ::['dinesh.appavoo@utdallas.edu'] :: Failed
1417101300.83Mail to support ::['dinesh.appavoo@utdallas.edu'] :: Failed
1417101430.84Mail to support ::['dinesh.appavoo@utdallas.edu'] :: Failed
1417101555.82Mail to support ::['dinesh.appavoo@utdallas.edu'] :: Failed
1417101689.37Mail to support ::['dinesh.appavoo@utdallas.edu'] :: Failed
1417101813.29Mail to support ::['dinesh.appavoo@utdallas.edu'] :: Failed
1417101930.68Mail to support ::['dinesh.appavoo@utdallas.edu'] :: Failed
1417102030.72Mail to support ::['dinesh.appavoo@utdallas.edu'] :: Failed
1417102173.38Mail to support ::['dinesh.appavoo@utdallas.edu'] :: Failed
1417102276.16Mail to support ::['dinesh.appavoo@utdallas.edu'] :: Failed
1417102385.13Mail to support ::['dinesh.appavoo@utdallas.edu'] :: Failed
1417102479.81Mail to support ::['dinesh.appavoo@utdallas.edu'] :: Failed
1417102573.14Mail to support ::['dinesh.appavoo@utdallas.edu'] :: Failed
1417102670.49Mail to support ::['dinesh.appavoo@utdallas.edu'] :: Failed
1417102785.93Mail to support ::['dinesh.appavoo@utdallas.edu'] :: Failed
1417102905.19Mail to support ::['dinesh.appavoo@utdallas.edu'] :: Failed
1417103025.78Mail to support ::['dinesh.appavoo@utdallas.edu'] :: Failed
1417103159.98Mail to support ::['dinesh.appavoo@utdallas.edu'] :: Failed
1417103282.57Mail to support ::['dinesh.appavoo@utdallas.edu'] :: Failed
1417103379.63Mail to support ::['dinesh.appavoo@utdallas.edu'] :: Failed
1417103506.39Mail to support ::['dinesh.appavoo@utdallas.edu'] :: Failed
1417103619.01Mail to support ::['dinesh.appavoo@utdallas.edu'] :: Failed
1417103711.84Mail to support ::['dinesh.appavoo@utdallas.edu'] :: Failed
1417103807.96Mail to support ::['dinesh.appavoo@utdallas.edu'] :: Failed
1417103932.47Mail to support ::['dinesh.appavoo@utdallas.edu'] :: Failed
1417104082.44Mail to support ::['dinesh.appavoo@utdallas.edu'] :: Failed
1417104173.5Mail to support ::['dinesh.appavoo@utdallas.edu'] :: Failed
1417104269.09Mail to support ::['dinesh.appavoo@utdallas.edu'] :: Failed
1417104399.24Mail to support ::['dinesh.appavoo@utdallas.edu'] :: Failed
1417104504.55Mail to support ::['dinesh.appavoo@utdallas.edu'] :: Failed
1417104617.94Mail to support ::['dinesh.appavoo@utdallas.edu'] :: Failed
1417104706.04Mail to support ::['dinesh.appavoo@utdallas.edu'] :: Failed
1417104800.24Mail to support ::['dinesh.appavoo@utdallas.edu'] :: Failed
1417104888.31Mail to support ::['dinesh.appavoo@utdallas.edu'] :: Failed
1417105007.28Mail to support ::['dinesh.appavoo@utdallas.edu'] :: Failed
1417105117.84Mail to support ::['dinesh.appavoo@utdallas.edu'] :: Failed
1417105236.95Mail to support ::['dinesh.appavoo@utdallas.edu'] :: Failed
1417105357.42Mail to support ::['dinesh.appavoo@utdallas.edu'] :: Failed
1417105447.17Mail to support ::['dinesh.appavoo@utdallas.edu'] :: Failed
1417105543.49Mail to support ::['dinesh.appavoo@utdallas.edu'] :: Failed
1417105664.96Mail to support ::['dinesh.appavoo@utdallas.edu'] :: Failed
1417105782.12Mail to support ::['dinesh.appavoo@utdallas.edu'] :: Failed
1417105928.78Mail to support ::['dinesh.appavoo@utdallas.edu'] :: Failed
1417106021.28Mail to support ::['dinesh.appavoo@utdallas.edu'] :: Failed
1417106148.95Mail to support ::['dinesh.appavoo@utdallas.edu'] :: Failed
1417106257.66Mail to support ::['dinesh.appavoo@utdallas.edu'] :: Failed
1417106393.18Mail to support ::['dinesh.appavoo@utdallas.edu'] :: Failed
1417106510.06Mail to support ::['dinesh.appavoo@utdallas.edu'] :: Failed
1417106646.39Mail to support ::['dinesh.appavoo@utdallas.edu'] :: Failed
1417106770.81Mail to support ::['dinesh.appavoo@utdallas.edu'] :: Failed
1417106883.68Mail to support ::['dinesh.appavoo@utdallas.edu'] :: Failed
1417106972.24Mail to support ::['dinesh.appavoo@utdallas.edu'] :: Failed
1417107100.64Mail to support ::['dinesh.appavoo@utdallas.edu'] :: Failed
1417107227.82Mail to support ::['dinesh.appavoo@utdallas.edu'] :: Failed
1417107339.53Mail to support ::['dinesh.appavoo@utdallas.edu'] :: Failed
1417107474.13Mail to support ::['dinesh.appavoo@utdallas.edu'] :: Failed
1417107603.05Mail to support ::['dinesh.appavoo@utdallas.edu'] :: Failed
1417107709.41Mail to support ::['dinesh.appavoo@utdallas.edu'] :: Failed
1417107839.43Mail to support ::['dinesh.appavoo@utdallas.edu'] :: Failed
1417107934.02Mail to support ::['dinesh.appavoo@utdallas.edu'] :: Failed
1417108062.61Mail to support ::['dinesh.appavoo@utdallas.edu'] :: Failed
1417108177.67Mail to support ::['dinesh.appavoo@utdallas.edu'] :: Failed
1417108281.63Mail to support ::['dinesh.appavoo@utdallas.edu'] :: Failed
1417108370.69Mail to support ::['dinesh.appavoo@utdallas.edu'] :: Failed
1417108460.44Mail to support ::['dinesh.appavoo@utdallas.edu'] :: Failed
1417108570.53Mail to support ::['dinesh.appavoo@utdallas.edu'] :: Failed
1417108669.35Mail to support ::['dinesh.appavoo@utdallas.edu'] :: Failed
1417108783.8Mail to support ::['dinesh.appavoo@utdallas.edu'] :: Failed
1417108887.3Mail to support ::['dinesh.appavoo@utdallas.edu'] :: Failed
1417108974.69Mail to support ::['dinesh.appavoo@utdallas.edu'] :: Failed
1417109068.65Mail to support ::['dinesh.appavoo@utdallas.edu'] :: Failed
1417109196.73Mail to support ::['dinesh.appavoo@utdallas.edu'] :: Failed
1417109286.09Mail to support ::['dinesh.appavoo@utdallas.edu'] :: Failed
1417109378.05Mail to support ::['dinesh.appavoo@utdallas.edu'] :: Failed
1417109471.97Mail to support ::['dinesh.appavoo@utdallas.edu'] :: Failed
1417109590.12Mail to support ::['dinesh.appavoo@utdallas.edu'] :: Failed
1417109722.85Mail to support ::['dinesh.appavoo@utdallas.edu'] :: Failed
1417109832.84Mail to support ::['dinesh.appavoo@utdallas.edu'] :: Failed
1417109944.76Mail to support ::['dinesh.appavoo@utdallas.edu'] :: Failed
1417110090.16Mail to support ::['dinesh.appavoo@utdallas.edu'] :: Failed
1417110215.91Mail to support ::['dinesh.appavoo@utdallas.edu'] :: Failed
1417110327.64Mail to support ::['dinesh.appavoo@utdallas.edu'] :: Failed
1417110466.71Mail to support ::['dinesh.appavoo@utdallas.edu'] :: Failed
1417110576.89Mail to support ::['dinesh.appavoo@utdallas.edu'] :: Failed
1417110688.03Mail to support ::['dinesh.appavoo@utdallas.edu'] :: Failed
1417110795.35Mail to support ::['dinesh.appavoo@utdallas.edu'] :: Failed
1417110921.91Mail to support ::['dinesh.appavoo@utdallas.edu'] :: Failed
1417111059.06Mail to support ::['dinesh.appavoo@utdallas.edu'] :: Failed
1417111164.22Mail to support ::['dinesh.appavoo@utdallas.edu'] :: Failed
1417111294.95Mail to support ::['dinesh.appavoo@utdallas.edu'] :: Failed
1417111422.8Mail to support ::['dinesh.appavoo@utdallas.edu'] :: Failed
1417111533.93Mail to support ::['dinesh.appavoo@utdallas.edu'] :: Failed
1417111663.81Mail to support ::['dinesh.appavoo@utdallas.edu'] :: Failed
1417111792.6Mail to support ::['dinesh.appavoo@utdallas.edu'] :: Failed
1417111937.11Mail to support ::['dinesh.appavoo@utdallas.edu'] :: Failed
1417112085.65Mail to support ::['dinesh.appavoo@utdallas.edu'] :: Failed
1417112182.77Mail to support ::['dinesh.appavoo@utdallas.edu'] :: Failed
1417112303.6Mail to support ::['dinesh.appavoo@utdallas.edu'] :: Failed
1417112435.06Mail to support ::['dinesh.appavoo@utdallas.edu'] :: Failed
1417112562.69Mail to support ::['dinesh.appavoo@utdallas.edu'] :: Failed
1417112675.63Mail to support ::['dinesh.appavoo@utdallas.edu'] :: Failed
1417112789.35Mail to support ::['dinesh.appavoo@utdallas.edu'] :: Failed
1417112895.43Mail to support ::['dinesh.appavoo@utdallas.edu'] :: Failed
1417113038.31Mail to support ::['dinesh.appavoo@utdallas.edu'] :: Failed
1417113173.53Mail to support ::['dinesh.appavoo@utdallas.edu'] :: Failed
1417113299.37Mail to support ::['dinesh.appavoo@utdallas.edu'] :: Failed
1417113394.83Mail to support ::['dinesh.appavoo@utdallas.edu'] :: Failed
1417113528.23Mail to support ::['dinesh.appavoo@utdallas.edu'] :: Failed
1417113650.0Mail to support ::['dinesh.appavoo@utdallas.edu'] :: Failed
1417113780.61Mail to support ::['dinesh.appavoo@utdallas.edu'] :: Failed
1417113909.4Mail to support ::['dinesh.appavoo@utdallas.edu'] :: Failed
1417113997.29Mail to support ::['dinesh.appavoo@utdallas.edu'] :: Failed
1417114123.29Mail to support ::['dinesh.appavoo@utdallas.edu'] :: Failed
1417114246.36Mail to support ::['dinesh.appavoo@utdallas.edu'] :: Failed
1417114376.43Mail to support ::['dinesh.appavoo@utdallas.edu'] :: Failed
1417114489.96Mail to support ::['dinesh.appavoo@utdallas.edu'] :: Failed
1417114603.68Mail to support ::['dinesh.appavoo@utdallas.edu'] :: Failed
1417114736.35Mail to support ::['dinesh.appavoo@utdallas.edu'] :: Failed
1417114885.19Mail to support ::['dinesh.appavoo@utdallas.edu'] :: Failed
1417114990.29Mail to support ::['dinesh.appavoo@utdallas.edu'] :: Failed
1417115096.36Mail to support ::['dinesh.appavoo@utdallas.edu'] :: Failed
1417115196.38Mail to support ::['dinesh.appavoo@utdallas.edu'] :: Failed
1417115324.39Mail to support ::['dinesh.appavoo@utdallas.edu'] :: Failed
1417115430.25Mail to support ::['dinesh.appavoo@utdallas.edu'] :: Failed
1417115541.47Mail to support ::['dinesh.appavoo@utdallas.edu'] :: Failed
1417115665.48Mail to support ::['dinesh.appavoo@utdallas.edu'] :: Failed
1417115790.23Mail to support ::['dinesh.appavoo@utdallas.edu'] :: Failed
1417115902.33Mail to support ::['dinesh.appavoo@utdallas.edu'] :: Failed
1417116040.57Mail to support ::['dinesh.appavoo@utdallas.edu'] :: Failed
1417116172.04Mail to support ::['dinesh.appavoo@utdallas.edu'] :: Failed
1417116282.83Mail to support ::['dinesh.appavoo@utdallas.edu'] :: Failed
1417116417.73Mail to support ::['dinesh.appavoo@utdallas.edu'] :: Failed
1417116529.79Mail to support ::['dinesh.appavoo@utdallas.edu'] :: Failed
1417116633.98Mail to support ::['dinesh.appavoo@utdallas.edu'] :: Failed
1417116765.43Mail to support ::['dinesh.appavoo@utdallas.edu'] :: Failed
1417116860.33Mail to support ::['dinesh.appavoo@utdallas.edu'] :: Failed
1417116974.51Mail to support ::['dinesh.appavoo@utdallas.edu'] :: Failed
1417117066.53Mail to support ::['dinesh.appavoo@utdallas.edu'] :: Failed
1417117159.17Mail to support ::['dinesh.appavoo@utdallas.edu'] :: Failed
1417117256.84Mail to support ::['dinesh.appavoo@utdallas.edu'] :: Failed
1417117381.2Mail to support ::['dinesh.appavoo@utdallas.edu'] :: Failed
1417117477.16Mail to support ::['dinesh.appavoo@utdallas.edu'] :: Failed
1417117608.42Mail to support ::['dinesh.appavoo@utdallas.edu'] :: Failed
1417117709.01Mail to support ::['dinesh.appavoo@utdallas.edu'] :: Failed
1417117820.58Mail to support ::['dinesh.appavoo@utdallas.edu'] :: Failed
1417117917.54Mail to support ::['dinesh.appavoo@utdallas.edu'] :: Failed
1417118032.17Mail to support ::['dinesh.appavoo@utdallas.edu'] :: Failed
1417118139.51Mail to support ::['dinesh.appavoo@utdallas.edu'] :: Failed
1417118250.13Mail to support ::['dinesh.appavoo@utdallas.edu'] :: Failed
1417118356.6Mail to support ::['dinesh.appavoo@utdallas.edu'] :: Failed
1417118472.14Mail to support ::['dinesh.appavoo@utdallas.edu'] :: Failed
1417118593.98Mail to support ::['dinesh.appavoo@utdallas.edu'] :: Failed
1417118700.47Mail to support ::['dinesh.appavoo@utdallas.edu'] :: Failed
1417118809.39Mail to support ::['dinesh.appavoo@utdallas.edu'] :: Failed
1417118948.83Mail to support ::['dinesh.appavoo@utdallas.edu'] :: Failed
1417119098.65Mail to support ::['dinesh.appavoo@utdallas.edu'] :: Failed
1417119223.56Mail to support ::['dinesh.appavoo@utdallas.edu'] :: Failed
1417119355.46Mail to support ::['dinesh.appavoo@utdallas.edu'] :: Failed
1417119453.99Mail to support ::['dinesh.appavoo@utdallas.edu'] :: Failed
1417119594.61Mail to support ::['dinesh.appavoo@utdallas.edu'] :: Failed
1417119691.82Mail to support ::['dinesh.appavoo@utdallas.edu'] :: Failed
1417119815.08Mail to support ::['dinesh.appavoo@utdallas.edu'] :: Failed
1417119942.49Mail to support ::['dinesh.appavoo@utdallas.edu'] :: Failed
1417120070.74Mail to support ::['dinesh.appavoo@utdallas.edu'] :: Failed
1417120201.92Mail to support ::['dinesh.appavoo@utdallas.edu'] :: Failed
1417120317.11Mail to support ::['dinesh.appavoo@utdallas.edu'] :: Failed
1417120437.35Mail to support ::['dinesh.appavoo@utdallas.edu'] :: Failed
1417120535.98Mail to support ::['dinesh.appavoo@utdallas.edu'] :: Failed
1417120656.17Mail to support ::['dinesh.appavoo@utdallas.edu'] :: Failed
1417120786.62Mail to support ::['dinesh.appavoo@utdallas.edu'] :: Failed
1417120935.31Mail to support ::['dinesh.appavoo@utdallas.edu'] :: Failed
1417121075.19Mail to support ::['dinesh.appavoo@utdallas.edu'] :: Failed
1417121210.07Mail to support ::['dinesh.appavoo@utdallas.edu'] :: Failed
1417121339.98Mail to support ::['dinesh.appavoo@utdallas.edu'] :: Failed
1417121468.26Mail to support ::['dinesh.appavoo@utdallas.edu'] :: Failed
1417121571.36Mail to support ::['dinesh.appavoo@utdallas.edu'] :: Failed
1417121710.11Mail to support ::['dinesh.appavoo@utdallas.edu'] :: Failed
1417121803.46Mail to support ::['dinesh.appavoo@utdallas.edu'] :: Failed
1417121927.54Mail to support ::['dinesh.appavoo@utdallas.edu'] :: Failed
1417122056.59Mail to support ::['dinesh.appavoo@utdallas.edu'] :: Failed
1417122182.41Mail to support ::['dinesh.appavoo@utdallas.edu'] :: Failed
1417122299.33Mail to support ::['dinesh.appavoo@utdallas.edu'] :: Failed
1417122425.43Mail to support ::['dinesh.appavoo@utdallas.edu'] :: Failed
1417122554.61Mail to support ::['dinesh.appavoo@utdallas.edu'] :: Failed
1417122663.38Mail to support ::['dinesh.appavoo@utdallas.edu'] :: Failed
1417122794.8Mail to support ::['dinesh.appavoo@utdallas.edu'] :: Failed
1417122914.75Mail to support ::['dinesh.appavoo@utdallas.edu'] :: Failed
1417123041.03Mail to support ::['dinesh.appavoo@utdallas.edu'] :: Failed
1417123154.24Mail to support ::['dinesh.appavoo@utdallas.edu'] :: Failed
1417123284.78Mail to support ::['dinesh.appavoo@utdallas.edu'] :: Failed
1417123373.69Mail to support ::['dinesh.appavoo@utdallas.edu'] :: Failed
1417123468.92Mail to support ::['dinesh.appavoo@utdallas.edu'] :: Failed
1417123568.06Mail to support ::['dinesh.appavoo@utdallas.edu'] :: Failed
1417123703.23Mail to support ::['dinesh.appavoo@utdallas.edu'] :: Failed
1417123836.7Mail to support ::['dinesh.appavoo@utdallas.edu'] :: Failed
1417123951.22Mail to support ::['dinesh.appavoo@utdallas.edu'] :: Failed
1417124051.22Mail to support ::['dinesh.appavoo@utdallas.edu'] :: Failed
1417124187.01Mail to support ::['dinesh.appavoo@utdallas.edu'] :: Failed
1417124319.15Mail to support ::['dinesh.appavoo@utdallas.edu'] :: Failed
1417124450.15Mail to support ::['dinesh.appavoo@utdallas.edu'] :: Failed
1417124578.75Mail to support ::['dinesh.appavoo@utdallas.edu'] :: Failed
1417124684.54Mail to support ::['dinesh.appavoo@utdallas.edu'] :: Failed
1417124826.86Mail to support ::['dinesh.appavoo@utdallas.edu'] :: Failed
1417124925.85Mail to support ::['dinesh.appavoo@utdallas.edu'] :: Failed
1417125060.13Mail to support ::['dinesh.appavoo@utdallas.edu'] :: Failed
1417125181.58Mail to support ::['dinesh.appavoo@utdallas.edu'] :: Failed
1417125310.15Mail to support ::['dinesh.appavoo@utdallas.edu'] :: Failed
1417125413.05Mail to support ::['dinesh.appavoo@utdallas.edu'] :: Failed
1417125546.4Mail to support ::['dinesh.appavoo@utdallas.edu'] :: Failed
1417125686.12Mail to support ::['dinesh.appavoo@utdallas.edu'] :: Failed
1417125815.28Mail to support ::['dinesh.appavoo@utdallas.edu'] :: Failed
1417125950.12Mail to support ::['dinesh.appavoo@utdallas.edu'] :: Failed
1417126082.99Mail to support ::['dinesh.appavoo@utdallas.edu'] :: Failed
1417126187.36Mail to support ::['dinesh.appavoo@utdallas.edu'] :: Failed
1417126289.32Mail to support ::['dinesh.appavoo@utdallas.edu'] :: Failed
1417126437.92Mail to support ::['dinesh.appavoo@utdallas.edu'] :: Failed
1417126572.73Mail to support ::['dinesh.appavoo@utdallas.edu'] :: Failed
1417126676.05Mail to support ::['dinesh.appavoo@utdallas.edu'] :: Failed
1417126805.9Mail to support ::['dinesh.appavoo@utdallas.edu'] :: Failed
1417126941.45Mail to support ::['dinesh.appavoo@utdallas.edu'] :: Failed
1417127041.92Mail to support ::['dinesh.appavoo@utdallas.edu'] :: Failed
1417127188.69Mail to support ::['dinesh.appavoo@utdallas.edu'] :: Failed
1417127298.44Mail to support ::['dinesh.appavoo@utdallas.edu'] :: Failed
1417127396.52Mail to support ::['dinesh.appavoo@utdallas.edu'] :: Failed
1417127517.14Mail to support ::['dinesh.appavoo@utdallas.edu'] :: Failed
1417127642.84Mail to support ::['dinesh.appavoo@utdallas.edu'] :: Failed
1417127752.39Mail to support ::['dinesh.appavoo@utdallas.edu'] :: Failed
1417127857.92Mail to support ::['dinesh.appavoo@utdallas.edu'] :: Failed
1417128005.54Mail to support ::['dinesh.appavoo@utdallas.edu'] :: Failed
1417128127.91Mail to support ::['dinesh.appavoo@utdallas.edu'] :: Failed
1417128240.09Mail to support ::['dinesh.appavoo@utdallas.edu'] :: Failed
1417128367.62Mail to support ::['dinesh.appavoo@utdallas.edu'] :: Failed
1417128481.02Mail to support ::['dinesh.appavoo@utdallas.edu'] :: Failed
1417128619.8Mail to support ::['dinesh.appavoo@utdallas.edu'] :: Failed
1417128720.9Mail to support ::['dinesh.appavoo@utdallas.edu'] :: Failed
1417128845.87Mail to support ::['dinesh.appavoo@utdallas.edu'] :: Failed
1417128968.78Mail to support ::['dinesh.appavoo@utdallas.edu'] :: Failed
1417129099.37Mail to support ::['dinesh.appavoo@utdallas.edu'] :: Failed
1417129233.49Mail to support ::['dinesh.appavoo@utdallas.edu'] :: Failed
1417129365.18Mail to support ::['dinesh.appavoo@utdallas.edu'] :: Failed
1417129499.93Mail to support ::['dinesh.appavoo@utdallas.edu'] :: Failed
1417129621.99Mail to support ::['dinesh.appavoo@utdallas.edu'] :: Failed
1417129745.48Mail to support ::['dinesh.appavoo@utdallas.edu'] :: Failed
1417129873.56Mail to support ::['dinesh.appavoo@utdallas.edu'] :: Failed
1417129982.49Mail to support ::['dinesh.appavoo@utdallas.edu'] :: Failed
1417130116.39Mail to support ::['dinesh.appavoo@utdallas.edu'] :: Failed
1417130214.92Mail to support ::['dinesh.appavoo@utdallas.edu'] :: Failed
1417130326.75Mail to support ::['dinesh.appavoo@utdallas.edu'] :: Failed
1417130431.98Mail to support ::['dinesh.appavoo@utdallas.edu'] :: Failed
1417130576.48Mail to support ::['dinesh.appavoo@utdallas.edu'] :: Failed
1417130701.57Mail to support ::['dinesh.appavoo@utdallas.edu'] :: Failed
1417130802.98Mail to support ::['dinesh.appavoo@utdallas.edu'] :: Failed
1417130949.02Mail to support ::['dinesh.appavoo@utdallas.edu'] :: Failed
1417131051.39Mail to support ::['dinesh.appavoo@utdallas.edu'] :: Failed
1417131187.35Mail to support ::['dinesh.appavoo@utdallas.edu'] :: Failed
1417131290.74Mail to support ::['dinesh.appavoo@utdallas.edu'] :: Failed
1417131448.14Mail to support ::['dinesh.appavoo@utdallas.edu'] :: Failed
1417131576.91Mail to support ::['dinesh.appavoo@utdallas.edu'] :: Failed
1417131680.06Mail to support ::['dinesh.appavoo@utdallas.edu'] :: Failed
1417131812.56Mail to support ::['dinesh.appavoo@utdallas.edu'] :: Failed
1417131944.28Mail to support ::['dinesh.appavoo@utdallas.edu'] :: Failed
1417132047.1Mail to support ::['dinesh.appavoo@utdallas.edu'] :: Failed
1417132192.9Mail to support ::['dinesh.appavoo@utdallas.edu'] :: Failed
1417132344.04Mail to support ::['dinesh.appavoo@utdallas.edu'] :: Failed
1417132455.84Mail to support ::['dinesh.appavoo@utdallas.edu'] :: Failed
1417132576.31Mail to support ::['dinesh.appavoo@utdallas.edu'] :: Failed
1417132711.89Mail to support ::['dinesh.appavoo@utdallas.edu'] :: Failed
1417132833.28Mail to support ::['dinesh.appavoo@utdallas.edu'] :: Failed
1417132944.41Mail to support ::['dinesh.appavoo@utdallas.edu'] :: Failed
1417133081.52Mail to support ::['dinesh.appavoo@utdallas.edu'] :: Failed
1417133184.11Mail to support ::['dinesh.appavoo@utdallas.edu'] :: Failed
1417133324.32Mail to support ::['dinesh.appavoo@utdallas.edu'] :: Failed
1417133443.3Mail to support ::['dinesh.appavoo@utdallas.edu'] :: Failed
1417133601.54Mail to support ::['dinesh.appavoo@utdallas.edu'] :: Failed
1417133728.89Mail to support ::['dinesh.appavoo@utdallas.edu'] :: Failed
1417133858.88Mail to support ::['dinesh.appavoo@utdallas.edu'] :: Failed
1417133975.69Mail to support ::['dinesh.appavoo@utdallas.edu'] :: Failed
1417134086.61Mail to support ::['dinesh.appavoo@utdallas.edu'] :: Failed
1417134233.55Mail to support ::['dinesh.appavoo@utdallas.edu'] :: Failed
1417134365.89Mail to support ::['dinesh.appavoo@utdallas.edu'] :: Failed
1417134470.31Mail to support ::['dinesh.appavoo@utdallas.edu'] :: Failed
1417134597.82Mail to support ::['dinesh.appavoo@utdallas.edu'] :: Failed
1417134736.38Mail to support ::['dinesh.appavoo@utdallas.edu'] :: Failed
1417134872.73Mail to support ::['dinesh.appavoo@utdallas.edu'] :: Failed
1417135021.91Mail to support ::['dinesh.appavoo@utdallas.edu'] :: Failed
1417135156.47Mail to support ::['dinesh.appavoo@utdallas.edu'] :: Failed
1417135302.66Mail to support ::['dinesh.appavoo@utdallas.edu'] :: Failed
1417135410.36Mail to support ::['dinesh.appavoo@utdallas.edu'] :: Failed
1417135568.85Mail to support ::['dinesh.appavoo@utdallas.edu'] :: Failed
1417135692.01Mail to support ::['dinesh.appavoo@utdallas.edu'] :: Failed
1417135812.64Mail to support ::['dinesh.appavoo@utdallas.edu'] :: Failed
1417135945.13Mail to support ::['dinesh.appavoo@utdallas.edu'] :: Failed
1417136069.34Mail to support ::['dinesh.appavoo@utdallas.edu'] :: Failed
1417136177.19Mail to support ::['dinesh.appavoo@utdallas.edu'] :: Failed
1417136278.5Mail to support ::['dinesh.appavoo@utdallas.edu'] :: Failed
1417136403.34Mail to support ::['dinesh.appavoo@utdallas.edu'] :: Failed
1417136507.5Mail to support ::['dinesh.appavoo@utdallas.edu'] :: Failed
1417136621.43Mail to support ::['dinesh.appavoo@utdallas.edu'] :: Failed
1417136737.59Mail to support ::['dinesh.appavoo@utdallas.edu'] :: Failed
1417136865.59Mail to support ::['dinesh.appavoo@utdallas.edu'] :: Failed
1417136979.96Mail to support ::['dinesh.appavoo@utdallas.edu'] :: Failed
1417137085.58Mail to support ::['dinesh.appavoo@utdallas.edu'] :: Failed
1417137236.4Mail to support ::['dinesh.appavoo@utdallas.edu'] :: Failed
1417137373.25Mail to support ::['dinesh.appavoo@utdallas.edu'] :: Failed
1417137512.83Mail to support ::['dinesh.appavoo@utdallas.edu'] :: Failed
1417137627.12Mail to support ::['dinesh.appavoo@utdallas.edu'] :: Failed
1417137758.86Mail to support ::['dinesh.appavoo@utdallas.edu'] :: Failed
1417137866.7Mail to support ::['dinesh.appavoo@utdallas.edu'] :: Failed
1417138011.87Mail to support ::['dinesh.appavoo@utdallas.edu'] :: Failed
1417138144.22Mail to support ::['dinesh.appavoo@utdallas.edu'] :: Failed
1417138322.9Mail to support ::['dinesh.appavoo@utdallas.edu'] :: Failed
1417138431.91Mail to support ::['dinesh.appavoo@utdallas.edu'] :: Failed
1417138535.69Mail to support ::['dinesh.appavoo@utdallas.edu'] :: Failed
1417138665.1Mail to support ::['dinesh.appavoo@utdallas.edu'] :: Failed
1417138827.36Mail to support ::['dinesh.appavoo@utdallas.edu'] :: Failed
1417138928.6Mail to support ::['dinesh.appavoo@utdallas.edu'] :: Failed
1417139061.72Mail to support ::['dinesh.appavoo@utdallas.edu'] :: Failed
1417139185.59Mail to support ::['dinesh.appavoo@utdallas.edu'] :: Failed
1417139296.1Mail to support ::['dinesh.appavoo@utdallas.edu'] :: Failed
1417139398.09Mail to support ::['dinesh.appavoo@utdallas.edu'] :: Failed
1417139522.48Mail to support ::['dinesh.appavoo@utdallas.edu'] :: Failed
1417139638.01Mail to support ::['dinesh.appavoo@utdallas.edu'] :: Failed
1417139783.75Mail to support ::['dinesh.appavoo@utdallas.edu'] :: Failed
1417139920.75Mail to support ::['dinesh.appavoo@utdallas.edu'] :: Failed
1417140062.17Mail to support ::['dinesh.appavoo@utdallas.edu'] :: Failed
1417140201.59Mail to support ::['dinesh.appavoo@utdallas.edu'] :: Failed
1417140322.39Mail to support ::['dinesh.appavoo@utdallas.edu'] :: Failed
1417140425.94Mail to support ::['dinesh.appavoo@utdallas.edu'] :: Failed
1417140552.15Mail to support ::['dinesh.appavoo@utdallas.edu'] :: Failed
1417140656.98Mail to support ::['dinesh.appavoo@utdallas.edu'] :: Failed
1417140794.62Mail to support ::['dinesh.appavoo@utdallas.edu'] :: Failed
1417140895.92Mail to support ::['dinesh.appavoo@utdallas.edu'] :: Failed
1417141019.3Mail to support ::['dinesh.appavoo@utdallas.edu'] :: Failed
1417141132.7Mail to support ::['dinesh.appavoo@utdallas.edu'] :: Failed
1417141274.75Mail to support ::['dinesh.appavoo@utdallas.edu'] :: Failed
1417141389.46Mail to support ::['dinesh.appavoo@utdallas.edu'] :: Failed
1417141495.5Mail to support ::['dinesh.appavoo@utdallas.edu'] :: Failed
1417141633.24Mail to support ::['dinesh.appavoo@utdallas.edu'] :: Failed
1417141731.91Mail to support ::['dinesh.appavoo@utdallas.edu'] :: Failed
1417141886.55Mail to support ::['dinesh.appavoo@utdallas.edu'] :: Failed
1417142001.98Mail to support ::['dinesh.appavoo@utdallas.edu'] :: Failed
1417142134.27Mail to support ::['dinesh.appavoo@utdallas.edu'] :: Failed
1417142432.71Mail to support ::['dinesh.appavoo@utdallas.edu'] :: Failed
1417142639.93Mail to support ::['dinesh.appavoo@utdallas.edu'] :: Failed
1417142782.72Mail to support ::['dinesh.appavoo@utdallas.edu'] :: Failed
1417143050.84Mail to support ::['dinesh.appavoo@utdallas.edu'] :: Failed
1417143231.3Mail to support ::['dinesh.appavoo@utdallas.edu'] :: Failed
1417143402.75Mail to support ::['dinesh.appavoo@utdallas.edu'] :: Failed
1417143512.21Mail to support ::['dinesh.appavoo@utdallas.edu'] :: Failed
1417143643.13Mail to support ::['dinesh.appavoo@utdallas.edu'] :: Failed
1417143761.28Mail to support ::['dinesh.appavoo@utdallas.edu'] :: Failed
1417143886.99Mail to support ::['dinesh.appavoo@utdallas.edu'] :: Failed
1417143991.11Mail to support ::['dinesh.appavoo@utdallas.edu'] :: Failed
1417144109.15Mail to support ::['dinesh.appavoo@utdallas.edu'] :: Failed
1417144252.64Mail to support ::['dinesh.appavoo@utdallas.edu'] :: Failed
1417144359.36Mail to support ::['dinesh.appavoo@utdallas.edu'] :: Failed
1417144493.6Mail to support ::['dinesh.appavoo@utdallas.edu'] :: Failed
1417144595.41Mail to support ::['dinesh.appavoo@utdallas.edu'] :: Failed
1417144726.67Mail to support ::['dinesh.appavoo@utdallas.edu'] :: Failed
1417144837.61Mail to support ::['dinesh.appavoo@utdallas.edu'] :: Failed
1417144943.79Mail to support ::['dinesh.appavoo@utdallas.edu'] :: Failed
1417145075.35Mail to support ::['dinesh.appavoo@utdallas.edu'] :: Failed
1417145212.44Mail to support ::['dinesh.appavoo@utdallas.edu'] :: Failed
1417145353.03Mail to support ::['dinesh.appavoo@utdallas.edu'] :: Failed
1417145455.37Mail to support ::['dinesh.appavoo@utdallas.edu'] :: Failed
1417145580.17Mail to support ::['dinesh.appavoo@utdallas.edu'] :: Failed
1417145689.0Mail to support ::['dinesh.appavoo@utdallas.edu'] :: Failed
1417145797.51Mail to support ::['dinesh.appavoo@utdallas.edu'] :: Failed
1417145903.63Mail to support ::['dinesh.appavoo@utdallas.edu'] :: Failed
1417146018.81Mail to support ::['dinesh.appavoo@utdallas.edu'] :: Failed
1417146132.6Mail to support ::['dinesh.appavoo@utdallas.edu'] :: Failed
1417146267.13Mail to support ::['dinesh.appavoo@utdallas.edu'] :: Failed
1417146366.18Mail to support ::['dinesh.appavoo@utdallas.edu'] :: Failed
1417146498.91Mail to support ::['dinesh.appavoo@utdallas.edu'] :: Failed
1417146617.83Mail to support ::['dinesh.appavoo@utdallas.edu'] :: Failed
1417146719.26Mail to support ::['dinesh.appavoo@utdallas.edu'] :: Failed
1417146853.23Mail to support ::['dinesh.appavoo@utdallas.edu'] :: Failed
1417146951.74Mail to support ::['dinesh.appavoo@utdallas.edu'] :: Failed
1417147072.81Mail to support ::['dinesh.appavoo@utdallas.edu'] :: Failed
1417147176.2Mail to support ::['dinesh.appavoo@utdallas.edu'] :: Failed
1417147299.84Mail to support ::['dinesh.appavoo@utdallas.edu'] :: Failed
1417147442.62Mail to support ::['dinesh.appavoo@utdallas.edu'] :: Failed
1417147575.08Mail to support ::['dinesh.appavoo@utdallas.edu'] :: Failed
1417147675.37Mail to support ::['dinesh.appavoo@utdallas.edu'] :: Failed
1417147796.06Mail to support ::['dinesh.appavoo@utdallas.edu'] :: Failed
1417147917.4Mail to support ::['dinesh.appavoo@utdallas.edu'] :: Failed
1417148026.41Mail to support ::['dinesh.appavoo@utdallas.edu'] :: Failed
1417148154.94Mail to support ::['dinesh.appavoo@utdallas.edu'] :: Failed
1417148282.97Mail to support ::['dinesh.appavoo@utdallas.edu'] :: Failed
1417148404.03Mail to support ::['dinesh.appavoo@utdallas.edu'] :: Failed
1417148557.64Mail to support ::['dinesh.appavoo@utdallas.edu'] :: Failed
1417148682.57Mail to support ::['dinesh.appavoo@utdallas.edu'] :: Failed
1417148794.91Mail to support ::['dinesh.appavoo@utdallas.edu'] :: Failed
1417148926.0Mail to support ::['dinesh.appavoo@utdallas.edu'] :: Failed
1417149062.66Mail to support ::['dinesh.appavoo@utdallas.edu'] :: Failed
1417149199.5Mail to support ::['dinesh.appavoo@utdallas.edu'] :: Failed
1417149335.93Mail to support ::['dinesh.appavoo@utdallas.edu'] :: Failed
1417149453.24Mail to support ::['dinesh.appavoo@utdallas.edu'] :: Failed
1417149574.42Mail to support ::['dinesh.appavoo@utdallas.edu'] :: Failed
1417149708.44Mail to support ::['dinesh.appavoo@utdallas.edu'] :: Failed
1417149825.97Mail to support ::['dinesh.appavoo@utdallas.edu'] :: Failed
1417149955.56Mail to support ::['dinesh.appavoo@utdallas.edu'] :: Failed
1417150108.61Mail to support ::['dinesh.appavoo@utdallas.edu'] :: Failed
1417150211.09Mail to support ::['dinesh.appavoo@utdallas.edu'] :: Failed
1417150345.45Mail to support ::['dinesh.appavoo@utdallas.edu'] :: Failed
1417150448.58Mail to support ::['dinesh.appavoo@utdallas.edu'] :: Failed
1417150589.26Mail to support ::['dinesh.appavoo@utdallas.edu'] :: Failed
1417150731.71Mail to support ::['dinesh.appavoo@utdallas.edu'] :: Failed
1417150853.67Mail to support ::['dinesh.appavoo@utdallas.edu'] :: Failed
1417150957.82Mail to support ::['dinesh.appavoo@utdallas.edu'] :: Failed
1417151099.45Mail to support ::['dinesh.appavoo@utdallas.edu'] :: Failed
1417151217.45Mail to support ::['dinesh.appavoo@utdallas.edu'] :: Failed
1417151322.06Mail to support ::['dinesh.appavoo@utdallas.edu'] :: Failed
1417151453.25Mail to support ::['dinesh.appavoo@utdallas.edu'] :: Failed
1417151560.45Mail to support ::['dinesh.appavoo@utdallas.edu'] :: Failed
1417151807.15Mail to support ::['dinesh.appavoo@utdallas.edu'] :: Failed
1417152005.66Mail to support ::['dinesh.appavoo@utdallas.edu'] :: Failed
1417152121.44Mail to support ::['dinesh.appavoo@utdallas.edu'] :: Failed
1417152223.14Mail to support ::['dinesh.appavoo@utdallas.edu'] :: Failed
1417152365.42Mail to support ::['dinesh.appavoo@utdallas.edu'] :: Failed
1417152479.81Mail to support ::['dinesh.appavoo@utdallas.edu'] :: Failed
1417152595.41Mail to support ::['dinesh.appavoo@utdallas.edu'] :: Failed
1417152712.39Mail to support ::['dinesh.appavoo@utdallas.edu'] :: Failed
1417152841.77Mail to support ::['dinesh.appavoo@utdallas.edu'] :: Failed
1417152975.14Mail to support ::['dinesh.appavoo@utdallas.edu'] :: Failed
1417153075.34Mail to support ::['dinesh.appavoo@utdallas.edu'] :: Failed
1417153224.19Mail to support ::['dinesh.appavoo@utdallas.edu'] :: Failed
1417153366.21Mail to support ::['dinesh.appavoo@utdallas.edu'] :: Failed
1417153494.95Mail to support ::['dinesh.appavoo@utdallas.edu'] :: Failed
1417153625.74Mail to support ::['dinesh.appavoo@utdallas.edu'] :: Failed
1417153733.61Mail to support ::['dinesh.appavoo@utdallas.edu'] :: Failed
1417153864.62Mail to support ::['dinesh.appavoo@utdallas.edu'] :: Failed
1417153975.26Mail to support ::['dinesh.appavoo@utdallas.edu'] :: Failed
1417154079.57Mail to support ::['dinesh.appavoo@utdallas.edu'] :: Failed
1417154193.67Mail to support ::['dinesh.appavoo@utdallas.edu'] :: Failed
1417154296.23Mail to support ::['dinesh.appavoo@utdallas.edu'] :: Failed
1417154439.52Mail to support ::['dinesh.appavoo@utdallas.edu'] :: Failed
1417154567.45Mail to support ::['dinesh.appavoo@utdallas.edu'] :: Failed
1417154742.88Mail to support ::['dinesh.appavoo@utdallas.edu'] :: Failed
1417154984.65Mail to support ::['dinesh.appavoo@utdallas.edu'] :: Failed
1417155207.34Mail to support ::['dinesh.appavoo@utdallas.edu'] :: Failed
1417155391.88Mail to support ::['dinesh.appavoo@utdallas.edu'] :: Failed
1417155513.93Mail to support ::['dinesh.appavoo@utdallas.edu'] :: Failed
1417155630.09Mail to support ::['dinesh.appavoo@utdallas.edu'] :: Failed
1417155755.89Mail to support ::['dinesh.appavoo@utdallas.edu'] :: Failed
1417155901.33Mail to support ::['dinesh.appavoo@utdallas.edu'] :: Failed
1417156185.8Mail to support ::['dinesh.appavoo@utdallas.edu'] :: Failed
1417156360.05Mail to support ::['dinesh.appavoo@utdallas.edu'] :: Failed
1417156475.14Mail to support ::['dinesh.appavoo@utdallas.edu'] :: Failed
1417156590.67Mail to support ::['dinesh.appavoo@utdallas.edu'] :: Failed
1417156733.5Mail to support ::['dinesh.appavoo@utdallas.edu'] :: Failed
1417156845.75Mail to support ::['dinesh.appavoo@utdallas.edu'] :: Failed
1417156994.17Mail to support ::['dinesh.appavoo@utdallas.edu'] :: Failed
1417157096.24Mail to support ::['dinesh.appavoo@utdallas.edu'] :: Failed
1417157229.53Mail to support ::['dinesh.appavoo@utdallas.edu'] :: Failed
1417157340.06Mail to support ::['dinesh.appavoo@utdallas.edu'] :: Failed
1417157442.8Mail to support ::['dinesh.appavoo@utdallas.edu'] :: Failed
1417157595.53Mail to support ::['dinesh.appavoo@utdallas.edu'] :: Failed
1417157699.11Mail to support ::['dinesh.appavoo@utdallas.edu'] :: Failed
1417157848.81Mail to support ::['dinesh.appavoo@utdallas.edu'] :: Failed
1417157959.7Mail to support ::['dinesh.appavoo@utdallas.edu'] :: Failed
1417158093.13Mail to support ::['dinesh.appavoo@utdallas.edu'] :: Failed
1417158228.16Mail to support ::['dinesh.appavoo@utdallas.edu'] :: Failed
1417158360.9Mail to support ::['dinesh.appavoo@utdallas.edu'] :: Failed
1417158486.83Mail to support ::['dinesh.appavoo@utdallas.edu'] :: Failed
1417158591.94Mail to support ::['dinesh.appavoo@utdallas.edu'] :: Failed
1417158711.26Mail to support ::['dinesh.appavoo@utdallas.edu'] :: Failed
1417158855.05Mail to support ::['dinesh.appavoo@utdallas.edu'] :: Failed
1417158982.97Mail to support ::['dinesh.appavoo@utdallas.edu'] :: Failed
1417159105.18Mail to support ::['dinesh.appavoo@utdallas.edu'] :: Failed
1417159206.93Mail to support ::['dinesh.appavoo@utdallas.edu'] :: Failed
1417159336.75Mail to support ::['dinesh.appavoo@utdallas.edu'] :: Failed
1417159450.35Mail to support ::['dinesh.appavoo@utdallas.edu'] :: Failed
1417159553.03Mail to support ::['dinesh.appavoo@utdallas.edu'] :: Failed
1417159692.8Mail to support ::['dinesh.appavoo@utdallas.edu'] :: Failed
1417159834.61Mail to support ::['dinesh.appavoo@utdallas.edu'] :: Failed
1417159966.35Mail to support ::['dinesh.appavoo@utdallas.edu'] :: Failed
1417160065.01Mail to support ::['dinesh.appavoo@utdallas.edu'] :: Failed
1417160197.7Mail to support ::['dinesh.appavoo@utdallas.edu'] :: Failed
1417160312.01Mail to support ::['dinesh.appavoo@utdallas.edu'] :: Failed
1417160428.45Mail to support ::['dinesh.appavoo@utdallas.edu'] :: Failed
1417160573.22Mail to support ::['dinesh.appavoo@utdallas.edu'] :: Failed
1417160713.7Mail to support ::['dinesh.appavoo@utdallas.edu'] :: Failed
1417160864.94Mail to support ::['dinesh.appavoo@utdallas.edu'] :: Failed
1417161016.33Mail to support ::['dinesh.appavoo@utdallas.edu'] :: Failed
1417161320.76Mail to support ::['dinesh.appavoo@utdallas.edu'] :: Failed
1417161489.69Mail to support ::['dinesh.appavoo@utdallas.edu'] :: Failed
1417161604.89Mail to support ::['dinesh.appavoo@utdallas.edu'] :: Failed
1417161723.91Mail to support ::['dinesh.appavoo@utdallas.edu'] :: Failed
1417161860.08Mail to support ::['dinesh.appavoo@utdallas.edu'] :: Failed
1417161983.83Mail to support ::['dinesh.appavoo@utdallas.edu'] :: Failed
1417162108.41Mail to support ::['dinesh.appavoo@utdallas.edu'] :: Failed
1417162235.81Mail to support ::['dinesh.appavoo@utdallas.edu'] :: Failed
1417162370.06Mail to support ::['dinesh.appavoo@utdallas.edu'] :: Failed
1417162493.19Mail to support ::['dinesh.appavoo@utdallas.edu'] :: Failed
1417162617.21Mail to support ::['dinesh.appavoo@utdallas.edu'] :: Failed
1417162736.46Mail to support ::['dinesh.appavoo@utdallas.edu'] :: Failed
1417162882.33Mail to support ::['dinesh.appavoo@utdallas.edu'] :: Failed
1417162982.04Mail to support ::['dinesh.appavoo@utdallas.edu'] :: Failed
1417163115.3Mail to support ::['dinesh.appavoo@utdallas.edu'] :: Failed
1417163258.65Mail to support ::['dinesh.appavoo@utdallas.edu'] :: Failed
1417163387.94Mail to support ::['dinesh.appavoo@utdallas.edu'] :: Failed
1417163530.83Mail to support ::['dinesh.appavoo@utdallas.edu'] :: Failed
1417163661.83Mail to support ::['dinesh.appavoo@utdallas.edu'] :: Failed
1417163766.75Mail to support ::['dinesh.appavoo@utdallas.edu'] :: Failed
1417163913.14Mail to support ::['dinesh.appavoo@utdallas.edu'] :: Failed
1417164016.91Mail to support ::['dinesh.appavoo@utdallas.edu'] :: Failed
1417164151.32Mail to support ::['dinesh.appavoo@utdallas.edu'] :: Failed
1417164256.79Mail to support ::['dinesh.appavoo@utdallas.edu'] :: Failed
1417164375.77Mail to support ::['dinesh.appavoo@utdallas.edu'] :: Failed
1417164595.72Mail to support ::['dinesh.appavoo@utdallas.edu'] :: Failed
1417164891.69Mail to support ::['dinesh.appavoo@utdallas.edu'] :: Failed
1417165050.0Mail to support ::['dinesh.appavoo@utdallas.edu'] :: Failed
1417165180.33Mail to support ::['dinesh.appavoo@utdallas.edu'] :: Failed
1417165310.51Mail to support ::['dinesh.appavoo@utdallas.edu'] :: Failed
1417165439.82Mail to support ::['dinesh.appavoo@utdallas.edu'] :: Failed
1417165551.95Mail to support ::['dinesh.appavoo@utdallas.edu'] :: Failed
1417165695.42Mail to support ::['dinesh.appavoo@utdallas.edu'] :: Failed
1417165813.35Mail to support ::['dinesh.appavoo@utdallas.edu'] :: Failed
1417165972.95Mail to support ::['dinesh.appavoo@utdallas.edu'] :: Failed
1417166106.85Mail to support ::['dinesh.appavoo@utdallas.edu'] :: Failed
1417166244.56Mail to support ::['dinesh.appavoo@utdallas.edu'] :: Failed
1417166373.79Mail to support ::['dinesh.appavoo@utdallas.edu'] :: Failed
1417166512.09Mail to support ::['dinesh.appavoo@utdallas.edu'] :: Failed
1417166635.08Mail to support ::['dinesh.appavoo@utdallas.edu'] :: Failed
1417166767.96Mail to support ::['dinesh.appavoo@utdallas.edu'] :: Failed
1417166970.61Mail to support ::['dinesh.appavoo@utdallas.edu'] :: Failed
1417167219.59Mail to support ::['dinesh.appavoo@utdallas.edu'] :: Failed
1417167365.65Mail to support ::['dinesh.appavoo@utdallas.edu'] :: Failed
1417167683.95Mail to support ::['dinesh.appavoo@utdallas.edu'] :: Failed
1417168048.18Mail to support ::['dinesh.appavoo@utdallas.edu'] :: Failed
1417168184.34Mail to support ::['dinesh.appavoo@utdallas.edu'] :: Failed
1417168421.4Mail to support ::['dinesh.appavoo@utdallas.edu'] :: Failed
1417168696.94Mail to support ::['dinesh.appavoo@utdallas.edu'] :: Failed
1417168814.89Mail to support ::['dinesh.appavoo@utdallas.edu'] :: Failed
1417168938.5Mail to support ::['dinesh.appavoo@utdallas.edu'] :: Failed
1417169062.26Mail to support ::['dinesh.appavoo@utdallas.edu'] :: Failed
1417169179.41Mail to support ::['dinesh.appavoo@utdallas.edu'] :: Failed
1417169302.82Mail to support ::['dinesh.appavoo@utdallas.edu'] :: Failed
1417169407.89Mail to support ::['dinesh.appavoo@utdallas.edu'] :: Failed
1417169511.19Mail to support ::['dinesh.appavoo@utdallas.edu'] :: Failed
1417169633.14Mail to support ::['dinesh.appavoo@utdallas.edu'] :: Failed
1417169743.12Mail to support ::['dinesh.appavoo@utdallas.edu'] :: Failed
1417169876.49Mail to support ::['dinesh.appavoo@utdallas.edu'] :: Failed
1417169975.62Mail to support ::['dinesh.appavoo@utdallas.edu'] :: Failed
1417170102.27Mail to support ::['dinesh.appavoo@utdallas.edu'] :: Failed
1417170218.69Mail to support ::['dinesh.appavoo@utdallas.edu'] :: Failed
1417170336.18Mail to support ::['dinesh.appavoo@utdallas.edu'] :: Failed
1417170457.25Mail to support ::['dinesh.appavoo@utdallas.edu'] :: Failed
1417170589.97Mail to support ::['dinesh.appavoo@utdallas.edu'] :: Failed
1417170719.27Mail to support ::['dinesh.appavoo@utdallas.edu'] :: Failed
1417170834.34Mail to support ::['dinesh.appavoo@utdallas.edu'] :: Failed
1417170990.74Mail to support ::['dinesh.appavoo@utdallas.edu'] :: Failed
1417171117.57Mail to support ::['dinesh.appavoo@utdallas.edu'] :: Failed
1417171260.42Mail to support ::['dinesh.appavoo@utdallas.edu'] :: Failed
1417171461.37Mail to support ::['dinesh.appavoo@utdallas.edu'] :: Failed
1417171578.61Mail to support ::['dinesh.appavoo@utdallas.edu'] :: Failed
1417171683.3Mail to support ::['dinesh.appavoo@utdallas.edu'] :: Failed
1417171813.84Mail to support ::['dinesh.appavoo@utdallas.edu'] :: Failed
1417171929.84Mail to support ::['dinesh.appavoo@utdallas.edu'] :: Failed
1417172038.43Mail to support ::['dinesh.appavoo@utdallas.edu'] :: Failed
1417172159.03Mail to support ::['dinesh.appavoo@utdallas.edu'] :: Failed
1417172284.65Mail to support ::['dinesh.appavoo@utdallas.edu'] :: Failed
1417172415.52Mail to support ::['dinesh.appavoo@utdallas.edu'] :: Failed
1417172530.28Mail to support ::['dinesh.appavoo@utdallas.edu'] :: Failed
1417172667.33Mail to support ::['dinesh.appavoo@utdallas.edu'] :: Failed
1417172783.93Mail to support ::['dinesh.appavoo@utdallas.edu'] :: Failed
1417172908.63Mail to support ::['dinesh.appavoo@utdallas.edu'] :: Failed
1417173039.33Mail to support ::['dinesh.appavoo@utdallas.edu'] :: Failed
1417173167.18Mail to support ::['dinesh.appavoo@utdallas.edu'] :: Failed
1417173277.54Mail to support ::['dinesh.appavoo@utdallas.edu'] :: Failed
1417173418.9Mail to support ::['dinesh.appavoo@utdallas.edu'] :: Failed
1417173533.32Mail to support ::['dinesh.appavoo@utdallas.edu'] :: Failed
1417173664.7Mail to support ::['dinesh.appavoo@utdallas.edu'] :: Failed
1417173803.7Mail to support ::['dinesh.appavoo@utdallas.edu'] :: Failed
1417173915.76Mail to support ::['dinesh.appavoo@utdallas.edu'] :: Failed
1417174052.98Mail to support ::['dinesh.appavoo@utdallas.edu'] :: Failed
1417174193.14Mail to support ::['dinesh.appavoo@utdallas.edu'] :: Failed
1417174313.2Mail to support ::['dinesh.appavoo@utdallas.edu'] :: Failed
1417174463.48Mail to support ::['dinesh.appavoo@utdallas.edu'] :: Failed
1417174581.02Mail to support ::['dinesh.appavoo@utdallas.edu'] :: Failed
1417174695.94Mail to support ::['dinesh.appavoo@utdallas.edu'] :: Failed
1417174840.26Mail to support ::['dinesh.appavoo@utdallas.edu'] :: Failed
1417174959.84Mail to support ::['dinesh.appavoo@utdallas.edu'] :: Failed
1417175099.94Mail to support ::['dinesh.appavoo@utdallas.edu'] :: Failed
1417175225.34Mail to support ::['dinesh.appavoo@utdallas.edu'] :: Failed
1417175349.6Mail to support ::['dinesh.appavoo@utdallas.edu'] :: Failed
1417175453.27Mail to support ::['dinesh.appavoo@utdallas.edu'] :: Failed
1417175589.64Mail to support ::['dinesh.appavoo@utdallas.edu'] :: Failed
1417175706.16Mail to support ::['dinesh.appavoo@utdallas.edu'] :: Failed
1417175850.71Mail to support ::['dinesh.appavoo@utdallas.edu'] :: Failed
1417175989.16Mail to support ::['dinesh.appavoo@utdallas.edu'] :: Failed
1417176132.88Mail to support ::['dinesh.appavoo@utdallas.edu'] :: Failed
1417176257.62Mail to support ::['dinesh.appavoo@utdallas.edu'] :: Failed
1417176358.81Mail to support ::['dinesh.appavoo@utdallas.edu'] :: Failed
1417176485.62Mail to support ::['dinesh.appavoo@utdallas.edu'] :: Failed
1417176610.47Mail to support ::['dinesh.appavoo@utdallas.edu'] :: Failed
1417176737.13Mail to support ::['dinesh.appavoo@utdallas.edu'] :: Failed
1417176851.13Mail to support ::['dinesh.appavoo@utdallas.edu'] :: Failed
1417176963.0Mail to support ::['dinesh.appavoo@utdallas.edu'] :: Failed
1417177114.68Mail to support ::['dinesh.appavoo@utdallas.edu'] :: Failed
1417177232.45Mail to support ::['dinesh.appavoo@utdallas.edu'] :: Failed
1417177364.08Mail to support ::['dinesh.appavoo@utdallas.edu'] :: Failed
1417177508.81Mail to support ::['dinesh.appavoo@utdallas.edu'] :: Failed
1417177639.64Mail to support ::['dinesh.appavoo@utdallas.edu'] :: Failed
1417177770.18Mail to support ::['dinesh.appavoo@utdallas.edu'] :: Failed
1417177881.63Mail to support ::['dinesh.appavoo@utdallas.edu'] :: Failed
1417178013.24Mail to support ::['dinesh.appavoo@utdallas.edu'] :: Failed
1417178164.65Mail to support ::['dinesh.appavoo@utdallas.edu'] :: Failed
1417178321.27Mail to support ::['dinesh.appavoo@utdallas.edu'] :: Failed
1417178621.4Mail to support ::['dinesh.appavoo@utdallas.edu'] :: Failed
1417178732.12Mail to support ::['dinesh.appavoo@utdallas.edu'] :: Failed
1417178838.11Mail to support ::['dinesh.appavoo@utdallas.edu'] :: Failed
1417178968.07Mail to support ::['dinesh.appavoo@utdallas.edu'] :: Failed
1417179105.84Mail to support ::['dinesh.appavoo@utdallas.edu'] :: Failed
1417179256.8Mail to support ::['dinesh.appavoo@utdallas.edu'] :: Failed
1417179393.62Mail to support ::['dinesh.appavoo@utdallas.edu'] :: Failed
1417179535.4Mail to support ::['dinesh.appavoo@utdallas.edu'] :: Failed
1417179670.59Mail to support ::['dinesh.appavoo@utdallas.edu'] :: Failed
1417179814.48Mail to support ::['dinesh.appavoo@utdallas.edu'] :: Failed
1417179917.91Mail to support ::['dinesh.appavoo@utdallas.edu'] :: Failed
1417180051.12Mail to support ::['dinesh.appavoo@utdallas.edu'] :: Failed
1417180184.39Mail to support ::['dinesh.appavoo@utdallas.edu'] :: Failed
1417180311.02Mail to support ::['dinesh.appavoo@utdallas.edu'] :: Failed
1417180429.85Mail to support ::['dinesh.appavoo@utdallas.edu'] :: Failed
1417180551.71Mail to support ::['dinesh.appavoo@utdallas.edu'] :: Failed
1417180651.14Mail to support ::['dinesh.appavoo@utdallas.edu'] :: Failed
1417180778.06Mail to support ::['dinesh.appavoo@utdallas.edu'] :: Failed
1417180884.45Mail to support ::['dinesh.appavoo@utdallas.edu'] :: Failed
1417181037.44Mail to support ::['dinesh.appavoo@utdallas.edu'] :: Failed
1417181368.19Mail to support ::['dinesh.appavoo@utdallas.edu'] :: Failed
1417181545.29Mail to support ::['dinesh.appavoo@utdallas.edu'] :: Failed
1417181692.37Mail to support ::['dinesh.appavoo@utdallas.edu'] :: Failed
1417181804.96Mail to support ::['dinesh.appavoo@utdallas.edu'] :: Failed
1417181935.56Mail to support ::['dinesh.appavoo@utdallas.edu'] :: Failed
1417182040.54Mail to support ::['dinesh.appavoo@utdallas.edu'] :: Failed
1417182240.53Mail to support ::['dinesh.appavoo@utdallas.edu'] :: Failed
1417182361.55Mail to support ::['dinesh.appavoo@utdallas.edu'] :: Failed
1417182471.57Mail to support ::['dinesh.appavoo@utdallas.edu'] :: Failed
1417182600.74Mail to support ::['dinesh.appavoo@utdallas.edu'] :: Failed
1417182702.62Mail to support ::['dinesh.appavoo@utdallas.edu'] :: Failed
1417182822.24Mail to support ::['dinesh.appavoo@utdallas.edu'] :: Failed
1417182947.24Mail to support ::['dinesh.appavoo@utdallas.edu'] :: Failed
1417183043.13Mail to support ::['dinesh.appavoo@utdallas.edu'] :: Failed
1417183168.53Mail to support ::['dinesh.appavoo@utdallas.edu'] :: Failed
1417183273.31Mail to support ::['dinesh.appavoo@utdallas.edu'] :: Failed
1417183470.69Mail to support ::['dinesh.appavoo@utdallas.edu'] :: Failed
1417183669.54Mail to support ::['dinesh.appavoo@utdallas.edu'] :: Failed
1417183884.15Mail to support ::['dinesh.appavoo@utdallas.edu'] :: Failed
1417184165.35Mail to support ::['dinesh.appavoo@utdallas.edu'] :: Failed
1417184284.43Mail to support ::['dinesh.appavoo@utdallas.edu'] :: Failed
1417184389.6Mail to support ::['dinesh.appavoo@utdallas.edu'] :: Failed
1417184509.05Mail to support ::['dinesh.appavoo@utdallas.edu'] :: Failed
1417184625.38Mail to support ::['dinesh.appavoo@utdallas.edu'] :: Failed
1417184759.2Mail to support ::['dinesh.appavoo@utdallas.edu'] :: Failed
1417184899.83Mail to support ::['dinesh.appavoo@utdallas.edu'] :: Failed
1417185004.25Mail to support ::['dinesh.appavoo@utdallas.edu'] :: Failed
1417185143.59Mail to support ::['dinesh.appavoo@utdallas.edu'] :: Failed
1417185265.92Mail to support ::['dinesh.appavoo@utdallas.edu'] :: Failed
1417185371.32Mail to support ::['dinesh.appavoo@utdallas.edu'] :: Failed
1417185521.11Mail to support ::['dinesh.appavoo@utdallas.edu'] :: Failed
1417185674.96Mail to support ::['dinesh.appavoo@utdallas.edu'] :: Failed
1417185813.96Mail to support ::['dinesh.appavoo@utdallas.edu'] :: Failed
1417185949.33Mail to support ::['dinesh.appavoo@utdallas.edu'] :: Failed
1417186075.87Mail to support ::['dinesh.appavoo@utdallas.edu'] :: Failed
1417186210.52Mail to support ::['dinesh.appavoo@utdallas.edu'] :: Failed
1417186347.09Mail to support ::['dinesh.appavoo@utdallas.edu'] :: Failed
1417186480.73Mail to support ::['dinesh.appavoo@utdallas.edu'] :: Failed
1417186578.57Mail to support ::['dinesh.appavoo@utdallas.edu'] :: Failed
1417186721.59Mail to support ::['dinesh.appavoo@utdallas.edu'] :: Failed
1417186839.68Mail to support ::['dinesh.appavoo@utdallas.edu'] :: Failed
1417186965.88Mail to support ::['dinesh.appavoo@utdallas.edu'] :: Failed
1417187093.0Mail to support ::['dinesh.appavoo@utdallas.edu'] :: Failed
1417187203.37Mail to support ::['dinesh.appavoo@utdallas.edu'] :: Failed
1417187322.81Mail to support ::['dinesh.appavoo@utdallas.edu'] :: Failed
1417187424.83Mail to support ::['dinesh.appavoo@utdallas.edu'] :: Failed
1417187586.36Mail to support ::['dinesh.appavoo@utdallas.edu'] :: Failed
1417187695.35Mail to support ::['dinesh.appavoo@utdallas.edu'] :: Failed
1417187834.54Mail to support ::['dinesh.appavoo@utdallas.edu'] :: Failed
1417187952.07Mail to support ::['dinesh.appavoo@utdallas.edu'] :: Failed
1417188066.41Mail to support ::['dinesh.appavoo@utdallas.edu'] :: Failed
1417188208.87Mail to support ::['dinesh.appavoo@utdallas.edu'] :: Failed
1417188351.47Mail to support ::['dinesh.appavoo@utdallas.edu'] :: Failed
1417188528.88Mail to support ::['dinesh.appavoo@utdallas.edu'] :: Failed
1417188638.21Mail to support ::['dinesh.appavoo@utdallas.edu'] :: Failed
1417188775.17Mail to support ::['dinesh.appavoo@utdallas.edu'] :: Failed
1417188887.2Mail to support ::['dinesh.appavoo@utdallas.edu'] :: Failed
1417188995.69Mail to support ::['dinesh.appavoo@utdallas.edu'] :: Failed
1417189144.26Mail to support ::['dinesh.appavoo@utdallas.edu'] :: Failed
1417189284.95Mail to support ::['dinesh.appavoo@utdallas.edu'] :: Failed
1417189402.0Mail to support ::['dinesh.appavoo@utdallas.edu'] :: Failed
1417189539.8Mail to support ::['dinesh.appavoo@utdallas.edu'] :: Failed
1417189648.37Mail to support ::['dinesh.appavoo@utdallas.edu'] :: Failed
1417189749.91Mail to support ::['dinesh.appavoo@utdallas.edu'] :: Failed
1417189907.97Mail to support ::['dinesh.appavoo@utdallas.edu'] :: Failed
1417190020.95Mail to support ::['dinesh.appavoo@utdallas.edu'] :: Failed
1417190160.4Mail to support ::['dinesh.appavoo@utdallas.edu'] :: Failed
1417190307.45Mail to support ::['dinesh.appavoo@utdallas.edu'] :: Failed
1417190457.37Mail to support ::['dinesh.appavoo@utdallas.edu'] :: Failed
1417190717.19Mail to support ::['dinesh.appavoo@utdallas.edu'] :: Failed
1417191054.44Mail to support ::['dinesh.appavoo@utdallas.edu'] :: Failed
1417191376.49Mail to support ::['dinesh.appavoo@utdallas.edu'] :: Failed
1417191625.45Mail to support ::['dinesh.appavoo@utdallas.edu'] :: Failed
1417191786.96Mail to support ::['dinesh.appavoo@utdallas.edu'] :: Failed
1417191896.18Mail to support ::['dinesh.appavoo@utdallas.edu'] :: Failed
1417192038.61Mail to support ::['dinesh.appavoo@utdallas.edu'] :: Failed
1417192179.79Mail to support ::['dinesh.appavoo@utdallas.edu'] :: Failed
1417192290.7Mail to support ::['dinesh.appavoo@utdallas.edu'] :: Failed
1417192424.58Mail to support ::['dinesh.appavoo@utdallas.edu'] :: Failed
1417192524.28Mail to support ::['dinesh.appavoo@utdallas.edu'] :: Failed
1417192655.61Mail to support ::['dinesh.appavoo@utdallas.edu'] :: Failed
1417192796.27Mail to support ::['dinesh.appavoo@utdallas.edu'] :: Failed
1417192938.24Mail to support ::['dinesh.appavoo@utdallas.edu'] :: Failed
1417193062.76Mail to support ::['dinesh.appavoo@utdallas.edu'] :: Failed
1417193178.54Mail to support ::['dinesh.appavoo@utdallas.edu'] :: Failed
1417193275.39Mail to support ::['dinesh.appavoo@utdallas.edu'] :: Failed
1417193405.78Mail to support ::['dinesh.appavoo@utdallas.edu'] :: Failed
1417193540.85Mail to support ::['dinesh.appavoo@utdallas.edu'] :: Failed
1417193650.03Mail to support ::['dinesh.appavoo@utdallas.edu'] :: Failed
1417193773.24Mail to support ::['dinesh.appavoo@utdallas.edu'] :: Failed
1417193902.14Mail to support ::['dinesh.appavoo@utdallas.edu'] :: Failed
1417194039.5Mail to support ::['dinesh.appavoo@utdallas.edu'] :: Failed
1417194157.46Mail to support ::['dinesh.appavoo@utdallas.edu'] :: Failed
1417194292.95Mail to support ::['dinesh.appavoo@utdallas.edu'] :: Failed
1417194431.46Mail to support ::['dinesh.appavoo@utdallas.edu'] :: Failed
1417194551.52Mail to support ::['dinesh.appavoo@utdallas.edu'] :: Failed
1417194677.45Mail to support ::['dinesh.appavoo@utdallas.edu'] :: Failed
1417194807.44Mail to support ::['dinesh.appavoo@utdallas.edu'] :: Failed
1417194947.53Mail to support ::['dinesh.appavoo@utdallas.edu'] :: Failed
1417195063.74Mail to support ::['dinesh.appavoo@utdallas.edu'] :: Failed
1417195193.51Mail to support ::['dinesh.appavoo@utdallas.edu'] :: Failed
1417195298.29Mail to support ::['dinesh.appavoo@utdallas.edu'] :: Failed
1417195435.25Mail to support ::['dinesh.appavoo@utdallas.edu'] :: Failed
1417195545.16Mail to support ::['dinesh.appavoo@utdallas.edu'] :: Failed
1417195682.48Mail to support ::['dinesh.appavoo@utdallas.edu'] :: Failed
1417195780.86Mail to support ::['dinesh.appavoo@utdallas.edu'] :: Failed
1417195903.01Mail to support ::['dinesh.appavoo@utdallas.edu'] :: Failed
1417196017.1Mail to support ::['dinesh.appavoo@utdallas.edu'] :: Failed
1417196145.29Mail to support ::['dinesh.appavoo@utdallas.edu'] :: Failed
1417196250.64Mail to support ::['dinesh.appavoo@utdallas.edu'] :: Failed
1417196378.38Mail to support ::['dinesh.appavoo@utdallas.edu'] :: Failed
1417196485.27Mail to support ::['dinesh.appavoo@utdallas.edu'] :: Failed
1417196618.24Mail to support ::['dinesh.appavoo@utdallas.edu'] :: Failed
1417196762.34Mail to support ::['dinesh.appavoo@utdallas.edu'] :: Failed
1417196862.54Mail to support ::['dinesh.appavoo@utdallas.edu'] :: Failed
1417196987.81Mail to support ::['dinesh.appavoo@utdallas.edu'] :: Failed
1417197102.4Mail to support ::['dinesh.appavoo@utdallas.edu'] :: Failed
1417197222.05Mail to support ::['dinesh.appavoo@utdallas.edu'] :: Failed
1417197339.08Mail to support ::['dinesh.appavoo@utdallas.edu'] :: Failed
1417197447.46Mail to support ::['dinesh.appavoo@utdallas.edu'] :: Failed
1417197591.98Mail to support ::['dinesh.appavoo@utdallas.edu'] :: Failed
1417197709.75Mail to support ::['dinesh.appavoo@utdallas.edu'] :: Failed
1417197835.06Mail to support ::['dinesh.appavoo@utdallas.edu'] :: Failed
1417197936.89Mail to support ::['dinesh.appavoo@utdallas.edu'] :: Failed
1417198120.21Mail to support ::['dinesh.appavoo@utdallas.edu'] :: Failed
1417198320.86Mail to support ::['dinesh.appavoo@utdallas.edu'] :: Failed
1417198512.31Mail to support ::['dinesh.appavoo@utdallas.edu'] :: Failed
1417198629.09Mail to support ::['dinesh.appavoo@utdallas.edu'] :: Failed
1417198771.16Mail to support ::['dinesh.appavoo@utdallas.edu'] :: Failed
1417198914.78Mail to support ::['dinesh.appavoo@utdallas.edu'] :: Failed
1417199025.94Mail to support ::['dinesh.appavoo@utdallas.edu'] :: Failed
1417199160.65Mail to support ::['dinesh.appavoo@utdallas.edu'] :: Failed
1417199301.41Mail to support ::['dinesh.appavoo@utdallas.edu'] :: Failed
1417199420.01Mail to support ::['dinesh.appavoo@utdallas.edu'] :: Failed
1417199530.8Mail to support ::['dinesh.appavoo@utdallas.edu'] :: Failed
1417199646.93Mail to support ::['dinesh.appavoo@utdallas.edu'] :: Failed
1417199790.39Mail to support ::['dinesh.appavoo@utdallas.edu'] :: Failed
1417199918.2Mail to support ::['dinesh.appavoo@utdallas.edu'] :: Failed
1417200042.93Mail to support ::['dinesh.appavoo@utdallas.edu'] :: Failed
1417200183.55Mail to support ::['dinesh.appavoo@utdallas.edu'] :: Failed
1417200314.13Mail to support ::['dinesh.appavoo@utdallas.edu'] :: Failed
1417200417.92Mail to support ::['dinesh.appavoo@utdallas.edu'] :: Failed
1417200561.18Mail to support ::['dinesh.appavoo@utdallas.edu'] :: Failed
1417200686.51Mail to support ::['dinesh.appavoo@utdallas.edu'] :: Failed
1417200784.97Mail to support ::['dinesh.appavoo@utdallas.edu'] :: Failed
1417200917.73Mail to support ::['dinesh.appavoo@utdallas.edu'] :: Failed
1417201051.71Mail to support ::['dinesh.appavoo@utdallas.edu'] :: Failed
1417201192.85Mail to support ::['dinesh.appavoo@utdallas.edu'] :: Failed
1417201305.42Mail to support ::['dinesh.appavoo@utdallas.edu'] :: Failed
1417201486.51Mail to support ::['dinesh.appavoo@utdallas.edu'] :: Failed
1417201781.09Mail to support ::['dinesh.appavoo@utdallas.edu'] :: Failed
1417201915.73Mail to support ::['dinesh.appavoo@utdallas.edu'] :: Failed
1417202060.57Mail to support ::['dinesh.appavoo@utdallas.edu'] :: Failed
1417202178.0Mail to support ::['dinesh.appavoo@utdallas.edu'] :: Failed
1417202305.45Mail to support ::['dinesh.appavoo@utdallas.edu'] :: Failed
1417202440.35Mail to support ::['dinesh.appavoo@utdallas.edu'] :: Failed
1417202543.7Mail to support ::['dinesh.appavoo@utdallas.edu'] :: Failed
1417202689.34Mail to support ::['dinesh.appavoo@utdallas.edu'] :: Failed
1417202820.07Mail to support ::['dinesh.appavoo@utdallas.edu'] :: Failed
1417202953.05Mail to support ::['dinesh.appavoo@utdallas.edu'] :: Failed
1417203098.75Mail to support ::['dinesh.appavoo@utdallas.edu'] :: Failed
1417203205.23Mail to support ::['dinesh.appavoo@utdallas.edu'] :: Failed
1417203348.59Mail to support ::['dinesh.appavoo@utdallas.edu'] :: Failed
1417203498.57Mail to support ::['dinesh.appavoo@utdallas.edu'] :: Failed
1417203654.59Mail to support ::['dinesh.appavoo@utdallas.edu'] :: Failed
1417203802.03Mail to support ::['dinesh.appavoo@utdallas.edu'] :: Failed
1417203945.1Mail to support ::['dinesh.appavoo@utdallas.edu'] :: Failed
1417204061.88Mail to support ::['dinesh.appavoo@utdallas.edu'] :: Failed
1417204182.7Mail to support ::['dinesh.appavoo@utdallas.edu'] :: Failed
1417204289.77Mail to support ::['dinesh.appavoo@utdallas.edu'] :: Failed
1417204429.25Mail to support ::['dinesh.appavoo@utdallas.edu'] :: Failed
1417204534.1Mail to support ::['dinesh.appavoo@utdallas.edu'] :: Failed
1417204666.06Mail to support ::['dinesh.appavoo@utdallas.edu'] :: Failed
1417204763.92Mail to support ::['dinesh.appavoo@utdallas.edu'] :: Failed
1417204914.44Mail to support ::['dinesh.appavoo@utdallas.edu'] :: Failed
1417205037.64Mail to support ::['dinesh.appavoo@utdallas.edu'] :: Failed
1417205153.27Mail to support ::['dinesh.appavoo@utdallas.edu'] :: Failed
1417205256.63Mail to support ::['dinesh.appavoo@utdallas.edu'] :: Failed
1417205369.35Mail to support ::['dinesh.appavoo@utdallas.edu'] :: Failed
1417205486.64Mail to support ::['dinesh.appavoo@utdallas.edu'] :: Failed
1417205642.51Mail to support ::['dinesh.appavoo@utdallas.edu'] :: Failed
1417205748.64Mail to support ::['dinesh.appavoo@utdallas.edu'] :: Failed
1417205878.09Mail to support ::['dinesh.appavoo@utdallas.edu'] :: Failed
1417206018.62Mail to support ::['dinesh.appavoo@utdallas.edu'] :: Failed
1417206132.78Mail to support ::['dinesh.appavoo@utdallas.edu'] :: Failed
1417206296.1Mail to support ::['dinesh.appavoo@utdallas.edu'] :: Failed
1417206407.39Mail to support ::['dinesh.appavoo@utdallas.edu'] :: Failed
1417206548.34Mail to support ::['dinesh.appavoo@utdallas.edu'] :: Failed
1417206697.76Mail to support ::['dinesh.appavoo@utdallas.edu'] :: Failed
1417206820.27Mail to support ::['dinesh.appavoo@utdallas.edu'] :: Failed
1417206921.71Mail to support ::['dinesh.appavoo@utdallas.edu'] :: Failed
1417207054.49Mail to support ::['dinesh.appavoo@utdallas.edu'] :: Failed
1417207182.17Mail to support ::['dinesh.appavoo@utdallas.edu'] :: Failed
1417207297.75Mail to support ::['dinesh.appavoo@utdallas.edu'] :: Failed
1417207436.22Mail to support ::['dinesh.appavoo@utdallas.edu'] :: Failed
1417207554.81Mail to support ::['dinesh.appavoo@utdallas.edu'] :: Failed
1417207682.06Mail to support ::['dinesh.appavoo@utdallas.edu'] :: Failed
1417207784.08Mail to support ::['dinesh.appavoo@utdallas.edu'] :: Failed
1417207895.77Mail to support ::['dinesh.appavoo@utdallas.edu'] :: Failed
1417208024.34Mail to support ::['dinesh.appavoo@utdallas.edu'] :: Failed
1417208145.51Mail to support ::['dinesh.appavoo@utdallas.edu'] :: Failed
1417208261.52Mail to support ::['dinesh.appavoo@utdallas.edu'] :: Failed
1417208375.38Mail to support ::['dinesh.appavoo@utdallas.edu'] :: Failed
1417208484.76Mail to support ::['dinesh.appavoo@utdallas.edu'] :: Failed
1417208591.92Mail to support ::['dinesh.appavoo@utdallas.edu'] :: Failed
1417208733.36Mail to support ::['dinesh.appavoo@utdallas.edu'] :: Failed
1417208830.14Mail to support ::['dinesh.appavoo@utdallas.edu'] :: Failed
1417209019.03Mail to support ::['dinesh.appavoo@utdallas.edu'] :: Failed
1417209280.27Mail to support ::['dinesh.appavoo@utdallas.edu'] :: Failed
1417209416.21Mail to support ::['dinesh.appavoo@utdallas.edu'] :: Failed
1417209543.53Mail to support ::['dinesh.appavoo@utdallas.edu'] :: Failed
1417209663.58Mail to support ::['dinesh.appavoo@utdallas.edu'] :: Failed
1417209787.7Mail to support ::['dinesh.appavoo@utdallas.edu'] :: Failed
1417209927.58Mail to support ::['dinesh.appavoo@utdallas.edu'] :: Failed
1417210071.72Mail to support ::['dinesh.appavoo@utdallas.edu'] :: Failed
1417210171.9Mail to support ::['dinesh.appavoo@utdallas.edu'] :: Failed
1417210297.76Mail to support ::['dinesh.appavoo@utdallas.edu'] :: Failed
1417210406.12Mail to support ::['dinesh.appavoo@utdallas.edu'] :: Failed
1417210549.6Mail to support ::['dinesh.appavoo@utdallas.edu'] :: Failed
1417210664.85Mail to support ::['dinesh.appavoo@utdallas.edu'] :: Failed
1417210822.28Mail to support ::['dinesh.appavoo@utdallas.edu'] :: Failed
1417210919.91Mail to support ::['dinesh.appavoo@utdallas.edu'] :: Failed
1417211072.31Mail to support ::['dinesh.appavoo@utdallas.edu'] :: Failed
1417211189.65Mail to support ::['dinesh.appavoo@utdallas.edu'] :: Failed
1417211337.59Mail to support ::['dinesh.appavoo@utdallas.edu'] :: Failed
1417211477.88Mail to support ::['dinesh.appavoo@utdallas.edu'] :: Failed
1417211587.37Mail to support ::['dinesh.appavoo@utdallas.edu'] :: Failed
1417211722.16Mail to support ::['dinesh.appavoo@utdallas.edu'] :: Failed
1417211875.33Mail to support ::['dinesh.appavoo@utdallas.edu'] :: Failed
1417211996.51Mail to support ::['dinesh.appavoo@utdallas.edu'] :: Failed
1417212104.29Mail to support ::['dinesh.appavoo@utdallas.edu'] :: Failed
1417212251.83Mail to support ::['dinesh.appavoo@utdallas.edu'] :: Failed
1417212376.69Mail to support ::['dinesh.appavoo@utdallas.edu'] :: Failed
1417212510.95Mail to support ::['dinesh.appavoo@utdallas.edu'] :: Failed
1417212621.35Mail to support ::['dinesh.appavoo@utdallas.edu'] :: Failed
1417212720.99Mail to support ::['dinesh.appavoo@utdallas.edu'] :: Failed
1417212822.25Mail to support ::['dinesh.appavoo@utdallas.edu'] :: Failed
1417212932.06Mail to support ::['dinesh.appavoo@utdallas.edu'] :: Failed
1417213087.89Mail to support ::['dinesh.appavoo@utdallas.edu'] :: Failed
1417213192.14Mail to support ::['dinesh.appavoo@utdallas.edu'] :: Failed
1417213293.76Mail to support ::['dinesh.appavoo@utdallas.edu'] :: Failed
1417213403.69Mail to support ::['dinesh.appavoo@utdallas.edu'] :: Failed
1417213542.15Mail to support ::['dinesh.appavoo@utdallas.edu'] :: Failed
1417213639.53Mail to support ::['dinesh.appavoo@utdallas.edu'] :: Failed
1417213769.21Mail to support ::['dinesh.appavoo@utdallas.edu'] :: Failed
1417213926.54Mail to support ::['dinesh.appavoo@utdallas.edu'] :: Failed
1417214036.71Mail to support ::['dinesh.appavoo@utdallas.edu'] :: Failed
1417214166.44Mail to support ::['dinesh.appavoo@utdallas.edu'] :: Failed
1417214307.28Mail to support ::['dinesh.appavoo@utdallas.edu'] :: Failed
1417214451.0Mail to support ::['dinesh.appavoo@utdallas.edu'] :: Failed
1417214708.53Mail to support ::['dinesh.appavoo@utdallas.edu'] :: Failed
1417214900.32Mail to support ::['dinesh.appavoo@utdallas.edu'] :: Failed
1417215022.71Mail to support ::['dinesh.appavoo@utdallas.edu'] :: Failed
1417215139.48Mail to support ::['dinesh.appavoo@utdallas.edu'] :: Failed
1417215289.3Mail to support ::['dinesh.appavoo@utdallas.edu'] :: Failed
1417215406.45Mail to support ::['dinesh.appavoo@utdallas.edu'] :: Failed
1417215533.49Mail to support ::['dinesh.appavoo@utdallas.edu'] :: Failed
1417215680.47Mail to support ::['dinesh.appavoo@utdallas.edu'] :: Failed
1417215815.32Mail to support ::['dinesh.appavoo@utdallas.edu'] :: Failed
1417216105.68Mail to support ::['dinesh.appavoo@utdallas.edu'] :: Failed
1417216295.8Mail to support ::['dinesh.appavoo@utdallas.edu'] :: Failed
1417216521.62Mail to support ::['dinesh.appavoo@utdall1417384175.08Mail to support ::['dinesh.appavoo@utdallas.edu'] :: Failed
1417384254.63Mail to support ::['dinesh.appavoo@utdallas.edu'] :: Failed
1417384291.77Mail to support ::['dinesh.appavoo@utdallas.edu'] :: Failed
1417384293.57Mail to support ::['dinesh.appavoo@utdallas.edu'] :: Failed
1417384294.61Mail to support ::['dinesh.appavoo@utdallas.edu'] :: Failed
1417384295.34Mail to support ::['dinesh.appavoo@utdallas.edu'] :: Failed
1417384296.06Mail to support ::['dinesh.appavoo@utdallas.edu'] :: Failed
1417384296.75Mail to support ::['dinesh.appavoo@utdallas.edu'] :: Failed
1417384497.79Mail to support ::['dinesh.appavoo@utdallas.edu'] :: Failed
1417386502.21Mail to support ::['dinesh.appavoo@utdallas.edu'] :: Failed
1417386618.97Mail to support ::['dinesh.appavoo@utdallas.edu'] :: Failed
1417386736.66Mail to support ::['dinesh.appavoo@utdallas.edu'] :: Failed
1417386841.82Mail to support ::['dinesh.appavoo@utdallas.edu'] :: Failed
1417386939.75Mail to support ::['dinesh.appavoo@utdallas.edu'] :: Failed
1417387045.5Mail to support ::['dinesh.appavoo@utdallas.edu'] :: Failed
1417387136.68Mail to support ::['dinesh.appavoo@utdallas.edu'] :: Failed
1417387248.17Mail to support ::['dinesh.appavoo@utdallas.edu'] :: Failed
1417387354.26Mail to support ::['dinesh.appavoo@utdallas.edu'] :: Failed
1417387462.04Mail to support ::['dinesh.appavoo@utdallas.edu'] :: Failed
1417387549.37Mail to support ::['dinesh.appavoo@utdallas.edu'] :: Failed
1417387637.01Mail to support ::['dinesh.appavoo@utdallas.edu'] :: Failed
1417387739.36Mail to support ::['dinesh.appavoo@utdallas.edu'] :: Failed
1417387839.07Mail to support ::['dinesh.appavoo@utdallas.edu'] :: Failed
1417387951.09Mail to support ::['dinesh.appavoo@utdallas.edu'] :: Failed
1417388040.48Mail to support ::['dinesh.appavoo@utdallas.edu'] :: Failed
1417388143.34Mail to support ::['dinesh.appavoo@utdallas.edu'] :: Failed
1417388248.35Mail to support ::['dinesh.appavoo@utdallas.edu'] :: Failed
1417388360.03Mail to support ::['dinesh.appavoo@utdallas.edu'] :: Failed
1417388454.15Mail to support ::['dinesh.appavoo@utdallas.edu'] :: Failed
1417388562.44Mail to support ::['dinesh.appavoo@utdallas.edu'] :: Failed
1417388669.15Mail to support ::['dinesh.appavoo@utdallas.edu'] :: Failed
1417388764.57Mail to support ::['dinesh.appavoo@utdallas.edu'] :: Failed
1417388871.39Mail to support ::['dinesh.appavoo@utdallas.edu'] :: Failed
1417388971.71Mail to support ::['dinesh.appavoo@utdallas.edu'] :: Failed
1417389080.94Mail to support ::['dinesh.appavoo@utdallas.edu'] :: Failed
1417389173.21Mail to support ::['dinesh.appavoo@utdallas.edu'] :: Failed
1417389285.27Mail to support ::['dinesh.appavoo@utdallas.edu'] :: Failed
1417389377.16Mail to support ::['dinesh.appavoo@utdallas.edu'] :: Failed
1417389482.03Mail to support ::['dinesh.appavoo@utdallas.edu'] :: Failed
1417389575.58Mail to support ::['dinesh.appavoo@utdallas.edu'] :: Failed
1417389677.97Mail to support ::['dinesh.appavoo@utdallas.edu'] :: Failed
1417389779.36Mail to support ::['dinesh.appavoo@utdallas.edu'] :: Failed
1417389873.83Mail to support ::['dinesh.appavoo@utdallas.edu'] :: Failed
1417389982.73Mail to support ::['dinesh.appavoo@utdallas.edu'] :: Failed
1417390076.65Mail to support ::['dinesh.appavoo@utdallas.edu'] :: Failed
1417390187.51Mail to support ::['dinesh.appavoo@utdallas.edu'] :: Failed
1417390287.05Mail to support ::['dinesh.appavoo@utdallas.edu'] :: Failed
1417390401.57Mail to support ::['dinesh.appavoo@utdallas.edu'] :: Failed
1417390495.39Mail to support ::['dinesh.appavoo@utdallas.edu'] :: Failed
1417390590.87Mail to support ::['dinesh.appavoo@utdallas.edu'] :: Failed
1417390693.02Mail to support ::['dinesh.appavoo@utdallas.edu'] :: Failed
1417390785.64Mail to support ::['dinesh.appavoo@utdallas.edu'] :: Failed
1417390890.6Mail to support ::['dinesh.appavoo@utdallas.edu'] :: Failed
1417390983.66Mail to support ::['dinesh.appavoo@utdallas.edu'] :: Failed
1417391092.13Mail to support ::['dinesh.appavoo@utdallas.edu'] :: Failed
1417391198.31Mail to support ::['dinesh.appavoo@utdallas.edu'] :: Failed
1417391309.07Mail to support ::['dinesh.appavoo@utdallas.edu'] :: Failed
1417391407.86Mail to support ::['dinesh.appavoo@utdallas.edu'] :: Failed
1417391519.24Mail to support ::['dinesh.appavoo@utdallas.edu'] :: Failed
1417391614.78Mail to support ::['dinesh.appavoo@utdallas.edu'] :: Failed
1417391708.61Mail to support ::['dinesh.appavoo@utdallas.edu'] :: Failed
