Migrate Guest ::node1 :: VM_Task_1 :: Cannot migrate the guest
Migrate Guest ::node1 :: VM_Task_1 :: Cannot migrate the guest
Migrate Guest ::node1 :: VM_Task_1 :: Cannot migrate the guest
Migrate Guest ::node1 :: VM_Task_10 :: Cannot migrate the guest
Migrate Guest ::node1 :: VM_Task_12 :: Cannot migrate the guest
Migrate Guest ::node1 :: VM_Task_14 :: Cannot migrate the guest
Migrate Guest ::node1 :: VM_Task_11 :: Cannot migrate the guest
Terminate Guest ::node1 :: VM_Task_11 :: Successfully migrated the guest
Terminate Guest ::node1 :: VM_Task_1 :: Successfully migrated the guest
Migrate Guest ::node1 :: VM_Task_1 :: Cannot migrate the guest


Terminate Guest ::node1 :: VM_Task_15 :: Successfully migrated the guest
Terminate Guest ::node2 :: VM_Task_15 :: Successfully migrated the guest
Terminate Guest ::node1 :: VM_Task_15 :: Successfully migrated the guest
Terminate Guest ::node2 :: VM_Task_15 :: Successfully migrated the guest
Terminate Guest ::node1 :: VM_Task_15 :: Successfully migrated the guest
Terminate Guest ::node2 :: VM_Task_15 :: Successfully migrated the guest
Terminate Guest ::node1 :: VM_Task_15 :: Successfully migrated the guest
Terminate Guest ::node2 :: VM_Task_15 :: Successfully migrated the guest
Terminate Guest ::node1 :: VM_Task_15 :: Successfully migrated the guest
2014-12-01 01:22:52.936630::Migrate Guest ::node1 :: VM_Task_100 :: Successfully migrated the guest
2014-12-01 02:31:23.190691::Migrate Guest ::node1 :: VM_Task_100 :: Cannot migrate the guest


2014-12-01 02:32:12.528836::Migrate Guest ::node1 :: VM_Task_100 :: Cannot migrate the guest


2014-12-01 02:33:11.492983::Migrate Guest ::node1 :: VM_Task_100 :: Cannot migrate the guest


2014-12-01 02:36:20.109693::Migrate Guest ::node1 :: VM_Task_100 :: Cannot migrate the guest


2014-12-01 02:37:08.985560::Migrate Guest ::node1 :: VM_Task_100 :: Cannot migrate the guest


2014-12-01 02:38:18.628436::Migrate Guest ::node1 :: VM_Task_100 :: Cannot migrate the guest


2014-12-01 02:41:32.414404::Migrate Guest ::node1 :: VM_Task_100 :: Cannot migrate the guest


2014-12-01 03:21:21.134664::Migrate Guest ::node1 :: VM_Task_100 :: Cannot migrate the guest


2014-12-01 03:22:44.268690::Migrate Guest ::node1 :: VM_Task_11 :: Cannot migrate the guest


2014-12-01 03:22:44.279891::Migrate Guest ::node1 :: VM_Task_100 :: Cannot migrate the guest


2014-12-01 03:22:56.981017::Migrate Guest ::node1 :: VM_Task_100 :: Cannot migrate the guest


2014-12-01 03:23:09.003596::Migrate Guest ::node1 :: VM_Task_100 :: Cannot migrate the guest


2014-12-01 03:23:18.271439::Migrate Guest ::node1 :: VM_Task_11 :: Cannot migrate the guest


2014-12-01 03:23:21.275816::Migrate Guest ::node1 :: VM_Task_100 :: Cannot migrate the guest


2014-12-01 03:23:29.810222::Migrate Guest ::node1 :: VM_Task_11 :: Cannot migrate the guest


2014-12-01 03:23:53.269537::Migrate Guest ::node1 :: VM_Task_11 :: Cannot migrate the guest


2014-12-01 03:24:08.409229::Migrate Guest ::node1 :: VM_Task_12 :: Cannot migrate the guest


2014-12-01 03:24:34.972459::Migrate Guest ::node1 :: VM_Task_11 :: Cannot migrate the guest


2014-12-01 03:24:42.516418::Migrate Guest ::node1 :: VM_Task_12 :: Cannot migrate the guest


2014-12-01 03:24:46.653247::Migrate Guest ::node1 :: VM_Task_11 :: Cannot migrate the guest


2014-12-01 03:24:54.171515::Migrate Guest ::node1 :: VM_Task_12 :: Cannot migrate the guest


2014-12-01 03:24:58.320323::Migrate Guest ::node1 :: VM_Task_11 :: Cannot migrate the guest


2014-12-01 03:25:05.792406::Migrate Guest ::node1 :: VM_Task_12 :: Cannot migrate the guest


2014-12-01 03:25:09.934391::Migrate Guest ::node1 :: VM_Task_11 :: Cannot migrate the guest


2014-12-01 03:25:17.794878::Migrate Guest ::node1 :: VM_Task_12 :: Cannot migrate the guest


2014-12-01 03:25:41.431674::Migrate Guest ::node1 :: VM_Task_100 :: Cannot migrate the guest


2014-12-01 03:25:45.942413::Migrate Guest ::node1 :: VM_Task_13 :: Cannot migrate the guest


2014-12-01 03:25:52.126459::Migrate Guest ::node1 :: VM_Task_11 :: Cannot migrate the guest


2014-12-01 03:25:53.370110::Migrate Guest ::node1 :: VM_Task_100 :: Cannot migrate the guest


2014-12-01 03:26:02.721028::Migrate Guest ::node1 :: VM_Task_12 :: Cannot migrate the guest


2014-12-01 03:26:04.509006::Migrate Guest ::node1 :: VM_Task_11 :: Cannot migrate the guest


2014-12-01 03:26:05.513057::Migrate Guest ::node1 :: VM_Task_100 :: Cannot migrate the guest


2014-12-01 03:26:08.819481::Migrate Guest ::node1 :: VM_Task_13 :: Cannot migrate the guest


2014-12-01 03:26:14.507146::Migrate Guest ::node1 :: VM_Task_12 :: Cannot migrate the guest


2014-12-01 03:26:20.392726::Migrate Guest ::node1 :: VM_Task_13 :: Cannot migrate the guest


2014-12-01 03:26:26.325229::Migrate Guest ::node1 :: VM_Task_12 :: Cannot migrate the guest


2014-12-01 03:26:27.499490::Migrate Guest ::node1 :: VM_Task_11 :: Cannot migrate the guest


2014-12-01 03:26:43.636102::Migrate Guest ::node1 :: VM_Task_13 :: Cannot migrate the guest


2014-12-01 03:26:51.734701::Migrate Guest ::node1 :: VM_Task_11 :: Cannot migrate the guest


2014-12-01 03:26:56.851676::Migrate Guest ::node1 :: VM_Task_100 :: Cannot migrate the guest


2014-12-01 03:26:59.087762::Migrate Guest ::node1 :: VM_Task_13 :: Cannot migrate the guest


2014-12-01 03:27:09.024622::Migrate Guest ::node1 :: VM_Task_100 :: Cannot migrate the guest


2014-12-01 03:27:11.790767::Migrate Guest ::node1 :: VM_Task_12 :: Cannot migrate the guest


2014-12-01 03:27:23.731807::Migrate Guest ::node1 :: VM_Task_12 :: Cannot migrate the guest


2014-12-01 03:27:31.996491::Migrate Guest ::node1 :: VM_Task_100 :: Cannot migrate the guest


2014-12-01 03:27:33.286774::Migrate Guest ::node1 :: VM_Task_13 :: Cannot migrate the guest


2014-12-01 03:27:39.282361::Migrate Guest ::node1 :: VM_Task_14 :: Cannot migrate the guest


2014-12-01 03:27:45.370287::Migrate Guest ::node1 :: VM_Task_13 :: Cannot migrate the guest


2014-12-01 03:27:46.945730::Migrate Guest ::node1 :: VM_Task_12 :: Cannot migrate the guest


2014-12-01 03:27:50.839288::Migrate Guest ::node1 :: VM_Task_14 :: Cannot migrate the guest


2014-12-01 03:27:55.633790::Migrate Guest ::node1 :: VM_Task_100 :: Cannot migrate the guest


2014-12-01 03:27:56.933829::Migrate Guest ::node1 :: VM_Task_13 :: Cannot migrate the guest


2014-12-01 03:28:08.679070::Migrate Guest ::node1 :: VM_Task_13 :: Cannot migrate the guest


2014-12-01 03:28:10.252038::Migrate Guest ::node1 :: VM_Task_12 :: Cannot migrate the guest


2014-12-01 03:28:14.561636::Migrate Guest ::node1 :: VM_Task_14 :: Cannot migrate the guest


2014-12-01 03:28:44.106204::Migrate Guest ::node1 :: VM_Task_13 :: Cannot migrate the guest


2014-12-01 03:28:55.978012::Migrate Guest ::node1 :: VM_Task_13 :: Cannot migrate the guest


2014-12-01 03:29:00.414674::Migrate Guest ::node1 :: VM_Task_14 :: Cannot migrate the guest


2014-12-01 03:29:07.677953::Migrate Guest ::node1 :: VM_Task_13 :: Cannot migrate the guest


2014-12-01 03:29:11.999458::Migrate Guest ::node1 :: VM_Task_14 :: Cannot migrate the guest


2014-12-01 03:29:19.381146::Migrate Guest ::node1 :: VM_Task_13 :: Cannot migrate the guest


2014-12-01 03:29:23.793271::Migrate Guest ::node1 :: VM_Task_14 :: Cannot migrate the guest


2014-12-01 03:29:35.463398::Migrate Guest ::node1 :: VM_Task_14 :: Cannot migrate the guest


2014-12-01 03:29:43.673447::Migrate Guest ::node1 :: VM_Task_13 :: Cannot migrate the guest


2014-12-01 03:30:10.204110::Migrate Guest ::node1 :: VM_Task_14 :: Cannot migrate the guest


2014-12-01 03:30:22.913500::Migrate Guest ::node1 :: VM_Task_14 :: Cannot migrate the guest


2014-12-01 03:30:34.718304::Migrate Guest ::node1 :: VM_Task_14 :: Cannot migrate the guest


2014-12-01 03:30:46.469829::Migrate Guest ::node1 :: VM_Task_14 :: Cannot migrate the guest


2014-12-01 03:31:09.341291::Migrate Guest ::node1 :: VM_Task_14 :: Cannot migrate the guest


2014-12-01 03:35:10.558825::Migrate Guest ::node1 :: VM_Task_100 :: Cannot migrate the guest


2014-12-01 03:36:32.815637::Migrate Guest ::node1 :: VM_Task_100 :: Cannot migrate the guest


2014-12-01 03:36:33.216954::Migrate Guest ::node1 :: VM_Task_11 :: Cannot migrate the guest


2014-12-01 03:36:44.878460::Migrate Guest ::node1 :: VM_Task_100 :: Cannot migrate the guest


2014-12-01 03:37:07.277653::Migrate Guest ::node1 :: VM_Task_11 :: Cannot migrate the guest


2014-12-01 03:37:09.194453::Migrate Guest ::node1 :: VM_Task_100 :: Cannot migrate the guest


2014-12-01 03:37:18.819157::Migrate Guest ::node1 :: VM_Task_11 :: Cannot migrate the guest


2014-12-01 03:37:31.108484::Migrate Guest ::node1 :: VM_Task_11 :: Cannot migrate the guest


2014-12-01 03:37:42.954232::Migrate Guest ::node1 :: VM_Task_11 :: Cannot migrate the guest


2014-12-01 03:37:57.417619::Migrate Guest ::node1 :: VM_Task_12 :: Cannot migrate the guest


2014-12-01 03:38:19.779511::Migrate Guest ::node1 :: VM_Task_11 :: Cannot migrate the guest


2014-12-01 03:38:31.551027::Migrate Guest ::node1 :: VM_Task_12 :: Cannot migrate the guest


2014-12-01 03:38:31.708905::Migrate Guest ::node1 :: VM_Task_11 :: Cannot migrate the guest


2014-12-01 03:38:43.109657::Migrate Guest ::node1 :: VM_Task_12 :: Cannot migrate the guest


2014-12-01 03:38:43.577522::Migrate Guest ::node1 :: VM_Task_11 :: Cannot migrate the guest


2014-12-01 03:38:55.178597::Migrate Guest ::node1 :: VM_Task_12 :: Cannot migrate the guest


2014-12-01 03:38:55.179852::Migrate Guest ::node1 :: VM_Task_11 :: Cannot migrate the guest


2014-12-01 03:39:07.132792::Migrate Guest ::node1 :: VM_Task_12 :: Cannot migrate the guest


2014-12-01 03:39:30.535133::Migrate Guest ::node1 :: VM_Task_100 :: Cannot migrate the guest


2014-12-01 03:39:40.849089::Migrate Guest ::node1 :: VM_Task_11 :: Cannot migrate the guest


2014-12-01 03:39:42.164226::Migrate Guest ::node1 :: VM_Task_100 :: Cannot migrate the guest


2014-12-01 03:39:52.860764::Migrate Guest ::node1 :: VM_Task_11 :: Cannot migrate the guest


2014-12-01 03:39:53.203813::Migrate Guest ::node1 :: VM_Task_12 :: Cannot migrate the guest


2014-12-01 03:39:53.800642::Migrate Guest ::node1 :: VM_Task_100 :: Cannot migrate the guest


2014-12-01 03:40:04.788162::Migrate Guest ::node1 :: VM_Task_12 :: Cannot migrate the guest


2014-12-01 03:40:05.576206::Migrate Guest ::node1 :: VM_Task_100 :: Cannot migrate the guest


2014-12-01 03:40:15.768728::Migrate Guest ::node1 :: VM_Task_11 :: Cannot migrate the guest


2014-12-01 03:40:16.731916::Migrate Guest ::node1 :: VM_Task_12 :: Cannot migrate the guest


2014-12-01 03:40:38.815431::Migrate Guest ::node1 :: VM_Task_11 :: Cannot migrate the guest


2014-12-01 03:40:41.882212::Migrate Guest ::node1 :: VM_Task_100 :: Cannot migrate the guest


2014-12-01 03:40:53.539832::Migrate Guest ::node1 :: VM_Task_100 :: Cannot migrate the guest


2014-12-01 03:41:02.329211::Migrate Guest ::node1 :: VM_Task_12 :: Cannot migrate the guest


2014-12-01 03:41:05.158221::Migrate Guest ::node1 :: VM_Task_100 :: Cannot migrate the guest


2014-12-01 03:41:13.949952::Migrate Guest ::node1 :: VM_Task_12 :: Cannot migrate the guest


2014-12-01 03:41:36.846900::Migrate Guest ::node1 :: VM_Task_12 :: Cannot migrate the guest


2014-12-01 03:41:39.713579::Migrate Guest ::node1 :: VM_Task_100 :: Cannot migrate the guest


2014-12-01 03:42:00.047447::Migrate Guest ::node1 :: VM_Task_12 :: Cannot migrate the guest


2014-12-01 04:00:33.480332::Migrate Guest ::node1 :: VM_Task_100 :: Cannot migrate the guest


2014-12-01 04:01:57.441540::Migrate Guest ::node1 :: VM_Task_11 :: Cannot migrate the guest


2014-12-01 04:01:58.335282::Migrate Guest ::node1 :: VM_Task_100 :: Cannot migrate the guest


2014-12-01 04:02:15.671543::Migrate Guest ::node1 :: VM_Task_100 :: Successfully migrated the guest
2014-12-01 04:02:31.078965::Migrate Guest ::node3 :: VM_Task_100 :: Successfully migrated the guest
2014-12-01 04:02:31.444444::Migrate Guest ::node1 :: VM_Task_11 :: Cannot migrate the guest


2014-12-01 04:02:42.997124::Migrate Guest ::node1 :: VM_Task_11 :: Cannot migrate the guest


2014-12-01 04:02:43.345739::Migrate Guest ::node1 :: VM_Task_100 :: Cannot migrate the guest


2014-12-01 04:03:06.392590::Migrate Guest ::node1 :: VM_Task_11 :: Cannot migrate the guest


2014-12-01 04:03:46.386429::Migrate Guest ::node1 :: VM_Task_11 :: Cannot migrate the guest


2014-12-01 04:03:58.080203::Migrate Guest ::node1 :: VM_Task_11 :: Cannot migrate the guest


2014-12-01 04:04:09.667993::Migrate Guest ::node1 :: VM_Task_11 :: Cannot migrate the guest


2014-12-01 04:04:21.230599::Migrate Guest ::node1 :: VM_Task_11 :: Cannot migrate the guest


2014-12-01 04:04:48.532482::Migrate Guest ::node1 :: VM_Task_13 :: Cannot migrate the guest


2014-12-01 04:05:05.068843::Migrate Guest ::node1 :: VM_Task_100 :: Cannot migrate the guest


2014-12-01 04:05:06.103279::Migrate Guest ::node1 :: VM_Task_11 :: Cannot migrate the guest


2014-12-01 04:05:16.759667::Migrate Guest ::node1 :: VM_Task_100 :: Cannot migrate the guest


2014-12-01 04:05:18.269467::Migrate Guest ::node1 :: VM_Task_11 :: Cannot migrate the guest


2014-12-01 04:05:22.668557::Migrate Guest ::node1 :: VM_Task_13 :: Cannot migrate the guest


2014-12-01 04:05:28.881046::Migrate Guest ::node1 :: VM_Task_100 :: Cannot migrate the guest


2014-12-01 04:05:34.220155::Migrate Guest ::node1 :: VM_Task_13 :: Cannot migrate the guest


2014-12-01 04:05:41.367841::Migrate Guest ::node1 :: VM_Task_11 :: Cannot migrate the guest


2014-12-01 04:05:46.186730::Migrate Guest ::node1 :: VM_Task_13 :: Cannot migrate the guest


2014-12-01 04:05:58.449488::Migrate Guest ::node1 :: VM_Task_13 :: Cannot migrate the guest


2014-12-01 04:06:16.427728::Migrate Guest ::node1 :: VM_Task_100 :: Cannot migrate the guest


2014-12-01 04:06:28.547199::Migrate Guest ::node1 :: VM_Task_100 :: Cannot migrate the guest


2014-12-01 04:06:44.823865::Migrate Guest ::node1 :: VM_Task_13 :: Cannot migrate the guest


2014-12-01 04:06:52.553318::Migrate Guest ::node1 :: VM_Task_100 :: Cannot migrate the guest


2014-12-01 04:06:56.663147::Migrate Guest ::node1 :: VM_Task_13 :: Cannot migrate the guest


2014-12-01 04:07:08.246736::Migrate Guest ::node1 :: VM_Task_13 :: Cannot migrate the guest


2014-12-01 04:07:54.118743::Migrate Guest ::node1 :: VM_Task_13 :: Cannot migrate the guest


2014-12-01 04:08:05.949543::Migrate Guest ::node1 :: VM_Task_13 :: Cannot migrate the guest


2014-12-01 04:08:29.768512::Migrate Guest ::node1 :: VM_Task_13 :: Cannot migrate the guest


2014-12-01 04:08:52.941862::Migrate Guest ::node1 :: VM_Task_13 :: Cannot migrate the guest


2014-12-01 04:11:42.496056::Migrate Guest ::node1 :: VM_Task_12 :: Cannot migrate the guest


2014-12-01 04:12:16.892794::Migrate Guest ::node1 :: VM_Task_12 :: Cannot migrate the guest


2014-12-01 04:12:28.586784::Migrate Guest ::node1 :: VM_Task_12 :: Cannot migrate the guest


2014-12-01 04:12:44.270513::Migrate Guest ::node1 :: VM_Task_12 :: Successfully migrated the guest
2014-12-01 04:12:59.418323::Migrate Guest ::node3 :: VM_Task_12 :: Successfully migrated the guest
2014-12-01 04:13:45.048099::Migrate Guest ::node1 :: VM_Task_12 :: Cannot migrate the guest


2014-12-01 04:13:57.127075::Migrate Guest ::node1 :: VM_Task_12 :: Cannot migrate the guest


2014-12-01 04:14:09.325815::Migrate Guest ::node1 :: VM_Task_12 :: Cannot migrate the guest


2014-12-01 04:14:54.970215::Migrate Guest ::node1 :: VM_Task_12 :: Cannot migrate the guest


2014-12-01 04:15:07.221176::Migrate Guest ::node1 :: VM_Task_12 :: Cannot migrate the guest


2014-12-01 04:15:30.954144::Migrate Guest ::node1 :: VM_Task_12 :: Cannot migrate the guest


2014-12-01 04:19:17.148640::Migrate Guest ::node1 :: VM_Task_100 :: Cannot migrate the guest


2014-12-01 04:20:44.082222::Migrate Guest ::node1 :: VM_Task_11 :: Cannot migrate the guest


2014-12-01 04:20:44.475396::Migrate Guest ::node1 :: VM_Task_100 :: Cannot migrate the guest


2014-12-01 04:20:56.475410::Migrate Guest ::node1 :: VM_Task_100 :: Cannot migrate the guest


2014-12-01 04:21:08.627686::Migrate Guest ::node1 :: VM_Task_100 :: Cannot migrate the guest


2014-12-01 04:21:18.095734::Migrate Guest ::node1 :: VM_Task_11 :: Cannot migrate the guest


2014-12-01 04:21:20.928958::Migrate Guest ::node1 :: VM_Task_100 :: Cannot migrate the guest


2014-12-01 04:21:29.649477::Migrate Guest ::node1 :: VM_Task_11 :: Cannot migrate the guest


2014-12-01 04:21:45.582861::Migrate Guest ::node1 :: VM_Task_11 :: Successfully migrated the guest
2014-12-01 04:22:05.303940::Migrate Guest ::node3 :: VM_Task_11 :: Successfully migrated the guest
2014-12-01 04:22:08.930150::Migrate Guest ::node1 :: VM_Task_12 :: Cannot migrate the guest


2014-12-01 04:22:41.146443::Migrate Guest ::node1 :: VM_Task_11 :: Cannot migrate the guest


2014-12-01 04:22:43.045809::Migrate Guest ::node1 :: VM_Task_12 :: Cannot migrate the guest


2014-12-01 04:22:52.904606::Migrate Guest ::node1 :: VM_Task_11 :: Cannot migrate the guest


2014-12-01 04:22:54.592201::Migrate Guest ::node1 :: VM_Task_12 :: Cannot migrate the guest


2014-12-01 04:23:04.477443::Migrate Guest ::node1 :: VM_Task_11 :: Cannot migrate the guest


2014-12-01 04:23:08.444722::Migrate Guest ::node1 :: VM_Task_12 :: Cannot migrate the guest


2014-12-01 04:23:22.030349::Migrate Guest ::node1 :: VM_Task_12 :: Cannot migrate the guest


2014-12-01 04:23:32.757336::Migrate Guest ::node1 :: VM_Task_13 :: Cannot migrate the guest


2014-12-01 04:23:55.453356::Migrate Guest ::node1 :: VM_Task_100 :: Successfully migrated the guest
2014-12-01 04:23:55.572643::Migrate Guest ::node1 :: VM_Task_11 :: Successfully migrated the guest
2014-12-01 04:24:05.058773::Migrate Guest ::node1 :: VM_Task_12 :: Cannot migrate the guest


2014-12-01 04:24:06.882693::Migrate Guest ::node1 :: VM_Task_13 :: Cannot migrate the guest


2014-12-01 04:24:13.236727::Migrate Guest ::node3 :: VM_Task_11 :: Successfully migrated the guest
2014-12-01 04:24:14.424975::Migrate Guest ::node3 :: VM_Task_100 :: Successfully migrated the guest
2014-12-01 04:24:16.631002::Migrate Guest ::node1 :: VM_Task_12 :: Cannot migrate the guest


2014-12-01 04:24:18.556920::Migrate Guest ::node1 :: VM_Task_13 :: Cannot migrate the guest


2014-12-01 04:24:26.581507::Migrate Guest ::node1 :: VM_Task_100 :: Cannot migrate the guest


2014-12-01 04:24:28.372200::Migrate Guest ::node1 :: VM_Task_12 :: Cannot migrate the guest


2014-12-01 04:24:30.148115::Migrate Guest ::node1 :: VM_Task_13 :: Cannot migrate the guest


2014-12-01 04:24:36.102540::Migrate Guest ::node1 :: VM_Task_11 :: Cannot migrate the guest


2014-12-01 04:24:42.290432::Migrate Guest ::node1 :: VM_Task_13 :: Cannot migrate the guest


2014-12-01 04:25:02.361593::Migrate Guest ::node1 :: VM_Task_14 :: Cannot migrate the guest


2014-12-01 04:25:07.834761::Migrate Guest ::node1 :: VM_Task_11 :: Cannot migrate the guest


2014-12-01 04:25:14.938549::Migrate Guest ::node1 :: VM_Task_100 :: Cannot migrate the guest


2014-12-01 04:25:19.552848::Migrate Guest ::node1 :: VM_Task_12 :: Cannot migrate the guest


2014-12-01 04:25:20.470388::Migrate Guest ::node1 :: VM_Task_13 :: Cannot migrate the guest


2014-12-01 04:25:26.508296::Migrate Guest ::node1 :: VM_Task_100 :: Cannot migrate the guest


2014-12-01 04:25:32.283675::Migrate Guest ::node1 :: VM_Task_12 :: Cannot migrate the guest


2014-12-01 04:25:32.284510::Migrate Guest ::node1 :: VM_Task_13 :: Cannot migrate the guest


2014-12-01 04:25:36.458580::Migrate Guest ::node1 :: VM_Task_14 :: Cannot migrate the guest


2014-12-01 04:25:38.227556::Migrate Guest ::node1 :: VM_Task_100 :: Cannot migrate the guest


2014-12-01 04:25:43.877219::Migrate Guest ::node1 :: VM_Task_13 :: Cannot migrate the guest


2014-12-01 04:25:48.201442::Migrate Guest ::node1 :: VM_Task_14 :: Cannot migrate the guest


2014-12-01 04:25:55.326671::Migrate Guest ::node1 :: VM_Task_12 :: Cannot migrate the guest


2014-12-01 04:25:55.635541::Migrate Guest ::node1 :: VM_Task_13 :: Cannot migrate the guest


2014-12-01 04:25:59.819806::Migrate Guest ::node1 :: VM_Task_14 :: Cannot migrate the guest


2014-12-01 04:26:01.763390::Migrate Guest ::node1 :: VM_Task_100 :: Cannot migrate the guest


2014-12-01 04:26:07.606890::Migrate Guest ::node1 :: VM_Task_12 :: Cannot migrate the guest


2014-12-01 04:26:11.964192::Migrate Guest ::node1 :: VM_Task_14 :: Cannot migrate the guest


2014-12-01 04:26:48.612538::Migrate Guest ::node1 :: VM_Task_13 :: Cannot migrate the guest


2014-12-01 04:27:02.542590::Migrate Guest ::node1 :: VM_Task_14 :: Cannot migrate the guest


2014-12-01 04:27:09.353502::Migrate Guest ::node1 :: VM_Task_15 :: Cannot migrate the guest


2014-12-01 04:27:12.056180::Migrate Guest ::node1 :: VM_Task_13 :: Cannot migrate the guest


2014-12-01 04:27:14.246526::Migrate Guest ::node1 :: VM_Task_14 :: Cannot migrate the guest


2014-12-01 04:27:20.971767::Migrate Guest ::node1 :: VM_Task_15 :: Cannot migrate the guest


2014-12-01 04:27:25.981440::Migrate Guest ::node1 :: VM_Task_14 :: Cannot migrate the guest


2014-12-01 04:27:35.254715::Migrate Guest ::node1 :: VM_Task_13 :: Cannot migrate the guest


2014-12-01 04:27:44.556990::Migrate Guest ::node1 :: VM_Task_15 :: Cannot migrate the guest


2014-12-01 04:28:00.746035::Migrate Guest ::node1 :: VM_Task_14 :: Cannot migrate the guest


2014-12-01 04:28:21.687405::Migrate Guest ::node1 :: VM_Task_14 :: Cannot migrate the guest


2014-12-01 04:28:39.028653::Migrate Guest ::node1 :: VM_Task_15 :: Cannot migrate the guest


2014-12-01 04:28:45.469651::Migrate Guest ::node1 :: VM_Task_14 :: Cannot migrate the guest


2014-12-01 04:28:49.914890::Migrate Guest ::node1 :: VM_Task_16 :: Cannot migrate the guest


2014-12-01 04:28:51.052863::Migrate Guest ::node1 :: VM_Task_15 :: Cannot migrate the guest


2014-12-01 04:29:03.162967::Migrate Guest ::node1 :: VM_Task_15 :: Cannot migrate the guest


2014-12-01 04:29:08.958033::Migrate Guest ::node1 :: VM_Task_14 :: Cannot migrate the guest


2014-12-01 04:29:24.107405::Migrate Guest ::node1 :: VM_Task_16 :: Cannot migrate the guest


2014-12-01 04:29:38.224215::Migrate Guest ::node1 :: VM_Task_15 :: Cannot migrate the guest


2014-12-01 04:29:50.635748::Migrate Guest ::node1 :: VM_Task_15 :: Cannot migrate the guest


2014-12-01 04:29:54.123906::Migrate Guest ::node1 :: VM_Task_16 :: Cannot migrate the guest


2014-12-01 04:30:07.907027::Migrate Guest ::node1 :: VM_Task_17 :: Cannot migrate the guest


2014-12-01 04:30:16.523448::Migrate Guest ::node1 :: VM_Task_15 :: Cannot migrate the guest


2014-12-01 04:30:42.345071::Migrate Guest ::node1 :: VM_Task_17 :: Cannot migrate the guest


2014-12-01 04:30:47.277729::Migrate Guest ::node1 :: VM_Task_16 :: Cannot migrate the guest


2014-12-01 04:30:59.188691::Migrate Guest ::node1 :: VM_Task_16 :: Cannot migrate the guest


2014-12-01 04:31:00.327019::Migrate Guest ::node1 :: VM_Task_15 :: Cannot migrate the guest


2014-12-01 04:31:05.389110::Migrate Guest ::node1 :: VM_Task_17 :: Cannot migrate the guest


2014-12-01 04:31:19.203009::Migrate Guest ::node1 :: VM_Task_17 :: Cannot migrate the guest


2014-12-01 04:31:32.354650::Migrate Guest ::node1 :: VM_Task_16 :: Cannot migrate the guest


2014-12-01 04:32:01.584427::Migrate Guest ::node1 :: VM_Task_16 :: Cannot migrate the guest


2014-12-01 04:32:08.737497::Migrate Guest ::node1 :: VM_Task_17 :: Cannot migrate the guest


2014-12-01 04:32:13.329770::Migrate Guest ::node1 :: VM_Task_16 :: Cannot migrate the guest


2014-12-01 04:32:33.294189::Migrate Guest ::node1 :: VM_Task_17 :: Cannot migrate the guest


2014-12-01 04:32:52.809492::Migrate Guest ::node1 :: VM_Task_16 :: Cannot migrate the guest


2014-12-01 04:33:14.265403::Migrate Guest ::node1 :: VM_Task_17 :: Cannot migrate the guest


2014-12-01 04:33:25.958057::Migrate Guest ::node1 :: VM_Task_17 :: Cannot migrate the guest


2014-12-01 04:33:49.866790::Migrate Guest ::node1 :: VM_Task_17 :: Cannot migrate the guest


2014-12-01 15:41:20.905144::Migrate Guest ::node1 :: VM_Task_100 :: Cannot migrate the guest


2014-12-01 15:42:40.679870::Migrate Guest ::node1 :: VM_Task_11 :: Cannot migrate the guest


2014-12-01 15:42:52.938497::Migrate Guest ::node1 :: VM_Task_100 :: Cannot migrate the guest


2014-12-01 15:43:14.703310::Migrate Guest ::node1 :: VM_Task_11 :: Cannot migrate the guest


2014-12-01 15:43:16.897374::Migrate Guest ::node1 :: VM_Task_100 :: Cannot migrate the guest


2014-12-01 15:43:26.238897::Migrate Guest ::node1 :: VM_Task_11 :: Cannot migrate the guest


2014-12-01 15:43:38.405906::Migrate Guest ::node1 :: VM_Task_11 :: Cannot migrate the guest


2014-12-01 15:43:50.449896::Migrate Guest ::node1 :: VM_Task_11 :: Cannot migrate the guest


2014-12-01 15:44:04.811513::Migrate Guest ::node1 :: VM_Task_12 :: Cannot migrate the guest


2014-12-01 15:44:34.416846::Migrate Guest ::node1 :: VM_Task_11 :: Cannot migrate the guest


2014-12-01 15:44:38.824940::Migrate Guest ::node1 :: VM_Task_12 :: Cannot migrate the guest


2014-12-01 15:44:46.131412::Migrate Guest ::node1 :: VM_Task_11 :: Cannot migrate the guest


2014-12-01 15:44:50.388075::Migrate Guest ::node1 :: VM_Task_12 :: Cannot migrate the guest


2014-12-01 15:44:57.787097::Migrate Guest ::node1 :: VM_Task_11 :: Cannot migrate the guest


2014-12-01 15:45:02.080891::Migrate Guest ::node1 :: VM_Task_12 :: Cannot migrate the guest


2014-12-01 15:45:13.930520::Migrate Guest ::node1 :: VM_Task_12 :: Cannot migrate the guest


2014-12-01 15:45:32.201210::Migrate Guest ::node1 :: VM_Task_13 :: Cannot migrate the guest


2014-12-01 15:45:48.407973::Migrate Guest ::node1 :: VM_Task_100 :: Cannot migrate the guest


2014-12-01 15:45:49.389029::Migrate Guest ::node1 :: VM_Task_11 :: Cannot migrate the guest


2014-12-01 15:46:00.127687::Migrate Guest ::node1 :: VM_Task_100 :: Cannot migrate the guest


2014-12-01 15:46:01.275880::Migrate Guest ::node1 :: VM_Task_11 :: Cannot migrate the guest


2014-12-01 15:46:01.626776::Migrate Guest ::node1 :: VM_Task_12 :: Cannot migrate the guest


2014-12-01 15:46:06.311665::Migrate Guest ::node1 :: VM_Task_13 :: Cannot migrate the guest


2014-12-01 15:46:11.847628::Migrate Guest ::node1 :: VM_Task_100 :: Cannot migrate the guest


2014-12-01 15:46:13.293667::Migrate Guest ::node1 :: VM_Task_12 :: Cannot migrate the guest


2014-12-01 15:46:18.051693::Migrate Guest ::node1 :: VM_Task_13 :: Cannot migrate the guest


2014-12-01 15:46:24.403565::Migrate Guest ::node1 :: VM_Task_11 :: Cannot migrate the guest


2014-12-01 15:46:25.278294::Migrate Guest ::node1 :: VM_Task_12 :: Cannot migrate the guest


2014-12-01 15:46:30.299497::Migrate Guest ::node1 :: VM_Task_13 :: Cannot migrate the guest


2014-12-01 15:46:42.696915::Migrate Guest ::node1 :: VM_Task_13 :: Cannot migrate the guest


2014-12-01 15:46:47.371909::Migrate Guest ::node1 :: VM_Task_11 :: Cannot migrate the guest


2014-12-01 15:46:48.006024::Migrate Guest ::node1 :: VM_Task_100 :: Cannot migrate the guest


2014-12-01 15:47:03.713436::Migrate Guest ::node1 :: VM_Task_14 :: Cannot migrate the guest


2014-12-01 15:47:11.961768::Migrate Guest ::node1 :: VM_Task_100 :: Cannot migrate the guest


2014-12-01 15:47:12.751561::Migrate Guest ::node1 :: VM_Task_12 :: Cannot migrate the guest


2014-12-01 15:47:30.951180::Migrate Guest ::node1 :: VM_Task_12 :: Successfully migrated the guest
2014-12-01 15:47:33.161263::Migrate Guest ::node1 :: VM_Task_13 :: Successfully migrated the guest
2014-12-01 15:47:36.126444::Migrate Guest ::node1 :: VM_Task_100 :: Cannot migrate the guest


2014-12-01 15:47:37.933699::Migrate Guest ::node1 :: VM_Task_14 :: Cannot migrate the guest


2014-12-01 15:47:49.398026::Migrate Guest ::node3 :: VM_Task_13 :: Successfully migrated the guest
2014-12-01 15:47:49.474137::Migrate Guest ::node1 :: VM_Task_14 :: Cannot migrate the guest


2014-12-01 15:47:58.073440::Migrate Guest ::node3 :: VM_Task_12 :: Successfully migrated the guest
2014-12-01 15:48:01.027771::Migrate Guest ::node1 :: VM_Task_13 :: Cannot migrate the guest


2014-12-01 15:48:10.148172::Migrate Guest ::node1 :: VM_Task_12 :: Cannot migrate the guest


2014-12-01 15:48:14.573446::Migrate Guest ::node1 :: VM_Task_14 :: Cannot migrate the guest


2014-12-01 15:48:38.298546::Migrate Guest ::node1 :: VM_Task_15 :: Cannot migrate the guest


2014-12-01 15:48:49.891810::Migrate Guest ::node1 :: VM_Task_13 :: Cannot migrate the guest


2014-12-01 15:49:01.672726::Migrate Guest ::node1 :: VM_Task_13 :: Cannot migrate the guest


2014-12-01 15:49:04.142062::Migrate Guest ::node1 :: VM_Task_14 :: Cannot migrate the guest


2014-12-01 15:49:12.502241::Migrate Guest ::node1 :: VM_Task_15 :: Cannot migrate the guest


2014-12-01 15:49:15.843901::Migrate Guest ::node1 :: VM_Task_14 :: Cannot migrate the guest


2014-12-01 15:49:24.128394::Migrate Guest ::node1 :: VM_Task_15 :: Cannot migrate the guest


2014-12-01 15:49:24.679802::Migrate Guest ::node1 :: VM_Task_13 :: Cannot migrate the guest


2014-12-01 15:49:27.447314::Migrate Guest ::node1 :: VM_Task_14 :: Cannot migrate the guest


2014-12-01 15:49:36.950244::Migrate Guest ::node1 :: VM_Task_13 :: Cannot migrate the guest


2014-12-01 15:49:45.413274::Migrate Guest ::node1 :: VM_Task_15 :: Successfully migrated the guest
2014-12-01 15:50:19.615490::Migrate Guest ::node1 :: VM_Task_16 :: Cannot migrate the guest


2014-12-01 15:50:37.606395::Migrate Guest ::node1 :: VM_Task_14 :: Cannot migrate the guest


2014-12-01 15:50:49.893369::Migrate Guest ::node3 :: VM_Task_15 :: Successfully migrated the guest
2014-12-01 15:50:53.918325::Migrate Guest ::node1 :: VM_Task_16 :: Cannot migrate the guest


2014-12-01 15:51:01.616599::Migrate Guest ::node1 :: VM_Task_15 :: Cannot migrate the guest


2014-12-01 15:51:13.359547::Migrate Guest ::node1 :: VM_Task_14 :: Cannot migrate the guest


2014-12-01 15:51:18.248146::Migrate Guest ::node1 :: VM_Task_16 :: Cannot migrate the guest


2014-12-01 15:51:30.463026::Migrate Guest ::node1 :: VM_Task_16 :: Cannot migrate the guest


2014-12-01 15:51:48.263453::Migrate Guest ::node1 :: VM_Task_15 :: Cannot migrate the guest


2014-12-01 15:52:13.216194::Migrate Guest ::node1 :: VM_Task_17 :: Cannot migrate the guest


2014-12-01 15:52:27.544619::Migrate Guest ::node1 :: VM_Task_15 :: Cannot migrate the guest


2014-12-01 15:52:42.633423::Migrate Guest ::node1 :: VM_Task_17 :: Successfully migrated the guest
2014-12-01 15:52:43.155866::Migrate Guest ::node1 :: VM_Task_16 :: Cannot migrate the guest


2014-12-01 15:52:51.141383::Migrate Guest ::node1 :: VM_Task_15 :: Cannot migrate the guest


2014-12-01 15:52:58.932796::Migrate Guest ::node3 :: VM_Task_17 :: Successfully migrated the guest
2014-12-01 15:53:11.547725::Migrate Guest ::node1 :: VM_Task_17 :: Cannot migrate the guest


2014-12-01 15:53:17.643119::Migrate Guest ::node1 :: VM_Task_16 :: Cannot migrate the guest


2014-12-01 15:53:23.422063::Migrate Guest ::node1 :: VM_Task_17 :: Cannot migrate the guest


2014-12-01 15:53:29.317337::Migrate Guest ::node1 :: VM_Task_16 :: Cannot migrate the guest


2014-12-01 15:53:43.626777::Migrate Guest ::node1 :: VM_Task_16 :: Cannot migrate the guest


2014-12-01 15:53:56.118018::Migrate Guest ::node1 :: VM_Task_18 :: Cannot migrate the guest


2014-12-01 15:54:21.620112::Migrate Guest ::node1 :: VM_Task_17 :: Successfully migrated the guest
2014-12-01 15:54:30.287022::Migrate Guest ::node1 :: VM_Task_18 :: Cannot migrate the guest


2014-12-01 15:54:37.546182::Migrate Guest ::node3 :: VM_Task_17 :: Successfully migrated the guest
2014-12-01 15:54:42.080444::Migrate Guest ::node1 :: VM_Task_18 :: Cannot migrate the guest


2014-12-01 15:54:55.687632::Migrate Guest ::node1 :: VM_Task_18 :: Cannot migrate the guest


2014-12-01 15:55:07.541278::Migrate Guest ::node1 :: VM_Task_18 :: Cannot migrate the guest


2014-12-01 15:55:24.523974::Migrate Guest ::node1 :: VM_Task_17 :: Cannot migrate the guest


2014-12-01 15:55:44.568351::Migrate Guest ::node1 :: VM_Task_17 :: Cannot migrate the guest


2014-12-01 15:55:44.777772::Migrate Guest ::node1 :: VM_Task_18 :: Cannot migrate the guest


2014-12-01 15:55:56.308471::Migrate Guest ::node1 :: VM_Task_17 :: Cannot migrate the guest


2014-12-01 15:55:56.985468::Migrate Guest ::node1 :: VM_Task_18 :: Cannot migrate the guest


2014-12-01 15:55:58.190698::Migrate Guest ::node1 :: VM_Task_19 :: Cannot migrate the guest


2014-12-01 15:56:09.150668::Migrate Guest ::node1 :: VM_Task_18 :: Cannot migrate the guest


2014-12-01 15:56:19.743099::Migrate Guest ::node1 :: VM_Task_17 :: Cannot migrate the guest


2014-12-01 15:56:20.942408::Migrate Guest ::node1 :: VM_Task_18 :: Cannot migrate the guest


2014-12-01 15:56:32.371925::Migrate Guest ::node1 :: VM_Task_19 :: Cannot migrate the guest


2014-12-01 15:56:55.735024::Migrate Guest ::node1 :: VM_Task_19 :: Cannot migrate the guest


2014-12-01 15:56:56.711903::Migrate Guest ::node1 :: VM_Task_18 :: Cannot migrate the guest


2014-12-01 15:57:08.165804::Migrate Guest ::node1 :: VM_Task_19 :: Cannot migrate the guest


2014-12-01 15:57:09.014395::Migrate Guest ::node1 :: VM_Task_18 :: Cannot migrate the guest


2014-12-01 15:57:21.426287::Migrate Guest ::node1 :: VM_Task_18 :: Cannot migrate the guest


2014-12-01 15:57:43.075677::Migrate Guest ::node1 :: VM_Task_19 :: Cannot migrate the guest


2014-12-01 15:57:55.420430::Migrate Guest ::node1 :: VM_Task_19 :: Cannot migrate the guest


2014-12-01 15:57:56.585007::Migrate Guest ::node1 :: VM_Task_18 :: Cannot migrate the guest


2014-12-01 15:58:07.671006::Migrate Guest ::node1 :: VM_Task_19 :: Cannot migrate the guest


2014-12-01 15:58:19.341059::Migrate Guest ::node1 :: VM_Task_19 :: Cannot migrate the guest


2014-12-01 15:58:55.503451::Migrate Guest ::node1 :: VM_Task_19 :: Cannot migrate the guest


2014-12-01 15:59:07.541206::Migrate Guest ::node1 :: VM_Task_19 :: Cannot migrate the guest


2014-12-01 15:59:19.453695::Migrate Guest ::node1 :: VM_Task_19 :: Cannot migrate the guest


2014-12-01 15:59:54.850023::Migrate Guest ::node1 :: VM_Task_19 :: Cannot migrate the guest


2014-12-01 17:33:26.018088::Migrate Guest ::node1 :: VM_Task_100 :: Cannot migrate the guest
2014-12-01 17:35:02.862543::Migrate Guest ::node1 :: VM_Task_14 :: Cannot migrate the guest
Guest instance has no attribute 'current_io'
2014-12-01 17:42:44.996801::Migrate Guest ::node1 :: VM_Task_16 :: Cannot migrate the guest
Guest instance has no attribute 'current_io'
2014-12-01 17:48:11.970874::Migrate Guest ::node1 :: VM_Task_100 :: Cannot migrate the guest
Command 'ssh -q -o StrictHostKeyChecking=no root@node1 "virsh migrate VM_Task_100 qemu+ssh://node1/system"' returned non-zero exit status 1
2014-12-01 17:49:33.660721::Migrate Guest ::node1 :: VM_Task_11 :: Cannot migrate the guest
Command 'ssh -q -o StrictHostKeyChecking=no root@node1 "virsh migrate VM_Task_11 qemu+ssh://node1/system"' returned non-zero exit status 1
2014-12-01 17:49:35.540080::Migrate Guest ::node1 :: VM_Task_100 :: Cannot migrate the guest
Command 'ssh -q -o StrictHostKeyChecking=no root@node1 "virsh migrate VM_Task_100 qemu+ssh://node1/system"' returned non-zero exit status 1
2014-12-01 17:49:49.002135::Migrate Guest ::node1 :: VM_Task_100 :: Cannot migrate the guest
Command 'ssh -q -o StrictHostKeyChecking=no root@node1 "virsh migrate VM_Task_100 qemu+ssh://node1/system"' returned non-zero exit status 1
2014-12-01 17:50:01.278768::Migrate Guest ::node1 :: VM_Task_100 :: Cannot migrate the guest
Command 'ssh -q -o StrictHostKeyChecking=no root@node1 "virsh migrate VM_Task_100 qemu+ssh://node1/system"' returned non-zero exit status 1
2014-12-01 17:50:07.684192::Migrate Guest ::node1 :: VM_Task_11 :: Cannot migrate the guest
Command 'ssh -q -o StrictHostKeyChecking=no root@node1 "virsh migrate VM_Task_11 qemu+ssh://node1/system"' returned non-zero exit status 1
2014-12-01 17:50:13.557958::Migrate Guest ::node1 :: VM_Task_100 :: Cannot migrate the guest
Command 'ssh -q -o StrictHostKeyChecking=no root@node1 "virsh migrate VM_Task_100 qemu+ssh://node1/system"' returned non-zero exit status 1
2014-12-01 17:50:19.239148::Migrate Guest ::node1 :: VM_Task_11 :: Cannot migrate the guest
Command 'ssh -q -o StrictHostKeyChecking=no root@node1 "virsh migrate VM_Task_11 qemu+ssh://node1/system"' returned non-zero exit status 1
2014-12-01 17:50:30.832271::Migrate Guest ::node1 :: VM_Task_11 :: Cannot migrate the guest
Command 'ssh -q -o StrictHostKeyChecking=no root@node1 "virsh migrate VM_Task_11 qemu+ssh://node1/system"' returned non-zero exit status 1
2014-12-01 17:50:47.410637::Migrate Guest ::node1 :: VM_Task_11 :: Cannot migrate the guest
Command 'ssh -q -o StrictHostKeyChecking=no root@node1 "virsh migrate VM_Task_11 qemu+ssh://node1/system"' returned non-zero exit status 1
2014-12-01 17:50:52.949412::Migrate Guest ::node1 :: VM_Task_12 :: Cannot migrate the guest
Command 'ssh -q -o StrictHostKeyChecking=no root@node1 "virsh migrate VM_Task_12 qemu+ssh://node1/system"' returned non-zero exit status 1
2014-12-01 17:51:21.953439::Migrate Guest ::node1 :: VM_Task_11 :: Cannot migrate the guest
Command 'ssh -q -o StrictHostKeyChecking=no root@node1 "virsh migrate VM_Task_11 qemu+ssh://node1/system"' returned non-zero exit status 1
2014-12-01 17:51:26.986271::Migrate Guest ::node1 :: VM_Task_12 :: Cannot migrate the guest
Command 'ssh -q -o StrictHostKeyChecking=no root@node1 "virsh migrate VM_Task_12 qemu+ssh://node1/system"' returned non-zero exit status 1
2014-12-01 17:51:34.281178::Migrate Guest ::node1 :: VM_Task_11 :: Cannot migrate the guest
Command 'ssh -q -o StrictHostKeyChecking=no root@node1 "virsh migrate VM_Task_11 qemu+ssh://node1/system"' returned non-zero exit status 1
2014-12-01 17:51:38.577047::Migrate Guest ::node1 :: VM_Task_12 :: Cannot migrate the guest
Command 'ssh -q -o StrictHostKeyChecking=no root@node1 "virsh migrate VM_Task_12 qemu+ssh://node1/system"' returned non-zero exit status 1
2014-12-01 17:51:45.915109::Migrate Guest ::node1 :: VM_Task_11 :: Cannot migrate the guest
Command 'ssh -q -o StrictHostKeyChecking=no root@node1 "virsh migrate VM_Task_11 qemu+ssh://node1/system"' returned non-zero exit status 1
2014-12-01 17:51:50.680407::Migrate Guest ::node1 :: VM_Task_12 :: Cannot migrate the guest
Command 'ssh -q -o StrictHostKeyChecking=no root@node1 "virsh migrate VM_Task_12 qemu+ssh://node1/system"' returned non-zero exit status 1
2014-12-01 17:51:57.558742::Migrate Guest ::node1 :: VM_Task_11 :: Cannot migrate the guest
Command 'ssh -q -o StrictHostKeyChecking=no root@node1 "virsh migrate VM_Task_11 qemu+ssh://node1/system"' returned non-zero exit status 1
2014-12-01 17:52:14.751044::Migrate Guest ::node1 :: VM_Task_13 :: Cannot migrate the guest
Command 'ssh -q -o StrictHostKeyChecking=no root@node1 "virsh migrate VM_Task_13 qemu+ssh://node1/system"' returned non-zero exit status 1
2014-12-01 17:52:34.796593::Migrate Guest ::node1 :: VM_Task_100 :: Cannot migrate the guest
Command 'ssh -q -o StrictHostKeyChecking=no root@node1 "virsh migrate VM_Task_100 qemu+ssh://node1/system"' returned non-zero exit status 1
2014-12-01 17:52:35.619809::Migrate Guest ::node1 :: VM_Task_11 :: Cannot migrate the guest
Command 'ssh -q -o StrictHostKeyChecking=no root@node1 "virsh migrate VM_Task_11 qemu+ssh://node1/system"' returned non-zero exit status 1
2014-12-01 17:52:46.407411::Migrate Guest ::node1 :: VM_Task_100 :: Cannot migrate the guest
Command 'ssh -q -o StrictHostKeyChecking=no root@node1 "virsh migrate VM_Task_100 qemu+ssh://node1/system"' returned non-zero exit status 1
2014-12-01 17:52:47.255788::Migrate Guest ::node1 :: VM_Task_11 :: Cannot migrate the guest
Command 'ssh -q -o StrictHostKeyChecking=no root@node1 "virsh migrate VM_Task_11 qemu+ssh://node1/system"' returned non-zero exit status 1
2014-12-01 17:52:47.990932::Migrate Guest ::node1 :: VM_Task_12 :: Cannot migrate the guest
Command 'ssh -q -o StrictHostKeyChecking=no root@node1 "virsh migrate VM_Task_12 qemu+ssh://node1/system"' returned non-zero exit status 1
2014-12-01 17:52:48.821634::Migrate Guest ::node1 :: VM_Task_13 :: Cannot migrate the guest
Command 'ssh -q -o StrictHostKeyChecking=no root@node1 "virsh migrate VM_Task_13 qemu+ssh://node1/system"' returned non-zero exit status 1
2014-12-01 17:52:58.004848::Migrate Guest ::node1 :: VM_Task_100 :: Cannot migrate the guest
Command 'ssh -q -o StrictHostKeyChecking=no root@node1 "virsh migrate VM_Task_100 qemu+ssh://node1/system"' returned non-zero exit status 1
2014-12-01 17:52:59.784957::Migrate Guest ::node1 :: VM_Task_12 :: Cannot migrate the guest
Command 'ssh -q -o StrictHostKeyChecking=no root@node1 "virsh migrate VM_Task_12 qemu+ssh://node1/system"' returned non-zero exit status 1
2014-12-01 17:53:11.621033::Migrate Guest ::node1 :: VM_Task_11 :: Cannot migrate the guest
Command 'ssh -q -o StrictHostKeyChecking=no root@node1 "virsh migrate VM_Task_11 qemu+ssh://node1/system"' returned non-zero exit status 1
2014-12-01 17:53:11.795761::Migrate Guest ::node1 :: VM_Task_12 :: Cannot migrate the guest
Command 'ssh -q -o StrictHostKeyChecking=no root@node1 "virsh migrate VM_Task_12 qemu+ssh://node1/system"' returned non-zero exit status 1
2014-12-01 17:53:17.637373::Migrate Guest ::node1 :: VM_Task_13 :: Successfully migrated the guest
2014-12-01 17:53:34.693917::Migrate Guest ::node1 :: VM_Task_11 :: Cannot migrate the guest
Command 'ssh -q -o StrictHostKeyChecking=no root@node1 "virsh migrate VM_Task_11 qemu+ssh://node1/system"' returned non-zero exit status 1
2014-12-01 17:53:35.473460::Migrate Guest ::node3 :: VM_Task_13 :: Successfully migrated the guest
2014-12-01 17:53:55.662792::Migrate Guest ::node1 :: VM_Task_100 :: Successfully migrated the guest
2014-12-01 17:53:56.252959::Migrate Guest ::node1 :: VM_Task_14 :: Successfully migrated the guest
2014-12-01 17:53:57.829840::Migrate Guest ::node1 :: VM_Task_12 :: Cannot migrate the guest
Command 'ssh -q -o StrictHostKeyChecking=no root@node1 "virsh migrate VM_Task_12 qemu+ssh://node1/system"' returned non-zero exit status 1
2014-12-01 17:54:09.599434::Migrate Guest ::node1 :: VM_Task_12 :: Cannot migrate the guest
Command 'ssh -q -o StrictHostKeyChecking=no root@node1 "virsh migrate VM_Task_12 qemu+ssh://node1/system"' returned non-zero exit status 1
2014-12-01 17:54:09.610733::Migrate Guest ::node3 :: VM_Task_13 :: Cannot migrate the guest
Command 'ssh -q -o StrictHostKeyChecking=no root@node3 "virsh migrate VM_Task_13 qemu+ssh://node1/system"' returned non-zero exit status 1
2014-12-01 17:54:21.713187::Migrate Guest ::node1 :: VM_Task_12 :: Cannot migrate the guest
Command 'ssh -q -o StrictHostKeyChecking=no root@node1 "virsh migrate VM_Task_12 qemu+ssh://node1/system"' returned non-zero exit status 1
2014-12-01 17:54:37.936020::Migrate Guest ::node3 :: VM_Task_13 :: Cannot migrate the guest
Command 'ssh -q -o StrictHostKeyChecking=no root@node3 "virsh migrate VM_Task_13 qemu+ssh://node1/system"' returned non-zero exit status 1
2014-12-01 17:54:44.144910::Migrate Guest ::node3 :: VM_Task_14 :: Successfully migrated the guest
2014-12-01 17:54:56.379742::Migrate Guest ::node1 :: VM_Task_12 :: Cannot migrate the guest
Command 'ssh -q -o StrictHostKeyChecking=no root@node1 "virsh migrate VM_Task_12 qemu+ssh://node1/system"' returned non-zero exit status 1
2014-12-01 17:55:07.870698::Migrate Guest ::node1 :: VM_Task_14 :: Cannot migrate the guest
Command 'ssh -q -o StrictHostKeyChecking=no root@node1 "virsh migrate VM_Task_14 qemu+ssh://node1/system"' returned non-zero exit status 1
2014-12-01 17:55:23.855064::Migrate Guest ::node3 :: VM_Task_13 :: Cannot migrate the guest
Command 'ssh -q -o StrictHostKeyChecking=no root@node3 "virsh migrate VM_Task_13 qemu+ssh://node1/system"' returned non-zero exit status 1
2014-12-01 17:55:35.289588::Migrate Guest ::node3 :: VM_Task_13 :: Cannot migrate the guest
Command 'ssh -q -o StrictHostKeyChecking=no root@node3 "virsh migrate VM_Task_13 qemu+ssh://node1/system"' returned non-zero exit status 1
2014-12-01 17:55:53.544153::Migrate Guest ::node1 :: VM_Task_14 :: Cannot migrate the guest
Command 'ssh -q -o StrictHostKeyChecking=no root@node1 "virsh migrate VM_Task_14 qemu+ssh://node1/system"' returned non-zero exit status 1
2014-12-01 17:55:58.297347::Migrate Guest ::node3 :: VM_Task_13 :: Cannot migrate the guest
Command 'ssh -q -o StrictHostKeyChecking=no root@node3 "virsh migrate VM_Task_13 qemu+ssh://node1/system"' returned non-zero exit status 1
2014-12-01 17:56:06.126296::Migrate Guest ::node1 :: VM_Task_14 :: Cannot migrate the guest
Command 'ssh -q -o StrictHostKeyChecking=no root@node1 "virsh migrate VM_Task_14 qemu+ssh://node1/system"' returned non-zero exit status 1
2014-12-01 17:56:17.728808::Migrate Guest ::node1 :: VM_Task_14 :: Cannot migrate the guest
Command 'ssh -q -o StrictHostKeyChecking=no root@node1 "virsh migrate VM_Task_14 qemu+ssh://node1/system"' returned non-zero exit status 1
2014-12-01 17:56:47.581120::Migrate Guest ::node3 :: VM_Task_13 :: Cannot migrate the guest
Command 'ssh -q -o StrictHostKeyChecking=no root@node3 "virsh migrate VM_Task_13 qemu+ssh://node1/system"' returned non-zero exit status 1
2014-12-01 17:56:51.344978::Migrate Guest ::node3 :: VM_Task_15 :: Successfully migrated the guest
2014-12-01 17:57:06.638609::Migrate Guest ::node1 :: VM_Task_14 :: Successfully migrated the guest
2014-12-01 17:57:14.268757::Migrate Guest ::node1 :: VM_Task_15 :: Cannot migrate the guest
Command 'ssh -q -o StrictHostKeyChecking=no root@node1 "virsh migrate VM_Task_15 qemu+ssh://node1/system"' returned non-zero exit status 1
2014-12-01 17:57:23.382356::Migrate Guest ::node3 :: VM_Task_14 :: Successfully migrated the guest
2014-12-01 17:57:42.416248::Migrate Guest ::node1 :: VM_Task_15 :: Successfully migrated the guest
2014-12-01 17:57:46.994767::Migrate Guest ::node1 :: VM_Task_14 :: Cannot migrate the guest
Command 'ssh -q -o StrictHostKeyChecking=no root@node1 "virsh migrate VM_Task_14 qemu+ssh://node1/system"' returned non-zero exit status 1
2014-12-01 17:57:59.207398::Migrate Guest ::node3 :: VM_Task_15 :: Successfully migrated the guest
2014-12-01 17:58:17.144342::Migrate Guest ::node1 :: VM_Task_14 :: Successfully migrated the guest
2014-12-01 17:58:21.051235::Migrate Guest ::node1 :: VM_Task_16 :: Successfully migrated the guest
2014-12-01 17:58:34.284838::Migrate Guest ::node1 :: VM_Task_15 :: Cannot migrate the guest
Command 'ssh -q -o StrictHostKeyChecking=no root@node1 "virsh migrate VM_Task_15 qemu+ssh://node1/system"' returned non-zero exit status 1
2014-12-01 17:58:46.437638::Migrate Guest ::node1 :: VM_Task_15 :: Cannot migrate the guest
Command 'ssh -q -o StrictHostKeyChecking=no root@node1 "virsh migrate VM_Task_15 qemu+ssh://node1/system"' returned non-zero exit status 1
2014-12-01 17:58:58.253120::Migrate Guest ::node1 :: VM_Task_15 :: Cannot migrate the guest
Command 'ssh -q -o StrictHostKeyChecking=no root@node1 "virsh migrate VM_Task_15 qemu+ssh://node1/system"' returned non-zero exit status 1
2014-12-01 17:59:10.276428::Migrate Guest ::node3 :: VM_Task_16 :: Successfully migrated the guest
2014-12-01 17:59:22.714436::Migrate Guest ::node1 :: VM_Task_16 :: Cannot migrate the guest
Command 'ssh -q -o StrictHostKeyChecking=no root@node1 "virsh migrate VM_Task_16 qemu+ssh://node1/system"' returned non-zero exit status 1
2014-12-01 17:59:34.789415::Migrate Guest ::node1 :: VM_Task_16 :: Cannot migrate the guest
Command 'ssh -q -o StrictHostKeyChecking=no root@node1 "virsh migrate VM_Task_16 qemu+ssh://node1/system"' returned non-zero exit status 1
2014-12-01 17:59:44.560886::Migrate Guest ::node1 :: VM_Task_15 :: Cannot migrate the guest
Command 'ssh -q -o StrictHostKeyChecking=no root@node1 "virsh migrate VM_Task_15 qemu+ssh://node1/system"' returned non-zero exit status 1
2014-12-01 17:59:57.534086::Migrate Guest ::node1 :: VM_Task_15 :: Cannot migrate the guest
Command 'ssh -q -o StrictHostKeyChecking=no root@node1 "virsh migrate VM_Task_15 qemu+ssh://node1/system"' returned non-zero exit status 1
2014-12-01 18:00:20.534854::Migrate Guest ::node1 :: VM_Task_16 :: Cannot migrate the guest
Command 'ssh -q -o StrictHostKeyChecking=no root@node1 "virsh migrate VM_Task_16 qemu+ssh://node1/system"' returned non-zero exit status 1
2014-12-01 18:00:21.475151::Migrate Guest ::node1 :: VM_Task_15 :: Cannot migrate the guest
Command 'ssh -q -o StrictHostKeyChecking=no root@node1 "virsh migrate VM_Task_15 qemu+ssh://node1/system"' returned non-zero exit status 1
2014-12-01 18:00:33.721669::Migrate Guest ::node1 :: VM_Task_16 :: Cannot migrate the guest
Command 'ssh -q -o StrictHostKeyChecking=no root@node1 "virsh migrate VM_Task_16 qemu+ssh://node1/system"' returned non-zero exit status 1
2014-12-01 18:00:44.994742::Migrate Guest ::node1 :: VM_Task_15 :: Cannot migrate the guest
Command 'ssh -q -o StrictHostKeyChecking=no root@node1 "virsh migrate VM_Task_15 qemu+ssh://node1/system"' returned non-zero exit status 1
2014-12-01 18:00:45.402432::Migrate Guest ::node1 :: VM_Task_16 :: Cannot migrate the guest
Command 'ssh -q -o StrictHostKeyChecking=no root@node1 "virsh migrate VM_Task_16 qemu+ssh://node1/system"' returned non-zero exit status 1
2014-12-01 18:01:13.953381::Migrate Guest ::node3 :: VM_Task_17 :: Successfully migrated the guest
2014-12-01 18:01:45.174931::Migrate Guest ::node1 :: VM_Task_17 :: Successfully migrated the guest
2014-12-01 18:02:06.756749::Migrate Guest ::node1 :: VM_Task_16 :: Successfully migrated the guest
2014-12-01 18:02:19.033387::Migrate Guest ::node3 :: VM_Task_17 :: Successfully migrated the guest
2014-12-01 18:03:13.205110::Migrate Guest ::node1 :: VM_Task_17 :: Successfully migrated the guest
2014-12-01 18:03:14.508160::Migrate Guest ::node1 :: VM_Task_18 :: Successfully migrated the guest
2014-12-01 18:03:55.810966::Migrate Guest ::node3 :: VM_Task_18 :: Successfully migrated the guest
2014-12-01 18:04:19.145489::Migrate Guest ::node1 :: VM_Task_18 :: Cannot migrate the guest
Command 'ssh -q -o StrictHostKeyChecking=no root@node1 "virsh migrate VM_Task_18 qemu+ssh://node1/system"' returned non-zero exit status 1
2014-12-01 18:04:31.196225::Migrate Guest ::node1 :: VM_Task_18 :: Cannot migrate the guest
Command 'ssh -q -o StrictHostKeyChecking=no root@node1 "virsh migrate VM_Task_18 qemu+ssh://node1/system"' returned non-zero exit status 1
2014-12-01 18:05:05.698710::Migrate Guest ::node1 :: VM_Task_18 :: Cannot migrate the guest
Command 'ssh -q -o StrictHostKeyChecking=no root@node1 "virsh migrate VM_Task_18 qemu+ssh://node1/system"' returned non-zero exit status 1
2014-12-01 18:05:17.311585::Migrate Guest ::node1 :: VM_Task_18 :: Cannot migrate the guest
Command 'ssh -q -o StrictHostKeyChecking=no root@node1 "virsh migrate VM_Task_18 qemu+ssh://node1/system"' returned non-zero exit status 1
2014-12-01 18:05:29.016922::Migrate Guest ::node1 :: VM_Task_18 :: Cannot migrate the guest
Command 'ssh -q -o StrictHostKeyChecking=no root@node1 "virsh migrate VM_Task_18 qemu+ssh://node1/system"' returned non-zero exit status 1
2014-12-01 18:05:40.826288::Migrate Guest ::node1 :: VM_Task_18 :: Cannot migrate the guest
Command 'ssh -q -o StrictHostKeyChecking=no root@node1 "virsh migrate VM_Task_18 qemu+ssh://node1/system"' returned non-zero exit status 1
2014-12-01 18:06:15.306363::Migrate Guest ::node1 :: VM_Task_18 :: Cannot migrate the guest
Command 'ssh -q -o StrictHostKeyChecking=no root@node1 "virsh migrate VM_Task_18 qemu+ssh://node1/system"' returned non-zero exit status 1
2014-12-01 18:06:27.024953::Migrate Guest ::node1 :: VM_Task_18 :: Cannot migrate the guest
Command 'ssh -q -o StrictHostKeyChecking=no root@node1 "virsh migrate VM_Task_18 qemu+ssh://node1/system"' returned non-zero exit status 1
2014-12-01 18:06:38.967048::Migrate Guest ::node1 :: VM_Task_18 :: Cannot migrate the guest
Command 'ssh -q -o StrictHostKeyChecking=no root@node1 "virsh migrate VM_Task_18 qemu+ssh://node1/system"' returned non-zero exit status 1
