Terminate Guest ::node4 :: VM_Task_29 :: Successfully terminated the guest
Terminate Guest ::node1 :: VM_Task_1 :: Successfully terminated the guest
Terminate Guest ::node1 :: VM_Task_1 :: Successfully terminated the guest
Terminate Guest ::node3 :: VM_Task_2 :: Cannot terminate the guest
Terminate Guest ::node4 :: VM_Task_3 :: Cannot terminate the guest
Terminate Guest ::node1 :: VM_Task_11 :: Successfully terminated the guest
Terminate Guest ::node1 :: VM_Task_12 :: Successfully terminated the guest
Terminate Guest ::node1 :: VM_Task_13 :: Successfully terminated the guest
Terminate Guest ::node1 :: VM_Task_14 :: Successfully terminated the guest
Terminate Guest ::node1 :: VM_Task_15 :: Cannot terminate the guest
Terminate Guest ::node3 :: VM_Task_16 :: Cannot terminate the guest
Terminate Guest ::node3 :: VM_Task_17 :: Cannot terminate the guest
Terminate Guest ::node3 :: VM_Task_18 :: Cannot terminate the guest
Terminate Guest ::node3 :: VM_Task_21 :: Cannot terminate the guest
Terminate Guest ::node2 :: VM_Task_22 :: Cannot terminate the guest
2014-12-01 01:25:20.531660::Terminate Guest ::node4 :: VM_Task_100 :: Successfully terminated the guest
2014-12-01 01:28:00.951676::Terminate Guest ::node1 :: VM_Task_11 :: Successfully terminated the guest
2014-12-01 01:28:03.498859::Terminate Guest ::node1 :: VM_Task_12 :: Successfully terminated the guest
2014-12-01 01:28:05.262169::Terminate Guest ::node1 :: VM_Task_13 :: Successfully terminated the guest
2014-12-01 01:28:07.101582::Terminate Guest ::node1 :: VM_Task_14 :: Successfully terminated the guest
2014-12-01 01:28:08.859785::Terminate Guest ::node1 :: VM_Task_15 :: Successfully terminated the guest
2014-12-01 01:28:11.037926::Terminate Guest ::node1 :: VM_Task_16 :: Successfully terminated the guest
2014-12-01 01:28:13.620815::Terminate Guest ::node1 :: VM_Task_17 :: Successfully terminated the guest
2014-12-01 01:28:15.060026::Terminate Guest ::node1 :: VM_Task_18 :: Successfully terminated the guest
2014-12-01 01:48:49.051857::Terminate Guest ::node1 :: VM_Task_100 :: Successfully terminated the guest
2014-12-01 01:48:49.603908::Terminate Guest ::node1 :: VM_Task_11 :: Successfully terminated the guest
2014-12-01 01:48:50.354316::Terminate Guest ::node1 :: VM_Task_12 :: Successfully terminated the guest
2014-12-01 01:48:51.048012::Terminate Guest ::node1 :: VM_Task_13 :: Successfully terminated the guest
2014-12-01 01:48:51.733404::Terminate Guest ::node1 :: VM_Task_14 :: Successfully terminated the guest
2014-12-01 01:48:52.638533::Terminate Guest ::node1 :: VM_Task_15 :: Successfully terminated the guest
2014-12-01 01:48:53.260858::Terminate Guest ::node1 :: VM_Task_16 :: Successfully terminated the guest
2014-12-01 02:53:49.329589::Terminate Guest ::node1 :: VM_Task_100 :: Successfully terminated the guest
2014-12-01 03:00:49.468554::Terminate Guest ::node1 :: VM_Task_12 :: Successfully terminated the guest
2014-12-01 03:03:31.850677::Terminate Guest ::node1 :: VM_Task_13 :: Successfully terminated the guest
2014-12-01 22:05:29.658079::Terminate Guest ::node3 :: VM_Task_17 :: Successfully terminated the guest
2014-12-01 22:05:29.658610::Terminate Guest ::node3 :: VM_Task_17 :: Cannot terminate the guest
END TIME::1417494501.0 ::: CURRENT TIME :: 2014-12-01 22:30:06.282834
2014-12-01 22:30:07.898507 :: TERMINATION HANDLER ::node1 :: VM_Task_19 :: Guest terminated
END TIME::1417494396.0 ::: CURRENT TIME :: 2014-12-01 22:30:07.898708
2014-12-01 22:30:08.463177 :: TERMINATION HANDLER ::node1 :: VM_Task_18 :: Guest terminated
END TIME::1417493831.0 ::: CURRENT TIME :: 2014-12-01 22:30:08.463360
2014-12-01 22:30:09.642613 :: TERMINATION HANDLER ::node1 :: VM_Task_100 :: Guest terminated
END TIME::1417493714.0 ::: CURRENT TIME :: 2014-12-01 22:30:09.656775
2014-12-01 22:30:10.707513 :: TERMINATION HANDLER ::node1 :: VM_Task_11 :: Guest terminated
END TIME::1417493889.0 ::: CURRENT TIME :: 2014-12-01 22:30:11.307260
2014-12-01 22:30:11.981778 :: TERMINATION HANDLER ::node1 :: VM_Task_13 :: Guest terminated
END TIME::1417493802.0 ::: CURRENT TIME :: 2014-12-01 22:30:12.499047
2014-12-01 22:30:13.681055 :: TERMINATION HANDLER ::node1 :: VM_Task_12 :: Guest terminated
END TIME::1417494081.0 ::: CURRENT TIME :: 2014-12-01 22:30:13.690995
2014-12-01 22:30:19.196919 :: TERMINATION HANDLER ::node3 :: VM_Task_15 :: Guest terminated
END TIME::1417493980.0 ::: CURRENT TIME :: 2014-12-01 22:30:19.325440
2014-12-01 22:30:20.135860 :: TERMINATION HANDLER ::node3 :: VM_Task_14 :: Guest terminated
END TIME::1417494281.0 ::: CURRENT TIME :: 2014-12-01 22:30:20.136063
2014-12-01 22:30:20.990595 :: TERMINATION HANDLER ::node3 :: VM_Task_17 :: Guest terminated
END TIME::1417494184.0 ::: CURRENT TIME :: 2014-12-01 22:30:20.990785
2014-12-01 22:30:24.285354 :: TERMINATION HANDLER ::node3 :: VM_Task_16 :: Guest terminated
2014-12-01 22:30:07.636713::Terminate Guest ::node1 :: VM_Task_19 :: Successfully terminated the guest
2014-12-01 22:30:08.285804::Terminate Guest ::node1 :: VM_Task_18 :: Successfully terminated the guest
2014-12-01 22:30:08.849897::Terminate Guest ::node1 :: VM_Task_100 :: Successfully terminated the guest
2014-12-01 22:30:10.056951::Terminate Guest ::node1 :: VM_Task_11 :: Successfully terminated the guest
2014-12-01 22:30:11.706159::Terminate Guest ::node1 :: VM_Task_13 :: Successfully terminated the guest
2014-12-01 22:30:13.270977::Terminate Guest ::node1 :: VM_Task_12 :: Successfully terminated the guest
2014-12-01 22:30:19.096038::Terminate Guest ::node3 :: VM_Task_15 :: Successfully terminated the guest
2014-12-01 22:30:19.966075::Terminate Guest ::node3 :: VM_Task_14 :: Successfully terminated the guest
2014-12-01 22:30:20.879623::Terminate Guest ::node3 :: VM_Task_17 :: Successfully terminated the guest
2014-12-01 22:30:24.116719::Terminate Guest ::node3 :: VM_Task_16 :: Successfully terminated the guest
2014-12-01 22:30:19.465693::Terminate Guest ::node3 :: VM_Task_2 :: Successfully terminated the guest
2014-12-01 22:30:19.466050::Terminate Guest ::node3 :: VM_Task_2 :: Cannot terminate the guest
2014-12-01 22:48:55.350023::Terminate Guest ::node3 :: VM_Task_27 :: Successfully terminated the guest
2014-12-01 22:48:55.350496::Terminate Guest ::node3 :: VM_Task_27 :: Cannot terminate the guest
2014-12-01 22:55:49.488076::Terminate Guest ::node3 :: VM_Task_27 :: Successfully terminated the guest
2014-12-01 22:55:49.488585::Terminate Guest ::node3 :: VM_Task_27 :: Cannot terminate the guest
2014-12-01 23:02:40.932320::Terminate Guest ::node3 :: VM_Task_27 :: Successfully terminated the guest
2014-12-01 23:02:40.932848::Terminate Guest ::node3 :: VM_Task_27 :: Cannot terminate the guest
END TIME::1417497461.0 ::: CURRENT TIME :: 2014-12-01 23:09:33.648028
END TIME::1417497461.0 ::: CURRENT TIME :: 2014-12-01 23:09:53.652623
END TIME::1417497461.0 ::: CURRENT TIME :: 2014-12-01 23:10:13.672950
END TIME::1417497461.0 ::: CURRENT TIME :: 2014-12-01 23:10:33.693355
END TIME::1417497344.0 ::: CURRENT TIME :: 2014-12-01 23:10:53.713822
END TIME::1417497461.0 ::: CURRENT TIME :: 2014-12-01 23:10:53.713943
END TIME::1417497344.0 ::: CURRENT TIME :: 2014-12-01 23:11:13.734357
END TIME::1417497461.0 ::: CURRENT TIME :: 2014-12-01 23:11:13.734444
END TIME::1417497344.0 ::: CURRENT TIME :: 2014-12-01 23:11:33.754111
END TIME::1417497461.0 ::: CURRENT TIME :: 2014-12-01 23:11:33.754205
END TIME::1417497344.0 ::: CURRENT TIME :: 2014-12-01 23:11:53.775058
END TIME::1417497461.0 ::: CURRENT TIME :: 2014-12-01 23:11:53.775306
END TIME::1417497344.0 ::: CURRENT TIME :: 2014-12-01 23:12:13.795123
END TIME::1417497461.0 ::: CURRENT TIME :: 2014-12-01 23:12:13.795209
END TIME::1417497434.0 ::: CURRENT TIME :: 2014-12-01 23:12:13.795285
END TIME::1417497344.0 ::: CURRENT TIME :: 2014-12-01 23:12:33.815161
END TIME::1417497461.0 ::: CURRENT TIME :: 2014-12-01 23:12:33.815246
END TIME::1417497434.0 ::: CURRENT TIME :: 2014-12-01 23:12:33.815334
END TIME::1417497344.0 ::: CURRENT TIME :: 2014-12-01 23:12:53.831330
END TIME::1417497461.0 ::: CURRENT TIME :: 2014-12-01 23:12:53.831430
END TIME::1417497434.0 ::: CURRENT TIME :: 2014-12-01 23:12:53.831531
END TIME::1417497344.0 ::: CURRENT TIME :: 2014-12-01 23:13:13.846621
END TIME::1417497461.0 ::: CURRENT TIME :: 2014-12-01 23:13:13.846711
END TIME::1417497434.0 ::: CURRENT TIME :: 2014-12-01 23:13:13.846786
END TIME::1417497344.0 ::: CURRENT TIME :: 2014-12-01 23:13:33.859794
END TIME::1417497461.0 ::: CURRENT TIME :: 2014-12-01 23:13:33.859892
END TIME::1417497519.0 ::: CURRENT TIME :: 2014-12-01 23:13:33.859973
END TIME::1417497434.0 ::: CURRENT TIME :: 2014-12-01 23:13:33.860047
END TIME::1417497344.0 ::: CURRENT TIME :: 2014-12-01 23:13:53.880280
END TIME::1417497461.0 ::: CURRENT TIME :: 2014-12-01 23:13:53.880406
END TIME::1417497519.0 ::: CURRENT TIME :: 2014-12-01 23:13:53.880516
END TIME::1417497434.0 ::: CURRENT TIME :: 2014-12-01 23:13:53.880628
END TIME::1417497344.0 ::: CURRENT TIME :: 2014-12-01 23:14:13.900207
END TIME::1417497461.0 ::: CURRENT TIME :: 2014-12-01 23:14:13.900293
END TIME::1417497519.0 ::: CURRENT TIME :: 2014-12-01 23:14:13.900369
END TIME::1417497434.0 ::: CURRENT TIME :: 2014-12-01 23:14:13.900441
END TIME::1417497344.0 ::: CURRENT TIME :: 2014-12-01 23:14:33.920328
END TIME::1417497461.0 ::: CURRENT TIME :: 2014-12-01 23:14:33.920489
END TIME::1417497519.0 ::: CURRENT TIME :: 2014-12-01 23:14:33.920618
END TIME::1417497434.0 ::: CURRENT TIME :: 2014-12-01 23:14:33.920730
END TIME::1417497344.0 ::: CURRENT TIME :: 2014-12-01 23:14:53.941259
END TIME::1417497461.0 ::: CURRENT TIME :: 2014-12-01 23:14:53.941418
END TIME::1417497519.0 ::: CURRENT TIME :: 2014-12-01 23:14:53.941567
END TIME::1417497434.0 ::: CURRENT TIME :: 2014-12-01 23:14:53.941714
END TIME::1417497612.0 ::: CURRENT TIME :: 2014-12-01 23:15:13.962261
END TIME::1417497344.0 ::: CURRENT TIME :: 2014-12-01 23:15:13.962353
END TIME::1417497519.0 ::: CURRENT TIME :: 2014-12-01 23:15:13.962430
END TIME::1417497461.0 ::: CURRENT TIME :: 2014-12-01 23:15:13.962505
END TIME::1417497434.0 ::: CURRENT TIME :: 2014-12-01 23:15:13.962578
END TIME::1417497612.0 ::: CURRENT TIME :: 2014-12-01 23:15:33.967776
END TIME::1417497344.0 ::: CURRENT TIME :: 2014-12-01 23:15:33.967872
END TIME::1417497519.0 ::: CURRENT TIME :: 2014-12-01 23:15:33.967949
END TIME::1417497461.0 ::: CURRENT TIME :: 2014-12-01 23:15:33.968053
END TIME::1417497434.0 ::: CURRENT TIME :: 2014-12-01 23:15:33.968133
END TIME::1417497612.0 ::: CURRENT TIME :: 2014-12-01 23:15:53.988619
END TIME::1417497344.0 ::: CURRENT TIME :: 2014-12-01 23:15:53.988701
2014-12-01 23:15:54.863012 :: TERMINATION HANDLER ::node1 :: VM_Task_11 :: Guest terminated
END TIME::1417497519.0 ::: CURRENT TIME :: 2014-12-01 23:15:54.863162
END TIME::1417497461.0 ::: CURRENT TIME :: 2014-12-01 23:15:54.863250
END TIME::1417497434.0 ::: CURRENT TIME :: 2014-12-01 23:15:54.922357
END TIME::1417497612.0 ::: CURRENT TIME :: 2014-12-01 23:16:14.942305
END TIME::1417497461.0 ::: CURRENT TIME :: 2014-12-01 23:16:14.942402
END TIME::1417497519.0 ::: CURRENT TIME :: 2014-12-01 23:16:14.942480
END TIME::1417497434.0 ::: CURRENT TIME :: 2014-12-01 23:16:14.942573
END TIME::1417497612.0 ::: CURRENT TIME :: 2014-12-01 23:16:34.961241
END TIME::1417497461.0 ::: CURRENT TIME :: 2014-12-01 23:16:34.961323
END TIME::1417497519.0 ::: CURRENT TIME :: 2014-12-01 23:16:34.961414
END TIME::1417497434.0 ::: CURRENT TIME :: 2014-12-01 23:16:34.961483
END TIME::1417497708.0 ::: CURRENT TIME :: 2014-12-01 23:16:54.981068
END TIME::1417497612.0 ::: CURRENT TIME :: 2014-12-01 23:16:54.981157
END TIME::1417497519.0 ::: CURRENT TIME :: 2014-12-01 23:16:54.981242
END TIME::1417497461.0 ::: CURRENT TIME :: 2014-12-01 23:16:54.981323
END TIME::1417497434.0 ::: CURRENT TIME :: 2014-12-01 23:16:54.981392
END TIME::1417497708.0 ::: CURRENT TIME :: 2014-12-01 23:17:14.997577
END TIME::1417497612.0 ::: CURRENT TIME :: 2014-12-01 23:17:14.997664
END TIME::1417497519.0 ::: CURRENT TIME :: 2014-12-01 23:17:14.997744
END TIME::1417497461.0 ::: CURRENT TIME :: 2014-12-01 23:17:14.997816
END TIME::1417497434.0 ::: CURRENT TIME :: 2014-12-01 23:17:14.997885
2014-12-01 23:17:17.294184 :: TERMINATION HANDLER ::node1 :: VM_Task_12 :: Guest terminated
END TIME::1417497708.0 ::: CURRENT TIME :: 2014-12-01 23:17:37.314828
END TIME::1417497612.0 ::: CURRENT TIME :: 2014-12-01 23:17:37.314919
END TIME::1417497461.0 ::: CURRENT TIME :: 2014-12-01 23:17:37.314993
END TIME::1417497519.0 ::: CURRENT TIME :: 2014-12-01 23:17:37.315062
END TIME::1417497708.0 ::: CURRENT TIME :: 2014-12-01 23:17:57.335207
END TIME::1417497612.0 ::: CURRENT TIME :: 2014-12-01 23:17:57.335297
END TIME::1417497461.0 ::: CURRENT TIME :: 2014-12-01 23:17:57.335371
2014-12-01 23:17:57.713811 :: TERMINATION HANDLER ::node1 :: VM_Task_100 :: Guest terminated
END TIME::1417497519.0 ::: CURRENT TIME :: 2014-12-01 23:17:57.713954
END TIME::1417497708.0 ::: CURRENT TIME :: 2014-12-01 23:18:17.732240
END TIME::1417497612.0 ::: CURRENT TIME :: 2014-12-01 23:18:17.732335
END TIME::1417497519.0 ::: CURRENT TIME :: 2014-12-01 23:18:17.732416
END TIME::1417497708.0 ::: CURRENT TIME :: 2014-12-01 23:18:37.752256
END TIME::1417497612.0 ::: CURRENT TIME :: 2014-12-01 23:18:37.752344
END TIME::1417497817.0 ::: CURRENT TIME :: 2014-12-01 23:18:37.752419
END TIME::1417497519.0 ::: CURRENT TIME :: 2014-12-01 23:18:37.752492
END TIME::1417497708.0 ::: CURRENT TIME :: 2014-12-01 23:18:57.754262
END TIME::1417497612.0 ::: CURRENT TIME :: 2014-12-01 23:18:57.754365
END TIME::1417497817.0 ::: CURRENT TIME :: 2014-12-01 23:18:57.754444
END TIME::1417497519.0 ::: CURRENT TIME :: 2014-12-01 23:18:57.754518
2014-12-01 23:18:58.822546 :: TERMINATION HANDLER ::node1 :: VM_Task_13 :: Guest terminated
END TIME::1417497708.0 ::: CURRENT TIME :: 2014-12-01 23:19:18.841195
END TIME::1417497612.0 ::: CURRENT TIME :: 2014-12-01 23:19:18.841302
END TIME::1417497817.0 ::: CURRENT TIME :: 2014-12-01 23:19:18.841374
END TIME::1417497708.0 ::: CURRENT TIME :: 2014-12-01 23:19:38.856153
END TIME::1417497612.0 ::: CURRENT TIME :: 2014-12-01 23:19:38.856238
END TIME::1417497817.0 ::: CURRENT TIME :: 2014-12-01 23:19:38.856312
END TIME::1417497708.0 ::: CURRENT TIME :: 2014-12-01 23:19:58.877038
END TIME::1417497612.0 ::: CURRENT TIME :: 2014-12-01 23:19:58.877213
END TIME::1417497898.0 ::: CURRENT TIME :: 2014-12-01 23:19:58.877331
END TIME::1417497817.0 ::: CURRENT TIME :: 2014-12-01 23:19:58.877460
END TIME::1417497708.0 ::: CURRENT TIME :: 2014-12-01 23:20:18.898003
END TIME::1417497612.0 ::: CURRENT TIME :: 2014-12-01 23:20:18.898086
2014-12-01 23:20:19.883800 :: TERMINATION HANDLER ::node1 :: VM_Task_14 :: Guest terminated
END TIME::1417497898.0 ::: CURRENT TIME :: 2014-12-01 23:20:19.884024
END TIME::1417497817.0 ::: CURRENT TIME :: 2014-12-01 23:20:19.884126
END TIME::1417497708.0 ::: CURREND TIME::1417498470.0 ::: CURRENT TIME :: 2014-12-01 23:26:21.146039
END TIME::1417498470.0 ::: CURRENT TIME :: 2014-12-01 23:26:41.166447
END TIME::1417498470.0 ::: CURRENT TIME :: 2014-12-01 23:27:01.183602
END TIME::1417498470.0 ::: CURRENT TIME :: 2014-12-01 23:27:21.204129
END TIME::1417498352.0 ::: CURRENT TIME :: 2014-12-01 23:27:41.224648
END TIME::1417498470.0 ::: CURRENT TIME :: 2014-12-01 23:27:41.224789
END TIME::1417498352.0 ::: CURRENT TIME :: 2014-12-01 23:28:01.237304
END TIME::1417498470.0 ::: CURRENT TIME :: 2014-12-01 23:28:01.237403
END TIME::1417498352.0 ::: CURRENT TIME :: 2014-12-01 23:28:21.256812
END TIME::1417498470.0 ::: CURRENT TIME :: 2014-12-01 23:28:21.256906
END TIME::1417498352.0 ::: CURRENT TIME :: 2014-12-01 23:28:41.269638
END TIME::1417498470.0 ::: CURRENT TIME :: 2014-12-01 23:28:41.269752
END TIME::1417498352.0 ::: CURRENT TIME :: 2014-12-01 23:29:01.287412
END TIME::1417498470.0 ::: CURRENT TIME :: 2014-12-01 23:29:01.287512
END TIME::1417498433.0 ::: CURRENT TIME :: 2014-12-01 23:29:01.287596
END TIME::1417498352.0 ::: CURRENT TIME :: 2014-12-01 23:29:21.299157
END TIME::1417498470.0 ::: CURRENT TIME :: 2014-12-01 23:29:21.299254
END TIME::1417498433.0 ::: CURRENT TIME :: 2014-12-01 23:29:21.299334
END TIME::1417498352.0 ::: CURRENT TIME :: 2014-12-01 23:29:41.319212
END TIME::1417498470.0 ::: CURRENT TIME :: 2014-12-01 23:29:41.319324
END TIME::1417498433.0 ::: CURRENT TIME :: 2014-12-01 23:29:41.319408
END TIME::1417498352.0 ::: CURRENT TIME :: 2014-12-01 23:30:01.336296
END TIME::1417498470.0 ::: CURRENT TIME :: 2014-12-01 23:30:01.336381
END TIME::1417498433.0 ::: CURRENT TIME :: 2014-12-01 23:30:01.336454
END TIME::1417498352.0 ::: CURRENT TIME :: 2014-12-01 23:30:21.351189
END TIME::1417498470.0 ::: CURRENT TIME :: 2014-12-01 23:30:21.351295
END TIME::1417498519.0 ::: CURRENT TIME :: 2014-12-01 23:30:21.351382
END TIME::1417498433.0 ::: CURRENT TIME :: 2014-12-01 23:30:21.351465
END TIME::1417498352.0 ::: CURRENT TIME :: 2014-12-01 23:30:41.368484
END TIME::1417498470.0 ::: CURRENT TIME :: 2014-12-01 23:30:41.368652
END TIME::1417498519.0 ::: CURRENT TIME :: 2014-12-01 23:30:41.368811
END TIME::1417498433.0 ::: CURRENT TIME :: 2014-12-01 23:30:41.368952
END TIME::1417498352.0 ::: CURRENT TIME :: 2014-12-01 23:31:01.389288
END TIME::1417498470.0 ::: CURRENT TIME :: 2014-12-01 23:31:01.389388
END TIME::1417498519.0 ::: CURRENT TIME :: 2014-12-01 23:31:01.389467
END TIME::1417498433.0 ::: CURRENT TIME :: 2014-12-01 23:31:01.389541
END TIME::1417498352.0 ::: CURRENT TIME :: 2014-12-01 23:31:21.409251
END TIME::1417498470.0 ::: CURRENT TIME :: 2014-12-01 23:31:21.409336
END TIME::1417498519.0 ::: CURRENT TIME :: 2014-12-01 23:31:21.409410
END TIME::1417498433.0 ::: CURRENT TIME :: 2014-12-01 23:31:21.409480
END TIME::1417498352.0 ::: CURRENT TIME :: 2014-12-01 23:31:41.429893
END TIME::1417498470.0 ::: CURRENT TIME :: 2014-12-01 23:31:41.429996
END TIME::1417498519.0 ::: CURRENT TIME :: 2014-12-01 23:31:41.430079
END TIME::1417498433.0 ::: CURRENT TIME :: 2014-12-01 23:31:41.430158
END TIME::1417498616.0 ::: CURRENT TIME :: 2014-12-01 23:32:01.450910
END TIME::1417498352.0 ::: CURRENT TIME :: 2014-12-01 23:32:01.451042
END TIME::1417498519.0 ::: CURRENT TIME :: 2014-12-01 23:32:01.451152
END TIME::1417498470.0 ::: CURRENT TIME :: 2014-12-01 23:32:01.451258
END TIME::1417498433.0 ::: CURRENT TIME :: 2014-12-01 23:32:01.451372
END TIME::1417498616.0 ::: CURRENT TIME :: 2014-12-01 23:32:21.471995
END TIME::1417498352.0 ::: CURRENT TIME :: 2014-12-01 23:32:21.472092
END TIME::1417498519.0 ::: CURRENT TIME :: 2014-12-01 23:32:21.472169
END TIME::1417498470.0 ::: CURRENT TIME :: 2014-12-01 23:32:21.472243
END TIME::1417498433.0 ::: CURRENT TIME :: 2014-12-01 23:32:21.472315
END TIME::1417498616.0 ::: CURRENT TIME :: 2014-12-01 23:32:41.492739
END TIME::1417498352.0 ::: CURRENT TIME :: 2014-12-01 23:32:41.492850
2014-12-01 23:32:42.264135 :: TERMINATION HANDLER ::node1 :: VM_Task_11 :: Guest terminated
END TIME::1417498519.0 ::: CURRENT TIME :: 2014-12-01 23:32:42.264300
END TIME::1417END TIME::1417499385.0 ::: CURRENT TIME :: 2014-12-01 23:39:55.256899
END TIME::1417499385.0 ::: CURRENT TIME :: 2014-12-01 23:40:15.271027
END TIME::1417499385.0 ::: CURRENT TIME :: 2014-12-01 23:40:35.291183
END TIME::1417499385.0 ::: CURRENT TIME :: 2014-12-01 23:40:55.305113
END TIME::1417499385.0 ::: CURRENT TIME :: 2014-12-01 23:41:15.321506
END TIME::1417499385.0 ::: CURRENT TIME :: 2014-12-01 23:41:35.342061
END TIME::1417499204.0 ::: CURRENT TIME :: 2014-12-01 23:41:55.345128
END TIME::1417499385.0 ::: CURRENT TIME :: 2014-12-01 23:41:55.345211
END TIME::1417499204.0 ::: CURRENT TIME :: 2014-12-01 23:42:15.346120
END TIME::1417499385.0 ::: CURRENT TIME :: 2014-12-01 23:42:15.346212
END TIME::1417499204.0 ::: CURRENT TIME :: 2014-12-01 23:42:35.364190
END TIME::1417499385.0 ::: CURRENT TIME :: 2014-12-01 23:42:35.364283
END TIME::1417499204.0 ::: CURRENT TIME :: 2014-12-01 23:42:55.371824
END TIME::1417499385.0 ::: CURRENT TIME :: 2014-12-01 23:42:55.371939
END TIME::1417499204.0 ::: CURRENT TIME :: 2014-12-01 23:43:15.388300
END TIME::1417499385.0 ::: CURRENT TIME :: 2014-12-01 23:43:15.388387
END TIME::1417499204.0 ::: CURRENT TIME :: 2014-12-01 23:43:35.408339
END TIME::1417499385.0 ::: CURRENT TIME :: 2014-12-01 23:43:35.408432
END TIME::1417499313.0 ::: CURRENT TIME :: 2014-12-01 23:43:35.408506
END TIME::1417499204.0 ::: CURRENT TIME :: 2014-12-01 23:43:55.428462
END TIME::1417499385.0 ::: CURRENT TIME :: 2014-12-01 23:43:55.428548
END TIME::1417499313.0 ::: CURRENT TIME :: 2014-12-01 23:43:55.428630
END TIME::1417499204.0 ::: CURRENT TIME :: 2014-12-01 23:44:15.446499
END TIME::1417499385.0 ::: CURRENT TIME :: 2014-12-01 23:44:15.446602
END TIME::1417499313.0 ::: CURRENT TIME :: 2014-12-01 23:44:15.446683
END TIME::1417499204.0 ::: CURRENT TIME :: 2014-12-01 23:44:35.466907
END TIME::1417499385.0 ::: CURRENT TIME :: 2014-12-01 23:44:35.467085
END TIME::1417499313.0 ::: CURRENT TIME :: 2014-12-01 23:44:35.467241
END TIME::1417499204.0 ::: CURRENT TIME :: 2014-12-01 23:44:55.485160
END TIME::1417499385.0 ::: CURRENT TIME :: 2014-12-01 23:44:55.485272
END TIME::1417499313.0 ::: CURRENT TIME :: 2014-12-01 23:44:55.485348
END TIME::1417499204.0 ::: CURRENT TIME :: 2014-12-01 23:45:15.505385
END TIME::1417499385.0 ::: CURRENT TIME :: 2014-12-01 23:45:15.505496
END TIME::1417499313.0 ::: CURRENT TIME :: 2014-12-01 23:45:15.505594
END TIME::1417499204.0 ::: CURRENT TIME :: 2014-12-01 23:45:35.521431
END TIME::1417499385.0 ::: CURRENT TIME :: 2014-12-01 23:45:35.521522
END TIME::1417499313.0 ::: CURRENT TIME :: 2014-12-01 23:45:35.521597
END TIME::1417499204.0 ::: CURRENT TIME :: 2014-12-01 23:45:55.540207
END TIME::1417499385.0 ::: CURRENT TIME :: 2014-12-01 23:45:55.540718
END TIME::1417499461.0 ::: CURRENT TIME :: 2014-12-01 23:45:55.541136
END TIME::1417499313.0 ::: CURRENT TIME :: 2014-12-01 23:45:55.541587
END TIME::1417499204.0 ::: CURRENT TIME :: 2014-12-01 23:46:15.561603
END TIME::1417499385.0 ::: CURRENT TIME :: 2014-12-01 23:46:15.561696
END TIME::1417499461.0 ::: CURRENT TIME :: 2014-12-01 23:46:15.561793
END TIME::1417499313.0 ::: CURRENT TIME :: 2014-12-01 23:46:15.561875
END TIME::1417499204.0 ::: CURRENT TIME :: 2014-12-01 23:46:35.579747
END TIME::1417499385.0 ::: CURRENT TIME :: 2014-12-01 23:46:35.579852
END TIME::1417499461.0 ::: CURRENT TIME :: 2014-12-01 23:46:35.579937
END TIME::1417499313.0 ::: CURRENT TIME :: 2014-12-01 23:46:35.580043
END TIME::1417499204.0 ::: CURRENT TIME :: 2014-12-01 23:46:55.599316
2014-12-01 23:46:57.044764 :: TERMINATION HANDLER ::node1 :: VM_Task_11 :: Guest terminated
END TIME::1417499385.0 ::: CURRENT TIME :: 2014-12-01 23:46:57.044995
END TIME::1417499461.0 ::: CURRENT TIME :: 2014-12-01 23:46:57.045147
END TIME::1417499313.0 ::: CURRENT TIME :: 2014-12-01 23:46:57.045300
END TIME::1417499461.0 ::: CURRENT TIME :: 2014-12-01 23:47:17.049241
END TIME::1417499385.0 ::: CURRENT TIME :: 2014-12-01 23:47:17.049345
END TIME::1417499313.0 ::: CURRENT TIME :: 2014-12-01 23:47:17.049426
END TIME::1417499461.0 ::: CURRENT TIME :: 2014-12-01 23:47:37.069235
END TIME::1417