2014-12-01 23:30:12.983836 	|	 VM_Task_13 	|	 0.0	|	133120.0	|	0.0	|	54.53
2014-12-01 23:30:19.020026 	|	 VM_Task_13 	|	 0.0	|	140288.0	|	0.0	|	99.90
2014-12-01 23:30:25.043123 	|	 VM_Task_13 	|	 0.0	|	145408.0	|	8260	|	29.01
2014-12-01 23:30:31.067774 	|	 VM_Task_13 	|	 0.0	|	185344.0	|	48196	|	0.00
2014-12-01 23:30:37.090662 	|	 VM_Task_13 	|	 0.108	|	185344.0	|	48196	|	0.10
2014-12-01 23:30:43.124975 	|	 VM_Task_13 	|	 0.18	|	145408.0	|	8260	|	0.00
2014-12-01 23:30:49.156739 	|	 VM_Task_13 	|	 0.137	|	145408.0	|	8260	|	0.00
2014-12-01 23:30:55.182300 	|	 VM_Task_13 	|	 0.142	|	145408.0	|	8260	|	0.00
2014-12-01 23:31:01.209051 	|	 VM_Task_13 	|	 0.0	|	155648.0	|	18500	|	0.00
2014-12-01 23:31:07.235935 	|	 VM_Task_13 	|	 0.195	|	155648.0	|	18500	|	0.00
2014-12-01 23:31:13.263068 	|	 VM_Task_13 	|	 0.41	|	165888.0	|	28740	|	33.74
2014-12-01 23:31:19.769726 	|	 VM_Task_13 	|	 0.298	|	162816.0	|	28740	|	46.97
2014-12-01 23:31:25.800751 	|	 VM_Task_13 	|	 0.136	|	151552.0	|	4292	|	0.00
2014-12-01 23:31:32.056990 	|	 VM_Task_13 	|	 1.16	|	157696.0	|	23620	|	0.00
2014-12-01 23:31:38.231314 	|	 VM_Task_13 	|	 0.807	|	171008.0	|	23620	|	0.80
2014-12-01 23:31:44.340928 	|	 VM_Task_13 	|	 0.833	|	169984.0	|	33860	|	35.82
2014-12-01 23:31:51.318653 	|	 VM_Task_13 	|	 0.0	|	141312.0	|	8260	|	99.59
2014-12-01 23:31:57.395105 	|	 VM_Task_13 	|	 0.23	|	142336.0	|	8260	|	105.53
2014-12-01 23:32:07.472949 	|	 VM_Task_13 	|	 0.175	|	147456.0	|	13380	|	100.70
2014-12-01 23:32:13.500956 	|	 VM_Task_13 	|	 0.106	|	138240.0	|	4292	|	101.01
2014-12-01 23:32:19.611999 	|	 VM_Task_13 	|	 0.108	|	138240.0	|	4292	|	43.01
2014-12-01 23:32:25.655466 	|	 VM_Task_13 	|	 0.18	|	167936.0	|	33860	|	0.00
2014-12-01 23:32:31.799013 	|	 VM_Task_13 	|	 0.41	|	192512.0	|	58436	|	0.00
2014-12-01 23:32:37.823821 	|	 VM_Task_13 	|	 0.285	|	192512.0	|	58436	|	0.00
2014-12-01 23:32:43.848641 	|	 VM_Task_13 	|	 0.33	|	152576.0	|	18500	|	0.00
2014-12-01 23:32:49.872676 	|	 VM_Task_13 	|	 0.272	|	152576.0	|	18500	|	0.10
2014-12-01 23:32:56.386275 	|	 VM_Task_13 	|	 0.332	|	166912.0	|	18500	|	6.40
2014-12-01 23:33:02.428625 	|	 VM_Task_13 	|	 0.095	|	138240.0	|	4292	|	0.00
2014-12-01 23:33:08.460516 	|	 VM_Task_13 	|	 0.095	|	151552.0	|	4292	|	0.00
2014-12-01 23:33:14.632041 	|	 VM_Task_13 	|	 0.112	|	138240.0	|	4292	|	27.10
2014-12-01 23:33:20.862240 	|	 VM_Task_13 	|	 0.113	|	147456.0	|	13380	|	50.51
2014-12-01 23:33:26.891736 	|	 VM_Task_13 	|	 0.185	|	160768.0	|	13380	|	0.00
2014-12-01 23:33:32.932860 	|	 VM_Task_13 	|	 0.45	|	173056.0	|	38980	|	0.00
2014-12-01 23:33:50.092933 	|	 VM_Task_13 	|	 0.0	|	176128.0	|	28740	|	48.06
2014-12-01 23:33:56.367511 	|	 VM_Task_13 	|	 0.722	|	173056.0	|	38980	|	29.59
2014-12-01 23:34:02.424560 	|	 VM_Task_13 	|	 0.12	|	216064.0	|	68676	|	0.00
2014-12-01 23:34:08.463334 	|	 VM_Task_13 	|	 0.112	|	202752.0	|	68676	|	21.58
2014-12-01 23:34:14.761174 	|	 VM_Task_13 	|	 0.342	|	151552.0	|	18500	|	60.50
2014-12-01 23:34:20.792923 	|	 VM_Task_13 	|	 0.0	|	160768.0	|	13380	|	0.00
2014-12-01 23:34:26.823003 	|	 VM_Task_13 	|	 0.15	|	147456.0	|	13380	|	0.00
2014-12-01 23:34:33.092694 	|	 VM_Task_13 	|	 0.825	|	181248.0	|	33860	|	0.00
2014-12-01 23:34:39.123936 	|	 VM_Task_13 	|	 0.66	|	167936.0	|	33860	|	11.29
2014-12-01 23:34:45.660662 	|	 VM_Task_13 	|	 0.127	|	142336.0	|	8260	|	22.76
2014-12-01 23:34:51.771154 	|	 VM_Task_13 	|	 0.43	|	160768.0	|	13380	|	0.00
2014-12-01 23:34:57.802656 	|	 VM_Task_13 	|	 0.248	|	147456.0	|	13380	|	0.00
2014-12-01 23:35:11.410175 	|	 VM_Task_13 	|	 0.14	|	147456.0	|	13380	|	2.42
2014-12-01 23:35:19.775991 	|	 VM_Task_13 	|	 0.0	|	160768.0	|	13380	|	101.11
2014-12-01 23:35:26.344415 	|	 VM_Task_13 	|	 0.0	|	161792.0	|	13380	|	11.21
2014-12-01 23:46:07.180223 	|	 VM_Task_13 	|	 0.095	|	185344.0	|	48196	|	0.00
2014-12-01 23:46:13.206462 	|	 VM_Task_13 	|	 0.105	|	185344.0	|	48196	|	18.89
2014-12-01 23:46:19.238664 	|	 VM_Task_13 	|	 0.15	|	145408.0	|	8260	|	99.11
2014-12-01 23:46:25.282131 	|	 VM_Task_13 	|	 0.22	|	145408.0	|	8260	|	0.00
2014-12-01 23:46:31.310003 	|	 VM_Task_13 	|	 0.13	|	145408.0	|	8260	|	0.00
2014-12-01 23:46:37.339487 	|	 VM_Task_13 	|	 0.233	|	155648.0	|	18500	|	0.00
2014-12-01 23:46:43.372764 	|	 VM_Task_13 	|	 0.197	|	155648.0	|	18500	|	0.00
2014-12-01 23:46:49.445868 	|	 VM_Task_13 	|	 0.303	|	165888.0	|	28740	|	0.00
2014-12-01 23:46:55.484110 	|	 VM_Task_13 	|	 0.125	|	141312.0	|	4292	|	37.70
2014-12-01 23:47:01.509208 	|	 VM_Task_13 	|	 0.121	|	157696.0	|	4292	|	101.01
2014-12-01 23:47:07.652849 	|	 VM_Task_13 	|	 0.68	|	177152.0	|	23620	|	100.10
2014-12-01 23:47:13.686373 	|	 VM_Task_13 	|	 0.0	|	177152.0	|	23620	|	100.10
2014-12-01 23:47:27.377573 	|	 VM_Task_13 	|	 0.0	|	187392.0	|	33860	|	100.10
2014-12-01 23:47:33.405337 	|	 VM_Task_13 	|	 0.208	|	160768.0	|	8260	|	0.00
2014-12-01 23:47:39.537128 	|	 VM_Task_13 	|	 0.155	|	165888.0	|	13380	|	0.00
2014-12-01 23:47:47.352561 	|	 VM_Task_13 	|	 0.143	|	165888.0	|	13380	|	61.73
2014-12-01 23:47:53.672233 	|	 VM_Task_13 	|	 0.114	|	138240.0	|	4292	|	0.00
2014-12-01 23:47:59.703455 	|	 VM_Task_13 	|	 0.25	|	167936.0	|	33860	|	0.00
2014-12-01 23:48:32.047419 	|	 VM_Task_13 	|	 1.35	|	152576.0	|	18500	|	59.21
2014-12-01 23:48:38.086030 	|	 VM_Task_13 	|	 0.248	|	151552.0	|	4292	|	0.00
2014-12-01 23:48:44.126601 	|	 VM_Task_13 	|	 0.111	|	138240.0	|	4292	|	0.00
2014-12-01 23:48:50.710177 	|	 VM_Task_13 	|	 0.185	|	151552.0	|	4292	|	45.51
2014-12-01 23:49:30.035917 	|	 VM_Task_13 	|	 0.0	|	174080.0	|	38980	|	42.40
2014-12-01 23:49:36.065435 	|	 VM_Task_13 	|	 0.576	|	173056.0	|	38980	|	0.00
2014-12-01 23:49:42.118605 	|	 VM_Task_13 	|	 0.16	|	216064.0	|	68676	|	0.00
2014-12-01 23:50:18.249497 	|	 VM_Task_13 	|	 0.0	|	142336.0	|	8260	|	105.00
2014-12-01 23:50:24.362425 	|	 VM_Task_13 	|	 0.111	|	142336.0	|	8260	|	0.00
2014-12-01 23:50:30.389760 	|	 VM_Task_13 	|	 0.32	|	147456.0	|	13380	|	0.00
2014-12-01 23:50:36.417403 	|	 VM_Task_13 	|	 0.213	|	147456.0	|	13380	|	0.00
2014-12-01 23:50:42.448170 	|	 VM_Task_13 	|	 0.106	|	147456.0	|	13380	|	0.00
2014-12-01 23:50:51.748230 	|	 VM_Task_13 	|	 0.0	|	160768.0	|	13380	|	74.60
2014-12-01 23:50:57.784088 	|	 VM_Task_13 	|	 0.136	|	147456.0	|	13380	|	0.20
2014-12-01 23:51:03.814955 	|	 VM_Task_13 	|	 0.131	|	147456.0	|	13380	|	0.00
