2014-12-01 15:43:52.879482 	|	 VM_Task_12 	|	 0.0	|	133120.0	|	0.0	|	11.12

2014-12-01 15:44:04.235566 	|	 VM_Task_12 	|	 0.123	|	186368.0	|	48196	|	0.00

2014-12-01 15:44:16.060910 	|	 VM_Task_12 	|	 0.148	|	145408.0	|	8260	|	0.00

2014-12-01 15:44:27.266109 	|	 VM_Task_12 	|	 0.13	|	145408.0	|	8260	|	0.00

2014-12-01 15:44:38.494243 	|	 VM_Task_12 	|	 0.187	|	156672.0	|	18500	|	0.00

2014-12-01 15:44:50.047422 	|	 VM_Task_12 	|	 0.308	|	166912.0	|	28740	|	0.10

2014-12-01 15:45:01.708367 	|	 VM_Task_12 	|	 0.68	|	158720.0	|	23620	|	0.00

2014-12-01 15:45:13.598516 	|	 VM_Task_12 	|	 0.93	|	168960.0	|	33860	|	71.00

2014-12-01 15:45:37.268949 	|	 VM_Task_12 	|	 0.265	|	148480.0	|	13380	|	101.01

2014-12-01 15:45:49.720497 	|	 VM_Task_12 	|	 0.106	|	143360.0	|	4292	|	52.28

2014-12-01 15:46:01.248115 	|	 VM_Task_12 	|	 0.151	|	181248.0	|	58436	|	0.00

2014-12-01 15:46:12.918131 	|	 VM_Task_12 	|	 0.245	|	152576.0	|	18500	|	0.00

2014-12-01 15:46:24.895743 	|	 VM_Task_12 	|	 0.275	|	166912.0	|	18500	|	3.76

2014-12-01 15:46:36.531885 	|	 VM_Task_12 	|	 0.112	|	151552.0	|	4292	|	0.00

2014-12-01 15:46:47.828371 	|	 VM_Task_12 	|	 0.114	|	151552.0	|	4292	|	0.00

2014-12-01 15:47:12.381374 	|	 VM_Task_12 	|	 0.0	|	177152.0	|	28740	|	8.59

2014-12-01 15:47:24.253336 	|	 VM_Task_12 	|	 0.53	|	186368.0	|	38980	|	0.00

2014-12-01 15:47:42.299490 	|	 VM_Task_12 	|	 0.122	|	202752.0	|	68676	|	0.00

2014-12-01 15:47:53.505397 	|	 VM_Task_12 	|	 0.338	|	152576.0	|	18500	|	0.10

2014-12-01 15:48:09.771727 	|	 VM_Task_12 	|	 0.735	|	167936.0	|	33860	|	0.00

2014-12-01 15:48:21.724601 	|	 VM_Task_12 	|	 0.13	|	142336.0	|	8260	|	54.54

2014-12-01 15:48:49.408159 	|	 VM_Task_12 	|	 0.915	|	147456.0	|	13380	|	98.40

2014-12-01 15:49:00.674296 	|	 VM_Task_12 	|	 0.18	|	147456.0	|	13380	|	0.00

2014-12-01 15:49:12.130120 	|	 VM_Task_12 	|	 0.0	|	143360.0	|	13380	|	0.00

2014-12-01 15:49:23.404238 	|	 VM_Task_12 	|	 0.0	|	143360.0	|	13380	|	0.00

2014-12-01 15:49:34.654783 	|	 VM_Task_12 	|	 0.0	|	143360.0	|	13380	|	0.00

2014-12-01 15:49:45.907170 	|	 VM_Task_12 	|	 0.0	|	143360.0	|	13380	|	0.00

2014-12-01 15:49:57.367410 	|	 VM_Task_12 	|	 0.0	|	143360.0	|	13380	|	38.37

2014-12-01 15:50:37.121204 	|	 VM_Task_12 	|	 0.0	|	156672.0	|	13380	|	101.01

2014-12-01 15:50:48.784025 	|	 VM_Task_12 	|	 0.0	|	156672.0	|	13380	|	0.00

2014-12-01 15:51:00.053936 	|	 VM_Task_12 	|	 0.0	|	156672.0	|	13380	|	0.00

2014-12-01 15:51:12.000092 	|	 VM_Task_12 	|	 0.0	|	156672.0	|	13380	|	94.02

2014-12-01 15:51:23.358347 	|	 VM_Task_12 	|	 0.0	|	143360.0	|	13380	|	0.00

2014-12-01 15:51:34.629808 	|	 VM_Task_12 	|	 0.0	|	143360.0	|	13380	|	0.00

2014-12-01 15:51:46.037448 	|	 VM_Task_12 	|	 0.0	|	143360.0	|	13380	|	4.20

2014-12-01 15:52:25.752448 	|	 VM_Task_12 	|	 0.0	|	143360.0	|	13380	|	100.00

2014-12-01 15:52:38.643976 	|	 VM_Task_12 	|	 0.0	|	143360.0	|	13380	|	106.91

2014-12-01 15:52:49.948669 	|	 VM_Task_12 	|	 0.0	|	143360.0	|	13380	|	0.00

2014-12-01 15:53:01.306006 	|	 VM_Task_12 	|	 0.0	|	143360.0	|	13380	|	1.80

2014-12-01 15:53:12.791017 	|	 VM_Task_12 	|	 0.0	|	144384.0	|	13380	|	59.13

2014-12-01 15:53:24.070453 	|	 VM_Task_12 	|	 0.0	|	156672.0	|	13380	|	0.00

2014-12-01 15:53:35.406443 	|	 VM_Task_12 	|	 0.0	|	156672.0	|	13380	|	0.00

2014-12-01 15:54:14.753435 	|	 VM_Task_12 	|	 0.0	|	155648.0	|	13380	|	100.10

2014-12-01 15:54:26.468783 	|	 VM_Task_12 	|	 0.0	|	148480.0	|	13380	|	121.95

2014-12-01 15:54:38.250139 	|	 VM_Task_12 	|	 0.0	|	156672.0	|	13380	|	0.00

2014-12-01 15:54:50.040529 	|	 VM_Task_12 	|	 0.0	|	156672.0	|	13380	|	0.00

2014-12-01 15:55:02.320377 	|	 VM_Task_12 	|	 0.0	|	143360.0	|	13380	|	138.75

2014-12-01 15:55:13.609800 	|	 VM_Task_12 	|	 0.0	|	143360.0	|	13380	|	0.00

2014-12-01 15:55:24.861268 	|	 VM_Task_12 	|	 0.0	|	143360.0	|	13380	|	0.00

2014-12-01 15:55:43.644441 	|	 VM_Task_12 	|	 0.0	|	143360.0	|	13380	|	135.22

2014-12-01 15:55:55.899676 	|	 VM_Task_12 	|	 0.0	|	156672.0	|	13380	|	58.44

2014-12-01 15:56:07.181621 	|	 VM_Task_12 	|	 0.0	|	143360.0	|	13380	|	0.00

2014-12-01 15:56:18.481452 	|	 VM_Task_12 	|	 0.0	|	143360.0	|	13380	|	0.00

2014-12-01 15:56:29.870440 	|	 VM_Task_12 	|	 0.0	|	143360.0	|	13380	|	2.30

2014-12-01 15:56:41.230118 	|	 VM_Task_12 	|	 0.0	|	154624.0	|	13380	|	46.67

2014-12-01 15:56:52.497950 	|	 VM_Task_12 	|	 0.0	|	156672.0	|	13380	|	0.00

2014-12-01 15:57:03.833652 	|	 VM_Task_12 	|	 0.0	|	156672.0	|	13380	|	0.00

2014-12-01 15:57:15.206858 	|	 VM_Task_12 	|	 0.0	|	156672.0	|	13380	|	0.00

2014-12-01 15:57:27.268180 	|	 VM_Task_12 	|	 0.0	|	143360.0	|	13380	|	52.90

2014-12-01 15:57:38.569415 	|	 VM_Task_12 	|	 0.0	|	143360.0	|	13380	|	0.00

2014-12-01 15:57:50.430626 	|	 VM_Task_12 	|	 0.0	|	143360.0	|	13380	|	0.00

2014-12-01 15:58:02.147453 	|	 VM_Task_12 	|	 0.0	|	143360.0	|	13380	|	91.37

2014-12-01 15:58:13.446350 	|	 VM_Task_12 	|	 0.0	|	156672.0	|	13380	|	0.00

2014-12-01 15:58:24.770507 	|	 VM_Task_12 	|	 0.0	|	156672.0	|	13380	|	0.00

2014-12-01 15:58:36.109541 	|	 VM_Task_12 	|	 0.0	|	156672.0	|	13380	|	0.00

2014-12-01 15:58:48.225893 	|	 VM_Task_12 	|	 0.0	|	143360.0	|	13380	|	81.06

2014-12-01 15:58:59.597695 	|	 VM_Task_12 	|	 0.0	|	143360.0	|	13380	|	0.00

2014-12-01 15:59:11.321285 	|	 VM_Task_12 	|	 0.0	|	143360.0	|	13380	|	0.00

2014-12-01 15:59:22.837445 	|	 VM_Task_12 	|	 0.0	|	143360.0	|	13380	|	79.89

2014-12-01 15:59:34.122938 	|	 VM_Task_12 	|	 0.0	|	156672.0	|	13380	|	0.00

2014-12-01 15:59:45.467785 	|	 VM_Task_12 	|	 0.0	|	156672.0	|	13380	|	0.00

2014-12-01 15:59:56.792424 	|	 VM_Task_12 	|	 0.0	|	156672.0	|	13380	|	0.00

2014-12-01 16:00:08.593524 	|	 VM_Task_12 	|	 0.0	|	156672.0	|	13380	|	85.53

2014-12-01 16:00:19.987622 	|	 VM_Task_12 	|	 0.0	|	143360.0	|	13380	|	0.00

2014-12-01 16:00:31.273310 	|	 VM_Task_12 	|	 0.0	|	143360.0	|	13380	|	0.00

2014-12-01 16:00:43.277273 	|	 VM_Task_12 	|	 0.0	|	143360.0	|	13380	|	0.00

2014-12-01 16:00:54.881500 	|	 VM_Task_12 	|	 0.0	|	156672.0	|	13380	|	0.00

2014-12-01 16:01:06.181045 	|	 VM_Task_12 	|	 0.0	|	156672.0	|	13380	|	0.00

2014-12-01 16:01:17.472565 	|	 VM_Task_12 	|	 0.0	|	156672.0	|	13380	|	0.00

2014-12-01 16:01:29.102087 	|	 VM_Task_12 	|	 0.0	|	156672.0	|	13380	|	76.81

2014-12-01 16:01:40.421272 	|	 VM_Task_12 	|	 0.0	|	144384.0	|	13380	|	0.00

2014-12-01 16:01:52.105413 	|	 VM_Task_12 	|	 0.0	|	143360.0	|	13380	|	0.00

2014-12-01 16:02:03.528237 	|	 VM_Task_12 	|	 0.0	|	143360.0	|	13380	|	0.00

2014-12-01 16:02:14.991762 	|	 VM_Task_12 	|	 0.0	|	157696.0	|	13380	|	46.42

2014-12-01 16:02:26.270245 	|	 VM_Task_12 	|	 0.0	|	156672.0	|	13380	|	0.00

2014-12-01 16:02:37.543134 	|	 VM_Task_12 	|	 0.0	|	157696.0	|	13380	|	0.00

2014-12-01 16:02:49.730730 	|	 VM_Task_12 	|	 0.0	|	156672.0	|	13380	|	2.12

2014-12-01 16:03:01.122540 	|	 VM_Task_12 	|	 0.0	|	143360.0	|	13380	|	0.00

2014-12-01 16:03:12.388905 	|	 VM_Task_12 	|	 0.0	|	143360.0	|	13380	|	0.00

2014-12-01 16:03:23.705758 	|	 VM_Task_12 	|	 0.0	|	143360.0	|	13380	|	0.00

2014-12-01 16:03:35.699198 	|	 VM_Task_12 	|	 0.0	|	143360.0	|	13380	|	62.26

2014-12-01 16:03:46.990523 	|	 VM_Task_12 	|	 0.0	|	156672.0	|	13380	|	0.00

2014-12-01 16:03:58.294612 	|	 VM_Task_12 	|	 0.0	|	156672.0	|	13380	|	18.20

2014-12-01 16:04:09.620240 	|	 VM_Task_12 	|	 0.0	|	156672.0	|	13380	|	0.00

2014-12-01 16:04:21.594268 	|	 VM_Task_12 	|	 0.0	|	143360.0	|	13380	|	39.68

2014-12-01 16:04:32.853409 	|	 VM_Task_12 	|	 0.0	|	143360.0	|	13380	|	0.00

2014-12-01 16:04:44.185085 	|	 VM_Task_12 	|	 0.0	|	143360.0	|	13380	|	0.00

2014-12-01 16:04:55.645677 	|	 VM_Task_12 	|	 0.0	|	143360.0	|	13380	|	33.47

2014-12-01 16:05:07.134431 	|	 VM_Task_12 	|	 0.0	|	156672.0	|	13380	|	0.00

2014-12-01 16:05:18.460457 	|	 VM_Task_12 	|	 0.0	|	156672.0	|	13380	|	0.00

2014-12-01 16:05:29.757567 	|	 VM_Task_12 	|	 0.0	|	157696.0	|	13380	|	0.00

2014-12-01 16:05:41.787868 	|	 VM_Task_12 	|	 0.0	|	156672.0	|	13380	|	51.28

2014-12-01 16:05:53.085513 	|	 VM_Task_12 	|	 0.0	|	143360.0	|	13380	|	0.00

2014-12-01 16:06:04.400459 	|	 VM_Task_12 	|	 0.0	|	143360.0	|	13380	|	0.00

2014-12-01 16:06:15.686283 	|	 VM_Task_12 	|	 0.0	|	143360.0	|	13380	|	0.00

2014-12-01 16:06:27.091070 	|	 VM_Task_12 	|	 0.0	|	144384.0	|	13380	|	91.21

2014-12-01 16:06:38.907616 	|	 VM_Task_12 	|	 0.0	|	156672.0	|	13380	|	0.00

2014-12-01 16:06:50.196799 	|	 VM_Task_12 	|	 0.0	|	156672.0	|	13380	|	0.00

2014-12-01 16:07:02.815868 	|	 VM_Task_12 	|	 0.0	|	156672.0	|	13380	|	16.56

2014-12-01 16:07:14.092177 	|	 VM_Task_12 	|	 0.0	|	144384.0	|	13380	|	0.00

2014-12-01 16:07:25.388649 	|	 VM_Task_12 	|	 0.0	|	143360.0	|	13380	|	0.00

2014-12-01 16:07:36.892845 	|	 VM_Task_12 	|	 0.0	|	143360.0	|	13380	|	0.00

2014-12-01 16:07:48.607061 	|	 VM_Task_12 	|	 0.0	|	155648.0	|	13380	|	42.45

2014-12-01 16:07:59.934020 	|	 VM_Task_12 	|	 0.0	|	156672.0	|	13380	|	0.00

2014-12-01 16:08:11.225517 	|	 VM_Task_12 	|	 0.0	|	156672.0	|	13380	|	0.00

2014-12-01 16:08:23.432635 	|	 VM_Task_12 	|	 0.0	|	156672.0	|	13380	|	22.92

2014-12-01 16:08:34.759793 	|	 VM_Task_12 	|	 0.0	|	143360.0	|	13380	|	0.00

2014-12-01 16:08:46.046644 	|	 VM_Task_12 	|	 0.0	|	143360.0	|	13380	|	0.00

2014-12-01 16:08:57.328306 	|	 VM_Task_12 	|	 0.0	|	143360.0	|	13380	|	0.00

2014-12-01 16:09:09.562913 	|	 VM_Task_12 	|	 0.0	|	143360.0	|	13380	|	88.12

2014-12-01 16:09:21.338016 	|	 VM_Task_12 	|	 0.0	|	156672.0	|	13380	|	0.00

2014-12-01 16:09:32.661234 	|	 VM_Task_12 	|	 0.0	|	156672.0	|	13380	|	0.00

2014-12-01 16:09:45.165855 	|	 VM_Task_12 	|	 0.0	|	156672.0	|	13380	|	72.45

2014-12-01 16:09:56.469940 	|	 VM_Task_12 	|	 0.0	|	143360.0	|	13380	|	0.00

2014-12-01 16:10:07.828146 	|	 VM_Task_12 	|	 0.0	|	143360.0	|	13380	|	0.00

2014-12-01 16:10:19.571846 	|	 VM_Task_12 	|	 0.0	|	143360.0	|	13380	|	55.20

2014-12-01 16:10:30.843951 	|	 VM_Task_12 	|	 0.0	|	157696.0	|	13380	|	0.00

2014-12-01 16:10:42.136301 	|	 VM_Task_12 	|	 0.0	|	157696.0	|	13380	|	0.00

2014-12-01 16:10:53.415582 	|	 VM_Task_12 	|	 0.0	|	156672.0	|	13380	|	0.00

2014-12-01 16:11:05.086127 	|	 VM_Task_12 	|	 0.0	|	156672.0	|	13380	|	68.98

2014-12-01 16:11:16.367320 	|	 VM_Task_12 	|	 0.0	|	143360.0	|	13380	|	0.00

