2014-12-01 00:17:11.100896 	|	 VM_Task_16 	|	 10	|	182	|	48196	|	0.00

2014-12-01 00:17:22.419320 	|	 VM_Task_16 	|	 16.3	|	142	|	8260	|	0.00

2014-12-01 00:17:33.691283 	|	 VM_Task_16 	|	 11.8	|	143	|	8260	|	0.00

2014-12-01 00:17:44.968287 	|	 VM_Task_16 	|	 18.1	|	153	|	18500	|	0.00

2014-12-01 00:17:56.247291 	|	 VM_Task_16 	|	 30.1	|	163	|	28740	|	0.00

2014-12-01 00:18:07.489872 	|	 VM_Task_16 	|	 12.1	|	155	|	4292	|	102.04

2014-12-01 00:18:18.868882 	|	 VM_Task_16 	|	 71.3	|	173	|	23620	|	102.14

2014-12-01 00:18:30.103656 	|	 VM_Task_16 	|	 20	|	158	|	8260	|	0.00

2014-12-01 00:18:41.398482 	|	 VM_Task_16 	|	 18.5	|	162	|	13380	|	0.00

2014-12-01 00:18:57.007514 	|	 VM_Task_16 	|	 10.7	|	148	|	4292	|	102.04

2014-12-01 00:19:09.720064 	|	 VM_Task_16 	|	 0	|	174	|	58436	|	32.12

2014-12-01 00:19:21.678810 	|	 VM_Task_16 	|	 25	|	162	|	18500	|	36.60

2014-12-01 00:19:33.458846 	|	 VM_Task_16 	|	 43.5	|	149	|	18500	|	0.00

2014-12-01 00:19:44.787646 	|	 VM_Task_16 	|	 12	|	148	|	4292	|	0.00

2014-12-01 00:19:56.039915 	|	 VM_Task_16 	|	 12	|	148	|	4292	|	0.00

2014-12-01 00:20:07.575391 	|	 VM_Task_16 	|	 16	|	154	|	13380	|	113.15

2014-12-01 00:20:19.040680 	|	 VM_Task_16 	|	 47.5	|	182	|	38980	|	0.10

2014-12-01 00:20:30.691342 	|	 VM_Task_16 	|	 0	|	182	|	38980	|	0.00

2014-12-01 00:20:41.962641 	|	 VM_Task_16 	|	 11.6	|	211	|	68676	|	0.00

2014-12-01 00:20:54.728510 	|	 VM_Task_16 	|	 32.4	|	149	|	18500	|	93.81

2014-12-01 00:21:06.735863 	|	 VM_Task_16 	|	 15.8	|	156	|	13380	|	101.01

2014-12-01 00:21:18.094333 	|	 VM_Task_16 	|	 0	|	178	|	33860	|	99.01

2014-12-01 00:21:29.453986 	|	 VM_Task_16 	|	 12.6	|	157	|	13380	|	0.00

2014-12-01 00:21:40.768056 	|	 VM_Task_16 	|	 22	|	144	|	13380	|	0.00

2014-12-01 00:21:52.178660 	|	 VM_Task_16 	|	 13.3	|	143	|	13380	|	0.00

2014-12-01 00:22:08.530456 	|	 VM_Task_16 	|	 17.5	|	157	|	13380	|	68.47

2014-12-01 00:22:20.197220 	|	 VM_Task_16 	|	 0	|	154	|	13380	|	91.22

2014-12-01 00:22:31.654868 	|	 VM_Task_16 	|	 0	|	153	|	13380	|	107.53

2014-12-01 00:22:43.847379 	|	 VM_Task_16 	|	 0	|	140	|	13380	|	0.00

2014-12-01 00:22:55.095910 	|	 VM_Task_16 	|	 0	|	140	|	13380	|	0.00

2014-12-01 00:23:29.703038 	|	 VM_Task_16 	|	 0	|	153	|	13380	|	101.01

2014-12-01 00:23:41.350876 	|	 VM_Task_16 	|	 0	|	153	|	13380	|	102.04

2014-12-01 00:23:52.616774 	|	 VM_Task_16 	|	 0	|	154	|	13380	|	100.00

2014-12-01 00:24:04.705621 	|	 VM_Task_16 	|	 0	|	139	|	13380	|	22.19

2014-12-01 00:24:25.656607 	|	 VM_Task_16 	|	 0	|	154	|	13380	|	101.01

2014-12-01 00:24:37.544408 	|	 VM_Task_16 	|	 0	|	153	|	13380	|	104.17

2014-12-01 00:24:54.529185 	|	 VM_Task_16 	|	 0	|	153	|	13380	|	89.57

2014-12-01 00:25:19.365644 	|	 VM_Task_16 	|	 0	|	153	|	13380	|	0.00

2014-12-01 00:25:35.154121 	|	 VM_Task_16 	|	 0	|	152	|	13380	|	109.89

2014-12-01 00:25:47.577719 	|	 VM_Task_16 	|	 0	|	140	|	13380	|	0.00

2014-12-01 00:26:16.692912 	|	 VM_Task_16 	|	 0	|	154	|	13380	|	101.01

2014-12-01 00:26:28.533970 	|	 VM_Task_16 	|	 0	|	152	|	13380	|	102.04

2014-12-01 00:26:39.807935 	|	 VM_Task_16 	|	 0	|	154	|	13380	|	100.00

2014-12-01 00:26:51.251010 	|	 VM_Task_16 	|	 0	|	140	|	13380	|	0.00

2014-12-01 00:27:13.266936 	|	 VM_Task_16 	|	 0	|	154	|	13380	|	100.00

2014-12-01 00:27:25.355188 	|	 VM_Task_16 	|	 0	|	140	|	13380	|	85.15

2014-12-01 00:27:37.624227 	|	 VM_Task_16 	|	 0	|	154	|	13380	|	101.01

2014-12-01 00:27:48.881618 	|	 VM_Task_16 	|	 0	|	154	|	13380	|	101.01

2014-12-01 00:28:02.194045 	|	 VM_Task_16 	|	 0	|	140	|	13380	|	101.01

2014-12-01 00:28:18.035487 	|	 VM_Task_16 	|	 0	|	152	|	13380	|	102.04

2014-12-01 00:28:29.582132 	|	 VM_Task_16 	|	 0	|	154	|	13380	|	101.01

2014-12-01 00:28:40.828026 	|	 VM_Task_16 	|	 0	|	154	|	13380	|	100.00

2014-12-01 00:28:52.098891 	|	 VM_Task_16 	|	 0	|	140	|	13380	|	0.00

2014-12-01 00:29:21.238216 	|	 VM_Task_16 	|	 0	|	154	|	13380	|	103.09

2014-12-01 00:29:33.014790 	|	 VM_Task_16 	|	 0	|	150	|	13380	|	104.17

2014-12-01 00:29:44.858535 	|	 VM_Task_16 	|	 0	|	154	|	13380	|	102.04

2014-12-01 00:29:56.339813 	|	 VM_Task_16 	|	 0	|	149	|	13380	|	104.17

2014-12-01 00:30:07.595139 	|	 VM_Task_16 	|	 0	|	155	|	13380	|	101.01

2014-12-01 00:30:23.350128 	|	 VM_Task_16 	|	 0	|	154	|	13380	|	101.01

2014-12-01 00:30:34.640128 	|	 VM_Task_16 	|	 0	|	153	|	13380	|	0.00

2014-12-01 00:30:48.672738 	|	 VM_Task_16 	|	 0	|	150	|	13380	|	104.17

2014-12-01 00:31:00.051285 	|	 VM_Task_16 	|	 0	|	154	|	13380	|	101.01

2014-12-01 00:31:11.300670 	|	 VM_Task_16 	|	 0	|	154	|	13380	|	101.01

2014-12-01 00:31:22.583138 	|	 VM_Task_16 	|	 0	|	154	|	13380	|	101.01

2014-12-01 00:31:33.876217 	|	 VM_Task_16 	|	 0	|	140	|	13380	|	0.00

2014-12-01 00:31:55.127107 	|	 VM_Task_16 	|	 0	|	154	|	13380	|	101.01

2014-12-01 00:32:06.685889 	|	 VM_Task_16 	|	 0	|	148	|	13380	|	105.26

2014-12-01 00:32:17.984646 	|	 VM_Task_16 	|	 0	|	154	|	13380	|	101.01

2014-12-01 00:32:29.222357 	|	 VM_Task_16 	|	 0	|	154	|	13380	|	101.01

2014-12-01 00:32:41.712064 	|	 VM_Task_16 	|	 0	|	152	|	13380	|	102.14

2014-12-01 00:32:54.256940 	|	 VM_Task_16 	|	 0	|	154	|	13380	|	101.11

2014-12-01 00:33:05.616520 	|	 VM_Task_16 	|	 0	|	140	|	13380	|	1.67

2014-12-01 00:33:17.153724 	|	 VM_Task_16 	|	 0	|	153	|	13380	|	36.48

2014-12-01 00:33:28.445656 	|	 VM_Task_16 	|	 0	|	153	|	13380	|	0.00

2014-12-01 00:33:39.704926 	|	 VM_Task_16 	|	 0	|	153	|	13380	|	0.00

