2014-12-01 23:26:27.710959 	|	 VM_Task_100 	|	 0.146	|	147456.0	|	8260	|	0.00
2014-12-01 23:26:33.909236 	|	 VM_Task_100 	|	 1.8	|	147456.0	|	8260	|	0.00
2014-12-01 23:26:40.279161 	|	 VM_Task_100 	|	 0.885	|	148480.0	|	8260	|	0.00
2014-12-01 23:26:46.641143 	|	 VM_Task_100 	|	 0.893	|	148480.0	|	8260	|	0.00
2014-12-01 23:26:52.967869 	|	 VM_Task_100 	|	 0.898	|	147456.0	|	8260	|	0.00
2014-12-01 23:26:59.316702 	|	 VM_Task_100 	|	 0.864	|	148480.0	|	8260	|	0.00
2014-12-01 23:27:05.727145 	|	 VM_Task_100 	|	 0.87	|	157696.0	|	8260	|	0.00
2014-12-01 23:27:12.145306 	|	 VM_Task_100 	|	 0.876	|	145408.0	|	8260	|	0.00
2014-12-01 23:27:18.190430 	|	 VM_Task_100 	|	 0.866	|	144384.0	|	8260	|	0.00
2014-12-01 23:27:24.750330 	|	 VM_Task_100 	|	 0.867	|	157696.0	|	8260	|	33.94
2014-12-01 23:27:35.533168 	|	 VM_Task_100 	|	 0.882	|	154624.0	|	18500	|	0.20
2014-12-01 23:27:41.870136 	|	 VM_Task_100 	|	 0.979	|	155648.0	|	18500	|	0.20
2014-12-01 23:27:48.280171 	|	 VM_Task_100 	|	 1.017	|	165888.0	|	28740	|	0.00
2014-12-01 23:27:55.124269 	|	 VM_Task_100 	|	 1.121	|	141312.0	|	4292	|	0.00
2014-12-01 23:28:01.500100 	|	 VM_Task_100 	|	 0.912	|	143360.0	|	4292	|	0.00
2014-12-01 23:28:07.976442 	|	 VM_Task_100 	|	 1.099	|	163840.0	|	23620	|	0.00
2014-12-01 23:28:14.517925 	|	 VM_Task_100 	|	 1.248	|	176128.0	|	33860	|	0.00
2014-12-01 23:28:21.087356 	|	 VM_Task_100 	|	 1.247	|	178176.0	|	33860	|	0.00
2014-12-01 23:28:27.674149 	|	 VM_Task_100 	|	 1.304	|	153600.0	|	8260	|	11.58
2014-12-01 23:28:34.498171 	|	 VM_Task_100 	|	 1.405	|	160768.0	|	13380	|	0.00
2014-12-01 23:28:40.964723 	|	 VM_Task_100 	|	 1.036	|	163840.0	|	13380	|	20.59
2014-12-01 23:28:47.435615 	|	 VM_Task_100 	|	 0.839	|	149504.0	|	13380	|	29.89
2014-12-01 23:28:53.908183 	|	 VM_Task_100 	|	 0.847	|	149504.0	|	13380	|	100.10
2014-12-01 23:29:00.348147 	|	 VM_Task_100 	|	 0.851	|	149504.0	|	13380	|	2.90
2014-12-01 23:29:06.376517 	|	 VM_Task_100 	|	 0.093	|	149504.0	|	13380	|	56.88
2014-12-01 23:29:12.950986 	|	 VM_Task_100 	|	 0.101	|	149504.0	|	13380	|	9.00
2014-12-01 23:29:18.974550 	|	 VM_Task_100 	|	 0.101	|	149504.0	|	13380	|	0.00
2014-12-01 23:29:24.997989 	|	 VM_Task_100 	|	 0.103	|	149504.0	|	13380	|	0.00
2014-12-01 23:29:31.278080 	|	 VM_Task_100 	|	 0.105	|	162816.0	|	13380	|	21.40
2014-12-01 23:29:37.446398 	|	 VM_Task_100 	|	 0.209	|	153600.0	|	4292	|	0.00
2014-12-01 23:29:43.552091 	|	 VM_Task_100 	|	 0.11	|	140288.0	|	4292	|	0.00
2014-12-01 23:29:49.582362 	|	 VM_Task_100 	|	 0.108	|	153600.0	|	4292	|	0.00
2014-12-01 23:29:55.612810 	|	 VM_Task_100 	|	 0.106	|	140288.0	|	4292	|	0.00
2014-12-01 23:30:01.644307 	|	 VM_Task_100 	|	 0.106	|	153600.0	|	4292	|	55.92
2014-12-01 23:30:07.800152 	|	 VM_Task_100 	|	 0.106	|	154624.0	|	4292	|	8.87
2014-12-01 23:30:17.223196 	|	 VM_Task_100 	|	 0.11	|	140288.0	|	4292	|	99.90
2014-12-01 23:30:24.080992 	|	 VM_Task_100 	|	 0.103	|	140288.0	|	4292	|	101.01
2014-12-01 23:30:30.105766 	|	 VM_Task_100 	|	 0.102	|	140288.0	|	4292	|	100.00
2014-12-01 23:30:36.130719 	|	 VM_Task_100 	|	 0.15	|	169984.0	|	33860	|	0.00
2014-12-01 23:30:42.302510 	|	 VM_Task_100 	|	 0.155	|	178176.0	|	58436	|	0.00
2014-12-01 23:30:48.337637 	|	 VM_Task_100 	|	 0.29	|	194560.0	|	58436	|	0.00
2014-12-01 23:30:54.368366 	|	 VM_Task_100 	|	 0.36	|	167936.0	|	18500	|	0.00
2014-12-01 23:31:00.395496 	|	 VM_Task_100 	|	 0.268	|	154624.0	|	18500	|	0.00
2014-12-01 23:31:06.440142 	|	 VM_Task_100 	|	 0.342	|	167936.0	|	18500	|	0.00
2014-12-01 23:31:13.037193 	|	 VM_Task_100 	|	 0.0	|	140288.0	|	4292	|	0.00
2014-12-01 23:31:19.632155 	|	 VM_Task_100 	|	 0.875	|	140288.0	|	4292	|	0.00
2014-12-01 23:31:25.928221 	|	 VM_Task_100 	|	 1.012	|	140288.0	|	4292	|	14.70
2014-12-01 23:31:32.351163 	|	 VM_Task_100 	|	 0.935	|	141312.0	|	13380	|	0.80
2014-12-01 23:31:39.021166 	|	 VM_Task_100 	|	 0.15	|	149504.0	|	13380	|	86.02
2014-12-01 23:31:45.058193 	|	 VM_Task_100 	|	 0.45	|	188416.0	|	38980	|	0.00
2014-12-01 23:31:52.571385 	|	 VM_Task_100 	|	 0.0	|	147456.0	|	28740	|	10.89
2014-12-01 23:32:25.475300 	|	 VM_Task_100 	|	 0.0	|	168960.0	|	18500	|	100.71
2014-12-01 23:32:31.724187 	|	 VM_Task_100 	|	 0.401	|	167936.0	|	18500	|	0.00
2014-12-01 23:32:37.749330 	|	 VM_Task_100 	|	 0.16	|	162816.0	|	13380	|	0.00
2014-12-01 23:32:43.774234 	|	 VM_Task_100 	|	 1.16	|	183296.0	|	33860	|	0.00
2014-12-01 23:32:49.929080 	|	 VM_Task_100 	|	 0.668	|	183296.0	|	33860	|	0.00
2014-12-01 23:32:56.049726 	|	 VM_Task_100 	|	 0.96	|	157696.0	|	8260	|	0.20
2014-12-01 23:33:02.892165 	|	 VM_Task_100 	|	 0.98	|	145408.0	|	8260	|	0.00
2014-12-01 23:33:09.562197 	|	 VM_Task_100 	|	 0.946	|	144384.0	|	8260	|	0.00
2014-12-01 23:33:16.176206 	|	 VM_Task_100 	|	 0.983	|	144384.0	|	8260	|	0.10
2014-12-01 23:33:22.824100 	|	 VM_Task_100 	|	 0.97	|	144384.0	|	8260	|	0.20
2014-12-01 23:33:29.365118 	|	 VM_Task_100 	|	 0.958	|	145408.0	|	8260	|	0.00
2014-12-01 23:33:35.957177 	|	 VM_Task_100 	|	 0.977	|	144384.0	|	8260	|	99.80
2014-12-01 23:33:42.532141 	|	 VM_Task_100 	|	 0.97	|	144384.0	|	8260	|	53.86
2014-12-01 23:33:49.066226 	|	 VM_Task_100 	|	 0.98	|	145408.0	|	8260	|	85.10
2014-12-01 23:33:55.815091 	|	 VM_Task_100 	|	 1.084	|	150528.0	|	13380	|	0.00
2014-12-01 23:34:02.516485 	|	 VM_Task_100 	|	 1.065	|	150528.0	|	300	|	0.00
2014-12-01 23:34:09.265129 	|	 VM_Task_100 	|	 1.132	|	150528.0	|	13380	|	0.00
2014-12-01 23:34:15.960170 	|	 VM_Task_100 	|	 1.094	|	150528.0	|	13380	|	0.00
2014-12-01 23:34:22.738227 	|	 VM_Task_100 	|	 1.007	|	150528.0	|	13380	|	0.20
2014-12-01 23:34:29.405212 	|	 VM_Task_100 	|	 0.994	|	149504.0	|	13380	|	0.10
2014-12-01 23:34:36.109196 	|	 VM_Task_100 	|	 1.005	|	146432.0	|	13380	|	0.00
2014-12-01 23:34:42.721160 	|	 VM_Task_100 	|	 0.923	|	146432.0	|	13380	|	0.10
2014-12-01 23:39:50.052170 	|	 VM_Task_100 	|	 0.0	|	137216.0	|	0.0	|	9.70
2014-12-01 23:39:56.093093 	|	 VM_Task_100 	|	 0.13	|	149504.0	|	8260	|	77.00
2014-12-01 23:40:02.158647 	|	 VM_Task_100 	|	 0.12	|	189440.0	|	48196	|	0.00
2014-12-01 23:40:08.191653 	|	 VM_Task_100 	|	 0.104	|	189440.0	|	48196	|	59.01
2014-12-01 23:40:14.217728 	|	 VM_Task_100 	|	 0.12	|	149504.0	|	8260	|	0.00
2014-12-01 23:40:20.333260 	|	 VM_Task_100 	|	 0.965	|	149504.0	|	8260	|	99.80
2014-12-01 23:40:26.702065 	|	 VM_Task_100 	|	 0.895	|	149504.0	|	8260	|	0.00
2014-12-01 23:40:33.071090 	|	 VM_Task_100 	|	 0.919	|	149504.0	|	8260	|	0.00
2014-12-01 23:40:39.333047 	|	 VM_Task_100 	|	 0.909	|	149504.0	|	8260	|	0.00
2014-12-01 23:40:45.623281 	|	 VM_Task_100 	|	 0.917	|	149504.0	|	8260	|	0.60
2014-12-01 23:40:51.940139 	|	 VM_Task_100 	|	 0.926	|	150528.0	|	8260	|	0.00
2014-12-01 23:40:58.341173 	|	 VM_Task_100 	|	 0.928	|	154624.0	|	8260	|	0.00
2014-12-01 23:41:04.768292 	|	 VM_Task_100 	|	 0.924	|	154624.0	|	8260	|	5.47
2014-12-01 23:41:11.172377 	|	 VM_Task_100 	|	 0.927	|	161792.0	|	8260	|	2.70
2014-12-01 23:41:17.807089 	|	 VM_Task_100 	|	 0.912	|	145408.0	|	8260	|	0.40
2014-12-01 23:41:24.238069 	|	 VM_Task_100 	|	 0.923	|	146432.0	|	8260	|	0.30
2014-12-01 23:41:30.630000 	|	 VM_Task_100 	|	 0.918	|	146432.0	|	8260	|	0.30
2014-12-01 23:41:36.730995 	|	 VM_Task_100 	|	 0.92	|	150528.0	|	8260	|	19.60
2014-12-01 23:42:12.179056 	|	 VM_Task_100 	|	 0.932	|	146432.0	|	8260	|	0.30
2014-12-01 23:42:18.235070 	|	 VM_Task_100 	|	 0.922	|	146432.0	|	8260	|	6.67
2014-12-01 23:42:24.636842 	|	 VM_Task_100 	|	 0.923	|	146432.0	|	8260	|	0.50
2014-12-01 23:42:31.053355 	|	 VM_Task_100 	|	 0.928	|	146432.0	|	8260	|	8.80
2014-12-01 23:42:37.583122 	|	 VM_Task_100 	|	 0.927	|	147456.0	|	8260	|	0.00
2014-12-01 23:42:43.979652 	|	 VM_Task_100 	|	 0.931	|	151552.0	|	8260	|	14.55
2014-12-01 23:42:50.523084 	|	 VM_Task_100 	|	 1.1	|	169984.0	|	18500	|	2.10
2014-12-01 23:42:57.061085 	|	 VM_Task_100 	|	 1.052	|	156672.0	|	18500	|	12.02
2014-12-01 23:43:03.305282 	|	 VM_Task_100 	|	 1.052	|	166912.0	|	28740	|	1.90
2014-12-01 23:43:09.874913 	|	 VM_Task_100 	|	 1.177	|	141312.0	|	4292	|	0.00
2014-12-01 23:43:16.330080 	|	 VM_Task_100 	|	 1.167	|	142336.0	|	4292	|	0.59
2014-12-01 23:43:22.697128 	|	 VM_Task_100 	|	 1.125	|	161792.0	|	23620	|	0.10
2014-12-01 23:43:29.437035 	|	 VM_Task_100 	|	 1.148	|	151552.0	|	33860	|	50.20
2014-12-01 23:43:36.010189 	|	 VM_Task_100 	|	 1.297	|	172032.0	|	33860	|	100.70
2014-12-01 23:43:42.453085 	|	 VM_Task_100 	|	 1.36	|	146432.0	|	8260	|	99.70
2014-12-01 23:43:53.573495 	|	 VM_Task_100 	|	 1.356	|	142336.0	|	0.0	|	100.90
2014-12-01 23:43:59.965084 	|	 VM_Task_100 	|	 1.124	|	151552.0	|	13380	|	88.80
2014-12-01 23:44:06.418420 	|	 VM_Task_100 	|	 0.925	|	151552.0	|	13380	|	0.00
2014-12-01 23:44:12.908116 	|	 VM_Task_100 	|	 0.934	|	151552.0	|	13380	|	0.00
2014-12-01 23:44:19.295054 	|	 VM_Task_100 	|	 0.939	|	151552.0	|	13380	|	0.00
2014-12-01 23:44:25.934038 	|	 VM_Task_100 	|	 0.938	|	152576.0	|	13380	|	6.36
2014-12-01 23:44:32.390082 	|	 VM_Task_100 	|	 0.942	|	164864.0	|	13380	|	0.00
2014-12-01 23:44:39.026102 	|	 VM_Task_100 	|	 0.939	|	151552.0	|	13380	|	0.10
2014-12-01 23:44:45.530003 	|	 VM_Task_100 	|	 0.937	|	151552.0	|	13380	|	0.10
2014-12-01 23:44:52.038047 	|	 VM_Task_100 	|	 1.041	|	142336.0	|	4292	|	0.00
2014-12-01 23:44:58.498122 	|	 VM_Task_100 	|	 1.02	|	142336.0	|	4292	|	0.40
2014-12-01 23:45:05.044084 	|	 VM_Task_100 	|	 1.021	|	142336.0	|	4292	|	9.49
2014-12-01 23:45:11.090391 	|	 VM_Task_100 	|	 1.012	|	142336.0	|	4292	|	0.00
2014-12-01 23:45:17.707994 	|	 VM_Task_100 	|	 0.916	|	155648.0	|	4292	|	1.88
2014-12-01 23:45:24.350168 	|	 VM_Task_100 	|	 0.918	|	142336.0	|	4292	|	25.68
2014-12-01 23:45:30.794145 	|	 VM_Task_100 	|	 0.915	|	142336.0	|	4292	|	0.00
2014-12-01 23:45:37.423073 	|	 VM_Task_100 	|	 0.917	|	153600.0	|	4292	|	21.86
2014-12-01 23:45:44.013075 	|	 VM_Task_100 	|	 0.914	|	142336.0	|	4292	|	0.00
2014-12-01 23:45:50.606107 	|	 VM_Task_100 	|	 0.98	|	172032.0	|	33860	|	18.65
2014-12-01 23:45:56.689139 	|	 VM_Task_100 	|	 1.026	|	175104.0	|	33860	|	26.77
2014-12-01 23:46:03.201059 	|	 VM_Task_100 	|	 1.156	|	207872.0	|	58436	|	76.53
2014-12-01 23:46:09.685134 	|	 VM_Task_100 	|	 0.96	|	172032.0	|	18500	|	98.93
2014-12-01 23:46:15.939020 	|	 VM_Task_100 	|	 0.823	|	172032.0	|	18500	|	98.82
2014-12-01 23:46:22.212062 	|	 VM_Task_100 	|	 0.273	|	172032.0	|	18500	|	100.10
2014-12-01 23:46:28.239410 	|	 VM_Task_100 	|	 0.273	|	169984.0	|	18500	|	0.00
2014-12-01 23:46:34.295249 	|	 VM_Task_100 	|	 0.273	|	169984.0	|	18500	|	0.00
2014-12-01 23:46:40.946210 	|	 VM_Task_100 	|	 0.898	|	142336.0	|	4292	|	0.40
2014-12-01 23:46:47.467500 	|	 VM_Task_100 	|	 0.913	|	142336.0	|	4292	|	18.10
2014-12-01 23:46:53.888072 	|	 VM_Task_100 	|	 0.947	|	142336.0	|	4292	|	0.00
2014-12-01 23:47:31.559939 	|	 VM_Task_100 	|	 0.0	|	179200.0	|	28740	|	72.99
2014-12-01 23:47:37.726845 	|	 VM_Task_100 	|	 0.615	|	190464.0	|	38980	|	0.00
2014-12-01 23:47:43.831205 	|	 VM_Task_100 	|	 0.52	|	186368.0	|	68676	|	0.00
2014-12-01 23:47:49.867120 	|	 VM_Task_100 	|	 0.135	|	206848.0	|	68676	|	57.96
2014-12-01 23:47:55.946399 	|	 VM_Task_100 	|	 0.48	|	169984.0	|	18500	|	0.00
2014-12-01 23:48:01.992511 	|	 VM_Task_100 	|	 0.361	|	169984.0	|	18500	|	0.00
2014-12-01 23:48:30.395128 	|	 VM_Task_100 	|	 1.445	|	146432.0	|	8260	|	69.49
2014-12-01 23:48:36.798177 	|	 VM_Task_100 	|	 1.007	|	146432.0	|	8260	|	0.00
2014-12-01 23:48:44.299056 	|	 VM_Task_100 	|	 1.017	|	146432.0	|	8260	|	0.10
2014-12-01 23:48:51.079354 	|	 VM_Task_100 	|	 0.957	|	146432.0	|	8260	|	8.57
2014-12-01 23:49:27.600103 	|	 VM_Task_100 	|	 0.954	|	146432.0	|	8260	|	99.21
2014-12-01 23:49:34.048190 	|	 VM_Task_100 	|	 1.035	|	143360.0	|	13380	|	0.20
2014-12-01 23:49:40.746168 	|	 VM_Task_100 	|	 1.05	|	151552.0	|	13380	|	0.20
2014-12-01 23:49:47.459144 	|	 VM_Task_100 	|	 1.139	|	151552.0	|	13380	|	18.60
2014-12-01 23:49:53.900102 	|	 VM_Task_100 	|	 0.942	|	143360.0	|	13380	|	100.20
