2014-12-01 00:19:38.584098 	|	 VM_Task_17 	|	 0	|	132	|	0.0	|	54.08

2014-12-01 00:19:49.972992 	|	 VM_Task_17 	|	 10	|	185	|	48196	|	0.00

2014-12-01 00:20:01.244089 	|	 VM_Task_17 	|	 16	|	146	|	8260	|	0.00

2014-12-01 00:20:13.508657 	|	 VM_Task_17 	|	 11	|	146	|	8260	|	0.00

2014-12-01 00:20:24.894250 	|	 VM_Task_17 	|	 16.8	|	156	|	18500	|	0.00

2014-12-01 00:20:36.133057 	|	 VM_Task_17 	|	 31.7	|	166	|	28740	|	31.82

2014-12-01 00:21:00.572298 	|	 VM_Task_17 	|	 11	|	156	|	4292	|	100.10

2014-12-01 00:21:12.040628 	|	 VM_Task_17 	|	 71.3	|	160	|	8260	|	99.41

2014-12-01 00:21:23.273665 	|	 VM_Task_17 	|	 12.5	|	166	|	13380	|	0.00

2014-12-01 00:21:34.497811 	|	 VM_Task_17 	|	 9.6	|	157	|	4292	|	0.00

2014-12-01 00:21:46.447041 	|	 VM_Task_17 	|	 14.7	|	167	|	33860	|	92.66

2014-12-01 00:21:58.302098 	|	 VM_Task_17 	|	 23.5	|	204	|	58436	|	0.00

2014-12-01 00:22:09.626852 	|	 VM_Task_17 	|	 23.6	|	152	|	18500	|	0.00

2014-12-01 00:22:31.088664 	|	 VM_Task_17 	|	 0	|	151	|	4292	|	99.01

2014-12-01 00:22:42.372718 	|	 VM_Task_17 	|	 15	|	160	|	13380	|	0.00

2014-12-01 00:22:54.055504 	|	 VM_Task_17 	|	 42	|	185	|	38980	|	0.00

2014-12-01 00:23:35.986320 	|	 VM_Task_17 	|	 18.2	|	172	|	113116	|	99.80

2014-12-01 00:23:47.533513 	|	 VM_Task_17 	|	 12.6	|	146	|	13380	|	93.16

2014-12-01 00:23:58.938602 	|	 VM_Task_17 	|	 61.4	|	167	|	33860	|	0.00

2014-12-01 00:24:10.178819 	|	 VM_Task_17 	|	 12.1	|	142	|	8260	|	0.00

2014-12-01 00:24:22.733030 	|	 VM_Task_17 	|	 0	|	157	|	13380	|	103.09

2014-12-01 00:24:35.424446 	|	 VM_Task_17 	|	 18.5	|	161	|	13380	|	101.01

2014-12-01 00:24:46.692400 	|	 VM_Task_17 	|	 12.6	|	160	|	13380	|	0.00

2014-12-01 00:24:58.455724 	|	 VM_Task_17 	|	 0	|	156	|	13380	|	0.00

2014-12-01 00:25:33.988766 	|	 VM_Task_17 	|	 0	|	143	|	13380	|	101.01

2014-12-01 00:25:45.872256 	|	 VM_Task_17 	|	 0	|	143	|	13380	|	101.01

2014-12-01 00:26:03.890584 	|	 VM_Task_17 	|	 0	|	143	|	13380	|	101.01

2014-12-01 00:26:15.129485 	|	 VM_Task_17 	|	 0	|	143	|	13380	|	0.00

2014-12-01 00:26:26.360059 	|	 VM_Task_17 	|	 0	|	143	|	13380	|	0.00

2014-12-01 00:26:38.261590 	|	 VM_Task_17 	|	 0	|	143	|	13380	|	0.00

2014-12-01 00:26:49.502915 	|	 VM_Task_17 	|	 0	|	143	|	13380	|	0.00

2014-12-01 00:27:00.737799 	|	 VM_Task_17 	|	 0	|	143	|	13380	|	0.00

2014-12-01 00:27:11.980246 	|	 VM_Task_17 	|	 0	|	143	|	13380	|	0.00

2014-12-01 00:27:23.250602 	|	 VM_Task_17 	|	 0	|	143	|	13380	|	0.00

2014-12-01 00:27:34.517647 	|	 VM_Task_17 	|	 0	|	143	|	13380	|	0.00

2014-12-01 00:27:45.787221 	|	 VM_Task_17 	|	 0	|	143	|	13380	|	0.00

2014-12-01 00:27:57.243617 	|	 VM_Task_17 	|	 0	|	143	|	13380	|	0.00

2014-12-01 00:28:10.159678 	|	 VM_Task_17 	|	 0	|	143	|	13380	|	0.00

2014-12-01 00:28:21.430200 	|	 VM_Task_17 	|	 0	|	143	|	13380	|	0.00

2014-12-01 00:28:32.687717 	|	 VM_Task_17 	|	 0	|	143	|	13380	|	0.00

2014-12-01 00:28:44.619841 	|	 VM_Task_17 	|	 0	|	143	|	13380	|	0.00

2014-12-01 00:28:55.847319 	|	 VM_Task_17 	|	 0	|	143	|	13380	|	0.00

2014-12-01 00:29:07.084403 	|	 VM_Task_17 	|	 0	|	143	|	13380	|	0.00

2014-12-01 00:29:18.360343 	|	 VM_Task_17 	|	 0	|	143	|	13380	|	0.00

2014-12-01 00:29:29.602170 	|	 VM_Task_17 	|	 0	|	143	|	13380	|	0.00

2014-12-01 00:29:40.890589 	|	 VM_Task_17 	|	 0	|	143	|	13380	|	0.00

2014-12-01 00:29:52.142215 	|	 VM_Task_17 	|	 0	|	143	|	13380	|	0.00

2014-12-01 00:30:03.407018 	|	 VM_Task_17 	|	 0	|	143	|	13380	|	99.20

2014-12-01 00:30:16.175707 	|	 VM_Task_17 	|	 0	|	143	|	13380	|	0.00

2014-12-01 00:30:27.444947 	|	 VM_Task_17 	|	 0	|	143	|	13380	|	0.00

2014-12-01 00:30:38.716765 	|	 VM_Task_17 	|	 0	|	143	|	13380	|	17.92

2014-12-01 00:30:49.956613 	|	 VM_Task_17 	|	 0	|	143	|	13380	|	0.00

2014-12-01 00:31:01.225864 	|	 VM_Task_17 	|	 0	|	143	|	13380	|	0.00

2014-12-01 00:31:12.485540 	|	 VM_Task_17 	|	 0	|	143	|	13380	|	0.00

2014-12-01 00:31:23.738755 	|	 VM_Task_17 	|	 0	|	143	|	13380	|	0.00

2014-12-01 00:31:34.984847 	|	 VM_Task_17 	|	 0	|	143	|	13380	|	0.00

2014-12-01 00:31:46.222265 	|	 VM_Task_17 	|	 0	|	143	|	13380	|	0.00

2014-12-01 00:31:57.501244 	|	 VM_Task_17 	|	 0	|	144	|	13380	|	0.00

2014-12-01 00:32:08.817133 	|	 VM_Task_17 	|	 0	|	143	|	13380	|	0.00

2014-12-01 00:32:20.072998 	|	 VM_Task_17 	|	 0	|	143	|	13380	|	0.00

2014-12-01 00:32:31.330769 	|	 VM_Task_17 	|	 0	|	143	|	13380	|	0.00

2014-12-01 00:32:42.592930 	|	 VM_Task_17 	|	 0	|	144	|	13380	|	0.00

2014-12-01 00:32:53.856255 	|	 VM_Task_17 	|	 0	|	144	|	13380	|	0.00

2014-12-01 00:33:05.120762 	|	 VM_Task_17 	|	 0	|	143	|	13380	|	0.00

2014-12-01 00:33:16.382263 	|	 VM_Task_17 	|	 0	|	143	|	13380	|	0.00

2014-12-01 00:33:27.646989 	|	 VM_Task_17 	|	 0	|	143	|	13380	|	0.00

2014-12-01 00:33:39.472772 	|	 VM_Task_17 	|	 0	|	144	|	13380	|	0.00

