2014-12-16 21:53:29.771178 	|	 VM_Task_11 	|	 0.0	|	131072.0	|	0.0	|	10.00
2014-12-16 21:53:35.931105 	|	 VM_Task_11 	|	 1.17	|	144384.0	|	8260	|	0.00
2014-12-16 21:53:41.963338 	|	 VM_Task_11 	|	 1.06	|	146432.0	|	8260	|	0.00
2014-12-16 21:53:47.984280 	|	 VM_Task_11 	|	 0.98	|	146432.0	|	8260	|	0.00
2014-12-16 21:53:54.005899 	|	 VM_Task_11 	|	 0.986	|	146432.0	|	8260	|	0.00
2014-12-16 21:54:00.026851 	|	 VM_Task_11 	|	 0.99	|	146432.0	|	8260	|	0.00
2014-12-16 21:54:06.049898 	|	 VM_Task_11 	|	 0.992	|	146432.0	|	8260	|	0.00
2014-12-16 21:54:12.071023 	|	 VM_Task_11 	|	 0.993	|	146432.0	|	8260	|	0.00
2014-12-16 21:54:18.093049 	|	 VM_Task_11 	|	 0.995	|	146432.0	|	8260	|	0.00
2014-12-16 21:54:24.115516 	|	 VM_Task_11 	|	 0.996	|	146432.0	|	8260	|	0.00
2014-12-16 21:54:30.349391 	|	 VM_Task_11 	|	 0.997	|	151552.0	|	8260	|	84.90
2014-12-16 21:54:36.387814 	|	 VM_Task_11 	|	 1.0	|	143360.0	|	8260	|	0.00
2014-12-16 21:54:42.419354 	|	 VM_Task_11 	|	 1.0	|	155648.0	|	8260	|	0.00
2014-12-16 21:54:57.048819 	|	 VM_Task_11 	|	 1.03	|	155648.0	|	8260	|	100.10
2014-12-16 21:55:03.984957 	|	 VM_Task_11 	|	 0.995	|	143360.0	|	8260	|	3.20
2014-12-16 21:55:10.018139 	|	 VM_Task_11 	|	 0.989	|	156672.0	|	8260	|	0.00
2014-12-16 21:55:16.051919 	|	 VM_Task_11 	|	 0.99	|	143360.0	|	8260	|	0.00
2014-12-16 21:55:22.084702 	|	 VM_Task_11 	|	 0.991	|	156672.0	|	8260	|	87.60
2014-12-16 21:55:28.119165 	|	 VM_Task_11 	|	 0.991	|	155648.0	|	8260	|	0.00
2014-12-16 21:55:34.156067 	|	 VM_Task_11 	|	 0.992	|	142336.0	|	8260	|	0.00
2014-12-16 21:55:40.190501 	|	 VM_Task_11 	|	 0.993	|	155648.0	|	8260	|	0.00
2014-12-16 21:55:46.232601 	|	 VM_Task_11 	|	 0.993	|	142336.0	|	8260	|	0.00
2014-12-16 21:55:52.371806 	|	 VM_Task_11 	|	 0.994	|	156672.0	|	8260	|	74.80
2014-12-16 21:55:58.434498 	|	 VM_Task_11 	|	 0.994	|	155648.0	|	8260	|	0.00
2014-12-16 21:56:04.466576 	|	 VM_Task_11 	|	 0.994	|	142336.0	|	8260	|	0.00
2014-12-16 21:56:10.499852 	|	 VM_Task_11 	|	 0.994	|	155648.0	|	8260	|	0.00
2014-12-16 21:56:32.484661 	|	 VM_Task_11 	|	 1.0	|	143360.0	|	8260	|	91.00
2014-12-16 21:56:38.731383 	|	 VM_Task_11 	|	 0.991	|	156672.0	|	8260	|	0.10
2014-12-16 21:56:44.763042 	|	 VM_Task_11 	|	 0.992	|	142336.0	|	8260	|	0.00
2014-12-16 21:56:50.799620 	|	 VM_Task_11 	|	 0.992	|	155648.0	|	8260	|	0.00
2014-12-16 21:56:56.832370 	|	 VM_Task_11 	|	 0.992	|	143360.0	|	8260	|	0.20
2014-12-16 21:57:03.152036 	|	 VM_Task_11 	|	 0.993	|	156672.0	|	8260	|	47.60
2014-12-16 21:57:09.235870 	|	 VM_Task_11 	|	 0.99	|	156672.0	|	8260	|	0.00
2014-12-16 21:57:15.266543 	|	 VM_Task_11 	|	 0.99	|	143360.0	|	8260	|	0.00
2014-12-16 21:57:21.300880 	|	 VM_Task_11 	|	 0.991	|	155648.0	|	8260	|	0.00
2014-12-16 21:57:27.333835 	|	 VM_Task_11 	|	 0.991	|	143360.0	|	8260	|	0.10
2014-12-16 21:57:33.691943 	|	 VM_Task_11 	|	 0.991	|	156672.0	|	8260	|	62.50
2014-12-16 21:57:39.727106 	|	 VM_Task_11 	|	 0.993	|	155648.0	|	8260	|	0.00
2014-12-16 21:57:45.755536 	|	 VM_Task_11 	|	 0.993	|	142336.0	|	8260	|	0.00
2014-12-16 21:57:54.213824 	|	 VM_Task_11 	|	 0.994	|	155648.0	|	8260	|	100.00
2014-12-16 21:58:00.341197 	|	 VM_Task_11 	|	 0.992	|	156672.0	|	8260	|	47.40
2014-12-16 21:58:13.002321 	|	 VM_Task_11 	|	 0.989	|	157696.0	|	8260	|	2.70
2014-12-16 21:58:13.412935 	|	 VM_Task_11 	|	 0.989	|	143360.0	|	8260	|	0.00
2014-12-16 21:58:19.453350 	|	 VM_Task_11 	|	 0.989	|	156672.0	|	8260	|	0.00
2014-12-16 21:58:25.489124 	|	 VM_Task_11 	|	 0.99	|	143360.0	|	8260	|	45.20
2014-12-16 21:58:31.971086 	|	 VM_Task_11 	|	 0.991	|	143360.0	|	8260	|	43.50
2014-12-16 21:58:45.930309 	|	 VM_Task_11 	|	 1.088	|	196608.0	|	48196	|	0.00
2014-12-16 21:58:50.386293 	|	 VM_Task_11 	|	 0.105	|	182272.0	|	48196	|	0.00
2014-12-16 21:59:04.624057 	|	 VM_Task_11 	|	 0.13	|	156672.0	|	8260	|	0.00
2014-12-16 21:59:04.626370 	|	 VM_Task_11 	|	 0.141	|	142336.0	|	8260	|	59.80
2014-12-16 21:59:07.575861 	|	 VM_Task_11 	|	 0.16	|	142336.0	|	8260	|	0.00
2014-12-16 21:59:21.683740 	|	 VM_Task_11 	|	 0.0	|	165888.0	|	18500	|	100.00
2014-12-16 21:59:33.426160 	|	 VM_Task_11 	|	 0.0	|	176128.0	|	0.0	|	48.90
2014-12-16 21:59:39.076607 	|	 VM_Task_11 	|	 0.546	|	151552.0	|	4292	|	0.00
2014-12-16 21:59:44.916540 	|	 VM_Task_11 	|	 0.158	|	138240.0	|	4292	|	1.10
2014-12-16 21:59:46.885327 	|	 VM_Task_11 	|	 0.852	|	171008.0	|	23620	|	0.00
2014-12-16 21:59:56.621466 	|	 VM_Task_11 	|	 0.0	|	181248.0	|	33860	|	0.00
2014-12-16 22:00:18.636010 	|	 VM_Task_11 	|	 0.753	|	181248.0	|	33860	|	0.00
2014-12-16 22:00:28.147329 	|	 VM_Task_11 	|	 0.335	|	142336.0	|	8260	|	0.00
2014-12-16 22:00:28.152376 	|	 VM_Task_11 	|	 0.236	|	156672.0	|	8260	|	0.00
2014-12-16 22:00:28.158341 	|	 VM_Task_11 	|	 0.128	|	156672.0	|	13380	|	100.00
2014-12-16 22:00:32.875400 	|	 VM_Task_11 	|	 0.1	|	152576.0	|	4292	|	22.60
2014-12-16 22:00:43.324858 	|	 VM_Task_11 	|	 0.108	|	138240.0	|	4292	|	99.90
2014-12-16 22:00:52.511234 	|	 VM_Task_11 	|	 0.236	|	167936.0	|	33860	|	100.00
2014-12-16 22:00:56.516393 	|	 VM_Task_11 	|	 0.186	|	167936.0	|	33860	|	10.90
2014-12-16 22:01:11.642744 	|	 VM_Task_11 	|	 0.256	|	192512.0	|	58436	|	0.00
2014-12-16 22:01:18.036765 	|	 VM_Task_11 	|	 0.29	|	165888.0	|	18500	|	0.00
2014-12-16 22:01:18.046717 	|	 VM_Task_11 	|	 0.29	|	152576.0	|	18500	|	0.00
2014-12-16 22:01:18.390261 	|	 VM_Task_11 	|	 0.312	|	165888.0	|	18500	|	0.00
2014-12-16 22:01:24.418153 	|	 VM_Task_11 	|	 0.317	|	152576.0	|	18500	|	0.10
2014-12-16 22:01:30.440094 	|	 VM_Task_11 	|	 0.103	|	138240.0	|	4292	|	0.00
2014-12-16 22:01:40.996682 	|	 VM_Task_11 	|	 0.13	|	151552.0	|	4292	|	0.00
2014-12-16 22:01:50.787147 	|	 VM_Task_11 	|	 0.132	|	138240.0	|	4292	|	0.00
2014-12-16 22:02:10.824541 	|	 VM_Task_11 	|	 0.165	|	160768.0	|	13380	|	0.00
2014-12-16 22:02:15.738948 	|	 VM_Task_11 	|	 0.17	|	147456.0	|	13380	|	42.30
2014-12-16 22:02:26.860062 	|	 VM_Task_11 	|	 0.5	|	174080.0	|	38980	|	14.60
2014-12-16 22:02:26.866694 	|	 VM_Task_11 	|	 0.18	|	177152.0	|	28740	|	0.00
2014-12-16 22:02:32.481049 	|	 VM_Task_11 	|	 0.127	|	162816.0	|	28740	|	0.00
2014-12-16 22:02:52.091980 	|	 VM_Task_11 	|	 0.65	|	186368.0	|	38980	|	0.00
2014-12-16 22:03:01.160838 	|	 VM_Task_11 	|	 0.682	|	202752.0	|	68676	|	59.20
2014-12-16 22:03:15.984229 	|	 VM_Task_11 	|	 0.131	|	202752.0	|	68676	|	0.00
2014-12-16 22:03:27.455419 	|	 VM_Task_11 	|	 0.649	|	182272.0	|	33860	|	0.10
2014-12-16 22:03:29.969022 	|	 VM_Task_11 	|	 0.0	|	161792.0	|	0.0	|	12.80
2014-12-16 22:03:29.972336 	|	 VM_Task_11 	|	 0.123	|	143360.0	|	8260	|	0.00
2014-12-16 22:03:29.974246 	|	 VM_Task_11 	|	 0.802	|	167936.0	|	33860	|	0.00
2014-12-16 22:03:29.980674 	|	 VM_Task_11 	|	 0.295	|	161792.0	|	13380	|	4.00
2014-12-16 22:03:40.791955 	|	 VM_Task_11 	|	 0.265	|	147456.0	|	13380	|	0.00
2014-12-16 22:03:45.417881 	|	 VM_Task_11 	|	 0.12	|	160768.0	|	13380	|	0.00
2014-12-16 22:03:45.425044 	|	 VM_Task_11 	|	 0.127	|	148480.0	|	13380	|	0.00
2014-12-16 22:03:53.835280 	|	 VM_Task_11 	|	 0.158	|	161792.0	|	13380	|	0.00
2014-12-16 22:03:55.884557 	|	 VM_Task_11 	|	 0.23	|	147456.0	|	13380	|	4.16
2014-12-16 22:04:01.912754 	|	 VM_Task_11 	|	 0.15	|	160768.0	|	13380	|	0.00
2014-12-16 22:04:07.944249 	|	 VM_Task_11 	|	 0.0	|	143360.0	|	13380	|	0.00
2014-12-16 22:04:14.329501 	|	 VM_Task_11 	|	 0.0	|	157696.0	|	13380	|	6.90
2014-12-16 22:04:21.793876 	|	 VM_Task_11 	|	 0.0	|	157696.0	|	13380	|	4.10
2014-12-16 22:04:26.660509 	|	 VM_Task_11 	|	 0.0	|	144384.0	|	13380	|	0.00
