2014-12-17 02:39:53.131302 	|	 node4 	|	 0.0	|	7633920.0	|	1.0
2014-12-17 02:39:59.164835 	|	 node4 	|	 0.0	|	7631872.0	|	0.0
2014-12-17 02:40:05.186071 	|	 node4 	|	 0.0	|	7624704.0	|	0.0
2014-12-17 02:40:11.227500 	|	 node4 	|	 0.0	|	7666688.0	|	0.0
2014-12-17 02:40:17.254664 	|	 node4 	|	 0.0	|	7622656.0	|	0.0
2014-12-17 02:40:23.278574 	|	 node4 	|	 0.0	|	7623680.0	|	0.0
2014-12-17 02:40:29.307251 	|	 node4 	|	 0.0	|	7624704.0	|	0.0
2014-12-17 02:40:35.334467 	|	 node4 	|	 0.0	|	7624704.0	|	0.0
2014-12-17 02:40:41.365381 	|	 node4 	|	 0.0	|	7625728.0	|	0.0
2014-12-17 02:40:47.378348 	|	 node4 	|	 0.0	|	7626752.0	|	0.0
2014-12-17 02:40:53.401719 	|	 node4 	|	 0.0	|	7627776.0	|	0.0
2014-12-17 02:40:59.420839 	|	 node4 	|	 0.0	|	7628800.0	|	0.0
2014-12-17 02:41:05.455718 	|	 node4 	|	 0.0	|	7629824.0	|	0.0
2014-12-17 02:41:11.490578 	|	 node4 	|	 0.0	|	7675904.0	|	0.0
2014-12-17 02:41:17.521763 	|	 node4 	|	 0.0	|	7631872.0	|	0.0
2014-12-17 02:41:23.536544 	|	 node4 	|	 0.0	|	7632896.0	|	0.0
2014-12-17 02:41:29.566211 	|	 node4 	|	 0.0	|	7634944.0	|	0.0
2014-12-17 02:41:35.589291 	|	 node4 	|	 0.0	|	7633920.0	|	0.0
2014-12-17 02:41:41.609356 	|	 node4 	|	 0.0	|	7634944.0	|	0.0
2014-12-17 02:41:47.634872 	|	 node4 	|	 0.0	|	7633920.0	|	0.0
2014-12-17 02:41:53.656885 	|	 node4 	|	 0.0	|	7635968.0	|	0.0
2014-12-17 02:42:58.346054 	|	 node4 	|	 0.0	|	7650304.0	|	1.0
2014-12-17 02:43:04.381800 	|	 node4 	|	 0.0	|	7645184.0	|	0.0
2014-12-17 02:43:10.421997 	|	 node4 	|	 0.0	|	7689216.0	|	0.0
2014-12-17 02:43:16.446400 	|	 node4 	|	 0.0	|	7689216.0	|	0.0
2014-12-17 02:43:22.472742 	|	 node4 	|	 0.0	|	7644160.0	|	0.0
2014-12-17 02:44:11.716276 	|	 node4 	|	 0.0	|	7696384.0	|	0.0
2014-12-17 02:44:17.744654 	|	 node4 	|	 0.0	|	7661568.0	|	0.0
2014-12-17 02:44:23.768124 	|	 node4 	|	 0.0	|	7660544.0	|	0.0
2014-12-17 02:44:29.804617 	|	 node4 	|	 0.0	|	7662592.0	|	0.0
2014-12-17 02:44:35.827790 	|	 node4 	|	 0.0	|	7663616.0	|	0.0
2014-12-17 02:44:41.850620 	|	 node4 	|	 0.0	|	7663616.0	|	0.0
2014-12-17 02:44:47.869847 	|	 node4 	|	 0.0	|	7664640.0	|	0.0
2014-12-17 02:44:53.888161 	|	 node4 	|	 0.0	|	7665664.0	|	0.0
2014-12-17 02:44:59.910223 	|	 node4 	|	 0.0	|	7666688.0	|	0.0
2014-12-17 02:45:05.943729 	|	 node4 	|	 0.0	|	7662592.0	|	0.0
2014-12-17 02:45:11.985309 	|	 node4 	|	 0.0	|	7704576.0	|	0.0
2014-12-17 02:45:18.026185 	|	 node4 	|	 0.0	|	7676928.0	|	0.0
2014-12-17 02:45:24.049166 	|	 node4 	|	 0.0	|	7676928.0	|	0.0
2014-12-17 02:45:30.073689 	|	 node4 	|	 0.0	|	7662592.0	|	0.0
2014-12-17 02:45:36.091814 	|	 node4 	|	 0.0	|	7663616.0	|	0.0
2014-12-17 02:45:42.109547 	|	 node4 	|	 0.0	|	7663616.0	|	0.0
2014-12-17 02:45:48.132685 	|	 node4 	|	 0.0	|	7664640.0	|	0.0
2014-12-17 02:45:54.153953 	|	 node4 	|	 0.0	|	7653376.0	|	0.0
2014-12-17 02:46:00.175443 	|	 node4 	|	 0.0	|	7655424.0	|	0.0
2014-12-17 02:46:06.218873 	|	 node4 	|	 0.0	|	7675904.0	|	0.0
2014-12-17 02:46:12.253946 	|	 node4 	|	 0.0	|	7634944.0	|	0.0
2014-12-17 02:46:18.277861 	|	 node4 	|	 0.0	|	7590912.0	|	0.0
2014-12-17 02:46:24.299642 	|	 node4 	|	 0.0	|	7589888.0	|	0.0
2014-12-17 02:46:30.327550 	|	 node4 	|	 0.0	|	7590912.0	|	0.0
2014-12-17 02:46:36.347869 	|	 node4 	|	 0.0	|	7590912.0	|	0.0
2014-12-17 02:46:42.371925 	|	 node4 	|	 0.0	|	7590912.0	|	0.0
2014-12-17 02:46:48.396576 	|	 node4 	|	 0.0	|	7592960.0	|	0.0
2014-12-17 02:46:54.419023 	|	 node4 	|	 0.0	|	7591936.0	|	0.0
2014-12-17 02:47:00.440455 	|	 node4 	|	 0.0	|	7591936.0	|	0.0
2014-12-17 02:47:06.478775 	|	 node4 	|	 0.0	|	7638016.0	|	0.0
2014-12-17 02:47:12.511966 	|	 node4 	|	 0.0	|	7638016.0	|	0.0
2014-12-17 02:47:18.541406 	|	 node4 	|	 0.0	|	7590912.0	|	0.0
2014-12-17 02:47:24.566300 	|	 node4 	|	 0.0	|	7590912.0	|	0.0
2014-12-17 02:47:30.593068 	|	 node4 	|	 0.0	|	7591936.0	|	0.0
2014-12-17 02:47:36.615564 	|	 node4 	|	 0.0	|	7591936.0	|	0.0
2014-12-17 02:47:42.641475 	|	 node4 	|	 0.0	|	7592960.0	|	0.0
2014-12-17 02:47:48.660386 	|	 node4 	|	 0.0	|	7592960.0	|	0.0
2014-12-17 02:47:54.681860 	|	 node4 	|	 0.0	|	7592960.0	|	0.0
2014-12-17 02:48:00.706192 	|	 node4 	|	 0.0	|	7596032.0	|	0.0
2014-12-17 02:48:06.749373 	|	 node4 	|	 0.0	|	7649280.0	|	0.0
2014-12-17 02:48:12.780789 	|	 node4 	|	 0.0	|	7646208.0	|	0.0
2014-12-17 02:48:18.809391 	|	 node4 	|	 0.0	|	7604224.0	|	0.0
2014-12-17 02:48:24.830560 	|	 node4 	|	 0.0	|	7604224.0	|	0.0
2014-12-17 02:48:30.856424 	|	 node4 	|	 0.0	|	7604224.0	|	0.0
2014-12-17 02:48:36.876761 	|	 node4 	|	 0.0	|	7605248.0	|	0.0
2014-12-17 02:48:42.898247 	|	 node4 	|	 0.0	|	7605248.0	|	0.0
2014-12-17 02:48:48.922128 	|	 node4 	|	 0.0	|	7606272.0	|	0.0
2014-12-17 02:48:54.942504 	|	 node4 	|	 0.0	|	7607296.0	|	0.0
2014-12-17 02:49:00.968765 	|	 node4 	|	 0.0	|	7607296.0	|	0.0
2014-12-17 02:50:42.704037 	|	 node4 	|	 0.0	|	7627776.0	|	1.0
2014-12-17 02:50:48.732900 	|	 node4 	|	 0.0	|	7615488.0	|	0.0
2014-12-17 02:50:54.753622 	|	 node4 	|	 0.0	|	7615488.0	|	0.0
2014-12-17 02:51:00.775473 	|	 node4 	|	 0.0	|	7615488.0	|	0.0
2014-12-17 02:51:06.825084 	|	 node4 	|	 0.0	|	7668736.0	|	0.0
2014-12-17 02:51:12.867140 	|	 node4 	|	 0.0	|	6775808.0	|	0.0
2014-12-17 02:51:18.894512 	|	 node4 	|	 0.0	|	6726656.0	|	0.0
2014-12-17 02:51:24.915044 	|	 node4 	|	 0.0	|	6726656.0	|	0.0
2014-12-17 02:51:30.941421 	|	 node4 	|	 0.0	|	6727680.0	|	0.0
2014-12-17 02:51:36.979697 	|	 node4 	|	 0.0	|	5873664.0	|	0.0
2014-12-17 02:51:43.004568 	|	 node4 	|	 0.0	|	5873664.0	|	0.0
2014-12-17 02:51:49.024187 	|	 node4 	|	 0.0	|	5874688.0	|	0.0
2014-12-17 02:51:55.047083 	|	 node4 	|	 0.0	|	5870592.0	|	0.0
2014-12-17 02:52:01.069287 	|	 node4 	|	 0.0	|	5874688.0	|	0.0
2014-12-17 02:52:07.107026 	|	 node4 	|	 0.0	|	5922816.0	|	0.0
2014-12-17 02:52:13.134507 	|	 node4 	|	 0.0	|	5921792.0	|	0.0
2014-12-17 02:52:19.161155 	|	 node4 	|	 0.0	|	5876736.0	|	0.0
2014-12-17 02:52:25.184443 	|	 node4 	|	 0.0	|	5877760.0	|	0.0
2014-12-17 02:52:31.216751 	|	 node4 	|	 0.0	|	5877760.0	|	0.0
2014-12-17 02:52:37.237534 	|	 node4 	|	 0.0	|	5878784.0	|	0.0
2014-12-17 02:52:43.260198 	|	 node4 	|	 0.0	|	5878784.0	|	0.0
2014-12-17 02:52:49.276137 	|	 node4 	|	 0.0	|	5879808.0	|	0.0
2014-12-17 02:52:55.296631 	|	 node4 	|	 0.0	|	5880832.0	|	0.0
2014-12-17 02:53:01.318088 	|	 node4 	|	 0.0	|	5877760.0	|	0.0
2014-12-17 02:53:07.358986 	|	 node4 	|	 0.0	|	5925888.0	|	0.0
2014-12-17 02:53:13.386616 	|	 node4 	|	 0.0	|	5922816.0	|	0.0
2014-12-17 02:53:19.409239 	|	 node4 	|	 0.0	|	5878784.0	|	0.0
2014-12-17 02:53:25.429749 	|	 node4 	|	 0.0	|	5878784.0	|	0.0
2014-12-17 02:53:31.467287 	|	 node4 	|	 0.0	|	5884928.0	|	0.0
2014-12-17 02:53:37.493299 	|	 node4 	|	 0.0	|	5890048.0	|	0.0
2014-12-17 02:53:43.524464 	|	 node4 	|	 0.0	|	5904384.0	|	0.0
2014-12-17 02:53:49.540379 	|	 node4 	|	 0.0	|	5901312.0	|	0.0
2014-12-17 02:53:55.561794 	|	 node4 	|	 0.0	|	5884928.0	|	0.0
2014-12-17 02:54:01.586461 	|	 node4 	|	 0.0	|	5890048.0	|	0.0
2014-12-17 02:54:07.633896 	|	 node4 	|	 0.0	|	5941248.0	|	0.0
2014-12-17 02:54:13.667605 	|	 node4 	|	 0.0	|	5940224.0	|	0.0
2014-12-17 02:54:19.695931 	|	 node4 	|	 0.0	|	5908480.0	|	0.0
2014-12-17 02:54:25.711490 	|	 node4 	|	 0.0	|	5927936.0	|	0.0
2014-12-17 02:54:31.737637 	|	 node4 	|	 0.0	|	5920768.0	|	0.0
2014-12-17 02:54:37.761878 	|	 node4 	|	 0.0	|	5924864.0	|	0.0
2014-12-17 02:54:43.788815 	|	 node4 	|	 0.0	|	5932032.0	|	0.0
2014-12-17 02:54:49.815489 	|	 node4 	|	 0.0	|	5932032.0	|	0.0
2014-12-17 02:54:55.842379 	|	 node4 	|	 0.0	|	5935104.0	|	0.0
2014-12-17 02:55:01.869710 	|	 node4 	|	 0.0	|	5895168.0	|	0.0
2014-12-17 02:55:07.904953 	|	 node4 	|	 0.0	|	5918720.0	|	0.0
2014-12-17 02:55:13.935706 	|	 node4 	|	 0.0	|	5927936.0	|	0.0
2014-12-17 02:55:19.962637 	|	 node4 	|	 0.0	|	5883904.0	|	0.0
2014-12-17 02:55:25.984408 	|	 node4 	|	 0.0	|	5884928.0	|	0.0
2014-12-17 02:55:32.018395 	|	 node4 	|	 0.0	|	5893120.0	|	0.0
2014-12-17 02:55:38.043769 	|	 node4 	|	 0.0	|	5893120.0	|	0.0
2014-12-17 02:55:44.067751 	|	 node4 	|	 0.0	|	5893120.0	|	0.0
2014-12-17 02:55:50.100033 	|	 node4 	|	 0.0	|	5855232.0	|	1.0
2014-12-17 02:55:56.136653 	|	 node4 	|	 0.0	|	5882880.0	|	0.0
2014-12-17 02:56:02.159962 	|	 node4 	|	 0.0	|	5889024.0	|	0.0
2014-12-17 02:56:08.199344 	|	 node4 	|	 0.0	|	5942272.0	|	0.0
2014-12-17 02:56:14.224447 	|	 node4 	|	 0.0	|	5945344.0	|	0.0
2014-12-17 02:56:20.248398 	|	 node4 	|	 0.0	|	5898240.0	|	0.0
2014-12-17 02:56:26.269199 	|	 node4 	|	 0.0	|	5906432.0	|	0.0
2014-12-17 02:56:32.298192 	|	 node4 	|	 0.0	|	5911552.0	|	0.0
2014-12-17 02:56:38.323009 	|	 node4 	|	 0.0	|	5917696.0	|	0.0
2014-12-17 02:56:44.343056 	|	 node4 	|	 0.0	|	5916672.0	|	0.0
2014-12-17 02:56:50.363816 	|	 node4 	|	 0.0	|	5920768.0	|	1.0
2014-12-17 02:56:56.403300 	|	 node4 	|	 0.0	|	5932032.0	|	0.0
2014-12-17 02:57:02.429530 	|	 node4 	|	 0.0	|	5931008.0	|	0.0
2014-12-17 02:57:08.463938 	|	 node4 	|	 0.0	|	6127616.0	|	0.0
2014-12-17 02:57:14.491011 	|	 node4 	|	 0.0	|	6142976.0	|	0.0
2014-12-17 02:57:20.511311 	|	 node4 	|	 0.0	|	6245376.0	|	0.0
2014-12-17 02:57:26.533870 	|	 node4 	|	 0.0	|	6248448.0	|	0.0
2014-12-17 02:57:32.566607 	|	 node4 	|	 0.0	|	6246400.0	|	0.0
2014-12-17 02:57:38.586741 	|	 node4 	|	 0.0	|	6247424.0	|	0.0
2014-12-17 02:57:44.607816 	|	 node4 	|	 0.0	|	6247424.0	|	0.0
2014-12-17 02:57:50.644987 	|	 node4 	|	 0.0	|	6251520.0	|	0.0
2014-12-17 02:57:56.665529 	|	 node4 	|	 0.0	|	6251520.0	|	0.0
2014-12-17 02:58:02.699374 	|	 node4 	|	 0.0	|	6841344.0	|	1.0
2014-12-17 02:58:08.735556 	|	 node4 	|	 0.0	|	6900736.0	|	1.0
2014-12-17 02:58:14.762863 	|	 node4 	|	 0.0	|	6937600.0	|	1.0
2014-12-17 02:58:20.783448 	|	 node4 	|	 0.0	|	6851584.0	|	1.0
2014-12-17 02:58:27.544510 	|	 node4 	|	 0.0	|	6207488.0	|	1.0
2014-12-17 02:58:33.776386 	|	 node4 	|	 0.0	|	6076416.0	|	1.0
2014-12-17 02:58:39.800239 	|	 node4 	|	 0.0	|	6088704.0	|	1.0
2014-12-17 02:58:45.823638 	|	 node4 	|	 0.0	|	6088704.0	|	1.0
2014-12-17 02:58:51.841198 	|	 node4 	|	 0.0	|	6098944.0	|	0.1
2014-12-17 02:58:57.862143 	|	 node4 	|	 0.0	|	6099968.0	|	0.0
2014-12-17 02:59:03.888248 	|	 node4 	|	 0.0	|	6087680.0	|	1.0
2014-12-17 02:59:09.932004 	|	 node4 	|	 0.0	|	6155264.0	|	1.0
2014-12-17 02:59:15.960369 	|	 node4 	|	 0.0	|	6152192.0	|	0.0
2014-12-17 02:59:21.979849 	|	 node4 	|	 0.0	|	6117376.0	|	0.1
2014-12-17 03:00:28.057348 	|	 node4 	|	 0.0	|	6119424.0	|	1.0
2014-12-17 03:00:34.090159 	|	 node4 	|	 0.0	|	6118400.0	|	0.0
2014-12-17 03:00:40.112915 	|	 node4 	|	 0.0	|	6105088.0	|	0.0
2014-12-17 03:00:46.138882 	|	 node4 	|	 0.0	|	6106112.0	|	0.0
2014-12-17 03:00:52.159009 	|	 node4 	|	 0.0	|	6107136.0	|	0.9
2014-12-17 03:00:58.176011 	|	 node4 	|	 0.0	|	6108160.0	|	0.0
2014-12-17 03:01:04.210878 	|	 node4 	|	 0.0	|	6125568.0	|	0.0
2014-12-17 03:01:10.247598 	|	 node4 	|	 0.0	|	6173696.0	|	0.0
2014-12-17 03:01:16.271871 	|	 node4 	|	 0.0	|	6151168.0	|	0.0
2014-12-17 03:01:22.295658 	|	 node4 	|	 0.0	|	6095872.0	|	0.1
2014-12-17 03:01:28.311649 	|	 node4 	|	 0.0	|	6095872.0	|	0.0
2014-12-17 03:01:34.336860 	|	 node4 	|	 0.0	|	6106112.0	|	0.0
2014-12-17 03:01:40.356538 	|	 node4 	|	 0.0	|	6135808.0	|	0.0
2014-12-17 03:01:46.382222 	|	 node4 	|	 0.0	|	6134784.0	|	0.0
2014-12-17 03:01:52.402915 	|	 node4 	|	 0.0	|	6084608.0	|	1.0
2014-12-17 03:01:58.421702 	|	 node4 	|	 0.0	|	6085632.0	|	0.0
2014-12-17 03:02:04.450694 	|	 node4 	|	 0.0	|	6074368.0	|	0.0
2014-12-17 03:02:10.490803 	|	 node4 	|	 0.0	|	6136832.0	|	0.0
2014-12-17 03:02:16.517238 	|	 node4 	|	 0.0	|	6093824.0	|	0.1
2014-12-17 03:02:22.541463 	|	 node4 	|	 0.0	|	6069248.0	|	0.0
2014-12-17 03:02:28.561068 	|	 node4 	|	 0.0	|	6068224.0	|	0.0
2014-12-17 03:02:34.588256 	|	 node4 	|	 0.0	|	6075392.0	|	0.0
2014-12-17 03:02:40.609498 	|	 node4 	|	 0.0	|	6075392.0	|	0.0
2014-12-17 03:02:46.633489 	|	 node4 	|	 0.0	|	6076416.0	|	0.0
2014-12-17 03:02:52.652244 	|	 node4 	|	 0.0	|	6076416.0	|	0.0
2014-12-17 03:02:58.670473 	|	 node4 	|	 0.0	|	6076416.0	|	0.0
2014-12-17 03:03:04.702272 	|	 node4 	|	 0.0	|	6079488.0	|	0.0
2014-12-17 03:03:10.741336 	|	 node4 	|	 0.0	|	6120448.0	|	0.0
2014-12-17 03:03:16.769342 	|	 node4 	|	 0.0	|	6076416.0	|	0.0
2014-12-17 03:03:22.794493 	|	 node4 	|	 0.0	|	6079488.0	|	0.0
2014-12-17 03:03:28.811070 	|	 node4 	|	 0.0	|	6077440.0	|	0.0
2014-12-17 03:03:34.833164 	|	 node4 	|	 0.0	|	6078464.0	|	0.0
2014-12-17 03:03:40.853756 	|	 node4 	|	 0.0	|	6080512.0	|	0.0
2014-12-17 03:03:46.875494 	|	 node4 	|	 0.0	|	6074368.0	|	0.0
2014-12-17 03:03:52.896678 	|	 node4 	|	 0.0	|	6074368.0	|	0.0
2014-12-17 03:03:58.916960 	|	 node4 	|	 0.0	|	6074368.0	|	0.0
2014-12-17 03:04:04.946861 	|	 node4 	|	 0.0	|	6075392.0	|	1.0
2014-12-17 03:04:10.983366 	|	 node4 	|	 0.0	|	6119424.0	|	0.0
2014-12-17 03:04:17.003862 	|	 node4 	|	 0.0	|	6074368.0	|	0.0
2014-12-17 03:04:23.025647 	|	 node4 	|	 0.0	|	6075392.0	|	0.0
2014-12-17 03:04:29.046969 	|	 node4 	|	 0.0	|	6076416.0	|	0.0
2014-12-17 03:04:35.072686 	|	 node4 	|	 0.0	|	6076416.0	|	0.0
2014-12-17 03:04:41.096311 	|	 node4 	|	 0.0	|	6077440.0	|	0.0
2014-12-17 03:04:47.116315 	|	 node4 	|	 0.0	|	6078464.0	|	0.0
2014-12-17 03:04:53.141473 	|	 node4 	|	 0.0	|	6077440.0	|	0.0
2014-12-17 03:04:59.162548 	|	 node4 	|	 0.0	|	6078464.0	|	0.0
2014-12-17 03:05:05.190685 	|	 node4 	|	 0.0	|	6082560.0	|	0.0
2014-12-17 03:05:11.225659 	|	 node4 	|	 0.0	|	6128640.0	|	0.0
2014-12-17 03:05:17.250980 	|	 node4 	|	 0.0	|	6084608.0	|	0.0
2014-12-17 03:05:23.273261 	|	 node4 	|	 0.0	|	6083584.0	|	0.0
2014-12-17 03:05:29.305913 	|	 node4 	|	 0.0	|	6084608.0	|	0.0
2014-12-17 03:05:35.329878 	|	 node4 	|	 0.0	|	6085632.0	|	0.0
2014-12-17 03:05:41.356849 	|	 node4 	|	 0.0	|	6086656.0	|	0.0
2014-12-17 03:05:47.372956 	|	 node4 	|	 0.0	|	6087680.0	|	0.1
2014-12-17 03:05:53.390571 	|	 node4 	|	 0.0	|	6087680.0	|	0.0
2014-12-17 03:05:59.416016 	|	 node4 	|	 0.0	|	6088704.0	|	0.0
2014-12-17 03:06:23.082981 	|	 node4 	|	 0.0	|	6093824.0	|	0.0
2014-12-17 03:06:29.105391 	|	 node4 	|	 0.0	|	6099968.0	|	0.0
2014-12-17 03:06:35.129545 	|	 node4 	|	 0.0	|	6100992.0	|	0.0
2014-12-17 03:06:41.150642 	|	 node4 	|	 0.0	|	6099968.0	|	0.0
2014-12-17 03:06:47.168848 	|	 node4 	|	 0.0	|	6099968.0	|	0.0
2014-12-17 03:06:53.192216 	|	 node4 	|	 0.0	|	6100992.0	|	0.1
2014-12-17 03:06:59.216115 	|	 node4 	|	 0.0	|	6102016.0	|	0.0
2014-12-17 03:07:05.244339 	|	 node4 	|	 0.0	|	6107136.0	|	0.0
2014-12-17 03:07:11.279924 	|	 node4 	|	 0.0	|	6151168.0	|	0.0
2014-12-17 03:07:17.306273 	|	 node4 	|	 0.0	|	6107136.0	|	0.0
2014-12-17 03:07:23.326373 	|	 node4 	|	 0.0	|	6107136.0	|	0.0
2014-12-17 03:07:29.351029 	|	 node4 	|	 0.0	|	6108160.0	|	0.0
2014-12-17 03:07:35.372800 	|	 node4 	|	 0.0	|	6108160.0	|	0.0
2014-12-17 03:07:41.398006 	|	 node4 	|	 0.0	|	6109184.0	|	0.0
2014-12-17 03:07:47.422860 	|	 node4 	|	 0.0	|	6110208.0	|	0.0
2014-12-17 03:07:53.443378 	|	 node4 	|	 0.0	|	6110208.0	|	0.0
2014-12-17 03:07:59.463050 	|	 node4 	|	 0.0	|	6111232.0	|	0.0
2014-12-17 03:08:05.504370 	|	 node4 	|	 0.0	|	6128640.0	|	0.0
2014-12-17 03:08:11.541489 	|	 node4 	|	 0.0	|	6150144.0	|	0.0
2014-12-17 03:08:17.571054 	|	 node4 	|	 0.0	|	6105088.0	|	0.0
2014-12-17 03:08:23.597672 	|	 node4 	|	 0.0	|	6106112.0	|	0.0
2014-12-17 03:08:29.628333 	|	 node4 	|	 0.0	|	6087680.0	|	0.0
2014-12-17 03:08:35.647332 	|	 node4 	|	 0.0	|	6064128.0	|	0.0
2014-12-17 03:09:28.140196 	|	 node4 	|	 0.0	|	6069248.0	|	0.0
2014-12-17 03:09:34.170487 	|	 node4 	|	 0.0	|	6065152.0	|	0.0
2014-12-17 03:09:40.192871 	|	 node4 	|	 0.0	|	6066176.0	|	0.0
2014-12-17 03:09:46.215464 	|	 node4 	|	 0.0	|	6066176.0	|	0.0
2014-12-17 03:09:52.240240 	|	 node4 	|	 0.0	|	6067200.0	|	0.0
2014-12-17 03:09:58.257694 	|	 node4 	|	 0.0	|	6068224.0	|	0.0
2014-12-17 03:10:04.295620 	|	 node4 	|	 0.0	|	6083584.0	|	0.0
2014-12-17 03:10:10.334650 	|	 node4 	|	 0.0	|	6126592.0	|	0.0
2014-12-17 03:10:16.359565 	|	 node4 	|	 0.0	|	6083584.0	|	0.0
2014-12-17 03:10:22.382643 	|	 node4 	|	 0.0	|	6083584.0	|	0.0
2014-12-17 03:10:28.405098 	|	 node4 	|	 0.0	|	6084608.0	|	0.0
2014-12-17 03:10:34.430967 	|	 node4 	|	 0.0	|	6086656.0	|	0.1
2014-12-17 03:10:40.452626 	|	 node4 	|	 0.0	|	6086656.0	|	0.0
2014-12-17 03:10:46.470177 	|	 node4 	|	 0.0	|	6086656.0	|	0.0
2014-12-17 03:10:52.491077 	|	 node4 	|	 0.0	|	6087680.0	|	0.0
2014-12-17 03:10:58.513927 	|	 node4 	|	 0.0	|	6088704.0	|	0.0
2014-12-17 03:11:04.546535 	|	 node4 	|	 0.0	|	6081536.0	|	0.0
2014-12-17 03:11:10.583362 	|	 node4 	|	 0.0	|	6124544.0	|	0.0
2014-12-17 03:11:16.607535 	|	 node4 	|	 0.0	|	6081536.0	|	0.0
2014-12-17 03:11:22.628220 	|	 node4 	|	 0.0	|	6082560.0	|	0.0
2014-12-17 03:11:28.651024 	|	 node4 	|	 0.0	|	6081536.0	|	0.0
2014-12-17 03:11:34.678011 	|	 node4 	|	 0.0	|	6082560.0	|	0.0
2014-12-17 03:11:40.700449 	|	 node4 	|	 0.0	|	6083584.0	|	0.0
2014-12-17 03:11:46.727008 	|	 node4 	|	 0.0	|	6083584.0	|	0.0
2014-12-17 03:11:52.750443 	|	 node4 	|	 0.0	|	6084608.0	|	0.0
2014-12-17 03:11:58.766361 	|	 node4 	|	 0.0	|	6085632.0	|	0.0
2014-12-17 03:12:04.797432 	|	 node4 	|	 0.0	|	6088704.0	|	1.0
2014-12-17 03:12:10.836339 	|	 node4 	|	 0.0	|	6132736.0	|	0.0
2014-12-17 03:12:16.862160 	|	 node4 	|	 0.0	|	6086656.0	|	0.0
2014-12-17 03:12:22.887108 	|	 node4 	|	 0.0	|	6087680.0	|	0.0
2014-12-17 03:12:28.909894 	|	 node4 	|	 0.0	|	6087680.0	|	0.0
2014-12-17 03:12:34.936926 	|	 node4 	|	 0.0	|	6088704.0	|	0.0
2014-12-17 03:12:40.959904 	|	 node4 	|	 0.0	|	6088704.0	|	0.0
2014-12-17 03:12:46.983195 	|	 node4 	|	 0.0	|	6089728.0	|	0.0
2014-12-17 03:12:52.999663 	|	 node4 	|	 0.0	|	6089728.0	|	0.0
2014-12-17 03:12:59.020421 	|	 node4 	|	 0.0	|	6091776.0	|	0.0
2014-12-17 03:13:05.049933 	|	 node4 	|	 0.0	|	6092800.0	|	0.0
2014-12-17 03:13:11.088443 	|	 node4 	|	 0.0	|	6137856.0	|	0.0
2014-12-17 03:13:17.113823 	|	 node4 	|	 0.0	|	6093824.0	|	0.0
2014-12-17 03:13:23.134895 	|	 node4 	|	 0.0	|	6093824.0	|	0.0
2014-12-17 03:13:29.158451 	|	 node4 	|	 0.0	|	6093824.0	|	0.0
2014-12-17 03:13:35.183946 	|	 node4 	|	 0.0	|	6094848.0	|	0.0
2014-12-17 03:13:41.206862 	|	 node4 	|	 0.0	|	6095872.0	|	0.0
2014-12-17 03:13:47.229424 	|	 node4 	|	 0.0	|	6095872.0	|	0.0
2014-12-17 03:13:53.251096 	|	 node4 	|	 0.0	|	6096896.0	|	0.0
2014-12-17 03:13:59.270853 	|	 node4 	|	 0.0	|	6098944.0	|	0.0
2014-12-17 03:14:05.306745 	|	 node4 	|	 0.0	|	6099968.0	|	1.0
2014-12-17 03:14:11.343775 	|	 node4 	|	 0.0	|	6154240.0	|	0.0
2014-12-17 03:14:17.364734 	|	 node4 	|	 0.0	|	6111232.0	|	0.0
2014-12-17 03:14:23.385127 	|	 node4 	|	 0.0	|	6112256.0	|	0.0
2014-12-17 03:14:29.406384 	|	 node4 	|	 0.0	|	6112256.0	|	0.0
2014-12-17 03:14:35.431541 	|	 node4 	|	 0.0	|	6113280.0	|	0.1
2014-12-17 03:14:41.456617 	|	 node4 	|	 0.0	|	6113280.0	|	0.0
2014-12-17 03:14:47.483246 	|	 node4 	|	 0.0	|	6114304.0	|	0.0
2014-12-17 03:14:53.503184 	|	 node4 	|	 0.0	|	6115328.0	|	0.0
2014-12-17 03:14:59.523136 	|	 node4 	|	 0.0	|	6116352.0	|	0.0
2014-12-17 03:15:05.551990 	|	 node4 	|	 0.0	|	6121472.0	|	1.0
2014-12-17 03:15:11.589362 	|	 node4 	|	 0.0	|	6164480.0	|	0.0
2014-12-17 03:15:17.612613 	|	 node4 	|	 0.0	|	6121472.0	|	0.0
2014-12-17 03:15:23.632598 	|	 node4 	|	 0.0	|	6121472.0	|	0.0
2014-12-17 03:15:29.656714 	|	 node4 	|	 0.0	|	6123520.0	|	0.0
2014-12-17 03:15:35.677396 	|	 node4 	|	 0.0	|	6123520.0	|	0.0
2014-12-17 03:15:41.698274 	|	 node4 	|	 0.0	|	6124544.0	|	0.0
2014-12-17 03:15:47.717030 	|	 node4 	|	 0.0	|	6123520.0	|	0.0
2014-12-17 03:15:53.737125 	|	 node4 	|	 0.0	|	6106112.0	|	0.0
2014-12-17 03:15:59.757908 	|	 node4 	|	 0.0	|	6081536.0	|	0.0
2014-12-17 03:16:05.790436 	|	 node4 	|	 0.0	|	6084608.0	|	0.0
2014-12-17 03:16:11.829417 	|	 node4 	|	 0.0	|	6128640.0	|	0.0
2014-12-17 03:16:17.851983 	|	 node4 	|	 0.0	|	6083584.0	|	0.0
2014-12-17 03:16:23.875412 	|	 node4 	|	 0.0	|	6083584.0	|	0.0
2014-12-17 03:16:29.902588 	|	 node4 	|	 0.0	|	6085632.0	|	0.0
2014-12-17 03:16:35.922333 	|	 node4 	|	 0.0	|	6085632.0	|	0.0
2014-12-17 03:16:41.945128 	|	 node4 	|	 0.0	|	6085632.0	|	0.0
2014-12-17 03:16:47.963606 	|	 node4 	|	 0.0	|	6085632.0	|	0.0
2014-12-17 03:16:53.985229 	|	 node4 	|	 0.0	|	6085632.0	|	0.0
2014-12-17 03:17:00.004021 	|	 node4 	|	 0.0	|	6085632.0	|	0.0
2014-12-17 03:17:06.048900 	|	 node4 	|	 0.0	|	6133760.0	|	0.0
2014-12-17 03:17:12.081788 	|	 node4 	|	 0.0	|	6133760.0	|	0.0
2014-12-17 03:17:18.108602 	|	 node4 	|	 0.0	|	6088704.0	|	0.0
2014-12-17 03:17:24.131528 	|	 node4 	|	 0.0	|	6089728.0	|	0.0
2014-12-17 03:17:30.151762 	|	 node4 	|	 0.0	|	6090752.0	|	0.0
2014-12-17 03:17:36.175728 	|	 node4 	|	 0.0	|	6091776.0	|	0.0
2014-12-17 03:17:42.195604 	|	 node4 	|	 0.0	|	6091776.0	|	0.0
2014-12-17 03:17:48.217603 	|	 node4 	|	 0.0	|	6091776.0	|	0.0
2014-12-17 03:17:54.238666 	|	 node4 	|	 0.0	|	6091776.0	|	0.0
2014-12-17 03:18:00.260558 	|	 node4 	|	 0.0	|	6094848.0	|	0.0
2014-12-17 03:18:06.317732 	|	 node4 	|	 0.0	|	6141952.0	|	0.0
2014-12-17 03:18:12.352941 	|	 node4 	|	 0.0	|	6140928.0	|	0.0
2014-12-17 03:18:18.375237 	|	 node4 	|	 0.0	|	6096896.0	|	0.0
2014-12-17 03:18:24.397543 	|	 node4 	|	 0.0	|	6096896.0	|	0.0
2014-12-17 03:18:30.421251 	|	 node4 	|	 0.0	|	6098944.0	|	0.0
2014-12-17 03:18:36.444242 	|	 node4 	|	 0.0	|	6098944.0	|	0.0
2014-12-17 03:18:42.466902 	|	 node4 	|	 0.0	|	6097920.0	|	0.0
2014-12-17 03:18:48.487339 	|	 node4 	|	 0.0	|	6096896.0	|	0.0
2014-12-17 03:18:54.507677 	|	 node4 	|	 0.0	|	6096896.0	|	0.0
2014-12-17 03:19:00.528618 	|	 node4 	|	 0.0	|	6097920.0	|	0.0
2014-12-17 03:19:06.562012 	|	 node4 	|	 0.0	|	6147072.0	|	0.0
2014-12-17 03:19:12.587725 	|	 node4 	|	 0.0	|	6146048.0	|	0.0
2014-12-17 03:19:18.617135 	|	 node4 	|	 0.0	|	6100992.0	|	0.0
2014-12-17 03:19:24.638536 	|	 node4 	|	 0.0	|	6103040.0	|	0.0
2014-12-17 03:19:30.671874 	|	 node4 	|	 0.0	|	6103040.0	|	0.0
2014-12-17 03:19:36.689744 	|	 node4 	|	 0.0	|	6103040.0	|	0.0
2014-12-17 03:19:42.708607 	|	 node4 	|	 0.0	|	6104064.0	|	0.0
2014-12-17 03:19:48.732008 	|	 node4 	|	 0.0	|	6106112.0	|	0.0
2014-12-17 03:19:54.752087 	|	 node4 	|	 0.0	|	6107136.0	|	0.0
2014-12-17 03:20:00.780306 	|	 node4 	|	 0.0	|	6107136.0	|	0.0
2014-12-17 03:20:06.816402 	|	 node4 	|	 0.0	|	6156288.0	|	1.0
2014-12-17 03:20:12.841925 	|	 node4 	|	 0.0	|	6156288.0	|	0.0
